2021-04-03 00:59:28,923 - INFO - Writing log to overlap_45/PPMK2_TK/PPMK2_TK.log
2021-04-03 00:59:28,932 - INFO - References:
 - PPMK2_TK
2021-04-03 00:59:28,933 - INFO - Primary reference for coordinate system: PPMK2_TK
2021-04-03 00:59:28,933 - INFO - Considering primers from all references
2021-04-03 00:59:38,430 - INFO - All done! Scheme created with 12 regions, 2 gaps, 84.12% coverage
2021-04-03 00:59:38,430 - INFO - Writing overlap_45/PPMK2_TK/PPMK2_TK.primer.bed
2021-04-03 00:59:38,431 - INFO - Writing overlap_45/PPMK2_TK/PPMK2_TK.insert.bed
2021-04-03 00:59:38,432 - INFO - Writing overlap_45/PPMK2_TK/PPMK2_TK.primer.tsv
2021-04-03 00:59:38,433 - INFO - Writing overlap_45/PPMK2_TK/PPMK2_TK.reference.fasta
2021-04-03 00:59:38,441 - INFO - Writing overlap_45/PPMK2_TK/PPMK2_TK.plot.pdf
2021-04-03 00:59:38,441 - INFO - Writing overlap_45/PPMK2_TK/PPMK2_TK.plot.svg
2021-04-03 00:59:38,475 - INFO - Writing overlap_45/PPMK2_TK/PPMK2_TK.report.json
2021-04-04 17:39:10,220 - INFO - Writing log to overlap_45/PPMK2_TK/PPMK2_TK.log
2021-04-04 17:39:10,241 - INFO - References:
 - PPMK2_TK
2021-04-04 17:39:10,241 - INFO - Primary reference for coordinate system: PPMK2_TK
2021-04-04 17:39:10,241 - INFO - Considering primers from all references
2021-04-04 17:39:18,773 - INFO - All done! Scheme created with 12 regions, 2 gaps, 84.12% coverage
2021-04-04 17:39:18,773 - INFO - Writing overlap_45/PPMK2_TK/PPMK2_TK.primer.bed
2021-04-04 17:39:18,778 - INFO - Writing overlap_45/PPMK2_TK/PPMK2_TK.insert.bed
2021-04-04 17:39:18,782 - INFO - Writing overlap_45/PPMK2_TK/PPMK2_TK.primer.tsv
2021-04-04 17:39:18,786 - INFO - Writing overlap_45/PPMK2_TK/PPMK2_TK.reference.fasta
2021-04-04 17:39:18,796 - INFO - Writing overlap_45/PPMK2_TK/PPMK2_TK.plot.pdf
2021-04-04 17:39:18,796 - INFO - Writing overlap_45/PPMK2_TK/PPMK2_TK.plot.svg
2021-04-04 17:39:18,831 - INFO - Writing overlap_45/PPMK2_TK/PPMK2_TK.report.json
