2021-04-03 00:48:50,746 - INFO - Writing log to overlap_45/3H3MCR4_TK/3H3MCR4_TK.log
2021-04-03 00:48:50,772 - INFO - References:
 - 3H3MCR4_TK
2021-04-03 00:48:50,773 - INFO - Primary reference for coordinate system: 3H3MCR4_TK
2021-04-03 00:48:50,773 - INFO - Considering primers from all references
2021-04-03 00:48:55,054 - INFO - All done! Scheme created with 6 regions, 2 gaps, 62.05% coverage
2021-04-03 00:48:55,054 - INFO - Writing overlap_45/3H3MCR4_TK/3H3MCR4_TK.primer.bed
2021-04-03 00:48:55,055 - INFO - Writing overlap_45/3H3MCR4_TK/3H3MCR4_TK.insert.bed
2021-04-03 00:48:55,056 - INFO - Writing overlap_45/3H3MCR4_TK/3H3MCR4_TK.primer.tsv
2021-04-03 00:48:55,058 - INFO - Writing overlap_45/3H3MCR4_TK/3H3MCR4_TK.reference.fasta
2021-04-03 00:48:55,063 - INFO - Writing overlap_45/3H3MCR4_TK/3H3MCR4_TK.plot.pdf
2021-04-03 00:48:55,063 - INFO - Writing overlap_45/3H3MCR4_TK/3H3MCR4_TK.plot.svg
2021-04-03 00:48:55,088 - INFO - Writing overlap_45/3H3MCR4_TK/3H3MCR4_TK.report.json
2021-04-04 17:29:34,331 - INFO - Writing log to overlap_45/3H3MCR4_TK/3H3MCR4_TK.log
2021-04-04 17:29:34,350 - INFO - References:
 - 3H3MCR4_TK
2021-04-04 17:29:34,350 - INFO - Primary reference for coordinate system: 3H3MCR4_TK
2021-04-04 17:29:34,350 - INFO - Considering primers from all references
2021-04-04 17:29:38,262 - INFO - All done! Scheme created with 6 regions, 2 gaps, 62.05% coverage
2021-04-04 17:29:38,262 - INFO - Writing overlap_45/3H3MCR4_TK/3H3MCR4_TK.primer.bed
2021-04-04 17:29:38,268 - INFO - Writing overlap_45/3H3MCR4_TK/3H3MCR4_TK.insert.bed
2021-04-04 17:29:38,273 - INFO - Writing overlap_45/3H3MCR4_TK/3H3MCR4_TK.primer.tsv
2021-04-04 17:29:38,278 - INFO - Writing overlap_45/3H3MCR4_TK/3H3MCR4_TK.reference.fasta
2021-04-04 17:29:38,287 - INFO - Writing overlap_45/3H3MCR4_TK/3H3MCR4_TK.plot.pdf
2021-04-04 17:29:38,287 - INFO - Writing overlap_45/3H3MCR4_TK/3H3MCR4_TK.plot.svg
2021-04-04 17:29:38,317 - INFO - Writing overlap_45/3H3MCR4_TK/3H3MCR4_TK.report.json
