2021-04-03 01:46:07,919 - INFO - Writing log to overlap_60/MLP28_TK/MLP28_TK.log
2021-04-03 01:46:07,927 - INFO - References:
 - MLP28_TK
2021-04-03 01:46:07,927 - INFO - Primary reference for coordinate system: MLP28_TK
2021-04-03 01:46:07,927 - INFO - Considering primers from all references
2021-04-03 01:46:10,269 - INFO - All done! Scheme created with 3 regions, 0 gaps, 73.47% coverage
2021-04-03 01:46:10,269 - INFO - Writing overlap_60/MLP28_TK/MLP28_TK.primer.bed
2021-04-03 01:46:10,270 - INFO - Writing overlap_60/MLP28_TK/MLP28_TK.insert.bed
2021-04-03 01:46:10,270 - INFO - Writing overlap_60/MLP28_TK/MLP28_TK.primer.tsv
2021-04-03 01:46:10,271 - INFO - Writing overlap_60/MLP28_TK/MLP28_TK.reference.fasta
2021-04-03 01:46:10,275 - INFO - Writing overlap_60/MLP28_TK/MLP28_TK.plot.pdf
2021-04-03 01:46:10,275 - INFO - Writing overlap_60/MLP28_TK/MLP28_TK.plot.svg
2021-04-03 01:46:10,292 - INFO - Writing overlap_60/MLP28_TK/MLP28_TK.report.json
2021-04-04 18:21:12,520 - INFO - Writing log to overlap_60/MLP28_TK/MLP28_TK.log
2021-04-04 18:21:12,545 - INFO - References:
 - MLP28_TK
2021-04-04 18:21:12,545 - INFO - Primary reference for coordinate system: MLP28_TK
2021-04-04 18:21:12,545 - INFO - Considering primers from all references
2021-04-04 18:21:14,612 - INFO - All done! Scheme created with 3 regions, 0 gaps, 73.47% coverage
2021-04-04 18:21:14,612 - INFO - Writing overlap_60/MLP28_TK/MLP28_TK.primer.bed
2021-04-04 18:21:14,615 - INFO - Writing overlap_60/MLP28_TK/MLP28_TK.insert.bed
2021-04-04 18:21:14,618 - INFO - Writing overlap_60/MLP28_TK/MLP28_TK.primer.tsv
2021-04-04 18:21:14,620 - INFO - Writing overlap_60/MLP28_TK/MLP28_TK.reference.fasta
2021-04-04 18:21:14,626 - INFO - Writing overlap_60/MLP28_TK/MLP28_TK.plot.pdf
2021-04-04 18:21:14,626 - INFO - Writing overlap_60/MLP28_TK/MLP28_TK.plot.svg
2021-04-04 18:21:14,644 - INFO - Writing overlap_60/MLP28_TK/MLP28_TK.report.json
