2021-04-03 01:41:21,541 - INFO - Writing log to overlap_60/ARFA1F2_TK/ARFA1F2_TK.log
2021-04-03 01:41:21,565 - INFO - References:
 - ARFA1F2_TK
2021-04-03 01:41:21,565 - INFO - Primary reference for coordinate system: ARFA1F2_TK
2021-04-03 01:41:21,565 - INFO - Considering primers from all references
2021-04-03 01:41:25,491 - INFO - All done! Scheme created with 5 regions, 2 gaps, 71.01% coverage
2021-04-03 01:41:25,492 - INFO - Writing overlap_60/ARFA1F2_TK/ARFA1F2_TK.primer.bed
2021-04-03 01:41:25,492 - INFO - Writing overlap_60/ARFA1F2_TK/ARFA1F2_TK.insert.bed
2021-04-03 01:41:25,493 - INFO - Writing overlap_60/ARFA1F2_TK/ARFA1F2_TK.primer.tsv
2021-04-03 01:41:25,494 - INFO - Writing overlap_60/ARFA1F2_TK/ARFA1F2_TK.reference.fasta
2021-04-03 01:41:25,499 - INFO - Writing overlap_60/ARFA1F2_TK/ARFA1F2_TK.plot.pdf
2021-04-03 01:41:25,500 - INFO - Writing overlap_60/ARFA1F2_TK/ARFA1F2_TK.plot.svg
2021-04-03 01:41:25,522 - INFO - Writing overlap_60/ARFA1F2_TK/ARFA1F2_TK.report.json
2021-04-04 18:16:54,491 - INFO - Writing log to overlap_60/ARFA1F2_TK/ARFA1F2_TK.log
2021-04-04 18:16:54,513 - INFO - References:
 - ARFA1F2_TK
2021-04-04 18:16:54,513 - INFO - Primary reference for coordinate system: ARFA1F2_TK
2021-04-04 18:16:54,513 - INFO - Considering primers from all references
2021-04-04 18:16:58,037 - INFO - All done! Scheme created with 5 regions, 2 gaps, 71.01% coverage
2021-04-04 18:16:58,037 - INFO - Writing overlap_60/ARFA1F2_TK/ARFA1F2_TK.primer.bed
2021-04-04 18:16:58,040 - INFO - Writing overlap_60/ARFA1F2_TK/ARFA1F2_TK.insert.bed
2021-04-04 18:16:58,043 - INFO - Writing overlap_60/ARFA1F2_TK/ARFA1F2_TK.primer.tsv
2021-04-04 18:16:58,045 - INFO - Writing overlap_60/ARFA1F2_TK/ARFA1F2_TK.reference.fasta
2021-04-04 18:16:58,052 - INFO - Writing overlap_60/ARFA1F2_TK/ARFA1F2_TK.plot.pdf
2021-04-04 18:16:58,052 - INFO - Writing overlap_60/ARFA1F2_TK/ARFA1F2_TK.plot.svg
2021-04-04 18:16:58,074 - INFO - Writing overlap_60/ARFA1F2_TK/ARFA1F2_TK.report.json
