2021-04-03 01:36:02,836 - INFO - Writing log to overlap_55/VPE_TK/VPE_TK.log
2021-04-03 01:36:02,845 - INFO - References:
 - VPE_TK
2021-04-03 01:36:02,845 - INFO - Primary reference for coordinate system: VPE_TK
2021-04-03 01:36:02,845 - INFO - Considering primers from all references
2021-04-03 01:36:24,534 - INFO - All done! Scheme created with 19 regions, 7 gaps, 82.77% coverage
2021-04-03 01:36:24,534 - INFO - Writing overlap_55/VPE_TK/VPE_TK.primer.bed
2021-04-03 01:36:24,535 - INFO - Writing overlap_55/VPE_TK/VPE_TK.insert.bed
2021-04-03 01:36:24,536 - INFO - Writing overlap_55/VPE_TK/VPE_TK.primer.tsv
2021-04-03 01:36:24,537 - INFO - Writing overlap_55/VPE_TK/VPE_TK.reference.fasta
2021-04-03 01:36:24,549 - INFO - Writing overlap_55/VPE_TK/VPE_TK.plot.pdf
2021-04-03 01:36:24,549 - INFO - Writing overlap_55/VPE_TK/VPE_TK.plot.svg
2021-04-03 01:36:24,597 - INFO - Writing overlap_55/VPE_TK/VPE_TK.report.json
2021-04-04 18:12:09,940 - INFO - Writing log to overlap_55/VPE_TK/VPE_TK.log
2021-04-04 18:12:09,954 - INFO - References:
 - VPE_TK
2021-04-04 18:12:09,954 - INFO - Primary reference for coordinate system: VPE_TK
2021-04-04 18:12:09,954 - INFO - Considering primers from all references
2021-04-04 18:12:29,736 - INFO - All done! Scheme created with 19 regions, 7 gaps, 82.77% coverage
2021-04-04 18:12:29,736 - INFO - Writing overlap_55/VPE_TK/VPE_TK.primer.bed
2021-04-04 18:12:29,739 - INFO - Writing overlap_55/VPE_TK/VPE_TK.insert.bed
2021-04-04 18:12:29,742 - INFO - Writing overlap_55/VPE_TK/VPE_TK.primer.tsv
2021-04-04 18:12:29,745 - INFO - Writing overlap_55/VPE_TK/VPE_TK.reference.fasta
2021-04-04 18:12:29,757 - INFO - Writing overlap_55/VPE_TK/VPE_TK.plot.pdf
2021-04-04 18:12:29,757 - INFO - Writing overlap_55/VPE_TK/VPE_TK.plot.svg
2021-04-04 18:12:29,801 - INFO - Writing overlap_55/VPE_TK/VPE_TK.report.json
