2021-04-03 11:33:04,881 - INFO - Writing log to overlap_80/SOC1_TK/SOC1_TK.log
2021-04-03 11:33:04,887 - INFO - References:
 - SOC1_TK
2021-04-03 11:33:04,887 - INFO - Primary reference for coordinate system: SOC1_TK
2021-04-03 11:33:04,887 - INFO - Considering primers from all references
2021-04-03 11:33:18,718 - INFO - All done! Scheme created with 17 regions, 7 gaps, 87.96% coverage
2021-04-03 11:33:18,718 - INFO - Writing overlap_80/SOC1_TK/SOC1_TK.primer.bed
2021-04-03 11:33:18,719 - INFO - Writing overlap_80/SOC1_TK/SOC1_TK.insert.bed
2021-04-03 11:33:18,720 - INFO - Writing overlap_80/SOC1_TK/SOC1_TK.primer.tsv
2021-04-03 11:33:18,721 - INFO - Writing overlap_80/SOC1_TK/SOC1_TK.reference.fasta
2021-04-03 11:33:18,730 - INFO - Writing overlap_80/SOC1_TK/SOC1_TK.plot.pdf
2021-04-03 11:33:18,730 - INFO - Writing overlap_80/SOC1_TK/SOC1_TK.plot.svg
2021-04-03 11:33:18,762 - INFO - Writing overlap_80/SOC1_TK/SOC1_TK.report.json
2021-04-04 19:25:01,141 - INFO - Writing log to overlap_80/SOC1_TK/SOC1_TK.log
2021-04-04 19:25:01,157 - INFO - References:
 - SOC1_TK
2021-04-04 19:25:01,157 - INFO - Primary reference for coordinate system: SOC1_TK
2021-04-04 19:25:01,157 - INFO - Considering primers from all references
2021-04-04 19:25:16,504 - INFO - All done! Scheme created with 17 regions, 7 gaps, 87.96% coverage
2021-04-04 19:25:16,504 - INFO - Writing overlap_80/SOC1_TK/SOC1_TK.primer.bed
2021-04-04 19:25:16,507 - INFO - Writing overlap_80/SOC1_TK/SOC1_TK.insert.bed
2021-04-04 19:25:16,510 - INFO - Writing overlap_80/SOC1_TK/SOC1_TK.primer.tsv
2021-04-04 19:25:16,512 - INFO - Writing overlap_80/SOC1_TK/SOC1_TK.reference.fasta
2021-04-04 19:25:16,524 - INFO - Writing overlap_80/SOC1_TK/SOC1_TK.plot.pdf
2021-04-04 19:25:16,524 - INFO - Writing overlap_80/SOC1_TK/SOC1_TK.plot.svg
2021-04-04 19:25:16,564 - INFO - Writing overlap_80/SOC1_TK/SOC1_TK.report.json
