2021-04-03 11:27:05,870 - INFO - Writing log to overlap_80/DREB_TK/DREB_TK.log
2021-04-03 11:27:05,876 - INFO - References:
 - DREB_TK
2021-04-03 11:27:05,876 - INFO - Primary reference for coordinate system: DREB_TK
2021-04-03 11:27:05,876 - INFO - Considering primers from all references
2021-04-03 11:27:08,835 - INFO - All done! Scheme created with 5 regions, 2 gaps, 76.74% coverage
2021-04-03 11:27:08,835 - INFO - Writing overlap_80/DREB_TK/DREB_TK.primer.bed
2021-04-03 11:27:08,836 - INFO - Writing overlap_80/DREB_TK/DREB_TK.insert.bed
2021-04-03 11:27:08,837 - INFO - Writing overlap_80/DREB_TK/DREB_TK.primer.tsv
2021-04-03 11:27:08,838 - INFO - Writing overlap_80/DREB_TK/DREB_TK.reference.fasta
2021-04-03 11:27:08,842 - INFO - Writing overlap_80/DREB_TK/DREB_TK.plot.pdf
2021-04-03 11:27:08,842 - INFO - Writing overlap_80/DREB_TK/DREB_TK.plot.svg
2021-04-03 11:27:08,859 - INFO - Writing overlap_80/DREB_TK/DREB_TK.report.json
2021-04-04 19:18:23,384 - INFO - Writing log to overlap_80/DREB_TK/DREB_TK.log
2021-04-04 19:18:23,400 - INFO - References:
 - DREB_TK
2021-04-04 19:18:23,400 - INFO - Primary reference for coordinate system: DREB_TK
2021-04-04 19:18:23,400 - INFO - Considering primers from all references
2021-04-04 19:18:26,679 - INFO - All done! Scheme created with 5 regions, 2 gaps, 76.74% coverage
2021-04-04 19:18:26,679 - INFO - Writing overlap_80/DREB_TK/DREB_TK.primer.bed
2021-04-04 19:18:26,682 - INFO - Writing overlap_80/DREB_TK/DREB_TK.insert.bed
2021-04-04 19:18:26,685 - INFO - Writing overlap_80/DREB_TK/DREB_TK.primer.tsv
2021-04-04 19:18:26,688 - INFO - Writing overlap_80/DREB_TK/DREB_TK.reference.fasta
2021-04-04 19:18:26,694 - INFO - Writing overlap_80/DREB_TK/DREB_TK.plot.pdf
2021-04-04 19:18:26,694 - INFO - Writing overlap_80/DREB_TK/DREB_TK.plot.svg
2021-04-04 19:18:26,716 - INFO - Writing overlap_80/DREB_TK/DREB_TK.report.json
