2020-12-01 05:22:17,514 - INFO - Writing log to overlap_60/PPO_TK/PPO_TK.log
2020-12-01 05:22:17,520 - INFO - References:
 - PPO_TK
2020-12-01 05:22:17,520 - INFO - Primary reference for coordinate system: PPO_TK
2020-12-01 05:22:17,520 - INFO - Considering primers from all references
2020-12-01 05:22:18,715 - INFO - All done! Scheme created with 16 regions, 5 gaps, 83.99% coverage
2020-12-01 05:22:18,715 - INFO - Writing overlap_60/PPO_TK/PPO_TK.primer.bed
2020-12-01 05:22:18,716 - INFO - Writing overlap_60/PPO_TK/PPO_TK.insert.bed
2020-12-01 05:22:18,717 - INFO - Writing overlap_60/PPO_TK/PPO_TK.primer.tsv
2020-12-01 05:22:18,717 - INFO - Writing overlap_60/PPO_TK/PPO_TK.reference.fasta
2020-12-01 05:22:18,724 - INFO - Writing overlap_60/PPO_TK/PPO_TK.plot.pdf
2020-12-01 05:22:18,724 - INFO - Writing overlap_60/PPO_TK/PPO_TK.plot.svg
2020-12-01 05:22:18,753 - INFO - Writing overlap_60/PPO_TK/PPO_TK.report.json
2021-04-03 01:49:52,145 - INFO - Writing log to overlap_60/PPO_TK/PPO_TK.log
2021-04-03 01:49:52,190 - INFO - References:
 - PPO_TK
2021-04-03 01:49:52,190 - INFO - Primary reference for coordinate system: PPO_TK
2021-04-03 01:49:52,190 - INFO - Considering primers from all references
2021-04-03 01:49:58,283 - INFO - All done! Scheme created with 8 regions, 2 gaps, 75.5% coverage
2021-04-03 01:49:58,283 - INFO - Writing overlap_60/PPO_TK/PPO_TK.primer.bed
2021-04-03 01:49:58,288 - INFO - Writing overlap_60/PPO_TK/PPO_TK.insert.bed
2021-04-03 01:49:58,291 - INFO - Writing overlap_60/PPO_TK/PPO_TK.primer.tsv
2021-04-03 01:49:58,296 - INFO - Writing overlap_60/PPO_TK/PPO_TK.reference.fasta
2021-04-03 01:49:58,305 - INFO - Writing overlap_60/PPO_TK/PPO_TK.plot.pdf
2021-04-03 01:49:58,305 - INFO - Writing overlap_60/PPO_TK/PPO_TK.plot.svg
2021-04-03 01:49:58,339 - INFO - Writing overlap_60/PPO_TK/PPO_TK.report.json
