2021-04-03 01:29:04,502 - INFO - Writing log to overlap_55/MDPD_TK/MDPD_TK.log
2021-04-03 01:29:04,510 - INFO - References:
 - MDPD_TK
2021-04-03 01:29:04,510 - INFO - Primary reference for coordinate system: MDPD_TK
2021-04-03 01:29:04,511 - INFO - Considering primers from all references
2021-04-03 01:29:11,421 - INFO - All done! Scheme created with 9 regions, 2 gaps, 78.77% coverage
2021-04-03 01:29:11,422 - INFO - Writing overlap_55/MDPD_TK/MDPD_TK.primer.bed
2021-04-03 01:29:11,423 - INFO - Writing overlap_55/MDPD_TK/MDPD_TK.insert.bed
2021-04-03 01:29:11,424 - INFO - Writing overlap_55/MDPD_TK/MDPD_TK.primer.tsv
2021-04-03 01:29:11,424 - INFO - Writing overlap_55/MDPD_TK/MDPD_TK.reference.fasta
2021-04-03 01:29:11,431 - INFO - Writing overlap_55/MDPD_TK/MDPD_TK.plot.pdf
2021-04-03 01:29:11,431 - INFO - Writing overlap_55/MDPD_TK/MDPD_TK.plot.svg
2021-04-03 01:29:11,461 - INFO - Writing overlap_55/MDPD_TK/MDPD_TK.report.json
2021-04-04 18:05:53,259 - INFO - Writing log to overlap_55/MDPD_TK/MDPD_TK.log
2021-04-04 18:05:53,290 - INFO - References:
 - MDPD_TK
2021-04-04 18:05:53,291 - INFO - Primary reference for coordinate system: MDPD_TK
2021-04-04 18:05:53,291 - INFO - Considering primers from all references
2021-04-04 18:05:59,554 - INFO - All done! Scheme created with 9 regions, 2 gaps, 78.77% coverage
2021-04-04 18:05:59,554 - INFO - Writing overlap_55/MDPD_TK/MDPD_TK.primer.bed
2021-04-04 18:05:59,557 - INFO - Writing overlap_55/MDPD_TK/MDPD_TK.insert.bed
2021-04-04 18:05:59,560 - INFO - Writing overlap_55/MDPD_TK/MDPD_TK.primer.tsv
2021-04-04 18:05:59,562 - INFO - Writing overlap_55/MDPD_TK/MDPD_TK.reference.fasta
2021-04-04 18:05:59,570 - INFO - Writing overlap_55/MDPD_TK/MDPD_TK.plot.pdf
2021-04-04 18:05:59,570 - INFO - Writing overlap_55/MDPD_TK/MDPD_TK.plot.svg
2021-04-04 18:05:59,599 - INFO - Writing overlap_55/MDPD_TK/MDPD_TK.report.json
