2021-04-02 20:47:00,178 - INFO - Writing log to overlap_70/PEC2_TK/PEC2_TK.log
2021-04-02 20:47:00,196 - INFO - References:
 - PEC2_TK
2021-04-02 20:47:00,196 - INFO - Primary reference for coordinate system: PEC2_TK
2021-04-02 20:47:00,196 - INFO - Considering primers from all references
2021-04-02 20:47:05,475 - INFO - All done! Scheme created with 8 regions, 3 gaps, 77.19% coverage
2021-04-02 20:47:05,475 - INFO - Writing overlap_70/PEC2_TK/PEC2_TK.primer.bed
2021-04-02 20:47:05,476 - INFO - Writing overlap_70/PEC2_TK/PEC2_TK.insert.bed
2021-04-02 20:47:05,477 - INFO - Writing overlap_70/PEC2_TK/PEC2_TK.primer.tsv
2021-04-02 20:47:05,478 - INFO - Writing overlap_70/PEC2_TK/PEC2_TK.reference.fasta
2021-04-02 20:47:05,483 - INFO - Writing overlap_70/PEC2_TK/PEC2_TK.plot.pdf
2021-04-02 20:47:05,484 - INFO - Writing overlap_70/PEC2_TK/PEC2_TK.plot.svg
2021-04-02 20:47:05,506 - INFO - Writing overlap_70/PEC2_TK/PEC2_TK.report.json
2021-04-03 02:21:42,605 - INFO - Writing log to overlap_70/PEC2_TK/PEC2_TK.log
2021-04-03 02:21:42,633 - INFO - References:
 - PEC2_TK
2021-04-03 02:21:42,633 - INFO - Primary reference for coordinate system: PEC2_TK
2021-04-03 02:21:42,633 - INFO - Considering primers from all references
2021-04-03 02:21:48,630 - INFO - All done! Scheme created with 8 regions, 3 gaps, 77.19% coverage
2021-04-03 02:21:48,630 - INFO - Writing overlap_70/PEC2_TK/PEC2_TK.primer.bed
2021-04-03 02:21:48,636 - INFO - Writing overlap_70/PEC2_TK/PEC2_TK.insert.bed
2021-04-03 02:21:48,640 - INFO - Writing overlap_70/PEC2_TK/PEC2_TK.primer.tsv
2021-04-03 02:21:48,645 - INFO - Writing overlap_70/PEC2_TK/PEC2_TK.reference.fasta
2021-04-03 02:21:48,654 - INFO - Writing overlap_70/PEC2_TK/PEC2_TK.plot.pdf
2021-04-03 02:21:48,655 - INFO - Writing overlap_70/PEC2_TK/PEC2_TK.plot.svg
2021-04-03 02:21:48,689 - INFO - Writing overlap_70/PEC2_TK/PEC2_TK.report.json
2021-04-04 18:53:34,642 - INFO - Writing log to overlap_70/PEC2_TK/PEC2_TK.log
2021-04-04 18:53:34,663 - INFO - References:
 - PEC2_TK
2021-04-04 18:53:34,663 - INFO - Primary reference for coordinate system: PEC2_TK
2021-04-04 18:53:34,663 - INFO - Considering primers from all references
2021-04-04 18:53:40,213 - INFO - All done! Scheme created with 8 regions, 3 gaps, 77.19% coverage
2021-04-04 18:53:40,213 - INFO - Writing overlap_70/PEC2_TK/PEC2_TK.primer.bed
2021-04-04 18:53:40,216 - INFO - Writing overlap_70/PEC2_TK/PEC2_TK.insert.bed
2021-04-04 18:53:40,218 - INFO - Writing overlap_70/PEC2_TK/PEC2_TK.primer.tsv
2021-04-04 18:53:40,220 - INFO - Writing overlap_70/PEC2_TK/PEC2_TK.reference.fasta
2021-04-04 18:53:40,227 - INFO - Writing overlap_70/PEC2_TK/PEC2_TK.plot.pdf
2021-04-04 18:53:40,227 - INFO - Writing overlap_70/PEC2_TK/PEC2_TK.plot.svg
2021-04-04 18:53:40,254 - INFO - Writing overlap_70/PEC2_TK/PEC2_TK.report.json
