2021-04-03 11:25:49,956 - INFO - Writing log to overlap_80/CCT1_TK/CCT1_TK.log
2021-04-03 11:25:49,961 - INFO - References:
 - CCT1_TK
2021-04-03 11:25:49,961 - INFO - Primary reference for coordinate system: CCT1_TK
2021-04-03 11:25:49,961 - INFO - Considering primers from all references
2021-04-03 11:25:52,443 - INFO - All done! Scheme created with 4 regions, 1 gap, 68.13% coverage
2021-04-03 11:25:52,443 - INFO - Writing overlap_80/CCT1_TK/CCT1_TK.primer.bed
2021-04-03 11:25:52,444 - INFO - Writing overlap_80/CCT1_TK/CCT1_TK.insert.bed
2021-04-03 11:25:52,445 - INFO - Writing overlap_80/CCT1_TK/CCT1_TK.primer.tsv
2021-04-03 11:25:52,445 - INFO - Writing overlap_80/CCT1_TK/CCT1_TK.reference.fasta
2021-04-03 11:25:52,449 - INFO - Writing overlap_80/CCT1_TK/CCT1_TK.plot.pdf
2021-04-03 11:25:52,449 - INFO - Writing overlap_80/CCT1_TK/CCT1_TK.plot.svg
2021-04-03 11:25:52,483 - INFO - Writing overlap_80/CCT1_TK/CCT1_TK.report.json
2021-04-04 19:16:59,159 - INFO - Writing log to overlap_80/CCT1_TK/CCT1_TK.log
2021-04-04 19:16:59,173 - INFO - References:
 - CCT1_TK
2021-04-04 19:16:59,173 - INFO - Primary reference for coordinate system: CCT1_TK
2021-04-04 19:16:59,173 - INFO - Considering primers from all references
2021-04-04 19:17:01,920 - INFO - All done! Scheme created with 4 regions, 1 gap, 68.13% coverage
2021-04-04 19:17:01,920 - INFO - Writing overlap_80/CCT1_TK/CCT1_TK.primer.bed
2021-04-04 19:17:01,923 - INFO - Writing overlap_80/CCT1_TK/CCT1_TK.insert.bed
2021-04-04 19:17:01,926 - INFO - Writing overlap_80/CCT1_TK/CCT1_TK.primer.tsv
2021-04-04 19:17:01,928 - INFO - Writing overlap_80/CCT1_TK/CCT1_TK.reference.fasta
2021-04-04 19:17:01,934 - INFO - Writing overlap_80/CCT1_TK/CCT1_TK.plot.pdf
2021-04-04 19:17:01,934 - INFO - Writing overlap_80/CCT1_TK/CCT1_TK.plot.svg
2021-04-04 19:17:01,974 - INFO - Writing overlap_80/CCT1_TK/CCT1_TK.report.json
