2021-04-03 00:31:55,633 - INFO - Writing log to overlap_40/3H3MC1_TK/3H3MC1_TK.log
2021-04-03 00:31:55,661 - INFO - References:
 - 3H3MC1_TK
2021-04-03 00:31:55,661 - INFO - Primary reference for coordinate system: 3H3MC1_TK
2021-04-03 00:31:55,662 - INFO - Considering primers from all references
2021-04-03 00:32:01,711 - INFO - All done! Scheme created with 8 regions, 3 gaps, 78.69% coverage
2021-04-03 00:32:01,711 - INFO - Writing overlap_40/3H3MC1_TK/3H3MC1_TK.primer.bed
2021-04-03 00:32:01,713 - INFO - Writing overlap_40/3H3MC1_TK/3H3MC1_TK.insert.bed
2021-04-03 00:32:01,714 - INFO - Writing overlap_40/3H3MC1_TK/3H3MC1_TK.primer.tsv
2021-04-03 00:32:01,715 - INFO - Writing overlap_40/3H3MC1_TK/3H3MC1_TK.reference.fasta
2021-04-03 00:32:01,721 - INFO - Writing overlap_40/3H3MC1_TK/3H3MC1_TK.plot.pdf
2021-04-03 00:32:01,721 - INFO - Writing overlap_40/3H3MC1_TK/3H3MC1_TK.plot.svg
2021-04-03 00:32:01,764 - INFO - Writing overlap_40/3H3MC1_TK/3H3MC1_TK.report.json
2021-04-04 17:14:16,141 - INFO - Writing log to overlap_40/3H3MC1_TK/3H3MC1_TK.log
2021-04-04 17:14:16,174 - INFO - References:
 - 3H3MC1_TK
2021-04-04 17:14:16,175 - INFO - Primary reference for coordinate system: 3H3MC1_TK
2021-04-04 17:14:16,175 - INFO - Considering primers from all references
2021-04-04 17:14:21,648 - INFO - All done! Scheme created with 8 regions, 3 gaps, 78.69% coverage
2021-04-04 17:14:21,648 - INFO - Writing overlap_40/3H3MC1_TK/3H3MC1_TK.primer.bed
2021-04-04 17:14:21,653 - INFO - Writing overlap_40/3H3MC1_TK/3H3MC1_TK.insert.bed
2021-04-04 17:14:21,657 - INFO - Writing overlap_40/3H3MC1_TK/3H3MC1_TK.primer.tsv
2021-04-04 17:14:21,661 - INFO - Writing overlap_40/3H3MC1_TK/3H3MC1_TK.reference.fasta
2021-04-04 17:14:21,671 - INFO - Writing overlap_40/3H3MC1_TK/3H3MC1_TK.plot.pdf
2021-04-04 17:14:21,671 - INFO - Writing overlap_40/3H3MC1_TK/3H3MC1_TK.plot.svg
2021-04-04 17:14:21,700 - INFO - Writing overlap_40/3H3MC1_TK/3H3MC1_TK.report.json
