2021-04-03 11:09:03,614 - INFO - Writing log to overlap_75/1_FEH_TK/1_FEH_TK.log
2021-04-03 11:09:03,636 - INFO - References:
 - 1_FEH_TK
2021-04-03 11:09:03,636 - INFO - Primary reference for coordinate system: 1_FEH_TK
2021-04-03 11:09:03,636 - INFO - Considering primers from all references
2021-04-03 11:09:12,849 - INFO - All done! Scheme created with 14 regions, 6 gaps, 78.17% coverage
2021-04-03 11:09:12,849 - INFO - Writing overlap_75/1_FEH_TK/1_FEH_TK.primer.bed
2021-04-03 11:09:12,850 - INFO - Writing overlap_75/1_FEH_TK/1_FEH_TK.insert.bed
2021-04-03 11:09:12,851 - INFO - Writing overlap_75/1_FEH_TK/1_FEH_TK.primer.tsv
2021-04-03 11:09:12,851 - INFO - Writing overlap_75/1_FEH_TK/1_FEH_TK.reference.fasta
2021-04-03 11:09:12,859 - INFO - Writing overlap_75/1_FEH_TK/1_FEH_TK.plot.pdf
2021-04-03 11:09:12,859 - INFO - Writing overlap_75/1_FEH_TK/1_FEH_TK.plot.svg
2021-04-03 11:09:12,888 - INFO - Writing overlap_75/1_FEH_TK/1_FEH_TK.report.json
2021-04-04 18:58:15,304 - INFO - Writing log to overlap_75/1_FEH_TK/1_FEH_TK.log
2021-04-04 18:58:15,341 - INFO - References:
 - 1_FEH_TK
2021-04-04 18:58:15,341 - INFO - Primary reference for coordinate system: 1_FEH_TK
2021-04-04 18:58:15,342 - INFO - Considering primers from all references
2021-04-04 18:58:25,660 - INFO - All done! Scheme created with 14 regions, 6 gaps, 78.17% coverage
2021-04-04 18:58:25,660 - INFO - Writing overlap_75/1_FEH_TK/1_FEH_TK.primer.bed
2021-04-04 18:58:25,663 - INFO - Writing overlap_75/1_FEH_TK/1_FEH_TK.insert.bed
2021-04-04 18:58:25,666 - INFO - Writing overlap_75/1_FEH_TK/1_FEH_TK.primer.tsv
2021-04-04 18:58:25,669 - INFO - Writing overlap_75/1_FEH_TK/1_FEH_TK.reference.fasta
2021-04-04 18:58:25,679 - INFO - Writing overlap_75/1_FEH_TK/1_FEH_TK.plot.pdf
2021-04-04 18:58:25,679 - INFO - Writing overlap_75/1_FEH_TK/1_FEH_TK.plot.svg
2021-04-04 18:58:25,716 - INFO - Writing overlap_75/1_FEH_TK/1_FEH_TK.report.json
