2020-12-01 05:23:07,758 - INFO - Writing log to overlap_65/PMEI_TK/PMEI_TK.log
2020-12-01 05:23:07,764 - INFO - References:
 - PMEI_TK
2020-12-01 05:23:07,764 - INFO - Primary reference for coordinate system: PMEI_TK
2020-12-01 05:23:07,764 - INFO - Considering primers from all references
2020-12-01 05:23:09,022 - INFO - All done! Scheme created with 20 regions, 7 gaps, 80.39% coverage
2020-12-01 05:23:09,023 - INFO - Writing overlap_65/PMEI_TK/PMEI_TK.primer.bed
2020-12-01 05:23:09,023 - INFO - Writing overlap_65/PMEI_TK/PMEI_TK.insert.bed
2020-12-01 05:23:09,024 - INFO - Writing overlap_65/PMEI_TK/PMEI_TK.primer.tsv
2020-12-01 05:23:09,025 - INFO - Writing overlap_65/PMEI_TK/PMEI_TK.reference.fasta
2020-12-01 05:23:09,034 - INFO - Writing overlap_65/PMEI_TK/PMEI_TK.plot.pdf
2020-12-01 05:23:09,034 - INFO - Writing overlap_65/PMEI_TK/PMEI_TK.plot.svg
2020-12-01 05:23:09,070 - INFO - Writing overlap_65/PMEI_TK/PMEI_TK.report.json
2021-04-03 02:05:35,213 - INFO - Writing log to overlap_65/PMEI_TK/PMEI_TK.log
2021-04-03 02:05:35,239 - INFO - References:
 - PMEI_TK
2021-04-03 02:05:35,239 - INFO - Primary reference for coordinate system: PMEI_TK
2021-04-03 02:05:35,239 - INFO - Considering primers from all references
2021-04-03 02:05:42,646 - INFO - All done! Scheme created with 10 regions, 4 gaps, 75.97% coverage
2021-04-03 02:05:42,646 - INFO - Writing overlap_65/PMEI_TK/PMEI_TK.primer.bed
2021-04-03 02:05:42,651 - INFO - Writing overlap_65/PMEI_TK/PMEI_TK.insert.bed
2021-04-03 02:05:42,656 - INFO - Writing overlap_65/PMEI_TK/PMEI_TK.primer.tsv
2021-04-03 02:05:42,660 - INFO - Writing overlap_65/PMEI_TK/PMEI_TK.reference.fasta
2021-04-03 02:05:42,671 - INFO - Writing overlap_65/PMEI_TK/PMEI_TK.plot.pdf
2021-04-03 02:05:42,672 - INFO - Writing overlap_65/PMEI_TK/PMEI_TK.plot.svg
2021-04-03 02:05:42,709 - INFO - Writing overlap_65/PMEI_TK/PMEI_TK.report.json
2021-04-04 18:38:50,344 - INFO - Writing log to overlap_65/PMEI_TK/PMEI_TK.log
2021-04-04 18:38:50,359 - INFO - References:
 - PMEI_TK
2021-04-04 18:38:50,359 - INFO - Primary reference for coordinate system: PMEI_TK
2021-04-04 18:38:50,359 - INFO - Considering primers from all references
2021-04-04 18:38:57,114 - INFO - All done! Scheme created with 10 regions, 4 gaps, 75.97% coverage
2021-04-04 18:38:57,115 - INFO - Writing overlap_65/PMEI_TK/PMEI_TK.primer.bed
2021-04-04 18:38:57,117 - INFO - Writing overlap_65/PMEI_TK/PMEI_TK.insert.bed
2021-04-04 18:38:57,120 - INFO - Writing overlap_65/PMEI_TK/PMEI_TK.primer.tsv
2021-04-04 18:38:57,122 - INFO - Writing overlap_65/PMEI_TK/PMEI_TK.reference.fasta
2021-04-04 18:38:57,131 - INFO - Writing overlap_65/PMEI_TK/PMEI_TK.plot.pdf
2021-04-04 18:38:57,131 - INFO - Writing overlap_65/PMEI_TK/PMEI_TK.plot.svg
2021-04-04 18:38:57,161 - INFO - Writing overlap_65/PMEI_TK/PMEI_TK.report.json
