2021-04-03 11:27:54,399 - INFO - Writing log to overlap_80/FDPS2_TK/FDPS2_TK.log
2021-04-03 11:27:54,405 - INFO - References:
 - FDPS2_TK
2021-04-03 11:27:54,405 - INFO - Primary reference for coordinate system: FDPS2_TK
2021-04-03 11:27:54,405 - INFO - Considering primers from all references
2021-04-03 11:28:01,429 - INFO - All done! Scheme created with 11 regions, 4 gaps, 81.9% coverage
2021-04-03 11:28:01,429 - INFO - Writing overlap_80/FDPS2_TK/FDPS2_TK.primer.bed
2021-04-03 11:28:01,431 - INFO - Writing overlap_80/FDPS2_TK/FDPS2_TK.insert.bed
2021-04-03 11:28:01,431 - INFO - Writing overlap_80/FDPS2_TK/FDPS2_TK.primer.tsv
2021-04-03 11:28:01,432 - INFO - Writing overlap_80/FDPS2_TK/FDPS2_TK.reference.fasta
2021-04-03 11:28:01,439 - INFO - Writing overlap_80/FDPS2_TK/FDPS2_TK.plot.pdf
2021-04-03 11:28:01,439 - INFO - Writing overlap_80/FDPS2_TK/FDPS2_TK.plot.svg
2021-04-03 11:28:01,464 - INFO - Writing overlap_80/FDPS2_TK/FDPS2_TK.report.json
2021-04-04 19:19:17,167 - INFO - Writing log to overlap_80/FDPS2_TK/FDPS2_TK.log
2021-04-04 19:19:17,189 - INFO - References:
 - FDPS2_TK
2021-04-04 19:19:17,189 - INFO - Primary reference for coordinate system: FDPS2_TK
2021-04-04 19:19:17,189 - INFO - Considering primers from all references
2021-04-04 19:19:25,050 - INFO - All done! Scheme created with 11 regions, 4 gaps, 81.9% coverage
2021-04-04 19:19:25,051 - INFO - Writing overlap_80/FDPS2_TK/FDPS2_TK.primer.bed
2021-04-04 19:19:25,054 - INFO - Writing overlap_80/FDPS2_TK/FDPS2_TK.insert.bed
2021-04-04 19:19:25,056 - INFO - Writing overlap_80/FDPS2_TK/FDPS2_TK.primer.tsv
2021-04-04 19:19:25,059 - INFO - Writing overlap_80/FDPS2_TK/FDPS2_TK.reference.fasta
2021-04-04 19:19:25,068 - INFO - Writing overlap_80/FDPS2_TK/FDPS2_TK.plot.pdf
2021-04-04 19:19:25,068 - INFO - Writing overlap_80/FDPS2_TK/FDPS2_TK.plot.svg
2021-04-04 19:19:25,099 - INFO - Writing overlap_80/FDPS2_TK/FDPS2_TK.report.json
