2021-04-03 02:07:29,800 - INFO - Writing log to overlap_65/SQE2_TK/SQE2_TK.log
2021-04-03 02:07:29,809 - INFO - References:
 - SQE2_TK
2021-04-03 02:07:29,809 - INFO - Primary reference for coordinate system: SQE2_TK
2021-04-03 02:07:29,809 - INFO - Considering primers from all references
2021-04-03 02:07:39,732 - INFO - All done! Scheme created with 13 regions, 5 gaps, 89.38% coverage
2021-04-03 02:07:39,732 - INFO - Writing overlap_65/SQE2_TK/SQE2_TK.primer.bed
2021-04-03 02:07:39,734 - INFO - Writing overlap_65/SQE2_TK/SQE2_TK.insert.bed
2021-04-03 02:07:39,735 - INFO - Writing overlap_65/SQE2_TK/SQE2_TK.primer.tsv
2021-04-03 02:07:39,736 - INFO - Writing overlap_65/SQE2_TK/SQE2_TK.reference.fasta
2021-04-03 02:07:39,744 - INFO - Writing overlap_65/SQE2_TK/SQE2_TK.plot.pdf
2021-04-03 02:07:39,744 - INFO - Writing overlap_65/SQE2_TK/SQE2_TK.plot.svg
2021-04-03 02:07:39,777 - INFO - Writing overlap_65/SQE2_TK/SQE2_TK.report.json
2021-04-04 18:40:35,144 - INFO - Writing log to overlap_65/SQE2_TK/SQE2_TK.log
2021-04-04 18:40:35,166 - INFO - References:
 - SQE2_TK
2021-04-04 18:40:35,166 - INFO - Primary reference for coordinate system: SQE2_TK
2021-04-04 18:40:35,166 - INFO - Considering primers from all references
2021-04-04 18:40:44,306 - INFO - All done! Scheme created with 13 regions, 5 gaps, 89.38% coverage
2021-04-04 18:40:44,306 - INFO - Writing overlap_65/SQE2_TK/SQE2_TK.primer.bed
2021-04-04 18:40:44,309 - INFO - Writing overlap_65/SQE2_TK/SQE2_TK.insert.bed
2021-04-04 18:40:44,312 - INFO - Writing overlap_65/SQE2_TK/SQE2_TK.primer.tsv
2021-04-04 18:40:44,314 - INFO - Writing overlap_65/SQE2_TK/SQE2_TK.reference.fasta
2021-04-04 18:40:44,324 - INFO - Writing overlap_65/SQE2_TK/SQE2_TK.plot.pdf
2021-04-04 18:40:44,324 - INFO - Writing overlap_65/SQE2_TK/SQE2_TK.plot.svg
2021-04-04 18:40:44,357 - INFO - Writing overlap_65/SQE2_TK/SQE2_TK.report.json
