2021-04-03 11:09:24,951 - INFO - Writing log to overlap_75/1_SST_TK/1_SST_TK.log
2021-04-03 11:09:24,977 - INFO - References:
 - 1_SST_TK
2021-04-03 11:09:24,977 - INFO - Primary reference for coordinate system: 1_SST_TK
2021-04-03 11:09:24,977 - INFO - Considering primers from all references
2021-04-03 11:09:40,286 - INFO - All done! Scheme created with 15 regions, 5 gaps, 84.93% coverage
2021-04-03 11:09:40,286 - INFO - Writing overlap_75/1_SST_TK/1_SST_TK.primer.bed
2021-04-03 11:09:40,287 - INFO - Writing overlap_75/1_SST_TK/1_SST_TK.insert.bed
2021-04-03 11:09:40,287 - INFO - Writing overlap_75/1_SST_TK/1_SST_TK.primer.tsv
2021-04-03 11:09:40,289 - INFO - Writing overlap_75/1_SST_TK/1_SST_TK.reference.fasta
2021-04-03 11:09:40,337 - INFO - Writing overlap_75/1_SST_TK/1_SST_TK.plot.pdf
2021-04-03 11:09:40,338 - INFO - Writing overlap_75/1_SST_TK/1_SST_TK.plot.svg
2021-04-03 11:09:40,368 - INFO - Writing overlap_75/1_SST_TK/1_SST_TK.report.json
2021-04-04 18:58:39,165 - INFO - Writing log to overlap_75/1_SST_TK/1_SST_TK.log
2021-04-04 18:58:39,182 - INFO - References:
 - 1_SST_TK
2021-04-04 18:58:39,182 - INFO - Primary reference for coordinate system: 1_SST_TK
2021-04-04 18:58:39,182 - INFO - Considering primers from all references
2021-04-04 18:58:56,203 - INFO - All done! Scheme created with 15 regions, 5 gaps, 84.93% coverage
2021-04-04 18:58:56,204 - INFO - Writing overlap_75/1_SST_TK/1_SST_TK.primer.bed
2021-04-04 18:58:56,207 - INFO - Writing overlap_75/1_SST_TK/1_SST_TK.insert.bed
2021-04-04 18:58:56,210 - INFO - Writing overlap_75/1_SST_TK/1_SST_TK.primer.tsv
2021-04-04 18:58:56,213 - INFO - Writing overlap_75/1_SST_TK/1_SST_TK.reference.fasta
2021-04-04 18:58:56,275 - INFO - Writing overlap_75/1_SST_TK/1_SST_TK.plot.pdf
2021-04-04 18:58:56,275 - INFO - Writing overlap_75/1_SST_TK/1_SST_TK.plot.svg
2021-04-04 18:58:56,314 - INFO - Writing overlap_75/1_SST_TK/1_SST_TK.report.json
