2021-04-03 11:19:11,648 - INFO - Writing log to overlap_75/PTRP1_TK/PTRP1_TK.log
2021-04-03 11:19:11,669 - INFO - References:
 - PTRP1_TK
2021-04-03 11:19:11,669 - INFO - Primary reference for coordinate system: PTRP1_TK
2021-04-03 11:19:11,669 - INFO - Considering primers from all references
2021-04-03 11:19:14,078 - INFO - All done! Scheme created with 4 regions, 1 gap, 59.62% coverage
2021-04-03 11:19:14,079 - INFO - Writing overlap_75/PTRP1_TK/PTRP1_TK.primer.bed
2021-04-03 11:19:14,079 - INFO - Writing overlap_75/PTRP1_TK/PTRP1_TK.insert.bed
2021-04-03 11:19:14,080 - INFO - Writing overlap_75/PTRP1_TK/PTRP1_TK.primer.tsv
2021-04-03 11:19:14,080 - INFO - Writing overlap_75/PTRP1_TK/PTRP1_TK.reference.fasta
2021-04-03 11:19:14,084 - INFO - Writing overlap_75/PTRP1_TK/PTRP1_TK.plot.pdf
2021-04-03 11:19:14,084 - INFO - Writing overlap_75/PTRP1_TK/PTRP1_TK.plot.svg
2021-04-03 11:19:14,114 - INFO - Writing overlap_75/PTRP1_TK/PTRP1_TK.report.json
2021-04-04 19:09:35,771 - INFO - Writing log to overlap_75/PTRP1_TK/PTRP1_TK.log
2021-04-04 19:09:35,791 - INFO - References:
 - PTRP1_TK
2021-04-04 19:09:35,792 - INFO - Primary reference for coordinate system: PTRP1_TK
2021-04-04 19:09:35,792 - INFO - Considering primers from all references
2021-04-04 19:09:38,428 - INFO - All done! Scheme created with 4 regions, 1 gap, 59.62% coverage
2021-04-04 19:09:38,428 - INFO - Writing overlap_75/PTRP1_TK/PTRP1_TK.primer.bed
2021-04-04 19:09:38,432 - INFO - Writing overlap_75/PTRP1_TK/PTRP1_TK.insert.bed
2021-04-04 19:09:38,434 - INFO - Writing overlap_75/PTRP1_TK/PTRP1_TK.primer.tsv
2021-04-04 19:09:38,437 - INFO - Writing overlap_75/PTRP1_TK/PTRP1_TK.reference.fasta
2021-04-04 19:09:38,443 - INFO - Writing overlap_75/PTRP1_TK/PTRP1_TK.plot.pdf
2021-04-04 19:09:38,443 - INFO - Writing overlap_75/PTRP1_TK/PTRP1_TK.plot.svg
2021-04-04 19:09:38,485 - INFO - Writing overlap_75/PTRP1_TK/PTRP1_TK.report.json
