2021-04-03 00:30:52,252 - INFO - Writing log to overlap_40/1_FEH_TK/1_FEH_TK.log
2021-04-03 00:30:52,261 - INFO - References:
 - 1_FEH_TK
2021-04-03 00:30:52,261 - INFO - Primary reference for coordinate system: 1_FEH_TK
2021-04-03 00:30:52,261 - INFO - Considering primers from all references
2021-04-03 00:31:03,577 - INFO - All done! Scheme created with 14 regions, 6 gaps, 78.17% coverage
2021-04-03 00:31:03,578 - INFO - Writing overlap_40/1_FEH_TK/1_FEH_TK.primer.bed
2021-04-03 00:31:03,579 - INFO - Writing overlap_40/1_FEH_TK/1_FEH_TK.insert.bed
2021-04-03 00:31:03,580 - INFO - Writing overlap_40/1_FEH_TK/1_FEH_TK.primer.tsv
2021-04-03 00:31:03,581 - INFO - Writing overlap_40/1_FEH_TK/1_FEH_TK.reference.fasta
2021-04-03 00:31:03,591 - INFO - Writing overlap_40/1_FEH_TK/1_FEH_TK.plot.pdf
2021-04-03 00:31:03,591 - INFO - Writing overlap_40/1_FEH_TK/1_FEH_TK.plot.svg
2021-04-03 00:31:03,630 - INFO - Writing overlap_40/1_FEH_TK/1_FEH_TK.report.json
2021-04-04 17:13:19,061 - INFO - Writing log to overlap_40/1_FEH_TK/1_FEH_TK.log
2021-04-04 17:13:19,092 - INFO - References:
 - 1_FEH_TK
2021-04-04 17:13:19,092 - INFO - Primary reference for coordinate system: 1_FEH_TK
2021-04-04 17:13:19,092 - INFO - Considering primers from all references
2021-04-04 17:13:29,300 - INFO - All done! Scheme created with 14 regions, 6 gaps, 78.17% coverage
2021-04-04 17:13:29,301 - INFO - Writing overlap_40/1_FEH_TK/1_FEH_TK.primer.bed
2021-04-04 17:13:29,304 - INFO - Writing overlap_40/1_FEH_TK/1_FEH_TK.insert.bed
2021-04-04 17:13:29,308 - INFO - Writing overlap_40/1_FEH_TK/1_FEH_TK.primer.tsv
2021-04-04 17:13:29,312 - INFO - Writing overlap_40/1_FEH_TK/1_FEH_TK.reference.fasta
2021-04-04 17:13:29,323 - INFO - Writing overlap_40/1_FEH_TK/1_FEH_TK.plot.pdf
2021-04-04 17:13:29,323 - INFO - Writing overlap_40/1_FEH_TK/1_FEH_TK.plot.svg
2021-04-04 17:13:29,361 - INFO - Writing overlap_40/1_FEH_TK/1_FEH_TK.report.json
