2021-04-02 20:41:48,809 - INFO - Writing log to overlap_70/CCT1_TK/CCT1_TK.log
2021-04-02 20:41:48,831 - INFO - References:
 - CCT1_TK
2021-04-02 20:41:48,831 - INFO - Primary reference for coordinate system: CCT1_TK
2021-04-02 20:41:48,831 - INFO - Considering primers from all references
2021-04-02 20:41:51,308 - INFO - All done! Scheme created with 4 regions, 1 gap, 68.13% coverage
2021-04-02 20:41:51,308 - INFO - Writing overlap_70/CCT1_TK/CCT1_TK.primer.bed
2021-04-02 20:41:51,309 - INFO - Writing overlap_70/CCT1_TK/CCT1_TK.insert.bed
2021-04-02 20:41:51,310 - INFO - Writing overlap_70/CCT1_TK/CCT1_TK.primer.tsv
2021-04-02 20:41:51,310 - INFO - Writing overlap_70/CCT1_TK/CCT1_TK.reference.fasta
2021-04-02 20:41:51,314 - INFO - Writing overlap_70/CCT1_TK/CCT1_TK.plot.pdf
2021-04-02 20:41:51,314 - INFO - Writing overlap_70/CCT1_TK/CCT1_TK.plot.svg
2021-04-02 20:41:51,347 - INFO - Writing overlap_70/CCT1_TK/CCT1_TK.report.json
2021-04-03 02:14:32,931 - INFO - Writing log to overlap_70/CCT1_TK/CCT1_TK.log
2021-04-03 02:14:32,950 - INFO - References:
 - CCT1_TK
2021-04-03 02:14:32,950 - INFO - Primary reference for coordinate system: CCT1_TK
2021-04-03 02:14:32,950 - INFO - Considering primers from all references
2021-04-03 02:14:35,902 - INFO - All done! Scheme created with 4 regions, 1 gap, 68.13% coverage
2021-04-03 02:14:35,903 - INFO - Writing overlap_70/CCT1_TK/CCT1_TK.primer.bed
2021-04-03 02:14:35,907 - INFO - Writing overlap_70/CCT1_TK/CCT1_TK.insert.bed
2021-04-03 02:14:35,912 - INFO - Writing overlap_70/CCT1_TK/CCT1_TK.primer.tsv
2021-04-03 02:14:35,917 - INFO - Writing overlap_70/CCT1_TK/CCT1_TK.reference.fasta
2021-04-03 02:14:35,925 - INFO - Writing overlap_70/CCT1_TK/CCT1_TK.plot.pdf
2021-04-03 02:14:35,925 - INFO - Writing overlap_70/CCT1_TK/CCT1_TK.plot.svg
2021-04-03 02:14:35,984 - INFO - Writing overlap_70/CCT1_TK/CCT1_TK.report.json
2021-04-04 18:47:00,532 - INFO - Writing log to overlap_70/CCT1_TK/CCT1_TK.log
2021-04-04 18:47:00,558 - INFO - References:
 - CCT1_TK
2021-04-04 18:47:00,558 - INFO - Primary reference for coordinate system: CCT1_TK
2021-04-04 18:47:00,558 - INFO - Considering primers from all references
2021-04-04 18:47:03,307 - INFO - All done! Scheme created with 4 regions, 1 gap, 68.13% coverage
2021-04-04 18:47:03,307 - INFO - Writing overlap_70/CCT1_TK/CCT1_TK.primer.bed
2021-04-04 18:47:03,310 - INFO - Writing overlap_70/CCT1_TK/CCT1_TK.insert.bed
2021-04-04 18:47:03,312 - INFO - Writing overlap_70/CCT1_TK/CCT1_TK.primer.tsv
2021-04-04 18:47:03,315 - INFO - Writing overlap_70/CCT1_TK/CCT1_TK.reference.fasta
2021-04-04 18:47:03,321 - INFO - Writing overlap_70/CCT1_TK/CCT1_TK.plot.pdf
2021-04-04 18:47:03,321 - INFO - Writing overlap_70/CCT1_TK/CCT1_TK.plot.svg
2021-04-04 18:47:03,361 - INFO - Writing overlap_70/CCT1_TK/CCT1_TK.report.json
