2021-04-03 11:47:07,833 - INFO - Writing log to overlap_85/SQE4_TK/SQE4_TK.log
2021-04-03 11:47:07,839 - INFO - References:
 - SQE4_TK
2021-04-03 11:47:07,839 - INFO - Primary reference for coordinate system: SQE4_TK
2021-04-03 11:47:07,839 - INFO - Considering primers from all references
2021-04-03 11:47:15,598 - INFO - All done! Scheme created with 12 regions, 5 gaps, 74.97% coverage
2021-04-03 11:47:15,598 - INFO - Writing overlap_85/SQE4_TK/SQE4_TK.primer.bed
2021-04-03 11:47:15,599 - INFO - Writing overlap_85/SQE4_TK/SQE4_TK.insert.bed
2021-04-03 11:47:15,600 - INFO - Writing overlap_85/SQE4_TK/SQE4_TK.primer.tsv
2021-04-03 11:47:15,601 - INFO - Writing overlap_85/SQE4_TK/SQE4_TK.reference.fasta
2021-04-03 11:47:15,608 - INFO - Writing overlap_85/SQE4_TK/SQE4_TK.plot.pdf
2021-04-03 11:47:15,608 - INFO - Writing overlap_85/SQE4_TK/SQE4_TK.plot.svg
2021-04-03 11:47:15,634 - INFO - Writing overlap_85/SQE4_TK/SQE4_TK.report.json
2021-04-04 19:40:41,063 - INFO - Writing log to overlap_85/SQE4_TK/SQE4_TK.log
2021-04-04 19:40:41,075 - INFO - References:
 - SQE4_TK
2021-04-04 19:40:41,075 - INFO - Primary reference for coordinate system: SQE4_TK
2021-04-04 19:40:41,075 - INFO - Considering primers from all references
2021-04-04 19:40:49,664 - INFO - All done! Scheme created with 12 regions, 5 gaps, 74.97% coverage
2021-04-04 19:40:49,665 - INFO - Writing overlap_85/SQE4_TK/SQE4_TK.primer.bed
2021-04-04 19:40:49,668 - INFO - Writing overlap_85/SQE4_TK/SQE4_TK.insert.bed
2021-04-04 19:40:49,670 - INFO - Writing overlap_85/SQE4_TK/SQE4_TK.primer.tsv
2021-04-04 19:40:49,673 - INFO - Writing overlap_85/SQE4_TK/SQE4_TK.reference.fasta
2021-04-04 19:40:49,682 - INFO - Writing overlap_85/SQE4_TK/SQE4_TK.plot.pdf
2021-04-04 19:40:49,682 - INFO - Writing overlap_85/SQE4_TK/SQE4_TK.plot.svg
2021-04-04 19:40:49,715 - INFO - Writing overlap_85/SQE4_TK/SQE4_TK.report.json
