2021-04-03 00:32:32,823 - INFO - Writing log to overlap_40/3H3MCS1_TK/3H3MCS1_TK.log
2021-04-03 00:32:32,841 - INFO - References:
 - 3H3MCS1_TK
2021-04-03 00:32:32,841 - INFO - Primary reference for coordinate system: 3H3MCS1_TK
2021-04-03 00:32:32,841 - INFO - Considering primers from all references
2021-04-03 00:32:39,996 - INFO - All done! Scheme created with 9 regions, 2 gaps, 78.73% coverage
2021-04-03 00:32:39,997 - INFO - Writing overlap_40/3H3MCS1_TK/3H3MCS1_TK.primer.bed
2021-04-03 00:32:39,998 - INFO - Writing overlap_40/3H3MCS1_TK/3H3MCS1_TK.insert.bed
2021-04-03 00:32:39,999 - INFO - Writing overlap_40/3H3MCS1_TK/3H3MCS1_TK.primer.tsv
2021-04-03 00:32:40,000 - INFO - Writing overlap_40/3H3MCS1_TK/3H3MCS1_TK.reference.fasta
2021-04-03 00:32:40,007 - INFO - Writing overlap_40/3H3MCS1_TK/3H3MCS1_TK.plot.pdf
2021-04-03 00:32:40,007 - INFO - Writing overlap_40/3H3MCS1_TK/3H3MCS1_TK.plot.svg
2021-04-03 00:32:40,035 - INFO - Writing overlap_40/3H3MCS1_TK/3H3MCS1_TK.report.json
2021-04-04 17:14:49,106 - INFO - Writing log to overlap_40/3H3MCS1_TK/3H3MCS1_TK.log
2021-04-04 17:14:49,137 - INFO - References:
 - 3H3MCS1_TK
2021-04-04 17:14:49,137 - INFO - Primary reference for coordinate system: 3H3MCS1_TK
2021-04-04 17:14:49,137 - INFO - Considering primers from all references
2021-04-04 17:14:55,538 - INFO - All done! Scheme created with 9 regions, 2 gaps, 78.73% coverage
2021-04-04 17:14:55,539 - INFO - Writing overlap_40/3H3MCS1_TK/3H3MCS1_TK.primer.bed
2021-04-04 17:14:55,543 - INFO - Writing overlap_40/3H3MCS1_TK/3H3MCS1_TK.insert.bed
2021-04-04 17:14:55,547 - INFO - Writing overlap_40/3H3MCS1_TK/3H3MCS1_TK.primer.tsv
2021-04-04 17:14:55,551 - INFO - Writing overlap_40/3H3MCS1_TK/3H3MCS1_TK.reference.fasta
2021-04-04 17:14:55,560 - INFO - Writing overlap_40/3H3MCS1_TK/3H3MCS1_TK.plot.pdf
2021-04-04 17:14:55,560 - INFO - Writing overlap_40/3H3MCS1_TK/3H3MCS1_TK.plot.svg
2021-04-04 17:14:55,590 - INFO - Writing overlap_40/3H3MCS1_TK/3H3MCS1_TK.report.json
