2021-04-03 01:39:33,340 - INFO - Writing log to overlap_60/4H3M2EDPR3_TK/4H3M2EDPR3_TK.log
2021-04-03 01:39:33,349 - INFO - References:
 - 4H3M2EDPR3_TK
2021-04-03 01:39:33,349 - INFO - Primary reference for coordinate system: 4H3M2EDPR3_TK
2021-04-03 01:39:33,349 - INFO - Considering primers from all references
2021-04-03 01:39:42,218 - INFO - All done! Scheme created with 11 regions, 4 gaps, 72.94% coverage
2021-04-03 01:39:42,218 - INFO - Writing overlap_60/4H3M2EDPR3_TK/4H3M2EDPR3_TK.primer.bed
2021-04-03 01:39:42,219 - INFO - Writing overlap_60/4H3M2EDPR3_TK/4H3M2EDPR3_TK.insert.bed
2021-04-03 01:39:42,219 - INFO - Writing overlap_60/4H3M2EDPR3_TK/4H3M2EDPR3_TK.primer.tsv
2021-04-03 01:39:42,220 - INFO - Writing overlap_60/4H3M2EDPR3_TK/4H3M2EDPR3_TK.reference.fasta
2021-04-03 01:39:42,228 - INFO - Writing overlap_60/4H3M2EDPR3_TK/4H3M2EDPR3_TK.plot.pdf
2021-04-03 01:39:42,228 - INFO - Writing overlap_60/4H3M2EDPR3_TK/4H3M2EDPR3_TK.plot.svg
2021-04-03 01:39:42,260 - INFO - Writing overlap_60/4H3M2EDPR3_TK/4H3M2EDPR3_TK.report.json
2021-04-04 18:15:18,443 - INFO - Writing log to overlap_60/4H3M2EDPR3_TK/4H3M2EDPR3_TK.log
2021-04-04 18:15:18,460 - INFO - References:
 - 4H3M2EDPR3_TK
2021-04-04 18:15:18,460 - INFO - Primary reference for coordinate system: 4H3M2EDPR3_TK
2021-04-04 18:15:18,461 - INFO - Considering primers from all references
2021-04-04 18:15:26,456 - INFO - All done! Scheme created with 11 regions, 4 gaps, 72.94% coverage
2021-04-04 18:15:26,456 - INFO - Writing overlap_60/4H3M2EDPR3_TK/4H3M2EDPR3_TK.primer.bed
2021-04-04 18:15:26,459 - INFO - Writing overlap_60/4H3M2EDPR3_TK/4H3M2EDPR3_TK.insert.bed
2021-04-04 18:15:26,462 - INFO - Writing overlap_60/4H3M2EDPR3_TK/4H3M2EDPR3_TK.primer.tsv
2021-04-04 18:15:26,464 - INFO - Writing overlap_60/4H3M2EDPR3_TK/4H3M2EDPR3_TK.reference.fasta
2021-04-04 18:15:26,473 - INFO - Writing overlap_60/4H3M2EDPR3_TK/4H3M2EDPR3_TK.plot.pdf
2021-04-04 18:15:26,473 - INFO - Writing overlap_60/4H3M2EDPR3_TK/4H3M2EDPR3_TK.plot.svg
2021-04-04 18:15:26,505 - INFO - Writing overlap_60/4H3M2EDPR3_TK/4H3M2EDPR3_TK.report.json
