2021-04-03 01:42:49,944 - INFO - Writing log to overlap_60/DHDDS_TK/DHDDS_TK.log
2021-04-03 01:42:49,953 - INFO - References:
 - DHDDS_TK
2021-04-03 01:42:49,953 - INFO - Primary reference for coordinate system: DHDDS_TK
2021-04-03 01:42:49,953 - INFO - Considering primers from all references
2021-04-03 01:42:52,956 - INFO - All done! Scheme created with 4 regions, 1 gap, 69.65% coverage
2021-04-03 01:42:52,956 - INFO - Writing overlap_60/DHDDS_TK/DHDDS_TK.primer.bed
2021-04-03 01:42:52,957 - INFO - Writing overlap_60/DHDDS_TK/DHDDS_TK.insert.bed
2021-04-03 01:42:52,958 - INFO - Writing overlap_60/DHDDS_TK/DHDDS_TK.primer.tsv
2021-04-03 01:42:52,959 - INFO - Writing overlap_60/DHDDS_TK/DHDDS_TK.reference.fasta
2021-04-03 01:42:52,964 - INFO - Writing overlap_60/DHDDS_TK/DHDDS_TK.plot.pdf
2021-04-03 01:42:52,964 - INFO - Writing overlap_60/DHDDS_TK/DHDDS_TK.plot.svg
2021-04-03 01:42:53,020 - INFO - Writing overlap_60/DHDDS_TK/DHDDS_TK.report.json
2021-04-04 18:18:13,636 - INFO - Writing log to overlap_60/DHDDS_TK/DHDDS_TK.log
2021-04-04 18:18:13,650 - INFO - References:
 - DHDDS_TK
2021-04-04 18:18:13,650 - INFO - Primary reference for coordinate system: DHDDS_TK
2021-04-04 18:18:13,650 - INFO - Considering primers from all references
2021-04-04 18:18:16,373 - INFO - All done! Scheme created with 4 regions, 1 gap, 69.65% coverage
2021-04-04 18:18:16,373 - INFO - Writing overlap_60/DHDDS_TK/DHDDS_TK.primer.bed
2021-04-04 18:18:16,376 - INFO - Writing overlap_60/DHDDS_TK/DHDDS_TK.insert.bed
2021-04-04 18:18:16,378 - INFO - Writing overlap_60/DHDDS_TK/DHDDS_TK.primer.tsv
2021-04-04 18:18:16,381 - INFO - Writing overlap_60/DHDDS_TK/DHDDS_TK.reference.fasta
2021-04-04 18:18:16,386 - INFO - Writing overlap_60/DHDDS_TK/DHDDS_TK.plot.pdf
2021-04-04 18:18:16,386 - INFO - Writing overlap_60/DHDDS_TK/DHDDS_TK.plot.svg
2021-04-04 18:18:16,427 - INFO - Writing overlap_60/DHDDS_TK/DHDDS_TK.report.json
