2021-04-03 01:01:53,613 - INFO - Writing log to overlap_45/SRPP4_TK/SRPP4_TK.log
2021-04-03 01:01:53,622 - INFO - References:
 - SRPP4_TK
2021-04-03 01:01:53,622 - INFO - Primary reference for coordinate system: SRPP4_TK
2021-04-03 01:01:53,622 - INFO - Considering primers from all references
2021-04-03 01:02:01,717 - INFO - All done! Scheme created with 10 regions, 4 gaps, 84.08% coverage
2021-04-03 01:02:01,717 - INFO - Writing overlap_45/SRPP4_TK/SRPP4_TK.primer.bed
2021-04-03 01:02:01,718 - INFO - Writing overlap_45/SRPP4_TK/SRPP4_TK.insert.bed
2021-04-03 01:02:01,719 - INFO - Writing overlap_45/SRPP4_TK/SRPP4_TK.primer.tsv
2021-04-03 01:02:01,719 - INFO - Writing overlap_45/SRPP4_TK/SRPP4_TK.reference.fasta
2021-04-03 01:02:01,727 - INFO - Writing overlap_45/SRPP4_TK/SRPP4_TK.plot.pdf
2021-04-03 01:02:01,727 - INFO - Writing overlap_45/SRPP4_TK/SRPP4_TK.plot.svg
2021-04-03 01:02:01,756 - INFO - Writing overlap_45/SRPP4_TK/SRPP4_TK.report.json
2021-04-04 17:41:18,237 - INFO - Writing log to overlap_45/SRPP4_TK/SRPP4_TK.log
2021-04-04 17:41:18,256 - INFO - References:
 - SRPP4_TK
2021-04-04 17:41:18,256 - INFO - Primary reference for coordinate system: SRPP4_TK
2021-04-04 17:41:18,256 - INFO - Considering primers from all references
2021-04-04 17:41:25,474 - INFO - All done! Scheme created with 10 regions, 4 gaps, 84.08% coverage
2021-04-04 17:41:25,474 - INFO - Writing overlap_45/SRPP4_TK/SRPP4_TK.primer.bed
2021-04-04 17:41:25,479 - INFO - Writing overlap_45/SRPP4_TK/SRPP4_TK.insert.bed
2021-04-04 17:41:25,483 - INFO - Writing overlap_45/SRPP4_TK/SRPP4_TK.primer.tsv
2021-04-04 17:41:25,487 - INFO - Writing overlap_45/SRPP4_TK/SRPP4_TK.reference.fasta
2021-04-04 17:41:25,497 - INFO - Writing overlap_45/SRPP4_TK/SRPP4_TK.plot.pdf
2021-04-04 17:41:25,497 - INFO - Writing overlap_45/SRPP4_TK/SRPP4_TK.plot.svg
2021-04-04 17:41:25,529 - INFO - Writing overlap_45/SRPP4_TK/SRPP4_TK.report.json
