2021-04-03 11:39:12,587 - INFO - Writing log to overlap_85/CCT1_TK/CCT1_TK.log
2021-04-03 11:39:12,592 - INFO - References:
 - CCT1_TK
2021-04-03 11:39:12,592 - INFO - Primary reference for coordinate system: CCT1_TK
2021-04-03 11:39:12,592 - INFO - Considering primers from all references
2021-04-03 11:39:15,077 - INFO - All done! Scheme created with 4 regions, 1 gap, 68.13% coverage
2021-04-03 11:39:15,078 - INFO - Writing overlap_85/CCT1_TK/CCT1_TK.primer.bed
2021-04-03 11:39:15,078 - INFO - Writing overlap_85/CCT1_TK/CCT1_TK.insert.bed
2021-04-03 11:39:15,079 - INFO - Writing overlap_85/CCT1_TK/CCT1_TK.primer.tsv
2021-04-03 11:39:15,080 - INFO - Writing overlap_85/CCT1_TK/CCT1_TK.reference.fasta
2021-04-03 11:39:15,083 - INFO - Writing overlap_85/CCT1_TK/CCT1_TK.plot.pdf
2021-04-03 11:39:15,083 - INFO - Writing overlap_85/CCT1_TK/CCT1_TK.plot.svg
2021-04-03 11:39:15,114 - INFO - Writing overlap_85/CCT1_TK/CCT1_TK.report.json
2021-04-04 19:31:53,032 - INFO - Writing log to overlap_85/CCT1_TK/CCT1_TK.log
2021-04-04 19:31:53,046 - INFO - References:
 - CCT1_TK
2021-04-04 19:31:53,046 - INFO - Primary reference for coordinate system: CCT1_TK
2021-04-04 19:31:53,047 - INFO - Considering primers from all references
2021-04-04 19:31:55,814 - INFO - All done! Scheme created with 4 regions, 1 gap, 68.13% coverage
2021-04-04 19:31:55,814 - INFO - Writing overlap_85/CCT1_TK/CCT1_TK.primer.bed
2021-04-04 19:31:55,817 - INFO - Writing overlap_85/CCT1_TK/CCT1_TK.insert.bed
2021-04-04 19:31:55,819 - INFO - Writing overlap_85/CCT1_TK/CCT1_TK.primer.tsv
2021-04-04 19:31:55,822 - INFO - Writing overlap_85/CCT1_TK/CCT1_TK.reference.fasta
2021-04-04 19:31:55,827 - INFO - Writing overlap_85/CCT1_TK/CCT1_TK.plot.pdf
2021-04-04 19:31:55,828 - INFO - Writing overlap_85/CCT1_TK/CCT1_TK.plot.svg
2021-04-04 19:31:55,867 - INFO - Writing overlap_85/CCT1_TK/CCT1_TK.report.json
