2021-04-03 11:29:05,178 - INFO - Writing log to overlap_80/IPDPI2_TK/IPDPI2_TK.log
2021-04-03 11:29:05,184 - INFO - References:
 - IPDPI2_TK
2021-04-03 11:29:05,184 - INFO - Primary reference for coordinate system: IPDPI2_TK
2021-04-03 11:29:05,184 - INFO - Considering primers from all references
2021-04-03 11:29:10,234 - INFO - All done! Scheme created with 8 regions, 1 gap, 78.77% coverage
2021-04-03 11:29:10,235 - INFO - Writing overlap_80/IPDPI2_TK/IPDPI2_TK.primer.bed
2021-04-03 11:29:10,236 - INFO - Writing overlap_80/IPDPI2_TK/IPDPI2_TK.insert.bed
2021-04-03 11:29:10,237 - INFO - Writing overlap_80/IPDPI2_TK/IPDPI2_TK.primer.tsv
2021-04-03 11:29:10,237 - INFO - Writing overlap_80/IPDPI2_TK/IPDPI2_TK.reference.fasta
2021-04-03 11:29:10,243 - INFO - Writing overlap_80/IPDPI2_TK/IPDPI2_TK.plot.pdf
2021-04-03 11:29:10,243 - INFO - Writing overlap_80/IPDPI2_TK/IPDPI2_TK.plot.svg
2021-04-03 11:29:10,262 - INFO - Writing overlap_80/IPDPI2_TK/IPDPI2_TK.report.json
2021-04-04 19:20:36,216 - INFO - Writing log to overlap_80/IPDPI2_TK/IPDPI2_TK.log
2021-04-04 19:20:36,237 - INFO - References:
 - IPDPI2_TK
2021-04-04 19:20:36,237 - INFO - Primary reference for coordinate system: IPDPI2_TK
2021-04-04 19:20:36,237 - INFO - Considering primers from all references
2021-04-04 19:20:41,820 - INFO - All done! Scheme created with 8 regions, 1 gap, 78.77% coverage
2021-04-04 19:20:41,820 - INFO - Writing overlap_80/IPDPI2_TK/IPDPI2_TK.primer.bed
2021-04-04 19:20:41,823 - INFO - Writing overlap_80/IPDPI2_TK/IPDPI2_TK.insert.bed
2021-04-04 19:20:41,826 - INFO - Writing overlap_80/IPDPI2_TK/IPDPI2_TK.primer.tsv
2021-04-04 19:20:41,829 - INFO - Writing overlap_80/IPDPI2_TK/IPDPI2_TK.reference.fasta
2021-04-04 19:20:41,836 - INFO - Writing overlap_80/IPDPI2_TK/IPDPI2_TK.plot.pdf
2021-04-04 19:20:41,836 - INFO - Writing overlap_80/IPDPI2_TK/IPDPI2_TK.plot.svg
2021-04-04 19:20:41,862 - INFO - Writing overlap_80/IPDPI2_TK/IPDPI2_TK.report.json
