2021-04-03 01:51:15,353 - INFO - Writing log to overlap_60/SQE3_TK/SQE3_TK.log
2021-04-03 01:51:15,361 - INFO - References:
 - SQE3_TK
2021-04-03 01:51:15,361 - INFO - Primary reference for coordinate system: SQE3_TK
2021-04-03 01:51:15,361 - INFO - Considering primers from all references
2021-04-03 01:51:25,521 - INFO - All done! Scheme created with 13 regions, 4 gaps, 87.83% coverage
2021-04-03 01:51:25,522 - INFO - Writing overlap_60/SQE3_TK/SQE3_TK.primer.bed
2021-04-03 01:51:25,523 - INFO - Writing overlap_60/SQE3_TK/SQE3_TK.insert.bed
2021-04-03 01:51:25,524 - INFO - Writing overlap_60/SQE3_TK/SQE3_TK.primer.tsv
2021-04-03 01:51:25,524 - INFO - Writing overlap_60/SQE3_TK/SQE3_TK.reference.fasta
2021-04-03 01:51:25,533 - INFO - Writing overlap_60/SQE3_TK/SQE3_TK.plot.pdf
2021-04-03 01:51:25,534 - INFO - Writing overlap_60/SQE3_TK/SQE3_TK.plot.svg
2021-04-03 01:51:25,569 - INFO - Writing overlap_60/SQE3_TK/SQE3_TK.report.json
2021-04-04 18:25:46,863 - INFO - Writing log to overlap_60/SQE3_TK/SQE3_TK.log
2021-04-04 18:25:46,907 - INFO - References:
 - SQE3_TK
2021-04-04 18:25:46,907 - INFO - Primary reference for coordinate system: SQE3_TK
2021-04-04 18:25:46,907 - INFO - Considering primers from all references
2021-04-04 18:25:56,125 - INFO - All done! Scheme created with 13 regions, 4 gaps, 87.83% coverage
2021-04-04 18:25:56,125 - INFO - Writing overlap_60/SQE3_TK/SQE3_TK.primer.bed
2021-04-04 18:25:56,128 - INFO - Writing overlap_60/SQE3_TK/SQE3_TK.insert.bed
2021-04-04 18:25:56,130 - INFO - Writing overlap_60/SQE3_TK/SQE3_TK.primer.tsv
2021-04-04 18:25:56,133 - INFO - Writing overlap_60/SQE3_TK/SQE3_TK.reference.fasta
2021-04-04 18:25:56,142 - INFO - Writing overlap_60/SQE3_TK/SQE3_TK.plot.pdf
2021-04-04 18:25:56,142 - INFO - Writing overlap_60/SQE3_TK/SQE3_TK.plot.svg
2021-04-04 18:25:56,176 - INFO - Writing overlap_60/SQE3_TK/SQE3_TK.report.json
