2021-04-03 01:03:06,657 - INFO - Writing log to overlap_50/1DDX5PS1_TK/1DDX5PS1_TK.log
2021-04-03 01:03:06,690 - INFO - References:
 - 1DDX5PS1_TK
2021-04-03 01:03:06,691 - INFO - Primary reference for coordinate system: 1DDX5PS1_TK
2021-04-03 01:03:06,691 - INFO - Considering primers from all references
2021-04-03 01:03:21,155 - INFO - All done! Scheme created with 18 regions, 8 gaps, 83.28% coverage
2021-04-03 01:03:21,155 - INFO - Writing overlap_50/1DDX5PS1_TK/1DDX5PS1_TK.primer.bed
2021-04-03 01:03:21,156 - INFO - Writing overlap_50/1DDX5PS1_TK/1DDX5PS1_TK.insert.bed
2021-04-03 01:03:21,157 - INFO - Writing overlap_50/1DDX5PS1_TK/1DDX5PS1_TK.primer.tsv
2021-04-03 01:03:21,158 - INFO - Writing overlap_50/1DDX5PS1_TK/1DDX5PS1_TK.reference.fasta
2021-04-03 01:03:21,169 - INFO - Writing overlap_50/1DDX5PS1_TK/1DDX5PS1_TK.plot.pdf
2021-04-03 01:03:21,169 - INFO - Writing overlap_50/1DDX5PS1_TK/1DDX5PS1_TK.plot.svg
2021-04-03 01:03:21,213 - INFO - Writing overlap_50/1DDX5PS1_TK/1DDX5PS1_TK.report.json
2021-04-04 17:42:39,880 - INFO - Writing log to overlap_50/1DDX5PS1_TK/1DDX5PS1_TK.log
2021-04-04 17:42:39,903 - INFO - References:
 - 1DDX5PS1_TK
2021-04-04 17:42:39,903 - INFO - Primary reference for coordinate system: 1DDX5PS1_TK
2021-04-04 17:42:39,903 - INFO - Considering primers from all references
2021-04-04 17:42:52,809 - INFO - All done! Scheme created with 18 regions, 8 gaps, 83.28% coverage
2021-04-04 17:42:52,810 - INFO - Writing overlap_50/1DDX5PS1_TK/1DDX5PS1_TK.primer.bed
2021-04-04 17:42:52,813 - INFO - Writing overlap_50/1DDX5PS1_TK/1DDX5PS1_TK.insert.bed
2021-04-04 17:42:52,815 - INFO - Writing overlap_50/1DDX5PS1_TK/1DDX5PS1_TK.primer.tsv
2021-04-04 17:42:52,818 - INFO - Writing overlap_50/1DDX5PS1_TK/1DDX5PS1_TK.reference.fasta
2021-04-04 17:42:52,830 - INFO - Writing overlap_50/1DDX5PS1_TK/1DDX5PS1_TK.plot.pdf
2021-04-04 17:42:52,830 - INFO - Writing overlap_50/1DDX5PS1_TK/1DDX5PS1_TK.plot.svg
2021-04-04 17:42:52,872 - INFO - Writing overlap_50/1DDX5PS1_TK/1DDX5PS1_TK.report.json
