2021-04-03 00:57:09,365 - INFO - Writing log to overlap_45/OC3_TK/OC3_TK.log
2021-04-03 00:57:09,373 - INFO - References:
 - OC3_TK
2021-04-03 00:57:09,374 - INFO - Primary reference for coordinate system: OC3_TK
2021-04-03 00:57:09,374 - INFO - Considering primers from all references
2021-04-03 00:57:25,043 - INFO - All done! Scheme created with 19 regions, 5 gaps, 86.78% coverage
2021-04-03 00:57:25,043 - INFO - Writing overlap_45/OC3_TK/OC3_TK.primer.bed
2021-04-03 00:57:25,044 - INFO - Writing overlap_45/OC3_TK/OC3_TK.insert.bed
2021-04-03 00:57:25,046 - INFO - Writing overlap_45/OC3_TK/OC3_TK.primer.tsv
2021-04-03 00:57:25,047 - INFO - Writing overlap_45/OC3_TK/OC3_TK.reference.fasta
2021-04-03 00:57:25,059 - INFO - Writing overlap_45/OC3_TK/OC3_TK.plot.pdf
2021-04-03 00:57:25,059 - INFO - Writing overlap_45/OC3_TK/OC3_TK.plot.svg
2021-04-03 00:57:25,105 - INFO - Writing overlap_45/OC3_TK/OC3_TK.report.json
2021-04-04 17:37:06,221 - INFO - Writing log to overlap_45/OC3_TK/OC3_TK.log
2021-04-04 17:37:06,237 - INFO - References:
 - OC3_TK
2021-04-04 17:37:06,237 - INFO - Primary reference for coordinate system: OC3_TK
2021-04-04 17:37:06,237 - INFO - Considering primers from all references
2021-04-04 17:37:20,243 - INFO - All done! Scheme created with 19 regions, 5 gaps, 86.78% coverage
2021-04-04 17:37:20,243 - INFO - Writing overlap_45/OC3_TK/OC3_TK.primer.bed
2021-04-04 17:37:20,250 - INFO - Writing overlap_45/OC3_TK/OC3_TK.insert.bed
2021-04-04 17:37:20,254 - INFO - Writing overlap_45/OC3_TK/OC3_TK.primer.tsv
2021-04-04 17:37:20,258 - INFO - Writing overlap_45/OC3_TK/OC3_TK.reference.fasta
2021-04-04 17:37:20,271 - INFO - Writing overlap_45/OC3_TK/OC3_TK.plot.pdf
2021-04-04 17:37:20,271 - INFO - Writing overlap_45/OC3_TK/OC3_TK.plot.svg
2021-04-04 17:37:20,319 - INFO - Writing overlap_45/OC3_TK/OC3_TK.report.json
