2021-04-02 20:48:02,003 - INFO - Writing log to overlap_70/PUCP7_TK/PUCP7_TK.log
2021-04-02 20:48:02,019 - INFO - References:
 - PUCP7_TK
2021-04-02 20:48:02,019 - INFO - Primary reference for coordinate system: PUCP7_TK
2021-04-02 20:48:02,019 - INFO - Considering primers from all references
2021-04-02 20:48:12,670 - INFO - All done! Scheme created with 7 regions, 0 gaps, 85.4% coverage
2021-04-02 20:48:12,670 - INFO - Writing overlap_70/PUCP7_TK/PUCP7_TK.primer.bed
2021-04-02 20:48:12,671 - INFO - Writing overlap_70/PUCP7_TK/PUCP7_TK.insert.bed
2021-04-02 20:48:12,672 - INFO - Writing overlap_70/PUCP7_TK/PUCP7_TK.primer.tsv
2021-04-02 20:48:12,673 - INFO - Writing overlap_70/PUCP7_TK/PUCP7_TK.reference.fasta
2021-04-02 20:48:12,678 - INFO - Writing overlap_70/PUCP7_TK/PUCP7_TK.plot.pdf
2021-04-02 20:48:12,678 - INFO - Writing overlap_70/PUCP7_TK/PUCP7_TK.plot.svg
2021-04-02 20:48:12,702 - INFO - Writing overlap_70/PUCP7_TK/PUCP7_TK.report.json
2021-04-03 02:22:55,326 - INFO - Writing log to overlap_70/PUCP7_TK/PUCP7_TK.log
2021-04-03 02:22:55,344 - INFO - References:
 - PUCP7_TK
2021-04-03 02:22:55,344 - INFO - Primary reference for coordinate system: PUCP7_TK
2021-04-03 02:22:55,344 - INFO - Considering primers from all references
2021-04-03 02:23:05,907 - INFO - All done! Scheme created with 7 regions, 0 gaps, 85.4% coverage
2021-04-03 02:23:05,907 - INFO - Writing overlap_70/PUCP7_TK/PUCP7_TK.primer.bed
2021-04-03 02:23:05,912 - INFO - Writing overlap_70/PUCP7_TK/PUCP7_TK.insert.bed
2021-04-03 02:23:05,917 - INFO - Writing overlap_70/PUCP7_TK/PUCP7_TK.primer.tsv
2021-04-03 02:23:05,923 - INFO - Writing overlap_70/PUCP7_TK/PUCP7_TK.reference.fasta
2021-04-03 02:23:05,932 - INFO - Writing overlap_70/PUCP7_TK/PUCP7_TK.plot.pdf
2021-04-03 02:23:05,933 - INFO - Writing overlap_70/PUCP7_TK/PUCP7_TK.plot.svg
2021-04-03 02:23:05,965 - INFO - Writing overlap_70/PUCP7_TK/PUCP7_TK.report.json
2021-04-04 18:54:40,773 - INFO - Writing log to overlap_70/PUCP7_TK/PUCP7_TK.log
2021-04-04 18:54:40,789 - INFO - References:
 - PUCP7_TK
2021-04-04 18:54:40,789 - INFO - Primary reference for coordinate system: PUCP7_TK
2021-04-04 18:54:40,789 - INFO - Considering primers from all references
2021-04-04 18:54:50,680 - INFO - All done! Scheme created with 7 regions, 0 gaps, 85.4% coverage
2021-04-04 18:54:50,680 - INFO - Writing overlap_70/PUCP7_TK/PUCP7_TK.primer.bed
2021-04-04 18:54:50,685 - INFO - Writing overlap_70/PUCP7_TK/PUCP7_TK.insert.bed
2021-04-04 18:54:50,689 - INFO - Writing overlap_70/PUCP7_TK/PUCP7_TK.primer.tsv
2021-04-04 18:54:50,693 - INFO - Writing overlap_70/PUCP7_TK/PUCP7_TK.reference.fasta
2021-04-04 18:54:50,701 - INFO - Writing overlap_70/PUCP7_TK/PUCP7_TK.plot.pdf
2021-04-04 18:54:50,701 - INFO - Writing overlap_70/PUCP7_TK/PUCP7_TK.plot.svg
2021-04-04 18:54:50,729 - INFO - Writing overlap_70/PUCP7_TK/PUCP7_TK.report.json
