2021-04-03 11:17:52,665 - INFO - Writing log to overlap_75/OC6_TK/OC6_TK.log
2021-04-03 11:17:52,680 - INFO - References:
 - OC6_TK
2021-04-03 11:17:52,681 - INFO - Primary reference for coordinate system: OC6_TK
2021-04-03 11:17:52,681 - INFO - Considering primers from all references
2021-04-03 11:18:12,062 - INFO - All done! Scheme created with 27 regions, 11 gaps, 85.02% coverage
2021-04-03 11:18:12,062 - INFO - Writing overlap_75/OC6_TK/OC6_TK.primer.bed
2021-04-03 11:18:12,063 - INFO - Writing overlap_75/OC6_TK/OC6_TK.insert.bed
2021-04-03 11:18:12,064 - INFO - Writing overlap_75/OC6_TK/OC6_TK.primer.tsv
2021-04-03 11:18:12,065 - INFO - Writing overlap_75/OC6_TK/OC6_TK.reference.fasta
2021-04-03 11:18:12,078 - INFO - Writing overlap_75/OC6_TK/OC6_TK.plot.pdf
2021-04-03 11:18:12,078 - INFO - Writing overlap_75/OC6_TK/OC6_TK.plot.svg
2021-04-03 11:18:12,126 - INFO - Writing overlap_75/OC6_TK/OC6_TK.report.json
2021-04-04 19:08:07,678 - INFO - Writing log to overlap_75/OC6_TK/OC6_TK.log
2021-04-04 19:08:07,712 - INFO - References:
 - OC6_TK
2021-04-04 19:08:07,712 - INFO - Primary reference for coordinate system: OC6_TK
2021-04-04 19:08:07,712 - INFO - Considering primers from all references
2021-04-04 19:08:29,229 - INFO - All done! Scheme created with 27 regions, 11 gaps, 85.02% coverage
2021-04-04 19:08:29,229 - INFO - Writing overlap_75/OC6_TK/OC6_TK.primer.bed
2021-04-04 19:08:29,234 - INFO - Writing overlap_75/OC6_TK/OC6_TK.insert.bed
2021-04-04 19:08:29,238 - INFO - Writing overlap_75/OC6_TK/OC6_TK.primer.tsv
2021-04-04 19:08:29,242 - INFO - Writing overlap_75/OC6_TK/OC6_TK.reference.fasta
2021-04-04 19:08:29,260 - INFO - Writing overlap_75/OC6_TK/OC6_TK.plot.pdf
2021-04-04 19:08:29,260 - INFO - Writing overlap_75/OC6_TK/OC6_TK.plot.svg
2021-04-04 19:08:29,319 - INFO - Writing overlap_75/OC6_TK/OC6_TK.report.json
