2021-04-03 11:21:26,865 - INFO - Writing log to overlap_75/VPE_TK/VPE_TK.log
2021-04-03 11:21:26,886 - INFO - References:
 - VPE_TK
2021-04-03 11:21:26,886 - INFO - Primary reference for coordinate system: VPE_TK
2021-04-03 11:21:26,886 - INFO - Considering primers from all references
2021-04-03 11:21:44,606 - INFO - All done! Scheme created with 19 regions, 7 gaps, 82.77% coverage
2021-04-03 11:21:44,606 - INFO - Writing overlap_75/VPE_TK/VPE_TK.primer.bed
2021-04-03 11:21:44,607 - INFO - Writing overlap_75/VPE_TK/VPE_TK.insert.bed
2021-04-03 11:21:44,607 - INFO - Writing overlap_75/VPE_TK/VPE_TK.primer.tsv
2021-04-03 11:21:44,608 - INFO - Writing overlap_75/VPE_TK/VPE_TK.reference.fasta
2021-04-03 11:21:44,617 - INFO - Writing overlap_75/VPE_TK/VPE_TK.plot.pdf
2021-04-03 11:21:44,617 - INFO - Writing overlap_75/VPE_TK/VPE_TK.plot.svg
2021-04-03 11:21:44,654 - INFO - Writing overlap_75/VPE_TK/VPE_TK.report.json
2021-04-04 19:12:05,398 - INFO - Writing log to overlap_75/VPE_TK/VPE_TK.log
2021-04-04 19:12:05,421 - INFO - References:
 - VPE_TK
2021-04-04 19:12:05,421 - INFO - Primary reference for coordinate system: VPE_TK
2021-04-04 19:12:05,421 - INFO - Considering primers from all references
2021-04-04 19:12:25,107 - INFO - All done! Scheme created with 19 regions, 7 gaps, 82.77% coverage
2021-04-04 19:12:25,107 - INFO - Writing overlap_75/VPE_TK/VPE_TK.primer.bed
2021-04-04 19:12:25,111 - INFO - Writing overlap_75/VPE_TK/VPE_TK.insert.bed
2021-04-04 19:12:25,115 - INFO - Writing overlap_75/VPE_TK/VPE_TK.primer.tsv
2021-04-04 19:12:25,119 - INFO - Writing overlap_75/VPE_TK/VPE_TK.reference.fasta
2021-04-04 19:12:25,132 - INFO - Writing overlap_75/VPE_TK/VPE_TK.plot.pdf
2021-04-04 19:12:25,132 - INFO - Writing overlap_75/VPE_TK/VPE_TK.plot.svg
2021-04-04 19:12:25,178 - INFO - Writing overlap_75/VPE_TK/VPE_TK.report.json
