2020-12-01 05:20:09,441 - INFO - Writing log to overlap_50/4C5DP2CMDEK1_TK/4C5DP2CMDEK1_TK.log
2020-12-01 05:20:09,469 - INFO - References:
 - 4C5DP2CMDEK1_TK
2020-12-01 05:20:09,469 - INFO - Primary reference for coordinate system: 4C5DP2CMDEK1_TK
2020-12-01 05:20:09,469 - INFO - Considering primers from all references
2020-12-01 05:20:11,326 - INFO - All done! Scheme created with 20 regions, 10 gaps, 73.74% coverage
2020-12-01 05:20:11,327 - INFO - Writing overlap_50/4C5DP2CMDEK1_TK/4C5DP2CMDEK1_TK.primer.bed
2020-12-01 05:20:11,329 - INFO - Writing overlap_50/4C5DP2CMDEK1_TK/4C5DP2CMDEK1_TK.insert.bed
2020-12-01 05:20:11,330 - INFO - Writing overlap_50/4C5DP2CMDEK1_TK/4C5DP2CMDEK1_TK.primer.tsv
2020-12-01 05:20:11,331 - INFO - Writing overlap_50/4C5DP2CMDEK1_TK/4C5DP2CMDEK1_TK.reference.fasta
2020-12-01 05:20:11,348 - INFO - Writing overlap_50/4C5DP2CMDEK1_TK/4C5DP2CMDEK1_TK.plot.pdf
2020-12-01 05:20:11,348 - INFO - Writing overlap_50/4C5DP2CMDEK1_TK/4C5DP2CMDEK1_TK.plot.svg
2020-12-01 05:20:11,397 - INFO - Writing overlap_50/4C5DP2CMDEK1_TK/4C5DP2CMDEK1_TK.report.json
2021-04-03 01:05:40,608 - INFO - Writing log to overlap_50/4C5DP2CMDEK1_TK/4C5DP2CMDEK1_TK.log
2021-04-03 01:05:40,669 - INFO - References:
 - 4C5DP2CMDEK1_TK
2021-04-03 01:05:40,669 - INFO - Primary reference for coordinate system: 4C5DP2CMDEK1_TK
2021-04-03 01:05:40,669 - INFO - Considering primers from all references
2021-04-03 01:05:51,085 - INFO - All done! Scheme created with 13 regions, 4 gaps, 86.11% coverage
2021-04-03 01:05:51,085 - INFO - Writing overlap_50/4C5DP2CMDEK1_TK/4C5DP2CMDEK1_TK.primer.bed
2021-04-03 01:05:51,089 - INFO - Writing overlap_50/4C5DP2CMDEK1_TK/4C5DP2CMDEK1_TK.insert.bed
2021-04-03 01:05:51,093 - INFO - Writing overlap_50/4C5DP2CMDEK1_TK/4C5DP2CMDEK1_TK.primer.tsv
2021-04-03 01:05:51,097 - INFO - Writing overlap_50/4C5DP2CMDEK1_TK/4C5DP2CMDEK1_TK.reference.fasta
2021-04-03 01:05:51,110 - INFO - Writing overlap_50/4C5DP2CMDEK1_TK/4C5DP2CMDEK1_TK.plot.pdf
2021-04-03 01:05:51,110 - INFO - Writing overlap_50/4C5DP2CMDEK1_TK/4C5DP2CMDEK1_TK.plot.svg
2021-04-03 01:05:51,149 - INFO - Writing overlap_50/4C5DP2CMDEK1_TK/4C5DP2CMDEK1_TK.report.json
2021-04-04 17:44:57,327 - INFO - Writing log to overlap_50/4C5DP2CMDEK1_TK/4C5DP2CMDEK1_TK.log
2021-04-04 17:44:57,354 - INFO - References:
 - 4C5DP2CMDEK1_TK
2021-04-04 17:44:57,354 - INFO - Primary reference for coordinate system: 4C5DP2CMDEK1_TK
2021-04-04 17:44:57,354 - INFO - Considering primers from all references
2021-04-04 17:45:06,692 - INFO - All done! Scheme created with 13 regions, 4 gaps, 86.11% coverage
2021-04-04 17:45:06,693 - INFO - Writing overlap_50/4C5DP2CMDEK1_TK/4C5DP2CMDEK1_TK.primer.bed
2021-04-04 17:45:06,696 - INFO - Writing overlap_50/4C5DP2CMDEK1_TK/4C5DP2CMDEK1_TK.insert.bed
2021-04-04 17:45:06,698 - INFO - Writing overlap_50/4C5DP2CMDEK1_TK/4C5DP2CMDEK1_TK.primer.tsv
2021-04-04 17:45:06,701 - INFO - Writing overlap_50/4C5DP2CMDEK1_TK/4C5DP2CMDEK1_TK.reference.fasta
2021-04-04 17:45:06,710 - INFO - Writing overlap_50/4C5DP2CMDEK1_TK/4C5DP2CMDEK1_TK.plot.pdf
2021-04-04 17:45:06,711 - INFO - Writing overlap_50/4C5DP2CMDEK1_TK/4C5DP2CMDEK1_TK.plot.svg
2021-04-04 17:45:06,744 - INFO - Writing overlap_50/4C5DP2CMDEK1_TK/4C5DP2CMDEK1_TK.report.json
