2021-04-03 11:27:45,807 - INFO - Writing log to overlap_80/FDPS1_TK/FDPS1_TK.log
2021-04-03 11:27:45,813 - INFO - References:
 - FDPS1_TK
2021-04-03 11:27:45,813 - INFO - Primary reference for coordinate system: FDPS1_TK
2021-04-03 11:27:45,813 - INFO - Considering primers from all references
2021-04-03 11:27:53,895 - INFO - All done! Scheme created with 12 regions, 3 gaps, 86.08% coverage
2021-04-03 11:27:53,895 - INFO - Writing overlap_80/FDPS1_TK/FDPS1_TK.primer.bed
2021-04-03 11:27:53,896 - INFO - Writing overlap_80/FDPS1_TK/FDPS1_TK.insert.bed
2021-04-03 11:27:53,896 - INFO - Writing overlap_80/FDPS1_TK/FDPS1_TK.primer.tsv
2021-04-03 11:27:53,897 - INFO - Writing overlap_80/FDPS1_TK/FDPS1_TK.reference.fasta
2021-04-03 11:27:53,904 - INFO - Writing overlap_80/FDPS1_TK/FDPS1_TK.plot.pdf
2021-04-03 11:27:53,904 - INFO - Writing overlap_80/FDPS1_TK/FDPS1_TK.plot.svg
2021-04-03 11:27:53,931 - INFO - Writing overlap_80/FDPS1_TK/FDPS1_TK.report.json
2021-04-04 19:19:07,830 - INFO - Writing log to overlap_80/FDPS1_TK/FDPS1_TK.log
2021-04-04 19:19:07,862 - INFO - References:
 - FDPS1_TK
2021-04-04 19:19:07,862 - INFO - Primary reference for coordinate system: FDPS1_TK
2021-04-04 19:19:07,862 - INFO - Considering primers from all references
2021-04-04 19:19:16,592 - INFO - All done! Scheme created with 12 regions, 3 gaps, 86.08% coverage
2021-04-04 19:19:16,592 - INFO - Writing overlap_80/FDPS1_TK/FDPS1_TK.primer.bed
2021-04-04 19:19:16,595 - INFO - Writing overlap_80/FDPS1_TK/FDPS1_TK.insert.bed
2021-04-04 19:19:16,598 - INFO - Writing overlap_80/FDPS1_TK/FDPS1_TK.primer.tsv
2021-04-04 19:19:16,600 - INFO - Writing overlap_80/FDPS1_TK/FDPS1_TK.reference.fasta
2021-04-04 19:19:16,610 - INFO - Writing overlap_80/FDPS1_TK/FDPS1_TK.plot.pdf
2021-04-04 19:19:16,610 - INFO - Writing overlap_80/FDPS1_TK/FDPS1_TK.plot.svg
2021-04-04 19:19:16,643 - INFO - Writing overlap_80/FDPS1_TK/FDPS1_TK.report.json
