2021-04-03 11:22:19,334 - INFO - Writing log to overlap_80/1DDX5PS3_TK/1DDX5PS3_TK.log
2021-04-03 11:22:19,340 - INFO - References:
 - 1DDX5PS3_TK
2021-04-03 11:22:19,340 - INFO - Primary reference for coordinate system: 1DDX5PS3_TK
2021-04-03 11:22:19,340 - INFO - Considering primers from all references
2021-04-03 11:22:28,230 - INFO - All done! Scheme created with 14 regions, 6 gaps, 72.99% coverage
2021-04-03 11:22:28,230 - INFO - Writing overlap_80/1DDX5PS3_TK/1DDX5PS3_TK.primer.bed
2021-04-03 11:22:28,231 - INFO - Writing overlap_80/1DDX5PS3_TK/1DDX5PS3_TK.insert.bed
2021-04-03 11:22:28,231 - INFO - Writing overlap_80/1DDX5PS3_TK/1DDX5PS3_TK.primer.tsv
2021-04-03 11:22:28,232 - INFO - Writing overlap_80/1DDX5PS3_TK/1DDX5PS3_TK.reference.fasta
2021-04-03 11:22:28,239 - INFO - Writing overlap_80/1DDX5PS3_TK/1DDX5PS3_TK.plot.pdf
2021-04-03 11:22:28,239 - INFO - Writing overlap_80/1DDX5PS3_TK/1DDX5PS3_TK.plot.svg
2021-04-03 11:22:28,269 - INFO - Writing overlap_80/1DDX5PS3_TK/1DDX5PS3_TK.report.json
2021-04-04 19:13:03,929 - INFO - Writing log to overlap_80/1DDX5PS3_TK/1DDX5PS3_TK.log
2021-04-04 19:13:03,941 - INFO - References:
 - 1DDX5PS3_TK
2021-04-04 19:13:03,941 - INFO - Primary reference for coordinate system: 1DDX5PS3_TK
2021-04-04 19:13:03,941 - INFO - Considering primers from all references
2021-04-04 19:13:13,839 - INFO - All done! Scheme created with 14 regions, 6 gaps, 72.99% coverage
2021-04-04 19:13:13,839 - INFO - Writing overlap_80/1DDX5PS3_TK/1DDX5PS3_TK.primer.bed
2021-04-04 19:13:13,844 - INFO - Writing overlap_80/1DDX5PS3_TK/1DDX5PS3_TK.insert.bed
2021-04-04 19:13:13,847 - INFO - Writing overlap_80/1DDX5PS3_TK/1DDX5PS3_TK.primer.tsv
2021-04-04 19:13:13,851 - INFO - Writing overlap_80/1DDX5PS3_TK/1DDX5PS3_TK.reference.fasta
2021-04-04 19:13:13,862 - INFO - Writing overlap_80/1DDX5PS3_TK/1DDX5PS3_TK.plot.pdf
2021-04-04 19:13:13,862 - INFO - Writing overlap_80/1DDX5PS3_TK/1DDX5PS3_TK.plot.svg
2021-04-04 19:13:13,902 - INFO - Writing overlap_80/1DDX5PS3_TK/1DDX5PS3_TK.report.json
