2020-12-01 05:20:57,764 - INFO - Writing log to overlap_55/2cMDE4PCT1_TK/2cMDE4PCT1_TK.log
2020-12-01 05:20:57,783 - INFO - References:
 - 2cMDE4PCT1_TK
2020-12-01 05:20:57,783 - INFO - Primary reference for coordinate system: 2cMDE4PCT1_TK
2020-12-01 05:20:57,783 - INFO - Considering primers from all references
2020-12-01 05:20:59,323 - INFO - All done! Scheme created with 17 regions, 5 gaps, 66.59% coverage
2020-12-01 05:20:59,323 - INFO - Writing overlap_55/2cMDE4PCT1_TK/2cMDE4PCT1_TK.primer.bed
2020-12-01 05:20:59,324 - INFO - Writing overlap_55/2cMDE4PCT1_TK/2cMDE4PCT1_TK.insert.bed
2020-12-01 05:20:59,325 - INFO - Writing overlap_55/2cMDE4PCT1_TK/2cMDE4PCT1_TK.primer.tsv
2020-12-01 05:20:59,326 - INFO - Writing overlap_55/2cMDE4PCT1_TK/2cMDE4PCT1_TK.reference.fasta
2020-12-01 05:20:59,334 - INFO - Writing overlap_55/2cMDE4PCT1_TK/2cMDE4PCT1_TK.plot.pdf
2020-12-01 05:20:59,334 - INFO - Writing overlap_55/2cMDE4PCT1_TK/2cMDE4PCT1_TK.plot.svg
2020-12-01 05:20:59,364 - INFO - Writing overlap_55/2cMDE4PCT1_TK/2cMDE4PCT1_TK.report.json
2021-04-03 01:21:28,616 - INFO - Writing log to overlap_55/2cMDE4PCT1_TK/2cMDE4PCT1_TK.log
2021-04-03 01:21:28,647 - INFO - References:
 - 2cMDE4PCT1_TK
2021-04-03 01:21:28,647 - INFO - Primary reference for coordinate system: 2cMDE4PCT1_TK
2021-04-03 01:21:28,647 - INFO - Considering primers from all references
2021-04-03 01:21:40,063 - INFO - All done! Scheme created with 11 regions, 1 gap, 85.13% coverage
2021-04-03 01:21:40,063 - INFO - Writing overlap_55/2cMDE4PCT1_TK/2cMDE4PCT1_TK.primer.bed
2021-04-03 01:21:40,067 - INFO - Writing overlap_55/2cMDE4PCT1_TK/2cMDE4PCT1_TK.insert.bed
2021-04-03 01:21:40,071 - INFO - Writing overlap_55/2cMDE4PCT1_TK/2cMDE4PCT1_TK.primer.tsv
2021-04-03 01:21:40,075 - INFO - Writing overlap_55/2cMDE4PCT1_TK/2cMDE4PCT1_TK.reference.fasta
2021-04-03 01:21:40,086 - INFO - Writing overlap_55/2cMDE4PCT1_TK/2cMDE4PCT1_TK.plot.pdf
2021-04-03 01:21:40,087 - INFO - Writing overlap_55/2cMDE4PCT1_TK/2cMDE4PCT1_TK.plot.svg
2021-04-03 01:21:40,124 - INFO - Writing overlap_55/2cMDE4PCT1_TK/2cMDE4PCT1_TK.report.json
2021-04-04 17:59:04,321 - INFO - Writing log to overlap_55/2cMDE4PCT1_TK/2cMDE4PCT1_TK.log
2021-04-04 17:59:04,338 - INFO - References:
 - 2cMDE4PCT1_TK
2021-04-04 17:59:04,338 - INFO - Primary reference for coordinate system: 2cMDE4PCT1_TK
2021-04-04 17:59:04,338 - INFO - Considering primers from all references
2021-04-04 17:59:15,053 - INFO - All done! Scheme created with 11 regions, 1 gap, 85.13% coverage
2021-04-04 17:59:15,053 - INFO - Writing overlap_55/2cMDE4PCT1_TK/2cMDE4PCT1_TK.primer.bed
2021-04-04 17:59:15,056 - INFO - Writing overlap_55/2cMDE4PCT1_TK/2cMDE4PCT1_TK.insert.bed
2021-04-04 17:59:15,059 - INFO - Writing overlap_55/2cMDE4PCT1_TK/2cMDE4PCT1_TK.primer.tsv
2021-04-04 17:59:15,061 - INFO - Writing overlap_55/2cMDE4PCT1_TK/2cMDE4PCT1_TK.reference.fasta
2021-04-04 17:59:15,070 - INFO - Writing overlap_55/2cMDE4PCT1_TK/2cMDE4PCT1_TK.plot.pdf
2021-04-04 17:59:15,070 - INFO - Writing overlap_55/2cMDE4PCT1_TK/2cMDE4PCT1_TK.plot.svg
2021-04-04 17:59:15,101 - INFO - Writing overlap_55/2cMDE4PCT1_TK/2cMDE4PCT1_TK.report.json
