2020-12-01 05:22:50,259 - INFO - Writing log to overlap_65/FDPS2_TK/FDPS2_TK.log
2020-12-01 05:22:50,265 - INFO - References:
 - FDPS2_TK
2020-12-01 05:22:50,266 - INFO - Primary reference for coordinate system: FDPS2_TK
2020-12-01 05:22:50,266 - INFO - Considering primers from all references
2020-12-01 05:22:52,013 - INFO - All done! Scheme created with 15 regions, 7 gaps, 62.14% coverage
2020-12-01 05:22:52,013 - INFO - Writing overlap_65/FDPS2_TK/FDPS2_TK.primer.bed
2020-12-01 05:22:52,014 - INFO - Writing overlap_65/FDPS2_TK/FDPS2_TK.insert.bed
2020-12-01 05:22:52,015 - INFO - Writing overlap_65/FDPS2_TK/FDPS2_TK.primer.tsv
2020-12-01 05:22:52,016 - INFO - Writing overlap_65/FDPS2_TK/FDPS2_TK.reference.fasta
2020-12-01 05:22:52,025 - INFO - Writing overlap_65/FDPS2_TK/FDPS2_TK.plot.pdf
2020-12-01 05:22:52,025 - INFO - Writing overlap_65/FDPS2_TK/FDPS2_TK.plot.svg
2020-12-01 05:22:52,057 - INFO - Writing overlap_65/FDPS2_TK/FDPS2_TK.report.json
2021-04-03 02:00:42,095 - INFO - Writing log to overlap_65/FDPS2_TK/FDPS2_TK.log
2021-04-03 02:00:42,115 - INFO - References:
 - FDPS2_TK
2021-04-03 02:00:42,115 - INFO - Primary reference for coordinate system: FDPS2_TK
2021-04-03 02:00:42,115 - INFO - Considering primers from all references
2021-04-03 02:00:50,636 - INFO - All done! Scheme created with 11 regions, 4 gaps, 81.9% coverage
2021-04-03 02:00:50,636 - INFO - Writing overlap_65/FDPS2_TK/FDPS2_TK.primer.bed
2021-04-03 02:00:50,640 - INFO - Writing overlap_65/FDPS2_TK/FDPS2_TK.insert.bed
2021-04-03 02:00:50,646 - INFO - Writing overlap_65/FDPS2_TK/FDPS2_TK.primer.tsv
2021-04-03 02:00:50,651 - INFO - Writing overlap_65/FDPS2_TK/FDPS2_TK.reference.fasta
2021-04-03 02:00:50,662 - INFO - Writing overlap_65/FDPS2_TK/FDPS2_TK.plot.pdf
2021-04-03 02:00:50,663 - INFO - Writing overlap_65/FDPS2_TK/FDPS2_TK.plot.svg
2021-04-03 02:00:50,700 - INFO - Writing overlap_65/FDPS2_TK/FDPS2_TK.report.json
2021-04-04 18:34:22,827 - INFO - Writing log to overlap_65/FDPS2_TK/FDPS2_TK.log
2021-04-04 18:34:22,871 - INFO - References:
 - FDPS2_TK
2021-04-04 18:34:22,871 - INFO - Primary reference for coordinate system: FDPS2_TK
2021-04-04 18:34:22,871 - INFO - Considering primers from all references
2021-04-04 18:34:30,773 - INFO - All done! Scheme created with 11 regions, 4 gaps, 81.9% coverage
2021-04-04 18:34:30,774 - INFO - Writing overlap_65/FDPS2_TK/FDPS2_TK.primer.bed
2021-04-04 18:34:30,777 - INFO - Writing overlap_65/FDPS2_TK/FDPS2_TK.insert.bed
2021-04-04 18:34:30,779 - INFO - Writing overlap_65/FDPS2_TK/FDPS2_TK.primer.tsv
2021-04-04 18:34:30,781 - INFO - Writing overlap_65/FDPS2_TK/FDPS2_TK.reference.fasta
2021-04-04 18:34:30,790 - INFO - Writing overlap_65/FDPS2_TK/FDPS2_TK.plot.pdf
2021-04-04 18:34:30,790 - INFO - Writing overlap_65/FDPS2_TK/FDPS2_TK.plot.svg
2021-04-04 18:34:30,820 - INFO - Writing overlap_65/FDPS2_TK/FDPS2_TK.report.json
