2021-04-03 00:58:53,374 - INFO - Writing log to overlap_45/PMEI_TK/PMEI_TK.log
2021-04-03 00:58:53,382 - INFO - References:
 - PMEI_TK
2021-04-03 00:58:53,383 - INFO - Primary reference for coordinate system: PMEI_TK
2021-04-03 00:58:53,383 - INFO - Considering primers from all references
2021-04-03 00:59:00,940 - INFO - All done! Scheme created with 10 regions, 4 gaps, 75.97% coverage
2021-04-03 00:59:00,940 - INFO - Writing overlap_45/PMEI_TK/PMEI_TK.primer.bed
2021-04-03 00:59:00,941 - INFO - Writing overlap_45/PMEI_TK/PMEI_TK.insert.bed
2021-04-03 00:59:00,942 - INFO - Writing overlap_45/PMEI_TK/PMEI_TK.primer.tsv
2021-04-03 00:59:00,943 - INFO - Writing overlap_45/PMEI_TK/PMEI_TK.reference.fasta
2021-04-03 00:59:00,951 - INFO - Writing overlap_45/PMEI_TK/PMEI_TK.plot.pdf
2021-04-03 00:59:00,951 - INFO - Writing overlap_45/PMEI_TK/PMEI_TK.plot.svg
2021-04-03 00:59:00,982 - INFO - Writing overlap_45/PMEI_TK/PMEI_TK.report.json
2021-04-04 17:38:38,986 - INFO - Writing log to overlap_45/PMEI_TK/PMEI_TK.log
2021-04-04 17:38:39,009 - INFO - References:
 - PMEI_TK
2021-04-04 17:38:39,009 - INFO - Primary reference for coordinate system: PMEI_TK
2021-04-04 17:38:39,009 - INFO - Considering primers from all references
2021-04-04 17:38:45,691 - INFO - All done! Scheme created with 10 regions, 4 gaps, 75.97% coverage
2021-04-04 17:38:45,691 - INFO - Writing overlap_45/PMEI_TK/PMEI_TK.primer.bed
2021-04-04 17:38:45,696 - INFO - Writing overlap_45/PMEI_TK/PMEI_TK.insert.bed
2021-04-04 17:38:45,700 - INFO - Writing overlap_45/PMEI_TK/PMEI_TK.primer.tsv
2021-04-04 17:38:45,704 - INFO - Writing overlap_45/PMEI_TK/PMEI_TK.reference.fasta
2021-04-04 17:38:45,713 - INFO - Writing overlap_45/PMEI_TK/PMEI_TK.plot.pdf
2021-04-04 17:38:45,713 - INFO - Writing overlap_45/PMEI_TK/PMEI_TK.plot.svg
2021-04-04 17:38:45,745 - INFO - Writing overlap_45/PMEI_TK/PMEI_TK.report.json
