2021-04-03 11:28:59,943 - INFO - Writing log to overlap_80/HSCP70-1_TK/HSCP70-1_TK.log
2021-04-03 11:28:59,949 - INFO - References:
 - HSCP70-1_TK
2021-04-03 11:28:59,949 - INFO - Primary reference for coordinate system: HSCP70-1_TK
2021-04-03 11:28:59,949 - INFO - Considering primers from all references
2021-04-03 11:29:04,739 - INFO - All done! Scheme created with 8 regions, 2 gaps, 74.2% coverage
2021-04-03 11:29:04,739 - INFO - Writing overlap_80/HSCP70-1_TK/HSCP70-1_TK.primer.bed
2021-04-03 11:29:04,741 - INFO - Writing overlap_80/HSCP70-1_TK/HSCP70-1_TK.insert.bed
2021-04-03 11:29:04,741 - INFO - Writing overlap_80/HSCP70-1_TK/HSCP70-1_TK.primer.tsv
2021-04-03 11:29:04,742 - INFO - Writing overlap_80/HSCP70-1_TK/HSCP70-1_TK.reference.fasta
2021-04-03 11:29:04,748 - INFO - Writing overlap_80/HSCP70-1_TK/HSCP70-1_TK.plot.pdf
2021-04-03 11:29:04,748 - INFO - Writing overlap_80/HSCP70-1_TK/HSCP70-1_TK.plot.svg
2021-04-03 11:29:04,770 - INFO - Writing overlap_80/HSCP70-1_TK/HSCP70-1_TK.report.json
2021-04-04 19:20:30,377 - INFO - Writing log to overlap_80/HSCP70-1_TK/HSCP70-1_TK.log
2021-04-04 19:20:30,398 - INFO - References:
 - HSCP70-1_TK
2021-04-04 19:20:30,398 - INFO - Primary reference for coordinate system: HSCP70-1_TK
2021-04-04 19:20:30,398 - INFO - Considering primers from all references
2021-04-04 19:20:35,720 - INFO - All done! Scheme created with 8 regions, 2 gaps, 74.2% coverage
2021-04-04 19:20:35,720 - INFO - Writing overlap_80/HSCP70-1_TK/HSCP70-1_TK.primer.bed
2021-04-04 19:20:35,723 - INFO - Writing overlap_80/HSCP70-1_TK/HSCP70-1_TK.insert.bed
2021-04-04 19:20:35,725 - INFO - Writing overlap_80/HSCP70-1_TK/HSCP70-1_TK.primer.tsv
2021-04-04 19:20:35,728 - INFO - Writing overlap_80/HSCP70-1_TK/HSCP70-1_TK.reference.fasta
2021-04-04 19:20:35,735 - INFO - Writing overlap_80/HSCP70-1_TK/HSCP70-1_TK.plot.pdf
2021-04-04 19:20:35,735 - INFO - Writing overlap_80/HSCP70-1_TK/HSCP70-1_TK.plot.svg
2021-04-04 19:20:35,761 - INFO - Writing overlap_80/HSCP70-1_TK/HSCP70-1_TK.report.json
