2021-04-03 01:23:45,106 - INFO - Writing log to overlap_55/ALS_TK/ALS_TK.log
2021-04-03 01:23:45,118 - INFO - References:
 - ALS_TK
2021-04-03 01:23:45,118 - INFO - Primary reference for coordinate system: ALS_TK
2021-04-03 01:23:45,118 - INFO - Considering primers from all references
2021-04-03 01:24:36,053 - INFO - All done! Scheme created with 58 regions, 22 gaps, 88.83% coverage
2021-04-03 01:24:36,053 - INFO - Writing overlap_55/ALS_TK/ALS_TK.primer.bed
2021-04-03 01:24:36,055 - INFO - Writing overlap_55/ALS_TK/ALS_TK.insert.bed
2021-04-03 01:24:36,056 - INFO - Writing overlap_55/ALS_TK/ALS_TK.primer.tsv
2021-04-03 01:24:36,058 - INFO - Writing overlap_55/ALS_TK/ALS_TK.reference.fasta
2021-04-03 01:24:36,091 - INFO - Writing overlap_55/ALS_TK/ALS_TK.plot.pdf
2021-04-03 01:24:36,092 - INFO - Writing overlap_55/ALS_TK/ALS_TK.plot.svg
2021-04-03 01:24:36,206 - INFO - Writing overlap_55/ALS_TK/ALS_TK.report.json
2021-04-04 18:01:09,100 - INFO - Writing log to overlap_55/ALS_TK/ALS_TK.log
2021-04-04 18:01:09,187 - INFO - References:
 - ALS_TK
2021-04-04 18:01:09,187 - INFO - Primary reference for coordinate system: ALS_TK
2021-04-04 18:01:09,187 - INFO - Considering primers from all references
2021-04-04 18:01:54,661 - INFO - All done! Scheme created with 58 regions, 22 gaps, 88.83% coverage
2021-04-04 18:01:54,661 - INFO - Writing overlap_55/ALS_TK/ALS_TK.primer.bed
2021-04-04 18:01:54,664 - INFO - Writing overlap_55/ALS_TK/ALS_TK.insert.bed
2021-04-04 18:01:54,667 - INFO - Writing overlap_55/ALS_TK/ALS_TK.primer.tsv
2021-04-04 18:01:54,670 - INFO - Writing overlap_55/ALS_TK/ALS_TK.reference.fasta
2021-04-04 18:01:54,701 - INFO - Writing overlap_55/ALS_TK/ALS_TK.plot.pdf
2021-04-04 18:01:54,702 - INFO - Writing overlap_55/ALS_TK/ALS_TK.plot.svg
2021-04-04 18:01:54,808 - INFO - Writing overlap_55/ALS_TK/ALS_TK.report.json
