2021-04-03 11:23:10,330 - INFO - Writing log to overlap_80/2cMDE4PCT1_TK/2cMDE4PCT1_TK.log
2021-04-03 11:23:10,336 - INFO - References:
 - 2cMDE4PCT1_TK
2021-04-03 11:23:10,336 - INFO - Primary reference for coordinate system: 2cMDE4PCT1_TK
2021-04-03 11:23:10,336 - INFO - Considering primers from all references
2021-04-03 11:23:19,646 - INFO - All done! Scheme created with 11 regions, 1 gap, 85.13% coverage
2021-04-03 11:23:19,646 - INFO - Writing overlap_80/2cMDE4PCT1_TK/2cMDE4PCT1_TK.primer.bed
2021-04-03 11:23:19,647 - INFO - Writing overlap_80/2cMDE4PCT1_TK/2cMDE4PCT1_TK.insert.bed
2021-04-03 11:23:19,648 - INFO - Writing overlap_80/2cMDE4PCT1_TK/2cMDE4PCT1_TK.primer.tsv
2021-04-03 11:23:19,649 - INFO - Writing overlap_80/2cMDE4PCT1_TK/2cMDE4PCT1_TK.reference.fasta
2021-04-03 11:23:19,655 - INFO - Writing overlap_80/2cMDE4PCT1_TK/2cMDE4PCT1_TK.plot.pdf
2021-04-03 11:23:19,655 - INFO - Writing overlap_80/2cMDE4PCT1_TK/2cMDE4PCT1_TK.plot.svg
2021-04-03 11:23:19,680 - INFO - Writing overlap_80/2cMDE4PCT1_TK/2cMDE4PCT1_TK.report.json
2021-04-04 19:14:00,695 - INFO - Writing log to overlap_80/2cMDE4PCT1_TK/2cMDE4PCT1_TK.log
2021-04-04 19:14:00,723 - INFO - References:
 - 2cMDE4PCT1_TK
2021-04-04 19:14:00,724 - INFO - Primary reference for coordinate system: 2cMDE4PCT1_TK
2021-04-04 19:14:00,724 - INFO - Considering primers from all references
2021-04-04 19:14:11,042 - INFO - All done! Scheme created with 11 regions, 1 gap, 85.13% coverage
2021-04-04 19:14:11,043 - INFO - Writing overlap_80/2cMDE4PCT1_TK/2cMDE4PCT1_TK.primer.bed
2021-04-04 19:14:11,047 - INFO - Writing overlap_80/2cMDE4PCT1_TK/2cMDE4PCT1_TK.insert.bed
2021-04-04 19:14:11,051 - INFO - Writing overlap_80/2cMDE4PCT1_TK/2cMDE4PCT1_TK.primer.tsv
2021-04-04 19:14:11,055 - INFO - Writing overlap_80/2cMDE4PCT1_TK/2cMDE4PCT1_TK.reference.fasta
2021-04-04 19:14:11,065 - INFO - Writing overlap_80/2cMDE4PCT1_TK/2cMDE4PCT1_TK.plot.pdf
2021-04-04 19:14:11,065 - INFO - Writing overlap_80/2cMDE4PCT1_TK/2cMDE4PCT1_TK.plot.svg
2021-04-04 19:14:11,098 - INFO - Writing overlap_80/2cMDE4PCT1_TK/2cMDE4PCT1_TK.report.json
