2021-04-03 11:19:23,863 - INFO - Writing log to overlap_75/RBP45A_TK/RBP45A_TK.log
2021-04-03 11:19:23,886 - INFO - References:
 - RBP45A_TK
2021-04-03 11:19:23,886 - INFO - Primary reference for coordinate system: RBP45A_TK
2021-04-03 11:19:23,886 - INFO - Considering primers from all references
2021-04-03 11:19:32,023 - INFO - All done! Scheme created with 13 regions, 3 gaps, 81.65% coverage
2021-04-03 11:19:32,023 - INFO - Writing overlap_75/RBP45A_TK/RBP45A_TK.primer.bed
2021-04-03 11:19:32,023 - INFO - Writing overlap_75/RBP45A_TK/RBP45A_TK.insert.bed
2021-04-03 11:19:32,024 - INFO - Writing overlap_75/RBP45A_TK/RBP45A_TK.primer.tsv
2021-04-03 11:19:32,024 - INFO - Writing overlap_75/RBP45A_TK/RBP45A_TK.reference.fasta
2021-04-03 11:19:32,032 - INFO - Writing overlap_75/RBP45A_TK/RBP45A_TK.plot.pdf
2021-04-03 11:19:32,032 - INFO - Writing overlap_75/RBP45A_TK/RBP45A_TK.plot.svg
2021-04-03 11:19:32,059 - INFO - Writing overlap_75/RBP45A_TK/RBP45A_TK.report.json
2021-04-04 19:09:49,364 - INFO - Writing log to overlap_75/RBP45A_TK/RBP45A_TK.log
2021-04-04 19:09:49,377 - INFO - References:
 - RBP45A_TK
2021-04-04 19:09:49,377 - INFO - Primary reference for coordinate system: RBP45A_TK
2021-04-04 19:09:49,377 - INFO - Considering primers from all references
2021-04-04 19:09:58,435 - INFO - All done! Scheme created with 13 regions, 3 gaps, 81.65% coverage
2021-04-04 19:09:58,435 - INFO - Writing overlap_75/RBP45A_TK/RBP45A_TK.primer.bed
2021-04-04 19:09:58,440 - INFO - Writing overlap_75/RBP45A_TK/RBP45A_TK.insert.bed
2021-04-04 19:09:58,445 - INFO - Writing overlap_75/RBP45A_TK/RBP45A_TK.primer.tsv
2021-04-04 19:09:58,449 - INFO - Writing overlap_75/RBP45A_TK/RBP45A_TK.reference.fasta
2021-04-04 19:09:58,460 - INFO - Writing overlap_75/RBP45A_TK/RBP45A_TK.plot.pdf
2021-04-04 19:09:58,460 - INFO - Writing overlap_75/RBP45A_TK/RBP45A_TK.plot.svg
2021-04-04 19:09:58,496 - INFO - Writing overlap_75/RBP45A_TK/RBP45A_TK.report.json
