2021-04-02 20:43:10,399 - INFO - Writing log to overlap_70/EH_TK/EH_TK.log
2021-04-02 20:43:10,437 - INFO - References:
 - EH_TK
2021-04-02 20:43:10,437 - INFO - Primary reference for coordinate system: EH_TK
2021-04-02 20:43:10,437 - INFO - Considering primers from all references
2021-04-02 20:43:13,455 - INFO - All done! Scheme created with 5 regions, 1 gap, 68.84% coverage
2021-04-02 20:43:13,456 - INFO - Writing overlap_70/EH_TK/EH_TK.primer.bed
2021-04-02 20:43:13,457 - INFO - Writing overlap_70/EH_TK/EH_TK.insert.bed
2021-04-02 20:43:13,458 - INFO - Writing overlap_70/EH_TK/EH_TK.primer.tsv
2021-04-02 20:43:13,458 - INFO - Writing overlap_70/EH_TK/EH_TK.reference.fasta
2021-04-02 20:43:13,462 - INFO - Writing overlap_70/EH_TK/EH_TK.plot.pdf
2021-04-02 20:43:13,462 - INFO - Writing overlap_70/EH_TK/EH_TK.plot.svg
2021-04-02 20:43:13,479 - INFO - Writing overlap_70/EH_TK/EH_TK.report.json
2021-04-03 02:16:36,533 - INFO - Writing log to overlap_70/EH_TK/EH_TK.log
2021-04-03 02:16:36,554 - INFO - References:
 - EH_TK
2021-04-03 02:16:36,554 - INFO - Primary reference for coordinate system: EH_TK
2021-04-03 02:16:36,554 - INFO - Considering primers from all references
2021-04-03 02:16:40,291 - INFO - All done! Scheme created with 5 regions, 1 gap, 68.84% coverage
2021-04-03 02:16:40,292 - INFO - Writing overlap_70/EH_TK/EH_TK.primer.bed
2021-04-03 02:16:40,295 - INFO - Writing overlap_70/EH_TK/EH_TK.insert.bed
2021-04-03 02:16:40,299 - INFO - Writing overlap_70/EH_TK/EH_TK.primer.tsv
2021-04-03 02:16:40,303 - INFO - Writing overlap_70/EH_TK/EH_TK.reference.fasta
2021-04-03 02:16:40,312 - INFO - Writing overlap_70/EH_TK/EH_TK.plot.pdf
2021-04-03 02:16:40,312 - INFO - Writing overlap_70/EH_TK/EH_TK.plot.svg
2021-04-03 02:16:40,340 - INFO - Writing overlap_70/EH_TK/EH_TK.report.json
