2021-04-02 20:43:13,862 - INFO - Writing log to overlap_70/ERF_TK/ERF_TK.log
2021-04-02 20:43:13,890 - INFO - References:
 - ERF_TK
2021-04-02 20:43:13,890 - INFO - Primary reference for coordinate system: ERF_TK
2021-04-02 20:43:13,890 - INFO - Considering primers from all references
2021-04-02 20:43:16,319 - INFO - All done! Scheme created with 4 regions, 1 gap, 70.1% coverage
2021-04-02 20:43:16,319 - INFO - Writing overlap_70/ERF_TK/ERF_TK.primer.bed
2021-04-02 20:43:16,320 - INFO - Writing overlap_70/ERF_TK/ERF_TK.insert.bed
2021-04-02 20:43:16,321 - INFO - Writing overlap_70/ERF_TK/ERF_TK.primer.tsv
2021-04-02 20:43:16,322 - INFO - Writing overlap_70/ERF_TK/ERF_TK.reference.fasta
2021-04-02 20:43:16,325 - INFO - Writing overlap_70/ERF_TK/ERF_TK.plot.pdf
2021-04-02 20:43:16,325 - INFO - Writing overlap_70/ERF_TK/ERF_TK.plot.svg
2021-04-02 20:43:16,353 - INFO - Writing overlap_70/ERF_TK/ERF_TK.report.json
2021-04-03 02:16:40,930 - INFO - Writing log to overlap_70/ERF_TK/ERF_TK.log
2021-04-03 02:16:40,953 - INFO - References:
 - ERF_TK
2021-04-03 02:16:40,954 - INFO - Primary reference for coordinate system: ERF_TK
2021-04-03 02:16:40,954 - INFO - Considering primers from all references
2021-04-03 02:16:43,874 - INFO - All done! Scheme created with 4 regions, 1 gap, 70.1% coverage
2021-04-03 02:16:43,874 - INFO - Writing overlap_70/ERF_TK/ERF_TK.primer.bed
2021-04-03 02:16:43,878 - INFO - Writing overlap_70/ERF_TK/ERF_TK.insert.bed
2021-04-03 02:16:43,882 - INFO - Writing overlap_70/ERF_TK/ERF_TK.primer.tsv
2021-04-03 02:16:43,886 - INFO - Writing overlap_70/ERF_TK/ERF_TK.reference.fasta
2021-04-03 02:16:43,893 - INFO - Writing overlap_70/ERF_TK/ERF_TK.plot.pdf
2021-04-03 02:16:43,893 - INFO - Writing overlap_70/ERF_TK/ERF_TK.plot.svg
2021-04-03 02:16:43,947 - INFO - Writing overlap_70/ERF_TK/ERF_TK.report.json
