2021-04-03 01:57:07,718 - INFO - Writing log to overlap_65/ALS_TK/ALS_TK.log
2021-04-03 01:57:07,729 - INFO - References:
 - ALS_TK
2021-04-03 01:57:07,729 - INFO - Primary reference for coordinate system: ALS_TK
2021-04-03 01:57:07,729 - INFO - Considering primers from all references
2021-04-03 01:57:57,669 - INFO - All done! Scheme created with 58 regions, 22 gaps, 88.83% coverage
2021-04-03 01:57:57,670 - INFO - Writing overlap_65/ALS_TK/ALS_TK.primer.bed
2021-04-03 01:57:57,672 - INFO - Writing overlap_65/ALS_TK/ALS_TK.insert.bed
2021-04-03 01:57:57,673 - INFO - Writing overlap_65/ALS_TK/ALS_TK.primer.tsv
2021-04-03 01:57:57,674 - INFO - Writing overlap_65/ALS_TK/ALS_TK.reference.fasta
2021-04-03 01:57:57,707 - INFO - Writing overlap_65/ALS_TK/ALS_TK.plot.pdf
2021-04-03 01:57:57,708 - INFO - Writing overlap_65/ALS_TK/ALS_TK.plot.svg
2021-04-03 01:57:57,822 - INFO - Writing overlap_65/ALS_TK/ALS_TK.report.json
2021-04-04 18:31:07,907 - INFO - Writing log to overlap_65/ALS_TK/ALS_TK.log
2021-04-04 18:31:07,933 - INFO - References:
 - ALS_TK
2021-04-04 18:31:07,933 - INFO - Primary reference for coordinate system: ALS_TK
2021-04-04 18:31:07,933 - INFO - Considering primers from all references
2021-04-04 18:31:53,362 - INFO - All done! Scheme created with 58 regions, 22 gaps, 88.83% coverage
2021-04-04 18:31:53,362 - INFO - Writing overlap_65/ALS_TK/ALS_TK.primer.bed
2021-04-04 18:31:53,365 - INFO - Writing overlap_65/ALS_TK/ALS_TK.insert.bed
2021-04-04 18:31:53,368 - INFO - Writing overlap_65/ALS_TK/ALS_TK.primer.tsv
2021-04-04 18:31:53,372 - INFO - Writing overlap_65/ALS_TK/ALS_TK.reference.fasta
2021-04-04 18:31:53,403 - INFO - Writing overlap_65/ALS_TK/ALS_TK.plot.pdf
2021-04-04 18:31:53,403 - INFO - Writing overlap_65/ALS_TK/ALS_TK.plot.svg
2021-04-04 18:31:53,508 - INFO - Writing overlap_65/ALS_TK/ALS_TK.report.json
