2020-12-01 05:21:33,907 - INFO - Writing log to overlap_55/cluster_4H3M2EDPR_TK/cluster_4H3M2EDPR_TK.log
2020-12-01 05:21:33,972 - INFO - References:
 - 4H3M2EDPR1_TK
 - 4H3M2EDPR3_TK
2020-12-01 05:21:33,972 - INFO - Primary reference for coordinate system: 4H3M2EDPR1_TK
2020-12-01 05:21:33,972 - INFO - Considering primers from all references
2020-12-01 05:21:35,477 - INFO - All done! Scheme created with 22 regions, 5 gaps, 82.92% coverage
2020-12-01 05:21:35,477 - INFO - Writing overlap_55/cluster_4H3M2EDPR_TK/cluster_4H3M2EDPR_TK.primer.bed
2020-12-01 05:21:35,478 - INFO - Writing overlap_55/cluster_4H3M2EDPR_TK/cluster_4H3M2EDPR_TK.insert.bed
2020-12-01 05:21:35,479 - INFO - Writing overlap_55/cluster_4H3M2EDPR_TK/cluster_4H3M2EDPR_TK.primer.tsv
2020-12-01 05:21:35,480 - INFO - Writing overlap_55/cluster_4H3M2EDPR_TK/cluster_4H3M2EDPR_TK.reference.fasta
2020-12-01 05:21:35,496 - INFO - Writing overlap_55/cluster_4H3M2EDPR_TK/cluster_4H3M2EDPR_TK.plot.pdf
2020-12-01 05:21:35,496 - INFO - Writing overlap_55/cluster_4H3M2EDPR_TK/cluster_4H3M2EDPR_TK.plot.svg
2020-12-01 05:21:35,596 - INFO - Writing overlap_55/cluster_4H3M2EDPR_TK/cluster_4H3M2EDPR_TK.report.json
2021-04-03 01:25:00,980 - INFO - Writing log to overlap_55/cluster_4H3M2EDPR_TK/cluster_4H3M2EDPR_TK.log
2021-04-03 01:25:01,020 - INFO - References:
 - 4H3M2EDPR1_TK
 - 4H3M2EDPR3_TK
2021-04-03 01:25:01,020 - INFO - Primary reference for coordinate system: 4H3M2EDPR1_TK
2021-04-03 01:25:01,020 - INFO - Considering primers from all references
2021-04-03 01:25:11,193 - INFO - All done! Scheme created with 11 regions, 4 gaps, 73.82% coverage
2021-04-03 01:25:11,193 - INFO - Writing overlap_55/cluster_4H3M2EDPR_TK/cluster_4H3M2EDPR_TK.primer.bed
2021-04-03 01:25:11,197 - INFO - Writing overlap_55/cluster_4H3M2EDPR_TK/cluster_4H3M2EDPR_TK.insert.bed
2021-04-03 01:25:11,201 - INFO - Writing overlap_55/cluster_4H3M2EDPR_TK/cluster_4H3M2EDPR_TK.primer.tsv
2021-04-03 01:25:11,205 - INFO - Writing overlap_55/cluster_4H3M2EDPR_TK/cluster_4H3M2EDPR_TK.reference.fasta
2021-04-03 01:25:11,219 - INFO - Writing overlap_55/cluster_4H3M2EDPR_TK/cluster_4H3M2EDPR_TK.plot.pdf
2021-04-03 01:25:11,219 - INFO - Writing overlap_55/cluster_4H3M2EDPR_TK/cluster_4H3M2EDPR_TK.plot.svg
2021-04-03 01:25:11,258 - INFO - Writing overlap_55/cluster_4H3M2EDPR_TK/cluster_4H3M2EDPR_TK.report.json
2021-04-04 18:02:16,651 - INFO - Writing log to overlap_55/cluster_4H3M2EDPR_TK/cluster_4H3M2EDPR_TK.log
2021-04-04 18:02:16,693 - INFO - References:
 - 4H3M2EDPR1_TK
 - 4H3M2EDPR3_TK
2021-04-04 18:02:16,693 - INFO - Primary reference for coordinate system: 4H3M2EDPR1_TK
2021-04-04 18:02:16,693 - INFO - Considering primers from all references
2021-04-04 18:02:25,768 - INFO - All done! Scheme created with 11 regions, 4 gaps, 73.82% coverage
2021-04-04 18:02:25,768 - INFO - Writing overlap_55/cluster_4H3M2EDPR_TK/cluster_4H3M2EDPR_TK.primer.bed
2021-04-04 18:02:25,771 - INFO - Writing overlap_55/cluster_4H3M2EDPR_TK/cluster_4H3M2EDPR_TK.insert.bed
2021-04-04 18:02:25,773 - INFO - Writing overlap_55/cluster_4H3M2EDPR_TK/cluster_4H3M2EDPR_TK.primer.tsv
2021-04-04 18:02:25,776 - INFO - Writing overlap_55/cluster_4H3M2EDPR_TK/cluster_4H3M2EDPR_TK.reference.fasta
2021-04-04 18:02:25,785 - INFO - Writing overlap_55/cluster_4H3M2EDPR_TK/cluster_4H3M2EDPR_TK.plot.pdf
2021-04-04 18:02:25,785 - INFO - Writing overlap_55/cluster_4H3M2EDPR_TK/cluster_4H3M2EDPR_TK.plot.svg
2021-04-04 18:02:25,817 - INFO - Writing overlap_55/cluster_4H3M2EDPR_TK/cluster_4H3M2EDPR_TK.report.json
