2021-04-03 00:33:49,438 - INFO - Writing log to overlap_40/ACT1_TK/ACT1_TK.log
2021-04-03 00:33:49,463 - INFO - References:
 - ACT1_TK
2021-04-03 00:33:49,464 - INFO - Primary reference for coordinate system: ACT1_TK
2021-04-03 00:33:49,464 - INFO - Considering primers from all references
2021-04-03 00:33:53,878 - INFO - All done! Scheme created with 6 regions, 2 gaps, 70.55% coverage
2021-04-03 00:33:53,878 - INFO - Writing overlap_40/ACT1_TK/ACT1_TK.primer.bed
2021-04-03 00:33:53,879 - INFO - Writing overlap_40/ACT1_TK/ACT1_TK.insert.bed
2021-04-03 00:33:53,880 - INFO - Writing overlap_40/ACT1_TK/ACT1_TK.primer.tsv
2021-04-03 00:33:53,881 - INFO - Writing overlap_40/ACT1_TK/ACT1_TK.reference.fasta
2021-04-03 00:33:53,887 - INFO - Writing overlap_40/ACT1_TK/ACT1_TK.plot.pdf
2021-04-03 00:33:53,887 - INFO - Writing overlap_40/ACT1_TK/ACT1_TK.plot.svg
2021-04-03 00:33:53,910 - INFO - Writing overlap_40/ACT1_TK/ACT1_TK.report.json
2021-04-04 17:15:57,752 - INFO - Writing log to overlap_40/ACT1_TK/ACT1_TK.log
2021-04-04 17:15:57,791 - INFO - References:
 - ACT1_TK
2021-04-04 17:15:57,791 - INFO - Primary reference for coordinate system: ACT1_TK
2021-04-04 17:15:57,791 - INFO - Considering primers from all references
2021-04-04 17:16:01,789 - INFO - All done! Scheme created with 6 regions, 2 gaps, 70.55% coverage
2021-04-04 17:16:01,789 - INFO - Writing overlap_40/ACT1_TK/ACT1_TK.primer.bed
2021-04-04 17:16:01,793 - INFO - Writing overlap_40/ACT1_TK/ACT1_TK.insert.bed
2021-04-04 17:16:01,797 - INFO - Writing overlap_40/ACT1_TK/ACT1_TK.primer.tsv
2021-04-04 17:16:01,801 - INFO - Writing overlap_40/ACT1_TK/ACT1_TK.reference.fasta
2021-04-04 17:16:01,809 - INFO - Writing overlap_40/ACT1_TK/ACT1_TK.plot.pdf
2021-04-04 17:16:01,809 - INFO - Writing overlap_40/ACT1_TK/ACT1_TK.plot.svg
2021-04-04 17:16:01,834 - INFO - Writing overlap_40/ACT1_TK/ACT1_TK.report.json
