2021-04-03 01:09:21,357 - INFO - Writing log to overlap_50/DHDDS_TK/DHDDS_TK.log
2021-04-03 01:09:21,378 - INFO - References:
 - DHDDS_TK
2021-04-03 01:09:21,378 - INFO - Primary reference for coordinate system: DHDDS_TK
2021-04-03 01:09:21,378 - INFO - Considering primers from all references
2021-04-03 01:09:24,380 - INFO - All done! Scheme created with 4 regions, 1 gap, 69.65% coverage
2021-04-03 01:09:24,381 - INFO - Writing overlap_50/DHDDS_TK/DHDDS_TK.primer.bed
2021-04-03 01:09:24,382 - INFO - Writing overlap_50/DHDDS_TK/DHDDS_TK.insert.bed
2021-04-03 01:09:24,382 - INFO - Writing overlap_50/DHDDS_TK/DHDDS_TK.primer.tsv
2021-04-03 01:09:24,383 - INFO - Writing overlap_50/DHDDS_TK/DHDDS_TK.reference.fasta
2021-04-03 01:09:24,387 - INFO - Writing overlap_50/DHDDS_TK/DHDDS_TK.plot.pdf
2021-04-03 01:09:24,388 - INFO - Writing overlap_50/DHDDS_TK/DHDDS_TK.plot.svg
2021-04-03 01:09:24,442 - INFO - Writing overlap_50/DHDDS_TK/DHDDS_TK.report.json
2021-04-04 17:48:14,130 - INFO - Writing log to overlap_50/DHDDS_TK/DHDDS_TK.log
2021-04-04 17:48:14,174 - INFO - References:
 - DHDDS_TK
2021-04-04 17:48:14,174 - INFO - Primary reference for coordinate system: DHDDS_TK
2021-04-04 17:48:14,174 - INFO - Considering primers from all references
2021-04-04 17:48:16,926 - INFO - All done! Scheme created with 4 regions, 1 gap, 69.65% coverage
2021-04-04 17:48:16,926 - INFO - Writing overlap_50/DHDDS_TK/DHDDS_TK.primer.bed
2021-04-04 17:48:16,929 - INFO - Writing overlap_50/DHDDS_TK/DHDDS_TK.insert.bed
2021-04-04 17:48:16,932 - INFO - Writing overlap_50/DHDDS_TK/DHDDS_TK.primer.tsv
2021-04-04 17:48:16,935 - INFO - Writing overlap_50/DHDDS_TK/DHDDS_TK.reference.fasta
2021-04-04 17:48:16,940 - INFO - Writing overlap_50/DHDDS_TK/DHDDS_TK.plot.pdf
2021-04-04 17:48:16,940 - INFO - Writing overlap_50/DHDDS_TK/DHDDS_TK.plot.svg
2021-04-04 17:48:16,982 - INFO - Writing overlap_50/DHDDS_TK/DHDDS_TK.report.json
