2021-04-03 00:55:26,633 - INFO - Writing log to overlap_45/IPDPI2_TK/IPDPI2_TK.log
2021-04-03 00:55:26,642 - INFO - References:
 - IPDPI2_TK
2021-04-03 00:55:26,642 - INFO - Primary reference for coordinate system: IPDPI2_TK
2021-04-03 00:55:26,642 - INFO - Considering primers from all references
2021-04-03 00:55:32,663 - INFO - All done! Scheme created with 8 regions, 1 gap, 78.77% coverage
2021-04-03 00:55:32,663 - INFO - Writing overlap_45/IPDPI2_TK/IPDPI2_TK.primer.bed
2021-04-03 00:55:32,664 - INFO - Writing overlap_45/IPDPI2_TK/IPDPI2_TK.insert.bed
2021-04-03 00:55:32,665 - INFO - Writing overlap_45/IPDPI2_TK/IPDPI2_TK.primer.tsv
2021-04-03 00:55:32,666 - INFO - Writing overlap_45/IPDPI2_TK/IPDPI2_TK.reference.fasta
2021-04-03 00:55:32,673 - INFO - Writing overlap_45/IPDPI2_TK/IPDPI2_TK.plot.pdf
2021-04-03 00:55:32,673 - INFO - Writing overlap_45/IPDPI2_TK/IPDPI2_TK.plot.svg
2021-04-03 00:55:32,699 - INFO - Writing overlap_45/IPDPI2_TK/IPDPI2_TK.report.json
2021-04-04 17:35:33,208 - INFO - Writing log to overlap_45/IPDPI2_TK/IPDPI2_TK.log
2021-04-04 17:35:33,236 - INFO - References:
 - IPDPI2_TK
2021-04-04 17:35:33,236 - INFO - Primary reference for coordinate system: IPDPI2_TK
2021-04-04 17:35:33,236 - INFO - Considering primers from all references
2021-04-04 17:35:38,785 - INFO - All done! Scheme created with 8 regions, 1 gap, 78.77% coverage
2021-04-04 17:35:38,785 - INFO - Writing overlap_45/IPDPI2_TK/IPDPI2_TK.primer.bed
2021-04-04 17:35:38,789 - INFO - Writing overlap_45/IPDPI2_TK/IPDPI2_TK.insert.bed
2021-04-04 17:35:38,793 - INFO - Writing overlap_45/IPDPI2_TK/IPDPI2_TK.primer.tsv
2021-04-04 17:35:38,797 - INFO - Writing overlap_45/IPDPI2_TK/IPDPI2_TK.reference.fasta
2021-04-04 17:35:38,805 - INFO - Writing overlap_45/IPDPI2_TK/IPDPI2_TK.plot.pdf
2021-04-04 17:35:38,805 - INFO - Writing overlap_45/IPDPI2_TK/IPDPI2_TK.plot.svg
2021-04-04 17:35:38,833 - INFO - Writing overlap_45/IPDPI2_TK/IPDPI2_TK.report.json
