2021-04-03 11:24:12,663 - INFO - Writing log to overlap_80/4H3M2EDPR2_TK/4H3M2EDPR2_TK.log
2021-04-03 11:24:12,669 - INFO - References:
 - 4H3M2EDPR2_TK
2021-04-03 11:24:12,669 - INFO - Primary reference for coordinate system: 4H3M2EDPR2_TK
2021-04-03 11:24:12,669 - INFO - Considering primers from all references
2021-04-03 11:24:15,318 - INFO - All done! Scheme created with 4 regions, 1 gap, 57.8% coverage
2021-04-03 11:24:15,318 - INFO - Writing overlap_80/4H3M2EDPR2_TK/4H3M2EDPR2_TK.primer.bed
2021-04-03 11:24:15,319 - INFO - Writing overlap_80/4H3M2EDPR2_TK/4H3M2EDPR2_TK.insert.bed
2021-04-03 11:24:15,319 - INFO - Writing overlap_80/4H3M2EDPR2_TK/4H3M2EDPR2_TK.primer.tsv
2021-04-03 11:24:15,320 - INFO - Writing overlap_80/4H3M2EDPR2_TK/4H3M2EDPR2_TK.reference.fasta
2021-04-03 11:24:15,323 - INFO - Writing overlap_80/4H3M2EDPR2_TK/4H3M2EDPR2_TK.plot.pdf
2021-04-03 11:24:15,323 - INFO - Writing overlap_80/4H3M2EDPR2_TK/4H3M2EDPR2_TK.plot.svg
2021-04-03 11:24:15,352 - INFO - Writing overlap_80/4H3M2EDPR2_TK/4H3M2EDPR2_TK.report.json
2021-04-04 19:15:10,465 - INFO - Writing log to overlap_80/4H3M2EDPR2_TK/4H3M2EDPR2_TK.log
2021-04-04 19:15:10,483 - INFO - References:
 - 4H3M2EDPR2_TK
2021-04-04 19:15:10,483 - INFO - Primary reference for coordinate system: 4H3M2EDPR2_TK
2021-04-04 19:15:10,483 - INFO - Considering primers from all references
2021-04-04 19:15:13,424 - INFO - All done! Scheme created with 4 regions, 1 gap, 57.8% coverage
2021-04-04 19:15:13,424 - INFO - Writing overlap_80/4H3M2EDPR2_TK/4H3M2EDPR2_TK.primer.bed
2021-04-04 19:15:13,427 - INFO - Writing overlap_80/4H3M2EDPR2_TK/4H3M2EDPR2_TK.insert.bed
2021-04-04 19:15:13,429 - INFO - Writing overlap_80/4H3M2EDPR2_TK/4H3M2EDPR2_TK.primer.tsv
2021-04-04 19:15:13,432 - INFO - Writing overlap_80/4H3M2EDPR2_TK/4H3M2EDPR2_TK.reference.fasta
2021-04-04 19:15:13,437 - INFO - Writing overlap_80/4H3M2EDPR2_TK/4H3M2EDPR2_TK.plot.pdf
2021-04-04 19:15:13,437 - INFO - Writing overlap_80/4H3M2EDPR2_TK/4H3M2EDPR2_TK.plot.svg
2021-04-04 19:15:13,475 - INFO - Writing overlap_80/4H3M2EDPR2_TK/4H3M2EDPR2_TK.report.json
