2021-04-03 00:51:22,068 - INFO - Writing log to overlap_45/C72_TK/C72_TK.log
2021-04-03 00:51:22,076 - INFO - References:
 - C72_TK
2021-04-03 00:51:22,076 - INFO - Primary reference for coordinate system: C72_TK
2021-04-03 00:51:22,076 - INFO - Considering primers from all references
2021-04-03 00:51:23,419 - INFO - All done! Scheme created with 2 regions, 0 gaps, 49.05% coverage
2021-04-03 00:51:23,419 - INFO - Writing overlap_45/C72_TK/C72_TK.primer.bed
2021-04-03 00:51:23,420 - INFO - Writing overlap_45/C72_TK/C72_TK.insert.bed
2021-04-03 00:51:23,421 - INFO - Writing overlap_45/C72_TK/C72_TK.primer.tsv
2021-04-03 00:51:23,422 - INFO - Writing overlap_45/C72_TK/C72_TK.reference.fasta
2021-04-03 00:51:23,426 - INFO - Writing overlap_45/C72_TK/C72_TK.plot.pdf
2021-04-03 00:51:23,426 - INFO - Writing overlap_45/C72_TK/C72_TK.plot.svg
2021-04-03 00:51:23,442 - INFO - Writing overlap_45/C72_TK/C72_TK.report.json
2021-04-04 17:31:51,289 - INFO - Writing log to overlap_45/C72_TK/C72_TK.log
2021-04-04 17:31:51,304 - INFO - References:
 - C72_TK
2021-04-04 17:31:51,304 - INFO - Primary reference for coordinate system: C72_TK
2021-04-04 17:31:51,304 - INFO - Considering primers from all references
2021-04-04 17:31:52,557 - INFO - All done! Scheme created with 2 regions, 0 gaps, 49.05% coverage
2021-04-04 17:31:52,557 - INFO - Writing overlap_45/C72_TK/C72_TK.primer.bed
2021-04-04 17:31:52,561 - INFO - Writing overlap_45/C72_TK/C72_TK.insert.bed
2021-04-04 17:31:52,566 - INFO - Writing overlap_45/C72_TK/C72_TK.primer.tsv
2021-04-04 17:31:52,569 - INFO - Writing overlap_45/C72_TK/C72_TK.reference.fasta
2021-04-04 17:31:52,575 - INFO - Writing overlap_45/C72_TK/C72_TK.plot.pdf
2021-04-04 17:31:52,575 - INFO - Writing overlap_45/C72_TK/C72_TK.plot.svg
2021-04-04 17:31:52,593 - INFO - Writing overlap_45/C72_TK/C72_TK.report.json
