2021-04-03 00:33:33,108 - INFO - Writing log to overlap_40/ACC3_TK/ACC3_TK.log
2021-04-03 00:33:33,128 - INFO - References:
 - ACC3_TK
2021-04-03 00:33:33,129 - INFO - Primary reference for coordinate system: ACC3_TK
2021-04-03 00:33:33,129 - INFO - Considering primers from all references
2021-04-03 00:33:48,692 - INFO - All done! Scheme created with 19 regions, 6 gaps, 88.41% coverage
2021-04-03 00:33:48,693 - INFO - Writing overlap_40/ACC3_TK/ACC3_TK.primer.bed
2021-04-03 00:33:48,694 - INFO - Writing overlap_40/ACC3_TK/ACC3_TK.insert.bed
2021-04-03 00:33:48,695 - INFO - Writing overlap_40/ACC3_TK/ACC3_TK.primer.tsv
2021-04-03 00:33:48,696 - INFO - Writing overlap_40/ACC3_TK/ACC3_TK.reference.fasta
2021-04-03 00:33:48,707 - INFO - Writing overlap_40/ACC3_TK/ACC3_TK.plot.pdf
2021-04-03 00:33:48,707 - INFO - Writing overlap_40/ACC3_TK/ACC3_TK.plot.svg
2021-04-03 00:33:48,752 - INFO - Writing overlap_40/ACC3_TK/ACC3_TK.report.json
2021-04-04 17:15:43,039 - INFO - Writing log to overlap_40/ACC3_TK/ACC3_TK.log
2021-04-04 17:15:43,076 - INFO - References:
 - ACC3_TK
2021-04-04 17:15:43,077 - INFO - Primary reference for coordinate system: ACC3_TK
2021-04-04 17:15:43,077 - INFO - Considering primers from all references
2021-04-04 17:15:57,173 - INFO - All done! Scheme created with 19 regions, 6 gaps, 88.41% coverage
2021-04-04 17:15:57,173 - INFO - Writing overlap_40/ACC3_TK/ACC3_TK.primer.bed
2021-04-04 17:15:57,178 - INFO - Writing overlap_40/ACC3_TK/ACC3_TK.insert.bed
2021-04-04 17:15:57,183 - INFO - Writing overlap_40/ACC3_TK/ACC3_TK.primer.tsv
2021-04-04 17:15:57,188 - INFO - Writing overlap_40/ACC3_TK/ACC3_TK.reference.fasta
2021-04-04 17:15:57,201 - INFO - Writing overlap_40/ACC3_TK/ACC3_TK.plot.pdf
2021-04-04 17:15:57,201 - INFO - Writing overlap_40/ACC3_TK/ACC3_TK.plot.svg
2021-04-04 17:15:57,249 - INFO - Writing overlap_40/ACC3_TK/ACC3_TK.report.json
