2021-04-03 11:39:50,140 - INFO - Writing log to overlap_85/CPT2_TK/CPT2_TK.log
2021-04-03 11:39:50,146 - INFO - References:
 - CPT2_TK
2021-04-03 11:39:50,146 - INFO - Primary reference for coordinate system: CPT2_TK
2021-04-03 11:39:50,146 - INFO - Considering primers from all references
2021-04-03 11:39:52,482 - INFO - All done! Scheme created with 4 regions, 1 gap, 65.71% coverage
2021-04-03 11:39:52,483 - INFO - Writing overlap_85/CPT2_TK/CPT2_TK.primer.bed
2021-04-03 11:39:52,484 - INFO - Writing overlap_85/CPT2_TK/CPT2_TK.insert.bed
2021-04-03 11:39:52,484 - INFO - Writing overlap_85/CPT2_TK/CPT2_TK.primer.tsv
2021-04-03 11:39:52,485 - INFO - Writing overlap_85/CPT2_TK/CPT2_TK.reference.fasta
2021-04-03 11:39:52,488 - INFO - Writing overlap_85/CPT2_TK/CPT2_TK.plot.pdf
2021-04-03 11:39:52,489 - INFO - Writing overlap_85/CPT2_TK/CPT2_TK.plot.svg
2021-04-03 11:39:52,519 - INFO - Writing overlap_85/CPT2_TK/CPT2_TK.report.json
2021-04-04 19:32:34,954 - INFO - Writing log to overlap_85/CPT2_TK/CPT2_TK.log
2021-04-04 19:32:34,977 - INFO - References:
 - CPT2_TK
2021-04-04 19:32:34,977 - INFO - Primary reference for coordinate system: CPT2_TK
2021-04-04 19:32:34,977 - INFO - Considering primers from all references
2021-04-04 19:32:37,570 - INFO - All done! Scheme created with 4 regions, 1 gap, 65.71% coverage
2021-04-04 19:32:37,571 - INFO - Writing overlap_85/CPT2_TK/CPT2_TK.primer.bed
2021-04-04 19:32:37,573 - INFO - Writing overlap_85/CPT2_TK/CPT2_TK.insert.bed
2021-04-04 19:32:37,576 - INFO - Writing overlap_85/CPT2_TK/CPT2_TK.primer.tsv
2021-04-04 19:32:37,579 - INFO - Writing overlap_85/CPT2_TK/CPT2_TK.reference.fasta
2021-04-04 19:32:37,584 - INFO - Writing overlap_85/CPT2_TK/CPT2_TK.plot.pdf
2021-04-04 19:32:37,585 - INFO - Writing overlap_85/CPT2_TK/CPT2_TK.plot.svg
2021-04-04 19:32:37,623 - INFO - Writing overlap_85/CPT2_TK/CPT2_TK.report.json
