2021-04-03 11:23:56,033 - INFO - Writing log to overlap_80/4C5DP2CMDEK1_TK/4C5DP2CMDEK1_TK.log
2021-04-03 11:23:56,038 - INFO - References:
 - 4C5DP2CMDEK1_TK
2021-04-03 11:23:56,039 - INFO - Primary reference for coordinate system: 4C5DP2CMDEK1_TK
2021-04-03 11:23:56,039 - INFO - Considering primers from all references
2021-04-03 11:24:04,496 - INFO - All done! Scheme created with 13 regions, 4 gaps, 86.11% coverage
2021-04-03 11:24:04,496 - INFO - Writing overlap_80/4C5DP2CMDEK1_TK/4C5DP2CMDEK1_TK.primer.bed
2021-04-03 11:24:04,497 - INFO - Writing overlap_80/4C5DP2CMDEK1_TK/4C5DP2CMDEK1_TK.insert.bed
2021-04-03 11:24:04,498 - INFO - Writing overlap_80/4C5DP2CMDEK1_TK/4C5DP2CMDEK1_TK.primer.tsv
2021-04-03 11:24:04,498 - INFO - Writing overlap_80/4C5DP2CMDEK1_TK/4C5DP2CMDEK1_TK.reference.fasta
2021-04-03 11:24:04,505 - INFO - Writing overlap_80/4C5DP2CMDEK1_TK/4C5DP2CMDEK1_TK.plot.pdf
2021-04-03 11:24:04,505 - INFO - Writing overlap_80/4C5DP2CMDEK1_TK/4C5DP2CMDEK1_TK.plot.svg
2021-04-03 11:24:04,531 - INFO - Writing overlap_80/4C5DP2CMDEK1_TK/4C5DP2CMDEK1_TK.report.json
2021-04-04 19:14:51,717 - INFO - Writing log to overlap_80/4C5DP2CMDEK1_TK/4C5DP2CMDEK1_TK.log
2021-04-04 19:14:51,737 - INFO - References:
 - 4C5DP2CMDEK1_TK
2021-04-04 19:14:51,737 - INFO - Primary reference for coordinate system: 4C5DP2CMDEK1_TK
2021-04-04 19:14:51,737 - INFO - Considering primers from all references
2021-04-04 19:15:01,063 - INFO - All done! Scheme created with 13 regions, 4 gaps, 86.11% coverage
2021-04-04 19:15:01,063 - INFO - Writing overlap_80/4C5DP2CMDEK1_TK/4C5DP2CMDEK1_TK.primer.bed
2021-04-04 19:15:01,067 - INFO - Writing overlap_80/4C5DP2CMDEK1_TK/4C5DP2CMDEK1_TK.insert.bed
2021-04-04 19:15:01,070 - INFO - Writing overlap_80/4C5DP2CMDEK1_TK/4C5DP2CMDEK1_TK.primer.tsv
2021-04-04 19:15:01,073 - INFO - Writing overlap_80/4C5DP2CMDEK1_TK/4C5DP2CMDEK1_TK.reference.fasta
2021-04-04 19:15:01,083 - INFO - Writing overlap_80/4C5DP2CMDEK1_TK/4C5DP2CMDEK1_TK.plot.pdf
2021-04-04 19:15:01,083 - INFO - Writing overlap_80/4C5DP2CMDEK1_TK/4C5DP2CMDEK1_TK.plot.svg
2021-04-04 19:15:01,119 - INFO - Writing overlap_80/4C5DP2CMDEK1_TK/4C5DP2CMDEK1_TK.report.json
