2021-04-03 11:15:31,165 - INFO - Writing log to overlap_75/GGDPS2_TK/GGDPS2_TK.log
2021-04-03 11:15:31,192 - INFO - References:
 - GGDPS2_TK
2021-04-03 11:15:31,192 - INFO - Primary reference for coordinate system: GGDPS2_TK
2021-04-03 11:15:31,192 - INFO - Considering primers from all references
2021-04-03 11:15:34,952 - INFO - All done! Scheme created with 6 regions, 1 gap, 71.37% coverage
2021-04-03 11:15:34,952 - INFO - Writing overlap_75/GGDPS2_TK/GGDPS2_TK.primer.bed
2021-04-03 11:15:34,954 - INFO - Writing overlap_75/GGDPS2_TK/GGDPS2_TK.insert.bed
2021-04-03 11:15:34,954 - INFO - Writing overlap_75/GGDPS2_TK/GGDPS2_TK.primer.tsv
2021-04-03 11:15:34,955 - INFO - Writing overlap_75/GGDPS2_TK/GGDPS2_TK.reference.fasta
2021-04-03 11:15:34,960 - INFO - Writing overlap_75/GGDPS2_TK/GGDPS2_TK.plot.pdf
2021-04-03 11:15:34,960 - INFO - Writing overlap_75/GGDPS2_TK/GGDPS2_TK.plot.svg
2021-04-03 11:15:34,978 - INFO - Writing overlap_75/GGDPS2_TK/GGDPS2_TK.report.json
2021-04-04 19:05:31,267 - INFO - Writing log to overlap_75/GGDPS2_TK/GGDPS2_TK.log
2021-04-04 19:05:31,280 - INFO - References:
 - GGDPS2_TK
2021-04-04 19:05:31,280 - INFO - Primary reference for coordinate system: GGDPS2_TK
2021-04-04 19:05:31,280 - INFO - Considering primers from all references
2021-04-04 19:05:35,451 - INFO - All done! Scheme created with 6 regions, 1 gap, 71.37% coverage
2021-04-04 19:05:35,451 - INFO - Writing overlap_75/GGDPS2_TK/GGDPS2_TK.primer.bed
2021-04-04 19:05:35,455 - INFO - Writing overlap_75/GGDPS2_TK/GGDPS2_TK.insert.bed
2021-04-04 19:05:35,458 - INFO - Writing overlap_75/GGDPS2_TK/GGDPS2_TK.primer.tsv
2021-04-04 19:05:35,462 - INFO - Writing overlap_75/GGDPS2_TK/GGDPS2_TK.reference.fasta
2021-04-04 19:05:35,469 - INFO - Writing overlap_75/GGDPS2_TK/GGDPS2_TK.plot.pdf
2021-04-04 19:05:35,469 - INFO - Writing overlap_75/GGDPS2_TK/GGDPS2_TK.plot.svg
2021-04-04 19:05:35,496 - INFO - Writing overlap_75/GGDPS2_TK/GGDPS2_TK.report.json
