2021-04-03 11:42:53,524 - INFO - Writing log to overlap_85/MLP28_TK/MLP28_TK.log
2021-04-03 11:42:53,530 - INFO - References:
 - MLP28_TK
2021-04-03 11:42:53,530 - INFO - Primary reference for coordinate system: MLP28_TK
2021-04-03 11:42:53,530 - INFO - Considering primers from all references
2021-04-03 11:42:55,378 - INFO - All done! Scheme created with 3 regions, 0 gaps, 73.47% coverage
2021-04-03 11:42:55,378 - INFO - Writing overlap_85/MLP28_TK/MLP28_TK.primer.bed
2021-04-03 11:42:55,379 - INFO - Writing overlap_85/MLP28_TK/MLP28_TK.insert.bed
2021-04-03 11:42:55,380 - INFO - Writing overlap_85/MLP28_TK/MLP28_TK.primer.tsv
2021-04-03 11:42:55,380 - INFO - Writing overlap_85/MLP28_TK/MLP28_TK.reference.fasta
2021-04-03 11:42:55,384 - INFO - Writing overlap_85/MLP28_TK/MLP28_TK.plot.pdf
2021-04-03 11:42:55,384 - INFO - Writing overlap_85/MLP28_TK/MLP28_TK.plot.svg
2021-04-03 11:42:55,397 - INFO - Writing overlap_85/MLP28_TK/MLP28_TK.report.json
2021-04-04 19:35:58,396 - INFO - Writing log to overlap_85/MLP28_TK/MLP28_TK.log
2021-04-04 19:35:58,424 - INFO - References:
 - MLP28_TK
2021-04-04 19:35:58,424 - INFO - Primary reference for coordinate system: MLP28_TK
2021-04-04 19:35:58,424 - INFO - Considering primers from all references
2021-04-04 19:36:00,488 - INFO - All done! Scheme created with 3 regions, 0 gaps, 73.47% coverage
2021-04-04 19:36:00,488 - INFO - Writing overlap_85/MLP28_TK/MLP28_TK.primer.bed
2021-04-04 19:36:00,491 - INFO - Writing overlap_85/MLP28_TK/MLP28_TK.insert.bed
2021-04-04 19:36:00,493 - INFO - Writing overlap_85/MLP28_TK/MLP28_TK.primer.tsv
2021-04-04 19:36:00,496 - INFO - Writing overlap_85/MLP28_TK/MLP28_TK.reference.fasta
2021-04-04 19:36:00,501 - INFO - Writing overlap_85/MLP28_TK/MLP28_TK.plot.pdf
2021-04-04 19:36:00,501 - INFO - Writing overlap_85/MLP28_TK/MLP28_TK.plot.svg
2021-04-04 19:36:00,519 - INFO - Writing overlap_85/MLP28_TK/MLP28_TK.report.json
