2021-04-03 01:28:37,192 - INFO - Writing log to overlap_55/GGDPS1_TK/GGDPS1_TK.log
2021-04-03 01:28:37,200 - INFO - References:
 - GGDPS1_TK
2021-04-03 01:28:37,200 - INFO - Primary reference for coordinate system: GGDPS1_TK
2021-04-03 01:28:37,200 - INFO - Considering primers from all references
2021-04-03 01:28:41,681 - INFO - All done! Scheme created with 6 regions, 2 gaps, 81.14% coverage
2021-04-03 01:28:41,682 - INFO - Writing overlap_55/GGDPS1_TK/GGDPS1_TK.primer.bed
2021-04-03 01:28:41,683 - INFO - Writing overlap_55/GGDPS1_TK/GGDPS1_TK.insert.bed
2021-04-03 01:28:41,684 - INFO - Writing overlap_55/GGDPS1_TK/GGDPS1_TK.primer.tsv
2021-04-03 01:28:41,684 - INFO - Writing overlap_55/GGDPS1_TK/GGDPS1_TK.reference.fasta
2021-04-03 01:28:41,689 - INFO - Writing overlap_55/GGDPS1_TK/GGDPS1_TK.plot.pdf
2021-04-03 01:28:41,689 - INFO - Writing overlap_55/GGDPS1_TK/GGDPS1_TK.plot.svg
2021-04-03 01:28:41,713 - INFO - Writing overlap_55/GGDPS1_TK/GGDPS1_TK.report.json
2021-04-04 18:05:28,664 - INFO - Writing log to overlap_55/GGDPS1_TK/GGDPS1_TK.log
2021-04-04 18:05:28,696 - INFO - References:
 - GGDPS1_TK
2021-04-04 18:05:28,696 - INFO - Primary reference for coordinate system: GGDPS1_TK
2021-04-04 18:05:28,696 - INFO - Considering primers from all references
2021-04-04 18:05:32,830 - INFO - All done! Scheme created with 6 regions, 2 gaps, 81.14% coverage
2021-04-04 18:05:32,831 - INFO - Writing overlap_55/GGDPS1_TK/GGDPS1_TK.primer.bed
2021-04-04 18:05:32,834 - INFO - Writing overlap_55/GGDPS1_TK/GGDPS1_TK.insert.bed
2021-04-04 18:05:32,836 - INFO - Writing overlap_55/GGDPS1_TK/GGDPS1_TK.primer.tsv
2021-04-04 18:05:32,839 - INFO - Writing overlap_55/GGDPS1_TK/GGDPS1_TK.reference.fasta
2021-04-04 18:05:32,846 - INFO - Writing overlap_55/GGDPS1_TK/GGDPS1_TK.plot.pdf
2021-04-04 18:05:32,846 - INFO - Writing overlap_55/GGDPS1_TK/GGDPS1_TK.plot.svg
2021-04-04 18:05:32,869 - INFO - Writing overlap_55/GGDPS1_TK/GGDPS1_TK.report.json
