2021-04-02 20:46:57,288 - INFO - Writing log to overlap_70/PCK_TK/PCK_TK.log
2021-04-02 20:46:57,321 - INFO - References:
 - PCK_TK
2021-04-02 20:46:57,321 - INFO - Primary reference for coordinate system: PCK_TK
2021-04-02 20:46:57,321 - INFO - Considering primers from all references
2021-04-02 20:46:59,733 - INFO - All done! Scheme created with 4 regions, 1 gap, 68.85% coverage
2021-04-02 20:46:59,734 - INFO - Writing overlap_70/PCK_TK/PCK_TK.primer.bed
2021-04-02 20:46:59,734 - INFO - Writing overlap_70/PCK_TK/PCK_TK.insert.bed
2021-04-02 20:46:59,735 - INFO - Writing overlap_70/PCK_TK/PCK_TK.primer.tsv
2021-04-02 20:46:59,736 - INFO - Writing overlap_70/PCK_TK/PCK_TK.reference.fasta
2021-04-02 20:46:59,739 - INFO - Writing overlap_70/PCK_TK/PCK_TK.plot.pdf
2021-04-02 20:46:59,739 - INFO - Writing overlap_70/PCK_TK/PCK_TK.plot.svg
2021-04-02 20:46:59,774 - INFO - Writing overlap_70/PCK_TK/PCK_TK.report.json
2021-04-03 02:21:39,050 - INFO - Writing log to overlap_70/PCK_TK/PCK_TK.log
2021-04-03 02:21:39,074 - INFO - References:
 - PCK_TK
2021-04-03 02:21:39,074 - INFO - Primary reference for coordinate system: PCK_TK
2021-04-03 02:21:39,074 - INFO - Considering primers from all references
2021-04-03 02:21:41,961 - INFO - All done! Scheme created with 4 regions, 1 gap, 68.85% coverage
2021-04-03 02:21:41,961 - INFO - Writing overlap_70/PCK_TK/PCK_TK.primer.bed
2021-04-03 02:21:41,967 - INFO - Writing overlap_70/PCK_TK/PCK_TK.insert.bed
2021-04-03 02:21:41,971 - INFO - Writing overlap_70/PCK_TK/PCK_TK.primer.tsv
2021-04-03 02:21:41,976 - INFO - Writing overlap_70/PCK_TK/PCK_TK.reference.fasta
2021-04-03 02:21:41,984 - INFO - Writing overlap_70/PCK_TK/PCK_TK.plot.pdf
2021-04-03 02:21:41,984 - INFO - Writing overlap_70/PCK_TK/PCK_TK.plot.svg
2021-04-03 02:21:42,040 - INFO - Writing overlap_70/PCK_TK/PCK_TK.report.json
