2021-04-03 02:00:12,757 - INFO - Writing log to overlap_65/EH_TK/EH_TK.log
2021-04-03 02:00:12,765 - INFO - References:
 - EH_TK
2021-04-03 02:00:12,766 - INFO - Primary reference for coordinate system: EH_TK
2021-04-03 02:00:12,766 - INFO - Considering primers from all references
2021-04-03 02:00:16,495 - INFO - All done! Scheme created with 5 regions, 1 gap, 68.84% coverage
2021-04-03 02:00:16,495 - INFO - Writing overlap_65/EH_TK/EH_TK.primer.bed
2021-04-03 02:00:16,497 - INFO - Writing overlap_65/EH_TK/EH_TK.insert.bed
2021-04-03 02:00:16,498 - INFO - Writing overlap_65/EH_TK/EH_TK.primer.tsv
2021-04-03 02:00:16,499 - INFO - Writing overlap_65/EH_TK/EH_TK.reference.fasta
2021-04-03 02:00:16,504 - INFO - Writing overlap_65/EH_TK/EH_TK.plot.pdf
2021-04-03 02:00:16,504 - INFO - Writing overlap_65/EH_TK/EH_TK.plot.svg
2021-04-03 02:00:16,526 - INFO - Writing overlap_65/EH_TK/EH_TK.report.json
2021-04-04 18:33:56,042 - INFO - Writing log to overlap_65/EH_TK/EH_TK.log
2021-04-04 18:33:56,060 - INFO - References:
 - EH_TK
2021-04-04 18:33:56,060 - INFO - Primary reference for coordinate system: EH_TK
2021-04-04 18:33:56,060 - INFO - Considering primers from all references
2021-04-04 18:33:59,538 - INFO - All done! Scheme created with 5 regions, 1 gap, 68.84% coverage
2021-04-04 18:33:59,538 - INFO - Writing overlap_65/EH_TK/EH_TK.primer.bed
2021-04-04 18:33:59,541 - INFO - Writing overlap_65/EH_TK/EH_TK.insert.bed
2021-04-04 18:33:59,543 - INFO - Writing overlap_65/EH_TK/EH_TK.primer.tsv
2021-04-04 18:33:59,546 - INFO - Writing overlap_65/EH_TK/EH_TK.reference.fasta
2021-04-04 18:33:59,552 - INFO - Writing overlap_65/EH_TK/EH_TK.plot.pdf
2021-04-04 18:33:59,552 - INFO - Writing overlap_65/EH_TK/EH_TK.plot.svg
2021-04-04 18:33:59,575 - INFO - Writing overlap_65/EH_TK/EH_TK.report.json
