2021-04-03 11:09:40,801 - INFO - Writing log to overlap_75/2cMDE24CS1_TK/2cMDE24CS1_TK.log
2021-04-03 11:09:40,812 - INFO - References:
 - 2cMDE24CS1_TK
2021-04-03 11:09:40,812 - INFO - Primary reference for coordinate system: 2cMDE24CS1_TK
2021-04-03 11:09:40,812 - INFO - Considering primers from all references
2021-04-03 11:09:44,659 - INFO - All done! Scheme created with 6 regions, 2 gaps, 75.06% coverage
2021-04-03 11:09:44,660 - INFO - Writing overlap_75/2cMDE24CS1_TK/2cMDE24CS1_TK.primer.bed
2021-04-03 11:09:44,661 - INFO - Writing overlap_75/2cMDE24CS1_TK/2cMDE24CS1_TK.insert.bed
2021-04-03 11:09:44,662 - INFO - Writing overlap_75/2cMDE24CS1_TK/2cMDE24CS1_TK.primer.tsv
2021-04-03 11:09:44,663 - INFO - Writing overlap_75/2cMDE24CS1_TK/2cMDE24CS1_TK.reference.fasta
2021-04-03 11:09:44,667 - INFO - Writing overlap_75/2cMDE24CS1_TK/2cMDE24CS1_TK.plot.pdf
2021-04-03 11:09:44,668 - INFO - Writing overlap_75/2cMDE24CS1_TK/2cMDE24CS1_TK.plot.svg
2021-04-03 11:09:44,687 - INFO - Writing overlap_75/2cMDE24CS1_TK/2cMDE24CS1_TK.report.json
2021-04-04 18:58:56,847 - INFO - Writing log to overlap_75/2cMDE24CS1_TK/2cMDE24CS1_TK.log
2021-04-04 18:58:56,886 - INFO - References:
 - 2cMDE24CS1_TK
2021-04-04 18:58:56,887 - INFO - Primary reference for coordinate system: 2cMDE24CS1_TK
2021-04-04 18:58:56,887 - INFO - Considering primers from all references
2021-04-04 18:59:01,185 - INFO - All done! Scheme created with 6 regions, 2 gaps, 75.06% coverage
2021-04-04 18:59:01,185 - INFO - Writing overlap_75/2cMDE24CS1_TK/2cMDE24CS1_TK.primer.bed
2021-04-04 18:59:01,188 - INFO - Writing overlap_75/2cMDE24CS1_TK/2cMDE24CS1_TK.insert.bed
2021-04-04 18:59:01,191 - INFO - Writing overlap_75/2cMDE24CS1_TK/2cMDE24CS1_TK.primer.tsv
2021-04-04 18:59:01,196 - INFO - Writing overlap_75/2cMDE24CS1_TK/2cMDE24CS1_TK.reference.fasta
2021-04-04 18:59:01,203 - INFO - Writing overlap_75/2cMDE24CS1_TK/2cMDE24CS1_TK.plot.pdf
2021-04-04 18:59:01,203 - INFO - Writing overlap_75/2cMDE24CS1_TK/2cMDE24CS1_TK.plot.svg
2021-04-04 18:59:01,227 - INFO - Writing overlap_75/2cMDE24CS1_TK/2cMDE24CS1_TK.report.json
