2021-04-03 11:47:16,066 - INFO - Writing log to overlap_85/SQS1_TK/SQS1_TK.log
2021-04-03 11:47:16,072 - INFO - References:
 - SQS1_TK
2021-04-03 11:47:16,072 - INFO - Primary reference for coordinate system: SQS1_TK
2021-04-03 11:47:16,072 - INFO - Considering primers from all references
2021-04-03 11:47:26,588 - INFO - All done! Scheme created with 16 regions, 3 gaps, 88.1% coverage
2021-04-03 11:47:26,588 - INFO - Writing overlap_85/SQS1_TK/SQS1_TK.primer.bed
2021-04-03 11:47:26,589 - INFO - Writing overlap_85/SQS1_TK/SQS1_TK.insert.bed
2021-04-03 11:47:26,590 - INFO - Writing overlap_85/SQS1_TK/SQS1_TK.primer.tsv
2021-04-03 11:47:26,590 - INFO - Writing overlap_85/SQS1_TK/SQS1_TK.reference.fasta
2021-04-03 11:47:26,599 - INFO - Writing overlap_85/SQS1_TK/SQS1_TK.plot.pdf
2021-04-03 11:47:26,599 - INFO - Writing overlap_85/SQS1_TK/SQS1_TK.plot.svg
2021-04-03 11:47:26,632 - INFO - Writing overlap_85/SQS1_TK/SQS1_TK.report.json
2021-04-04 19:40:50,195 - INFO - Writing log to overlap_85/SQS1_TK/SQS1_TK.log
2021-04-04 19:40:50,216 - INFO - References:
 - SQS1_TK
2021-04-04 19:40:50,216 - INFO - Primary reference for coordinate system: SQS1_TK
2021-04-04 19:40:50,216 - INFO - Considering primers from all references
2021-04-04 19:41:01,870 - INFO - All done! Scheme created with 16 regions, 3 gaps, 88.1% coverage
2021-04-04 19:41:01,870 - INFO - Writing overlap_85/SQS1_TK/SQS1_TK.primer.bed
2021-04-04 19:41:01,874 - INFO - Writing overlap_85/SQS1_TK/SQS1_TK.insert.bed
2021-04-04 19:41:01,878 - INFO - Writing overlap_85/SQS1_TK/SQS1_TK.primer.tsv
2021-04-04 19:41:01,881 - INFO - Writing overlap_85/SQS1_TK/SQS1_TK.reference.fasta
2021-04-04 19:41:01,892 - INFO - Writing overlap_85/SQS1_TK/SQS1_TK.plot.pdf
2021-04-04 19:41:01,893 - INFO - Writing overlap_85/SQS1_TK/SQS1_TK.plot.svg
2021-04-04 19:41:01,932 - INFO - Writing overlap_85/SQS1_TK/SQS1_TK.report.json
