2021-04-03 01:40:01,485 - INFO - Writing log to overlap_60/ACC3_TK/ACC3_TK.log
2021-04-03 01:40:01,494 - INFO - References:
 - ACC3_TK
2021-04-03 01:40:01,495 - INFO - Primary reference for coordinate system: ACC3_TK
2021-04-03 01:40:01,495 - INFO - Considering primers from all references
2021-04-03 01:40:17,328 - INFO - All done! Scheme created with 19 regions, 6 gaps, 88.41% coverage
2021-04-03 01:40:17,329 - INFO - Writing overlap_60/ACC3_TK/ACC3_TK.primer.bed
2021-04-03 01:40:17,330 - INFO - Writing overlap_60/ACC3_TK/ACC3_TK.insert.bed
2021-04-03 01:40:17,331 - INFO - Writing overlap_60/ACC3_TK/ACC3_TK.primer.tsv
2021-04-03 01:40:17,331 - INFO - Writing overlap_60/ACC3_TK/ACC3_TK.reference.fasta
2021-04-03 01:40:17,343 - INFO - Writing overlap_60/ACC3_TK/ACC3_TK.plot.pdf
2021-04-03 01:40:17,343 - INFO - Writing overlap_60/ACC3_TK/ACC3_TK.plot.svg
2021-04-03 01:40:17,386 - INFO - Writing overlap_60/ACC3_TK/ACC3_TK.report.json
2021-04-04 18:15:43,635 - INFO - Writing log to overlap_60/ACC3_TK/ACC3_TK.log
2021-04-04 18:15:43,655 - INFO - References:
 - ACC3_TK
2021-04-04 18:15:43,655 - INFO - Primary reference for coordinate system: ACC3_TK
2021-04-04 18:15:43,655 - INFO - Considering primers from all references
2021-04-04 18:15:57,783 - INFO - All done! Scheme created with 19 regions, 6 gaps, 88.41% coverage
2021-04-04 18:15:57,783 - INFO - Writing overlap_60/ACC3_TK/ACC3_TK.primer.bed
2021-04-04 18:15:57,786 - INFO - Writing overlap_60/ACC3_TK/ACC3_TK.insert.bed
2021-04-04 18:15:57,789 - INFO - Writing overlap_60/ACC3_TK/ACC3_TK.primer.tsv
2021-04-04 18:15:57,791 - INFO - Writing overlap_60/ACC3_TK/ACC3_TK.reference.fasta
2021-04-04 18:15:57,804 - INFO - Writing overlap_60/ACC3_TK/ACC3_TK.plot.pdf
2021-04-04 18:15:57,804 - INFO - Writing overlap_60/ACC3_TK/ACC3_TK.plot.svg
2021-04-04 18:15:57,847 - INFO - Writing overlap_60/ACC3_TK/ACC3_TK.report.json
