2021-04-03 01:28:47,512 - INFO - Writing log to overlap_55/HSCP70-1_TK/HSCP70-1_TK.log
2021-04-03 01:28:47,521 - INFO - References:
 - HSCP70-1_TK
2021-04-03 01:28:47,521 - INFO - Primary reference for coordinate system: HSCP70-1_TK
2021-04-03 01:28:47,521 - INFO - Considering primers from all references
2021-04-03 01:28:53,402 - INFO - All done! Scheme created with 8 regions, 2 gaps, 74.2% coverage
2021-04-03 01:28:53,402 - INFO - Writing overlap_55/HSCP70-1_TK/HSCP70-1_TK.primer.bed
2021-04-03 01:28:53,403 - INFO - Writing overlap_55/HSCP70-1_TK/HSCP70-1_TK.insert.bed
2021-04-03 01:28:53,403 - INFO - Writing overlap_55/HSCP70-1_TK/HSCP70-1_TK.primer.tsv
2021-04-03 01:28:53,404 - INFO - Writing overlap_55/HSCP70-1_TK/HSCP70-1_TK.reference.fasta
2021-04-03 01:28:53,411 - INFO - Writing overlap_55/HSCP70-1_TK/HSCP70-1_TK.plot.pdf
2021-04-03 01:28:53,411 - INFO - Writing overlap_55/HSCP70-1_TK/HSCP70-1_TK.plot.svg
2021-04-03 01:28:53,438 - INFO - Writing overlap_55/HSCP70-1_TK/HSCP70-1_TK.report.json
2021-04-04 18:05:38,018 - INFO - Writing log to overlap_55/HSCP70-1_TK/HSCP70-1_TK.log
2021-04-04 18:05:38,053 - INFO - References:
 - HSCP70-1_TK
2021-04-04 18:05:38,053 - INFO - Primary reference for coordinate system: HSCP70-1_TK
2021-04-04 18:05:38,053 - INFO - Considering primers from all references
2021-04-04 18:05:43,380 - INFO - All done! Scheme created with 8 regions, 2 gaps, 74.2% coverage
2021-04-04 18:05:43,381 - INFO - Writing overlap_55/HSCP70-1_TK/HSCP70-1_TK.primer.bed
2021-04-04 18:05:43,383 - INFO - Writing overlap_55/HSCP70-1_TK/HSCP70-1_TK.insert.bed
2021-04-04 18:05:43,386 - INFO - Writing overlap_55/HSCP70-1_TK/HSCP70-1_TK.primer.tsv
2021-04-04 18:05:43,388 - INFO - Writing overlap_55/HSCP70-1_TK/HSCP70-1_TK.reference.fasta
2021-04-04 18:05:43,396 - INFO - Writing overlap_55/HSCP70-1_TK/HSCP70-1_TK.plot.pdf
2021-04-04 18:05:43,396 - INFO - Writing overlap_55/HSCP70-1_TK/HSCP70-1_TK.plot.svg
2021-04-04 18:05:43,423 - INFO - Writing overlap_55/HSCP70-1_TK/HSCP70-1_TK.report.json
