2021-04-03 11:16:43,197 - INFO - Writing log to overlap_75/OC2_TK/OC2_TK.log
2021-04-03 11:16:43,210 - INFO - References:
 - OC2_TK
2021-04-03 11:16:43,210 - INFO - Primary reference for coordinate system: OC2_TK
2021-04-03 11:16:43,210 - INFO - Considering primers from all references
2021-04-03 11:17:05,551 - INFO - All done! Scheme created with 32 regions, 10 gaps, 83.22% coverage
2021-04-03 11:17:05,551 - INFO - Writing overlap_75/OC2_TK/OC2_TK.primer.bed
2021-04-03 11:17:05,552 - INFO - Writing overlap_75/OC2_TK/OC2_TK.insert.bed
2021-04-03 11:17:05,553 - INFO - Writing overlap_75/OC2_TK/OC2_TK.primer.tsv
2021-04-03 11:17:05,554 - INFO - Writing overlap_75/OC2_TK/OC2_TK.reference.fasta
2021-04-03 11:17:05,569 - INFO - Writing overlap_75/OC2_TK/OC2_TK.plot.pdf
2021-04-03 11:17:05,569 - INFO - Writing overlap_75/OC2_TK/OC2_TK.plot.svg
2021-04-03 11:17:05,626 - INFO - Writing overlap_75/OC2_TK/OC2_TK.report.json
2021-04-04 19:06:49,921 - INFO - Writing log to overlap_75/OC2_TK/OC2_TK.log
2021-04-04 19:06:49,943 - INFO - References:
 - OC2_TK
2021-04-04 19:06:49,943 - INFO - Primary reference for coordinate system: OC2_TK
2021-04-04 19:06:49,943 - INFO - Considering primers from all references
2021-04-04 19:07:14,825 - INFO - All done! Scheme created with 32 regions, 10 gaps, 83.22% coverage
2021-04-04 19:07:14,826 - INFO - Writing overlap_75/OC2_TK/OC2_TK.primer.bed
2021-04-04 19:07:14,829 - INFO - Writing overlap_75/OC2_TK/OC2_TK.insert.bed
2021-04-04 19:07:14,831 - INFO - Writing overlap_75/OC2_TK/OC2_TK.primer.tsv
2021-04-04 19:07:14,834 - INFO - Writing overlap_75/OC2_TK/OC2_TK.reference.fasta
2021-04-04 19:07:14,853 - INFO - Writing overlap_75/OC2_TK/OC2_TK.plot.pdf
2021-04-04 19:07:14,853 - INFO - Writing overlap_75/OC2_TK/OC2_TK.plot.svg
2021-04-04 19:07:14,922 - INFO - Writing overlap_75/OC2_TK/OC2_TK.report.json
