2021-04-03 11:36:42,962 - INFO - Writing log to overlap_85/3H3MC1_TK/3H3MC1_TK.log
2021-04-03 11:36:42,967 - INFO - References:
 - 3H3MC1_TK
2021-04-03 11:36:42,967 - INFO - Primary reference for coordinate system: 3H3MC1_TK
2021-04-03 11:36:42,968 - INFO - Considering primers from all references
2021-04-03 11:36:47,890 - INFO - All done! Scheme created with 8 regions, 3 gaps, 78.69% coverage
2021-04-03 11:36:47,890 - INFO - Writing overlap_85/3H3MC1_TK/3H3MC1_TK.primer.bed
2021-04-03 11:36:47,891 - INFO - Writing overlap_85/3H3MC1_TK/3H3MC1_TK.insert.bed
2021-04-03 11:36:47,892 - INFO - Writing overlap_85/3H3MC1_TK/3H3MC1_TK.primer.tsv
2021-04-03 11:36:47,892 - INFO - Writing overlap_85/3H3MC1_TK/3H3MC1_TK.reference.fasta
2021-04-03 11:36:47,897 - INFO - Writing overlap_85/3H3MC1_TK/3H3MC1_TK.plot.pdf
2021-04-03 11:36:47,897 - INFO - Writing overlap_85/3H3MC1_TK/3H3MC1_TK.plot.svg
2021-04-03 11:36:47,918 - INFO - Writing overlap_85/3H3MC1_TK/3H3MC1_TK.report.json
2021-04-04 19:29:05,195 - INFO - Writing log to overlap_85/3H3MC1_TK/3H3MC1_TK.log
2021-04-04 19:29:05,220 - INFO - References:
 - 3H3MC1_TK
2021-04-04 19:29:05,220 - INFO - Primary reference for coordinate system: 3H3MC1_TK
2021-04-04 19:29:05,220 - INFO - Considering primers from all references
2021-04-04 19:29:10,702 - INFO - All done! Scheme created with 8 regions, 3 gaps, 78.69% coverage
2021-04-04 19:29:10,703 - INFO - Writing overlap_85/3H3MC1_TK/3H3MC1_TK.primer.bed
2021-04-04 19:29:10,706 - INFO - Writing overlap_85/3H3MC1_TK/3H3MC1_TK.insert.bed
2021-04-04 19:29:10,709 - INFO - Writing overlap_85/3H3MC1_TK/3H3MC1_TK.primer.tsv
2021-04-04 19:29:10,711 - INFO - Writing overlap_85/3H3MC1_TK/3H3MC1_TK.reference.fasta
2021-04-04 19:29:10,719 - INFO - Writing overlap_85/3H3MC1_TK/3H3MC1_TK.plot.pdf
2021-04-04 19:29:10,719 - INFO - Writing overlap_85/3H3MC1_TK/3H3MC1_TK.plot.svg
2021-04-04 19:29:10,745 - INFO - Writing overlap_85/3H3MC1_TK/3H3MC1_TK.report.json
