2021-04-03 01:34:31,795 - INFO - Writing log to overlap_55/SQE3_TK/SQE3_TK.log
2021-04-03 01:34:31,805 - INFO - References:
 - SQE3_TK
2021-04-03 01:34:31,805 - INFO - Primary reference for coordinate system: SQE3_TK
2021-04-03 01:34:31,805 - INFO - Considering primers from all references
2021-04-03 01:34:42,035 - INFO - All done! Scheme created with 13 regions, 4 gaps, 87.83% coverage
2021-04-03 01:34:42,036 - INFO - Writing overlap_55/SQE3_TK/SQE3_TK.primer.bed
2021-04-03 01:34:42,037 - INFO - Writing overlap_55/SQE3_TK/SQE3_TK.insert.bed
2021-04-03 01:34:42,038 - INFO - Writing overlap_55/SQE3_TK/SQE3_TK.primer.tsv
2021-04-03 01:34:42,038 - INFO - Writing overlap_55/SQE3_TK/SQE3_TK.reference.fasta
2021-04-03 01:34:42,047 - INFO - Writing overlap_55/SQE3_TK/SQE3_TK.plot.pdf
2021-04-03 01:34:42,048 - INFO - Writing overlap_55/SQE3_TK/SQE3_TK.plot.svg
2021-04-03 01:34:42,082 - INFO - Writing overlap_55/SQE3_TK/SQE3_TK.report.json
2021-04-04 18:10:48,557 - INFO - Writing log to overlap_55/SQE3_TK/SQE3_TK.log
2021-04-04 18:10:48,600 - INFO - References:
 - SQE3_TK
2021-04-04 18:10:48,601 - INFO - Primary reference for coordinate system: SQE3_TK
2021-04-04 18:10:48,601 - INFO - Considering primers from all references
2021-04-04 18:10:57,844 - INFO - All done! Scheme created with 13 regions, 4 gaps, 87.83% coverage
2021-04-04 18:10:57,844 - INFO - Writing overlap_55/SQE3_TK/SQE3_TK.primer.bed
2021-04-04 18:10:57,847 - INFO - Writing overlap_55/SQE3_TK/SQE3_TK.insert.bed
2021-04-04 18:10:57,850 - INFO - Writing overlap_55/SQE3_TK/SQE3_TK.primer.tsv
2021-04-04 18:10:57,852 - INFO - Writing overlap_55/SQE3_TK/SQE3_TK.reference.fasta
2021-04-04 18:10:57,862 - INFO - Writing overlap_55/SQE3_TK/SQE3_TK.plot.pdf
2021-04-04 18:10:57,862 - INFO - Writing overlap_55/SQE3_TK/SQE3_TK.plot.svg
2021-04-04 18:10:57,897 - INFO - Writing overlap_55/SQE3_TK/SQE3_TK.report.json
