2021-04-03 01:33:47,431 - INFO - Writing log to overlap_55/SAS1_TK/SAS1_TK.log
2021-04-03 01:33:47,440 - INFO - References:
 - SAS1_TK
2021-04-03 01:33:47,440 - INFO - Primary reference for coordinate system: SAS1_TK
2021-04-03 01:33:47,440 - INFO - Considering primers from all references
2021-04-03 01:33:50,338 - INFO - All done! Scheme created with 4 regions, 1 gap, 56.39% coverage
2021-04-03 01:33:50,338 - INFO - Writing overlap_55/SAS1_TK/SAS1_TK.primer.bed
2021-04-03 01:33:50,339 - INFO - Writing overlap_55/SAS1_TK/SAS1_TK.insert.bed
2021-04-03 01:33:50,340 - INFO - Writing overlap_55/SAS1_TK/SAS1_TK.primer.tsv
2021-04-03 01:33:50,341 - INFO - Writing overlap_55/SAS1_TK/SAS1_TK.reference.fasta
2021-04-03 01:33:50,345 - INFO - Writing overlap_55/SAS1_TK/SAS1_TK.plot.pdf
2021-04-03 01:33:50,345 - INFO - Writing overlap_55/SAS1_TK/SAS1_TK.plot.svg
2021-04-03 01:33:50,397 - INFO - Writing overlap_55/SAS1_TK/SAS1_TK.report.json
2021-04-04 18:10:08,964 - INFO - Writing log to overlap_55/SAS1_TK/SAS1_TK.log
2021-04-04 18:10:09,007 - INFO - References:
 - SAS1_TK
2021-04-04 18:10:09,007 - INFO - Primary reference for coordinate system: SAS1_TK
2021-04-04 18:10:09,007 - INFO - Considering primers from all references
2021-04-04 18:10:11,655 - INFO - All done! Scheme created with 4 regions, 1 gap, 56.39% coverage
2021-04-04 18:10:11,655 - INFO - Writing overlap_55/SAS1_TK/SAS1_TK.primer.bed
2021-04-04 18:10:11,658 - INFO - Writing overlap_55/SAS1_TK/SAS1_TK.insert.bed
2021-04-04 18:10:11,660 - INFO - Writing overlap_55/SAS1_TK/SAS1_TK.primer.tsv
2021-04-04 18:10:11,663 - INFO - Writing overlap_55/SAS1_TK/SAS1_TK.reference.fasta
2021-04-04 18:10:11,669 - INFO - Writing overlap_55/SAS1_TK/SAS1_TK.plot.pdf
2021-04-04 18:10:11,669 - INFO - Writing overlap_55/SAS1_TK/SAS1_TK.plot.svg
2021-04-04 18:10:11,706 - INFO - Writing overlap_55/SAS1_TK/SAS1_TK.report.json
