2021-04-03 11:48:11,549 - INFO - Writing log to overlap_85/VPE_TK/VPE_TK.log
2021-04-03 11:48:11,555 - INFO - References:
 - VPE_TK
2021-04-03 11:48:11,555 - INFO - Primary reference for coordinate system: VPE_TK
2021-04-03 11:48:11,555 - INFO - Considering primers from all references
2021-04-03 11:48:29,277 - INFO - All done! Scheme created with 19 regions, 7 gaps, 82.77% coverage
2021-04-03 11:48:29,277 - INFO - Writing overlap_85/VPE_TK/VPE_TK.primer.bed
2021-04-03 11:48:29,278 - INFO - Writing overlap_85/VPE_TK/VPE_TK.insert.bed
2021-04-03 11:48:29,278 - INFO - Writing overlap_85/VPE_TK/VPE_TK.primer.tsv
2021-04-03 11:48:29,279 - INFO - Writing overlap_85/VPE_TK/VPE_TK.reference.fasta
2021-04-03 11:48:29,288 - INFO - Writing overlap_85/VPE_TK/VPE_TK.plot.pdf
2021-04-03 11:48:29,288 - INFO - Writing overlap_85/VPE_TK/VPE_TK.plot.svg
2021-04-03 11:48:29,325 - INFO - Writing overlap_85/VPE_TK/VPE_TK.report.json
2021-04-04 19:41:52,019 - INFO - Writing log to overlap_85/VPE_TK/VPE_TK.log
2021-04-04 19:41:52,032 - INFO - References:
 - VPE_TK
2021-04-04 19:41:52,032 - INFO - Primary reference for coordinate system: VPE_TK
2021-04-04 19:41:52,032 - INFO - Considering primers from all references
2021-04-04 19:42:11,729 - INFO - All done! Scheme created with 19 regions, 7 gaps, 82.77% coverage
2021-04-04 19:42:11,729 - INFO - Writing overlap_85/VPE_TK/VPE_TK.primer.bed
2021-04-04 19:42:11,732 - INFO - Writing overlap_85/VPE_TK/VPE_TK.insert.bed
2021-04-04 19:42:11,735 - INFO - Writing overlap_85/VPE_TK/VPE_TK.primer.tsv
2021-04-04 19:42:11,738 - INFO - Writing overlap_85/VPE_TK/VPE_TK.reference.fasta
2021-04-04 19:42:11,750 - INFO - Writing overlap_85/VPE_TK/VPE_TK.plot.pdf
2021-04-04 19:42:11,750 - INFO - Writing overlap_85/VPE_TK/VPE_TK.plot.svg
2021-04-04 19:42:11,794 - INFO - Writing overlap_85/VPE_TK/VPE_TK.report.json
