2021-04-03 11:38:00,756 - INFO - Writing log to overlap_85/ACC3_TK/ACC3_TK.log
2021-04-03 11:38:00,762 - INFO - References:
 - ACC3_TK
2021-04-03 11:38:00,763 - INFO - Primary reference for coordinate system: ACC3_TK
2021-04-03 11:38:00,763 - INFO - Considering primers from all references
2021-04-03 11:38:13,446 - INFO - All done! Scheme created with 19 regions, 6 gaps, 88.41% coverage
2021-04-03 11:38:13,446 - INFO - Writing overlap_85/ACC3_TK/ACC3_TK.primer.bed
2021-04-03 11:38:13,448 - INFO - Writing overlap_85/ACC3_TK/ACC3_TK.insert.bed
2021-04-03 11:38:13,448 - INFO - Writing overlap_85/ACC3_TK/ACC3_TK.primer.tsv
2021-04-03 11:38:13,449 - INFO - Writing overlap_85/ACC3_TK/ACC3_TK.reference.fasta
2021-04-03 11:38:13,458 - INFO - Writing overlap_85/ACC3_TK/ACC3_TK.plot.pdf
2021-04-03 11:38:13,458 - INFO - Writing overlap_85/ACC3_TK/ACC3_TK.plot.svg
2021-04-03 11:38:13,494 - INFO - Writing overlap_85/ACC3_TK/ACC3_TK.report.json
2021-04-04 19:30:33,079 - INFO - Writing log to overlap_85/ACC3_TK/ACC3_TK.log
2021-04-04 19:30:33,109 - INFO - References:
 - ACC3_TK
2021-04-04 19:30:33,109 - INFO - Primary reference for coordinate system: ACC3_TK
2021-04-04 19:30:33,109 - INFO - Considering primers from all references
2021-04-04 19:30:47,194 - INFO - All done! Scheme created with 19 regions, 6 gaps, 88.41% coverage
2021-04-04 19:30:47,194 - INFO - Writing overlap_85/ACC3_TK/ACC3_TK.primer.bed
2021-04-04 19:30:47,197 - INFO - Writing overlap_85/ACC3_TK/ACC3_TK.insert.bed
2021-04-04 19:30:47,200 - INFO - Writing overlap_85/ACC3_TK/ACC3_TK.primer.tsv
2021-04-04 19:30:47,202 - INFO - Writing overlap_85/ACC3_TK/ACC3_TK.reference.fasta
2021-04-04 19:30:47,215 - INFO - Writing overlap_85/ACC3_TK/ACC3_TK.plot.pdf
2021-04-04 19:30:47,215 - INFO - Writing overlap_85/ACC3_TK/ACC3_TK.plot.svg
2021-04-04 19:30:47,257 - INFO - Writing overlap_85/ACC3_TK/ACC3_TK.report.json
