2021-04-03 00:52:10,897 - INFO - Writing log to overlap_45/CPT1_1_TK/CPT1_1_TK.log
2021-04-03 00:52:10,905 - INFO - References:
 - CPT1_1_TK
2021-04-03 00:52:10,906 - INFO - Primary reference for coordinate system: CPT1_1_TK
2021-04-03 00:52:10,906 - INFO - Considering primers from all references
2021-04-03 00:52:13,867 - INFO - All done! Scheme created with 4 regions, 1 gap, 57.98% coverage
2021-04-03 00:52:13,867 - INFO - Writing overlap_45/CPT1_1_TK/CPT1_1_TK.primer.bed
2021-04-03 00:52:13,868 - INFO - Writing overlap_45/CPT1_1_TK/CPT1_1_TK.insert.bed
2021-04-03 00:52:13,869 - INFO - Writing overlap_45/CPT1_1_TK/CPT1_1_TK.primer.tsv
2021-04-03 00:52:13,870 - INFO - Writing overlap_45/CPT1_1_TK/CPT1_1_TK.reference.fasta
2021-04-03 00:52:13,876 - INFO - Writing overlap_45/CPT1_1_TK/CPT1_1_TK.plot.pdf
2021-04-03 00:52:13,876 - INFO - Writing overlap_45/CPT1_1_TK/CPT1_1_TK.plot.svg
2021-04-03 00:52:13,935 - INFO - Writing overlap_45/CPT1_1_TK/CPT1_1_TK.report.json
2021-04-04 17:32:35,455 - INFO - Writing log to overlap_45/CPT1_1_TK/CPT1_1_TK.log
2021-04-04 17:32:35,486 - INFO - References:
 - CPT1_1_TK
2021-04-04 17:32:35,486 - INFO - Primary reference for coordinate system: CPT1_1_TK
2021-04-04 17:32:35,486 - INFO - Considering primers from all references
2021-04-04 17:32:38,292 - INFO - All done! Scheme created with 4 regions, 1 gap, 57.98% coverage
2021-04-04 17:32:38,292 - INFO - Writing overlap_45/CPT1_1_TK/CPT1_1_TK.primer.bed
2021-04-04 17:32:38,297 - INFO - Writing overlap_45/CPT1_1_TK/CPT1_1_TK.insert.bed
2021-04-04 17:32:38,301 - INFO - Writing overlap_45/CPT1_1_TK/CPT1_1_TK.primer.tsv
2021-04-04 17:32:38,305 - INFO - Writing overlap_45/CPT1_1_TK/CPT1_1_TK.reference.fasta
2021-04-04 17:32:38,312 - INFO - Writing overlap_45/CPT1_1_TK/CPT1_1_TK.plot.pdf
2021-04-04 17:32:38,312 - INFO - Writing overlap_45/CPT1_1_TK/CPT1_1_TK.plot.svg
2021-04-04 17:32:38,356 - INFO - Writing overlap_45/CPT1_1_TK/CPT1_1_TK.report.json
