2021-04-03 01:42:35,701 - INFO - Writing log to overlap_60/CYP716D60_TK/CYP716D60_TK.log
2021-04-03 01:42:35,710 - INFO - References:
 - CYP716D60_TK
2021-04-03 01:42:35,711 - INFO - Primary reference for coordinate system: CYP716D60_TK
2021-04-03 01:42:35,711 - INFO - Considering primers from all references
2021-04-03 01:42:49,243 - INFO - All done! Scheme created with 13 regions, 4 gaps, 84.99% coverage
2021-04-03 01:42:49,244 - INFO - Writing overlap_60/CYP716D60_TK/CYP716D60_TK.primer.bed
2021-04-03 01:42:49,245 - INFO - Writing overlap_60/CYP716D60_TK/CYP716D60_TK.insert.bed
2021-04-03 01:42:49,245 - INFO - Writing overlap_60/CYP716D60_TK/CYP716D60_TK.primer.tsv
2021-04-03 01:42:49,246 - INFO - Writing overlap_60/CYP716D60_TK/CYP716D60_TK.reference.fasta
2021-04-03 01:42:49,255 - INFO - Writing overlap_60/CYP716D60_TK/CYP716D60_TK.plot.pdf
2021-04-03 01:42:49,255 - INFO - Writing overlap_60/CYP716D60_TK/CYP716D60_TK.plot.svg
2021-04-03 01:42:49,290 - INFO - Writing overlap_60/CYP716D60_TK/CYP716D60_TK.report.json
2021-04-04 18:18:00,807 - INFO - Writing log to overlap_60/CYP716D60_TK/CYP716D60_TK.log
2021-04-04 18:18:00,838 - INFO - References:
 - CYP716D60_TK
2021-04-04 18:18:00,838 - INFO - Primary reference for coordinate system: CYP716D60_TK
2021-04-04 18:18:00,838 - INFO - Considering primers from all references
2021-04-04 18:18:13,069 - INFO - All done! Scheme created with 13 regions, 4 gaps, 84.99% coverage
2021-04-04 18:18:13,069 - INFO - Writing overlap_60/CYP716D60_TK/CYP716D60_TK.primer.bed
2021-04-04 18:18:13,072 - INFO - Writing overlap_60/CYP716D60_TK/CYP716D60_TK.insert.bed
2021-04-04 18:18:13,075 - INFO - Writing overlap_60/CYP716D60_TK/CYP716D60_TK.primer.tsv
2021-04-04 18:18:13,078 - INFO - Writing overlap_60/CYP716D60_TK/CYP716D60_TK.reference.fasta
2021-04-04 18:18:13,088 - INFO - Writing overlap_60/CYP716D60_TK/CYP716D60_TK.plot.pdf
2021-04-04 18:18:13,088 - INFO - Writing overlap_60/CYP716D60_TK/CYP716D60_TK.plot.svg
2021-04-04 18:18:13,124 - INFO - Writing overlap_60/CYP716D60_TK/CYP716D60_TK.report.json
