2021-04-03 01:05:32,697 - INFO - Writing log to overlap_50/3H3MCS1_TK/3H3MCS1_TK.log
2021-04-03 01:05:32,713 - INFO - References:
 - 3H3MCS1_TK
2021-04-03 01:05:32,713 - INFO - Primary reference for coordinate system: 3H3MCS1_TK
2021-04-03 01:05:32,713 - INFO - Considering primers from all references
2021-04-03 01:05:39,872 - INFO - All done! Scheme created with 9 regions, 2 gaps, 78.73% coverage
2021-04-03 01:05:39,873 - INFO - Writing overlap_50/3H3MCS1_TK/3H3MCS1_TK.primer.bed
2021-04-03 01:05:39,874 - INFO - Writing overlap_50/3H3MCS1_TK/3H3MCS1_TK.insert.bed
2021-04-03 01:05:39,875 - INFO - Writing overlap_50/3H3MCS1_TK/3H3MCS1_TK.primer.tsv
2021-04-03 01:05:39,876 - INFO - Writing overlap_50/3H3MCS1_TK/3H3MCS1_TK.reference.fasta
2021-04-03 01:05:39,883 - INFO - Writing overlap_50/3H3MCS1_TK/3H3MCS1_TK.plot.pdf
2021-04-03 01:05:39,884 - INFO - Writing overlap_50/3H3MCS1_TK/3H3MCS1_TK.plot.svg
2021-04-03 01:05:39,912 - INFO - Writing overlap_50/3H3MCS1_TK/3H3MCS1_TK.report.json
2021-04-04 17:44:50,246 - INFO - Writing log to overlap_50/3H3MCS1_TK/3H3MCS1_TK.log
2021-04-04 17:44:50,283 - INFO - References:
 - 3H3MCS1_TK
2021-04-04 17:44:50,284 - INFO - Primary reference for coordinate system: 3H3MCS1_TK
2021-04-04 17:44:50,284 - INFO - Considering primers from all references
2021-04-04 17:44:56,814 - INFO - All done! Scheme created with 9 regions, 2 gaps, 78.73% coverage
2021-04-04 17:44:56,815 - INFO - Writing overlap_50/3H3MCS1_TK/3H3MCS1_TK.primer.bed
2021-04-04 17:44:56,818 - INFO - Writing overlap_50/3H3MCS1_TK/3H3MCS1_TK.insert.bed
2021-04-04 17:44:56,820 - INFO - Writing overlap_50/3H3MCS1_TK/3H3MCS1_TK.primer.tsv
2021-04-04 17:44:56,823 - INFO - Writing overlap_50/3H3MCS1_TK/3H3MCS1_TK.reference.fasta
2021-04-04 17:44:56,830 - INFO - Writing overlap_50/3H3MCS1_TK/3H3MCS1_TK.plot.pdf
2021-04-04 17:44:56,831 - INFO - Writing overlap_50/3H3MCS1_TK/3H3MCS1_TK.plot.svg
2021-04-04 17:44:56,858 - INFO - Writing overlap_50/3H3MCS1_TK/3H3MCS1_TK.report.json
