2021-04-03 01:02:22,467 - INFO - Writing log to overlap_45/TCTP1_TK/TCTP1_TK.log
2021-04-03 01:02:22,490 - INFO - References:
 - TCTP1_TK
2021-04-03 01:02:22,490 - INFO - Primary reference for coordinate system: TCTP1_TK
2021-04-03 01:02:22,490 - INFO - Considering primers from all references
2021-04-03 01:02:24,038 - INFO - All done! Scheme created with 2 regions, 0 gaps, 43.38% coverage
2021-04-03 01:02:24,038 - INFO - Writing overlap_45/TCTP1_TK/TCTP1_TK.primer.bed
2021-04-03 01:02:24,039 - INFO - Writing overlap_45/TCTP1_TK/TCTP1_TK.insert.bed
2021-04-03 01:02:24,040 - INFO - Writing overlap_45/TCTP1_TK/TCTP1_TK.primer.tsv
2021-04-03 01:02:24,040 - INFO - Writing overlap_45/TCTP1_TK/TCTP1_TK.reference.fasta
2021-04-03 01:02:24,043 - INFO - Writing overlap_45/TCTP1_TK/TCTP1_TK.plot.pdf
2021-04-03 01:02:24,044 - INFO - Writing overlap_45/TCTP1_TK/TCTP1_TK.plot.svg
2021-04-03 01:02:24,061 - INFO - Writing overlap_45/TCTP1_TK/TCTP1_TK.report.json
2021-04-04 17:41:43,258 - INFO - Writing log to overlap_45/TCTP1_TK/TCTP1_TK.log
2021-04-04 17:41:43,287 - INFO - References:
 - TCTP1_TK
2021-04-04 17:41:43,287 - INFO - Primary reference for coordinate system: TCTP1_TK
2021-04-04 17:41:43,287 - INFO - Considering primers from all references
2021-04-04 17:41:44,707 - INFO - All done! Scheme created with 2 regions, 0 gaps, 43.38% coverage
2021-04-04 17:41:44,707 - INFO - Writing overlap_45/TCTP1_TK/TCTP1_TK.primer.bed
2021-04-04 17:41:44,720 - INFO - Writing overlap_45/TCTP1_TK/TCTP1_TK.insert.bed
2021-04-04 17:41:44,723 - INFO - Writing overlap_45/TCTP1_TK/TCTP1_TK.primer.tsv
2021-04-04 17:41:44,734 - INFO - Writing overlap_45/TCTP1_TK/TCTP1_TK.reference.fasta
2021-04-04 17:41:44,760 - INFO - Writing overlap_45/TCTP1_TK/TCTP1_TK.plot.pdf
2021-04-04 17:41:44,760 - INFO - Writing overlap_45/TCTP1_TK/TCTP1_TK.plot.svg
2021-04-04 17:41:44,787 - INFO - Writing overlap_45/TCTP1_TK/TCTP1_TK.report.json
