2020-12-01 05:23:55,938 - INFO - Writing log to overlap_70/IPPK_TK/IPPK_TK.log
2020-12-01 05:23:55,943 - INFO - References:
 - IPPK_TK
2020-12-01 05:23:55,943 - INFO - Primary reference for coordinate system: IPPK_TK
2020-12-01 05:23:55,943 - INFO - Considering primers from all references
2020-12-01 05:23:56,346 - INFO - All done! Scheme created with 9 regions, 2 gaps, 77.64% coverage
2020-12-01 05:23:56,346 - INFO - Writing overlap_70/IPPK_TK/IPPK_TK.primer.bed
2020-12-01 05:23:56,347 - INFO - Writing overlap_70/IPPK_TK/IPPK_TK.insert.bed
2020-12-01 05:23:56,348 - INFO - Writing overlap_70/IPPK_TK/IPPK_TK.primer.tsv
2020-12-01 05:23:56,348 - INFO - Writing overlap_70/IPPK_TK/IPPK_TK.reference.fasta
2020-12-01 05:23:56,358 - INFO - Writing overlap_70/IPPK_TK/IPPK_TK.plot.pdf
2020-12-01 05:23:56,358 - INFO - Writing overlap_70/IPPK_TK/IPPK_TK.plot.svg
2020-12-01 05:23:56,377 - INFO - Writing overlap_70/IPPK_TK/IPPK_TK.report.json
2021-04-02 20:44:38,293 - INFO - Writing log to overlap_70/IPPK_TK/IPPK_TK.log
2021-04-02 20:44:38,322 - INFO - References:
 - IPPK_TK
2021-04-02 20:44:38,322 - INFO - Primary reference for coordinate system: IPPK_TK
2021-04-02 20:44:38,322 - INFO - Considering primers from all references
2021-04-02 20:44:40,676 - INFO - All done! Scheme created with 4 regions, 0 gaps, 68.6% coverage
2021-04-02 20:44:40,676 - INFO - Writing overlap_70/IPPK_TK/IPPK_TK.primer.bed
2021-04-02 20:44:40,682 - INFO - Writing overlap_70/IPPK_TK/IPPK_TK.insert.bed
2021-04-02 20:44:40,686 - INFO - Writing overlap_70/IPPK_TK/IPPK_TK.primer.tsv
2021-04-02 20:44:40,691 - INFO - Writing overlap_70/IPPK_TK/IPPK_TK.reference.fasta
2021-04-02 20:44:40,699 - INFO - Writing overlap_70/IPPK_TK/IPPK_TK.plot.pdf
2021-04-02 20:44:40,699 - INFO - Writing overlap_70/IPPK_TK/IPPK_TK.plot.svg
2021-04-02 20:44:40,738 - INFO - Writing overlap_70/IPPK_TK/IPPK_TK.report.json
