2021-04-03 02:08:53,314 - INFO - Writing log to overlap_65/STKWNK_TK/STKWNK_TK.log
2021-04-03 02:08:53,322 - INFO - References:
 - STKWNK_TK
2021-04-03 02:08:53,322 - INFO - Primary reference for coordinate system: STKWNK_TK
2021-04-03 02:08:53,322 - INFO - Considering primers from all references
2021-04-03 02:08:54,698 - INFO - All done! Scheme created with 2 regions, 0 gaps, 41.74% coverage
2021-04-03 02:08:54,698 - INFO - Writing overlap_65/STKWNK_TK/STKWNK_TK.primer.bed
2021-04-03 02:08:54,699 - INFO - Writing overlap_65/STKWNK_TK/STKWNK_TK.insert.bed
2021-04-03 02:08:54,700 - INFO - Writing overlap_65/STKWNK_TK/STKWNK_TK.primer.tsv
2021-04-03 02:08:54,701 - INFO - Writing overlap_65/STKWNK_TK/STKWNK_TK.reference.fasta
2021-04-03 02:08:54,705 - INFO - Writing overlap_65/STKWNK_TK/STKWNK_TK.plot.pdf
2021-04-03 02:08:54,705 - INFO - Writing overlap_65/STKWNK_TK/STKWNK_TK.plot.svg
2021-04-03 02:08:54,721 - INFO - Writing overlap_65/STKWNK_TK/STKWNK_TK.report.json
2021-04-04 18:41:51,218 - INFO - Writing log to overlap_65/STKWNK_TK/STKWNK_TK.log
2021-04-04 18:41:51,235 - INFO - References:
 - STKWNK_TK
2021-04-04 18:41:51,235 - INFO - Primary reference for coordinate system: STKWNK_TK
2021-04-04 18:41:51,235 - INFO - Considering primers from all references
2021-04-04 18:41:52,501 - INFO - All done! Scheme created with 2 regions, 0 gaps, 41.74% coverage
2021-04-04 18:41:52,502 - INFO - Writing overlap_65/STKWNK_TK/STKWNK_TK.primer.bed
2021-04-04 18:41:52,504 - INFO - Writing overlap_65/STKWNK_TK/STKWNK_TK.insert.bed
2021-04-04 18:41:52,507 - INFO - Writing overlap_65/STKWNK_TK/STKWNK_TK.primer.tsv
2021-04-04 18:41:52,509 - INFO - Writing overlap_65/STKWNK_TK/STKWNK_TK.reference.fasta
2021-04-04 18:41:52,514 - INFO - Writing overlap_65/STKWNK_TK/STKWNK_TK.plot.pdf
2021-04-04 18:41:52,514 - INFO - Writing overlap_65/STKWNK_TK/STKWNK_TK.plot.svg
2021-04-04 18:41:52,532 - INFO - Writing overlap_65/STKWNK_TK/STKWNK_TK.report.json
