2021-04-03 01:12:43,719 - INFO - Writing log to overlap_50/OC1_TK/OC1_TK.log
2021-04-03 01:12:43,742 - INFO - References:
 - OC1_TK
2021-04-03 01:12:43,743 - INFO - Primary reference for coordinate system: OC1_TK
2021-04-03 01:12:43,743 - INFO - Considering primers from all references
2021-04-03 01:13:23,950 - INFO - All done! Scheme created with 37 regions, 13 gaps, 86.77% coverage
2021-04-03 01:13:23,950 - INFO - Writing overlap_50/OC1_TK/OC1_TK.primer.bed
2021-04-03 01:13:23,952 - INFO - Writing overlap_50/OC1_TK/OC1_TK.insert.bed
2021-04-03 01:13:23,953 - INFO - Writing overlap_50/OC1_TK/OC1_TK.primer.tsv
2021-04-03 01:13:23,954 - INFO - Writing overlap_50/OC1_TK/OC1_TK.reference.fasta
2021-04-03 01:13:23,976 - INFO - Writing overlap_50/OC1_TK/OC1_TK.plot.pdf
2021-04-03 01:13:23,977 - INFO - Writing overlap_50/OC1_TK/OC1_TK.plot.svg
2021-04-03 01:13:24,054 - INFO - Writing overlap_50/OC1_TK/OC1_TK.report.json
2021-04-04 17:51:15,683 - INFO - Writing log to overlap_50/OC1_TK/OC1_TK.log
2021-04-04 17:51:15,722 - INFO - References:
 - OC1_TK
2021-04-04 17:51:15,722 - INFO - Primary reference for coordinate system: OC1_TK
2021-04-04 17:51:15,722 - INFO - Considering primers from all references
2021-04-04 17:51:52,368 - INFO - All done! Scheme created with 37 regions, 13 gaps, 86.77% coverage
2021-04-04 17:51:52,368 - INFO - Writing overlap_50/OC1_TK/OC1_TK.primer.bed
2021-04-04 17:51:52,371 - INFO - Writing overlap_50/OC1_TK/OC1_TK.insert.bed
2021-04-04 17:51:52,374 - INFO - Writing overlap_50/OC1_TK/OC1_TK.primer.tsv
2021-04-04 17:51:52,377 - INFO - Writing overlap_50/OC1_TK/OC1_TK.reference.fasta
2021-04-04 17:51:52,399 - INFO - Writing overlap_50/OC1_TK/OC1_TK.plot.pdf
2021-04-04 17:51:52,399 - INFO - Writing overlap_50/OC1_TK/OC1_TK.plot.svg
2021-04-04 17:51:52,475 - INFO - Writing overlap_50/OC1_TK/OC1_TK.report.json
