2021-04-03 11:31:40,807 - INFO - Writing log to overlap_80/PEC2_TK/PEC2_TK.log
2021-04-03 11:31:40,812 - INFO - References:
 - PEC2_TK
2021-04-03 11:31:40,812 - INFO - Primary reference for coordinate system: PEC2_TK
2021-04-03 11:31:40,812 - INFO - Considering primers from all references
2021-04-03 11:31:45,881 - INFO - All done! Scheme created with 8 regions, 3 gaps, 77.19% coverage
2021-04-03 11:31:45,881 - INFO - Writing overlap_80/PEC2_TK/PEC2_TK.primer.bed
2021-04-03 11:31:45,882 - INFO - Writing overlap_80/PEC2_TK/PEC2_TK.insert.bed
2021-04-03 11:31:45,883 - INFO - Writing overlap_80/PEC2_TK/PEC2_TK.primer.tsv
2021-04-03 11:31:45,883 - INFO - Writing overlap_80/PEC2_TK/PEC2_TK.reference.fasta
2021-04-03 11:31:45,889 - INFO - Writing overlap_80/PEC2_TK/PEC2_TK.plot.pdf
2021-04-03 11:31:45,889 - INFO - Writing overlap_80/PEC2_TK/PEC2_TK.plot.svg
2021-04-03 11:31:45,909 - INFO - Writing overlap_80/PEC2_TK/PEC2_TK.report.json
2021-04-04 19:23:27,403 - INFO - Writing log to overlap_80/PEC2_TK/PEC2_TK.log
2021-04-04 19:23:27,417 - INFO - References:
 - PEC2_TK
2021-04-04 19:23:27,417 - INFO - Primary reference for coordinate system: PEC2_TK
2021-04-04 19:23:27,417 - INFO - Considering primers from all references
2021-04-04 19:23:32,970 - INFO - All done! Scheme created with 8 regions, 3 gaps, 77.19% coverage
2021-04-04 19:23:32,971 - INFO - Writing overlap_80/PEC2_TK/PEC2_TK.primer.bed
2021-04-04 19:23:32,974 - INFO - Writing overlap_80/PEC2_TK/PEC2_TK.insert.bed
2021-04-04 19:23:32,976 - INFO - Writing overlap_80/PEC2_TK/PEC2_TK.primer.tsv
2021-04-04 19:23:32,979 - INFO - Writing overlap_80/PEC2_TK/PEC2_TK.reference.fasta
2021-04-04 19:23:32,986 - INFO - Writing overlap_80/PEC2_TK/PEC2_TK.plot.pdf
2021-04-04 19:23:32,986 - INFO - Writing overlap_80/PEC2_TK/PEC2_TK.plot.svg
2021-04-04 19:23:33,021 - INFO - Writing overlap_80/PEC2_TK/PEC2_TK.report.json
