2021-04-03 01:00:16,903 - INFO - Writing log to overlap_45/SAS1_TK/SAS1_TK.log
2021-04-03 01:00:16,912 - INFO - References:
 - SAS1_TK
2021-04-03 01:00:16,912 - INFO - Primary reference for coordinate system: SAS1_TK
2021-04-03 01:00:16,912 - INFO - Considering primers from all references
2021-04-03 01:00:19,812 - INFO - All done! Scheme created with 4 regions, 1 gap, 56.39% coverage
2021-04-03 01:00:19,812 - INFO - Writing overlap_45/SAS1_TK/SAS1_TK.primer.bed
2021-04-03 01:00:19,813 - INFO - Writing overlap_45/SAS1_TK/SAS1_TK.insert.bed
2021-04-03 01:00:19,814 - INFO - Writing overlap_45/SAS1_TK/SAS1_TK.primer.tsv
2021-04-03 01:00:19,815 - INFO - Writing overlap_45/SAS1_TK/SAS1_TK.reference.fasta
2021-04-03 01:00:19,819 - INFO - Writing overlap_45/SAS1_TK/SAS1_TK.plot.pdf
2021-04-03 01:00:19,820 - INFO - Writing overlap_45/SAS1_TK/SAS1_TK.plot.svg
2021-04-03 01:00:19,867 - INFO - Writing overlap_45/SAS1_TK/SAS1_TK.report.json
2021-04-04 17:39:53,018 - INFO - Writing log to overlap_45/SAS1_TK/SAS1_TK.log
2021-04-04 17:39:53,037 - INFO - References:
 - SAS1_TK
2021-04-04 17:39:53,037 - INFO - Primary reference for coordinate system: SAS1_TK
2021-04-04 17:39:53,037 - INFO - Considering primers from all references
2021-04-04 17:39:55,668 - INFO - All done! Scheme created with 4 regions, 1 gap, 56.39% coverage
2021-04-04 17:39:55,669 - INFO - Writing overlap_45/SAS1_TK/SAS1_TK.primer.bed
2021-04-04 17:39:55,674 - INFO - Writing overlap_45/SAS1_TK/SAS1_TK.insert.bed
2021-04-04 17:39:55,678 - INFO - Writing overlap_45/SAS1_TK/SAS1_TK.primer.tsv
2021-04-04 17:39:55,682 - INFO - Writing overlap_45/SAS1_TK/SAS1_TK.reference.fasta
2021-04-04 17:39:55,689 - INFO - Writing overlap_45/SAS1_TK/SAS1_TK.plot.pdf
2021-04-04 17:39:55,689 - INFO - Writing overlap_45/SAS1_TK/SAS1_TK.plot.svg
2021-04-04 17:39:55,729 - INFO - Writing overlap_45/SAS1_TK/SAS1_TK.report.json
