2021-04-03 02:09:03,882 - INFO - Writing log to overlap_65/TLP_TK/TLP_TK.log
2021-04-03 02:09:03,891 - INFO - References:
 - TLP_TK
2021-04-03 02:09:03,891 - INFO - Primary reference for coordinate system: TLP_TK
2021-04-03 02:09:03,891 - INFO - Considering primers from all references
2021-04-03 02:09:06,183 - INFO - All done! Scheme created with 3 regions, 1 gap, 60.08% coverage
2021-04-03 02:09:06,183 - INFO - Writing overlap_65/TLP_TK/TLP_TK.primer.bed
2021-04-03 02:09:06,185 - INFO - Writing overlap_65/TLP_TK/TLP_TK.insert.bed
2021-04-03 02:09:06,185 - INFO - Writing overlap_65/TLP_TK/TLP_TK.primer.tsv
2021-04-03 02:09:06,186 - INFO - Writing overlap_65/TLP_TK/TLP_TK.reference.fasta
2021-04-03 02:09:06,190 - INFO - Writing overlap_65/TLP_TK/TLP_TK.plot.pdf
2021-04-03 02:09:06,190 - INFO - Writing overlap_65/TLP_TK/TLP_TK.plot.svg
2021-04-03 02:09:06,207 - INFO - Writing overlap_65/TLP_TK/TLP_TK.report.json
2021-04-04 18:42:00,683 - INFO - Writing log to overlap_65/TLP_TK/TLP_TK.log
2021-04-04 18:42:00,698 - INFO - References:
 - TLP_TK
2021-04-04 18:42:00,698 - INFO - Primary reference for coordinate system: TLP_TK
2021-04-04 18:42:00,698 - INFO - Considering primers from all references
2021-04-04 18:42:02,830 - INFO - All done! Scheme created with 3 regions, 1 gap, 60.08% coverage
2021-04-04 18:42:02,830 - INFO - Writing overlap_65/TLP_TK/TLP_TK.primer.bed
2021-04-04 18:42:02,833 - INFO - Writing overlap_65/TLP_TK/TLP_TK.insert.bed
2021-04-04 18:42:02,836 - INFO - Writing overlap_65/TLP_TK/TLP_TK.primer.tsv
2021-04-04 18:42:02,839 - INFO - Writing overlap_65/TLP_TK/TLP_TK.reference.fasta
2021-04-04 18:42:02,844 - INFO - Writing overlap_65/TLP_TK/TLP_TK.plot.pdf
2021-04-04 18:42:02,844 - INFO - Writing overlap_65/TLP_TK/TLP_TK.plot.svg
2021-04-04 18:42:02,862 - INFO - Writing overlap_65/TLP_TK/TLP_TK.report.json
