2021-04-03 00:32:22,608 - INFO - Writing log to overlap_40/3H3MCR4_TK/3H3MCR4_TK.log
2021-04-03 00:32:22,629 - INFO - References:
 - 3H3MCR4_TK
2021-04-03 00:32:22,629 - INFO - Primary reference for coordinate system: 3H3MCR4_TK
2021-04-03 00:32:22,629 - INFO - Considering primers from all references
2021-04-03 00:32:27,018 - INFO - All done! Scheme created with 6 regions, 2 gaps, 62.05% coverage
2021-04-03 00:32:27,019 - INFO - Writing overlap_40/3H3MCR4_TK/3H3MCR4_TK.primer.bed
2021-04-03 00:32:27,020 - INFO - Writing overlap_40/3H3MCR4_TK/3H3MCR4_TK.insert.bed
2021-04-03 00:32:27,020 - INFO - Writing overlap_40/3H3MCR4_TK/3H3MCR4_TK.primer.tsv
2021-04-03 00:32:27,021 - INFO - Writing overlap_40/3H3MCR4_TK/3H3MCR4_TK.reference.fasta
2021-04-03 00:32:27,027 - INFO - Writing overlap_40/3H3MCR4_TK/3H3MCR4_TK.plot.pdf
2021-04-03 00:32:27,027 - INFO - Writing overlap_40/3H3MCR4_TK/3H3MCR4_TK.plot.svg
2021-04-03 00:32:27,055 - INFO - Writing overlap_40/3H3MCR4_TK/3H3MCR4_TK.report.json
2021-04-04 17:14:40,042 - INFO - Writing log to overlap_40/3H3MCR4_TK/3H3MCR4_TK.log
2021-04-04 17:14:40,074 - INFO - References:
 - 3H3MCR4_TK
2021-04-04 17:14:40,074 - INFO - Primary reference for coordinate system: 3H3MCR4_TK
2021-04-04 17:14:40,075 - INFO - Considering primers from all references
2021-04-04 17:14:44,012 - INFO - All done! Scheme created with 6 regions, 2 gaps, 62.05% coverage
2021-04-04 17:14:44,013 - INFO - Writing overlap_40/3H3MCR4_TK/3H3MCR4_TK.primer.bed
2021-04-04 17:14:44,017 - INFO - Writing overlap_40/3H3MCR4_TK/3H3MCR4_TK.insert.bed
2021-04-04 17:14:44,020 - INFO - Writing overlap_40/3H3MCR4_TK/3H3MCR4_TK.primer.tsv
2021-04-04 17:14:44,024 - INFO - Writing overlap_40/3H3MCR4_TK/3H3MCR4_TK.reference.fasta
2021-04-04 17:14:44,031 - INFO - Writing overlap_40/3H3MCR4_TK/3H3MCR4_TK.plot.pdf
2021-04-04 17:14:44,032 - INFO - Writing overlap_40/3H3MCR4_TK/3H3MCR4_TK.plot.svg
2021-04-04 17:14:44,058 - INFO - Writing overlap_40/3H3MCR4_TK/3H3MCR4_TK.report.json
