2021-04-03 01:22:07,497 - INFO - Writing log to overlap_55/3H3MCR4_TK/3H3MCR4_TK.log
2021-04-03 01:22:07,513 - INFO - References:
 - 3H3MCR4_TK
2021-04-03 01:22:07,513 - INFO - Primary reference for coordinate system: 3H3MCR4_TK
2021-04-03 01:22:07,513 - INFO - Considering primers from all references
2021-04-03 01:22:11,931 - INFO - All done! Scheme created with 6 regions, 2 gaps, 62.05% coverage
2021-04-03 01:22:11,932 - INFO - Writing overlap_55/3H3MCR4_TK/3H3MCR4_TK.primer.bed
2021-04-03 01:22:11,933 - INFO - Writing overlap_55/3H3MCR4_TK/3H3MCR4_TK.insert.bed
2021-04-03 01:22:11,934 - INFO - Writing overlap_55/3H3MCR4_TK/3H3MCR4_TK.primer.tsv
2021-04-03 01:22:11,935 - INFO - Writing overlap_55/3H3MCR4_TK/3H3MCR4_TK.reference.fasta
2021-04-03 01:22:11,940 - INFO - Writing overlap_55/3H3MCR4_TK/3H3MCR4_TK.plot.pdf
2021-04-03 01:22:11,940 - INFO - Writing overlap_55/3H3MCR4_TK/3H3MCR4_TK.plot.svg
2021-04-03 01:22:11,965 - INFO - Writing overlap_55/3H3MCR4_TK/3H3MCR4_TK.report.json
2021-04-04 17:59:39,433 - INFO - Writing log to overlap_55/3H3MCR4_TK/3H3MCR4_TK.log
2021-04-04 17:59:39,459 - INFO - References:
 - 3H3MCR4_TK
2021-04-04 17:59:39,459 - INFO - Primary reference for coordinate system: 3H3MCR4_TK
2021-04-04 17:59:39,459 - INFO - Considering primers from all references
2021-04-04 17:59:43,435 - INFO - All done! Scheme created with 6 regions, 2 gaps, 62.05% coverage
2021-04-04 17:59:43,435 - INFO - Writing overlap_55/3H3MCR4_TK/3H3MCR4_TK.primer.bed
2021-04-04 17:59:43,438 - INFO - Writing overlap_55/3H3MCR4_TK/3H3MCR4_TK.insert.bed
2021-04-04 17:59:43,441 - INFO - Writing overlap_55/3H3MCR4_TK/3H3MCR4_TK.primer.tsv
2021-04-04 17:59:43,443 - INFO - Writing overlap_55/3H3MCR4_TK/3H3MCR4_TK.reference.fasta
2021-04-04 17:59:43,450 - INFO - Writing overlap_55/3H3MCR4_TK/3H3MCR4_TK.plot.pdf
2021-04-04 17:59:43,451 - INFO - Writing overlap_55/3H3MCR4_TK/3H3MCR4_TK.plot.svg
2021-04-04 17:59:43,475 - INFO - Writing overlap_55/3H3MCR4_TK/3H3MCR4_TK.report.json
