2021-04-02 20:42:46,937 - INFO - Writing log to overlap_70/DREB_TK/DREB_TK.log
2021-04-02 20:42:46,955 - INFO - References:
 - DREB_TK
2021-04-02 20:42:46,956 - INFO - Primary reference for coordinate system: DREB_TK
2021-04-02 20:42:46,956 - INFO - Considering primers from all references
2021-04-02 20:42:49,797 - INFO - All done! Scheme created with 5 regions, 2 gaps, 76.74% coverage
2021-04-02 20:42:49,797 - INFO - Writing overlap_70/DREB_TK/DREB_TK.primer.bed
2021-04-02 20:42:49,798 - INFO - Writing overlap_70/DREB_TK/DREB_TK.insert.bed
2021-04-02 20:42:49,799 - INFO - Writing overlap_70/DREB_TK/DREB_TK.primer.tsv
2021-04-02 20:42:49,799 - INFO - Writing overlap_70/DREB_TK/DREB_TK.reference.fasta
2021-04-02 20:42:49,803 - INFO - Writing overlap_70/DREB_TK/DREB_TK.plot.pdf
2021-04-02 20:42:49,803 - INFO - Writing overlap_70/DREB_TK/DREB_TK.plot.svg
2021-04-02 20:42:49,820 - INFO - Writing overlap_70/DREB_TK/DREB_TK.report.json
2021-04-03 02:16:06,058 - INFO - Writing log to overlap_70/DREB_TK/DREB_TK.log
2021-04-03 02:16:06,075 - INFO - References:
 - DREB_TK
2021-04-03 02:16:06,075 - INFO - Primary reference for coordinate system: DREB_TK
2021-04-03 02:16:06,075 - INFO - Considering primers from all references
2021-04-03 02:16:09,623 - INFO - All done! Scheme created with 5 regions, 2 gaps, 76.74% coverage
2021-04-03 02:16:09,623 - INFO - Writing overlap_70/DREB_TK/DREB_TK.primer.bed
2021-04-03 02:16:09,629 - INFO - Writing overlap_70/DREB_TK/DREB_TK.insert.bed
2021-04-03 02:16:09,633 - INFO - Writing overlap_70/DREB_TK/DREB_TK.primer.tsv
2021-04-03 02:16:09,637 - INFO - Writing overlap_70/DREB_TK/DREB_TK.reference.fasta
2021-04-03 02:16:09,644 - INFO - Writing overlap_70/DREB_TK/DREB_TK.plot.pdf
2021-04-03 02:16:09,644 - INFO - Writing overlap_70/DREB_TK/DREB_TK.plot.svg
2021-04-03 02:16:09,671 - INFO - Writing overlap_70/DREB_TK/DREB_TK.report.json
