2021-04-03 01:29:25,301 - INFO - Writing log to overlap_55/MLP28_TK/MLP28_TK.log
2021-04-03 01:29:25,310 - INFO - References:
 - MLP28_TK
2021-04-03 01:29:25,310 - INFO - Primary reference for coordinate system: MLP28_TK
2021-04-03 01:29:25,310 - INFO - Considering primers from all references
2021-04-03 01:29:27,591 - INFO - All done! Scheme created with 3 regions, 0 gaps, 73.47% coverage
2021-04-03 01:29:27,591 - INFO - Writing overlap_55/MLP28_TK/MLP28_TK.primer.bed
2021-04-03 01:29:27,593 - INFO - Writing overlap_55/MLP28_TK/MLP28_TK.insert.bed
2021-04-03 01:29:27,594 - INFO - Writing overlap_55/MLP28_TK/MLP28_TK.primer.tsv
2021-04-03 01:29:27,594 - INFO - Writing overlap_55/MLP28_TK/MLP28_TK.reference.fasta
2021-04-03 01:29:27,598 - INFO - Writing overlap_55/MLP28_TK/MLP28_TK.plot.pdf
2021-04-03 01:29:27,599 - INFO - Writing overlap_55/MLP28_TK/MLP28_TK.plot.svg
2021-04-03 01:29:27,616 - INFO - Writing overlap_55/MLP28_TK/MLP28_TK.report.json
2021-04-04 18:06:12,316 - INFO - Writing log to overlap_55/MLP28_TK/MLP28_TK.log
2021-04-04 18:06:12,348 - INFO - References:
 - MLP28_TK
2021-04-04 18:06:12,348 - INFO - Primary reference for coordinate system: MLP28_TK
2021-04-04 18:06:12,348 - INFO - Considering primers from all references
2021-04-04 18:06:14,433 - INFO - All done! Scheme created with 3 regions, 0 gaps, 73.47% coverage
2021-04-04 18:06:14,433 - INFO - Writing overlap_55/MLP28_TK/MLP28_TK.primer.bed
2021-04-04 18:06:14,436 - INFO - Writing overlap_55/MLP28_TK/MLP28_TK.insert.bed
2021-04-04 18:06:14,439 - INFO - Writing overlap_55/MLP28_TK/MLP28_TK.primer.tsv
2021-04-04 18:06:14,441 - INFO - Writing overlap_55/MLP28_TK/MLP28_TK.reference.fasta
2021-04-04 18:06:14,446 - INFO - Writing overlap_55/MLP28_TK/MLP28_TK.plot.pdf
2021-04-04 18:06:14,446 - INFO - Writing overlap_55/MLP28_TK/MLP28_TK.plot.svg
2021-04-04 18:06:14,465 - INFO - Writing overlap_55/MLP28_TK/MLP28_TK.report.json
