2021-04-03 11:20:23,013 - INFO - Writing log to overlap_75/SQE4_TK/SQE4_TK.log
2021-04-03 11:20:23,036 - INFO - References:
 - SQE4_TK
2021-04-03 11:20:23,036 - INFO - Primary reference for coordinate system: SQE4_TK
2021-04-03 11:20:23,036 - INFO - Considering primers from all references
2021-04-03 11:20:30,808 - INFO - All done! Scheme created with 12 regions, 5 gaps, 74.97% coverage
2021-04-03 11:20:30,808 - INFO - Writing overlap_75/SQE4_TK/SQE4_TK.primer.bed
2021-04-03 11:20:30,809 - INFO - Writing overlap_75/SQE4_TK/SQE4_TK.insert.bed
2021-04-03 11:20:30,809 - INFO - Writing overlap_75/SQE4_TK/SQE4_TK.primer.tsv
2021-04-03 11:20:30,810 - INFO - Writing overlap_75/SQE4_TK/SQE4_TK.reference.fasta
2021-04-03 11:20:30,817 - INFO - Writing overlap_75/SQE4_TK/SQE4_TK.plot.pdf
2021-04-03 11:20:30,817 - INFO - Writing overlap_75/SQE4_TK/SQE4_TK.plot.svg
2021-04-03 11:20:30,843 - INFO - Writing overlap_75/SQE4_TK/SQE4_TK.report.json
2021-04-04 19:10:54,044 - INFO - Writing log to overlap_75/SQE4_TK/SQE4_TK.log
2021-04-04 19:10:54,058 - INFO - References:
 - SQE4_TK
2021-04-04 19:10:54,058 - INFO - Primary reference for coordinate system: SQE4_TK
2021-04-04 19:10:54,058 - INFO - Considering primers from all references
2021-04-04 19:11:02,676 - INFO - All done! Scheme created with 12 regions, 5 gaps, 74.97% coverage
2021-04-04 19:11:02,676 - INFO - Writing overlap_75/SQE4_TK/SQE4_TK.primer.bed
2021-04-04 19:11:02,679 - INFO - Writing overlap_75/SQE4_TK/SQE4_TK.insert.bed
2021-04-04 19:11:02,682 - INFO - Writing overlap_75/SQE4_TK/SQE4_TK.primer.tsv
2021-04-04 19:11:02,685 - INFO - Writing overlap_75/SQE4_TK/SQE4_TK.reference.fasta
2021-04-04 19:11:02,694 - INFO - Writing overlap_75/SQE4_TK/SQE4_TK.plot.pdf
2021-04-04 19:11:02,695 - INFO - Writing overlap_75/SQE4_TK/SQE4_TK.plot.svg
2021-04-04 19:11:02,728 - INFO - Writing overlap_75/SQE4_TK/SQE4_TK.report.json
