2021-04-03 01:19:51,272 - INFO - Writing log to overlap_55/1DDX5PS1_TK/1DDX5PS1_TK.log
2021-04-03 01:19:51,281 - INFO - References:
 - 1DDX5PS1_TK
2021-04-03 01:19:51,281 - INFO - Primary reference for coordinate system: 1DDX5PS1_TK
2021-04-03 01:19:51,281 - INFO - Considering primers from all references
2021-04-03 01:20:05,613 - INFO - All done! Scheme created with 18 regions, 8 gaps, 83.28% coverage
2021-04-03 01:20:05,614 - INFO - Writing overlap_55/1DDX5PS1_TK/1DDX5PS1_TK.primer.bed
2021-04-03 01:20:05,615 - INFO - Writing overlap_55/1DDX5PS1_TK/1DDX5PS1_TK.insert.bed
2021-04-03 01:20:05,616 - INFO - Writing overlap_55/1DDX5PS1_TK/1DDX5PS1_TK.primer.tsv
2021-04-03 01:20:05,617 - INFO - Writing overlap_55/1DDX5PS1_TK/1DDX5PS1_TK.reference.fasta
2021-04-03 01:20:05,629 - INFO - Writing overlap_55/1DDX5PS1_TK/1DDX5PS1_TK.plot.pdf
2021-04-03 01:20:05,629 - INFO - Writing overlap_55/1DDX5PS1_TK/1DDX5PS1_TK.plot.svg
2021-04-03 01:20:05,683 - INFO - Writing overlap_55/1DDX5PS1_TK/1DDX5PS1_TK.report.json
2021-04-04 17:57:38,723 - INFO - Writing log to overlap_55/1DDX5PS1_TK/1DDX5PS1_TK.log
2021-04-04 17:57:38,745 - INFO - References:
 - 1DDX5PS1_TK
2021-04-04 17:57:38,745 - INFO - Primary reference for coordinate system: 1DDX5PS1_TK
2021-04-04 17:57:38,745 - INFO - Considering primers from all references
2021-04-04 17:57:51,621 - INFO - All done! Scheme created with 18 regions, 8 gaps, 83.28% coverage
2021-04-04 17:57:51,622 - INFO - Writing overlap_55/1DDX5PS1_TK/1DDX5PS1_TK.primer.bed
2021-04-04 17:57:51,624 - INFO - Writing overlap_55/1DDX5PS1_TK/1DDX5PS1_TK.insert.bed
2021-04-04 17:57:51,627 - INFO - Writing overlap_55/1DDX5PS1_TK/1DDX5PS1_TK.primer.tsv
2021-04-04 17:57:51,630 - INFO - Writing overlap_55/1DDX5PS1_TK/1DDX5PS1_TK.reference.fasta
2021-04-04 17:57:51,643 - INFO - Writing overlap_55/1DDX5PS1_TK/1DDX5PS1_TK.plot.pdf
2021-04-04 17:57:51,643 - INFO - Writing overlap_55/1DDX5PS1_TK/1DDX5PS1_TK.plot.svg
2021-04-04 17:57:51,686 - INFO - Writing overlap_55/1DDX5PS1_TK/1DDX5PS1_TK.report.json
