2021-04-03 11:17:19,424 - INFO - Writing log to overlap_75/OC4_TK/OC4_TK.log
2021-04-03 11:17:19,444 - INFO - References:
 - OC4_TK
2021-04-03 11:17:19,444 - INFO - Primary reference for coordinate system: OC4_TK
2021-04-03 11:17:19,444 - INFO - Considering primers from all references
2021-04-03 11:17:32,207 - INFO - All done! Scheme created with 19 regions, 4 gaps, 89.39% coverage
2021-04-03 11:17:32,207 - INFO - Writing overlap_75/OC4_TK/OC4_TK.primer.bed
2021-04-03 11:17:32,208 - INFO - Writing overlap_75/OC4_TK/OC4_TK.insert.bed
2021-04-03 11:17:32,209 - INFO - Writing overlap_75/OC4_TK/OC4_TK.primer.tsv
2021-04-03 11:17:32,210 - INFO - Writing overlap_75/OC4_TK/OC4_TK.reference.fasta
2021-04-03 11:17:32,220 - INFO - Writing overlap_75/OC4_TK/OC4_TK.plot.pdf
2021-04-03 11:17:32,220 - INFO - Writing overlap_75/OC4_TK/OC4_TK.plot.svg
2021-04-03 11:17:32,256 - INFO - Writing overlap_75/OC4_TK/OC4_TK.report.json
2021-04-04 19:07:30,468 - INFO - Writing log to overlap_75/OC4_TK/OC4_TK.log
2021-04-04 19:07:30,489 - INFO - References:
 - OC4_TK
2021-04-04 19:07:30,489 - INFO - Primary reference for coordinate system: OC4_TK
2021-04-04 19:07:30,489 - INFO - Considering primers from all references
2021-04-04 19:07:44,749 - INFO - All done! Scheme created with 19 regions, 4 gaps, 89.39% coverage
2021-04-04 19:07:44,750 - INFO - Writing overlap_75/OC4_TK/OC4_TK.primer.bed
2021-04-04 19:07:44,753 - INFO - Writing overlap_75/OC4_TK/OC4_TK.insert.bed
2021-04-04 19:07:44,755 - INFO - Writing overlap_75/OC4_TK/OC4_TK.primer.tsv
2021-04-04 19:07:44,758 - INFO - Writing overlap_75/OC4_TK/OC4_TK.reference.fasta
2021-04-04 19:07:44,770 - INFO - Writing overlap_75/OC4_TK/OC4_TK.plot.pdf
2021-04-04 19:07:44,770 - INFO - Writing overlap_75/OC4_TK/OC4_TK.plot.svg
2021-04-04 19:07:44,814 - INFO - Writing overlap_75/OC4_TK/OC4_TK.report.json
