2021-04-03 01:56:32,190 - INFO - Writing log to overlap_65/ACC2_TK/ACC2_TK.log
2021-04-03 01:56:32,199 - INFO - References:
 - ACC2_TK
2021-04-03 01:56:32,199 - INFO - Primary reference for coordinate system: ACC2_TK
2021-04-03 01:56:32,199 - INFO - Considering primers from all references
2021-04-03 01:56:40,954 - INFO - All done! Scheme created with 11 regions, 5 gaps, 80.07% coverage
2021-04-03 01:56:40,954 - INFO - Writing overlap_65/ACC2_TK/ACC2_TK.primer.bed
2021-04-03 01:56:40,955 - INFO - Writing overlap_65/ACC2_TK/ACC2_TK.insert.bed
2021-04-03 01:56:40,956 - INFO - Writing overlap_65/ACC2_TK/ACC2_TK.primer.tsv
2021-04-03 01:56:40,957 - INFO - Writing overlap_65/ACC2_TK/ACC2_TK.reference.fasta
2021-04-03 01:56:40,964 - INFO - Writing overlap_65/ACC2_TK/ACC2_TK.plot.pdf
2021-04-03 01:56:40,965 - INFO - Writing overlap_65/ACC2_TK/ACC2_TK.plot.svg
2021-04-03 01:56:40,994 - INFO - Writing overlap_65/ACC2_TK/ACC2_TK.report.json
2021-04-04 18:30:35,387 - INFO - Writing log to overlap_65/ACC2_TK/ACC2_TK.log
2021-04-04 18:30:35,405 - INFO - References:
 - ACC2_TK
2021-04-04 18:30:35,405 - INFO - Primary reference for coordinate system: ACC2_TK
2021-04-04 18:30:35,405 - INFO - Considering primers from all references
2021-04-04 18:30:43,444 - INFO - All done! Scheme created with 11 regions, 5 gaps, 80.07% coverage
2021-04-04 18:30:43,444 - INFO - Writing overlap_65/ACC2_TK/ACC2_TK.primer.bed
2021-04-04 18:30:43,447 - INFO - Writing overlap_65/ACC2_TK/ACC2_TK.insert.bed
2021-04-04 18:30:43,449 - INFO - Writing overlap_65/ACC2_TK/ACC2_TK.primer.tsv
2021-04-04 18:30:43,451 - INFO - Writing overlap_65/ACC2_TK/ACC2_TK.reference.fasta
2021-04-04 18:30:43,460 - INFO - Writing overlap_65/ACC2_TK/ACC2_TK.plot.pdf
2021-04-04 18:30:43,460 - INFO - Writing overlap_65/ACC2_TK/ACC2_TK.plot.svg
2021-04-04 18:30:43,489 - INFO - Writing overlap_65/ACC2_TK/ACC2_TK.report.json
