2021-04-03 11:33:28,843 - INFO - Writing log to overlap_80/SQE2_TK/SQE2_TK.log
2021-04-03 11:33:28,849 - INFO - References:
 - SQE2_TK
2021-04-03 11:33:28,849 - INFO - Primary reference for coordinate system: SQE2_TK
2021-04-03 11:33:28,849 - INFO - Considering primers from all references
2021-04-03 11:33:37,124 - INFO - All done! Scheme created with 13 regions, 5 gaps, 89.38% coverage
2021-04-03 11:33:37,124 - INFO - Writing overlap_80/SQE2_TK/SQE2_TK.primer.bed
2021-04-03 11:33:37,125 - INFO - Writing overlap_80/SQE2_TK/SQE2_TK.insert.bed
2021-04-03 11:33:37,125 - INFO - Writing overlap_80/SQE2_TK/SQE2_TK.primer.tsv
2021-04-03 11:33:37,126 - INFO - Writing overlap_80/SQE2_TK/SQE2_TK.reference.fasta
2021-04-03 11:33:37,133 - INFO - Writing overlap_80/SQE2_TK/SQE2_TK.plot.pdf
2021-04-03 11:33:37,133 - INFO - Writing overlap_80/SQE2_TK/SQE2_TK.plot.svg
2021-04-03 11:33:37,159 - INFO - Writing overlap_80/SQE2_TK/SQE2_TK.report.json
2021-04-04 19:25:27,807 - INFO - Writing log to overlap_80/SQE2_TK/SQE2_TK.log
2021-04-04 19:25:27,829 - INFO - References:
 - SQE2_TK
2021-04-04 19:25:27,829 - INFO - Primary reference for coordinate system: SQE2_TK
2021-04-04 19:25:27,829 - INFO - Considering primers from all references
2021-04-04 19:25:36,976 - INFO - All done! Scheme created with 13 regions, 5 gaps, 89.38% coverage
2021-04-04 19:25:36,977 - INFO - Writing overlap_80/SQE2_TK/SQE2_TK.primer.bed
2021-04-04 19:25:36,979 - INFO - Writing overlap_80/SQE2_TK/SQE2_TK.insert.bed
2021-04-04 19:25:36,982 - INFO - Writing overlap_80/SQE2_TK/SQE2_TK.primer.tsv
2021-04-04 19:25:36,984 - INFO - Writing overlap_80/SQE2_TK/SQE2_TK.reference.fasta
2021-04-04 19:25:36,994 - INFO - Writing overlap_80/SQE2_TK/SQE2_TK.plot.pdf
2021-04-04 19:25:36,994 - INFO - Writing overlap_80/SQE2_TK/SQE2_TK.plot.svg
2021-04-04 19:25:37,026 - INFO - Writing overlap_80/SQE2_TK/SQE2_TK.report.json
