2021-04-03 01:19:12,046 - INFO - Writing log to overlap_50/TLP_TK/TLP_TK.log
2021-04-03 01:19:12,054 - INFO - References:
 - TLP_TK
2021-04-03 01:19:12,055 - INFO - Primary reference for coordinate system: TLP_TK
2021-04-03 01:19:12,055 - INFO - Considering primers from all references
2021-04-03 01:19:14,347 - INFO - All done! Scheme created with 3 regions, 1 gap, 60.08% coverage
2021-04-03 01:19:14,347 - INFO - Writing overlap_50/TLP_TK/TLP_TK.primer.bed
2021-04-03 01:19:14,348 - INFO - Writing overlap_50/TLP_TK/TLP_TK.insert.bed
2021-04-03 01:19:14,349 - INFO - Writing overlap_50/TLP_TK/TLP_TK.primer.tsv
2021-04-03 01:19:14,350 - INFO - Writing overlap_50/TLP_TK/TLP_TK.reference.fasta
2021-04-03 01:19:14,354 - INFO - Writing overlap_50/TLP_TK/TLP_TK.plot.pdf
2021-04-03 01:19:14,354 - INFO - Writing overlap_50/TLP_TK/TLP_TK.plot.svg
2021-04-03 01:19:14,371 - INFO - Writing overlap_50/TLP_TK/TLP_TK.report.json
2021-04-04 17:57:03,752 - INFO - Writing log to overlap_50/TLP_TK/TLP_TK.log
2021-04-04 17:57:03,785 - INFO - References:
 - TLP_TK
2021-04-04 17:57:03,785 - INFO - Primary reference for coordinate system: TLP_TK
2021-04-04 17:57:03,785 - INFO - Considering primers from all references
2021-04-04 17:57:05,935 - INFO - All done! Scheme created with 3 regions, 1 gap, 60.08% coverage
2021-04-04 17:57:05,935 - INFO - Writing overlap_50/TLP_TK/TLP_TK.primer.bed
2021-04-04 17:57:05,938 - INFO - Writing overlap_50/TLP_TK/TLP_TK.insert.bed
2021-04-04 17:57:05,941 - INFO - Writing overlap_50/TLP_TK/TLP_TK.primer.tsv
2021-04-04 17:57:05,943 - INFO - Writing overlap_50/TLP_TK/TLP_TK.reference.fasta
2021-04-04 17:57:05,948 - INFO - Writing overlap_50/TLP_TK/TLP_TK.plot.pdf
2021-04-04 17:57:05,949 - INFO - Writing overlap_50/TLP_TK/TLP_TK.plot.svg
2021-04-04 17:57:05,967 - INFO - Writing overlap_50/TLP_TK/TLP_TK.report.json
