2020-12-01 05:23:50,515 - INFO - Writing log to overlap_70/FT_TK/FT_TK.log
2020-12-01 05:23:50,521 - INFO - References:
 - FT_TK
2020-12-01 05:23:50,521 - INFO - Primary reference for coordinate system: FT_TK
2020-12-01 05:23:50,521 - INFO - Considering primers from all references
2020-12-01 05:23:53,072 - INFO - All done! Scheme created with 17 regions, 12 gaps, 66.02% coverage
2020-12-01 05:23:53,072 - INFO - Writing overlap_70/FT_TK/FT_TK.primer.bed
2020-12-01 05:23:53,073 - INFO - Writing overlap_70/FT_TK/FT_TK.insert.bed
2020-12-01 05:23:53,074 - INFO - Writing overlap_70/FT_TK/FT_TK.primer.tsv
2020-12-01 05:23:53,075 - INFO - Writing overlap_70/FT_TK/FT_TK.reference.fasta
2020-12-01 05:23:53,083 - INFO - Writing overlap_70/FT_TK/FT_TK.plot.pdf
2020-12-01 05:23:53,083 - INFO - Writing overlap_70/FT_TK/FT_TK.plot.svg
2020-12-01 05:23:53,115 - INFO - Writing overlap_70/FT_TK/FT_TK.report.json
2021-04-02 20:43:31,994 - INFO - Writing log to overlap_70/FT_TK/FT_TK.log
2021-04-02 20:43:32,026 - INFO - References:
 - FT_TK
2021-04-02 20:43:32,026 - INFO - Primary reference for coordinate system: FT_TK
2021-04-02 20:43:32,026 - INFO - Considering primers from all references
2021-04-02 20:43:41,450 - INFO - All done! Scheme created with 15 regions, 5 gaps, 84.89% coverage
2021-04-02 20:43:41,450 - INFO - Writing overlap_70/FT_TK/FT_TK.primer.bed
2021-04-02 20:43:41,456 - INFO - Writing overlap_70/FT_TK/FT_TK.insert.bed
2021-04-02 20:43:41,461 - INFO - Writing overlap_70/FT_TK/FT_TK.primer.tsv
2021-04-02 20:43:41,466 - INFO - Writing overlap_70/FT_TK/FT_TK.reference.fasta
2021-04-02 20:43:41,478 - INFO - Writing overlap_70/FT_TK/FT_TK.plot.pdf
2021-04-02 20:43:41,478 - INFO - Writing overlap_70/FT_TK/FT_TK.plot.svg
2021-04-02 20:43:41,516 - INFO - Writing overlap_70/FT_TK/FT_TK.report.json
2021-04-03 02:17:51,960 - INFO - Writing log to overlap_70/FT_TK/FT_TK.log
2021-04-03 02:17:51,984 - INFO - References:
 - FT_TK
2021-04-03 02:17:51,984 - INFO - Primary reference for coordinate system: FT_TK
2021-04-03 02:17:51,984 - INFO - Considering primers from all references
2021-04-03 02:18:03,890 - INFO - All done! Scheme created with 15 regions, 5 gaps, 84.89% coverage
2021-04-03 02:18:03,890 - INFO - Writing overlap_70/FT_TK/FT_TK.primer.bed
2021-04-03 02:18:03,894 - INFO - Writing overlap_70/FT_TK/FT_TK.insert.bed
2021-04-03 02:18:03,898 - INFO - Writing overlap_70/FT_TK/FT_TK.primer.tsv
2021-04-03 02:18:03,901 - INFO - Writing overlap_70/FT_TK/FT_TK.reference.fasta
2021-04-03 02:18:03,913 - INFO - Writing overlap_70/FT_TK/FT_TK.plot.pdf
2021-04-03 02:18:03,913 - INFO - Writing overlap_70/FT_TK/FT_TK.plot.svg
2021-04-03 02:18:03,956 - INFO - Writing overlap_70/FT_TK/FT_TK.report.json
