2021-04-03 11:28:55,755 - INFO - Writing log to overlap_80/GGDPS2_TK/GGDPS2_TK.log
2021-04-03 11:28:55,760 - INFO - References:
 - GGDPS2_TK
2021-04-03 11:28:55,760 - INFO - Primary reference for coordinate system: GGDPS2_TK
2021-04-03 11:28:55,760 - INFO - Considering primers from all references
2021-04-03 11:28:59,519 - INFO - All done! Scheme created with 6 regions, 1 gap, 71.37% coverage
2021-04-03 11:28:59,520 - INFO - Writing overlap_80/GGDPS2_TK/GGDPS2_TK.primer.bed
2021-04-03 11:28:59,520 - INFO - Writing overlap_80/GGDPS2_TK/GGDPS2_TK.insert.bed
2021-04-03 11:28:59,521 - INFO - Writing overlap_80/GGDPS2_TK/GGDPS2_TK.primer.tsv
2021-04-03 11:28:59,521 - INFO - Writing overlap_80/GGDPS2_TK/GGDPS2_TK.reference.fasta
2021-04-03 11:28:59,526 - INFO - Writing overlap_80/GGDPS2_TK/GGDPS2_TK.plot.pdf
2021-04-03 11:28:59,526 - INFO - Writing overlap_80/GGDPS2_TK/GGDPS2_TK.plot.svg
2021-04-03 11:28:59,544 - INFO - Writing overlap_80/GGDPS2_TK/GGDPS2_TK.report.json
2021-04-04 19:20:25,720 - INFO - Writing log to overlap_80/GGDPS2_TK/GGDPS2_TK.log
2021-04-04 19:20:25,738 - INFO - References:
 - GGDPS2_TK
2021-04-04 19:20:25,738 - INFO - Primary reference for coordinate system: GGDPS2_TK
2021-04-04 19:20:25,738 - INFO - Considering primers from all references
2021-04-04 19:20:29,892 - INFO - All done! Scheme created with 6 regions, 1 gap, 71.37% coverage
2021-04-04 19:20:29,892 - INFO - Writing overlap_80/GGDPS2_TK/GGDPS2_TK.primer.bed
2021-04-04 19:20:29,895 - INFO - Writing overlap_80/GGDPS2_TK/GGDPS2_TK.insert.bed
2021-04-04 19:20:29,897 - INFO - Writing overlap_80/GGDPS2_TK/GGDPS2_TK.primer.tsv
2021-04-04 19:20:29,900 - INFO - Writing overlap_80/GGDPS2_TK/GGDPS2_TK.reference.fasta
2021-04-04 19:20:29,907 - INFO - Writing overlap_80/GGDPS2_TK/GGDPS2_TK.plot.pdf
2021-04-04 19:20:29,907 - INFO - Writing overlap_80/GGDPS2_TK/GGDPS2_TK.plot.svg
2021-04-04 19:20:29,932 - INFO - Writing overlap_80/GGDPS2_TK/GGDPS2_TK.report.json
