2020-12-01 05:22:43,972 - INFO - Writing log to overlap_65/DOG_1_TK/DOG_1_TK.log
2020-12-01 05:22:43,994 - INFO - References:
 - DOG_1_TK
2020-12-01 05:22:43,994 - INFO - Primary reference for coordinate system: DOG_1_TK
2020-12-01 05:22:43,994 - INFO - Considering primers from all references
2020-12-01 05:22:44,777 - INFO - All done! Scheme created with 10 regions, 4 gaps, 63.24% coverage
2020-12-01 05:22:44,777 - INFO - Writing overlap_65/DOG_1_TK/DOG_1_TK.primer.bed
2020-12-01 05:22:44,778 - INFO - Writing overlap_65/DOG_1_TK/DOG_1_TK.insert.bed
2020-12-01 05:22:44,779 - INFO - Writing overlap_65/DOG_1_TK/DOG_1_TK.primer.tsv
2020-12-01 05:22:44,779 - INFO - Writing overlap_65/DOG_1_TK/DOG_1_TK.reference.fasta
2020-12-01 05:22:44,785 - INFO - Writing overlap_65/DOG_1_TK/DOG_1_TK.plot.pdf
2020-12-01 05:22:44,785 - INFO - Writing overlap_65/DOG_1_TK/DOG_1_TK.plot.svg
2020-12-01 05:22:44,806 - INFO - Writing overlap_65/DOG_1_TK/DOG_1_TK.report.json
2021-04-03 01:59:37,707 - INFO - Writing log to overlap_65/DOG_1_TK/DOG_1_TK.log
2021-04-03 01:59:37,739 - INFO - References:
 - DOG_1_TK
2021-04-03 01:59:37,739 - INFO - Primary reference for coordinate system: DOG_1_TK
2021-04-03 01:59:37,739 - INFO - Considering primers from all references
2021-04-03 01:59:42,143 - INFO - All done! Scheme created with 6 regions, 2 gaps, 81.91% coverage
2021-04-03 01:59:42,143 - INFO - Writing overlap_65/DOG_1_TK/DOG_1_TK.primer.bed
2021-04-03 01:59:42,149 - INFO - Writing overlap_65/DOG_1_TK/DOG_1_TK.insert.bed
2021-04-03 01:59:42,154 - INFO - Writing overlap_65/DOG_1_TK/DOG_1_TK.primer.tsv
2021-04-03 01:59:42,159 - INFO - Writing overlap_65/DOG_1_TK/DOG_1_TK.reference.fasta
2021-04-03 01:59:42,169 - INFO - Writing overlap_65/DOG_1_TK/DOG_1_TK.plot.pdf
2021-04-03 01:59:42,169 - INFO - Writing overlap_65/DOG_1_TK/DOG_1_TK.plot.svg
2021-04-03 01:59:42,201 - INFO - Writing overlap_65/DOG_1_TK/DOG_1_TK.report.json
2021-04-04 18:33:24,272 - INFO - Writing log to overlap_65/DOG_1_TK/DOG_1_TK.log
2021-04-04 18:33:24,302 - INFO - References:
 - DOG_1_TK
2021-04-04 18:33:24,302 - INFO - Primary reference for coordinate system: DOG_1_TK
2021-04-04 18:33:24,302 - INFO - Considering primers from all references
2021-04-04 18:33:28,403 - INFO - All done! Scheme created with 6 regions, 2 gaps, 81.91% coverage
2021-04-04 18:33:28,403 - INFO - Writing overlap_65/DOG_1_TK/DOG_1_TK.primer.bed
2021-04-04 18:33:28,406 - INFO - Writing overlap_65/DOG_1_TK/DOG_1_TK.insert.bed
2021-04-04 18:33:28,408 - INFO - Writing overlap_65/DOG_1_TK/DOG_1_TK.primer.tsv
2021-04-04 18:33:28,410 - INFO - Writing overlap_65/DOG_1_TK/DOG_1_TK.reference.fasta
2021-04-04 18:33:28,417 - INFO - Writing overlap_65/DOG_1_TK/DOG_1_TK.plot.pdf
2021-04-04 18:33:28,417 - INFO - Writing overlap_65/DOG_1_TK/DOG_1_TK.plot.svg
2021-04-04 18:33:28,440 - INFO - Writing overlap_65/DOG_1_TK/DOG_1_TK.report.json
