2021-04-02 20:50:37,194 - INFO - Writing log to overlap_70/TLP_TK/TLP_TK.log
2021-04-02 20:50:37,205 - INFO - References:
 - TLP_TK
2021-04-02 20:50:37,205 - INFO - Primary reference for coordinate system: TLP_TK
2021-04-02 20:50:37,205 - INFO - Considering primers from all references
2021-04-02 20:50:39,482 - INFO - All done! Scheme created with 3 regions, 1 gap, 60.08% coverage
2021-04-02 20:50:39,482 - INFO - Writing overlap_70/TLP_TK/TLP_TK.primer.bed
2021-04-02 20:50:39,483 - INFO - Writing overlap_70/TLP_TK/TLP_TK.insert.bed
2021-04-02 20:50:39,484 - INFO - Writing overlap_70/TLP_TK/TLP_TK.primer.tsv
2021-04-02 20:50:39,484 - INFO - Writing overlap_70/TLP_TK/TLP_TK.reference.fasta
2021-04-02 20:50:39,488 - INFO - Writing overlap_70/TLP_TK/TLP_TK.plot.pdf
2021-04-02 20:50:39,488 - INFO - Writing overlap_70/TLP_TK/TLP_TK.plot.svg
2021-04-02 20:50:39,505 - INFO - Writing overlap_70/TLP_TK/TLP_TK.report.json
2021-04-03 02:25:29,358 - INFO - Writing log to overlap_70/TLP_TK/TLP_TK.log
2021-04-03 02:25:29,375 - INFO - References:
 - TLP_TK
2021-04-03 02:25:29,375 - INFO - Primary reference for coordinate system: TLP_TK
2021-04-03 02:25:29,375 - INFO - Considering primers from all references
2021-04-03 02:25:31,669 - INFO - All done! Scheme created with 3 regions, 1 gap, 60.08% coverage
2021-04-03 02:25:31,669 - INFO - Writing overlap_70/TLP_TK/TLP_TK.primer.bed
2021-04-03 02:25:31,673 - INFO - Writing overlap_70/TLP_TK/TLP_TK.insert.bed
2021-04-03 02:25:31,678 - INFO - Writing overlap_70/TLP_TK/TLP_TK.primer.tsv
2021-04-03 02:25:31,683 - INFO - Writing overlap_70/TLP_TK/TLP_TK.reference.fasta
2021-04-03 02:25:31,690 - INFO - Writing overlap_70/TLP_TK/TLP_TK.plot.pdf
2021-04-03 02:25:31,690 - INFO - Writing overlap_70/TLP_TK/TLP_TK.plot.svg
2021-04-03 02:25:31,715 - INFO - Writing overlap_70/TLP_TK/TLP_TK.report.json
