2021-04-03 01:05:22,461 - INFO - Writing log to overlap_50/3H3MCR4_TK/3H3MCR4_TK.log
2021-04-03 01:05:22,491 - INFO - References:
 - 3H3MCR4_TK
2021-04-03 01:05:22,491 - INFO - Primary reference for coordinate system: 3H3MCR4_TK
2021-04-03 01:05:22,491 - INFO - Considering primers from all references
2021-04-03 01:05:26,879 - INFO - All done! Scheme created with 6 regions, 2 gaps, 62.05% coverage
2021-04-03 01:05:26,880 - INFO - Writing overlap_50/3H3MCR4_TK/3H3MCR4_TK.primer.bed
2021-04-03 01:05:26,881 - INFO - Writing overlap_50/3H3MCR4_TK/3H3MCR4_TK.insert.bed
2021-04-03 01:05:26,881 - INFO - Writing overlap_50/3H3MCR4_TK/3H3MCR4_TK.primer.tsv
2021-04-03 01:05:26,882 - INFO - Writing overlap_50/3H3MCR4_TK/3H3MCR4_TK.reference.fasta
2021-04-03 01:05:26,887 - INFO - Writing overlap_50/3H3MCR4_TK/3H3MCR4_TK.plot.pdf
2021-04-03 01:05:26,887 - INFO - Writing overlap_50/3H3MCR4_TK/3H3MCR4_TK.plot.svg
2021-04-03 01:05:26,912 - INFO - Writing overlap_50/3H3MCR4_TK/3H3MCR4_TK.report.json
2021-04-04 17:44:41,109 - INFO - Writing log to overlap_50/3H3MCR4_TK/3H3MCR4_TK.log
2021-04-04 17:44:41,144 - INFO - References:
 - 3H3MCR4_TK
2021-04-04 17:44:41,144 - INFO - Primary reference for coordinate system: 3H3MCR4_TK
2021-04-04 17:44:41,144 - INFO - Considering primers from all references
2021-04-04 17:44:45,096 - INFO - All done! Scheme created with 6 regions, 2 gaps, 62.05% coverage
2021-04-04 17:44:45,096 - INFO - Writing overlap_50/3H3MCR4_TK/3H3MCR4_TK.primer.bed
2021-04-04 17:44:45,099 - INFO - Writing overlap_50/3H3MCR4_TK/3H3MCR4_TK.insert.bed
2021-04-04 17:44:45,102 - INFO - Writing overlap_50/3H3MCR4_TK/3H3MCR4_TK.primer.tsv
2021-04-04 17:44:45,104 - INFO - Writing overlap_50/3H3MCR4_TK/3H3MCR4_TK.reference.fasta
2021-04-04 17:44:45,111 - INFO - Writing overlap_50/3H3MCR4_TK/3H3MCR4_TK.plot.pdf
2021-04-04 17:44:45,112 - INFO - Writing overlap_50/3H3MCR4_TK/3H3MCR4_TK.plot.svg
2021-04-04 17:44:45,136 - INFO - Writing overlap_50/3H3MCR4_TK/3H3MCR4_TK.report.json
