2021-04-03 11:25:52,898 - INFO - Writing log to overlap_80/CDPK13_TK/CDPK13_TK.log
2021-04-03 11:25:52,906 - INFO - References:
 - CDPK13_TK
2021-04-03 11:25:52,906 - INFO - Primary reference for coordinate system: CDPK13_TK
2021-04-03 11:25:52,906 - INFO - Considering primers from all references
2021-04-03 11:25:59,278 - INFO - All done! Scheme created with 10 regions, 1 gap, 83.5% coverage
2021-04-03 11:25:59,278 - INFO - Writing overlap_80/CDPK13_TK/CDPK13_TK.primer.bed
2021-04-03 11:25:59,279 - INFO - Writing overlap_80/CDPK13_TK/CDPK13_TK.insert.bed
2021-04-03 11:25:59,280 - INFO - Writing overlap_80/CDPK13_TK/CDPK13_TK.primer.tsv
2021-04-03 11:25:59,280 - INFO - Writing overlap_80/CDPK13_TK/CDPK13_TK.reference.fasta
2021-04-03 11:25:59,286 - INFO - Writing overlap_80/CDPK13_TK/CDPK13_TK.plot.pdf
2021-04-03 11:25:59,286 - INFO - Writing overlap_80/CDPK13_TK/CDPK13_TK.plot.svg
2021-04-03 11:25:59,310 - INFO - Writing overlap_80/CDPK13_TK/CDPK13_TK.report.json
2021-04-04 19:17:02,414 - INFO - Writing log to overlap_80/CDPK13_TK/CDPK13_TK.log
2021-04-04 19:17:02,437 - INFO - References:
 - CDPK13_TK
2021-04-04 19:17:02,438 - INFO - Primary reference for coordinate system: CDPK13_TK
2021-04-04 19:17:02,438 - INFO - Considering primers from all references
2021-04-04 19:17:09,542 - INFO - All done! Scheme created with 10 regions, 1 gap, 83.5% coverage
2021-04-04 19:17:09,542 - INFO - Writing overlap_80/CDPK13_TK/CDPK13_TK.primer.bed
2021-04-04 19:17:09,545 - INFO - Writing overlap_80/CDPK13_TK/CDPK13_TK.insert.bed
2021-04-04 19:17:09,547 - INFO - Writing overlap_80/CDPK13_TK/CDPK13_TK.primer.tsv
2021-04-04 19:17:09,550 - INFO - Writing overlap_80/CDPK13_TK/CDPK13_TK.reference.fasta
2021-04-04 19:17:09,558 - INFO - Writing overlap_80/CDPK13_TK/CDPK13_TK.plot.pdf
2021-04-04 19:17:09,558 - INFO - Writing overlap_80/CDPK13_TK/CDPK13_TK.plot.svg
2021-04-04 19:17:09,589 - INFO - Writing overlap_80/CDPK13_TK/CDPK13_TK.report.json
