2021-04-03 11:47:47,415 - INFO - Writing log to overlap_85/SRPP5_TK/SRPP5_TK.log
2021-04-03 11:47:47,421 - INFO - References:
 - SRPP5_TK
2021-04-03 11:47:47,421 - INFO - Primary reference for coordinate system: SRPP5_TK
2021-04-03 11:47:47,421 - INFO - Considering primers from all references
2021-04-03 11:47:49,226 - INFO - All done! Scheme created with 3 regions, 0 gaps, 65.88% coverage
2021-04-03 11:47:49,226 - INFO - Writing overlap_85/SRPP5_TK/SRPP5_TK.primer.bed
2021-04-03 11:47:49,227 - INFO - Writing overlap_85/SRPP5_TK/SRPP5_TK.insert.bed
2021-04-03 11:47:49,228 - INFO - Writing overlap_85/SRPP5_TK/SRPP5_TK.primer.tsv
2021-04-03 11:47:49,229 - INFO - Writing overlap_85/SRPP5_TK/SRPP5_TK.reference.fasta
2021-04-03 11:47:49,233 - INFO - Writing overlap_85/SRPP5_TK/SRPP5_TK.plot.pdf
2021-04-03 11:47:49,233 - INFO - Writing overlap_85/SRPP5_TK/SRPP5_TK.plot.svg
2021-04-03 11:47:49,247 - INFO - Writing overlap_85/SRPP5_TK/SRPP5_TK.report.json
2021-04-04 19:41:25,051 - INFO - Writing log to overlap_85/SRPP5_TK/SRPP5_TK.log
2021-04-04 19:41:25,076 - INFO - References:
 - SRPP5_TK
2021-04-04 19:41:25,076 - INFO - Primary reference for coordinate system: SRPP5_TK
2021-04-04 19:41:25,076 - INFO - Considering primers from all references
2021-04-04 19:41:27,086 - INFO - All done! Scheme created with 3 regions, 0 gaps, 65.88% coverage
2021-04-04 19:41:27,086 - INFO - Writing overlap_85/SRPP5_TK/SRPP5_TK.primer.bed
2021-04-04 19:41:27,090 - INFO - Writing overlap_85/SRPP5_TK/SRPP5_TK.insert.bed
2021-04-04 19:41:27,092 - INFO - Writing overlap_85/SRPP5_TK/SRPP5_TK.primer.tsv
2021-04-04 19:41:27,095 - INFO - Writing overlap_85/SRPP5_TK/SRPP5_TK.reference.fasta
2021-04-04 19:41:27,100 - INFO - Writing overlap_85/SRPP5_TK/SRPP5_TK.plot.pdf
2021-04-04 19:41:27,100 - INFO - Writing overlap_85/SRPP5_TK/SRPP5_TK.plot.svg
2021-04-04 19:41:27,120 - INFO - Writing overlap_85/SRPP5_TK/SRPP5_TK.report.json
