2021-04-03 11:46:23,585 - INFO - Writing log to overlap_85/SAS1_TK/SAS1_TK.log
2021-04-03 11:46:23,591 - INFO - References:
 - SAS1_TK
2021-04-03 11:46:23,591 - INFO - Primary reference for coordinate system: SAS1_TK
2021-04-03 11:46:23,591 - INFO - Considering primers from all references
2021-04-03 11:46:25,989 - INFO - All done! Scheme created with 4 regions, 1 gap, 56.39% coverage
2021-04-03 11:46:25,989 - INFO - Writing overlap_85/SAS1_TK/SAS1_TK.primer.bed
2021-04-03 11:46:25,990 - INFO - Writing overlap_85/SAS1_TK/SAS1_TK.insert.bed
2021-04-03 11:46:25,990 - INFO - Writing overlap_85/SAS1_TK/SAS1_TK.primer.tsv
2021-04-03 11:46:25,991 - INFO - Writing overlap_85/SAS1_TK/SAS1_TK.reference.fasta
2021-04-03 11:46:25,995 - INFO - Writing overlap_85/SAS1_TK/SAS1_TK.plot.pdf
2021-04-03 11:46:25,995 - INFO - Writing overlap_85/SAS1_TK/SAS1_TK.plot.svg
2021-04-03 11:46:26,024 - INFO - Writing overlap_85/SAS1_TK/SAS1_TK.report.json
2021-04-04 19:39:51,844 - INFO - Writing log to overlap_85/SAS1_TK/SAS1_TK.log
2021-04-04 19:39:51,863 - INFO - References:
 - SAS1_TK
2021-04-04 19:39:51,863 - INFO - Primary reference for coordinate system: SAS1_TK
2021-04-04 19:39:51,863 - INFO - Considering primers from all references
2021-04-04 19:39:54,511 - INFO - All done! Scheme created with 4 regions, 1 gap, 56.39% coverage
2021-04-04 19:39:54,511 - INFO - Writing overlap_85/SAS1_TK/SAS1_TK.primer.bed
2021-04-04 19:39:54,514 - INFO - Writing overlap_85/SAS1_TK/SAS1_TK.insert.bed
2021-04-04 19:39:54,516 - INFO - Writing overlap_85/SAS1_TK/SAS1_TK.primer.tsv
2021-04-04 19:39:54,519 - INFO - Writing overlap_85/SAS1_TK/SAS1_TK.reference.fasta
2021-04-04 19:39:54,524 - INFO - Writing overlap_85/SAS1_TK/SAS1_TK.plot.pdf
2021-04-04 19:39:54,525 - INFO - Writing overlap_85/SAS1_TK/SAS1_TK.plot.svg
2021-04-04 19:39:54,562 - INFO - Writing overlap_85/SAS1_TK/SAS1_TK.report.json
