2021-04-03 11:39:42,864 - INFO - Writing log to overlap_85/CPIP_TK/CPIP_TK.log
2021-04-03 11:39:42,870 - INFO - References:
 - CPIP_TK
2021-04-03 11:39:42,870 - INFO - Primary reference for coordinate system: CPIP_TK
2021-04-03 11:39:42,870 - INFO - Considering primers from all references
2021-04-03 11:39:46,802 - INFO - All done! Scheme created with 6 regions, 2 gaps, 63.22% coverage
2021-04-03 11:39:46,802 - INFO - Writing overlap_85/CPIP_TK/CPIP_TK.primer.bed
2021-04-03 11:39:46,803 - INFO - Writing overlap_85/CPIP_TK/CPIP_TK.insert.bed
2021-04-03 11:39:46,804 - INFO - Writing overlap_85/CPIP_TK/CPIP_TK.primer.tsv
2021-04-03 11:39:46,805 - INFO - Writing overlap_85/CPIP_TK/CPIP_TK.reference.fasta
2021-04-03 11:39:46,810 - INFO - Writing overlap_85/CPIP_TK/CPIP_TK.plot.pdf
2021-04-03 11:39:46,810 - INFO - Writing overlap_85/CPIP_TK/CPIP_TK.plot.svg
2021-04-03 11:39:46,829 - INFO - Writing overlap_85/CPIP_TK/CPIP_TK.report.json
2021-04-04 19:32:26,845 - INFO - Writing log to overlap_85/CPIP_TK/CPIP_TK.log
2021-04-04 19:32:26,865 - INFO - References:
 - CPIP_TK
2021-04-04 19:32:26,865 - INFO - Primary reference for coordinate system: CPIP_TK
2021-04-04 19:32:26,865 - INFO - Considering primers from all references
2021-04-04 19:32:31,195 - INFO - All done! Scheme created with 6 regions, 2 gaps, 63.22% coverage
2021-04-04 19:32:31,195 - INFO - Writing overlap_85/CPIP_TK/CPIP_TK.primer.bed
2021-04-04 19:32:31,198 - INFO - Writing overlap_85/CPIP_TK/CPIP_TK.insert.bed
2021-04-04 19:32:31,201 - INFO - Writing overlap_85/CPIP_TK/CPIP_TK.primer.tsv
2021-04-04 19:32:31,203 - INFO - Writing overlap_85/CPIP_TK/CPIP_TK.reference.fasta
2021-04-04 19:32:31,210 - INFO - Writing overlap_85/CPIP_TK/CPIP_TK.plot.pdf
2021-04-04 19:32:31,210 - INFO - Writing overlap_85/CPIP_TK/CPIP_TK.plot.svg
2021-04-04 19:32:31,234 - INFO - Writing overlap_85/CPIP_TK/CPIP_TK.report.json
