2021-04-03 00:50:16,298 - INFO - Writing log to overlap_45/ACT1_TK/ACT1_TK.log
2021-04-03 00:50:16,306 - INFO - References:
 - ACT1_TK
2021-04-03 00:50:16,306 - INFO - Primary reference for coordinate system: ACT1_TK
2021-04-03 00:50:16,306 - INFO - Considering primers from all references
2021-04-03 00:50:20,675 - INFO - All done! Scheme created with 6 regions, 2 gaps, 70.55% coverage
2021-04-03 00:50:20,676 - INFO - Writing overlap_45/ACT1_TK/ACT1_TK.primer.bed
2021-04-03 00:50:20,678 - INFO - Writing overlap_45/ACT1_TK/ACT1_TK.insert.bed
2021-04-03 00:50:20,679 - INFO - Writing overlap_45/ACT1_TK/ACT1_TK.primer.tsv
2021-04-03 00:50:20,680 - INFO - Writing overlap_45/ACT1_TK/ACT1_TK.reference.fasta
2021-04-03 00:50:20,685 - INFO - Writing overlap_45/ACT1_TK/ACT1_TK.plot.pdf
2021-04-03 00:50:20,685 - INFO - Writing overlap_45/ACT1_TK/ACT1_TK.plot.svg
2021-04-03 00:50:20,708 - INFO - Writing overlap_45/ACT1_TK/ACT1_TK.report.json
2021-04-04 17:30:51,902 - INFO - Writing log to overlap_45/ACT1_TK/ACT1_TK.log
2021-04-04 17:30:51,923 - INFO - References:
 - ACT1_TK
2021-04-04 17:30:51,923 - INFO - Primary reference for coordinate system: ACT1_TK
2021-04-04 17:30:51,924 - INFO - Considering primers from all references
2021-04-04 17:30:55,927 - INFO - All done! Scheme created with 6 regions, 2 gaps, 70.55% coverage
2021-04-04 17:30:55,927 - INFO - Writing overlap_45/ACT1_TK/ACT1_TK.primer.bed
2021-04-04 17:30:55,931 - INFO - Writing overlap_45/ACT1_TK/ACT1_TK.insert.bed
2021-04-04 17:30:55,934 - INFO - Writing overlap_45/ACT1_TK/ACT1_TK.primer.tsv
2021-04-04 17:30:55,937 - INFO - Writing overlap_45/ACT1_TK/ACT1_TK.reference.fasta
2021-04-04 17:30:55,945 - INFO - Writing overlap_45/ACT1_TK/ACT1_TK.plot.pdf
2021-04-04 17:30:55,945 - INFO - Writing overlap_45/ACT1_TK/ACT1_TK.plot.svg
2021-04-04 17:30:55,970 - INFO - Writing overlap_45/ACT1_TK/ACT1_TK.report.json
