2021-04-03 01:08:58,462 - INFO - Writing log to overlap_50/CYP716A263_TK/CYP716A263_TK.log
2021-04-03 01:08:58,482 - INFO - References:
 - CYP716A263_TK
2021-04-03 01:08:58,482 - INFO - Primary reference for coordinate system: CYP716A263_TK
2021-04-03 01:08:58,482 - INFO - Considering primers from all references
2021-04-03 01:09:06,348 - INFO - All done! Scheme created with 10 regions, 4 gaps, 79.4% coverage
2021-04-03 01:09:06,349 - INFO - Writing overlap_50/CYP716A263_TK/CYP716A263_TK.primer.bed
2021-04-03 01:09:06,350 - INFO - Writing overlap_50/CYP716A263_TK/CYP716A263_TK.insert.bed
2021-04-03 01:09:06,351 - INFO - Writing overlap_50/CYP716A263_TK/CYP716A263_TK.primer.tsv
2021-04-03 01:09:06,351 - INFO - Writing overlap_50/CYP716A263_TK/CYP716A263_TK.reference.fasta
2021-04-03 01:09:06,359 - INFO - Writing overlap_50/CYP716A263_TK/CYP716A263_TK.plot.pdf
2021-04-03 01:09:06,359 - INFO - Writing overlap_50/CYP716A263_TK/CYP716A263_TK.plot.svg
2021-04-03 01:09:06,390 - INFO - Writing overlap_50/CYP716A263_TK/CYP716A263_TK.report.json
2021-04-04 17:47:53,607 - INFO - Writing log to overlap_50/CYP716A263_TK/CYP716A263_TK.log
2021-04-04 17:47:53,639 - INFO - References:
 - CYP716A263_TK
2021-04-04 17:47:53,639 - INFO - Primary reference for coordinate system: CYP716A263_TK
2021-04-04 17:47:53,639 - INFO - Considering primers from all references
2021-04-04 17:48:00,773 - INFO - All done! Scheme created with 10 regions, 4 gaps, 79.4% coverage
2021-04-04 17:48:00,773 - INFO - Writing overlap_50/CYP716A263_TK/CYP716A263_TK.primer.bed
2021-04-04 17:48:00,776 - INFO - Writing overlap_50/CYP716A263_TK/CYP716A263_TK.insert.bed
2021-04-04 17:48:00,779 - INFO - Writing overlap_50/CYP716A263_TK/CYP716A263_TK.primer.tsv
2021-04-04 17:48:00,781 - INFO - Writing overlap_50/CYP716A263_TK/CYP716A263_TK.reference.fasta
2021-04-04 17:48:00,790 - INFO - Writing overlap_50/CYP716A263_TK/CYP716A263_TK.plot.pdf
2021-04-04 17:48:00,790 - INFO - Writing overlap_50/CYP716A263_TK/CYP716A263_TK.plot.svg
2021-04-04 17:48:00,823 - INFO - Writing overlap_50/CYP716A263_TK/CYP716A263_TK.report.json
