2021-04-03 01:02:05,336 - INFO - Writing log to overlap_45/SRPP6_TK/SRPP6_TK.log
2021-04-03 01:02:05,361 - INFO - References:
 - SRPP6_TK
2021-04-03 01:02:05,362 - INFO - Primary reference for coordinate system: SRPP6_TK
2021-04-03 01:02:05,362 - INFO - Considering primers from all references
2021-04-03 01:02:08,350 - INFO - All done! Scheme created with 4 regions, 1 gap, 61.05% coverage
2021-04-03 01:02:08,350 - INFO - Writing overlap_45/SRPP6_TK/SRPP6_TK.primer.bed
2021-04-03 01:02:08,351 - INFO - Writing overlap_45/SRPP6_TK/SRPP6_TK.insert.bed
2021-04-03 01:02:08,351 - INFO - Writing overlap_45/SRPP6_TK/SRPP6_TK.primer.tsv
2021-04-03 01:02:08,352 - INFO - Writing overlap_45/SRPP6_TK/SRPP6_TK.reference.fasta
2021-04-03 01:02:08,356 - INFO - Writing overlap_45/SRPP6_TK/SRPP6_TK.plot.pdf
2021-04-03 01:02:08,357 - INFO - Writing overlap_45/SRPP6_TK/SRPP6_TK.plot.svg
2021-04-03 01:02:08,412 - INFO - Writing overlap_45/SRPP6_TK/SRPP6_TK.report.json
2021-04-04 17:41:28,497 - INFO - Writing log to overlap_45/SRPP6_TK/SRPP6_TK.log
2021-04-04 17:41:28,515 - INFO - References:
 - SRPP6_TK
2021-04-04 17:41:28,515 - INFO - Primary reference for coordinate system: SRPP6_TK
2021-04-04 17:41:28,515 - INFO - Considering primers from all references
2021-04-04 17:41:31,204 - INFO - All done! Scheme created with 4 regions, 1 gap, 61.05% coverage
2021-04-04 17:41:31,205 - INFO - Writing overlap_45/SRPP6_TK/SRPP6_TK.primer.bed
2021-04-04 17:41:31,209 - INFO - Writing overlap_45/SRPP6_TK/SRPP6_TK.insert.bed
2021-04-04 17:41:31,212 - INFO - Writing overlap_45/SRPP6_TK/SRPP6_TK.primer.tsv
2021-04-04 17:41:31,216 - INFO - Writing overlap_45/SRPP6_TK/SRPP6_TK.reference.fasta
2021-04-04 17:41:31,223 - INFO - Writing overlap_45/SRPP6_TK/SRPP6_TK.plot.pdf
2021-04-04 17:41:31,223 - INFO - Writing overlap_45/SRPP6_TK/SRPP6_TK.plot.svg
2021-04-04 17:41:31,267 - INFO - Writing overlap_45/SRPP6_TK/SRPP6_TK.report.json
