2021-04-03 00:37:09,084 - INFO - Writing log to overlap_40/EH_TK/EH_TK.log
2021-04-03 00:37:09,121 - INFO - References:
 - EH_TK
2021-04-03 00:37:09,121 - INFO - Primary reference for coordinate system: EH_TK
2021-04-03 00:37:09,121 - INFO - Considering primers from all references
2021-04-03 00:37:12,963 - INFO - All done! Scheme created with 5 regions, 1 gap, 68.84% coverage
2021-04-03 00:37:12,965 - INFO - Writing overlap_40/EH_TK/EH_TK.primer.bed
2021-04-03 00:37:12,966 - INFO - Writing overlap_40/EH_TK/EH_TK.insert.bed
2021-04-03 00:37:12,968 - INFO - Writing overlap_40/EH_TK/EH_TK.primer.tsv
2021-04-03 00:37:12,969 - INFO - Writing overlap_40/EH_TK/EH_TK.reference.fasta
2021-04-03 00:37:12,976 - INFO - Writing overlap_40/EH_TK/EH_TK.plot.pdf
2021-04-03 00:37:12,976 - INFO - Writing overlap_40/EH_TK/EH_TK.plot.svg
2021-04-03 00:37:12,997 - INFO - Writing overlap_40/EH_TK/EH_TK.report.json
2021-04-04 17:18:54,617 - INFO - Writing log to overlap_40/EH_TK/EH_TK.log
2021-04-04 17:18:54,652 - INFO - References:
 - EH_TK
2021-04-04 17:18:54,652 - INFO - Primary reference for coordinate system: EH_TK
2021-04-04 17:18:54,652 - INFO - Considering primers from all references
2021-04-04 17:18:58,105 - INFO - All done! Scheme created with 5 regions, 1 gap, 68.84% coverage
2021-04-04 17:18:58,105 - INFO - Writing overlap_40/EH_TK/EH_TK.primer.bed
2021-04-04 17:18:58,109 - INFO - Writing overlap_40/EH_TK/EH_TK.insert.bed
2021-04-04 17:18:58,112 - INFO - Writing overlap_40/EH_TK/EH_TK.primer.tsv
2021-04-04 17:18:58,115 - INFO - Writing overlap_40/EH_TK/EH_TK.reference.fasta
2021-04-04 17:18:58,122 - INFO - Writing overlap_40/EH_TK/EH_TK.plot.pdf
2021-04-04 17:18:58,123 - INFO - Writing overlap_40/EH_TK/EH_TK.plot.svg
2021-04-04 17:18:58,146 - INFO - Writing overlap_40/EH_TK/EH_TK.report.json
