2021-04-03 02:09:09,709 - INFO - Writing log to overlap_65/VPE_TK/VPE_TK.log
2021-04-03 02:09:09,718 - INFO - References:
 - VPE_TK
2021-04-03 02:09:09,718 - INFO - Primary reference for coordinate system: VPE_TK
2021-04-03 02:09:09,718 - INFO - Considering primers from all references
2021-04-03 02:09:31,183 - INFO - All done! Scheme created with 19 regions, 7 gaps, 82.77% coverage
2021-04-03 02:09:31,183 - INFO - Writing overlap_65/VPE_TK/VPE_TK.primer.bed
2021-04-03 02:09:31,185 - INFO - Writing overlap_65/VPE_TK/VPE_TK.insert.bed
2021-04-03 02:09:31,186 - INFO - Writing overlap_65/VPE_TK/VPE_TK.primer.tsv
2021-04-03 02:09:31,187 - INFO - Writing overlap_65/VPE_TK/VPE_TK.reference.fasta
2021-04-03 02:09:31,199 - INFO - Writing overlap_65/VPE_TK/VPE_TK.plot.pdf
2021-04-03 02:09:31,199 - INFO - Writing overlap_65/VPE_TK/VPE_TK.plot.svg
2021-04-03 02:09:31,246 - INFO - Writing overlap_65/VPE_TK/VPE_TK.report.json
2021-04-04 18:42:06,018 - INFO - Writing log to overlap_65/VPE_TK/VPE_TK.log
2021-04-04 18:42:06,035 - INFO - References:
 - VPE_TK
2021-04-04 18:42:06,035 - INFO - Primary reference for coordinate system: VPE_TK
2021-04-04 18:42:06,035 - INFO - Considering primers from all references
2021-04-04 18:42:25,670 - INFO - All done! Scheme created with 19 regions, 7 gaps, 82.77% coverage
2021-04-04 18:42:25,670 - INFO - Writing overlap_65/VPE_TK/VPE_TK.primer.bed
2021-04-04 18:42:25,673 - INFO - Writing overlap_65/VPE_TK/VPE_TK.insert.bed
2021-04-04 18:42:25,676 - INFO - Writing overlap_65/VPE_TK/VPE_TK.primer.tsv
2021-04-04 18:42:25,678 - INFO - Writing overlap_65/VPE_TK/VPE_TK.reference.fasta
2021-04-04 18:42:25,690 - INFO - Writing overlap_65/VPE_TK/VPE_TK.plot.pdf
2021-04-04 18:42:25,690 - INFO - Writing overlap_65/VPE_TK/VPE_TK.plot.svg
2021-04-04 18:42:25,734 - INFO - Writing overlap_65/VPE_TK/VPE_TK.report.json
