2021-04-03 00:54:45,470 - INFO - Writing log to overlap_45/FT_TK/FT_TK.log
2021-04-03 00:54:45,479 - INFO - References:
 - FT_TK
2021-04-03 00:54:45,479 - INFO - Primary reference for coordinate system: FT_TK
2021-04-03 00:54:45,479 - INFO - Considering primers from all references
2021-04-03 00:54:57,399 - INFO - All done! Scheme created with 15 regions, 5 gaps, 84.89% coverage
2021-04-03 00:54:57,399 - INFO - Writing overlap_45/FT_TK/FT_TK.primer.bed
2021-04-03 00:54:57,400 - INFO - Writing overlap_45/FT_TK/FT_TK.insert.bed
2021-04-03 00:54:57,401 - INFO - Writing overlap_45/FT_TK/FT_TK.primer.tsv
2021-04-03 00:54:57,403 - INFO - Writing overlap_45/FT_TK/FT_TK.reference.fasta
2021-04-03 00:54:57,412 - INFO - Writing overlap_45/FT_TK/FT_TK.plot.pdf
2021-04-03 00:54:57,412 - INFO - Writing overlap_45/FT_TK/FT_TK.plot.svg
2021-04-03 00:54:57,449 - INFO - Writing overlap_45/FT_TK/FT_TK.report.json
2021-04-04 17:34:55,978 - INFO - Writing log to overlap_45/FT_TK/FT_TK.log
2021-04-04 17:34:55,997 - INFO - References:
 - FT_TK
2021-04-04 17:34:55,997 - INFO - Primary reference for coordinate system: FT_TK
2021-04-04 17:34:55,998 - INFO - Considering primers from all references
2021-04-04 17:35:06,868 - INFO - All done! Scheme created with 15 regions, 5 gaps, 84.89% coverage
2021-04-04 17:35:06,868 - INFO - Writing overlap_45/FT_TK/FT_TK.primer.bed
2021-04-04 17:35:06,873 - INFO - Writing overlap_45/FT_TK/FT_TK.insert.bed
2021-04-04 17:35:06,877 - INFO - Writing overlap_45/FT_TK/FT_TK.primer.tsv
2021-04-04 17:35:06,881 - INFO - Writing overlap_45/FT_TK/FT_TK.reference.fasta
2021-04-04 17:35:06,893 - INFO - Writing overlap_45/FT_TK/FT_TK.plot.pdf
2021-04-04 17:35:06,893 - INFO - Writing overlap_45/FT_TK/FT_TK.plot.svg
2021-04-04 17:35:06,931 - INFO - Writing overlap_45/FT_TK/FT_TK.report.json
