2021-04-02 20:39:28,060 - INFO - Writing log to overlap_70/1DDX5PS2_TK/1DDX5PS2_TK.log
2021-04-02 20:39:28,077 - INFO - References:
 - 1DDX5PS2_TK
2021-04-02 20:39:28,077 - INFO - Primary reference for coordinate system: 1DDX5PS2_TK
2021-04-02 20:39:28,077 - INFO - Considering primers from all references
2021-04-02 20:39:40,657 - INFO - All done! Scheme created with 20 regions, 9 gaps, 89.66% coverage
2021-04-02 20:39:40,658 - INFO - Writing overlap_70/1DDX5PS2_TK/1DDX5PS2_TK.primer.bed
2021-04-02 20:39:40,659 - INFO - Writing overlap_70/1DDX5PS2_TK/1DDX5PS2_TK.insert.bed
2021-04-02 20:39:40,660 - INFO - Writing overlap_70/1DDX5PS2_TK/1DDX5PS2_TK.primer.tsv
2021-04-02 20:39:40,660 - INFO - Writing overlap_70/1DDX5PS2_TK/1DDX5PS2_TK.reference.fasta
2021-04-02 20:39:40,670 - INFO - Writing overlap_70/1DDX5PS2_TK/1DDX5PS2_TK.plot.pdf
2021-04-02 20:39:40,670 - INFO - Writing overlap_70/1DDX5PS2_TK/1DDX5PS2_TK.plot.svg
2021-04-02 20:39:40,706 - INFO - Writing overlap_70/1DDX5PS2_TK/1DDX5PS2_TK.report.json
2021-04-03 02:09:57,047 - INFO - Writing log to overlap_70/1DDX5PS2_TK/1DDX5PS2_TK.log
2021-04-03 02:09:57,063 - INFO - References:
 - 1DDX5PS2_TK
2021-04-03 02:09:57,063 - INFO - Primary reference for coordinate system: 1DDX5PS2_TK
2021-04-03 02:09:57,063 - INFO - Considering primers from all references
2021-04-03 02:10:13,224 - INFO - All done! Scheme created with 20 regions, 9 gaps, 89.66% coverage
2021-04-03 02:10:13,225 - INFO - Writing overlap_70/1DDX5PS2_TK/1DDX5PS2_TK.primer.bed
2021-04-03 02:10:13,230 - INFO - Writing overlap_70/1DDX5PS2_TK/1DDX5PS2_TK.insert.bed
2021-04-03 02:10:13,236 - INFO - Writing overlap_70/1DDX5PS2_TK/1DDX5PS2_TK.primer.tsv
2021-04-03 02:10:13,241 - INFO - Writing overlap_70/1DDX5PS2_TK/1DDX5PS2_TK.reference.fasta
2021-04-03 02:10:13,257 - INFO - Writing overlap_70/1DDX5PS2_TK/1DDX5PS2_TK.plot.pdf
2021-04-03 02:10:13,257 - INFO - Writing overlap_70/1DDX5PS2_TK/1DDX5PS2_TK.plot.svg
2021-04-03 02:10:13,311 - INFO - Writing overlap_70/1DDX5PS2_TK/1DDX5PS2_TK.report.json
2021-04-04 18:42:48,972 - INFO - Writing log to overlap_70/1DDX5PS2_TK/1DDX5PS2_TK.log
2021-04-04 18:42:48,992 - INFO - References:
 - 1DDX5PS2_TK
2021-04-04 18:42:48,992 - INFO - Primary reference for coordinate system: 1DDX5PS2_TK
2021-04-04 18:42:48,992 - INFO - Considering primers from all references
2021-04-04 18:43:03,818 - INFO - All done! Scheme created with 20 regions, 9 gaps, 89.66% coverage
2021-04-04 18:43:03,818 - INFO - Writing overlap_70/1DDX5PS2_TK/1DDX5PS2_TK.primer.bed
2021-04-04 18:43:03,821 - INFO - Writing overlap_70/1DDX5PS2_TK/1DDX5PS2_TK.insert.bed
2021-04-04 18:43:03,823 - INFO - Writing overlap_70/1DDX5PS2_TK/1DDX5PS2_TK.primer.tsv
2021-04-04 18:43:03,826 - INFO - Writing overlap_70/1DDX5PS2_TK/1DDX5PS2_TK.reference.fasta
2021-04-04 18:43:03,838 - INFO - Writing overlap_70/1DDX5PS2_TK/1DDX5PS2_TK.plot.pdf
2021-04-04 18:43:03,838 - INFO - Writing overlap_70/1DDX5PS2_TK/1DDX5PS2_TK.plot.svg
2021-04-04 18:43:03,882 - INFO - Writing overlap_70/1DDX5PS2_TK/1DDX5PS2_TK.report.json
