2021-04-03 02:05:17,497 - INFO - Writing log to overlap_65/PEC2_TK/PEC2_TK.log
2021-04-03 02:05:17,505 - INFO - References:
 - PEC2_TK
2021-04-03 02:05:17,505 - INFO - Primary reference for coordinate system: PEC2_TK
2021-04-03 02:05:17,505 - INFO - Considering primers from all references
2021-04-03 02:05:23,542 - INFO - All done! Scheme created with 8 regions, 3 gaps, 77.19% coverage
2021-04-03 02:05:23,543 - INFO - Writing overlap_65/PEC2_TK/PEC2_TK.primer.bed
2021-04-03 02:05:23,544 - INFO - Writing overlap_65/PEC2_TK/PEC2_TK.insert.bed
2021-04-03 02:05:23,545 - INFO - Writing overlap_65/PEC2_TK/PEC2_TK.primer.tsv
2021-04-03 02:05:23,546 - INFO - Writing overlap_65/PEC2_TK/PEC2_TK.reference.fasta
2021-04-03 02:05:23,552 - INFO - Writing overlap_65/PEC2_TK/PEC2_TK.plot.pdf
2021-04-03 02:05:23,552 - INFO - Writing overlap_65/PEC2_TK/PEC2_TK.plot.svg
2021-04-03 02:05:23,580 - INFO - Writing overlap_65/PEC2_TK/PEC2_TK.report.json
2021-04-04 18:38:34,299 - INFO - Writing log to overlap_65/PEC2_TK/PEC2_TK.log
2021-04-04 18:38:34,326 - INFO - References:
 - PEC2_TK
2021-04-04 18:38:34,326 - INFO - Primary reference for coordinate system: PEC2_TK
2021-04-04 18:38:34,326 - INFO - Considering primers from all references
2021-04-04 18:38:39,873 - INFO - All done! Scheme created with 8 regions, 3 gaps, 77.19% coverage
2021-04-04 18:38:39,874 - INFO - Writing overlap_65/PEC2_TK/PEC2_TK.primer.bed
2021-04-04 18:38:39,876 - INFO - Writing overlap_65/PEC2_TK/PEC2_TK.insert.bed
2021-04-04 18:38:39,879 - INFO - Writing overlap_65/PEC2_TK/PEC2_TK.primer.tsv
2021-04-04 18:38:39,881 - INFO - Writing overlap_65/PEC2_TK/PEC2_TK.reference.fasta
2021-04-04 18:38:39,888 - INFO - Writing overlap_65/PEC2_TK/PEC2_TK.plot.pdf
2021-04-04 18:38:39,888 - INFO - Writing overlap_65/PEC2_TK/PEC2_TK.plot.svg
2021-04-04 18:38:39,915 - INFO - Writing overlap_65/PEC2_TK/PEC2_TK.report.json
