2021-04-02 20:42:15,658 - INFO - Writing log to overlap_70/CYP716A263_TK/CYP716A263_TK.log
2021-04-02 20:42:15,683 - INFO - References:
 - CYP716A263_TK
2021-04-02 20:42:15,683 - INFO - Primary reference for coordinate system: CYP716A263_TK
2021-04-02 20:42:15,683 - INFO - Considering primers from all references
2021-04-02 20:42:21,819 - INFO - All done! Scheme created with 10 regions, 4 gaps, 79.4% coverage
2021-04-02 20:42:21,819 - INFO - Writing overlap_70/CYP716A263_TK/CYP716A263_TK.primer.bed
2021-04-02 20:42:21,820 - INFO - Writing overlap_70/CYP716A263_TK/CYP716A263_TK.insert.bed
2021-04-02 20:42:21,821 - INFO - Writing overlap_70/CYP716A263_TK/CYP716A263_TK.primer.tsv
2021-04-02 20:42:21,821 - INFO - Writing overlap_70/CYP716A263_TK/CYP716A263_TK.reference.fasta
2021-04-02 20:42:21,827 - INFO - Writing overlap_70/CYP716A263_TK/CYP716A263_TK.plot.pdf
2021-04-02 20:42:21,827 - INFO - Writing overlap_70/CYP716A263_TK/CYP716A263_TK.plot.svg
2021-04-02 20:42:21,851 - INFO - Writing overlap_70/CYP716A263_TK/CYP716A263_TK.report.json
2021-04-03 02:15:26,535 - INFO - Writing log to overlap_70/CYP716A263_TK/CYP716A263_TK.log
2021-04-03 02:15:26,568 - INFO - References:
 - CYP716A263_TK
2021-04-03 02:15:26,568 - INFO - Primary reference for coordinate system: CYP716A263_TK
2021-04-03 02:15:26,568 - INFO - Considering primers from all references
2021-04-03 02:15:34,309 - INFO - All done! Scheme created with 10 regions, 4 gaps, 79.4% coverage
2021-04-03 02:15:34,309 - INFO - Writing overlap_70/CYP716A263_TK/CYP716A263_TK.primer.bed
2021-04-03 02:15:34,313 - INFO - Writing overlap_70/CYP716A263_TK/CYP716A263_TK.insert.bed
2021-04-03 02:15:34,318 - INFO - Writing overlap_70/CYP716A263_TK/CYP716A263_TK.primer.tsv
2021-04-03 02:15:34,322 - INFO - Writing overlap_70/CYP716A263_TK/CYP716A263_TK.reference.fasta
2021-04-03 02:15:34,333 - INFO - Writing overlap_70/CYP716A263_TK/CYP716A263_TK.plot.pdf
2021-04-03 02:15:34,334 - INFO - Writing overlap_70/CYP716A263_TK/CYP716A263_TK.plot.svg
2021-04-03 02:15:34,371 - INFO - Writing overlap_70/CYP716A263_TK/CYP716A263_TK.report.json
