2021-04-03 11:42:33,952 - INFO - Writing log to overlap_85/IPPK_TK/IPPK_TK.log
2021-04-03 11:42:33,958 - INFO - References:
 - IPPK_TK
2021-04-03 11:42:33,958 - INFO - Primary reference for coordinate system: IPPK_TK
2021-04-03 11:42:33,958 - INFO - Considering primers from all references
2021-04-03 11:42:36,373 - INFO - All done! Scheme created with 4 regions, 0 gaps, 68.6% coverage
2021-04-03 11:42:36,373 - INFO - Writing overlap_85/IPPK_TK/IPPK_TK.primer.bed
2021-04-03 11:42:36,374 - INFO - Writing overlap_85/IPPK_TK/IPPK_TK.insert.bed
2021-04-03 11:42:36,374 - INFO - Writing overlap_85/IPPK_TK/IPPK_TK.primer.tsv
2021-04-03 11:42:36,375 - INFO - Writing overlap_85/IPPK_TK/IPPK_TK.reference.fasta
2021-04-03 11:42:36,379 - INFO - Writing overlap_85/IPPK_TK/IPPK_TK.plot.pdf
2021-04-03 11:42:36,379 - INFO - Writing overlap_85/IPPK_TK/IPPK_TK.plot.svg
2021-04-03 11:42:36,412 - INFO - Writing overlap_85/IPPK_TK/IPPK_TK.report.json
2021-04-04 19:35:36,621 - INFO - Writing log to overlap_85/IPPK_TK/IPPK_TK.log
2021-04-04 19:35:36,640 - INFO - References:
 - IPPK_TK
2021-04-04 19:35:36,640 - INFO - Primary reference for coordinate system: IPPK_TK
2021-04-04 19:35:36,640 - INFO - Considering primers from all references
2021-04-04 19:35:39,319 - INFO - All done! Scheme created with 4 regions, 0 gaps, 68.6% coverage
2021-04-04 19:35:39,319 - INFO - Writing overlap_85/IPPK_TK/IPPK_TK.primer.bed
2021-04-04 19:35:39,322 - INFO - Writing overlap_85/IPPK_TK/IPPK_TK.insert.bed
2021-04-04 19:35:39,324 - INFO - Writing overlap_85/IPPK_TK/IPPK_TK.primer.tsv
2021-04-04 19:35:39,327 - INFO - Writing overlap_85/IPPK_TK/IPPK_TK.reference.fasta
2021-04-04 19:35:39,333 - INFO - Writing overlap_85/IPPK_TK/IPPK_TK.plot.pdf
2021-04-04 19:35:39,333 - INFO - Writing overlap_85/IPPK_TK/IPPK_TK.plot.svg
2021-04-04 19:35:39,374 - INFO - Writing overlap_85/IPPK_TK/IPPK_TK.report.json
