2021-04-03 01:42:16,029 - INFO - Writing log to overlap_60/CPT1_1_TK/CPT1_1_TK.log
2021-04-03 01:42:16,038 - INFO - References:
 - CPT1_1_TK
2021-04-03 01:42:16,038 - INFO - Primary reference for coordinate system: CPT1_1_TK
2021-04-03 01:42:16,038 - INFO - Considering primers from all references
2021-04-03 01:42:19,089 - INFO - All done! Scheme created with 4 regions, 1 gap, 57.98% coverage
2021-04-03 01:42:19,089 - INFO - Writing overlap_60/CPT1_1_TK/CPT1_1_TK.primer.bed
2021-04-03 01:42:19,091 - INFO - Writing overlap_60/CPT1_1_TK/CPT1_1_TK.insert.bed
2021-04-03 01:42:19,091 - INFO - Writing overlap_60/CPT1_1_TK/CPT1_1_TK.primer.tsv
2021-04-03 01:42:19,092 - INFO - Writing overlap_60/CPT1_1_TK/CPT1_1_TK.reference.fasta
2021-04-03 01:42:19,097 - INFO - Writing overlap_60/CPT1_1_TK/CPT1_1_TK.plot.pdf
2021-04-03 01:42:19,097 - INFO - Writing overlap_60/CPT1_1_TK/CPT1_1_TK.plot.svg
2021-04-03 01:42:19,152 - INFO - Writing overlap_60/CPT1_1_TK/CPT1_1_TK.report.json
2021-04-04 18:17:43,336 - INFO - Writing log to overlap_60/CPT1_1_TK/CPT1_1_TK.log
2021-04-04 18:17:43,352 - INFO - References:
 - CPT1_1_TK
2021-04-04 18:17:43,352 - INFO - Primary reference for coordinate system: CPT1_1_TK
2021-04-04 18:17:43,352 - INFO - Considering primers from all references
2021-04-04 18:17:46,115 - INFO - All done! Scheme created with 4 regions, 1 gap, 57.98% coverage
2021-04-04 18:17:46,115 - INFO - Writing overlap_60/CPT1_1_TK/CPT1_1_TK.primer.bed
2021-04-04 18:17:46,118 - INFO - Writing overlap_60/CPT1_1_TK/CPT1_1_TK.insert.bed
2021-04-04 18:17:46,121 - INFO - Writing overlap_60/CPT1_1_TK/CPT1_1_TK.primer.tsv
2021-04-04 18:17:46,123 - INFO - Writing overlap_60/CPT1_1_TK/CPT1_1_TK.reference.fasta
2021-04-04 18:17:46,129 - INFO - Writing overlap_60/CPT1_1_TK/CPT1_1_TK.plot.pdf
2021-04-04 18:17:46,129 - INFO - Writing overlap_60/CPT1_1_TK/CPT1_1_TK.plot.svg
2021-04-04 18:17:46,170 - INFO - Writing overlap_60/CPT1_1_TK/CPT1_1_TK.report.json
