2021-04-03 01:40:18,080 - INFO - Writing log to overlap_60/ACT1_TK/ACT1_TK.log
2021-04-03 01:40:18,088 - INFO - References:
 - ACT1_TK
2021-04-03 01:40:18,088 - INFO - Primary reference for coordinate system: ACT1_TK
2021-04-03 01:40:18,088 - INFO - Considering primers from all references
2021-04-03 01:40:22,566 - INFO - All done! Scheme created with 6 regions, 2 gaps, 70.55% coverage
2021-04-03 01:40:22,567 - INFO - Writing overlap_60/ACT1_TK/ACT1_TK.primer.bed
2021-04-03 01:40:22,568 - INFO - Writing overlap_60/ACT1_TK/ACT1_TK.insert.bed
2021-04-03 01:40:22,569 - INFO - Writing overlap_60/ACT1_TK/ACT1_TK.primer.tsv
2021-04-03 01:40:22,569 - INFO - Writing overlap_60/ACT1_TK/ACT1_TK.reference.fasta
2021-04-03 01:40:22,575 - INFO - Writing overlap_60/ACT1_TK/ACT1_TK.plot.pdf
2021-04-03 01:40:22,575 - INFO - Writing overlap_60/ACT1_TK/ACT1_TK.plot.svg
2021-04-03 01:40:22,598 - INFO - Writing overlap_60/ACT1_TK/ACT1_TK.report.json
2021-04-04 18:15:58,393 - INFO - Writing log to overlap_60/ACT1_TK/ACT1_TK.log
2021-04-04 18:15:58,434 - INFO - References:
 - ACT1_TK
2021-04-04 18:15:58,434 - INFO - Primary reference for coordinate system: ACT1_TK
2021-04-04 18:15:58,434 - INFO - Considering primers from all references
2021-04-04 18:16:02,458 - INFO - All done! Scheme created with 6 regions, 2 gaps, 70.55% coverage
2021-04-04 18:16:02,458 - INFO - Writing overlap_60/ACT1_TK/ACT1_TK.primer.bed
2021-04-04 18:16:02,461 - INFO - Writing overlap_60/ACT1_TK/ACT1_TK.insert.bed
2021-04-04 18:16:02,463 - INFO - Writing overlap_60/ACT1_TK/ACT1_TK.primer.tsv
2021-04-04 18:16:02,465 - INFO - Writing overlap_60/ACT1_TK/ACT1_TK.reference.fasta
2021-04-04 18:16:02,472 - INFO - Writing overlap_60/ACT1_TK/ACT1_TK.plot.pdf
2021-04-04 18:16:02,472 - INFO - Writing overlap_60/ACT1_TK/ACT1_TK.plot.svg
2021-04-04 18:16:02,495 - INFO - Writing overlap_60/ACT1_TK/ACT1_TK.report.json
