2021-04-03 02:08:55,290 - INFO - Writing log to overlap_65/SYP124_TK/SYP124_TK.log
2021-04-03 02:08:55,300 - INFO - References:
 - SYP124_TK
2021-04-03 02:08:55,300 - INFO - Primary reference for coordinate system: SYP124_TK
2021-04-03 02:08:55,300 - INFO - Considering primers from all references
2021-04-03 02:08:58,253 - INFO - All done! Scheme created with 4 regions, 0 gaps, 62.41% coverage
2021-04-03 02:08:58,254 - INFO - Writing overlap_65/SYP124_TK/SYP124_TK.primer.bed
2021-04-03 02:08:58,255 - INFO - Writing overlap_65/SYP124_TK/SYP124_TK.insert.bed
2021-04-03 02:08:58,256 - INFO - Writing overlap_65/SYP124_TK/SYP124_TK.primer.tsv
2021-04-03 02:08:58,257 - INFO - Writing overlap_65/SYP124_TK/SYP124_TK.reference.fasta
2021-04-03 02:08:58,262 - INFO - Writing overlap_65/SYP124_TK/SYP124_TK.plot.pdf
2021-04-03 02:08:58,262 - INFO - Writing overlap_65/SYP124_TK/SYP124_TK.plot.svg
2021-04-03 02:08:58,319 - INFO - Writing overlap_65/SYP124_TK/SYP124_TK.report.json
2021-04-04 18:41:52,974 - INFO - Writing log to overlap_65/SYP124_TK/SYP124_TK.log
2021-04-04 18:41:52,994 - INFO - References:
 - SYP124_TK
2021-04-04 18:41:52,994 - INFO - Primary reference for coordinate system: SYP124_TK
2021-04-04 18:41:52,994 - INFO - Considering primers from all references
2021-04-04 18:41:55,689 - INFO - All done! Scheme created with 4 regions, 0 gaps, 62.41% coverage
2021-04-04 18:41:55,689 - INFO - Writing overlap_65/SYP124_TK/SYP124_TK.primer.bed
2021-04-04 18:41:55,692 - INFO - Writing overlap_65/SYP124_TK/SYP124_TK.insert.bed
2021-04-04 18:41:55,695 - INFO - Writing overlap_65/SYP124_TK/SYP124_TK.primer.tsv
2021-04-04 18:41:55,697 - INFO - Writing overlap_65/SYP124_TK/SYP124_TK.reference.fasta
2021-04-04 18:41:55,703 - INFO - Writing overlap_65/SYP124_TK/SYP124_TK.plot.pdf
2021-04-04 18:41:55,703 - INFO - Writing overlap_65/SYP124_TK/SYP124_TK.plot.svg
2021-04-04 18:41:55,746 - INFO - Writing overlap_65/SYP124_TK/SYP124_TK.report.json
