2021-04-03 11:15:17,401 - INFO - Writing log to overlap_75/GDPS1_TK/GDPS1_TK.log
2021-04-03 11:15:17,428 - INFO - References:
 - GDPS1_TK
2021-04-03 11:15:17,428 - INFO - Primary reference for coordinate system: GDPS1_TK
2021-04-03 11:15:17,428 - INFO - Considering primers from all references
2021-04-03 11:15:26,575 - INFO - All done! Scheme created with 14 regions, 3 gaps, 88.17% coverage
2021-04-03 11:15:26,575 - INFO - Writing overlap_75/GDPS1_TK/GDPS1_TK.primer.bed
2021-04-03 11:15:26,577 - INFO - Writing overlap_75/GDPS1_TK/GDPS1_TK.insert.bed
2021-04-03 11:15:26,578 - INFO - Writing overlap_75/GDPS1_TK/GDPS1_TK.primer.tsv
2021-04-03 11:15:26,579 - INFO - Writing overlap_75/GDPS1_TK/GDPS1_TK.reference.fasta
2021-04-03 11:15:26,586 - INFO - Writing overlap_75/GDPS1_TK/GDPS1_TK.plot.pdf
2021-04-03 11:15:26,586 - INFO - Writing overlap_75/GDPS1_TK/GDPS1_TK.plot.svg
2021-04-03 11:15:26,616 - INFO - Writing overlap_75/GDPS1_TK/GDPS1_TK.report.json
2021-04-04 19:05:15,873 - INFO - Writing log to overlap_75/GDPS1_TK/GDPS1_TK.log
2021-04-04 19:05:15,911 - INFO - References:
 - GDPS1_TK
2021-04-04 19:05:15,911 - INFO - Primary reference for coordinate system: GDPS1_TK
2021-04-04 19:05:15,911 - INFO - Considering primers from all references
2021-04-04 19:05:26,059 - INFO - All done! Scheme created with 14 regions, 3 gaps, 88.17% coverage
2021-04-04 19:05:26,059 - INFO - Writing overlap_75/GDPS1_TK/GDPS1_TK.primer.bed
2021-04-04 19:05:26,063 - INFO - Writing overlap_75/GDPS1_TK/GDPS1_TK.insert.bed
2021-04-04 19:05:26,067 - INFO - Writing overlap_75/GDPS1_TK/GDPS1_TK.primer.tsv
2021-04-04 19:05:26,071 - INFO - Writing overlap_75/GDPS1_TK/GDPS1_TK.reference.fasta
2021-04-04 19:05:26,082 - INFO - Writing overlap_75/GDPS1_TK/GDPS1_TK.plot.pdf
2021-04-04 19:05:26,082 - INFO - Writing overlap_75/GDPS1_TK/GDPS1_TK.plot.svg
2021-04-04 19:05:26,120 - INFO - Writing overlap_75/GDPS1_TK/GDPS1_TK.report.json
