2021-04-03 11:40:24,830 - INFO - Writing log to overlap_85/DOG_1_TK/DOG_1_TK.log
2021-04-03 11:40:24,836 - INFO - References:
 - DOG_1_TK
2021-04-03 11:40:24,836 - INFO - Primary reference for coordinate system: DOG_1_TK
2021-04-03 11:40:24,836 - INFO - Considering primers from all references
2021-04-03 11:40:28,515 - INFO - All done! Scheme created with 6 regions, 2 gaps, 81.91% coverage
2021-04-03 11:40:28,515 - INFO - Writing overlap_85/DOG_1_TK/DOG_1_TK.primer.bed
2021-04-03 11:40:28,517 - INFO - Writing overlap_85/DOG_1_TK/DOG_1_TK.insert.bed
2021-04-03 11:40:28,517 - INFO - Writing overlap_85/DOG_1_TK/DOG_1_TK.primer.tsv
2021-04-03 11:40:28,518 - INFO - Writing overlap_85/DOG_1_TK/DOG_1_TK.reference.fasta
2021-04-03 11:40:28,522 - INFO - Writing overlap_85/DOG_1_TK/DOG_1_TK.plot.pdf
2021-04-03 11:40:28,522 - INFO - Writing overlap_85/DOG_1_TK/DOG_1_TK.plot.svg
2021-04-03 11:40:28,542 - INFO - Writing overlap_85/DOG_1_TK/DOG_1_TK.report.json
2021-04-04 19:33:12,713 - INFO - Writing log to overlap_85/DOG_1_TK/DOG_1_TK.log
2021-04-04 19:33:12,737 - INFO - References:
 - DOG_1_TK
2021-04-04 19:33:12,737 - INFO - Primary reference for coordinate system: DOG_1_TK
2021-04-04 19:33:12,738 - INFO - Considering primers from all references
2021-04-04 19:33:16,821 - INFO - All done! Scheme created with 6 regions, 2 gaps, 81.91% coverage
2021-04-04 19:33:16,821 - INFO - Writing overlap_85/DOG_1_TK/DOG_1_TK.primer.bed
2021-04-04 19:33:16,824 - INFO - Writing overlap_85/DOG_1_TK/DOG_1_TK.insert.bed
2021-04-04 19:33:16,826 - INFO - Writing overlap_85/DOG_1_TK/DOG_1_TK.primer.tsv
2021-04-04 19:33:16,828 - INFO - Writing overlap_85/DOG_1_TK/DOG_1_TK.reference.fasta
2021-04-04 19:33:16,835 - INFO - Writing overlap_85/DOG_1_TK/DOG_1_TK.plot.pdf
2021-04-04 19:33:16,835 - INFO - Writing overlap_85/DOG_1_TK/DOG_1_TK.plot.svg
2021-04-04 19:33:16,859 - INFO - Writing overlap_85/DOG_1_TK/DOG_1_TK.report.json
