2021-04-02 20:41:36,293 - INFO - Writing log to overlap_70/ADPATC2_TK/ADPATC2_TK.log
2021-04-02 20:41:36,313 - INFO - References:
 - ADPATC2_TK
2021-04-02 20:41:36,313 - INFO - Primary reference for coordinate system: ADPATC2_TK
2021-04-02 20:41:36,313 - INFO - Considering primers from all references
2021-04-02 20:41:39,870 - INFO - All done! Scheme created with 6 regions, 1 gap, 66.93% coverage
2021-04-02 20:41:39,870 - INFO - Writing overlap_70/ADPATC2_TK/ADPATC2_TK.primer.bed
2021-04-02 20:41:39,871 - INFO - Writing overlap_70/ADPATC2_TK/ADPATC2_TK.insert.bed
2021-04-02 20:41:39,872 - INFO - Writing overlap_70/ADPATC2_TK/ADPATC2_TK.primer.tsv
2021-04-02 20:41:39,873 - INFO - Writing overlap_70/ADPATC2_TK/ADPATC2_TK.reference.fasta
2021-04-02 20:41:39,877 - INFO - Writing overlap_70/ADPATC2_TK/ADPATC2_TK.plot.pdf
2021-04-02 20:41:39,877 - INFO - Writing overlap_70/ADPATC2_TK/ADPATC2_TK.plot.svg
2021-04-02 20:41:39,895 - INFO - Writing overlap_70/ADPATC2_TK/ADPATC2_TK.report.json
2021-04-03 02:13:25,117 - INFO - Writing log to overlap_70/ADPATC2_TK/ADPATC2_TK.log
2021-04-03 02:13:25,138 - INFO - References:
 - ADPATC2_TK
2021-04-03 02:13:25,138 - INFO - Primary reference for coordinate system: ADPATC2_TK
2021-04-03 02:13:25,138 - INFO - Considering primers from all references
2021-04-03 02:13:29,536 - INFO - All done! Scheme created with 6 regions, 1 gap, 66.93% coverage
2021-04-03 02:13:29,537 - INFO - Writing overlap_70/ADPATC2_TK/ADPATC2_TK.primer.bed
2021-04-03 02:13:29,541 - INFO - Writing overlap_70/ADPATC2_TK/ADPATC2_TK.insert.bed
2021-04-03 02:13:29,545 - INFO - Writing overlap_70/ADPATC2_TK/ADPATC2_TK.primer.tsv
2021-04-03 02:13:29,548 - INFO - Writing overlap_70/ADPATC2_TK/ADPATC2_TK.reference.fasta
2021-04-03 02:13:29,557 - INFO - Writing overlap_70/ADPATC2_TK/ADPATC2_TK.plot.pdf
2021-04-03 02:13:29,557 - INFO - Writing overlap_70/ADPATC2_TK/ADPATC2_TK.plot.svg
2021-04-03 02:13:29,586 - INFO - Writing overlap_70/ADPATC2_TK/ADPATC2_TK.report.json
