2021-04-03 11:12:28,351 - INFO - Writing log to overlap_75/CDPK13_TK/CDPK13_TK.log
2021-04-03 11:12:28,356 - INFO - References:
 - CDPK13_TK
2021-04-03 11:12:28,356 - INFO - Primary reference for coordinate system: CDPK13_TK
2021-04-03 11:12:28,356 - INFO - Considering primers from all references
2021-04-03 11:12:34,765 - INFO - All done! Scheme created with 10 regions, 1 gap, 83.5% coverage
2021-04-03 11:12:34,765 - INFO - Writing overlap_75/CDPK13_TK/CDPK13_TK.primer.bed
2021-04-03 11:12:34,766 - INFO - Writing overlap_75/CDPK13_TK/CDPK13_TK.insert.bed
2021-04-03 11:12:34,767 - INFO - Writing overlap_75/CDPK13_TK/CDPK13_TK.primer.tsv
2021-04-03 11:12:34,767 - INFO - Writing overlap_75/CDPK13_TK/CDPK13_TK.reference.fasta
2021-04-03 11:12:34,773 - INFO - Writing overlap_75/CDPK13_TK/CDPK13_TK.plot.pdf
2021-04-03 11:12:34,773 - INFO - Writing overlap_75/CDPK13_TK/CDPK13_TK.plot.svg
2021-04-03 11:12:34,798 - INFO - Writing overlap_75/CDPK13_TK/CDPK13_TK.report.json
2021-04-04 19:02:06,313 - INFO - Writing log to overlap_75/CDPK13_TK/CDPK13_TK.log
2021-04-04 19:02:06,343 - INFO - References:
 - CDPK13_TK
2021-04-04 19:02:06,343 - INFO - Primary reference for coordinate system: CDPK13_TK
2021-04-04 19:02:06,343 - INFO - Considering primers from all references
2021-04-04 19:02:13,518 - INFO - All done! Scheme created with 10 regions, 1 gap, 83.5% coverage
2021-04-04 19:02:13,518 - INFO - Writing overlap_75/CDPK13_TK/CDPK13_TK.primer.bed
2021-04-04 19:02:13,521 - INFO - Writing overlap_75/CDPK13_TK/CDPK13_TK.insert.bed
2021-04-04 19:02:13,524 - INFO - Writing overlap_75/CDPK13_TK/CDPK13_TK.primer.tsv
2021-04-04 19:02:13,526 - INFO - Writing overlap_75/CDPK13_TK/CDPK13_TK.reference.fasta
2021-04-04 19:02:13,535 - INFO - Writing overlap_75/CDPK13_TK/CDPK13_TK.plot.pdf
2021-04-04 19:02:13,536 - INFO - Writing overlap_75/CDPK13_TK/CDPK13_TK.plot.svg
2021-04-04 19:02:13,567 - INFO - Writing overlap_75/CDPK13_TK/CDPK13_TK.report.json
