2021-04-03 00:56:00,088 - INFO - Writing log to overlap_45/OC1_TK/OC1_TK.log
2021-04-03 00:56:00,098 - INFO - References:
 - OC1_TK
2021-04-03 00:56:00,099 - INFO - Primary reference for coordinate system: OC1_TK
2021-04-03 00:56:00,099 - INFO - Considering primers from all references
2021-04-03 00:56:40,021 - INFO - All done! Scheme created with 37 regions, 13 gaps, 86.77% coverage
2021-04-03 00:56:40,023 - INFO - Writing overlap_45/OC1_TK/OC1_TK.primer.bed
2021-04-03 00:56:40,025 - INFO - Writing overlap_45/OC1_TK/OC1_TK.insert.bed
2021-04-03 00:56:40,027 - INFO - Writing overlap_45/OC1_TK/OC1_TK.primer.tsv
2021-04-03 00:56:40,028 - INFO - Writing overlap_45/OC1_TK/OC1_TK.reference.fasta
2021-04-03 00:56:40,052 - INFO - Writing overlap_45/OC1_TK/OC1_TK.plot.pdf
2021-04-03 00:56:40,052 - INFO - Writing overlap_45/OC1_TK/OC1_TK.plot.svg
2021-04-03 00:56:40,133 - INFO - Writing overlap_45/OC1_TK/OC1_TK.report.json
2021-04-04 17:36:03,472 - INFO - Writing log to overlap_45/OC1_TK/OC1_TK.log
2021-04-04 17:36:03,492 - INFO - References:
 - OC1_TK
2021-04-04 17:36:03,492 - INFO - Primary reference for coordinate system: OC1_TK
2021-04-04 17:36:03,492 - INFO - Considering primers from all references
2021-04-04 17:36:39,808 - INFO - All done! Scheme created with 37 regions, 13 gaps, 86.77% coverage
2021-04-04 17:36:39,809 - INFO - Writing overlap_45/OC1_TK/OC1_TK.primer.bed
2021-04-04 17:36:39,813 - INFO - Writing overlap_45/OC1_TK/OC1_TK.insert.bed
2021-04-04 17:36:39,817 - INFO - Writing overlap_45/OC1_TK/OC1_TK.primer.tsv
2021-04-04 17:36:39,821 - INFO - Writing overlap_45/OC1_TK/OC1_TK.reference.fasta
2021-04-04 17:36:39,844 - INFO - Writing overlap_45/OC1_TK/OC1_TK.plot.pdf
2021-04-04 17:36:39,844 - INFO - Writing overlap_45/OC1_TK/OC1_TK.plot.svg
2021-04-04 17:36:39,920 - INFO - Writing overlap_45/OC1_TK/OC1_TK.report.json
