2021-04-03 00:59:49,482 - INFO - Writing log to overlap_45/PUCP7_TK/PUCP7_TK.log
2021-04-03 00:59:49,491 - INFO - References:
 - PUCP7_TK
2021-04-03 00:59:49,491 - INFO - Primary reference for coordinate system: PUCP7_TK
2021-04-03 00:59:49,491 - INFO - Considering primers from all references
2021-04-03 01:00:00,352 - INFO - All done! Scheme created with 7 regions, 0 gaps, 85.4% coverage
2021-04-03 01:00:00,353 - INFO - Writing overlap_45/PUCP7_TK/PUCP7_TK.primer.bed
2021-04-03 01:00:00,354 - INFO - Writing overlap_45/PUCP7_TK/PUCP7_TK.insert.bed
2021-04-03 01:00:00,354 - INFO - Writing overlap_45/PUCP7_TK/PUCP7_TK.primer.tsv
2021-04-03 01:00:00,355 - INFO - Writing overlap_45/PUCP7_TK/PUCP7_TK.reference.fasta
2021-04-03 01:00:00,360 - INFO - Writing overlap_45/PUCP7_TK/PUCP7_TK.plot.pdf
2021-04-03 01:00:00,360 - INFO - Writing overlap_45/PUCP7_TK/PUCP7_TK.plot.svg
2021-04-03 01:00:00,384 - INFO - Writing overlap_45/PUCP7_TK/PUCP7_TK.report.json
2021-04-04 17:39:28,475 - INFO - Writing log to overlap_45/PUCP7_TK/PUCP7_TK.log
2021-04-04 17:39:28,500 - INFO - References:
 - PUCP7_TK
2021-04-04 17:39:28,500 - INFO - Primary reference for coordinate system: PUCP7_TK
2021-04-04 17:39:28,500 - INFO - Considering primers from all references
2021-04-04 17:39:38,401 - INFO - All done! Scheme created with 7 regions, 0 gaps, 85.4% coverage
2021-04-04 17:39:38,401 - INFO - Writing overlap_45/PUCP7_TK/PUCP7_TK.primer.bed
2021-04-04 17:39:38,406 - INFO - Writing overlap_45/PUCP7_TK/PUCP7_TK.insert.bed
2021-04-04 17:39:38,410 - INFO - Writing overlap_45/PUCP7_TK/PUCP7_TK.primer.tsv
2021-04-04 17:39:38,413 - INFO - Writing overlap_45/PUCP7_TK/PUCP7_TK.reference.fasta
2021-04-04 17:39:38,421 - INFO - Writing overlap_45/PUCP7_TK/PUCP7_TK.plot.pdf
2021-04-04 17:39:38,421 - INFO - Writing overlap_45/PUCP7_TK/PUCP7_TK.plot.svg
2021-04-04 17:39:38,449 - INFO - Writing overlap_45/PUCP7_TK/PUCP7_TK.report.json
