2021-04-03 01:39:19,880 - INFO - Writing log to overlap_60/4H3M2EDPR1_TK/4H3M2EDPR1_TK.log
2021-04-03 01:39:19,889 - INFO - References:
 - 4H3M2EDPR1_TK
2021-04-03 01:39:19,889 - INFO - Primary reference for coordinate system: 4H3M2EDPR1_TK
2021-04-03 01:39:19,889 - INFO - Considering primers from all references
2021-04-03 01:39:28,727 - INFO - All done! Scheme created with 11 regions, 4 gaps, 73.82% coverage
2021-04-03 01:39:28,728 - INFO - Writing overlap_60/4H3M2EDPR1_TK/4H3M2EDPR1_TK.primer.bed
2021-04-03 01:39:28,729 - INFO - Writing overlap_60/4H3M2EDPR1_TK/4H3M2EDPR1_TK.insert.bed
2021-04-03 01:39:28,729 - INFO - Writing overlap_60/4H3M2EDPR1_TK/4H3M2EDPR1_TK.primer.tsv
2021-04-03 01:39:28,730 - INFO - Writing overlap_60/4H3M2EDPR1_TK/4H3M2EDPR1_TK.reference.fasta
2021-04-03 01:39:28,739 - INFO - Writing overlap_60/4H3M2EDPR1_TK/4H3M2EDPR1_TK.plot.pdf
2021-04-03 01:39:28,739 - INFO - Writing overlap_60/4H3M2EDPR1_TK/4H3M2EDPR1_TK.plot.svg
2021-04-03 01:39:28,772 - INFO - Writing overlap_60/4H3M2EDPR1_TK/4H3M2EDPR1_TK.report.json
2021-04-04 18:15:06,361 - INFO - Writing log to overlap_60/4H3M2EDPR1_TK/4H3M2EDPR1_TK.log
2021-04-04 18:15:06,388 - INFO - References:
 - 4H3M2EDPR1_TK
2021-04-04 18:15:06,388 - INFO - Primary reference for coordinate system: 4H3M2EDPR1_TK
2021-04-04 18:15:06,388 - INFO - Considering primers from all references
2021-04-04 18:15:14,428 - INFO - All done! Scheme created with 11 regions, 4 gaps, 73.82% coverage
2021-04-04 18:15:14,429 - INFO - Writing overlap_60/4H3M2EDPR1_TK/4H3M2EDPR1_TK.primer.bed
2021-04-04 18:15:14,432 - INFO - Writing overlap_60/4H3M2EDPR1_TK/4H3M2EDPR1_TK.insert.bed
2021-04-04 18:15:14,436 - INFO - Writing overlap_60/4H3M2EDPR1_TK/4H3M2EDPR1_TK.primer.tsv
2021-04-04 18:15:14,439 - INFO - Writing overlap_60/4H3M2EDPR1_TK/4H3M2EDPR1_TK.reference.fasta
2021-04-04 18:15:14,448 - INFO - Writing overlap_60/4H3M2EDPR1_TK/4H3M2EDPR1_TK.plot.pdf
2021-04-04 18:15:14,448 - INFO - Writing overlap_60/4H3M2EDPR1_TK/4H3M2EDPR1_TK.plot.svg
2021-04-04 18:15:14,479 - INFO - Writing overlap_60/4H3M2EDPR1_TK/4H3M2EDPR1_TK.report.json
