2021-04-03 11:14:37,163 - INFO - Writing log to overlap_75/FTC_TK/FTC_TK.log
2021-04-03 11:14:37,186 - INFO - References:
 - FTC_TK
2021-04-03 11:14:37,187 - INFO - Primary reference for coordinate system: FTC_TK
2021-04-03 11:14:37,187 - INFO - Considering primers from all references
2021-04-03 11:15:06,356 - INFO - All done! Scheme created with 37 regions, 11 gaps, 88.76% coverage
2021-04-03 11:15:06,356 - INFO - Writing overlap_75/FTC_TK/FTC_TK.primer.bed
2021-04-03 11:15:06,358 - INFO - Writing overlap_75/FTC_TK/FTC_TK.insert.bed
2021-04-03 11:15:06,358 - INFO - Writing overlap_75/FTC_TK/FTC_TK.primer.tsv
2021-04-03 11:15:06,359 - INFO - Writing overlap_75/FTC_TK/FTC_TK.reference.fasta
2021-04-03 11:15:06,377 - INFO - Writing overlap_75/FTC_TK/FTC_TK.plot.pdf
2021-04-03 11:15:06,377 - INFO - Writing overlap_75/FTC_TK/FTC_TK.plot.svg
2021-04-03 11:15:06,439 - INFO - Writing overlap_75/FTC_TK/FTC_TK.report.json
2021-04-04 19:04:30,155 - INFO - Writing log to overlap_75/FTC_TK/FTC_TK.log
2021-04-04 19:04:30,169 - INFO - References:
 - FTC_TK
2021-04-04 19:04:30,169 - INFO - Primary reference for coordinate system: FTC_TK
2021-04-04 19:04:30,169 - INFO - Considering primers from all references
2021-04-04 19:05:02,609 - INFO - All done! Scheme created with 37 regions, 11 gaps, 88.76% coverage
2021-04-04 19:05:02,609 - INFO - Writing overlap_75/FTC_TK/FTC_TK.primer.bed
2021-04-04 19:05:02,612 - INFO - Writing overlap_75/FTC_TK/FTC_TK.insert.bed
2021-04-04 19:05:02,614 - INFO - Writing overlap_75/FTC_TK/FTC_TK.primer.tsv
2021-04-04 19:05:02,617 - INFO - Writing overlap_75/FTC_TK/FTC_TK.reference.fasta
2021-04-04 19:05:02,638 - INFO - Writing overlap_75/FTC_TK/FTC_TK.plot.pdf
2021-04-04 19:05:02,638 - INFO - Writing overlap_75/FTC_TK/FTC_TK.plot.svg
2021-04-04 19:05:02,722 - INFO - Writing overlap_75/FTC_TK/FTC_TK.report.json
