2021-04-03 11:37:35,266 - INFO - Writing log to overlap_85/4H3M2EDPR2_TK/4H3M2EDPR2_TK.log
2021-04-03 11:37:35,272 - INFO - References:
 - 4H3M2EDPR2_TK
2021-04-03 11:37:35,272 - INFO - Primary reference for coordinate system: 4H3M2EDPR2_TK
2021-04-03 11:37:35,272 - INFO - Considering primers from all references
2021-04-03 11:37:37,941 - INFO - All done! Scheme created with 4 regions, 1 gap, 57.8% coverage
2021-04-03 11:37:37,942 - INFO - Writing overlap_85/4H3M2EDPR2_TK/4H3M2EDPR2_TK.primer.bed
2021-04-03 11:37:37,943 - INFO - Writing overlap_85/4H3M2EDPR2_TK/4H3M2EDPR2_TK.insert.bed
2021-04-03 11:37:37,944 - INFO - Writing overlap_85/4H3M2EDPR2_TK/4H3M2EDPR2_TK.primer.tsv
2021-04-03 11:37:37,944 - INFO - Writing overlap_85/4H3M2EDPR2_TK/4H3M2EDPR2_TK.reference.fasta
2021-04-03 11:37:37,948 - INFO - Writing overlap_85/4H3M2EDPR2_TK/4H3M2EDPR2_TK.plot.pdf
2021-04-03 11:37:37,948 - INFO - Writing overlap_85/4H3M2EDPR2_TK/4H3M2EDPR2_TK.plot.svg
2021-04-03 11:37:37,977 - INFO - Writing overlap_85/4H3M2EDPR2_TK/4H3M2EDPR2_TK.report.json
2021-04-04 19:30:04,255 - INFO - Writing log to overlap_85/4H3M2EDPR2_TK/4H3M2EDPR2_TK.log
2021-04-04 19:30:04,281 - INFO - References:
 - 4H3M2EDPR2_TK
2021-04-04 19:30:04,281 - INFO - Primary reference for coordinate system: 4H3M2EDPR2_TK
2021-04-04 19:30:04,281 - INFO - Considering primers from all references
2021-04-04 19:30:07,272 - INFO - All done! Scheme created with 4 regions, 1 gap, 57.8% coverage
2021-04-04 19:30:07,273 - INFO - Writing overlap_85/4H3M2EDPR2_TK/4H3M2EDPR2_TK.primer.bed
2021-04-04 19:30:07,275 - INFO - Writing overlap_85/4H3M2EDPR2_TK/4H3M2EDPR2_TK.insert.bed
2021-04-04 19:30:07,278 - INFO - Writing overlap_85/4H3M2EDPR2_TK/4H3M2EDPR2_TK.primer.tsv
2021-04-04 19:30:07,280 - INFO - Writing overlap_85/4H3M2EDPR2_TK/4H3M2EDPR2_TK.reference.fasta
2021-04-04 19:30:07,285 - INFO - Writing overlap_85/4H3M2EDPR2_TK/4H3M2EDPR2_TK.plot.pdf
2021-04-04 19:30:07,285 - INFO - Writing overlap_85/4H3M2EDPR2_TK/4H3M2EDPR2_TK.plot.svg
2021-04-04 19:30:07,323 - INFO - Writing overlap_85/4H3M2EDPR2_TK/4H3M2EDPR2_TK.report.json
