2021-04-03 11:25:44,890 - INFO - Writing log to overlap_80/C72_TK/C72_TK.log
2021-04-03 11:25:44,896 - INFO - References:
 - C72_TK
2021-04-03 11:25:44,896 - INFO - Primary reference for coordinate system: C72_TK
2021-04-03 11:25:44,896 - INFO - Considering primers from all references
2021-04-03 11:25:46,027 - INFO - All done! Scheme created with 2 regions, 0 gaps, 49.05% coverage
2021-04-03 11:25:46,028 - INFO - Writing overlap_80/C72_TK/C72_TK.primer.bed
2021-04-03 11:25:46,028 - INFO - Writing overlap_80/C72_TK/C72_TK.insert.bed
2021-04-03 11:25:46,029 - INFO - Writing overlap_80/C72_TK/C72_TK.primer.tsv
2021-04-03 11:25:46,031 - INFO - Writing overlap_80/C72_TK/C72_TK.reference.fasta
2021-04-03 11:25:46,034 - INFO - Writing overlap_80/C72_TK/C72_TK.plot.pdf
2021-04-03 11:25:46,034 - INFO - Writing overlap_80/C72_TK/C72_TK.plot.svg
2021-04-03 11:25:46,046 - INFO - Writing overlap_80/C72_TK/C72_TK.report.json
2021-04-04 19:16:53,456 - INFO - Writing log to overlap_80/C72_TK/C72_TK.log
2021-04-04 19:16:53,480 - INFO - References:
 - C72_TK
2021-04-04 19:16:53,480 - INFO - Primary reference for coordinate system: C72_TK
2021-04-04 19:16:53,480 - INFO - Considering primers from all references
2021-04-04 19:16:54,744 - INFO - All done! Scheme created with 2 regions, 0 gaps, 49.05% coverage
2021-04-04 19:16:54,744 - INFO - Writing overlap_80/C72_TK/C72_TK.primer.bed
2021-04-04 19:16:54,747 - INFO - Writing overlap_80/C72_TK/C72_TK.insert.bed
2021-04-04 19:16:54,750 - INFO - Writing overlap_80/C72_TK/C72_TK.primer.tsv
2021-04-04 19:16:54,752 - INFO - Writing overlap_80/C72_TK/C72_TK.reference.fasta
2021-04-04 19:16:54,757 - INFO - Writing overlap_80/C72_TK/C72_TK.plot.pdf
2021-04-04 19:16:54,757 - INFO - Writing overlap_80/C72_TK/C72_TK.plot.svg
2021-04-04 19:16:54,774 - INFO - Writing overlap_80/C72_TK/C72_TK.report.json
