2021-04-03 11:34:49,998 - INFO - Writing log to overlap_80/VPE_TK/VPE_TK.log
2021-04-03 11:34:50,004 - INFO - References:
 - VPE_TK
2021-04-03 11:34:50,004 - INFO - Primary reference for coordinate system: VPE_TK
2021-04-03 11:34:50,004 - INFO - Considering primers from all references
2021-04-03 11:35:07,715 - INFO - All done! Scheme created with 19 regions, 7 gaps, 82.77% coverage
2021-04-03 11:35:07,715 - INFO - Writing overlap_80/VPE_TK/VPE_TK.primer.bed
2021-04-03 11:35:07,717 - INFO - Writing overlap_80/VPE_TK/VPE_TK.insert.bed
2021-04-03 11:35:07,717 - INFO - Writing overlap_80/VPE_TK/VPE_TK.primer.tsv
2021-04-03 11:35:07,718 - INFO - Writing overlap_80/VPE_TK/VPE_TK.reference.fasta
2021-04-03 11:35:07,728 - INFO - Writing overlap_80/VPE_TK/VPE_TK.plot.pdf
2021-04-03 11:35:07,728 - INFO - Writing overlap_80/VPE_TK/VPE_TK.plot.svg
2021-04-03 11:35:07,765 - INFO - Writing overlap_80/VPE_TK/VPE_TK.report.json
2021-04-04 19:26:59,038 - INFO - Writing log to overlap_80/VPE_TK/VPE_TK.log
2021-04-04 19:26:59,053 - INFO - References:
 - VPE_TK
2021-04-04 19:26:59,053 - INFO - Primary reference for coordinate system: VPE_TK
2021-04-04 19:26:59,053 - INFO - Considering primers from all references
2021-04-04 19:27:18,891 - INFO - All done! Scheme created with 19 regions, 7 gaps, 82.77% coverage
2021-04-04 19:27:18,891 - INFO - Writing overlap_80/VPE_TK/VPE_TK.primer.bed
2021-04-04 19:27:18,894 - INFO - Writing overlap_80/VPE_TK/VPE_TK.insert.bed
2021-04-04 19:27:18,897 - INFO - Writing overlap_80/VPE_TK/VPE_TK.primer.tsv
2021-04-04 19:27:18,900 - INFO - Writing overlap_80/VPE_TK/VPE_TK.reference.fasta
2021-04-04 19:27:18,912 - INFO - Writing overlap_80/VPE_TK/VPE_TK.plot.pdf
2021-04-04 19:27:18,912 - INFO - Writing overlap_80/VPE_TK/VPE_TK.plot.svg
2021-04-04 19:27:18,955 - INFO - Writing overlap_80/VPE_TK/VPE_TK.report.json
