2021-04-03 11:33:02,069 - INFO - Writing log to overlap_80/SAS1_TK/SAS1_TK.log
2021-04-03 11:33:02,075 - INFO - References:
 - SAS1_TK
2021-04-03 11:33:02,075 - INFO - Primary reference for coordinate system: SAS1_TK
2021-04-03 11:33:02,075 - INFO - Considering primers from all references
2021-04-03 11:33:04,461 - INFO - All done! Scheme created with 4 regions, 1 gap, 56.39% coverage
2021-04-03 11:33:04,461 - INFO - Writing overlap_80/SAS1_TK/SAS1_TK.primer.bed
2021-04-03 11:33:04,462 - INFO - Writing overlap_80/SAS1_TK/SAS1_TK.insert.bed
2021-04-03 11:33:04,463 - INFO - Writing overlap_80/SAS1_TK/SAS1_TK.primer.tsv
2021-04-03 11:33:04,464 - INFO - Writing overlap_80/SAS1_TK/SAS1_TK.reference.fasta
2021-04-03 11:33:04,467 - INFO - Writing overlap_80/SAS1_TK/SAS1_TK.plot.pdf
2021-04-03 11:33:04,467 - INFO - Writing overlap_80/SAS1_TK/SAS1_TK.plot.svg
2021-04-03 11:33:04,497 - INFO - Writing overlap_80/SAS1_TK/SAS1_TK.report.json
2021-04-04 19:24:58,003 - INFO - Writing log to overlap_80/SAS1_TK/SAS1_TK.log
2021-04-04 19:24:58,021 - INFO - References:
 - SAS1_TK
2021-04-04 19:24:58,021 - INFO - Primary reference for coordinate system: SAS1_TK
2021-04-04 19:24:58,021 - INFO - Considering primers from all references
2021-04-04 19:25:00,659 - INFO - All done! Scheme created with 4 regions, 1 gap, 56.39% coverage
2021-04-04 19:25:00,660 - INFO - Writing overlap_80/SAS1_TK/SAS1_TK.primer.bed
2021-04-04 19:25:00,663 - INFO - Writing overlap_80/SAS1_TK/SAS1_TK.insert.bed
2021-04-04 19:25:00,665 - INFO - Writing overlap_80/SAS1_TK/SAS1_TK.primer.tsv
2021-04-04 19:25:00,667 - INFO - Writing overlap_80/SAS1_TK/SAS1_TK.reference.fasta
2021-04-04 19:25:00,673 - INFO - Writing overlap_80/SAS1_TK/SAS1_TK.plot.pdf
2021-04-04 19:25:00,673 - INFO - Writing overlap_80/SAS1_TK/SAS1_TK.plot.svg
2021-04-04 19:25:00,711 - INFO - Writing overlap_80/SAS1_TK/SAS1_TK.report.json
