2021-04-02 20:41:58,333 - INFO - Writing log to overlap_70/CO_TK/CO_TK.log
2021-04-02 20:41:58,361 - INFO - References:
 - CO_TK
2021-04-02 20:41:58,362 - INFO - Primary reference for coordinate system: CO_TK
2021-04-02 20:41:58,362 - INFO - Considering primers from all references
2021-04-02 20:42:02,600 - INFO - All done! Scheme created with 7 regions, 3 gaps, 79.31% coverage
2021-04-02 20:42:02,600 - INFO - Writing overlap_70/CO_TK/CO_TK.primer.bed
2021-04-02 20:42:02,601 - INFO - Writing overlap_70/CO_TK/CO_TK.insert.bed
2021-04-02 20:42:02,602 - INFO - Writing overlap_70/CO_TK/CO_TK.primer.tsv
2021-04-02 20:42:02,603 - INFO - Writing overlap_70/CO_TK/CO_TK.reference.fasta
2021-04-02 20:42:02,608 - INFO - Writing overlap_70/CO_TK/CO_TK.plot.pdf
2021-04-02 20:42:02,608 - INFO - Writing overlap_70/CO_TK/CO_TK.plot.svg
2021-04-02 20:42:02,627 - INFO - Writing overlap_70/CO_TK/CO_TK.report.json
2021-04-03 02:15:04,466 - INFO - Writing log to overlap_70/CO_TK/CO_TK.log
2021-04-03 02:15:04,492 - INFO - References:
 - CO_TK
2021-04-03 02:15:04,492 - INFO - Primary reference for coordinate system: CO_TK
2021-04-03 02:15:04,492 - INFO - Considering primers from all references
2021-04-03 02:15:09,755 - INFO - All done! Scheme created with 7 regions, 3 gaps, 79.31% coverage
2021-04-03 02:15:09,755 - INFO - Writing overlap_70/CO_TK/CO_TK.primer.bed
2021-04-03 02:15:09,759 - INFO - Writing overlap_70/CO_TK/CO_TK.insert.bed
2021-04-03 02:15:09,763 - INFO - Writing overlap_70/CO_TK/CO_TK.primer.tsv
2021-04-03 02:15:09,767 - INFO - Writing overlap_70/CO_TK/CO_TK.reference.fasta
2021-04-03 02:15:09,776 - INFO - Writing overlap_70/CO_TK/CO_TK.plot.pdf
2021-04-03 02:15:09,776 - INFO - Writing overlap_70/CO_TK/CO_TK.plot.svg
2021-04-03 02:15:09,806 - INFO - Writing overlap_70/CO_TK/CO_TK.report.json
2021-04-04 18:47:29,029 - INFO - Writing log to overlap_70/CO_TK/CO_TK.log
2021-04-04 18:47:29,049 - INFO - References:
 - CO_TK
2021-04-04 18:47:29,049 - INFO - Primary reference for coordinate system: CO_TK
2021-04-04 18:47:29,049 - INFO - Considering primers from all references
2021-04-04 18:47:33,940 - INFO - All done! Scheme created with 7 regions, 3 gaps, 79.31% coverage
2021-04-04 18:47:33,940 - INFO - Writing overlap_70/CO_TK/CO_TK.primer.bed
2021-04-04 18:47:33,943 - INFO - Writing overlap_70/CO_TK/CO_TK.insert.bed
2021-04-04 18:47:33,945 - INFO - Writing overlap_70/CO_TK/CO_TK.primer.tsv
2021-04-04 18:47:33,947 - INFO - Writing overlap_70/CO_TK/CO_TK.reference.fasta
2021-04-04 18:47:33,954 - INFO - Writing overlap_70/CO_TK/CO_TK.plot.pdf
2021-04-04 18:47:33,954 - INFO - Writing overlap_70/CO_TK/CO_TK.plot.svg
2021-04-04 18:47:33,979 - INFO - Writing overlap_70/CO_TK/CO_TK.report.json
