2021-04-03 00:49:28,732 - INFO - Writing log to overlap_45/4H3M2EDPR2_TK/4H3M2EDPR2_TK.log
2021-04-03 00:49:28,740 - INFO - References:
 - 4H3M2EDPR2_TK
2021-04-03 00:49:28,740 - INFO - Primary reference for coordinate system: 4H3M2EDPR2_TK
2021-04-03 00:49:28,740 - INFO - Considering primers from all references
2021-04-03 00:49:32,035 - INFO - All done! Scheme created with 4 regions, 1 gap, 57.8% coverage
2021-04-03 00:49:32,035 - INFO - Writing overlap_45/4H3M2EDPR2_TK/4H3M2EDPR2_TK.primer.bed
2021-04-03 00:49:32,037 - INFO - Writing overlap_45/4H3M2EDPR2_TK/4H3M2EDPR2_TK.insert.bed
2021-04-03 00:49:32,038 - INFO - Writing overlap_45/4H3M2EDPR2_TK/4H3M2EDPR2_TK.primer.tsv
2021-04-03 00:49:32,039 - INFO - Writing overlap_45/4H3M2EDPR2_TK/4H3M2EDPR2_TK.reference.fasta
2021-04-03 00:49:32,044 - INFO - Writing overlap_45/4H3M2EDPR2_TK/4H3M2EDPR2_TK.plot.pdf
2021-04-03 00:49:32,044 - INFO - Writing overlap_45/4H3M2EDPR2_TK/4H3M2EDPR2_TK.plot.svg
2021-04-03 00:49:32,094 - INFO - Writing overlap_45/4H3M2EDPR2_TK/4H3M2EDPR2_TK.report.json
2021-04-04 17:30:08,906 - INFO - Writing log to overlap_45/4H3M2EDPR2_TK/4H3M2EDPR2_TK.log
2021-04-04 17:30:08,928 - INFO - References:
 - 4H3M2EDPR2_TK
2021-04-04 17:30:08,928 - INFO - Primary reference for coordinate system: 4H3M2EDPR2_TK
2021-04-04 17:30:08,928 - INFO - Considering primers from all references
2021-04-04 17:30:11,866 - INFO - All done! Scheme created with 4 regions, 1 gap, 57.8% coverage
2021-04-04 17:30:11,866 - INFO - Writing overlap_45/4H3M2EDPR2_TK/4H3M2EDPR2_TK.primer.bed
2021-04-04 17:30:11,872 - INFO - Writing overlap_45/4H3M2EDPR2_TK/4H3M2EDPR2_TK.insert.bed
2021-04-04 17:30:11,876 - INFO - Writing overlap_45/4H3M2EDPR2_TK/4H3M2EDPR2_TK.primer.tsv
2021-04-04 17:30:11,880 - INFO - Writing overlap_45/4H3M2EDPR2_TK/4H3M2EDPR2_TK.reference.fasta
2021-04-04 17:30:11,888 - INFO - Writing overlap_45/4H3M2EDPR2_TK/4H3M2EDPR2_TK.plot.pdf
2021-04-04 17:30:11,888 - INFO - Writing overlap_45/4H3M2EDPR2_TK/4H3M2EDPR2_TK.plot.svg
2021-04-04 17:30:11,930 - INFO - Writing overlap_45/4H3M2EDPR2_TK/4H3M2EDPR2_TK.report.json
