2021-04-03 01:52:45,201 - INFO - Writing log to overlap_60/VPE_TK/VPE_TK.log
2021-04-03 01:52:45,210 - INFO - References:
 - VPE_TK
2021-04-03 01:52:45,210 - INFO - Primary reference for coordinate system: VPE_TK
2021-04-03 01:52:45,210 - INFO - Considering primers from all references
2021-04-03 01:53:06,852 - INFO - All done! Scheme created with 19 regions, 7 gaps, 82.77% coverage
2021-04-03 01:53:06,853 - INFO - Writing overlap_60/VPE_TK/VPE_TK.primer.bed
2021-04-03 01:53:06,854 - INFO - Writing overlap_60/VPE_TK/VPE_TK.insert.bed
2021-04-03 01:53:06,855 - INFO - Writing overlap_60/VPE_TK/VPE_TK.primer.tsv
2021-04-03 01:53:06,856 - INFO - Writing overlap_60/VPE_TK/VPE_TK.reference.fasta
2021-04-03 01:53:06,867 - INFO - Writing overlap_60/VPE_TK/VPE_TK.plot.pdf
2021-04-03 01:53:06,867 - INFO - Writing overlap_60/VPE_TK/VPE_TK.plot.svg
2021-04-03 01:53:06,913 - INFO - Writing overlap_60/VPE_TK/VPE_TK.report.json
2021-04-04 18:27:08,495 - INFO - Writing log to overlap_60/VPE_TK/VPE_TK.log
2021-04-04 18:27:08,522 - INFO - References:
 - VPE_TK
2021-04-04 18:27:08,522 - INFO - Primary reference for coordinate system: VPE_TK
2021-04-04 18:27:08,522 - INFO - Considering primers from all references
2021-04-04 18:27:28,330 - INFO - All done! Scheme created with 19 regions, 7 gaps, 82.77% coverage
2021-04-04 18:27:28,330 - INFO - Writing overlap_60/VPE_TK/VPE_TK.primer.bed
2021-04-04 18:27:28,333 - INFO - Writing overlap_60/VPE_TK/VPE_TK.insert.bed
2021-04-04 18:27:28,335 - INFO - Writing overlap_60/VPE_TK/VPE_TK.primer.tsv
2021-04-04 18:27:28,338 - INFO - Writing overlap_60/VPE_TK/VPE_TK.reference.fasta
2021-04-04 18:27:28,350 - INFO - Writing overlap_60/VPE_TK/VPE_TK.plot.pdf
2021-04-04 18:27:28,350 - INFO - Writing overlap_60/VPE_TK/VPE_TK.plot.svg
2021-04-04 18:27:28,393 - INFO - Writing overlap_60/VPE_TK/VPE_TK.report.json
