2021-04-03 11:34:05,619 - INFO - Writing log to overlap_80/SQS2_TK/SQS2_TK.log
2021-04-03 11:34:05,625 - INFO - References:
 - SQS2_TK
2021-04-03 11:34:05,625 - INFO - Primary reference for coordinate system: SQS2_TK
2021-04-03 11:34:05,625 - INFO - Considering primers from all references
2021-04-03 11:34:14,835 - INFO - All done! Scheme created with 14 regions, 2 gaps, 88.8% coverage
2021-04-03 11:34:14,835 - INFO - Writing overlap_80/SQS2_TK/SQS2_TK.primer.bed
2021-04-03 11:34:14,836 - INFO - Writing overlap_80/SQS2_TK/SQS2_TK.insert.bed
2021-04-03 11:34:14,837 - INFO - Writing overlap_80/SQS2_TK/SQS2_TK.primer.tsv
2021-04-03 11:34:14,837 - INFO - Writing overlap_80/SQS2_TK/SQS2_TK.reference.fasta
2021-04-03 11:34:14,845 - INFO - Writing overlap_80/SQS2_TK/SQS2_TK.plot.pdf
2021-04-03 11:34:14,845 - INFO - Writing overlap_80/SQS2_TK/SQS2_TK.plot.svg
2021-04-03 11:34:14,874 - INFO - Writing overlap_80/SQS2_TK/SQS2_TK.report.json
2021-04-04 19:26:09,163 - INFO - Writing log to overlap_80/SQS2_TK/SQS2_TK.log
2021-04-04 19:26:09,192 - INFO - References:
 - SQS2_TK
2021-04-04 19:26:09,193 - INFO - Primary reference for coordinate system: SQS2_TK
2021-04-04 19:26:09,193 - INFO - Considering primers from all references
2021-04-04 19:26:19,464 - INFO - All done! Scheme created with 14 regions, 2 gaps, 88.8% coverage
2021-04-04 19:26:19,464 - INFO - Writing overlap_80/SQS2_TK/SQS2_TK.primer.bed
2021-04-04 19:26:19,467 - INFO - Writing overlap_80/SQS2_TK/SQS2_TK.insert.bed
2021-04-04 19:26:19,470 - INFO - Writing overlap_80/SQS2_TK/SQS2_TK.primer.tsv
2021-04-04 19:26:19,472 - INFO - Writing overlap_80/SQS2_TK/SQS2_TK.reference.fasta
2021-04-04 19:26:19,482 - INFO - Writing overlap_80/SQS2_TK/SQS2_TK.plot.pdf
2021-04-04 19:26:19,482 - INFO - Writing overlap_80/SQS2_TK/SQS2_TK.plot.svg
2021-04-04 19:26:19,519 - INFO - Writing overlap_80/SQS2_TK/SQS2_TK.report.json
