2020-12-01 05:22:33,290 - INFO - Writing log to overlap_65/1_SST_TK/1_SST_TK.log
2020-12-01 05:22:33,327 - INFO - References:
 - 1_SST_TK
2020-12-01 05:22:33,327 - INFO - Primary reference for coordinate system: 1_SST_TK
2020-12-01 05:22:33,327 - INFO - Considering primers from all references
2020-12-01 05:22:35,478 - INFO - All done! Scheme created with 26 regions, 12 gaps, 76.27% coverage
2020-12-01 05:22:35,479 - INFO - Writing overlap_65/1_SST_TK/1_SST_TK.primer.bed
2020-12-01 05:22:35,480 - INFO - Writing overlap_65/1_SST_TK/1_SST_TK.insert.bed
2020-12-01 05:22:35,481 - INFO - Writing overlap_65/1_SST_TK/1_SST_TK.primer.tsv
2020-12-01 05:22:35,482 - INFO - Writing overlap_65/1_SST_TK/1_SST_TK.reference.fasta
2020-12-01 05:22:35,494 - INFO - Writing overlap_65/1_SST_TK/1_SST_TK.plot.pdf
2020-12-01 05:22:35,494 - INFO - Writing overlap_65/1_SST_TK/1_SST_TK.plot.svg
2020-12-01 05:22:35,539 - INFO - Writing overlap_65/1_SST_TK/1_SST_TK.report.json
2021-04-03 01:54:28,279 - INFO - Writing log to overlap_65/1_SST_TK/1_SST_TK.log
2021-04-03 01:54:28,302 - INFO - References:
 - 1_SST_TK
2021-04-03 01:54:28,303 - INFO - Primary reference for coordinate system: 1_SST_TK
2021-04-03 01:54:28,303 - INFO - Considering primers from all references
2021-04-03 01:54:47,075 - INFO - All done! Scheme created with 15 regions, 5 gaps, 84.93% coverage
2021-04-03 01:54:47,076 - INFO - Writing overlap_65/1_SST_TK/1_SST_TK.primer.bed
2021-04-03 01:54:47,079 - INFO - Writing overlap_65/1_SST_TK/1_SST_TK.insert.bed
2021-04-03 01:54:47,084 - INFO - Writing overlap_65/1_SST_TK/1_SST_TK.primer.tsv
2021-04-03 01:54:47,087 - INFO - Writing overlap_65/1_SST_TK/1_SST_TK.reference.fasta
2021-04-03 01:54:47,182 - INFO - Writing overlap_65/1_SST_TK/1_SST_TK.plot.pdf
2021-04-03 01:54:47,183 - INFO - Writing overlap_65/1_SST_TK/1_SST_TK.plot.svg
2021-04-03 01:54:47,229 - INFO - Writing overlap_65/1_SST_TK/1_SST_TK.report.json
