2021-04-03 00:53:00,959 - INFO - Writing log to overlap_45/DREB_TK/DREB_TK.log
2021-04-03 00:53:00,968 - INFO - References:
 - DREB_TK
2021-04-03 00:53:00,968 - INFO - Primary reference for coordinate system: DREB_TK
2021-04-03 00:53:00,968 - INFO - Considering primers from all references
2021-04-03 00:53:04,481 - INFO - All done! Scheme created with 5 regions, 2 gaps, 76.74% coverage
2021-04-03 00:53:04,481 - INFO - Writing overlap_45/DREB_TK/DREB_TK.primer.bed
2021-04-03 00:53:04,482 - INFO - Writing overlap_45/DREB_TK/DREB_TK.insert.bed
2021-04-03 00:53:04,484 - INFO - Writing overlap_45/DREB_TK/DREB_TK.primer.tsv
2021-04-03 00:53:04,485 - INFO - Writing overlap_45/DREB_TK/DREB_TK.reference.fasta
2021-04-03 00:53:04,490 - INFO - Writing overlap_45/DREB_TK/DREB_TK.plot.pdf
2021-04-03 00:53:04,490 - INFO - Writing overlap_45/DREB_TK/DREB_TK.plot.svg
2021-04-03 00:53:04,511 - INFO - Writing overlap_45/DREB_TK/DREB_TK.report.json
2021-04-04 17:33:20,943 - INFO - Writing log to overlap_45/DREB_TK/DREB_TK.log
2021-04-04 17:33:20,962 - INFO - References:
 - DREB_TK
2021-04-04 17:33:20,962 - INFO - Primary reference for coordinate system: DREB_TK
2021-04-04 17:33:20,962 - INFO - Considering primers from all references
2021-04-04 17:33:24,230 - INFO - All done! Scheme created with 5 regions, 2 gaps, 76.74% coverage
2021-04-04 17:33:24,230 - INFO - Writing overlap_45/DREB_TK/DREB_TK.primer.bed
2021-04-04 17:33:24,234 - INFO - Writing overlap_45/DREB_TK/DREB_TK.insert.bed
2021-04-04 17:33:24,238 - INFO - Writing overlap_45/DREB_TK/DREB_TK.primer.tsv
2021-04-04 17:33:24,242 - INFO - Writing overlap_45/DREB_TK/DREB_TK.reference.fasta
2021-04-04 17:33:24,253 - INFO - Writing overlap_45/DREB_TK/DREB_TK.plot.pdf
2021-04-04 17:33:24,253 - INFO - Writing overlap_45/DREB_TK/DREB_TK.plot.svg
2021-04-04 17:33:24,278 - INFO - Writing overlap_45/DREB_TK/DREB_TK.report.json
