2020-12-01 05:22:27,950 - INFO - Writing log to overlap_65/1_FEH_TK/1_FEH_TK.log
2020-12-01 05:22:27,955 - INFO - References:
 - 1_FEH_TK
2020-12-01 05:22:27,955 - INFO - Primary reference for coordinate system: 1_FEH_TK
2020-12-01 05:22:27,955 - INFO - Considering primers from all references
2020-12-01 05:22:30,007 - INFO - All done! Scheme created with 19 regions, 9 gaps, 64.97% coverage
2020-12-01 05:22:30,007 - INFO - Writing overlap_65/1_FEH_TK/1_FEH_TK.primer.bed
2020-12-01 05:22:30,008 - INFO - Writing overlap_65/1_FEH_TK/1_FEH_TK.insert.bed
2020-12-01 05:22:30,009 - INFO - Writing overlap_65/1_FEH_TK/1_FEH_TK.primer.tsv
2020-12-01 05:22:30,009 - INFO - Writing overlap_65/1_FEH_TK/1_FEH_TK.reference.fasta
2020-12-01 05:22:30,019 - INFO - Writing overlap_65/1_FEH_TK/1_FEH_TK.plot.pdf
2020-12-01 05:22:30,019 - INFO - Writing overlap_65/1_FEH_TK/1_FEH_TK.plot.svg
2020-12-01 05:22:30,053 - INFO - Writing overlap_65/1_FEH_TK/1_FEH_TK.report.json
2021-04-03 01:54:01,740 - INFO - Writing log to overlap_65/1_FEH_TK/1_FEH_TK.log
2021-04-03 01:54:01,806 - INFO - References:
 - 1_FEH_TK
2021-04-03 01:54:01,806 - INFO - Primary reference for coordinate system: 1_FEH_TK
2021-04-03 01:54:01,806 - INFO - Considering primers from all references
2021-04-03 01:54:13,008 - INFO - All done! Scheme created with 14 regions, 6 gaps, 78.17% coverage
2021-04-03 01:54:13,008 - INFO - Writing overlap_65/1_FEH_TK/1_FEH_TK.primer.bed
2021-04-03 01:54:13,012 - INFO - Writing overlap_65/1_FEH_TK/1_FEH_TK.insert.bed
2021-04-03 01:54:13,016 - INFO - Writing overlap_65/1_FEH_TK/1_FEH_TK.primer.tsv
2021-04-03 01:54:13,020 - INFO - Writing overlap_65/1_FEH_TK/1_FEH_TK.reference.fasta
2021-04-03 01:54:13,032 - INFO - Writing overlap_65/1_FEH_TK/1_FEH_TK.plot.pdf
2021-04-03 01:54:13,033 - INFO - Writing overlap_65/1_FEH_TK/1_FEH_TK.plot.svg
2021-04-03 01:54:13,076 - INFO - Writing overlap_65/1_FEH_TK/1_FEH_TK.report.json
