2021-04-03 01:45:54,353 - INFO - Writing log to overlap_60/MK1_TK/MK1_TK.log
2021-04-03 01:45:54,361 - INFO - References:
 - MK1_TK
2021-04-03 01:45:54,361 - INFO - Primary reference for coordinate system: MK1_TK
2021-04-03 01:45:54,361 - INFO - Considering primers from all references
2021-04-03 01:46:03,972 - INFO - All done! Scheme created with 12 regions, 4 gaps, 83.37% coverage
2021-04-03 01:46:03,972 - INFO - Writing overlap_60/MK1_TK/MK1_TK.primer.bed
2021-04-03 01:46:03,973 - INFO - Writing overlap_60/MK1_TK/MK1_TK.insert.bed
2021-04-03 01:46:03,974 - INFO - Writing overlap_60/MK1_TK/MK1_TK.primer.tsv
2021-04-03 01:46:03,975 - INFO - Writing overlap_60/MK1_TK/MK1_TK.reference.fasta
2021-04-03 01:46:03,983 - INFO - Writing overlap_60/MK1_TK/MK1_TK.plot.pdf
2021-04-03 01:46:03,983 - INFO - Writing overlap_60/MK1_TK/MK1_TK.plot.svg
2021-04-03 01:46:04,016 - INFO - Writing overlap_60/MK1_TK/MK1_TK.report.json
2021-04-04 18:21:00,722 - INFO - Writing log to overlap_60/MK1_TK/MK1_TK.log
2021-04-04 18:21:00,737 - INFO - References:
 - MK1_TK
2021-04-04 18:21:00,737 - INFO - Primary reference for coordinate system: MK1_TK
2021-04-04 18:21:00,737 - INFO - Considering primers from all references
2021-04-04 18:21:09,374 - INFO - All done! Scheme created with 12 regions, 4 gaps, 83.37% coverage
2021-04-04 18:21:09,374 - INFO - Writing overlap_60/MK1_TK/MK1_TK.primer.bed
2021-04-04 18:21:09,377 - INFO - Writing overlap_60/MK1_TK/MK1_TK.insert.bed
2021-04-04 18:21:09,379 - INFO - Writing overlap_60/MK1_TK/MK1_TK.primer.tsv
2021-04-04 18:21:09,382 - INFO - Writing overlap_60/MK1_TK/MK1_TK.reference.fasta
2021-04-04 18:21:09,391 - INFO - Writing overlap_60/MK1_TK/MK1_TK.plot.pdf
2021-04-04 18:21:09,391 - INFO - Writing overlap_60/MK1_TK/MK1_TK.plot.svg
2021-04-04 18:21:09,425 - INFO - Writing overlap_60/MK1_TK/MK1_TK.report.json
