2021-04-03 00:51:40,331 - INFO - Writing log to overlap_45/cluster_4H3M2EDPR_TK/cluster_4H3M2EDPR_TK.log
2021-04-03 00:51:40,340 - INFO - References:
 - 4H3M2EDPR1_TK
 - 4H3M2EDPR3_TK
2021-04-03 00:51:40,340 - INFO - Primary reference for coordinate system: 4H3M2EDPR1_TK
2021-04-03 00:51:40,340 - INFO - Considering primers from all references
2021-04-03 00:51:50,303 - INFO - All done! Scheme created with 11 regions, 4 gaps, 73.82% coverage
2021-04-03 00:51:50,303 - INFO - Writing overlap_45/cluster_4H3M2EDPR_TK/cluster_4H3M2EDPR_TK.primer.bed
2021-04-03 00:51:50,305 - INFO - Writing overlap_45/cluster_4H3M2EDPR_TK/cluster_4H3M2EDPR_TK.insert.bed
2021-04-03 00:51:50,306 - INFO - Writing overlap_45/cluster_4H3M2EDPR_TK/cluster_4H3M2EDPR_TK.primer.tsv
2021-04-03 00:51:50,307 - INFO - Writing overlap_45/cluster_4H3M2EDPR_TK/cluster_4H3M2EDPR_TK.reference.fasta
2021-04-03 00:51:50,315 - INFO - Writing overlap_45/cluster_4H3M2EDPR_TK/cluster_4H3M2EDPR_TK.plot.pdf
2021-04-03 00:51:50,315 - INFO - Writing overlap_45/cluster_4H3M2EDPR_TK/cluster_4H3M2EDPR_TK.plot.svg
2021-04-03 00:51:50,348 - INFO - Writing overlap_45/cluster_4H3M2EDPR_TK/cluster_4H3M2EDPR_TK.report.json
2021-04-04 17:32:07,822 - INFO - Writing log to overlap_45/cluster_4H3M2EDPR_TK/cluster_4H3M2EDPR_TK.log
2021-04-04 17:32:07,857 - INFO - References:
 - 4H3M2EDPR1_TK
 - 4H3M2EDPR3_TK
2021-04-04 17:32:07,857 - INFO - Primary reference for coordinate system: 4H3M2EDPR1_TK
2021-04-04 17:32:07,857 - INFO - Considering primers from all references
2021-04-04 17:32:16,823 - INFO - All done! Scheme created with 11 regions, 4 gaps, 73.82% coverage
2021-04-04 17:32:16,823 - INFO - Writing overlap_45/cluster_4H3M2EDPR_TK/cluster_4H3M2EDPR_TK.primer.bed
2021-04-04 17:32:16,827 - INFO - Writing overlap_45/cluster_4H3M2EDPR_TK/cluster_4H3M2EDPR_TK.insert.bed
2021-04-04 17:32:16,830 - INFO - Writing overlap_45/cluster_4H3M2EDPR_TK/cluster_4H3M2EDPR_TK.primer.tsv
2021-04-04 17:32:16,833 - INFO - Writing overlap_45/cluster_4H3M2EDPR_TK/cluster_4H3M2EDPR_TK.reference.fasta
2021-04-04 17:32:16,843 - INFO - Writing overlap_45/cluster_4H3M2EDPR_TK/cluster_4H3M2EDPR_TK.plot.pdf
2021-04-04 17:32:16,843 - INFO - Writing overlap_45/cluster_4H3M2EDPR_TK/cluster_4H3M2EDPR_TK.plot.svg
2021-04-04 17:32:16,876 - INFO - Writing overlap_45/cluster_4H3M2EDPR_TK/cluster_4H3M2EDPR_TK.report.json
