2021-04-03 11:26:40,575 - INFO - Writing log to overlap_80/CYP716D60_TK/CYP716D60_TK.log
2021-04-03 11:26:40,581 - INFO - References:
 - CYP716D60_TK
2021-04-03 11:26:40,581 - INFO - Primary reference for coordinate system: CYP716D60_TK
2021-04-03 11:26:40,581 - INFO - Considering primers from all references
2021-04-03 11:26:51,615 - INFO - All done! Scheme created with 13 regions, 4 gaps, 84.99% coverage
2021-04-03 11:26:51,615 - INFO - Writing overlap_80/CYP716D60_TK/CYP716D60_TK.primer.bed
2021-04-03 11:26:51,616 - INFO - Writing overlap_80/CYP716D60_TK/CYP716D60_TK.insert.bed
2021-04-03 11:26:51,616 - INFO - Writing overlap_80/CYP716D60_TK/CYP716D60_TK.primer.tsv
2021-04-03 11:26:51,617 - INFO - Writing overlap_80/CYP716D60_TK/CYP716D60_TK.reference.fasta
2021-04-03 11:26:51,624 - INFO - Writing overlap_80/CYP716D60_TK/CYP716D60_TK.plot.pdf
2021-04-03 11:26:51,624 - INFO - Writing overlap_80/CYP716D60_TK/CYP716D60_TK.plot.svg
2021-04-03 11:26:51,653 - INFO - Writing overlap_80/CYP716D60_TK/CYP716D60_TK.report.json
2021-04-04 19:17:55,067 - INFO - Writing log to overlap_80/CYP716D60_TK/CYP716D60_TK.log
2021-04-04 19:17:55,088 - INFO - References:
 - CYP716D60_TK
2021-04-04 19:17:55,088 - INFO - Primary reference for coordinate system: CYP716D60_TK
2021-04-04 19:17:55,088 - INFO - Considering primers from all references
2021-04-04 19:18:07,350 - INFO - All done! Scheme created with 13 regions, 4 gaps, 84.99% coverage
2021-04-04 19:18:07,350 - INFO - Writing overlap_80/CYP716D60_TK/CYP716D60_TK.primer.bed
2021-04-04 19:18:07,354 - INFO - Writing overlap_80/CYP716D60_TK/CYP716D60_TK.insert.bed
2021-04-04 19:18:07,356 - INFO - Writing overlap_80/CYP716D60_TK/CYP716D60_TK.primer.tsv
2021-04-04 19:18:07,359 - INFO - Writing overlap_80/CYP716D60_TK/CYP716D60_TK.reference.fasta
2021-04-04 19:18:07,369 - INFO - Writing overlap_80/CYP716D60_TK/CYP716D60_TK.plot.pdf
2021-04-04 19:18:07,369 - INFO - Writing overlap_80/CYP716D60_TK/CYP716D60_TK.plot.svg
2021-04-04 19:18:07,404 - INFO - Writing overlap_80/CYP716D60_TK/CYP716D60_TK.report.json
