2021-04-03 00:45:38,765 - INFO - Writing log to overlap_40/SRPP6_TK/SRPP6_TK.log
2021-04-03 00:45:38,790 - INFO - References:
 - SRPP6_TK
2021-04-03 00:45:38,790 - INFO - Primary reference for coordinate system: SRPP6_TK
2021-04-03 00:45:38,790 - INFO - Considering primers from all references
2021-04-03 00:45:41,734 - INFO - All done! Scheme created with 4 regions, 1 gap, 61.05% coverage
2021-04-03 00:45:41,735 - INFO - Writing overlap_40/SRPP6_TK/SRPP6_TK.primer.bed
2021-04-03 00:45:41,736 - INFO - Writing overlap_40/SRPP6_TK/SRPP6_TK.insert.bed
2021-04-03 00:45:41,737 - INFO - Writing overlap_40/SRPP6_TK/SRPP6_TK.primer.tsv
2021-04-03 00:45:41,738 - INFO - Writing overlap_40/SRPP6_TK/SRPP6_TK.reference.fasta
2021-04-03 00:45:41,743 - INFO - Writing overlap_40/SRPP6_TK/SRPP6_TK.plot.pdf
2021-04-03 00:45:41,743 - INFO - Writing overlap_40/SRPP6_TK/SRPP6_TK.plot.svg
2021-04-03 00:45:41,798 - INFO - Writing overlap_40/SRPP6_TK/SRPP6_TK.report.json
2021-04-04 17:26:40,448 - INFO - Writing log to overlap_40/SRPP6_TK/SRPP6_TK.log
2021-04-04 17:26:40,481 - INFO - References:
 - SRPP6_TK
2021-04-04 17:26:40,481 - INFO - Primary reference for coordinate system: SRPP6_TK
2021-04-04 17:26:40,481 - INFO - Considering primers from all references
2021-04-04 17:26:43,171 - INFO - All done! Scheme created with 4 regions, 1 gap, 61.05% coverage
2021-04-04 17:26:43,171 - INFO - Writing overlap_40/SRPP6_TK/SRPP6_TK.primer.bed
2021-04-04 17:26:43,175 - INFO - Writing overlap_40/SRPP6_TK/SRPP6_TK.insert.bed
2021-04-04 17:26:43,178 - INFO - Writing overlap_40/SRPP6_TK/SRPP6_TK.primer.tsv
2021-04-04 17:26:43,181 - INFO - Writing overlap_40/SRPP6_TK/SRPP6_TK.reference.fasta
2021-04-04 17:26:43,187 - INFO - Writing overlap_40/SRPP6_TK/SRPP6_TK.plot.pdf
2021-04-04 17:26:43,187 - INFO - Writing overlap_40/SRPP6_TK/SRPP6_TK.plot.svg
2021-04-04 17:26:43,230 - INFO - Writing overlap_40/SRPP6_TK/SRPP6_TK.report.json
