2021-04-03 11:33:54,607 - INFO - Writing log to overlap_80/SQS1_TK/SQS1_TK.log
2021-04-03 11:33:54,613 - INFO - References:
 - SQS1_TK
2021-04-03 11:33:54,613 - INFO - Primary reference for coordinate system: SQS1_TK
2021-04-03 11:33:54,613 - INFO - Considering primers from all references
2021-04-03 11:34:05,134 - INFO - All done! Scheme created with 16 regions, 3 gaps, 88.1% coverage
2021-04-03 11:34:05,134 - INFO - Writing overlap_80/SQS1_TK/SQS1_TK.primer.bed
2021-04-03 11:34:05,135 - INFO - Writing overlap_80/SQS1_TK/SQS1_TK.insert.bed
2021-04-03 11:34:05,135 - INFO - Writing overlap_80/SQS1_TK/SQS1_TK.primer.tsv
2021-04-03 11:34:05,136 - INFO - Writing overlap_80/SQS1_TK/SQS1_TK.reference.fasta
2021-04-03 11:34:05,144 - INFO - Writing overlap_80/SQS1_TK/SQS1_TK.plot.pdf
2021-04-03 11:34:05,144 - INFO - Writing overlap_80/SQS1_TK/SQS1_TK.plot.svg
2021-04-03 11:34:05,177 - INFO - Writing overlap_80/SQS1_TK/SQS1_TK.report.json
2021-04-04 19:25:56,490 - INFO - Writing log to overlap_80/SQS1_TK/SQS1_TK.log
2021-04-04 19:25:56,521 - INFO - References:
 - SQS1_TK
2021-04-04 19:25:56,521 - INFO - Primary reference for coordinate system: SQS1_TK
2021-04-04 19:25:56,521 - INFO - Considering primers from all references
2021-04-04 19:26:08,199 - INFO - All done! Scheme created with 16 regions, 3 gaps, 88.1% coverage
2021-04-04 19:26:08,200 - INFO - Writing overlap_80/SQS1_TK/SQS1_TK.primer.bed
2021-04-04 19:26:08,203 - INFO - Writing overlap_80/SQS1_TK/SQS1_TK.insert.bed
2021-04-04 19:26:08,205 - INFO - Writing overlap_80/SQS1_TK/SQS1_TK.primer.tsv
2021-04-04 19:26:08,208 - INFO - Writing overlap_80/SQS1_TK/SQS1_TK.reference.fasta
2021-04-04 19:26:08,219 - INFO - Writing overlap_80/SQS1_TK/SQS1_TK.plot.pdf
2021-04-04 19:26:08,219 - INFO - Writing overlap_80/SQS1_TK/SQS1_TK.plot.svg
2021-04-04 19:26:08,258 - INFO - Writing overlap_80/SQS1_TK/SQS1_TK.report.json
