2021-04-03 01:06:50,124 - INFO - Writing log to overlap_50/ACT1_TK/ACT1_TK.log
2021-04-03 01:06:50,133 - INFO - References:
 - ACT1_TK
2021-04-03 01:06:50,133 - INFO - Primary reference for coordinate system: ACT1_TK
2021-04-03 01:06:50,133 - INFO - Considering primers from all references
2021-04-03 01:06:54,549 - INFO - All done! Scheme created with 6 regions, 2 gaps, 70.55% coverage
2021-04-03 01:06:54,550 - INFO - Writing overlap_50/ACT1_TK/ACT1_TK.primer.bed
2021-04-03 01:06:54,551 - INFO - Writing overlap_50/ACT1_TK/ACT1_TK.insert.bed
2021-04-03 01:06:54,551 - INFO - Writing overlap_50/ACT1_TK/ACT1_TK.primer.tsv
2021-04-03 01:06:54,552 - INFO - Writing overlap_50/ACT1_TK/ACT1_TK.reference.fasta
2021-04-03 01:06:54,557 - INFO - Writing overlap_50/ACT1_TK/ACT1_TK.plot.pdf
2021-04-03 01:06:54,557 - INFO - Writing overlap_50/ACT1_TK/ACT1_TK.plot.svg
2021-04-03 01:06:54,580 - INFO - Writing overlap_50/ACT1_TK/ACT1_TK.report.json
2021-04-04 17:45:59,139 - INFO - Writing log to overlap_50/ACT1_TK/ACT1_TK.log
2021-04-04 17:45:59,189 - INFO - References:
 - ACT1_TK
2021-04-04 17:45:59,189 - INFO - Primary reference for coordinate system: ACT1_TK
2021-04-04 17:45:59,189 - INFO - Considering primers from all references
2021-04-04 17:46:03,265 - INFO - All done! Scheme created with 6 regions, 2 gaps, 70.55% coverage
2021-04-04 17:46:03,266 - INFO - Writing overlap_50/ACT1_TK/ACT1_TK.primer.bed
2021-04-04 17:46:03,269 - INFO - Writing overlap_50/ACT1_TK/ACT1_TK.insert.bed
2021-04-04 17:46:03,271 - INFO - Writing overlap_50/ACT1_TK/ACT1_TK.primer.tsv
2021-04-04 17:46:03,273 - INFO - Writing overlap_50/ACT1_TK/ACT1_TK.reference.fasta
2021-04-04 17:46:03,280 - INFO - Writing overlap_50/ACT1_TK/ACT1_TK.plot.pdf
2021-04-04 17:46:03,280 - INFO - Writing overlap_50/ACT1_TK/ACT1_TK.plot.svg
2021-04-04 17:46:03,303 - INFO - Writing overlap_50/ACT1_TK/ACT1_TK.report.json
