2021-04-03 00:45:51,626 - INFO - Writing log to overlap_40/SYP124_TK/SYP124_TK.log
2021-04-03 00:45:51,648 - INFO - References:
 - SYP124_TK
2021-04-03 00:45:51,648 - INFO - Primary reference for coordinate system: SYP124_TK
2021-04-03 00:45:51,648 - INFO - Considering primers from all references
2021-04-03 00:45:54,563 - INFO - All done! Scheme created with 4 regions, 0 gaps, 62.41% coverage
2021-04-03 00:45:54,563 - INFO - Writing overlap_40/SYP124_TK/SYP124_TK.primer.bed
2021-04-03 00:45:54,565 - INFO - Writing overlap_40/SYP124_TK/SYP124_TK.insert.bed
2021-04-03 00:45:54,566 - INFO - Writing overlap_40/SYP124_TK/SYP124_TK.primer.tsv
2021-04-03 00:45:54,567 - INFO - Writing overlap_40/SYP124_TK/SYP124_TK.reference.fasta
2021-04-03 00:45:54,572 - INFO - Writing overlap_40/SYP124_TK/SYP124_TK.plot.pdf
2021-04-03 00:45:54,572 - INFO - Writing overlap_40/SYP124_TK/SYP124_TK.plot.svg
2021-04-03 00:45:54,632 - INFO - Writing overlap_40/SYP124_TK/SYP124_TK.report.json
2021-04-04 17:26:52,103 - INFO - Writing log to overlap_40/SYP124_TK/SYP124_TK.log
2021-04-04 17:26:52,131 - INFO - References:
 - SYP124_TK
2021-04-04 17:26:52,131 - INFO - Primary reference for coordinate system: SYP124_TK
2021-04-04 17:26:52,131 - INFO - Considering primers from all references
2021-04-04 17:26:54,808 - INFO - All done! Scheme created with 4 regions, 0 gaps, 62.41% coverage
2021-04-04 17:26:54,808 - INFO - Writing overlap_40/SYP124_TK/SYP124_TK.primer.bed
2021-04-04 17:26:54,812 - INFO - Writing overlap_40/SYP124_TK/SYP124_TK.insert.bed
2021-04-04 17:26:54,815 - INFO - Writing overlap_40/SYP124_TK/SYP124_TK.primer.tsv
2021-04-04 17:26:54,818 - INFO - Writing overlap_40/SYP124_TK/SYP124_TK.reference.fasta
2021-04-04 17:26:54,824 - INFO - Writing overlap_40/SYP124_TK/SYP124_TK.plot.pdf
2021-04-04 17:26:54,825 - INFO - Writing overlap_40/SYP124_TK/SYP124_TK.plot.svg
2021-04-04 17:26:54,867 - INFO - Writing overlap_40/SYP124_TK/SYP124_TK.report.json
