2020-12-01 05:22:42,990 - INFO - Writing log to overlap_65/CPT2_TK/CPT2_TK.log
2020-12-01 05:22:42,995 - INFO - References:
 - CPT2_TK
2020-12-01 05:22:42,995 - INFO - Primary reference for coordinate system: CPT2_TK
2020-12-01 05:22:42,995 - INFO - Considering primers from all references
2020-12-01 05:22:43,423 - INFO - All done! Scheme created with 8 regions, 1 gap, 70.31% coverage
2020-12-01 05:22:43,424 - INFO - Writing overlap_65/CPT2_TK/CPT2_TK.primer.bed
2020-12-01 05:22:43,425 - INFO - Writing overlap_65/CPT2_TK/CPT2_TK.insert.bed
2020-12-01 05:22:43,425 - INFO - Writing overlap_65/CPT2_TK/CPT2_TK.primer.tsv
2020-12-01 05:22:43,426 - INFO - Writing overlap_65/CPT2_TK/CPT2_TK.reference.fasta
2020-12-01 05:22:43,431 - INFO - Writing overlap_65/CPT2_TK/CPT2_TK.plot.pdf
2020-12-01 05:22:43,431 - INFO - Writing overlap_65/CPT2_TK/CPT2_TK.plot.svg
2020-12-01 05:22:43,449 - INFO - Writing overlap_65/CPT2_TK/CPT2_TK.report.json
2021-04-03 01:58:56,238 - INFO - Writing log to overlap_65/CPT2_TK/CPT2_TK.log
2021-04-03 01:58:56,262 - INFO - References:
 - CPT2_TK
2021-04-03 01:58:56,263 - INFO - Primary reference for coordinate system: CPT2_TK
2021-04-03 01:58:56,263 - INFO - Considering primers from all references
2021-04-03 01:58:59,043 - INFO - All done! Scheme created with 4 regions, 1 gap, 65.71% coverage
2021-04-03 01:58:59,044 - INFO - Writing overlap_65/CPT2_TK/CPT2_TK.primer.bed
2021-04-03 01:58:59,049 - INFO - Writing overlap_65/CPT2_TK/CPT2_TK.insert.bed
2021-04-03 01:58:59,055 - INFO - Writing overlap_65/CPT2_TK/CPT2_TK.primer.tsv
2021-04-03 01:58:59,059 - INFO - Writing overlap_65/CPT2_TK/CPT2_TK.reference.fasta
2021-04-03 01:58:59,068 - INFO - Writing overlap_65/CPT2_TK/CPT2_TK.plot.pdf
2021-04-03 01:58:59,068 - INFO - Writing overlap_65/CPT2_TK/CPT2_TK.plot.svg
2021-04-03 01:58:59,126 - INFO - Writing overlap_65/CPT2_TK/CPT2_TK.report.json
