2020-12-01 05:20:13,009 - INFO - Writing log to overlap_50/CPT2_TK/CPT2_TK.log
2020-12-01 05:20:13,030 - INFO - References:
 - CPT2_TK
2020-12-01 05:20:13,030 - INFO - Primary reference for coordinate system: CPT2_TK
2020-12-01 05:20:13,030 - INFO - Considering primers from all references
2020-12-01 05:20:13,472 - INFO - All done! Scheme created with 8 regions, 0 gaps, 70.23% coverage
2020-12-01 05:20:13,472 - INFO - Writing overlap_50/CPT2_TK/CPT2_TK.primer.bed
2020-12-01 05:20:13,473 - INFO - Writing overlap_50/CPT2_TK/CPT2_TK.insert.bed
2020-12-01 05:20:13,474 - INFO - Writing overlap_50/CPT2_TK/CPT2_TK.primer.tsv
2020-12-01 05:20:13,475 - INFO - Writing overlap_50/CPT2_TK/CPT2_TK.reference.fasta
2020-12-01 05:20:13,487 - INFO - Writing overlap_50/CPT2_TK/CPT2_TK.plot.pdf
2020-12-01 05:20:13,488 - INFO - Writing overlap_50/CPT2_TK/CPT2_TK.plot.svg
2020-12-01 05:20:13,507 - INFO - Writing overlap_50/CPT2_TK/CPT2_TK.report.json
2021-04-03 01:08:51,079 - INFO - Writing log to overlap_50/CPT2_TK/CPT2_TK.log
2021-04-03 01:08:51,118 - INFO - References:
 - CPT2_TK
2021-04-03 01:08:51,118 - INFO - Primary reference for coordinate system: CPT2_TK
2021-04-03 01:08:51,118 - INFO - Considering primers from all references
2021-04-03 01:08:54,011 - INFO - All done! Scheme created with 4 regions, 1 gap, 65.71% coverage
2021-04-03 01:08:54,012 - INFO - Writing overlap_50/CPT2_TK/CPT2_TK.primer.bed
2021-04-03 01:08:54,017 - INFO - Writing overlap_50/CPT2_TK/CPT2_TK.insert.bed
2021-04-03 01:08:54,021 - INFO - Writing overlap_50/CPT2_TK/CPT2_TK.primer.tsv
2021-04-03 01:08:54,026 - INFO - Writing overlap_50/CPT2_TK/CPT2_TK.reference.fasta
2021-04-03 01:08:54,043 - INFO - Writing overlap_50/CPT2_TK/CPT2_TK.plot.pdf
2021-04-03 01:08:54,043 - INFO - Writing overlap_50/CPT2_TK/CPT2_TK.plot.svg
2021-04-03 01:08:54,120 - INFO - Writing overlap_50/CPT2_TK/CPT2_TK.report.json
2021-04-04 17:47:47,156 - INFO - Writing log to overlap_50/CPT2_TK/CPT2_TK.log
2021-04-04 17:47:47,190 - INFO - References:
 - CPT2_TK
2021-04-04 17:47:47,190 - INFO - Primary reference for coordinate system: CPT2_TK
2021-04-04 17:47:47,191 - INFO - Considering primers from all references
2021-04-04 17:47:49,764 - INFO - All done! Scheme created with 4 regions, 1 gap, 65.71% coverage
2021-04-04 17:47:49,764 - INFO - Writing overlap_50/CPT2_TK/CPT2_TK.primer.bed
2021-04-04 17:47:49,767 - INFO - Writing overlap_50/CPT2_TK/CPT2_TK.insert.bed
2021-04-04 17:47:49,769 - INFO - Writing overlap_50/CPT2_TK/CPT2_TK.primer.tsv
2021-04-04 17:47:49,772 - INFO - Writing overlap_50/CPT2_TK/CPT2_TK.reference.fasta
2021-04-04 17:47:49,777 - INFO - Writing overlap_50/CPT2_TK/CPT2_TK.plot.pdf
2021-04-04 17:47:49,778 - INFO - Writing overlap_50/CPT2_TK/CPT2_TK.plot.svg
2021-04-04 17:47:49,818 - INFO - Writing overlap_50/CPT2_TK/CPT2_TK.report.json
