2020-12-01 05:21:23,346 - INFO - Writing log to overlap_55/GDPS1_TK/GDPS1_TK.log
2020-12-01 05:21:23,369 - INFO - References:
 - GDPS1_TK
2020-12-01 05:21:23,369 - INFO - Primary reference for coordinate system: GDPS1_TK
2020-12-01 05:21:23,369 - INFO - Considering primers from all references
2020-12-01 05:21:25,250 - INFO - All done! Scheme created with 22 regions, 9 gaps, 76.6% coverage
2020-12-01 05:21:25,250 - INFO - Writing overlap_55/GDPS1_TK/GDPS1_TK.primer.bed
2020-12-01 05:21:25,252 - INFO - Writing overlap_55/GDPS1_TK/GDPS1_TK.insert.bed
2020-12-01 05:21:25,253 - INFO - Writing overlap_55/GDPS1_TK/GDPS1_TK.primer.tsv
2020-12-01 05:21:25,254 - INFO - Writing overlap_55/GDPS1_TK/GDPS1_TK.reference.fasta
2020-12-01 05:21:25,263 - INFO - Writing overlap_55/GDPS1_TK/GDPS1_TK.plot.pdf
2020-12-01 05:21:25,263 - INFO - Writing overlap_55/GDPS1_TK/GDPS1_TK.plot.svg
2020-12-01 05:21:25,301 - INFO - Writing overlap_55/GDPS1_TK/GDPS1_TK.report.json
2021-04-03 01:28:25,174 - INFO - Writing log to overlap_55/GDPS1_TK/GDPS1_TK.log
2021-04-03 01:28:25,193 - INFO - References:
 - GDPS1_TK
2021-04-03 01:28:25,193 - INFO - Primary reference for coordinate system: GDPS1_TK
2021-04-03 01:28:25,193 - INFO - Considering primers from all references
2021-04-03 01:28:36,425 - INFO - All done! Scheme created with 14 regions, 3 gaps, 88.17% coverage
2021-04-03 01:28:36,425 - INFO - Writing overlap_55/GDPS1_TK/GDPS1_TK.primer.bed
2021-04-03 01:28:36,429 - INFO - Writing overlap_55/GDPS1_TK/GDPS1_TK.insert.bed
2021-04-03 01:28:36,433 - INFO - Writing overlap_55/GDPS1_TK/GDPS1_TK.primer.tsv
2021-04-03 01:28:36,438 - INFO - Writing overlap_55/GDPS1_TK/GDPS1_TK.reference.fasta
2021-04-03 01:28:36,450 - INFO - Writing overlap_55/GDPS1_TK/GDPS1_TK.plot.pdf
2021-04-03 01:28:36,450 - INFO - Writing overlap_55/GDPS1_TK/GDPS1_TK.plot.svg
2021-04-03 01:28:36,494 - INFO - Writing overlap_55/GDPS1_TK/GDPS1_TK.report.json
