2021-04-03 01:05:15,919 - INFO - Writing log to overlap_50/3H3MCR3_TK/3H3MCR3_TK.log
2021-04-03 01:05:15,942 - INFO - References:
 - 3H3MCR3_TK
2021-04-03 01:05:15,942 - INFO - Primary reference for coordinate system: 3H3MCR3_TK
2021-04-03 01:05:15,942 - INFO - Considering primers from all references
2021-04-03 01:05:21,798 - INFO - All done! Scheme created with 8 regions, 2 gaps, 89.6% coverage
2021-04-03 01:05:21,798 - INFO - Writing overlap_50/3H3MCR3_TK/3H3MCR3_TK.primer.bed
2021-04-03 01:05:21,799 - INFO - Writing overlap_50/3H3MCR3_TK/3H3MCR3_TK.insert.bed
2021-04-03 01:05:21,800 - INFO - Writing overlap_50/3H3MCR3_TK/3H3MCR3_TK.primer.tsv
2021-04-03 01:05:21,801 - INFO - Writing overlap_50/3H3MCR3_TK/3H3MCR3_TK.reference.fasta
2021-04-03 01:05:21,807 - INFO - Writing overlap_50/3H3MCR3_TK/3H3MCR3_TK.plot.pdf
2021-04-03 01:05:21,807 - INFO - Writing overlap_50/3H3MCR3_TK/3H3MCR3_TK.plot.svg
2021-04-03 01:05:21,832 - INFO - Writing overlap_50/3H3MCR3_TK/3H3MCR3_TK.report.json
2021-04-04 17:44:35,220 - INFO - Writing log to overlap_50/3H3MCR3_TK/3H3MCR3_TK.log
2021-04-04 17:44:35,255 - INFO - References:
 - 3H3MCR3_TK
2021-04-04 17:44:35,255 - INFO - Primary reference for coordinate system: 3H3MCR3_TK
2021-04-04 17:44:35,255 - INFO - Considering primers from all references
2021-04-04 17:44:40,605 - INFO - All done! Scheme created with 8 regions, 2 gaps, 89.6% coverage
2021-04-04 17:44:40,605 - INFO - Writing overlap_50/3H3MCR3_TK/3H3MCR3_TK.primer.bed
2021-04-04 17:44:40,608 - INFO - Writing overlap_50/3H3MCR3_TK/3H3MCR3_TK.insert.bed
2021-04-04 17:44:40,611 - INFO - Writing overlap_50/3H3MCR3_TK/3H3MCR3_TK.primer.tsv
2021-04-04 17:44:40,613 - INFO - Writing overlap_50/3H3MCR3_TK/3H3MCR3_TK.reference.fasta
2021-04-04 17:44:40,621 - INFO - Writing overlap_50/3H3MCR3_TK/3H3MCR3_TK.plot.pdf
2021-04-04 17:44:40,621 - INFO - Writing overlap_50/3H3MCR3_TK/3H3MCR3_TK.plot.svg
2021-04-04 17:44:40,646 - INFO - Writing overlap_50/3H3MCR3_TK/3H3MCR3_TK.report.json
