2021-04-03 00:45:35,939 - INFO - Writing log to overlap_40/SRPP5_TK/SRPP5_TK.log
2021-04-03 00:45:35,964 - INFO - References:
 - SRPP5_TK
2021-04-03 00:45:35,964 - INFO - Primary reference for coordinate system: SRPP5_TK
2021-04-03 00:45:35,964 - INFO - Considering primers from all references
2021-04-03 00:45:38,160 - INFO - All done! Scheme created with 3 regions, 0 gaps, 65.88% coverage
2021-04-03 00:45:38,160 - INFO - Writing overlap_40/SRPP5_TK/SRPP5_TK.primer.bed
2021-04-03 00:45:38,161 - INFO - Writing overlap_40/SRPP5_TK/SRPP5_TK.insert.bed
2021-04-03 00:45:38,162 - INFO - Writing overlap_40/SRPP5_TK/SRPP5_TK.primer.tsv
2021-04-03 00:45:38,163 - INFO - Writing overlap_40/SRPP5_TK/SRPP5_TK.reference.fasta
2021-04-03 00:45:38,168 - INFO - Writing overlap_40/SRPP5_TK/SRPP5_TK.plot.pdf
2021-04-03 00:45:38,168 - INFO - Writing overlap_40/SRPP5_TK/SRPP5_TK.plot.svg
2021-04-03 00:45:38,186 - INFO - Writing overlap_40/SRPP5_TK/SRPP5_TK.report.json
2021-04-04 17:26:37,952 - INFO - Writing log to overlap_40/SRPP5_TK/SRPP5_TK.log
2021-04-04 17:26:37,972 - INFO - References:
 - SRPP5_TK
2021-04-04 17:26:37,973 - INFO - Primary reference for coordinate system: SRPP5_TK
2021-04-04 17:26:37,973 - INFO - Considering primers from all references
2021-04-04 17:26:39,983 - INFO - All done! Scheme created with 3 regions, 0 gaps, 65.88% coverage
2021-04-04 17:26:39,983 - INFO - Writing overlap_40/SRPP5_TK/SRPP5_TK.primer.bed
2021-04-04 17:26:39,987 - INFO - Writing overlap_40/SRPP5_TK/SRPP5_TK.insert.bed
2021-04-04 17:26:39,990 - INFO - Writing overlap_40/SRPP5_TK/SRPP5_TK.primer.tsv
2021-04-04 17:26:39,993 - INFO - Writing overlap_40/SRPP5_TK/SRPP5_TK.reference.fasta
2021-04-04 17:26:39,999 - INFO - Writing overlap_40/SRPP5_TK/SRPP5_TK.plot.pdf
2021-04-04 17:26:39,999 - INFO - Writing overlap_40/SRPP5_TK/SRPP5_TK.plot.svg
2021-04-04 17:26:40,020 - INFO - Writing overlap_40/SRPP5_TK/SRPP5_TK.report.json
