2021-04-03 11:34:32,707 - INFO - Writing log to overlap_80/SRRP2_TK/SRRP2_TK.log
2021-04-03 11:34:32,721 - INFO - References:
 - SRRP2_TK
2021-04-03 11:34:32,721 - INFO - Primary reference for coordinate system: SRRP2_TK
2021-04-03 11:34:32,721 - INFO - Considering primers from all references
2021-04-03 11:34:36,489 - INFO - All done! Scheme created with 6 regions, 2 gaps, 77.49% coverage
2021-04-03 11:34:36,490 - INFO - Writing overlap_80/SRRP2_TK/SRRP2_TK.primer.bed
2021-04-03 11:34:36,491 - INFO - Writing overlap_80/SRRP2_TK/SRRP2_TK.insert.bed
2021-04-03 11:34:36,492 - INFO - Writing overlap_80/SRRP2_TK/SRRP2_TK.primer.tsv
2021-04-03 11:34:36,492 - INFO - Writing overlap_80/SRRP2_TK/SRRP2_TK.reference.fasta
2021-04-03 11:34:36,497 - INFO - Writing overlap_80/SRRP2_TK/SRRP2_TK.plot.pdf
2021-04-03 11:34:36,497 - INFO - Writing overlap_80/SRRP2_TK/SRRP2_TK.plot.svg
2021-04-03 11:34:36,516 - INFO - Writing overlap_80/SRRP2_TK/SRRP2_TK.report.json
2021-04-04 19:26:39,596 - INFO - Writing log to overlap_80/SRRP2_TK/SRRP2_TK.log
2021-04-04 19:26:39,618 - INFO - References:
 - SRRP2_TK
2021-04-04 19:26:39,618 - INFO - Primary reference for coordinate system: SRRP2_TK
2021-04-04 19:26:39,618 - INFO - Considering primers from all references
2021-04-04 19:26:43,790 - INFO - All done! Scheme created with 6 regions, 2 gaps, 77.49% coverage
2021-04-04 19:26:43,790 - INFO - Writing overlap_80/SRRP2_TK/SRRP2_TK.primer.bed
2021-04-04 19:26:43,793 - INFO - Writing overlap_80/SRRP2_TK/SRRP2_TK.insert.bed
2021-04-04 19:26:43,796 - INFO - Writing overlap_80/SRRP2_TK/SRRP2_TK.primer.tsv
2021-04-04 19:26:43,798 - INFO - Writing overlap_80/SRRP2_TK/SRRP2_TK.reference.fasta
2021-04-04 19:26:43,805 - INFO - Writing overlap_80/SRRP2_TK/SRRP2_TK.plot.pdf
2021-04-04 19:26:43,805 - INFO - Writing overlap_80/SRRP2_TK/SRRP2_TK.plot.svg
2021-04-04 19:26:43,829 - INFO - Writing overlap_80/SRRP2_TK/SRRP2_TK.report.json
