2020-12-01 05:21:03,992 - INFO - Writing log to overlap_55/CPT2_TK/CPT2_TK.log
2020-12-01 05:21:04,013 - INFO - References:
 - CPT2_TK
2020-12-01 05:21:04,013 - INFO - Primary reference for coordinate system: CPT2_TK
2020-12-01 05:21:04,013 - INFO - Considering primers from all references
2020-12-01 05:21:04,512 - INFO - All done! Scheme created with 8 regions, 0 gaps, 70.48% coverage
2020-12-01 05:21:04,512 - INFO - Writing overlap_55/CPT2_TK/CPT2_TK.primer.bed
2020-12-01 05:21:04,514 - INFO - Writing overlap_55/CPT2_TK/CPT2_TK.insert.bed
2020-12-01 05:21:04,514 - INFO - Writing overlap_55/CPT2_TK/CPT2_TK.primer.tsv
2020-12-01 05:21:04,515 - INFO - Writing overlap_55/CPT2_TK/CPT2_TK.reference.fasta
2020-12-01 05:21:04,520 - INFO - Writing overlap_55/CPT2_TK/CPT2_TK.plot.pdf
2020-12-01 05:21:04,520 - INFO - Writing overlap_55/CPT2_TK/CPT2_TK.plot.svg
2020-12-01 05:21:04,538 - INFO - Writing overlap_55/CPT2_TK/CPT2_TK.report.json
2021-04-03 01:25:36,170 - INFO - Writing log to overlap_55/CPT2_TK/CPT2_TK.log
2021-04-03 01:25:36,189 - INFO - References:
 - CPT2_TK
2021-04-03 01:25:36,189 - INFO - Primary reference for coordinate system: CPT2_TK
2021-04-03 01:25:36,189 - INFO - Considering primers from all references
2021-04-03 01:25:39,014 - INFO - All done! Scheme created with 4 regions, 1 gap, 65.71% coverage
2021-04-03 01:25:39,015 - INFO - Writing overlap_55/CPT2_TK/CPT2_TK.primer.bed
2021-04-03 01:25:39,019 - INFO - Writing overlap_55/CPT2_TK/CPT2_TK.insert.bed
2021-04-03 01:25:39,022 - INFO - Writing overlap_55/CPT2_TK/CPT2_TK.primer.tsv
2021-04-03 01:25:39,026 - INFO - Writing overlap_55/CPT2_TK/CPT2_TK.reference.fasta
2021-04-03 01:25:39,033 - INFO - Writing overlap_55/CPT2_TK/CPT2_TK.plot.pdf
2021-04-03 01:25:39,034 - INFO - Writing overlap_55/CPT2_TK/CPT2_TK.plot.svg
2021-04-03 01:25:39,092 - INFO - Writing overlap_55/CPT2_TK/CPT2_TK.report.json
