2021-04-02 20:46:05,899 - INFO - Writing log to overlap_70/OC4_TK/OC4_TK.log
2021-04-02 20:46:05,917 - INFO - References:
 - OC4_TK
2021-04-02 20:46:05,917 - INFO - Primary reference for coordinate system: OC4_TK
2021-04-02 20:46:05,917 - INFO - Considering primers from all references
2021-04-02 20:46:18,396 - INFO - All done! Scheme created with 19 regions, 4 gaps, 89.39% coverage
2021-04-02 20:46:18,396 - INFO - Writing overlap_70/OC4_TK/OC4_TK.primer.bed
2021-04-02 20:46:18,397 - INFO - Writing overlap_70/OC4_TK/OC4_TK.insert.bed
2021-04-02 20:46:18,398 - INFO - Writing overlap_70/OC4_TK/OC4_TK.primer.tsv
2021-04-02 20:46:18,399 - INFO - Writing overlap_70/OC4_TK/OC4_TK.reference.fasta
2021-04-02 20:46:18,408 - INFO - Writing overlap_70/OC4_TK/OC4_TK.plot.pdf
2021-04-02 20:46:18,408 - INFO - Writing overlap_70/OC4_TK/OC4_TK.plot.svg
2021-04-02 20:46:18,443 - INFO - Writing overlap_70/OC4_TK/OC4_TK.report.json
2021-04-03 02:20:33,621 - INFO - Writing log to overlap_70/OC4_TK/OC4_TK.log
2021-04-03 02:20:33,640 - INFO - References:
 - OC4_TK
2021-04-03 02:20:33,640 - INFO - Primary reference for coordinate system: OC4_TK
2021-04-03 02:20:33,640 - INFO - Considering primers from all references
2021-04-03 02:20:49,191 - INFO - All done! Scheme created with 19 regions, 4 gaps, 89.39% coverage
2021-04-03 02:20:49,192 - INFO - Writing overlap_70/OC4_TK/OC4_TK.primer.bed
2021-04-03 02:20:49,197 - INFO - Writing overlap_70/OC4_TK/OC4_TK.insert.bed
2021-04-03 02:20:49,201 - INFO - Writing overlap_70/OC4_TK/OC4_TK.primer.tsv
2021-04-03 02:20:49,205 - INFO - Writing overlap_70/OC4_TK/OC4_TK.reference.fasta
2021-04-03 02:20:49,220 - INFO - Writing overlap_70/OC4_TK/OC4_TK.plot.pdf
2021-04-03 02:20:49,220 - INFO - Writing overlap_70/OC4_TK/OC4_TK.plot.svg
2021-04-03 02:20:49,269 - INFO - Writing overlap_70/OC4_TK/OC4_TK.report.json
2021-04-04 18:52:32,058 - INFO - Writing log to overlap_70/OC4_TK/OC4_TK.log
2021-04-04 18:52:32,075 - INFO - References:
 - OC4_TK
2021-04-04 18:52:32,075 - INFO - Primary reference for coordinate system: OC4_TK
2021-04-04 18:52:32,075 - INFO - Considering primers from all references
2021-04-04 18:52:46,382 - INFO - All done! Scheme created with 19 regions, 4 gaps, 89.39% coverage
2021-04-04 18:52:46,383 - INFO - Writing overlap_70/OC4_TK/OC4_TK.primer.bed
2021-04-04 18:52:46,387 - INFO - Writing overlap_70/OC4_TK/OC4_TK.insert.bed
2021-04-04 18:52:46,390 - INFO - Writing overlap_70/OC4_TK/OC4_TK.primer.tsv
2021-04-04 18:52:46,394 - INFO - Writing overlap_70/OC4_TK/OC4_TK.reference.fasta
2021-04-04 18:52:46,407 - INFO - Writing overlap_70/OC4_TK/OC4_TK.plot.pdf
2021-04-04 18:52:46,407 - INFO - Writing overlap_70/OC4_TK/OC4_TK.plot.svg
2021-04-04 18:52:46,452 - INFO - Writing overlap_70/OC4_TK/OC4_TK.report.json
