2020-12-01 05:21:52,296 - INFO - Writing log to overlap_60/CPT2_TK/CPT2_TK.log
2020-12-01 05:21:52,302 - INFO - References:
 - CPT2_TK
2020-12-01 05:21:52,302 - INFO - Primary reference for coordinate system: CPT2_TK
2020-12-01 05:21:52,302 - INFO - Considering primers from all references
2020-12-01 05:21:52,748 - INFO - All done! Scheme created with 8 regions, 0 gaps, 70.23% coverage
2020-12-01 05:21:52,748 - INFO - Writing overlap_60/CPT2_TK/CPT2_TK.primer.bed
2020-12-01 05:21:52,749 - INFO - Writing overlap_60/CPT2_TK/CPT2_TK.insert.bed
2020-12-01 05:21:52,750 - INFO - Writing overlap_60/CPT2_TK/CPT2_TK.primer.tsv
2020-12-01 05:21:52,751 - INFO - Writing overlap_60/CPT2_TK/CPT2_TK.reference.fasta
2020-12-01 05:21:52,755 - INFO - Writing overlap_60/CPT2_TK/CPT2_TK.plot.pdf
2020-12-01 05:21:52,756 - INFO - Writing overlap_60/CPT2_TK/CPT2_TK.plot.svg
2020-12-01 05:21:52,775 - INFO - Writing overlap_60/CPT2_TK/CPT2_TK.report.json
2021-04-03 01:42:19,741 - INFO - Writing log to overlap_60/CPT2_TK/CPT2_TK.log
2021-04-03 01:42:19,765 - INFO - References:
 - CPT2_TK
2021-04-03 01:42:19,765 - INFO - Primary reference for coordinate system: CPT2_TK
2021-04-03 01:42:19,765 - INFO - Considering primers from all references
2021-04-03 01:42:22,631 - INFO - All done! Scheme created with 4 regions, 1 gap, 65.71% coverage
2021-04-03 01:42:22,631 - INFO - Writing overlap_60/CPT2_TK/CPT2_TK.primer.bed
2021-04-03 01:42:22,636 - INFO - Writing overlap_60/CPT2_TK/CPT2_TK.insert.bed
2021-04-03 01:42:22,640 - INFO - Writing overlap_60/CPT2_TK/CPT2_TK.primer.tsv
2021-04-03 01:42:22,644 - INFO - Writing overlap_60/CPT2_TK/CPT2_TK.reference.fasta
2021-04-03 01:42:22,652 - INFO - Writing overlap_60/CPT2_TK/CPT2_TK.plot.pdf
2021-04-03 01:42:22,652 - INFO - Writing overlap_60/CPT2_TK/CPT2_TK.plot.svg
2021-04-03 01:42:22,712 - INFO - Writing overlap_60/CPT2_TK/CPT2_TK.report.json
2021-04-04 18:17:46,614 - INFO - Writing log to overlap_60/CPT2_TK/CPT2_TK.log
2021-04-04 18:17:46,642 - INFO - References:
 - CPT2_TK
2021-04-04 18:17:46,642 - INFO - Primary reference for coordinate system: CPT2_TK
2021-04-04 18:17:46,642 - INFO - Considering primers from all references
2021-04-04 18:17:49,230 - INFO - All done! Scheme created with 4 regions, 1 gap, 65.71% coverage
2021-04-04 18:17:49,231 - INFO - Writing overlap_60/CPT2_TK/CPT2_TK.primer.bed
2021-04-04 18:17:49,233 - INFO - Writing overlap_60/CPT2_TK/CPT2_TK.insert.bed
2021-04-04 18:17:49,236 - INFO - Writing overlap_60/CPT2_TK/CPT2_TK.primer.tsv
2021-04-04 18:17:49,238 - INFO - Writing overlap_60/CPT2_TK/CPT2_TK.reference.fasta
2021-04-04 18:17:49,244 - INFO - Writing overlap_60/CPT2_TK/CPT2_TK.plot.pdf
2021-04-04 18:17:49,244 - INFO - Writing overlap_60/CPT2_TK/CPT2_TK.plot.svg
2021-04-04 18:17:49,282 - INFO - Writing overlap_60/CPT2_TK/CPT2_TK.report.json
