2021-04-03 11:32:05,981 - INFO - Writing log to overlap_80/PP2A-3_TK/PP2A-3_TK.log
2021-04-03 11:32:05,987 - INFO - References:
 - PP2A-3_TK
2021-04-03 11:32:05,987 - INFO - Primary reference for coordinate system: PP2A-3_TK
2021-04-03 11:32:05,987 - INFO - Considering primers from all references
2021-04-03 11:32:16,035 - INFO - All done! Scheme created with 15 regions, 6 gaps, 81.39% coverage
2021-04-03 11:32:16,036 - INFO - Writing overlap_80/PP2A-3_TK/PP2A-3_TK.primer.bed
2021-04-03 11:32:16,037 - INFO - Writing overlap_80/PP2A-3_TK/PP2A-3_TK.insert.bed
2021-04-03 11:32:16,037 - INFO - Writing overlap_80/PP2A-3_TK/PP2A-3_TK.primer.tsv
2021-04-03 11:32:16,038 - INFO - Writing overlap_80/PP2A-3_TK/PP2A-3_TK.reference.fasta
2021-04-03 11:32:16,047 - INFO - Writing overlap_80/PP2A-3_TK/PP2A-3_TK.plot.pdf
2021-04-03 11:32:16,047 - INFO - Writing overlap_80/PP2A-3_TK/PP2A-3_TK.plot.svg
2021-04-03 11:32:16,077 - INFO - Writing overlap_80/PP2A-3_TK/PP2A-3_TK.report.json
2021-04-04 19:23:55,400 - INFO - Writing log to overlap_80/PP2A-3_TK/PP2A-3_TK.log
2021-04-04 19:23:55,427 - INFO - References:
 - PP2A-3_TK
2021-04-04 19:23:55,427 - INFO - Primary reference for coordinate system: PP2A-3_TK
2021-04-04 19:23:55,427 - INFO - Considering primers from all references
2021-04-04 19:24:06,587 - INFO - All done! Scheme created with 15 regions, 6 gaps, 81.39% coverage
2021-04-04 19:24:06,588 - INFO - Writing overlap_80/PP2A-3_TK/PP2A-3_TK.primer.bed
2021-04-04 19:24:06,591 - INFO - Writing overlap_80/PP2A-3_TK/PP2A-3_TK.insert.bed
2021-04-04 19:24:06,593 - INFO - Writing overlap_80/PP2A-3_TK/PP2A-3_TK.primer.tsv
2021-04-04 19:24:06,596 - INFO - Writing overlap_80/PP2A-3_TK/PP2A-3_TK.reference.fasta
2021-04-04 19:24:06,607 - INFO - Writing overlap_80/PP2A-3_TK/PP2A-3_TK.plot.pdf
2021-04-04 19:24:06,607 - INFO - Writing overlap_80/PP2A-3_TK/PP2A-3_TK.plot.svg
2021-04-04 19:24:06,645 - INFO - Writing overlap_80/PP2A-3_TK/PP2A-3_TK.report.json
