2020-12-01 05:21:57,008 - INFO - Writing log to overlap_60/FDPS1_TK/FDPS1_TK.log
2020-12-01 05:21:57,078 - INFO - References:
 - FDPS1_TK
2020-12-01 05:21:57,079 - INFO - Primary reference for coordinate system: FDPS1_TK
2020-12-01 05:21:57,079 - INFO - Considering primers from all references
2020-12-01 05:21:58,795 - INFO - All done! Scheme created with 22 regions, 5 gaps, 85.68% coverage
2020-12-01 05:21:58,795 - INFO - Writing overlap_60/FDPS1_TK/FDPS1_TK.primer.bed
2020-12-01 05:21:58,797 - INFO - Writing overlap_60/FDPS1_TK/FDPS1_TK.insert.bed
2020-12-01 05:21:58,798 - INFO - Writing overlap_60/FDPS1_TK/FDPS1_TK.primer.tsv
2020-12-01 05:21:58,799 - INFO - Writing overlap_60/FDPS1_TK/FDPS1_TK.reference.fasta
2020-12-01 05:21:58,823 - INFO - Writing overlap_60/FDPS1_TK/FDPS1_TK.plot.pdf
2020-12-01 05:21:58,824 - INFO - Writing overlap_60/FDPS1_TK/FDPS1_TK.plot.svg
2020-12-01 05:21:58,909 - INFO - Writing overlap_60/FDPS1_TK/FDPS1_TK.report.json
2021-04-03 01:43:57,243 - INFO - Writing log to overlap_60/FDPS1_TK/FDPS1_TK.log
2021-04-03 01:43:57,262 - INFO - References:
 - FDPS1_TK
2021-04-03 01:43:57,262 - INFO - Primary reference for coordinate system: FDPS1_TK
2021-04-03 01:43:57,262 - INFO - Considering primers from all references
2021-04-03 01:44:06,875 - INFO - All done! Scheme created with 12 regions, 3 gaps, 86.08% coverage
2021-04-03 01:44:06,875 - INFO - Writing overlap_60/FDPS1_TK/FDPS1_TK.primer.bed
2021-04-03 01:44:06,879 - INFO - Writing overlap_60/FDPS1_TK/FDPS1_TK.insert.bed
2021-04-03 01:44:06,883 - INFO - Writing overlap_60/FDPS1_TK/FDPS1_TK.primer.tsv
2021-04-03 01:44:06,886 - INFO - Writing overlap_60/FDPS1_TK/FDPS1_TK.reference.fasta
2021-04-03 01:44:06,897 - INFO - Writing overlap_60/FDPS1_TK/FDPS1_TK.plot.pdf
2021-04-03 01:44:06,898 - INFO - Writing overlap_60/FDPS1_TK/FDPS1_TK.plot.svg
2021-04-03 01:44:06,938 - INFO - Writing overlap_60/FDPS1_TK/FDPS1_TK.report.json
2021-04-04 18:19:13,985 - INFO - Writing log to overlap_60/FDPS1_TK/FDPS1_TK.log
2021-04-04 18:19:14,015 - INFO - References:
 - FDPS1_TK
2021-04-04 18:19:14,015 - INFO - Primary reference for coordinate system: FDPS1_TK
2021-04-04 18:19:14,015 - INFO - Considering primers from all references
2021-04-04 18:19:22,674 - INFO - All done! Scheme created with 12 regions, 3 gaps, 86.08% coverage
2021-04-04 18:19:22,674 - INFO - Writing overlap_60/FDPS1_TK/FDPS1_TK.primer.bed
2021-04-04 18:19:22,677 - INFO - Writing overlap_60/FDPS1_TK/FDPS1_TK.insert.bed
2021-04-04 18:19:22,679 - INFO - Writing overlap_60/FDPS1_TK/FDPS1_TK.primer.tsv
2021-04-04 18:19:22,682 - INFO - Writing overlap_60/FDPS1_TK/FDPS1_TK.reference.fasta
2021-04-04 18:19:22,691 - INFO - Writing overlap_60/FDPS1_TK/FDPS1_TK.plot.pdf
2021-04-04 18:19:22,691 - INFO - Writing overlap_60/FDPS1_TK/FDPS1_TK.plot.svg
2021-04-04 18:19:22,725 - INFO - Writing overlap_60/FDPS1_TK/FDPS1_TK.report.json
