2020-12-01 05:24:06,415 - INFO - Writing log to overlap_70/cluster_CPT_TK/cluster_CPT_TK.log
2020-12-01 05:24:06,420 - INFO - References:
 - CPT1_1_TK
 - CPT3_TK
2020-12-01 05:24:06,420 - INFO - Primary reference for coordinate system: CPT1_1_TK
2020-12-01 05:24:06,420 - INFO - Considering primers from all references
2020-12-01 05:24:06,423 - INFO - Excluding reference CPT3_TK: unable to align.
2020-12-01 05:24:06,808 - INFO - All done! Scheme created with 11 regions, 1 gap, 91.67% coverage
2020-12-01 05:24:06,808 - INFO - Writing overlap_70/cluster_CPT_TK/cluster_CPT_TK.primer.bed
2020-12-01 05:24:06,809 - INFO - Writing overlap_70/cluster_CPT_TK/cluster_CPT_TK.insert.bed
2020-12-01 05:24:06,810 - INFO - Writing overlap_70/cluster_CPT_TK/cluster_CPT_TK.primer.tsv
2020-12-01 05:24:06,811 - INFO - Writing overlap_70/cluster_CPT_TK/cluster_CPT_TK.reference.fasta
2020-12-01 05:24:06,816 - INFO - Writing overlap_70/cluster_CPT_TK/cluster_CPT_TK.plot.pdf
2020-12-01 05:24:06,816 - INFO - Writing overlap_70/cluster_CPT_TK/cluster_CPT_TK.plot.svg
2020-12-01 05:24:06,836 - INFO - Writing overlap_70/cluster_CPT_TK/cluster_CPT_TK.report.json
2021-04-03 02:14:55,692 - INFO - Writing log to overlap_70/cluster_CPT_TK/cluster_CPT_TK.log
2021-04-03 02:14:55,712 - INFO - References:
 - CPT1_1_TK
 - CPT3_TK
2021-04-03 02:14:55,712 - INFO - Primary reference for coordinate system: CPT1_1_TK
2021-04-03 02:14:55,713 - INFO - Considering primers from all references
2021-04-03 02:14:55,716 - INFO - Excluding reference CPT3_TK: unable to align.
2021-04-03 02:14:58,673 - INFO - All done! Scheme created with 4 regions, 1 gap, 57.98% coverage
2021-04-03 02:14:58,673 - INFO - Writing overlap_70/cluster_CPT_TK/cluster_CPT_TK.primer.bed
2021-04-03 02:14:58,678 - INFO - Writing overlap_70/cluster_CPT_TK/cluster_CPT_TK.insert.bed
2021-04-03 02:14:58,682 - INFO - Writing overlap_70/cluster_CPT_TK/cluster_CPT_TK.primer.tsv
2021-04-03 02:14:58,686 - INFO - Writing overlap_70/cluster_CPT_TK/cluster_CPT_TK.reference.fasta
2021-04-03 02:14:58,694 - INFO - Writing overlap_70/cluster_CPT_TK/cluster_CPT_TK.plot.pdf
2021-04-03 02:14:58,694 - INFO - Writing overlap_70/cluster_CPT_TK/cluster_CPT_TK.plot.svg
2021-04-03 02:14:58,753 - INFO - Writing overlap_70/cluster_CPT_TK/cluster_CPT_TK.report.json
2021-04-04 18:47:21,119 - INFO - Writing log to overlap_70/cluster_CPT_TK/cluster_CPT_TK.log
2021-04-04 18:47:21,145 - INFO - References:
 - CPT1_1_TK
 - CPT3_TK
2021-04-04 18:47:21,145 - INFO - Primary reference for coordinate system: CPT1_1_TK
2021-04-04 18:47:21,145 - INFO - Considering primers from all references
2021-04-04 18:47:21,149 - INFO - Excluding reference CPT3_TK: unable to align.
2021-04-04 18:47:23,907 - INFO - All done! Scheme created with 4 regions, 1 gap, 57.98% coverage
2021-04-04 18:47:23,908 - INFO - Writing overlap_70/cluster_CPT_TK/cluster_CPT_TK.primer.bed
2021-04-04 18:47:23,910 - INFO - Writing overlap_70/cluster_CPT_TK/cluster_CPT_TK.insert.bed
2021-04-04 18:47:23,913 - INFO - Writing overlap_70/cluster_CPT_TK/cluster_CPT_TK.primer.tsv
2021-04-04 18:47:23,916 - INFO - Writing overlap_70/cluster_CPT_TK/cluster_CPT_TK.reference.fasta
2021-04-04 18:47:23,921 - INFO - Writing overlap_70/cluster_CPT_TK/cluster_CPT_TK.plot.pdf
2021-04-04 18:47:23,921 - INFO - Writing overlap_70/cluster_CPT_TK/cluster_CPT_TK.plot.svg
2021-04-04 18:47:23,963 - INFO - Writing overlap_70/cluster_CPT_TK/cluster_CPT_TK.report.json
