2021-04-03 11:15:06,962 - INFO - Writing log to overlap_75/FT_TK/FT_TK.log
2021-04-03 11:15:06,974 - INFO - References:
 - FT_TK
2021-04-03 11:15:06,974 - INFO - Primary reference for coordinate system: FT_TK
2021-04-03 11:15:06,974 - INFO - Considering primers from all references
2021-04-03 11:15:16,930 - INFO - All done! Scheme created with 15 regions, 5 gaps, 84.89% coverage
2021-04-03 11:15:16,930 - INFO - Writing overlap_75/FT_TK/FT_TK.primer.bed
2021-04-03 11:15:16,931 - INFO - Writing overlap_75/FT_TK/FT_TK.insert.bed
2021-04-03 11:15:16,932 - INFO - Writing overlap_75/FT_TK/FT_TK.primer.tsv
2021-04-03 11:15:16,933 - INFO - Writing overlap_75/FT_TK/FT_TK.reference.fasta
2021-04-03 11:15:16,941 - INFO - Writing overlap_75/FT_TK/FT_TK.plot.pdf
2021-04-03 11:15:16,941 - INFO - Writing overlap_75/FT_TK/FT_TK.plot.svg
2021-04-03 11:15:16,970 - INFO - Writing overlap_75/FT_TK/FT_TK.report.json
2021-04-04 19:05:04,389 - INFO - Writing log to overlap_75/FT_TK/FT_TK.log
2021-04-04 19:05:04,406 - INFO - References:
 - FT_TK
2021-04-04 19:05:04,406 - INFO - Primary reference for coordinate system: FT_TK
2021-04-04 19:05:04,406 - INFO - Considering primers from all references
2021-04-04 19:05:15,323 - INFO - All done! Scheme created with 15 regions, 5 gaps, 84.89% coverage
2021-04-04 19:05:15,323 - INFO - Writing overlap_75/FT_TK/FT_TK.primer.bed
2021-04-04 19:05:15,327 - INFO - Writing overlap_75/FT_TK/FT_TK.insert.bed
2021-04-04 19:05:15,330 - INFO - Writing overlap_75/FT_TK/FT_TK.primer.tsv
2021-04-04 19:05:15,333 - INFO - Writing overlap_75/FT_TK/FT_TK.reference.fasta
2021-04-04 19:05:15,344 - INFO - Writing overlap_75/FT_TK/FT_TK.plot.pdf
2021-04-04 19:05:15,344 - INFO - Writing overlap_75/FT_TK/FT_TK.plot.svg
2021-04-04 19:05:15,382 - INFO - Writing overlap_75/FT_TK/FT_TK.report.json
