2020-12-01 05:22:47,669 - INFO - Writing log to overlap_65/FDPS1_TK/FDPS1_TK.log
2020-12-01 05:22:47,812 - INFO - References:
 - FDPS1_TK
2020-12-01 05:22:47,813 - INFO - Primary reference for coordinate system: FDPS1_TK
2020-12-01 05:22:47,813 - INFO - Considering primers from all references
2020-12-01 05:22:49,673 - INFO - All done! Scheme created with 23 regions, 7 gaps, 89.74% coverage
2020-12-01 05:22:49,674 - INFO - Writing overlap_65/FDPS1_TK/FDPS1_TK.primer.bed
2020-12-01 05:22:49,675 - INFO - Writing overlap_65/FDPS1_TK/FDPS1_TK.insert.bed
2020-12-01 05:22:49,676 - INFO - Writing overlap_65/FDPS1_TK/FDPS1_TK.primer.tsv
2020-12-01 05:22:49,677 - INFO - Writing overlap_65/FDPS1_TK/FDPS1_TK.reference.fasta
2020-12-01 05:22:49,689 - INFO - Writing overlap_65/FDPS1_TK/FDPS1_TK.plot.pdf
2020-12-01 05:22:49,690 - INFO - Writing overlap_65/FDPS1_TK/FDPS1_TK.plot.svg
2020-12-01 05:22:49,759 - INFO - Writing overlap_65/FDPS1_TK/FDPS1_TK.report.json
2021-04-03 02:00:31,905 - INFO - Writing log to overlap_65/FDPS1_TK/FDPS1_TK.log
2021-04-03 02:00:31,928 - INFO - References:
 - FDPS1_TK
2021-04-03 02:00:31,928 - INFO - Primary reference for coordinate system: FDPS1_TK
2021-04-03 02:00:31,928 - INFO - Considering primers from all references
2021-04-03 02:00:41,353 - INFO - All done! Scheme created with 12 regions, 3 gaps, 86.08% coverage
2021-04-03 02:00:41,353 - INFO - Writing overlap_65/FDPS1_TK/FDPS1_TK.primer.bed
2021-04-03 02:00:41,359 - INFO - Writing overlap_65/FDPS1_TK/FDPS1_TK.insert.bed
2021-04-03 02:00:41,364 - INFO - Writing overlap_65/FDPS1_TK/FDPS1_TK.primer.tsv
2021-04-03 02:00:41,369 - INFO - Writing overlap_65/FDPS1_TK/FDPS1_TK.reference.fasta
2021-04-03 02:00:41,381 - INFO - Writing overlap_65/FDPS1_TK/FDPS1_TK.plot.pdf
2021-04-03 02:00:41,381 - INFO - Writing overlap_65/FDPS1_TK/FDPS1_TK.plot.svg
2021-04-03 02:00:41,423 - INFO - Writing overlap_65/FDPS1_TK/FDPS1_TK.report.json
