2021-04-02 20:44:47,070 - INFO - Writing log to overlap_70/MK1_TK/MK1_TK.log
2021-04-02 20:44:47,091 - INFO - References:
 - MK1_TK
2021-04-02 20:44:47,092 - INFO - Primary reference for coordinate system: MK1_TK
2021-04-02 20:44:47,092 - INFO - Considering primers from all references
2021-04-02 20:44:54,602 - INFO - All done! Scheme created with 12 regions, 4 gaps, 83.37% coverage
2021-04-02 20:44:54,602 - INFO - Writing overlap_70/MK1_TK/MK1_TK.primer.bed
2021-04-02 20:44:54,603 - INFO - Writing overlap_70/MK1_TK/MK1_TK.insert.bed
2021-04-02 20:44:54,604 - INFO - Writing overlap_70/MK1_TK/MK1_TK.primer.tsv
2021-04-02 20:44:54,605 - INFO - Writing overlap_70/MK1_TK/MK1_TK.reference.fasta
2021-04-02 20:44:54,611 - INFO - Writing overlap_70/MK1_TK/MK1_TK.plot.pdf
2021-04-02 20:44:54,611 - INFO - Writing overlap_70/MK1_TK/MK1_TK.plot.svg
2021-04-02 20:44:54,637 - INFO - Writing overlap_70/MK1_TK/MK1_TK.report.json
2021-04-03 02:18:51,049 - INFO - Writing log to overlap_70/MK1_TK/MK1_TK.log
2021-04-03 02:18:51,066 - INFO - References:
 - MK1_TK
2021-04-03 02:18:51,067 - INFO - Primary reference for coordinate system: MK1_TK
2021-04-03 02:18:51,067 - INFO - Considering primers from all references
2021-04-03 02:19:00,403 - INFO - All done! Scheme created with 12 regions, 4 gaps, 83.37% coverage
2021-04-03 02:19:00,403 - INFO - Writing overlap_70/MK1_TK/MK1_TK.primer.bed
2021-04-03 02:19:00,408 - INFO - Writing overlap_70/MK1_TK/MK1_TK.insert.bed
2021-04-03 02:19:00,412 - INFO - Writing overlap_70/MK1_TK/MK1_TK.primer.tsv
2021-04-03 02:19:00,416 - INFO - Writing overlap_70/MK1_TK/MK1_TK.reference.fasta
2021-04-03 02:19:00,428 - INFO - Writing overlap_70/MK1_TK/MK1_TK.plot.pdf
2021-04-03 02:19:00,428 - INFO - Writing overlap_70/MK1_TK/MK1_TK.plot.svg
2021-04-03 02:19:00,471 - INFO - Writing overlap_70/MK1_TK/MK1_TK.report.json
2021-04-04 18:50:59,635 - INFO - Writing log to overlap_70/MK1_TK/MK1_TK.log
2021-04-04 18:50:59,666 - INFO - References:
 - MK1_TK
2021-04-04 18:50:59,667 - INFO - Primary reference for coordinate system: MK1_TK
2021-04-04 18:50:59,667 - INFO - Considering primers from all references
2021-04-04 18:51:08,261 - INFO - All done! Scheme created with 12 regions, 4 gaps, 83.37% coverage
2021-04-04 18:51:08,262 - INFO - Writing overlap_70/MK1_TK/MK1_TK.primer.bed
2021-04-04 18:51:08,265 - INFO - Writing overlap_70/MK1_TK/MK1_TK.insert.bed
2021-04-04 18:51:08,267 - INFO - Writing overlap_70/MK1_TK/MK1_TK.primer.tsv
2021-04-04 18:51:08,270 - INFO - Writing overlap_70/MK1_TK/MK1_TK.reference.fasta
2021-04-04 18:51:08,279 - INFO - Writing overlap_70/MK1_TK/MK1_TK.plot.pdf
2021-04-04 18:51:08,279 - INFO - Writing overlap_70/MK1_TK/MK1_TK.plot.svg
2021-04-04 18:51:08,312 - INFO - Writing overlap_70/MK1_TK/MK1_TK.report.json
