2021-04-03 11:10:50,894 - INFO - Writing log to overlap_75/4H3M2EDPR3_TK/4H3M2EDPR3_TK.log
2021-04-03 11:10:50,914 - INFO - References:
 - 4H3M2EDPR3_TK
2021-04-03 11:10:50,914 - INFO - Primary reference for coordinate system: 4H3M2EDPR3_TK
2021-04-03 11:10:50,914 - INFO - Considering primers from all references
2021-04-03 11:10:58,086 - INFO - All done! Scheme created with 11 regions, 4 gaps, 72.94% coverage
2021-04-03 11:10:58,087 - INFO - Writing overlap_75/4H3M2EDPR3_TK/4H3M2EDPR3_TK.primer.bed
2021-04-03 11:10:58,088 - INFO - Writing overlap_75/4H3M2EDPR3_TK/4H3M2EDPR3_TK.insert.bed
2021-04-03 11:10:58,089 - INFO - Writing overlap_75/4H3M2EDPR3_TK/4H3M2EDPR3_TK.primer.tsv
2021-04-03 11:10:58,090 - INFO - Writing overlap_75/4H3M2EDPR3_TK/4H3M2EDPR3_TK.reference.fasta
2021-04-03 11:10:58,097 - INFO - Writing overlap_75/4H3M2EDPR3_TK/4H3M2EDPR3_TK.plot.pdf
2021-04-03 11:10:58,097 - INFO - Writing overlap_75/4H3M2EDPR3_TK/4H3M2EDPR3_TK.plot.svg
2021-04-03 11:10:58,123 - INFO - Writing overlap_75/4H3M2EDPR3_TK/4H3M2EDPR3_TK.report.json
2021-04-04 19:00:17,131 - INFO - Writing log to overlap_75/4H3M2EDPR3_TK/4H3M2EDPR3_TK.log
2021-04-04 19:00:17,152 - INFO - References:
 - 4H3M2EDPR3_TK
2021-04-04 19:00:17,152 - INFO - Primary reference for coordinate system: 4H3M2EDPR3_TK
2021-04-04 19:00:17,152 - INFO - Considering primers from all references
2021-04-04 19:00:25,147 - INFO - All done! Scheme created with 11 regions, 4 gaps, 72.94% coverage
2021-04-04 19:00:25,147 - INFO - Writing overlap_75/4H3M2EDPR3_TK/4H3M2EDPR3_TK.primer.bed
2021-04-04 19:00:25,151 - INFO - Writing overlap_75/4H3M2EDPR3_TK/4H3M2EDPR3_TK.insert.bed
2021-04-04 19:00:25,154 - INFO - Writing overlap_75/4H3M2EDPR3_TK/4H3M2EDPR3_TK.primer.tsv
2021-04-04 19:00:25,156 - INFO - Writing overlap_75/4H3M2EDPR3_TK/4H3M2EDPR3_TK.reference.fasta
2021-04-04 19:00:25,166 - INFO - Writing overlap_75/4H3M2EDPR3_TK/4H3M2EDPR3_TK.plot.pdf
2021-04-04 19:00:25,166 - INFO - Writing overlap_75/4H3M2EDPR3_TK/4H3M2EDPR3_TK.plot.svg
2021-04-04 19:00:25,198 - INFO - Writing overlap_75/4H3M2EDPR3_TK/4H3M2EDPR3_TK.report.json
