2021-04-03 02:03:51,794 - INFO - Writing log to overlap_65/OC3_TK/OC3_TK.log
2021-04-03 02:03:51,803 - INFO - References:
 - OC3_TK
2021-04-03 02:03:51,803 - INFO - Primary reference for coordinate system: OC3_TK
2021-04-03 02:03:51,804 - INFO - Considering primers from all references
2021-04-03 02:04:07,479 - INFO - All done! Scheme created with 19 regions, 5 gaps, 86.78% coverage
2021-04-03 02:04:07,479 - INFO - Writing overlap_65/OC3_TK/OC3_TK.primer.bed
2021-04-03 02:04:07,480 - INFO - Writing overlap_65/OC3_TK/OC3_TK.insert.bed
2021-04-03 02:04:07,482 - INFO - Writing overlap_65/OC3_TK/OC3_TK.primer.tsv
2021-04-03 02:04:07,483 - INFO - Writing overlap_65/OC3_TK/OC3_TK.reference.fasta
2021-04-03 02:04:07,495 - INFO - Writing overlap_65/OC3_TK/OC3_TK.plot.pdf
2021-04-03 02:04:07,495 - INFO - Writing overlap_65/OC3_TK/OC3_TK.plot.svg
2021-04-03 02:04:07,541 - INFO - Writing overlap_65/OC3_TK/OC3_TK.report.json
2021-04-04 18:37:16,711 - INFO - Writing log to overlap_65/OC3_TK/OC3_TK.log
2021-04-04 18:37:16,738 - INFO - References:
 - OC3_TK
2021-04-04 18:37:16,738 - INFO - Primary reference for coordinate system: OC3_TK
2021-04-04 18:37:16,738 - INFO - Considering primers from all references
2021-04-04 18:37:31,014 - INFO - All done! Scheme created with 19 regions, 5 gaps, 86.78% coverage
2021-04-04 18:37:31,014 - INFO - Writing overlap_65/OC3_TK/OC3_TK.primer.bed
2021-04-04 18:37:31,018 - INFO - Writing overlap_65/OC3_TK/OC3_TK.insert.bed
2021-04-04 18:37:31,020 - INFO - Writing overlap_65/OC3_TK/OC3_TK.primer.tsv
2021-04-04 18:37:31,023 - INFO - Writing overlap_65/OC3_TK/OC3_TK.reference.fasta
2021-04-04 18:37:31,035 - INFO - Writing overlap_65/OC3_TK/OC3_TK.plot.pdf
2021-04-04 18:37:31,036 - INFO - Writing overlap_65/OC3_TK/OC3_TK.plot.svg
2021-04-04 18:37:31,081 - INFO - Writing overlap_65/OC3_TK/OC3_TK.report.json
