2021-04-03 11:37:27,598 - INFO - Writing log to overlap_85/4H3M2EDPR1_TK/4H3M2EDPR1_TK.log
2021-04-03 11:37:27,604 - INFO - References:
 - 4H3M2EDPR1_TK
2021-04-03 11:37:27,604 - INFO - Primary reference for coordinate system: 4H3M2EDPR1_TK
2021-04-03 11:37:27,605 - INFO - Considering primers from all references
2021-04-03 11:37:34,797 - INFO - All done! Scheme created with 11 regions, 4 gaps, 73.82% coverage
2021-04-03 11:37:34,797 - INFO - Writing overlap_85/4H3M2EDPR1_TK/4H3M2EDPR1_TK.primer.bed
2021-04-03 11:37:34,798 - INFO - Writing overlap_85/4H3M2EDPR1_TK/4H3M2EDPR1_TK.insert.bed
2021-04-03 11:37:34,799 - INFO - Writing overlap_85/4H3M2EDPR1_TK/4H3M2EDPR1_TK.primer.tsv
2021-04-03 11:37:34,800 - INFO - Writing overlap_85/4H3M2EDPR1_TK/4H3M2EDPR1_TK.reference.fasta
2021-04-03 11:37:34,807 - INFO - Writing overlap_85/4H3M2EDPR1_TK/4H3M2EDPR1_TK.plot.pdf
2021-04-03 11:37:34,807 - INFO - Writing overlap_85/4H3M2EDPR1_TK/4H3M2EDPR1_TK.plot.svg
2021-04-03 11:37:34,832 - INFO - Writing overlap_85/4H3M2EDPR1_TK/4H3M2EDPR1_TK.report.json
2021-04-04 19:29:55,285 - INFO - Writing log to overlap_85/4H3M2EDPR1_TK/4H3M2EDPR1_TK.log
2021-04-04 19:29:55,306 - INFO - References:
 - 4H3M2EDPR1_TK
2021-04-04 19:29:55,306 - INFO - Primary reference for coordinate system: 4H3M2EDPR1_TK
2021-04-04 19:29:55,306 - INFO - Considering primers from all references
2021-04-04 19:30:03,358 - INFO - All done! Scheme created with 11 regions, 4 gaps, 73.82% coverage
2021-04-04 19:30:03,359 - INFO - Writing overlap_85/4H3M2EDPR1_TK/4H3M2EDPR1_TK.primer.bed
2021-04-04 19:30:03,361 - INFO - Writing overlap_85/4H3M2EDPR1_TK/4H3M2EDPR1_TK.insert.bed
2021-04-04 19:30:03,364 - INFO - Writing overlap_85/4H3M2EDPR1_TK/4H3M2EDPR1_TK.primer.tsv
2021-04-04 19:30:03,366 - INFO - Writing overlap_85/4H3M2EDPR1_TK/4H3M2EDPR1_TK.reference.fasta
2021-04-04 19:30:03,375 - INFO - Writing overlap_85/4H3M2EDPR1_TK/4H3M2EDPR1_TK.plot.pdf
2021-04-04 19:30:03,375 - INFO - Writing overlap_85/4H3M2EDPR1_TK/4H3M2EDPR1_TK.plot.svg
2021-04-04 19:30:03,407 - INFO - Writing overlap_85/4H3M2EDPR1_TK/4H3M2EDPR1_TK.report.json
