2021-04-03 00:30:40,764 - INFO - Writing log to overlap_40/1DDX5PS3_TK/1DDX5PS3_TK.log
2021-04-03 00:30:40,773 - INFO - References:
 - 1DDX5PS3_TK
2021-04-03 00:30:40,773 - INFO - Primary reference for coordinate system: 1DDX5PS3_TK
2021-04-03 00:30:40,773 - INFO - Considering primers from all references
2021-04-03 00:30:51,543 - INFO - All done! Scheme created with 14 regions, 6 gaps, 72.99% coverage
2021-04-03 00:30:51,543 - INFO - Writing overlap_40/1DDX5PS3_TK/1DDX5PS3_TK.primer.bed
2021-04-03 00:30:51,545 - INFO - Writing overlap_40/1DDX5PS3_TK/1DDX5PS3_TK.insert.bed
2021-04-03 00:30:51,546 - INFO - Writing overlap_40/1DDX5PS3_TK/1DDX5PS3_TK.primer.tsv
2021-04-03 00:30:51,547 - INFO - Writing overlap_40/1DDX5PS3_TK/1DDX5PS3_TK.reference.fasta
2021-04-03 00:30:51,556 - INFO - Writing overlap_40/1DDX5PS3_TK/1DDX5PS3_TK.plot.pdf
2021-04-03 00:30:51,556 - INFO - Writing overlap_40/1DDX5PS3_TK/1DDX5PS3_TK.plot.svg
2021-04-03 00:30:51,594 - INFO - Writing overlap_40/1DDX5PS3_TK/1DDX5PS3_TK.report.json
2021-04-04 17:13:08,622 - INFO - Writing log to overlap_40/1DDX5PS3_TK/1DDX5PS3_TK.log
2021-04-04 17:13:08,661 - INFO - References:
 - 1DDX5PS3_TK
2021-04-04 17:13:08,661 - INFO - Primary reference for coordinate system: 1DDX5PS3_TK
2021-04-04 17:13:08,661 - INFO - Considering primers from all references
2021-04-04 17:13:18,516 - INFO - All done! Scheme created with 14 regions, 6 gaps, 72.99% coverage
2021-04-04 17:13:18,516 - INFO - Writing overlap_40/1DDX5PS3_TK/1DDX5PS3_TK.primer.bed
2021-04-04 17:13:18,521 - INFO - Writing overlap_40/1DDX5PS3_TK/1DDX5PS3_TK.insert.bed
2021-04-04 17:13:18,524 - INFO - Writing overlap_40/1DDX5PS3_TK/1DDX5PS3_TK.primer.tsv
2021-04-04 17:13:18,527 - INFO - Writing overlap_40/1DDX5PS3_TK/1DDX5PS3_TK.reference.fasta
2021-04-04 17:13:18,538 - INFO - Writing overlap_40/1DDX5PS3_TK/1DDX5PS3_TK.plot.pdf
2021-04-04 17:13:18,538 - INFO - Writing overlap_40/1DDX5PS3_TK/1DDX5PS3_TK.plot.svg
2021-04-04 17:13:18,577 - INFO - Writing overlap_40/1DDX5PS3_TK/1DDX5PS3_TK.report.json
