2021-04-03 11:13:55,444 - INFO - Writing log to overlap_75/EG_TK/EG_TK.log
2021-04-03 11:13:55,461 - INFO - References:
 - EG_TK
2021-04-03 11:13:55,461 - INFO - Primary reference for coordinate system: EG_TK
2021-04-03 11:13:55,461 - INFO - Considering primers from all references
2021-04-03 11:14:05,050 - INFO - All done! Scheme created with 15 regions, 3 gaps, 85.86% coverage
2021-04-03 11:14:05,051 - INFO - Writing overlap_75/EG_TK/EG_TK.primer.bed
2021-04-03 11:14:05,052 - INFO - Writing overlap_75/EG_TK/EG_TK.insert.bed
2021-04-03 11:14:05,052 - INFO - Writing overlap_75/EG_TK/EG_TK.primer.tsv
2021-04-03 11:14:05,053 - INFO - Writing overlap_75/EG_TK/EG_TK.reference.fasta
2021-04-03 11:14:05,060 - INFO - Writing overlap_75/EG_TK/EG_TK.plot.pdf
2021-04-03 11:14:05,060 - INFO - Writing overlap_75/EG_TK/EG_TK.plot.svg
2021-04-03 11:14:05,112 - INFO - Writing overlap_75/EG_TK/EG_TK.report.json
2021-04-04 19:03:43,874 - INFO - Writing log to overlap_75/EG_TK/EG_TK.log
2021-04-04 19:03:43,904 - INFO - References:
 - EG_TK
2021-04-04 19:03:43,904 - INFO - Primary reference for coordinate system: EG_TK
2021-04-04 19:03:43,904 - INFO - Considering primers from all references
2021-04-04 19:03:54,541 - INFO - All done! Scheme created with 15 regions, 3 gaps, 85.86% coverage
2021-04-04 19:03:54,542 - INFO - Writing overlap_75/EG_TK/EG_TK.primer.bed
2021-04-04 19:03:54,545 - INFO - Writing overlap_75/EG_TK/EG_TK.insert.bed
2021-04-04 19:03:54,549 - INFO - Writing overlap_75/EG_TK/EG_TK.primer.tsv
2021-04-04 19:03:54,553 - INFO - Writing overlap_75/EG_TK/EG_TK.reference.fasta
2021-04-04 19:03:54,565 - INFO - Writing overlap_75/EG_TK/EG_TK.plot.pdf
2021-04-04 19:03:54,565 - INFO - Writing overlap_75/EG_TK/EG_TK.plot.svg
2021-04-04 19:03:54,605 - INFO - Writing overlap_75/EG_TK/EG_TK.report.json
