2021-04-03 11:13:03,176 - INFO - Writing log to overlap_75/CPT2_TK/CPT2_TK.log
2021-04-03 11:13:03,195 - INFO - References:
 - CPT2_TK
2021-04-03 11:13:03,196 - INFO - Primary reference for coordinate system: CPT2_TK
2021-04-03 11:13:03,196 - INFO - Considering primers from all references
2021-04-03 11:13:05,529 - INFO - All done! Scheme created with 4 regions, 1 gap, 65.71% coverage
2021-04-03 11:13:05,529 - INFO - Writing overlap_75/CPT2_TK/CPT2_TK.primer.bed
2021-04-03 11:13:05,531 - INFO - Writing overlap_75/CPT2_TK/CPT2_TK.insert.bed
2021-04-03 11:13:05,531 - INFO - Writing overlap_75/CPT2_TK/CPT2_TK.primer.tsv
2021-04-03 11:13:05,532 - INFO - Writing overlap_75/CPT2_TK/CPT2_TK.reference.fasta
2021-04-03 11:13:05,535 - INFO - Writing overlap_75/CPT2_TK/CPT2_TK.plot.pdf
2021-04-03 11:13:05,536 - INFO - Writing overlap_75/CPT2_TK/CPT2_TK.plot.svg
2021-04-03 11:13:05,566 - INFO - Writing overlap_75/CPT2_TK/CPT2_TK.report.json
2021-04-04 19:02:45,296 - INFO - Writing log to overlap_75/CPT2_TK/CPT2_TK.log
2021-04-04 19:02:45,314 - INFO - References:
 - CPT2_TK
2021-04-04 19:02:45,314 - INFO - Primary reference for coordinate system: CPT2_TK
2021-04-04 19:02:45,314 - INFO - Considering primers from all references
2021-04-04 19:02:47,885 - INFO - All done! Scheme created with 4 regions, 1 gap, 65.71% coverage
2021-04-04 19:02:47,885 - INFO - Writing overlap_75/CPT2_TK/CPT2_TK.primer.bed
2021-04-04 19:02:47,889 - INFO - Writing overlap_75/CPT2_TK/CPT2_TK.insert.bed
2021-04-04 19:02:47,893 - INFO - Writing overlap_75/CPT2_TK/CPT2_TK.primer.tsv
2021-04-04 19:02:47,896 - INFO - Writing overlap_75/CPT2_TK/CPT2_TK.reference.fasta
2021-04-04 19:02:47,903 - INFO - Writing overlap_75/CPT2_TK/CPT2_TK.plot.pdf
2021-04-04 19:02:47,903 - INFO - Writing overlap_75/CPT2_TK/CPT2_TK.plot.svg
2021-04-04 19:02:47,943 - INFO - Writing overlap_75/CPT2_TK/CPT2_TK.report.json
