2021-04-03 11:28:31,648 - INFO - Writing log to overlap_80/FT_TK/FT_TK.log
2021-04-03 11:28:31,654 - INFO - References:
 - FT_TK
2021-04-03 11:28:31,654 - INFO - Primary reference for coordinate system: FT_TK
2021-04-03 11:28:31,654 - INFO - Considering primers from all references
2021-04-03 11:28:41,492 - INFO - All done! Scheme created with 15 regions, 5 gaps, 84.89% coverage
2021-04-03 11:28:41,492 - INFO - Writing overlap_80/FT_TK/FT_TK.primer.bed
2021-04-03 11:28:41,493 - INFO - Writing overlap_80/FT_TK/FT_TK.insert.bed
2021-04-03 11:28:41,494 - INFO - Writing overlap_80/FT_TK/FT_TK.primer.tsv
2021-04-03 11:28:41,495 - INFO - Writing overlap_80/FT_TK/FT_TK.reference.fasta
2021-04-03 11:28:41,503 - INFO - Writing overlap_80/FT_TK/FT_TK.plot.pdf
2021-04-03 11:28:41,503 - INFO - Writing overlap_80/FT_TK/FT_TK.plot.svg
2021-04-03 11:28:41,532 - INFO - Writing overlap_80/FT_TK/FT_TK.report.json
2021-04-04 19:19:58,905 - INFO - Writing log to overlap_80/FT_TK/FT_TK.log
2021-04-04 19:19:58,930 - INFO - References:
 - FT_TK
2021-04-04 19:19:58,930 - INFO - Primary reference for coordinate system: FT_TK
2021-04-04 19:19:58,931 - INFO - Considering primers from all references
2021-04-04 19:20:09,864 - INFO - All done! Scheme created with 15 regions, 5 gaps, 84.89% coverage
2021-04-04 19:20:09,864 - INFO - Writing overlap_80/FT_TK/FT_TK.primer.bed
2021-04-04 19:20:09,867 - INFO - Writing overlap_80/FT_TK/FT_TK.insert.bed
2021-04-04 19:20:09,870 - INFO - Writing overlap_80/FT_TK/FT_TK.primer.tsv
2021-04-04 19:20:09,873 - INFO - Writing overlap_80/FT_TK/FT_TK.reference.fasta
2021-04-04 19:20:09,883 - INFO - Writing overlap_80/FT_TK/FT_TK.plot.pdf
2021-04-04 19:20:09,883 - INFO - Writing overlap_80/FT_TK/FT_TK.plot.svg
2021-04-04 19:20:09,920 - INFO - Writing overlap_80/FT_TK/FT_TK.report.json
