2021-04-02 20:47:22,806 - INFO - Writing log to overlap_70/PMIP1B_TK/PMIP1B_TK.log
2021-04-02 20:47:22,832 - INFO - References:
 - PMIP1B_TK
2021-04-02 20:47:22,832 - INFO - Primary reference for coordinate system: PMIP1B_TK
2021-04-02 20:47:22,832 - INFO - Considering primers from all references
2021-04-02 20:47:26,742 - INFO - All done! Scheme created with 6 regions, 1 gap, 79.32% coverage
2021-04-02 20:47:26,743 - INFO - Writing overlap_70/PMIP1B_TK/PMIP1B_TK.primer.bed
2021-04-02 20:47:26,744 - INFO - Writing overlap_70/PMIP1B_TK/PMIP1B_TK.insert.bed
2021-04-02 20:47:26,745 - INFO - Writing overlap_70/PMIP1B_TK/PMIP1B_TK.primer.tsv
2021-04-02 20:47:26,745 - INFO - Writing overlap_70/PMIP1B_TK/PMIP1B_TK.reference.fasta
2021-04-02 20:47:26,750 - INFO - Writing overlap_70/PMIP1B_TK/PMIP1B_TK.plot.pdf
2021-04-02 20:47:26,751 - INFO - Writing overlap_70/PMIP1B_TK/PMIP1B_TK.plot.svg
2021-04-02 20:47:26,772 - INFO - Writing overlap_70/PMIP1B_TK/PMIP1B_TK.report.json
2021-04-03 02:22:08,517 - INFO - Writing log to overlap_70/PMIP1B_TK/PMIP1B_TK.log
2021-04-03 02:22:08,538 - INFO - References:
 - PMIP1B_TK
2021-04-03 02:22:08,538 - INFO - Primary reference for coordinate system: PMIP1B_TK
2021-04-03 02:22:08,538 - INFO - Considering primers from all references
2021-04-03 02:22:12,963 - INFO - All done! Scheme created with 6 regions, 1 gap, 79.32% coverage
2021-04-03 02:22:12,963 - INFO - Writing overlap_70/PMIP1B_TK/PMIP1B_TK.primer.bed
2021-04-03 02:22:12,969 - INFO - Writing overlap_70/PMIP1B_TK/PMIP1B_TK.insert.bed
2021-04-03 02:22:12,973 - INFO - Writing overlap_70/PMIP1B_TK/PMIP1B_TK.primer.tsv
2021-04-03 02:22:12,978 - INFO - Writing overlap_70/PMIP1B_TK/PMIP1B_TK.reference.fasta
2021-04-03 02:22:12,987 - INFO - Writing overlap_70/PMIP1B_TK/PMIP1B_TK.plot.pdf
2021-04-03 02:22:12,988 - INFO - Writing overlap_70/PMIP1B_TK/PMIP1B_TK.plot.svg
2021-04-03 02:22:13,018 - INFO - Writing overlap_70/PMIP1B_TK/PMIP1B_TK.report.json
