2021-04-03 01:22:36,940 - INFO - Writing log to overlap_55/4H3M2EDPR1_TK/4H3M2EDPR1_TK.log
2021-04-03 01:22:36,949 - INFO - References:
 - 4H3M2EDPR1_TK
2021-04-03 01:22:36,949 - INFO - Primary reference for coordinate system: 4H3M2EDPR1_TK
2021-04-03 01:22:36,949 - INFO - Considering primers from all references
2021-04-03 01:22:45,778 - INFO - All done! Scheme created with 11 regions, 4 gaps, 73.82% coverage
2021-04-03 01:22:45,778 - INFO - Writing overlap_55/4H3M2EDPR1_TK/4H3M2EDPR1_TK.primer.bed
2021-04-03 01:22:45,780 - INFO - Writing overlap_55/4H3M2EDPR1_TK/4H3M2EDPR1_TK.insert.bed
2021-04-03 01:22:45,781 - INFO - Writing overlap_55/4H3M2EDPR1_TK/4H3M2EDPR1_TK.primer.tsv
2021-04-03 01:22:45,781 - INFO - Writing overlap_55/4H3M2EDPR1_TK/4H3M2EDPR1_TK.reference.fasta
2021-04-03 01:22:45,790 - INFO - Writing overlap_55/4H3M2EDPR1_TK/4H3M2EDPR1_TK.plot.pdf
2021-04-03 01:22:45,790 - INFO - Writing overlap_55/4H3M2EDPR1_TK/4H3M2EDPR1_TK.plot.svg
2021-04-03 01:22:45,822 - INFO - Writing overlap_55/4H3M2EDPR1_TK/4H3M2EDPR1_TK.report.json
2021-04-04 18:00:07,216 - INFO - Writing log to overlap_55/4H3M2EDPR1_TK/4H3M2EDPR1_TK.log
2021-04-04 18:00:07,267 - INFO - References:
 - 4H3M2EDPR1_TK
2021-04-04 18:00:07,267 - INFO - Primary reference for coordinate system: 4H3M2EDPR1_TK
2021-04-04 18:00:07,267 - INFO - Considering primers from all references
2021-04-04 18:00:15,406 - INFO - All done! Scheme created with 11 regions, 4 gaps, 73.82% coverage
2021-04-04 18:00:15,407 - INFO - Writing overlap_55/4H3M2EDPR1_TK/4H3M2EDPR1_TK.primer.bed
2021-04-04 18:00:15,410 - INFO - Writing overlap_55/4H3M2EDPR1_TK/4H3M2EDPR1_TK.insert.bed
2021-04-04 18:00:15,412 - INFO - Writing overlap_55/4H3M2EDPR1_TK/4H3M2EDPR1_TK.primer.tsv
2021-04-04 18:00:15,415 - INFO - Writing overlap_55/4H3M2EDPR1_TK/4H3M2EDPR1_TK.reference.fasta
2021-04-04 18:00:15,424 - INFO - Writing overlap_55/4H3M2EDPR1_TK/4H3M2EDPR1_TK.plot.pdf
2021-04-04 18:00:15,424 - INFO - Writing overlap_55/4H3M2EDPR1_TK/4H3M2EDPR1_TK.plot.svg
2021-04-04 18:00:15,455 - INFO - Writing overlap_55/4H3M2EDPR1_TK/4H3M2EDPR1_TK.report.json
