2021-04-03 01:59:29,361 - INFO - Writing log to overlap_65/DnaJP2_TK/DnaJP2_TK.log
2021-04-03 01:59:29,370 - INFO - References:
 - DnaJP2_TK
2021-04-03 01:59:29,370 - INFO - Primary reference for coordinate system: DnaJP2_TK
2021-04-03 01:59:29,370 - INFO - Considering primers from all references
2021-04-03 01:59:37,030 - INFO - All done! Scheme created with 10 regions, 3 gaps, 83.09% coverage
2021-04-03 01:59:37,031 - INFO - Writing overlap_65/DnaJP2_TK/DnaJP2_TK.primer.bed
2021-04-03 01:59:37,032 - INFO - Writing overlap_65/DnaJP2_TK/DnaJP2_TK.insert.bed
2021-04-03 01:59:37,033 - INFO - Writing overlap_65/DnaJP2_TK/DnaJP2_TK.primer.tsv
2021-04-03 01:59:37,034 - INFO - Writing overlap_65/DnaJP2_TK/DnaJP2_TK.reference.fasta
2021-04-03 01:59:37,042 - INFO - Writing overlap_65/DnaJP2_TK/DnaJP2_TK.plot.pdf
2021-04-03 01:59:37,042 - INFO - Writing overlap_65/DnaJP2_TK/DnaJP2_TK.plot.svg
2021-04-03 01:59:37,072 - INFO - Writing overlap_65/DnaJP2_TK/DnaJP2_TK.report.json
2021-04-04 18:33:16,593 - INFO - Writing log to overlap_65/DnaJP2_TK/DnaJP2_TK.log
2021-04-04 18:33:16,624 - INFO - References:
 - DnaJP2_TK
2021-04-04 18:33:16,624 - INFO - Primary reference for coordinate system: DnaJP2_TK
2021-04-04 18:33:16,624 - INFO - Considering primers from all references
2021-04-04 18:33:23,710 - INFO - All done! Scheme created with 10 regions, 3 gaps, 83.09% coverage
2021-04-04 18:33:23,710 - INFO - Writing overlap_65/DnaJP2_TK/DnaJP2_TK.primer.bed
2021-04-04 18:33:23,713 - INFO - Writing overlap_65/DnaJP2_TK/DnaJP2_TK.insert.bed
2021-04-04 18:33:23,715 - INFO - Writing overlap_65/DnaJP2_TK/DnaJP2_TK.primer.tsv
2021-04-04 18:33:23,717 - INFO - Writing overlap_65/DnaJP2_TK/DnaJP2_TK.reference.fasta
2021-04-04 18:33:23,726 - INFO - Writing overlap_65/DnaJP2_TK/DnaJP2_TK.plot.pdf
2021-04-04 18:33:23,726 - INFO - Writing overlap_65/DnaJP2_TK/DnaJP2_TK.plot.svg
2021-04-04 18:33:23,756 - INFO - Writing overlap_65/DnaJP2_TK/DnaJP2_TK.report.json
