2021-04-03 01:30:55,568 - INFO - Writing log to overlap_55/OC4_TK/OC4_TK.log
2021-04-03 01:30:55,577 - INFO - References:
 - OC4_TK
2021-04-03 01:30:55,577 - INFO - Primary reference for coordinate system: OC4_TK
2021-04-03 01:30:55,577 - INFO - Considering primers from all references
2021-04-03 01:31:11,578 - INFO - All done! Scheme created with 19 regions, 4 gaps, 89.39% coverage
2021-04-03 01:31:11,579 - INFO - Writing overlap_55/OC4_TK/OC4_TK.primer.bed
2021-04-03 01:31:11,580 - INFO - Writing overlap_55/OC4_TK/OC4_TK.insert.bed
2021-04-03 01:31:11,580 - INFO - Writing overlap_55/OC4_TK/OC4_TK.primer.tsv
2021-04-03 01:31:11,581 - INFO - Writing overlap_55/OC4_TK/OC4_TK.reference.fasta
2021-04-03 01:31:11,593 - INFO - Writing overlap_55/OC4_TK/OC4_TK.plot.pdf
2021-04-03 01:31:11,593 - INFO - Writing overlap_55/OC4_TK/OC4_TK.plot.svg
2021-04-03 01:31:11,638 - INFO - Writing overlap_55/OC4_TK/OC4_TK.report.json
2021-04-04 18:07:33,059 - INFO - Writing log to overlap_55/OC4_TK/OC4_TK.log
2021-04-04 18:07:33,088 - INFO - References:
 - OC4_TK
2021-04-04 18:07:33,088 - INFO - Primary reference for coordinate system: OC4_TK
2021-04-04 18:07:33,088 - INFO - Considering primers from all references
2021-04-04 18:07:47,379 - INFO - All done! Scheme created with 19 regions, 4 gaps, 89.39% coverage
2021-04-04 18:07:47,379 - INFO - Writing overlap_55/OC4_TK/OC4_TK.primer.bed
2021-04-04 18:07:47,382 - INFO - Writing overlap_55/OC4_TK/OC4_TK.insert.bed
2021-04-04 18:07:47,384 - INFO - Writing overlap_55/OC4_TK/OC4_TK.primer.tsv
2021-04-04 18:07:47,387 - INFO - Writing overlap_55/OC4_TK/OC4_TK.reference.fasta
2021-04-04 18:07:47,399 - INFO - Writing overlap_55/OC4_TK/OC4_TK.plot.pdf
2021-04-04 18:07:47,400 - INFO - Writing overlap_55/OC4_TK/OC4_TK.plot.svg
2021-04-04 18:07:47,445 - INFO - Writing overlap_55/OC4_TK/OC4_TK.report.json
