2020-12-01 05:21:43,895 - INFO - Writing log to overlap_60/1_SST_TK/1_SST_TK.log
2020-12-01 05:21:43,900 - INFO - References:
 - 1_SST_TK
2020-12-01 05:21:43,901 - INFO - Primary reference for coordinate system: 1_SST_TK
2020-12-01 05:21:43,901 - INFO - Considering primers from all references
2020-12-01 05:21:45,920 - INFO - All done! Scheme created with 25 regions, 11 gaps, 76.1% coverage
2020-12-01 05:21:45,920 - INFO - Writing overlap_60/1_SST_TK/1_SST_TK.primer.bed
2020-12-01 05:21:45,921 - INFO - Writing overlap_60/1_SST_TK/1_SST_TK.insert.bed
2020-12-01 05:21:45,922 - INFO - Writing overlap_60/1_SST_TK/1_SST_TK.primer.tsv
2020-12-01 05:21:45,922 - INFO - Writing overlap_60/1_SST_TK/1_SST_TK.reference.fasta
2020-12-01 05:21:45,932 - INFO - Writing overlap_60/1_SST_TK/1_SST_TK.plot.pdf
2020-12-01 05:21:45,932 - INFO - Writing overlap_60/1_SST_TK/1_SST_TK.plot.svg
2020-12-01 05:21:45,970 - INFO - Writing overlap_60/1_SST_TK/1_SST_TK.report.json
2021-04-03 01:37:46,565 - INFO - Writing log to overlap_60/1_SST_TK/1_SST_TK.log
2021-04-03 01:37:46,591 - INFO - References:
 - 1_SST_TK
2021-04-03 01:37:46,591 - INFO - Primary reference for coordinate system: 1_SST_TK
2021-04-03 01:37:46,591 - INFO - Considering primers from all references
2021-04-03 01:38:05,557 - INFO - All done! Scheme created with 15 regions, 5 gaps, 84.93% coverage
2021-04-03 01:38:05,557 - INFO - Writing overlap_60/1_SST_TK/1_SST_TK.primer.bed
2021-04-03 01:38:05,562 - INFO - Writing overlap_60/1_SST_TK/1_SST_TK.insert.bed
2021-04-03 01:38:05,566 - INFO - Writing overlap_60/1_SST_TK/1_SST_TK.primer.tsv
2021-04-03 01:38:05,570 - INFO - Writing overlap_60/1_SST_TK/1_SST_TK.reference.fasta
2021-04-03 01:38:05,661 - INFO - Writing overlap_60/1_SST_TK/1_SST_TK.plot.pdf
2021-04-03 01:38:05,661 - INFO - Writing overlap_60/1_SST_TK/1_SST_TK.plot.svg
2021-04-03 01:38:05,705 - INFO - Writing overlap_60/1_SST_TK/1_SST_TK.report.json
2021-04-04 18:13:42,677 - INFO - Writing log to overlap_60/1_SST_TK/1_SST_TK.log
2021-04-04 18:13:42,696 - INFO - References:
 - 1_SST_TK
2021-04-04 18:13:42,696 - INFO - Primary reference for coordinate system: 1_SST_TK
2021-04-04 18:13:42,696 - INFO - Considering primers from all references
2021-04-04 18:13:59,916 - INFO - All done! Scheme created with 15 regions, 5 gaps, 84.93% coverage
2021-04-04 18:13:59,916 - INFO - Writing overlap_60/1_SST_TK/1_SST_TK.primer.bed
2021-04-04 18:13:59,919 - INFO - Writing overlap_60/1_SST_TK/1_SST_TK.insert.bed
2021-04-04 18:13:59,922 - INFO - Writing overlap_60/1_SST_TK/1_SST_TK.primer.tsv
2021-04-04 18:13:59,924 - INFO - Writing overlap_60/1_SST_TK/1_SST_TK.reference.fasta
2021-04-04 18:13:59,985 - INFO - Writing overlap_60/1_SST_TK/1_SST_TK.plot.pdf
2021-04-04 18:13:59,985 - INFO - Writing overlap_60/1_SST_TK/1_SST_TK.plot.svg
2021-04-04 18:14:00,025 - INFO - Writing overlap_60/1_SST_TK/1_SST_TK.report.json
