2021-04-03 01:11:52,253 - INFO - Writing log to overlap_50/GGDPS1_TK/GGDPS1_TK.log
2021-04-03 01:11:52,271 - INFO - References:
 - GGDPS1_TK
2021-04-03 01:11:52,271 - INFO - Primary reference for coordinate system: GGDPS1_TK
2021-04-03 01:11:52,271 - INFO - Considering primers from all references
2021-04-03 01:11:56,797 - INFO - All done! Scheme created with 6 regions, 2 gaps, 81.14% coverage
2021-04-03 01:11:56,798 - INFO - Writing overlap_50/GGDPS1_TK/GGDPS1_TK.primer.bed
2021-04-03 01:11:56,799 - INFO - Writing overlap_50/GGDPS1_TK/GGDPS1_TK.insert.bed
2021-04-03 01:11:56,799 - INFO - Writing overlap_50/GGDPS1_TK/GGDPS1_TK.primer.tsv
2021-04-03 01:11:56,800 - INFO - Writing overlap_50/GGDPS1_TK/GGDPS1_TK.reference.fasta
2021-04-03 01:11:56,805 - INFO - Writing overlap_50/GGDPS1_TK/GGDPS1_TK.plot.pdf
2021-04-03 01:11:56,806 - INFO - Writing overlap_50/GGDPS1_TK/GGDPS1_TK.plot.svg
2021-04-03 01:11:56,830 - INFO - Writing overlap_50/GGDPS1_TK/GGDPS1_TK.report.json
2021-04-04 17:50:29,612 - INFO - Writing log to overlap_50/GGDPS1_TK/GGDPS1_TK.log
2021-04-04 17:50:29,647 - INFO - References:
 - GGDPS1_TK
2021-04-04 17:50:29,647 - INFO - Primary reference for coordinate system: GGDPS1_TK
2021-04-04 17:50:29,647 - INFO - Considering primers from all references
2021-04-04 17:50:33,790 - INFO - All done! Scheme created with 6 regions, 2 gaps, 81.14% coverage
2021-04-04 17:50:33,790 - INFO - Writing overlap_50/GGDPS1_TK/GGDPS1_TK.primer.bed
2021-04-04 17:50:33,793 - INFO - Writing overlap_50/GGDPS1_TK/GGDPS1_TK.insert.bed
2021-04-04 17:50:33,796 - INFO - Writing overlap_50/GGDPS1_TK/GGDPS1_TK.primer.tsv
2021-04-04 17:50:33,799 - INFO - Writing overlap_50/GGDPS1_TK/GGDPS1_TK.reference.fasta
2021-04-04 17:50:33,805 - INFO - Writing overlap_50/GGDPS1_TK/GGDPS1_TK.plot.pdf
2021-04-04 17:50:33,806 - INFO - Writing overlap_50/GGDPS1_TK/GGDPS1_TK.plot.svg
2021-04-04 17:50:33,829 - INFO - Writing overlap_50/GGDPS1_TK/GGDPS1_TK.report.json
