2021-04-03 00:56:41,026 - INFO - Writing log to overlap_45/OC2_TK/OC2_TK.log
2021-04-03 00:56:41,036 - INFO - References:
 - OC2_TK
2021-04-03 00:56:41,036 - INFO - Primary reference for coordinate system: OC2_TK
2021-04-03 00:56:41,036 - INFO - Considering primers from all references
2021-04-03 00:57:08,402 - INFO - All done! Scheme created with 32 regions, 10 gaps, 83.22% coverage
2021-04-03 00:57:08,403 - INFO - Writing overlap_45/OC2_TK/OC2_TK.primer.bed
2021-04-03 00:57:08,404 - INFO - Writing overlap_45/OC2_TK/OC2_TK.insert.bed
2021-04-03 00:57:08,405 - INFO - Writing overlap_45/OC2_TK/OC2_TK.primer.tsv
2021-04-03 00:57:08,407 - INFO - Writing overlap_45/OC2_TK/OC2_TK.reference.fasta
2021-04-03 00:57:08,425 - INFO - Writing overlap_45/OC2_TK/OC2_TK.plot.pdf
2021-04-03 00:57:08,426 - INFO - Writing overlap_45/OC2_TK/OC2_TK.plot.svg
2021-04-03 00:57:08,495 - INFO - Writing overlap_45/OC2_TK/OC2_TK.report.json
2021-04-04 17:36:40,620 - INFO - Writing log to overlap_45/OC2_TK/OC2_TK.log
2021-04-04 17:36:40,641 - INFO - References:
 - OC2_TK
2021-04-04 17:36:40,641 - INFO - Primary reference for coordinate system: OC2_TK
2021-04-04 17:36:40,641 - INFO - Considering primers from all references
2021-04-04 17:37:05,443 - INFO - All done! Scheme created with 32 regions, 10 gaps, 83.22% coverage
2021-04-04 17:37:05,443 - INFO - Writing overlap_45/OC2_TK/OC2_TK.primer.bed
2021-04-04 17:37:05,447 - INFO - Writing overlap_45/OC2_TK/OC2_TK.insert.bed
2021-04-04 17:37:05,449 - INFO - Writing overlap_45/OC2_TK/OC2_TK.primer.tsv
2021-04-04 17:37:05,452 - INFO - Writing overlap_45/OC2_TK/OC2_TK.reference.fasta
2021-04-04 17:37:05,471 - INFO - Writing overlap_45/OC2_TK/OC2_TK.plot.pdf
2021-04-04 17:37:05,471 - INFO - Writing overlap_45/OC2_TK/OC2_TK.plot.svg
2021-04-04 17:37:05,539 - INFO - Writing overlap_45/OC2_TK/OC2_TK.report.json
