2021-04-03 01:00:50,273 - INFO - Writing log to overlap_45/SQE2_TK/SQE2_TK.log
2021-04-03 01:00:50,294 - INFO - References:
 - SQE2_TK
2021-04-03 01:00:50,294 - INFO - Primary reference for coordinate system: SQE2_TK
2021-04-03 01:00:50,294 - INFO - Considering primers from all references
2021-04-03 01:01:00,474 - INFO - All done! Scheme created with 13 regions, 5 gaps, 89.38% coverage
2021-04-03 01:01:00,474 - INFO - Writing overlap_45/SQE2_TK/SQE2_TK.primer.bed
2021-04-03 01:01:00,476 - INFO - Writing overlap_45/SQE2_TK/SQE2_TK.insert.bed
2021-04-03 01:01:00,476 - INFO - Writing overlap_45/SQE2_TK/SQE2_TK.primer.tsv
2021-04-03 01:01:00,477 - INFO - Writing overlap_45/SQE2_TK/SQE2_TK.reference.fasta
2021-04-03 01:01:00,486 - INFO - Writing overlap_45/SQE2_TK/SQE2_TK.plot.pdf
2021-04-03 01:01:00,487 - INFO - Writing overlap_45/SQE2_TK/SQE2_TK.plot.svg
2021-04-03 01:01:00,521 - INFO - Writing overlap_45/SQE2_TK/SQE2_TK.report.json
2021-04-04 17:40:22,682 - INFO - Writing log to overlap_45/SQE2_TK/SQE2_TK.log
2021-04-04 17:40:22,695 - INFO - References:
 - SQE2_TK
2021-04-04 17:40:22,695 - INFO - Primary reference for coordinate system: SQE2_TK
2021-04-04 17:40:22,695 - INFO - Considering primers from all references
2021-04-04 17:40:31,802 - INFO - All done! Scheme created with 13 regions, 5 gaps, 89.38% coverage
2021-04-04 17:40:31,802 - INFO - Writing overlap_45/SQE2_TK/SQE2_TK.primer.bed
2021-04-04 17:40:31,807 - INFO - Writing overlap_45/SQE2_TK/SQE2_TK.insert.bed
2021-04-04 17:40:31,811 - INFO - Writing overlap_45/SQE2_TK/SQE2_TK.primer.tsv
2021-04-04 17:40:31,814 - INFO - Writing overlap_45/SQE2_TK/SQE2_TK.reference.fasta
2021-04-04 17:40:31,825 - INFO - Writing overlap_45/SQE2_TK/SQE2_TK.plot.pdf
2021-04-04 17:40:31,825 - INFO - Writing overlap_45/SQE2_TK/SQE2_TK.plot.svg
2021-04-04 17:40:31,861 - INFO - Writing overlap_45/SQE2_TK/SQE2_TK.report.json
