2021-04-03 00:39:15,943 - INFO - Writing log to overlap_40/MDPD_TK/MDPD_TK.log
2021-04-03 00:39:15,968 - INFO - References:
 - MDPD_TK
2021-04-03 00:39:15,969 - INFO - Primary reference for coordinate system: MDPD_TK
2021-04-03 00:39:15,969 - INFO - Considering primers from all references
2021-04-03 00:39:22,730 - INFO - All done! Scheme created with 9 regions, 2 gaps, 78.77% coverage
2021-04-03 00:39:22,730 - INFO - Writing overlap_40/MDPD_TK/MDPD_TK.primer.bed
2021-04-03 00:39:22,731 - INFO - Writing overlap_40/MDPD_TK/MDPD_TK.insert.bed
2021-04-03 00:39:22,732 - INFO - Writing overlap_40/MDPD_TK/MDPD_TK.primer.tsv
2021-04-03 00:39:22,733 - INFO - Writing overlap_40/MDPD_TK/MDPD_TK.reference.fasta
2021-04-03 00:39:22,740 - INFO - Writing overlap_40/MDPD_TK/MDPD_TK.plot.pdf
2021-04-03 00:39:22,741 - INFO - Writing overlap_40/MDPD_TK/MDPD_TK.plot.svg
2021-04-03 00:39:22,768 - INFO - Writing overlap_40/MDPD_TK/MDPD_TK.report.json
2021-04-04 17:20:53,306 - INFO - Writing log to overlap_40/MDPD_TK/MDPD_TK.log
2021-04-04 17:20:53,334 - INFO - References:
 - MDPD_TK
2021-04-04 17:20:53,334 - INFO - Primary reference for coordinate system: MDPD_TK
2021-04-04 17:20:53,334 - INFO - Considering primers from all references
2021-04-04 17:20:59,598 - INFO - All done! Scheme created with 9 regions, 2 gaps, 78.77% coverage
2021-04-04 17:20:59,598 - INFO - Writing overlap_40/MDPD_TK/MDPD_TK.primer.bed
2021-04-04 17:20:59,602 - INFO - Writing overlap_40/MDPD_TK/MDPD_TK.insert.bed
2021-04-04 17:20:59,606 - INFO - Writing overlap_40/MDPD_TK/MDPD_TK.primer.tsv
2021-04-04 17:20:59,610 - INFO - Writing overlap_40/MDPD_TK/MDPD_TK.reference.fasta
2021-04-04 17:20:59,619 - INFO - Writing overlap_40/MDPD_TK/MDPD_TK.plot.pdf
2021-04-04 17:20:59,619 - INFO - Writing overlap_40/MDPD_TK/MDPD_TK.plot.svg
2021-04-04 17:20:59,650 - INFO - Writing overlap_40/MDPD_TK/MDPD_TK.report.json
