2021-04-03 01:41:32,597 - INFO - Writing log to overlap_60/CCT1_TK/CCT1_TK.log
2021-04-03 01:41:32,622 - INFO - References:
 - CCT1_TK
2021-04-03 01:41:32,623 - INFO - Primary reference for coordinate system: CCT1_TK
2021-04-03 01:41:32,623 - INFO - Considering primers from all references
2021-04-03 01:41:35,668 - INFO - All done! Scheme created with 4 regions, 1 gap, 68.13% coverage
2021-04-03 01:41:35,668 - INFO - Writing overlap_60/CCT1_TK/CCT1_TK.primer.bed
2021-04-03 01:41:35,669 - INFO - Writing overlap_60/CCT1_TK/CCT1_TK.insert.bed
2021-04-03 01:41:35,669 - INFO - Writing overlap_60/CCT1_TK/CCT1_TK.primer.tsv
2021-04-03 01:41:35,670 - INFO - Writing overlap_60/CCT1_TK/CCT1_TK.reference.fasta
2021-04-03 01:41:35,674 - INFO - Writing overlap_60/CCT1_TK/CCT1_TK.plot.pdf
2021-04-03 01:41:35,674 - INFO - Writing overlap_60/CCT1_TK/CCT1_TK.plot.svg
2021-04-03 01:41:35,726 - INFO - Writing overlap_60/CCT1_TK/CCT1_TK.report.json
2021-04-04 18:17:04,390 - INFO - Writing log to overlap_60/CCT1_TK/CCT1_TK.log
2021-04-04 18:17:04,423 - INFO - References:
 - CCT1_TK
2021-04-04 18:17:04,423 - INFO - Primary reference for coordinate system: CCT1_TK
2021-04-04 18:17:04,423 - INFO - Considering primers from all references
2021-04-04 18:17:07,194 - INFO - All done! Scheme created with 4 regions, 1 gap, 68.13% coverage
2021-04-04 18:17:07,194 - INFO - Writing overlap_60/CCT1_TK/CCT1_TK.primer.bed
2021-04-04 18:17:07,198 - INFO - Writing overlap_60/CCT1_TK/CCT1_TK.insert.bed
2021-04-04 18:17:07,200 - INFO - Writing overlap_60/CCT1_TK/CCT1_TK.primer.tsv
2021-04-04 18:17:07,203 - INFO - Writing overlap_60/CCT1_TK/CCT1_TK.reference.fasta
2021-04-04 18:17:07,208 - INFO - Writing overlap_60/CCT1_TK/CCT1_TK.plot.pdf
2021-04-04 18:17:07,209 - INFO - Writing overlap_60/CCT1_TK/CCT1_TK.plot.svg
2021-04-04 18:17:07,249 - INFO - Writing overlap_60/CCT1_TK/CCT1_TK.report.json
