2021-04-02 20:41:07,032 - INFO - Writing log to overlap_70/ACC1_TK/ACC1_TK.log
2021-04-02 20:41:07,056 - INFO - References:
 - ACC1_TK
2021-04-02 20:41:07,056 - INFO - Primary reference for coordinate system: ACC1_TK
2021-04-02 20:41:07,056 - INFO - Considering primers from all references
2021-04-02 20:41:11,908 - INFO - All done! Scheme created with 8 regions, 3 gaps, 63.16% coverage
2021-04-02 20:41:11,908 - INFO - Writing overlap_70/ACC1_TK/ACC1_TK.primer.bed
2021-04-02 20:41:11,910 - INFO - Writing overlap_70/ACC1_TK/ACC1_TK.insert.bed
2021-04-02 20:41:11,911 - INFO - Writing overlap_70/ACC1_TK/ACC1_TK.primer.tsv
2021-04-02 20:41:11,912 - INFO - Writing overlap_70/ACC1_TK/ACC1_TK.reference.fasta
2021-04-02 20:41:11,917 - INFO - Writing overlap_70/ACC1_TK/ACC1_TK.plot.pdf
2021-04-02 20:41:11,917 - INFO - Writing overlap_70/ACC1_TK/ACC1_TK.plot.svg
2021-04-02 20:41:11,938 - INFO - Writing overlap_70/ACC1_TK/ACC1_TK.report.json
2021-04-03 02:12:47,619 - INFO - Writing log to overlap_70/ACC1_TK/ACC1_TK.log
2021-04-03 02:12:47,671 - INFO - References:
 - ACC1_TK
2021-04-03 02:12:47,671 - INFO - Primary reference for coordinate system: ACC1_TK
2021-04-03 02:12:47,671 - INFO - Considering primers from all references
2021-04-03 02:12:53,701 - INFO - All done! Scheme created with 8 regions, 3 gaps, 63.16% coverage
2021-04-03 02:12:53,702 - INFO - Writing overlap_70/ACC1_TK/ACC1_TK.primer.bed
2021-04-03 02:12:53,706 - INFO - Writing overlap_70/ACC1_TK/ACC1_TK.insert.bed
2021-04-03 02:12:53,710 - INFO - Writing overlap_70/ACC1_TK/ACC1_TK.primer.tsv
2021-04-03 02:12:53,714 - INFO - Writing overlap_70/ACC1_TK/ACC1_TK.reference.fasta
2021-04-03 02:12:53,723 - INFO - Writing overlap_70/ACC1_TK/ACC1_TK.plot.pdf
2021-04-03 02:12:53,724 - INFO - Writing overlap_70/ACC1_TK/ACC1_TK.plot.svg
2021-04-03 02:12:53,757 - INFO - Writing overlap_70/ACC1_TK/ACC1_TK.report.json
