2021-04-03 11:47:58,401 - INFO - Writing log to overlap_85/STKWNK_TK/STKWNK_TK.log
2021-04-03 11:47:58,406 - INFO - References:
 - STKWNK_TK
2021-04-03 11:47:58,406 - INFO - Primary reference for coordinate system: STKWNK_TK
2021-04-03 11:47:58,407 - INFO - Considering primers from all references
2021-04-03 11:47:59,541 - INFO - All done! Scheme created with 2 regions, 0 gaps, 41.74% coverage
2021-04-03 11:47:59,542 - INFO - Writing overlap_85/STKWNK_TK/STKWNK_TK.primer.bed
2021-04-03 11:47:59,542 - INFO - Writing overlap_85/STKWNK_TK/STKWNK_TK.insert.bed
2021-04-03 11:47:59,543 - INFO - Writing overlap_85/STKWNK_TK/STKWNK_TK.primer.tsv
2021-04-03 11:47:59,543 - INFO - Writing overlap_85/STKWNK_TK/STKWNK_TK.reference.fasta
2021-04-03 11:47:59,546 - INFO - Writing overlap_85/STKWNK_TK/STKWNK_TK.plot.pdf
2021-04-03 11:47:59,546 - INFO - Writing overlap_85/STKWNK_TK/STKWNK_TK.plot.svg
2021-04-03 11:47:59,559 - INFO - Writing overlap_85/STKWNK_TK/STKWNK_TK.report.json
2021-04-04 19:41:37,315 - INFO - Writing log to overlap_85/STKWNK_TK/STKWNK_TK.log
2021-04-04 19:41:37,328 - INFO - References:
 - STKWNK_TK
2021-04-04 19:41:37,328 - INFO - Primary reference for coordinate system: STKWNK_TK
2021-04-04 19:41:37,328 - INFO - Considering primers from all references
2021-04-04 19:41:38,588 - INFO - All done! Scheme created with 2 regions, 0 gaps, 41.74% coverage
2021-04-04 19:41:38,589 - INFO - Writing overlap_85/STKWNK_TK/STKWNK_TK.primer.bed
2021-04-04 19:41:38,591 - INFO - Writing overlap_85/STKWNK_TK/STKWNK_TK.insert.bed
2021-04-04 19:41:38,594 - INFO - Writing overlap_85/STKWNK_TK/STKWNK_TK.primer.tsv
2021-04-04 19:41:38,596 - INFO - Writing overlap_85/STKWNK_TK/STKWNK_TK.reference.fasta
2021-04-04 19:41:38,601 - INFO - Writing overlap_85/STKWNK_TK/STKWNK_TK.plot.pdf
2021-04-04 19:41:38,601 - INFO - Writing overlap_85/STKWNK_TK/STKWNK_TK.plot.svg
2021-04-04 19:41:38,619 - INFO - Writing overlap_85/STKWNK_TK/STKWNK_TK.report.json
