2021-04-03 00:42:27,906 - INFO - Writing log to overlap_40/PK1_TK/PK1_TK.log
2021-04-03 00:42:27,928 - INFO - References:
 - PK1_TK
2021-04-03 00:42:27,928 - INFO - Primary reference for coordinate system: PK1_TK
2021-04-03 00:42:27,928 - INFO - Considering primers from all references
2021-04-03 00:42:30,886 - INFO - All done! Scheme created with 4 regions, 1 gap, 50.27% coverage
2021-04-03 00:42:30,887 - INFO - Writing overlap_40/PK1_TK/PK1_TK.primer.bed
2021-04-03 00:42:30,888 - INFO - Writing overlap_40/PK1_TK/PK1_TK.insert.bed
2021-04-03 00:42:30,889 - INFO - Writing overlap_40/PK1_TK/PK1_TK.primer.tsv
2021-04-03 00:42:30,890 - INFO - Writing overlap_40/PK1_TK/PK1_TK.reference.fasta
2021-04-03 00:42:30,895 - INFO - Writing overlap_40/PK1_TK/PK1_TK.plot.pdf
2021-04-03 00:42:30,895 - INFO - Writing overlap_40/PK1_TK/PK1_TK.plot.svg
2021-04-03 00:42:30,948 - INFO - Writing overlap_40/PK1_TK/PK1_TK.report.json
2021-04-04 17:23:46,877 - INFO - Writing log to overlap_40/PK1_TK/PK1_TK.log
2021-04-04 17:23:46,939 - INFO - References:
 - PK1_TK
2021-04-04 17:23:46,939 - INFO - Primary reference for coordinate system: PK1_TK
2021-04-04 17:23:46,939 - INFO - Considering primers from all references
2021-04-04 17:23:49,677 - INFO - All done! Scheme created with 4 regions, 1 gap, 50.27% coverage
2021-04-04 17:23:49,677 - INFO - Writing overlap_40/PK1_TK/PK1_TK.primer.bed
2021-04-04 17:23:49,682 - INFO - Writing overlap_40/PK1_TK/PK1_TK.insert.bed
2021-04-04 17:23:49,685 - INFO - Writing overlap_40/PK1_TK/PK1_TK.primer.tsv
2021-04-04 17:23:49,688 - INFO - Writing overlap_40/PK1_TK/PK1_TK.reference.fasta
2021-04-04 17:23:49,695 - INFO - Writing overlap_40/PK1_TK/PK1_TK.plot.pdf
2021-04-04 17:23:49,695 - INFO - Writing overlap_40/PK1_TK/PK1_TK.plot.svg
2021-04-04 17:23:49,736 - INFO - Writing overlap_40/PK1_TK/PK1_TK.report.json
