2021-04-03 11:39:52,905 - INFO - Writing log to overlap_85/CPT3_TK/CPT3_TK.log
2021-04-03 11:39:52,910 - INFO - References:
 - CPT3_TK
2021-04-03 11:39:52,910 - INFO - Primary reference for coordinate system: CPT3_TK
2021-04-03 11:39:52,910 - INFO - Considering primers from all references
2021-04-03 11:39:55,360 - INFO - All done! Scheme created with 4 regions, 1 gap, 54.28% coverage
2021-04-03 11:39:55,360 - INFO - Writing overlap_85/CPT3_TK/CPT3_TK.primer.bed
2021-04-03 11:39:55,362 - INFO - Writing overlap_85/CPT3_TK/CPT3_TK.insert.bed
2021-04-03 11:39:55,362 - INFO - Writing overlap_85/CPT3_TK/CPT3_TK.primer.tsv
2021-04-03 11:39:55,363 - INFO - Writing overlap_85/CPT3_TK/CPT3_TK.reference.fasta
2021-04-03 11:39:55,366 - INFO - Writing overlap_85/CPT3_TK/CPT3_TK.plot.pdf
2021-04-03 11:39:55,367 - INFO - Writing overlap_85/CPT3_TK/CPT3_TK.plot.svg
2021-04-03 11:39:55,398 - INFO - Writing overlap_85/CPT3_TK/CPT3_TK.report.json
2021-04-04 19:32:38,063 - INFO - Writing log to overlap_85/CPT3_TK/CPT3_TK.log
2021-04-04 19:32:38,081 - INFO - References:
 - CPT3_TK
2021-04-04 19:32:38,081 - INFO - Primary reference for coordinate system: CPT3_TK
2021-04-04 19:32:38,081 - INFO - Considering primers from all references
2021-04-04 19:32:40,815 - INFO - All done! Scheme created with 4 regions, 1 gap, 54.28% coverage
2021-04-04 19:32:40,815 - INFO - Writing overlap_85/CPT3_TK/CPT3_TK.primer.bed
2021-04-04 19:32:40,818 - INFO - Writing overlap_85/CPT3_TK/CPT3_TK.insert.bed
2021-04-04 19:32:40,821 - INFO - Writing overlap_85/CPT3_TK/CPT3_TK.primer.tsv
2021-04-04 19:32:40,823 - INFO - Writing overlap_85/CPT3_TK/CPT3_TK.reference.fasta
2021-04-04 19:32:40,829 - INFO - Writing overlap_85/CPT3_TK/CPT3_TK.plot.pdf
2021-04-04 19:32:40,829 - INFO - Writing overlap_85/CPT3_TK/CPT3_TK.plot.svg
2021-04-04 19:32:40,869 - INFO - Writing overlap_85/CPT3_TK/CPT3_TK.report.json
