2021-04-03 11:10:47,795 - INFO - Writing log to overlap_75/4H3M2EDPR2_TK/4H3M2EDPR2_TK.log
2021-04-03 11:10:47,809 - INFO - References:
 - 4H3M2EDPR2_TK
2021-04-03 11:10:47,810 - INFO - Primary reference for coordinate system: 4H3M2EDPR2_TK
2021-04-03 11:10:47,810 - INFO - Considering primers from all references
2021-04-03 11:10:50,475 - INFO - All done! Scheme created with 4 regions, 1 gap, 57.8% coverage
2021-04-03 11:10:50,475 - INFO - Writing overlap_75/4H3M2EDPR2_TK/4H3M2EDPR2_TK.primer.bed
2021-04-03 11:10:50,476 - INFO - Writing overlap_75/4H3M2EDPR2_TK/4H3M2EDPR2_TK.insert.bed
2021-04-03 11:10:50,476 - INFO - Writing overlap_75/4H3M2EDPR2_TK/4H3M2EDPR2_TK.primer.tsv
2021-04-03 11:10:50,477 - INFO - Writing overlap_75/4H3M2EDPR2_TK/4H3M2EDPR2_TK.reference.fasta
2021-04-03 11:10:50,480 - INFO - Writing overlap_75/4H3M2EDPR2_TK/4H3M2EDPR2_TK.plot.pdf
2021-04-03 11:10:50,480 - INFO - Writing overlap_75/4H3M2EDPR2_TK/4H3M2EDPR2_TK.plot.svg
2021-04-03 11:10:50,510 - INFO - Writing overlap_75/4H3M2EDPR2_TK/4H3M2EDPR2_TK.report.json
2021-04-04 19:00:13,662 - INFO - Writing log to overlap_75/4H3M2EDPR2_TK/4H3M2EDPR2_TK.log
2021-04-04 19:00:13,681 - INFO - References:
 - 4H3M2EDPR2_TK
2021-04-04 19:00:13,681 - INFO - Primary reference for coordinate system: 4H3M2EDPR2_TK
2021-04-04 19:00:13,681 - INFO - Considering primers from all references
2021-04-04 19:00:16,630 - INFO - All done! Scheme created with 4 regions, 1 gap, 57.8% coverage
2021-04-04 19:00:16,630 - INFO - Writing overlap_75/4H3M2EDPR2_TK/4H3M2EDPR2_TK.primer.bed
2021-04-04 19:00:16,635 - INFO - Writing overlap_75/4H3M2EDPR2_TK/4H3M2EDPR2_TK.insert.bed
2021-04-04 19:00:16,639 - INFO - Writing overlap_75/4H3M2EDPR2_TK/4H3M2EDPR2_TK.primer.tsv
2021-04-04 19:00:16,642 - INFO - Writing overlap_75/4H3M2EDPR2_TK/4H3M2EDPR2_TK.reference.fasta
2021-04-04 19:00:16,649 - INFO - Writing overlap_75/4H3M2EDPR2_TK/4H3M2EDPR2_TK.plot.pdf
2021-04-04 19:00:16,649 - INFO - Writing overlap_75/4H3M2EDPR2_TK/4H3M2EDPR2_TK.plot.svg
2021-04-04 19:00:16,688 - INFO - Writing overlap_75/4H3M2EDPR2_TK/4H3M2EDPR2_TK.report.json
