2021-04-03 11:30:58,103 - INFO - Writing log to overlap_80/OC5_TK/OC5_TK.log
2021-04-03 11:30:58,109 - INFO - References:
 - OC5_TK
2021-04-03 11:30:58,109 - INFO - Primary reference for coordinate system: OC5_TK
2021-04-03 11:30:58,109 - INFO - Considering primers from all references
2021-04-03 11:31:17,417 - INFO - All done! Scheme created with 28 regions, 10 gaps, 87.99% coverage
2021-04-03 11:31:17,417 - INFO - Writing overlap_80/OC5_TK/OC5_TK.primer.bed
2021-04-03 11:31:17,418 - INFO - Writing overlap_80/OC5_TK/OC5_TK.insert.bed
2021-04-03 11:31:17,419 - INFO - Writing overlap_80/OC5_TK/OC5_TK.primer.tsv
2021-04-03 11:31:17,420 - INFO - Writing overlap_80/OC5_TK/OC5_TK.reference.fasta
2021-04-03 11:31:17,433 - INFO - Writing overlap_80/OC5_TK/OC5_TK.plot.pdf
2021-04-03 11:31:17,433 - INFO - Writing overlap_80/OC5_TK/OC5_TK.plot.svg
2021-04-03 11:31:17,482 - INFO - Writing overlap_80/OC5_TK/OC5_TK.report.json
2021-04-04 19:22:39,585 - INFO - Writing log to overlap_80/OC5_TK/OC5_TK.log
2021-04-04 19:22:39,599 - INFO - References:
 - OC5_TK
2021-04-04 19:22:39,599 - INFO - Primary reference for coordinate system: OC5_TK
2021-04-04 19:22:39,599 - INFO - Considering primers from all references
2021-04-04 19:23:01,172 - INFO - All done! Scheme created with 28 regions, 10 gaps, 87.99% coverage
2021-04-04 19:23:01,172 - INFO - Writing overlap_80/OC5_TK/OC5_TK.primer.bed
2021-04-04 19:23:01,175 - INFO - Writing overlap_80/OC5_TK/OC5_TK.insert.bed
2021-04-04 19:23:01,178 - INFO - Writing overlap_80/OC5_TK/OC5_TK.primer.tsv
2021-04-04 19:23:01,180 - INFO - Writing overlap_80/OC5_TK/OC5_TK.reference.fasta
2021-04-04 19:23:01,196 - INFO - Writing overlap_80/OC5_TK/OC5_TK.plot.pdf
2021-04-04 19:23:01,196 - INFO - Writing overlap_80/OC5_TK/OC5_TK.plot.svg
2021-04-04 19:23:01,254 - INFO - Writing overlap_80/OC5_TK/OC5_TK.report.json
