2020-12-01 05:22:41,642 - INFO - Writing log to overlap_65/4H3M2EDPR2_TK/4H3M2EDPR2_TK.log
2020-12-01 05:22:41,647 - INFO - References:
 - 4H3M2EDPR2_TK
2020-12-01 05:22:41,647 - INFO - Primary reference for coordinate system: 4H3M2EDPR2_TK
2020-12-01 05:22:41,648 - INFO - Considering primers from all references
2020-12-01 05:22:42,359 - INFO - All done! Scheme created with 6 regions, 2 gaps, 58.05% coverage
2020-12-01 05:22:42,360 - INFO - Writing overlap_65/4H3M2EDPR2_TK/4H3M2EDPR2_TK.primer.bed
2020-12-01 05:22:42,360 - INFO - Writing overlap_65/4H3M2EDPR2_TK/4H3M2EDPR2_TK.insert.bed
2020-12-01 05:22:42,361 - INFO - Writing overlap_65/4H3M2EDPR2_TK/4H3M2EDPR2_TK.primer.tsv
2020-12-01 05:22:42,362 - INFO - Writing overlap_65/4H3M2EDPR2_TK/4H3M2EDPR2_TK.reference.fasta
2020-12-01 05:22:42,367 - INFO - Writing overlap_65/4H3M2EDPR2_TK/4H3M2EDPR2_TK.plot.pdf
2020-12-01 05:22:42,367 - INFO - Writing overlap_65/4H3M2EDPR2_TK/4H3M2EDPR2_TK.plot.svg
2020-12-01 05:22:42,388 - INFO - Writing overlap_65/4H3M2EDPR2_TK/4H3M2EDPR2_TK.report.json
2021-04-03 01:56:10,210 - INFO - Writing log to overlap_65/4H3M2EDPR2_TK/4H3M2EDPR2_TK.log
2021-04-03 01:56:10,228 - INFO - References:
 - 4H3M2EDPR2_TK
2021-04-03 01:56:10,228 - INFO - Primary reference for coordinate system: 4H3M2EDPR2_TK
2021-04-03 01:56:10,228 - INFO - Considering primers from all references
2021-04-03 01:56:13,391 - INFO - All done! Scheme created with 4 regions, 1 gap, 57.8% coverage
2021-04-03 01:56:13,391 - INFO - Writing overlap_65/4H3M2EDPR2_TK/4H3M2EDPR2_TK.primer.bed
2021-04-03 01:56:13,397 - INFO - Writing overlap_65/4H3M2EDPR2_TK/4H3M2EDPR2_TK.insert.bed
2021-04-03 01:56:13,402 - INFO - Writing overlap_65/4H3M2EDPR2_TK/4H3M2EDPR2_TK.primer.tsv
2021-04-03 01:56:13,407 - INFO - Writing overlap_65/4H3M2EDPR2_TK/4H3M2EDPR2_TK.reference.fasta
2021-04-03 01:56:13,416 - INFO - Writing overlap_65/4H3M2EDPR2_TK/4H3M2EDPR2_TK.plot.pdf
2021-04-03 01:56:13,416 - INFO - Writing overlap_65/4H3M2EDPR2_TK/4H3M2EDPR2_TK.plot.svg
2021-04-03 01:56:13,473 - INFO - Writing overlap_65/4H3M2EDPR2_TK/4H3M2EDPR2_TK.report.json
2021-04-04 18:30:15,354 - INFO - Writing log to overlap_65/4H3M2EDPR2_TK/4H3M2EDPR2_TK.log
2021-04-04 18:30:15,407 - INFO - References:
 - 4H3M2EDPR2_TK
2021-04-04 18:30:15,407 - INFO - Primary reference for coordinate system: 4H3M2EDPR2_TK
2021-04-04 18:30:15,407 - INFO - Considering primers from all references
2021-04-04 18:30:18,351 - INFO - All done! Scheme created with 4 regions, 1 gap, 57.8% coverage
2021-04-04 18:30:18,351 - INFO - Writing overlap_65/4H3M2EDPR2_TK/4H3M2EDPR2_TK.primer.bed
2021-04-04 18:30:18,354 - INFO - Writing overlap_65/4H3M2EDPR2_TK/4H3M2EDPR2_TK.insert.bed
2021-04-04 18:30:18,357 - INFO - Writing overlap_65/4H3M2EDPR2_TK/4H3M2EDPR2_TK.primer.tsv
2021-04-04 18:30:18,359 - INFO - Writing overlap_65/4H3M2EDPR2_TK/4H3M2EDPR2_TK.reference.fasta
2021-04-04 18:30:18,365 - INFO - Writing overlap_65/4H3M2EDPR2_TK/4H3M2EDPR2_TK.plot.pdf
2021-04-04 18:30:18,365 - INFO - Writing overlap_65/4H3M2EDPR2_TK/4H3M2EDPR2_TK.plot.svg
2021-04-04 18:30:18,403 - INFO - Writing overlap_65/4H3M2EDPR2_TK/4H3M2EDPR2_TK.report.json
