2020-12-01 05:23:33,824 - INFO - Writing log to overlap_70/CPT2_TK/CPT2_TK.log
2020-12-01 05:23:33,829 - INFO - References:
 - CPT2_TK
2020-12-01 05:23:33,829 - INFO - Primary reference for coordinate system: CPT2_TK
2020-12-01 05:23:33,829 - INFO - Considering primers from all references
2020-12-01 05:23:34,227 - INFO - All done! Scheme created with 8 regions, 3 gaps, 67.19% coverage
2020-12-01 05:23:34,227 - INFO - Writing overlap_70/CPT2_TK/CPT2_TK.primer.bed
2020-12-01 05:23:34,228 - INFO - Writing overlap_70/CPT2_TK/CPT2_TK.insert.bed
2020-12-01 05:23:34,229 - INFO - Writing overlap_70/CPT2_TK/CPT2_TK.primer.tsv
2020-12-01 05:23:34,230 - INFO - Writing overlap_70/CPT2_TK/CPT2_TK.reference.fasta
2020-12-01 05:23:34,240 - INFO - Writing overlap_70/CPT2_TK/CPT2_TK.plot.pdf
2020-12-01 05:23:34,240 - INFO - Writing overlap_70/CPT2_TK/CPT2_TK.plot.svg
2020-12-01 05:23:34,258 - INFO - Writing overlap_70/CPT2_TK/CPT2_TK.report.json
2021-04-02 20:42:10,108 - INFO - Writing log to overlap_70/CPT2_TK/CPT2_TK.log
2021-04-02 20:42:10,134 - INFO - References:
 - CPT2_TK
2021-04-02 20:42:10,134 - INFO - Primary reference for coordinate system: CPT2_TK
2021-04-02 20:42:10,134 - INFO - Considering primers from all references
2021-04-02 20:42:12,379 - INFO - All done! Scheme created with 4 regions, 1 gap, 65.71% coverage
2021-04-02 20:42:12,379 - INFO - Writing overlap_70/CPT2_TK/CPT2_TK.primer.bed
2021-04-02 20:42:12,385 - INFO - Writing overlap_70/CPT2_TK/CPT2_TK.insert.bed
2021-04-02 20:42:12,389 - INFO - Writing overlap_70/CPT2_TK/CPT2_TK.primer.tsv
2021-04-02 20:42:12,394 - INFO - Writing overlap_70/CPT2_TK/CPT2_TK.reference.fasta
2021-04-02 20:42:12,401 - INFO - Writing overlap_70/CPT2_TK/CPT2_TK.plot.pdf
2021-04-02 20:42:12,401 - INFO - Writing overlap_70/CPT2_TK/CPT2_TK.plot.svg
2021-04-02 20:42:12,443 - INFO - Writing overlap_70/CPT2_TK/CPT2_TK.report.json
2021-04-03 02:15:19,413 - INFO - Writing log to overlap_70/CPT2_TK/CPT2_TK.log
2021-04-03 02:15:19,438 - INFO - References:
 - CPT2_TK
2021-04-03 02:15:19,438 - INFO - Primary reference for coordinate system: CPT2_TK
2021-04-03 02:15:19,438 - INFO - Considering primers from all references
2021-04-03 02:15:22,222 - INFO - All done! Scheme created with 4 regions, 1 gap, 65.71% coverage
2021-04-03 02:15:22,222 - INFO - Writing overlap_70/CPT2_TK/CPT2_TK.primer.bed
2021-04-03 02:15:22,226 - INFO - Writing overlap_70/CPT2_TK/CPT2_TK.insert.bed
2021-04-03 02:15:22,234 - INFO - Writing overlap_70/CPT2_TK/CPT2_TK.primer.tsv
2021-04-03 02:15:22,238 - INFO - Writing overlap_70/CPT2_TK/CPT2_TK.reference.fasta
2021-04-03 02:15:22,246 - INFO - Writing overlap_70/CPT2_TK/CPT2_TK.plot.pdf
2021-04-03 02:15:22,246 - INFO - Writing overlap_70/CPT2_TK/CPT2_TK.plot.svg
2021-04-03 02:15:22,303 - INFO - Writing overlap_70/CPT2_TK/CPT2_TK.report.json
2021-04-04 18:47:42,587 - INFO - Writing log to overlap_70/CPT2_TK/CPT2_TK.log
2021-04-04 18:47:42,602 - INFO - References:
 - CPT2_TK
2021-04-04 18:47:42,602 - INFO - Primary reference for coordinate system: CPT2_TK
2021-04-04 18:47:42,602 - INFO - Considering primers from all references
2021-04-04 18:47:45,189 - INFO - All done! Scheme created with 4 regions, 1 gap, 65.71% coverage
2021-04-04 18:47:45,189 - INFO - Writing overlap_70/CPT2_TK/CPT2_TK.primer.bed
2021-04-04 18:47:45,192 - INFO - Writing overlap_70/CPT2_TK/CPT2_TK.insert.bed
2021-04-04 18:47:45,194 - INFO - Writing overlap_70/CPT2_TK/CPT2_TK.primer.tsv
2021-04-04 18:47:45,196 - INFO - Writing overlap_70/CPT2_TK/CPT2_TK.reference.fasta
2021-04-04 18:47:45,201 - INFO - Writing overlap_70/CPT2_TK/CPT2_TK.plot.pdf
2021-04-04 18:47:45,202 - INFO - Writing overlap_70/CPT2_TK/CPT2_TK.plot.svg
2021-04-04 18:47:45,240 - INFO - Writing overlap_70/CPT2_TK/CPT2_TK.report.json
