2021-04-03 01:58:59,722 - INFO - Writing log to overlap_65/CPT3_TK/CPT3_TK.log
2021-04-03 01:58:59,730 - INFO - References:
 - CPT3_TK
2021-04-03 01:58:59,730 - INFO - Primary reference for coordinate system: CPT3_TK
2021-04-03 01:58:59,730 - INFO - Considering primers from all references
2021-04-03 01:59:02,682 - INFO - All done! Scheme created with 4 regions, 1 gap, 54.28% coverage
2021-04-03 01:59:02,682 - INFO - Writing overlap_65/CPT3_TK/CPT3_TK.primer.bed
2021-04-03 01:59:02,683 - INFO - Writing overlap_65/CPT3_TK/CPT3_TK.insert.bed
2021-04-03 01:59:02,684 - INFO - Writing overlap_65/CPT3_TK/CPT3_TK.primer.tsv
2021-04-03 01:59:02,685 - INFO - Writing overlap_65/CPT3_TK/CPT3_TK.reference.fasta
2021-04-03 01:59:02,690 - INFO - Writing overlap_65/CPT3_TK/CPT3_TK.plot.pdf
2021-04-03 01:59:02,690 - INFO - Writing overlap_65/CPT3_TK/CPT3_TK.plot.svg
2021-04-03 01:59:02,743 - INFO - Writing overlap_65/CPT3_TK/CPT3_TK.report.json
2021-04-04 18:32:49,564 - INFO - Writing log to overlap_65/CPT3_TK/CPT3_TK.log
2021-04-04 18:32:49,588 - INFO - References:
 - CPT3_TK
2021-04-04 18:32:49,588 - INFO - Primary reference for coordinate system: CPT3_TK
2021-04-04 18:32:49,588 - INFO - Considering primers from all references
2021-04-04 18:32:52,335 - INFO - All done! Scheme created with 4 regions, 1 gap, 54.28% coverage
2021-04-04 18:32:52,335 - INFO - Writing overlap_65/CPT3_TK/CPT3_TK.primer.bed
2021-04-04 18:32:52,338 - INFO - Writing overlap_65/CPT3_TK/CPT3_TK.insert.bed
2021-04-04 18:32:52,340 - INFO - Writing overlap_65/CPT3_TK/CPT3_TK.primer.tsv
2021-04-04 18:32:52,343 - INFO - Writing overlap_65/CPT3_TK/CPT3_TK.reference.fasta
2021-04-04 18:32:52,349 - INFO - Writing overlap_65/CPT3_TK/CPT3_TK.plot.pdf
2021-04-04 18:32:52,349 - INFO - Writing overlap_65/CPT3_TK/CPT3_TK.plot.svg
2021-04-04 18:32:52,390 - INFO - Writing overlap_65/CPT3_TK/CPT3_TK.report.json
