2021-04-03 11:17:32,714 - INFO - Writing log to overlap_75/OC5_TK/OC5_TK.log
2021-04-03 11:17:32,736 - INFO - References:
 - OC5_TK
2021-04-03 11:17:32,736 - INFO - Primary reference for coordinate system: OC5_TK
2021-04-03 11:17:32,736 - INFO - Considering primers from all references
2021-04-03 11:17:52,073 - INFO - All done! Scheme created with 28 regions, 10 gaps, 87.99% coverage
2021-04-03 11:17:52,073 - INFO - Writing overlap_75/OC5_TK/OC5_TK.primer.bed
2021-04-03 11:17:52,074 - INFO - Writing overlap_75/OC5_TK/OC5_TK.insert.bed
2021-04-03 11:17:52,075 - INFO - Writing overlap_75/OC5_TK/OC5_TK.primer.tsv
2021-04-03 11:17:52,076 - INFO - Writing overlap_75/OC5_TK/OC5_TK.reference.fasta
2021-04-03 11:17:52,089 - INFO - Writing overlap_75/OC5_TK/OC5_TK.plot.pdf
2021-04-03 11:17:52,089 - INFO - Writing overlap_75/OC5_TK/OC5_TK.plot.svg
2021-04-03 11:17:52,140 - INFO - Writing overlap_75/OC5_TK/OC5_TK.report.json
2021-04-04 19:07:45,343 - INFO - Writing log to overlap_75/OC5_TK/OC5_TK.log
2021-04-04 19:07:45,378 - INFO - References:
 - OC5_TK
2021-04-04 19:07:45,378 - INFO - Primary reference for coordinate system: OC5_TK
2021-04-04 19:07:45,378 - INFO - Considering primers from all references
2021-04-04 19:08:06,974 - INFO - All done! Scheme created with 28 regions, 10 gaps, 87.99% coverage
2021-04-04 19:08:06,974 - INFO - Writing overlap_75/OC5_TK/OC5_TK.primer.bed
2021-04-04 19:08:06,978 - INFO - Writing overlap_75/OC5_TK/OC5_TK.insert.bed
2021-04-04 19:08:06,982 - INFO - Writing overlap_75/OC5_TK/OC5_TK.primer.tsv
2021-04-04 19:08:06,985 - INFO - Writing overlap_75/OC5_TK/OC5_TK.reference.fasta
2021-04-04 19:08:07,003 - INFO - Writing overlap_75/OC5_TK/OC5_TK.plot.pdf
2021-04-04 19:08:07,003 - INFO - Writing overlap_75/OC5_TK/OC5_TK.plot.svg
2021-04-04 19:08:07,062 - INFO - Writing overlap_75/OC5_TK/OC5_TK.report.json
