2021-04-03 01:15:46,504 - INFO - Writing log to overlap_50/PMIP1B_TK/PMIP1B_TK.log
2021-04-03 01:15:46,525 - INFO - References:
 - PMIP1B_TK
2021-04-03 01:15:46,526 - INFO - Primary reference for coordinate system: PMIP1B_TK
2021-04-03 01:15:46,526 - INFO - Considering primers from all references
2021-04-03 01:15:51,049 - INFO - All done! Scheme created with 6 regions, 1 gap, 79.32% coverage
2021-04-03 01:15:51,050 - INFO - Writing overlap_50/PMIP1B_TK/PMIP1B_TK.primer.bed
2021-04-03 01:15:51,050 - INFO - Writing overlap_50/PMIP1B_TK/PMIP1B_TK.insert.bed
2021-04-03 01:15:51,051 - INFO - Writing overlap_50/PMIP1B_TK/PMIP1B_TK.primer.tsv
2021-04-03 01:15:51,052 - INFO - Writing overlap_50/PMIP1B_TK/PMIP1B_TK.reference.fasta
2021-04-03 01:15:51,057 - INFO - Writing overlap_50/PMIP1B_TK/PMIP1B_TK.plot.pdf
2021-04-03 01:15:51,057 - INFO - Writing overlap_50/PMIP1B_TK/PMIP1B_TK.plot.svg
2021-04-03 01:15:51,080 - INFO - Writing overlap_50/PMIP1B_TK/PMIP1B_TK.report.json
2021-04-04 17:54:00,440 - INFO - Writing log to overlap_50/PMIP1B_TK/PMIP1B_TK.log
2021-04-04 17:54:00,472 - INFO - References:
 - PMIP1B_TK
2021-04-04 17:54:00,472 - INFO - Primary reference for coordinate system: PMIP1B_TK
2021-04-04 17:54:00,472 - INFO - Considering primers from all references
2021-04-04 17:54:04,560 - INFO - All done! Scheme created with 6 regions, 1 gap, 79.32% coverage
2021-04-04 17:54:04,560 - INFO - Writing overlap_50/PMIP1B_TK/PMIP1B_TK.primer.bed
2021-04-04 17:54:04,563 - INFO - Writing overlap_50/PMIP1B_TK/PMIP1B_TK.insert.bed
2021-04-04 17:54:04,565 - INFO - Writing overlap_50/PMIP1B_TK/PMIP1B_TK.primer.tsv
2021-04-04 17:54:04,568 - INFO - Writing overlap_50/PMIP1B_TK/PMIP1B_TK.reference.fasta
2021-04-04 17:54:04,575 - INFO - Writing overlap_50/PMIP1B_TK/PMIP1B_TK.plot.pdf
2021-04-04 17:54:04,575 - INFO - Writing overlap_50/PMIP1B_TK/PMIP1B_TK.plot.svg
2021-04-04 17:54:04,599 - INFO - Writing overlap_50/PMIP1B_TK/PMIP1B_TK.report.json
