2021-04-03 11:19:39,489 - INFO - Writing log to overlap_75/SOC1_TK/SOC1_TK.log
2021-04-03 11:19:39,509 - INFO - References:
 - SOC1_TK
2021-04-03 11:19:39,510 - INFO - Primary reference for coordinate system: SOC1_TK
2021-04-03 11:19:39,510 - INFO - Considering primers from all references
2021-04-03 11:19:53,271 - INFO - All done! Scheme created with 17 regions, 7 gaps, 87.96% coverage
2021-04-03 11:19:53,271 - INFO - Writing overlap_75/SOC1_TK/SOC1_TK.primer.bed
2021-04-03 11:19:53,273 - INFO - Writing overlap_75/SOC1_TK/SOC1_TK.insert.bed
2021-04-03 11:19:53,273 - INFO - Writing overlap_75/SOC1_TK/SOC1_TK.primer.tsv
2021-04-03 11:19:53,274 - INFO - Writing overlap_75/SOC1_TK/SOC1_TK.reference.fasta
2021-04-03 11:19:53,283 - INFO - Writing overlap_75/SOC1_TK/SOC1_TK.plot.pdf
2021-04-03 11:19:53,283 - INFO - Writing overlap_75/SOC1_TK/SOC1_TK.plot.svg
2021-04-03 11:19:53,316 - INFO - Writing overlap_75/SOC1_TK/SOC1_TK.report.json
2021-04-04 19:10:07,646 - INFO - Writing log to overlap_75/SOC1_TK/SOC1_TK.log
2021-04-04 19:10:07,657 - INFO - References:
 - SOC1_TK
2021-04-04 19:10:07,657 - INFO - Primary reference for coordinate system: SOC1_TK
2021-04-04 19:10:07,657 - INFO - Considering primers from all references
2021-04-04 19:10:23,254 - INFO - All done! Scheme created with 17 regions, 7 gaps, 87.96% coverage
2021-04-04 19:10:23,254 - INFO - Writing overlap_75/SOC1_TK/SOC1_TK.primer.bed
2021-04-04 19:10:23,257 - INFO - Writing overlap_75/SOC1_TK/SOC1_TK.insert.bed
2021-04-04 19:10:23,259 - INFO - Writing overlap_75/SOC1_TK/SOC1_TK.primer.tsv
2021-04-04 19:10:23,262 - INFO - Writing overlap_75/SOC1_TK/SOC1_TK.reference.fasta
2021-04-04 19:10:23,273 - INFO - Writing overlap_75/SOC1_TK/SOC1_TK.plot.pdf
2021-04-04 19:10:23,273 - INFO - Writing overlap_75/SOC1_TK/SOC1_TK.plot.svg
2021-04-04 19:10:23,314 - INFO - Writing overlap_75/SOC1_TK/SOC1_TK.report.json
