2020-12-01 05:22:30,591 - INFO - Writing log to overlap_65/1_FFT_TK/1_FFT_TK.log
2020-12-01 05:22:30,596 - INFO - References:
 - 1_FFT_TK
2020-12-01 05:22:30,596 - INFO - Primary reference for coordinate system: 1_FFT_TK
2020-12-01 05:22:30,596 - INFO - Considering primers from all references
2020-12-01 05:22:32,603 - INFO - All done! Scheme created with 27 regions, 10 gaps, 71.57% coverage
2020-12-01 05:22:32,603 - INFO - Writing overlap_65/1_FFT_TK/1_FFT_TK.primer.bed
2020-12-01 05:22:32,604 - INFO - Writing overlap_65/1_FFT_TK/1_FFT_TK.insert.bed
2020-12-01 05:22:32,605 - INFO - Writing overlap_65/1_FFT_TK/1_FFT_TK.primer.tsv
2020-12-01 05:22:32,605 - INFO - Writing overlap_65/1_FFT_TK/1_FFT_TK.reference.fasta
2020-12-01 05:22:32,628 - INFO - Writing overlap_65/1_FFT_TK/1_FFT_TK.plot.pdf
2020-12-01 05:22:32,628 - INFO - Writing overlap_65/1_FFT_TK/1_FFT_TK.plot.svg
2020-12-01 05:22:32,669 - INFO - Writing overlap_65/1_FFT_TK/1_FFT_TK.report.json
2021-04-03 01:54:13,776 - INFO - Writing log to overlap_65/1_FFT_TK/1_FFT_TK.log
2021-04-03 01:54:13,792 - INFO - References:
 - 1_FFT_TK
2021-04-03 01:54:13,793 - INFO - Primary reference for coordinate system: 1_FFT_TK
2021-04-03 01:54:13,793 - INFO - Considering primers from all references
2021-04-03 01:54:27,504 - INFO - All done! Scheme created with 17 regions, 8 gaps, 81.49% coverage
2021-04-03 01:54:27,504 - INFO - Writing overlap_65/1_FFT_TK/1_FFT_TK.primer.bed
2021-04-03 01:54:27,510 - INFO - Writing overlap_65/1_FFT_TK/1_FFT_TK.insert.bed
2021-04-03 01:54:27,515 - INFO - Writing overlap_65/1_FFT_TK/1_FFT_TK.primer.tsv
2021-04-03 01:54:27,519 - INFO - Writing overlap_65/1_FFT_TK/1_FFT_TK.reference.fasta
2021-04-03 01:54:27,534 - INFO - Writing overlap_65/1_FFT_TK/1_FFT_TK.plot.pdf
2021-04-03 01:54:27,534 - INFO - Writing overlap_65/1_FFT_TK/1_FFT_TK.plot.svg
2021-04-03 01:54:27,586 - INFO - Writing overlap_65/1_FFT_TK/1_FFT_TK.report.json
