2021-04-03 11:24:59,488 - INFO - Writing log to overlap_80/ALS_TK/ALS_TK.log
2021-04-03 11:24:59,496 - INFO - References:
 - ALS_TK
2021-04-03 11:24:59,496 - INFO - Primary reference for coordinate system: ALS_TK
2021-04-03 11:24:59,496 - INFO - Considering primers from all references
2021-04-03 11:25:40,270 - INFO - All done! Scheme created with 58 regions, 22 gaps, 88.83% coverage
2021-04-03 11:25:40,270 - INFO - Writing overlap_80/ALS_TK/ALS_TK.primer.bed
2021-04-03 11:25:40,272 - INFO - Writing overlap_80/ALS_TK/ALS_TK.insert.bed
2021-04-03 11:25:40,273 - INFO - Writing overlap_80/ALS_TK/ALS_TK.primer.tsv
2021-04-03 11:25:40,274 - INFO - Writing overlap_80/ALS_TK/ALS_TK.reference.fasta
2021-04-03 11:25:40,300 - INFO - Writing overlap_80/ALS_TK/ALS_TK.plot.pdf
2021-04-03 11:25:40,300 - INFO - Writing overlap_80/ALS_TK/ALS_TK.plot.svg
2021-04-03 11:25:40,392 - INFO - Writing overlap_80/ALS_TK/ALS_TK.report.json
2021-04-04 19:16:03,051 - INFO - Writing log to overlap_80/ALS_TK/ALS_TK.log
2021-04-04 19:16:03,072 - INFO - References:
 - ALS_TK
2021-04-04 19:16:03,072 - INFO - Primary reference for coordinate system: ALS_TK
2021-04-04 19:16:03,073 - INFO - Considering primers from all references
2021-04-04 19:16:48,269 - INFO - All done! Scheme created with 58 regions, 22 gaps, 88.83% coverage
2021-04-04 19:16:48,269 - INFO - Writing overlap_80/ALS_TK/ALS_TK.primer.bed
2021-04-04 19:16:48,272 - INFO - Writing overlap_80/ALS_TK/ALS_TK.insert.bed
2021-04-04 19:16:48,275 - INFO - Writing overlap_80/ALS_TK/ALS_TK.primer.tsv
2021-04-04 19:16:48,278 - INFO - Writing overlap_80/ALS_TK/ALS_TK.reference.fasta
2021-04-04 19:16:48,310 - INFO - Writing overlap_80/ALS_TK/ALS_TK.plot.pdf
2021-04-04 19:16:48,310 - INFO - Writing overlap_80/ALS_TK/ALS_TK.plot.svg
2021-04-04 19:16:48,415 - INFO - Writing overlap_80/ALS_TK/ALS_TK.report.json
