2021-04-03 11:18:15,476 - INFO - Writing log to overlap_75/PEC2_TK/PEC2_TK.log
2021-04-03 11:18:15,488 - INFO - References:
 - PEC2_TK
2021-04-03 11:18:15,488 - INFO - Primary reference for coordinate system: PEC2_TK
2021-04-03 11:18:15,488 - INFO - Considering primers from all references
2021-04-03 11:18:20,511 - INFO - All done! Scheme created with 8 regions, 3 gaps, 77.19% coverage
2021-04-03 11:18:20,511 - INFO - Writing overlap_75/PEC2_TK/PEC2_TK.primer.bed
2021-04-03 11:18:20,512 - INFO - Writing overlap_75/PEC2_TK/PEC2_TK.insert.bed
2021-04-03 11:18:20,513 - INFO - Writing overlap_75/PEC2_TK/PEC2_TK.primer.tsv
2021-04-03 11:18:20,514 - INFO - Writing overlap_75/PEC2_TK/PEC2_TK.reference.fasta
2021-04-03 11:18:20,519 - INFO - Writing overlap_75/PEC2_TK/PEC2_TK.plot.pdf
2021-04-03 11:18:20,519 - INFO - Writing overlap_75/PEC2_TK/PEC2_TK.plot.svg
2021-04-03 11:18:20,539 - INFO - Writing overlap_75/PEC2_TK/PEC2_TK.report.json
2021-04-04 19:08:33,091 - INFO - Writing log to overlap_75/PEC2_TK/PEC2_TK.log
2021-04-04 19:08:33,113 - INFO - References:
 - PEC2_TK
2021-04-04 19:08:33,113 - INFO - Primary reference for coordinate system: PEC2_TK
2021-04-04 19:08:33,113 - INFO - Considering primers from all references
2021-04-04 19:08:38,666 - INFO - All done! Scheme created with 8 regions, 3 gaps, 77.19% coverage
2021-04-04 19:08:38,666 - INFO - Writing overlap_75/PEC2_TK/PEC2_TK.primer.bed
2021-04-04 19:08:38,669 - INFO - Writing overlap_75/PEC2_TK/PEC2_TK.insert.bed
2021-04-04 19:08:38,671 - INFO - Writing overlap_75/PEC2_TK/PEC2_TK.primer.tsv
2021-04-04 19:08:38,674 - INFO - Writing overlap_75/PEC2_TK/PEC2_TK.reference.fasta
2021-04-04 19:08:38,681 - INFO - Writing overlap_75/PEC2_TK/PEC2_TK.plot.pdf
2021-04-04 19:08:38,681 - INFO - Writing overlap_75/PEC2_TK/PEC2_TK.plot.svg
2021-04-04 19:08:38,708 - INFO - Writing overlap_75/PEC2_TK/PEC2_TK.report.json
