2021-04-03 02:08:46,035 - INFO - Writing log to overlap_65/SRRP1_TK/SRRP1_TK.log
2021-04-03 02:08:46,043 - INFO - References:
 - SRRP1_TK
2021-04-03 02:08:46,043 - INFO - Primary reference for coordinate system: SRRP1_TK
2021-04-03 02:08:46,043 - INFO - Considering primers from all references
2021-04-03 02:08:47,537 - INFO - All done! Scheme created with 2 regions, 0 gaps, 65.22% coverage
2021-04-03 02:08:47,537 - INFO - Writing overlap_65/SRRP1_TK/SRRP1_TK.primer.bed
2021-04-03 02:08:47,538 - INFO - Writing overlap_65/SRRP1_TK/SRRP1_TK.insert.bed
2021-04-03 02:08:47,540 - INFO - Writing overlap_65/SRRP1_TK/SRRP1_TK.primer.tsv
2021-04-03 02:08:47,541 - INFO - Writing overlap_65/SRRP1_TK/SRRP1_TK.reference.fasta
2021-04-03 02:08:47,544 - INFO - Writing overlap_65/SRRP1_TK/SRRP1_TK.plot.pdf
2021-04-03 02:08:47,544 - INFO - Writing overlap_65/SRRP1_TK/SRRP1_TK.plot.svg
2021-04-03 02:08:47,559 - INFO - Writing overlap_65/SRRP1_TK/SRRP1_TK.report.json
2021-04-04 18:41:44,633 - INFO - Writing log to overlap_65/SRRP1_TK/SRRP1_TK.log
2021-04-04 18:41:44,648 - INFO - References:
 - SRRP1_TK
2021-04-04 18:41:44,649 - INFO - Primary reference for coordinate system: SRRP1_TK
2021-04-04 18:41:44,649 - INFO - Considering primers from all references
2021-04-04 18:41:46,046 - INFO - All done! Scheme created with 2 regions, 0 gaps, 65.22% coverage
2021-04-04 18:41:46,047 - INFO - Writing overlap_65/SRRP1_TK/SRRP1_TK.primer.bed
2021-04-04 18:41:46,050 - INFO - Writing overlap_65/SRRP1_TK/SRRP1_TK.insert.bed
2021-04-04 18:41:46,052 - INFO - Writing overlap_65/SRRP1_TK/SRRP1_TK.primer.tsv
2021-04-04 18:41:46,055 - INFO - Writing overlap_65/SRRP1_TK/SRRP1_TK.reference.fasta
2021-04-04 18:41:46,059 - INFO - Writing overlap_65/SRRP1_TK/SRRP1_TK.plot.pdf
2021-04-04 18:41:46,059 - INFO - Writing overlap_65/SRRP1_TK/SRRP1_TK.plot.svg
2021-04-04 18:41:46,075 - INFO - Writing overlap_65/SRRP1_TK/SRRP1_TK.report.json
