2021-04-03 00:48:07,383 - INFO - Writing log to overlap_45/2cMDE24CS1_TK/2cMDE24CS1_TK.log
2021-04-03 00:48:07,407 - INFO - References:
 - 2cMDE24CS1_TK
2021-04-03 00:48:07,407 - INFO - Primary reference for coordinate system: 2cMDE24CS1_TK
2021-04-03 00:48:07,407 - INFO - Considering primers from all references
2021-04-03 00:48:12,029 - INFO - All done! Scheme created with 6 regions, 2 gaps, 75.06% coverage
2021-04-03 00:48:12,030 - INFO - Writing overlap_45/2cMDE24CS1_TK/2cMDE24CS1_TK.primer.bed
2021-04-03 00:48:12,031 - INFO - Writing overlap_45/2cMDE24CS1_TK/2cMDE24CS1_TK.insert.bed
2021-04-03 00:48:12,032 - INFO - Writing overlap_45/2cMDE24CS1_TK/2cMDE24CS1_TK.primer.tsv
2021-04-03 00:48:12,033 - INFO - Writing overlap_45/2cMDE24CS1_TK/2cMDE24CS1_TK.reference.fasta
2021-04-03 00:48:12,038 - INFO - Writing overlap_45/2cMDE24CS1_TK/2cMDE24CS1_TK.plot.pdf
2021-04-03 00:48:12,038 - INFO - Writing overlap_45/2cMDE24CS1_TK/2cMDE24CS1_TK.plot.svg
2021-04-03 00:48:12,061 - INFO - Writing overlap_45/2cMDE24CS1_TK/2cMDE24CS1_TK.report.json
2021-04-04 17:28:54,979 - INFO - Writing log to overlap_45/2cMDE24CS1_TK/2cMDE24CS1_TK.log
2021-04-04 17:28:55,000 - INFO - References:
 - 2cMDE24CS1_TK
2021-04-04 17:28:55,000 - INFO - Primary reference for coordinate system: 2cMDE24CS1_TK
2021-04-04 17:28:55,000 - INFO - Considering primers from all references
2021-04-04 17:28:59,217 - INFO - All done! Scheme created with 6 regions, 2 gaps, 75.06% coverage
2021-04-04 17:28:59,217 - INFO - Writing overlap_45/2cMDE24CS1_TK/2cMDE24CS1_TK.primer.bed
2021-04-04 17:28:59,224 - INFO - Writing overlap_45/2cMDE24CS1_TK/2cMDE24CS1_TK.insert.bed
2021-04-04 17:28:59,229 - INFO - Writing overlap_45/2cMDE24CS1_TK/2cMDE24CS1_TK.primer.tsv
2021-04-04 17:28:59,234 - INFO - Writing overlap_45/2cMDE24CS1_TK/2cMDE24CS1_TK.reference.fasta
2021-04-04 17:28:59,243 - INFO - Writing overlap_45/2cMDE24CS1_TK/2cMDE24CS1_TK.plot.pdf
2021-04-04 17:28:59,243 - INFO - Writing overlap_45/2cMDE24CS1_TK/2cMDE24CS1_TK.plot.svg
2021-04-04 17:28:59,273 - INFO - Writing overlap_45/2cMDE24CS1_TK/2cMDE24CS1_TK.report.json
