2020-12-01 05:22:01,391 - INFO - Writing log to overlap_60/FTC_TK/FTC_TK.log
2020-12-01 05:22:01,414 - INFO - References:
 - FTC_TK
2020-12-01 05:22:01,414 - INFO - Primary reference for coordinate system: FTC_TK
2020-12-01 05:22:01,414 - INFO - Considering primers from all references
2020-12-01 05:22:08,550 - INFO - All done! Scheme created with 36 regions, 17 gaps, 48.87% coverage
2020-12-01 05:22:08,550 - INFO - Writing overlap_60/FTC_TK/FTC_TK.primer.bed
2020-12-01 05:22:08,551 - INFO - Writing overlap_60/FTC_TK/FTC_TK.insert.bed
2020-12-01 05:22:08,552 - INFO - Writing overlap_60/FTC_TK/FTC_TK.primer.tsv
2020-12-01 05:22:08,553 - INFO - Writing overlap_60/FTC_TK/FTC_TK.reference.fasta
2020-12-01 05:22:08,573 - INFO - Writing overlap_60/FTC_TK/FTC_TK.plot.pdf
2020-12-01 05:22:08,573 - INFO - Writing overlap_60/FTC_TK/FTC_TK.plot.svg
2020-12-01 05:22:08,661 - INFO - Writing overlap_60/FTC_TK/FTC_TK.report.json
2021-04-03 01:44:17,056 - INFO - Writing log to overlap_60/FTC_TK/FTC_TK.log
2021-04-03 01:44:17,080 - INFO - References:
 - FTC_TK
2021-04-03 01:44:17,080 - INFO - Primary reference for coordinate system: FTC_TK
2021-04-03 01:44:17,080 - INFO - Considering primers from all references
2021-04-03 01:44:53,106 - INFO - All done! Scheme created with 37 regions, 11 gaps, 88.76% coverage
2021-04-03 01:44:53,106 - INFO - Writing overlap_60/FTC_TK/FTC_TK.primer.bed
2021-04-03 01:44:53,111 - INFO - Writing overlap_60/FTC_TK/FTC_TK.insert.bed
2021-04-03 01:44:53,114 - INFO - Writing overlap_60/FTC_TK/FTC_TK.primer.tsv
2021-04-03 01:44:53,118 - INFO - Writing overlap_60/FTC_TK/FTC_TK.reference.fasta
2021-04-03 01:44:53,143 - INFO - Writing overlap_60/FTC_TK/FTC_TK.plot.pdf
2021-04-03 01:44:53,144 - INFO - Writing overlap_60/FTC_TK/FTC_TK.plot.svg
2021-04-03 01:44:53,227 - INFO - Writing overlap_60/FTC_TK/FTC_TK.report.json
2021-04-04 18:19:31,698 - INFO - Writing log to overlap_60/FTC_TK/FTC_TK.log
2021-04-04 18:19:31,719 - INFO - References:
 - FTC_TK
2021-04-04 18:19:31,719 - INFO - Primary reference for coordinate system: FTC_TK
2021-04-04 18:19:31,719 - INFO - Considering primers from all references
2021-04-04 18:20:04,153 - INFO - All done! Scheme created with 37 regions, 11 gaps, 88.76% coverage
2021-04-04 18:20:04,153 - INFO - Writing overlap_60/FTC_TK/FTC_TK.primer.bed
2021-04-04 18:20:04,156 - INFO - Writing overlap_60/FTC_TK/FTC_TK.insert.bed
2021-04-04 18:20:04,158 - INFO - Writing overlap_60/FTC_TK/FTC_TK.primer.tsv
2021-04-04 18:20:04,161 - INFO - Writing overlap_60/FTC_TK/FTC_TK.reference.fasta
2021-04-04 18:20:04,183 - INFO - Writing overlap_60/FTC_TK/FTC_TK.plot.pdf
2021-04-04 18:20:04,183 - INFO - Writing overlap_60/FTC_TK/FTC_TK.plot.svg
2021-04-04 18:20:04,292 - INFO - Writing overlap_60/FTC_TK/FTC_TK.report.json
