2021-04-03 11:24:23,420 - INFO - Writing log to overlap_80/A20AN1_TK/A20AN1_TK.log
2021-04-03 11:24:23,426 - INFO - References:
 - A20AN1_TK
2021-04-03 11:24:23,426 - INFO - Primary reference for coordinate system: A20AN1_TK
2021-04-03 11:24:23,426 - INFO - Considering primers from all references
2021-04-03 11:24:24,602 - INFO - All done! Scheme created with 2 regions, 0 gaps, 42.31% coverage
2021-04-03 11:24:24,602 - INFO - Writing overlap_80/A20AN1_TK/A20AN1_TK.primer.bed
2021-04-03 11:24:24,603 - INFO - Writing overlap_80/A20AN1_TK/A20AN1_TK.insert.bed
2021-04-03 11:24:24,604 - INFO - Writing overlap_80/A20AN1_TK/A20AN1_TK.primer.tsv
2021-04-03 11:24:24,604 - INFO - Writing overlap_80/A20AN1_TK/A20AN1_TK.reference.fasta
2021-04-03 11:24:24,607 - INFO - Writing overlap_80/A20AN1_TK/A20AN1_TK.plot.pdf
2021-04-03 11:24:24,607 - INFO - Writing overlap_80/A20AN1_TK/A20AN1_TK.plot.svg
2021-04-03 11:24:24,618 - INFO - Writing overlap_80/A20AN1_TK/A20AN1_TK.report.json
2021-04-04 19:15:22,501 - INFO - Writing log to overlap_80/A20AN1_TK/A20AN1_TK.log
2021-04-04 19:15:22,518 - INFO - References:
 - A20AN1_TK
2021-04-04 19:15:22,519 - INFO - Primary reference for coordinate system: A20AN1_TK
2021-04-04 19:15:22,519 - INFO - Considering primers from all references
2021-04-04 19:15:23,806 - INFO - All done! Scheme created with 2 regions, 0 gaps, 42.31% coverage
2021-04-04 19:15:23,806 - INFO - Writing overlap_80/A20AN1_TK/A20AN1_TK.primer.bed
2021-04-04 19:15:23,810 - INFO - Writing overlap_80/A20AN1_TK/A20AN1_TK.insert.bed
2021-04-04 19:15:23,813 - INFO - Writing overlap_80/A20AN1_TK/A20AN1_TK.primer.tsv
2021-04-04 19:15:23,816 - INFO - Writing overlap_80/A20AN1_TK/A20AN1_TK.reference.fasta
2021-04-04 19:15:23,821 - INFO - Writing overlap_80/A20AN1_TK/A20AN1_TK.plot.pdf
2021-04-04 19:15:23,822 - INFO - Writing overlap_80/A20AN1_TK/A20AN1_TK.plot.svg
2021-04-04 19:15:23,839 - INFO - Writing overlap_80/A20AN1_TK/A20AN1_TK.report.json
