2021-04-03 01:15:20,211 - INFO - Writing log to overlap_50/PEC2_TK/PEC2_TK.log
2021-04-03 01:15:20,235 - INFO - References:
 - PEC2_TK
2021-04-03 01:15:20,235 - INFO - Primary reference for coordinate system: PEC2_TK
2021-04-03 01:15:20,235 - INFO - Considering primers from all references
2021-04-03 01:15:26,377 - INFO - All done! Scheme created with 8 regions, 3 gaps, 77.19% coverage
2021-04-03 01:15:26,377 - INFO - Writing overlap_50/PEC2_TK/PEC2_TK.primer.bed
2021-04-03 01:15:26,378 - INFO - Writing overlap_50/PEC2_TK/PEC2_TK.insert.bed
2021-04-03 01:15:26,379 - INFO - Writing overlap_50/PEC2_TK/PEC2_TK.primer.tsv
2021-04-03 01:15:26,380 - INFO - Writing overlap_50/PEC2_TK/PEC2_TK.reference.fasta
2021-04-03 01:15:26,386 - INFO - Writing overlap_50/PEC2_TK/PEC2_TK.plot.pdf
2021-04-03 01:15:26,386 - INFO - Writing overlap_50/PEC2_TK/PEC2_TK.plot.svg
2021-04-03 01:15:26,414 - INFO - Writing overlap_50/PEC2_TK/PEC2_TK.report.json
2021-04-04 17:53:36,932 - INFO - Writing log to overlap_50/PEC2_TK/PEC2_TK.log
2021-04-04 17:53:36,982 - INFO - References:
 - PEC2_TK
2021-04-04 17:53:36,982 - INFO - Primary reference for coordinate system: PEC2_TK
2021-04-04 17:53:36,982 - INFO - Considering primers from all references
2021-04-04 17:53:42,543 - INFO - All done! Scheme created with 8 regions, 3 gaps, 77.19% coverage
2021-04-04 17:53:42,543 - INFO - Writing overlap_50/PEC2_TK/PEC2_TK.primer.bed
2021-04-04 17:53:42,546 - INFO - Writing overlap_50/PEC2_TK/PEC2_TK.insert.bed
2021-04-04 17:53:42,549 - INFO - Writing overlap_50/PEC2_TK/PEC2_TK.primer.tsv
2021-04-04 17:53:42,552 - INFO - Writing overlap_50/PEC2_TK/PEC2_TK.reference.fasta
2021-04-04 17:53:42,559 - INFO - Writing overlap_50/PEC2_TK/PEC2_TK.plot.pdf
2021-04-04 17:53:42,559 - INFO - Writing overlap_50/PEC2_TK/PEC2_TK.plot.svg
2021-04-04 17:53:42,587 - INFO - Writing overlap_50/PEC2_TK/PEC2_TK.report.json
