2021-04-03 11:24:15,733 - INFO - Writing log to overlap_80/4H3M2EDPR3_TK/4H3M2EDPR3_TK.log
2021-04-03 11:24:15,739 - INFO - References:
 - 4H3M2EDPR3_TK
2021-04-03 11:24:15,739 - INFO - Primary reference for coordinate system: 4H3M2EDPR3_TK
2021-04-03 11:24:15,739 - INFO - Considering primers from all references
2021-04-03 11:24:22,945 - INFO - All done! Scheme created with 11 regions, 4 gaps, 72.94% coverage
2021-04-03 11:24:22,945 - INFO - Writing overlap_80/4H3M2EDPR3_TK/4H3M2EDPR3_TK.primer.bed
2021-04-03 11:24:22,947 - INFO - Writing overlap_80/4H3M2EDPR3_TK/4H3M2EDPR3_TK.insert.bed
2021-04-03 11:24:22,948 - INFO - Writing overlap_80/4H3M2EDPR3_TK/4H3M2EDPR3_TK.primer.tsv
2021-04-03 11:24:22,949 - INFO - Writing overlap_80/4H3M2EDPR3_TK/4H3M2EDPR3_TK.reference.fasta
2021-04-03 11:24:22,956 - INFO - Writing overlap_80/4H3M2EDPR3_TK/4H3M2EDPR3_TK.plot.pdf
2021-04-03 11:24:22,956 - INFO - Writing overlap_80/4H3M2EDPR3_TK/4H3M2EDPR3_TK.plot.svg
2021-04-03 11:24:22,983 - INFO - Writing overlap_80/4H3M2EDPR3_TK/4H3M2EDPR3_TK.report.json
2021-04-04 19:15:13,932 - INFO - Writing log to overlap_80/4H3M2EDPR3_TK/4H3M2EDPR3_TK.log
2021-04-04 19:15:13,946 - INFO - References:
 - 4H3M2EDPR3_TK
2021-04-04 19:15:13,946 - INFO - Primary reference for coordinate system: 4H3M2EDPR3_TK
2021-04-04 19:15:13,946 - INFO - Considering primers from all references
2021-04-04 19:15:21,940 - INFO - All done! Scheme created with 11 regions, 4 gaps, 72.94% coverage
2021-04-04 19:15:21,940 - INFO - Writing overlap_80/4H3M2EDPR3_TK/4H3M2EDPR3_TK.primer.bed
2021-04-04 19:15:21,943 - INFO - Writing overlap_80/4H3M2EDPR3_TK/4H3M2EDPR3_TK.insert.bed
2021-04-04 19:15:21,946 - INFO - Writing overlap_80/4H3M2EDPR3_TK/4H3M2EDPR3_TK.primer.tsv
2021-04-04 19:15:21,949 - INFO - Writing overlap_80/4H3M2EDPR3_TK/4H3M2EDPR3_TK.reference.fasta
2021-04-04 19:15:21,958 - INFO - Writing overlap_80/4H3M2EDPR3_TK/4H3M2EDPR3_TK.plot.pdf
2021-04-04 19:15:21,958 - INFO - Writing overlap_80/4H3M2EDPR3_TK/4H3M2EDPR3_TK.plot.svg
2021-04-04 19:15:21,991 - INFO - Writing overlap_80/4H3M2EDPR3_TK/4H3M2EDPR3_TK.report.json
