2021-04-03 00:36:37,900 - INFO - Writing log to overlap_40/DREB_TK/DREB_TK.log
2021-04-03 00:36:37,927 - INFO - References:
 - DREB_TK
2021-04-03 00:36:37,927 - INFO - Primary reference for coordinate system: DREB_TK
2021-04-03 00:36:37,927 - INFO - Considering primers from all references
2021-04-03 00:36:41,556 - INFO - All done! Scheme created with 5 regions, 2 gaps, 76.74% coverage
2021-04-03 00:36:41,556 - INFO - Writing overlap_40/DREB_TK/DREB_TK.primer.bed
2021-04-03 00:36:41,558 - INFO - Writing overlap_40/DREB_TK/DREB_TK.insert.bed
2021-04-03 00:36:41,559 - INFO - Writing overlap_40/DREB_TK/DREB_TK.primer.tsv
2021-04-03 00:36:41,559 - INFO - Writing overlap_40/DREB_TK/DREB_TK.reference.fasta
2021-04-03 00:36:41,565 - INFO - Writing overlap_40/DREB_TK/DREB_TK.plot.pdf
2021-04-03 00:36:41,565 - INFO - Writing overlap_40/DREB_TK/DREB_TK.plot.svg
2021-04-03 00:36:41,586 - INFO - Writing overlap_40/DREB_TK/DREB_TK.report.json
2021-04-04 17:18:27,526 - INFO - Writing log to overlap_40/DREB_TK/DREB_TK.log
2021-04-04 17:18:27,583 - INFO - References:
 - DREB_TK
2021-04-04 17:18:27,583 - INFO - Primary reference for coordinate system: DREB_TK
2021-04-04 17:18:27,583 - INFO - Considering primers from all references
2021-04-04 17:18:30,894 - INFO - All done! Scheme created with 5 regions, 2 gaps, 76.74% coverage
2021-04-04 17:18:30,894 - INFO - Writing overlap_40/DREB_TK/DREB_TK.primer.bed
2021-04-04 17:18:30,897 - INFO - Writing overlap_40/DREB_TK/DREB_TK.insert.bed
2021-04-04 17:18:30,901 - INFO - Writing overlap_40/DREB_TK/DREB_TK.primer.tsv
2021-04-04 17:18:30,905 - INFO - Writing overlap_40/DREB_TK/DREB_TK.reference.fasta
2021-04-04 17:18:30,912 - INFO - Writing overlap_40/DREB_TK/DREB_TK.plot.pdf
2021-04-04 17:18:30,912 - INFO - Writing overlap_40/DREB_TK/DREB_TK.plot.svg
2021-04-04 17:18:30,936 - INFO - Writing overlap_40/DREB_TK/DREB_TK.report.json
