2021-04-03 00:37:48,086 - INFO - Writing log to overlap_40/FTC_TK/FTC_TK.log
2021-04-03 00:37:48,110 - INFO - References:
 - FTC_TK
2021-04-03 00:37:48,110 - INFO - Primary reference for coordinate system: FTC_TK
2021-04-03 00:37:48,110 - INFO - Considering primers from all references
2021-04-03 00:38:23,487 - INFO - All done! Scheme created with 37 regions, 11 gaps, 88.76% coverage
2021-04-03 00:38:23,487 - INFO - Writing overlap_40/FTC_TK/FTC_TK.primer.bed
2021-04-03 00:38:23,489 - INFO - Writing overlap_40/FTC_TK/FTC_TK.insert.bed
2021-04-03 00:38:23,490 - INFO - Writing overlap_40/FTC_TK/FTC_TK.primer.tsv
2021-04-03 00:38:23,492 - INFO - Writing overlap_40/FTC_TK/FTC_TK.reference.fasta
2021-04-03 00:38:23,514 - INFO - Writing overlap_40/FTC_TK/FTC_TK.plot.pdf
2021-04-03 00:38:23,514 - INFO - Writing overlap_40/FTC_TK/FTC_TK.plot.svg
2021-04-03 00:38:23,591 - INFO - Writing overlap_40/FTC_TK/FTC_TK.report.json
2021-04-04 17:19:29,535 - INFO - Writing log to overlap_40/FTC_TK/FTC_TK.log
2021-04-04 17:19:29,572 - INFO - References:
 - FTC_TK
2021-04-04 17:19:29,572 - INFO - Primary reference for coordinate system: FTC_TK
2021-04-04 17:19:29,572 - INFO - Considering primers from all references
2021-04-04 17:20:01,955 - INFO - All done! Scheme created with 37 regions, 11 gaps, 88.76% coverage
2021-04-04 17:20:01,955 - INFO - Writing overlap_40/FTC_TK/FTC_TK.primer.bed
2021-04-04 17:20:01,959 - INFO - Writing overlap_40/FTC_TK/FTC_TK.insert.bed
2021-04-04 17:20:01,964 - INFO - Writing overlap_40/FTC_TK/FTC_TK.primer.tsv
2021-04-04 17:20:01,967 - INFO - Writing overlap_40/FTC_TK/FTC_TK.reference.fasta
2021-04-04 17:20:01,990 - INFO - Writing overlap_40/FTC_TK/FTC_TK.plot.pdf
2021-04-04 17:20:01,990 - INFO - Writing overlap_40/FTC_TK/FTC_TK.plot.svg
2021-04-04 17:20:02,226 - INFO - Writing overlap_40/FTC_TK/FTC_TK.report.json
