2021-04-03 00:31:18,789 - INFO - Writing log to overlap_40/1_SST_TK/1_SST_TK.log
2021-04-03 00:31:18,798 - INFO - References:
 - 1_SST_TK
2021-04-03 00:31:18,798 - INFO - Primary reference for coordinate system: 1_SST_TK
2021-04-03 00:31:18,798 - INFO - Considering primers from all references
2021-04-03 00:31:37,603 - INFO - All done! Scheme created with 15 regions, 5 gaps, 84.93% coverage
2021-04-03 00:31:37,603 - INFO - Writing overlap_40/1_SST_TK/1_SST_TK.primer.bed
2021-04-03 00:31:37,604 - INFO - Writing overlap_40/1_SST_TK/1_SST_TK.insert.bed
2021-04-03 00:31:37,605 - INFO - Writing overlap_40/1_SST_TK/1_SST_TK.primer.tsv
2021-04-03 00:31:37,606 - INFO - Writing overlap_40/1_SST_TK/1_SST_TK.reference.fasta
2021-04-03 00:31:37,695 - INFO - Writing overlap_40/1_SST_TK/1_SST_TK.plot.pdf
2021-04-03 00:31:37,695 - INFO - Writing overlap_40/1_SST_TK/1_SST_TK.plot.svg
2021-04-03 00:31:37,733 - INFO - Writing overlap_40/1_SST_TK/1_SST_TK.report.json
2021-04-04 17:13:42,840 - INFO - Writing log to overlap_40/1_SST_TK/1_SST_TK.log
2021-04-04 17:13:42,884 - INFO - References:
 - 1_SST_TK
2021-04-04 17:13:42,884 - INFO - Primary reference for coordinate system: 1_SST_TK
2021-04-04 17:13:42,884 - INFO - Considering primers from all references
2021-04-04 17:13:59,903 - INFO - All done! Scheme created with 15 regions, 5 gaps, 84.93% coverage
2021-04-04 17:13:59,904 - INFO - Writing overlap_40/1_SST_TK/1_SST_TK.primer.bed
2021-04-04 17:13:59,909 - INFO - Writing overlap_40/1_SST_TK/1_SST_TK.insert.bed
2021-04-04 17:13:59,912 - INFO - Writing overlap_40/1_SST_TK/1_SST_TK.primer.tsv
2021-04-04 17:13:59,916 - INFO - Writing overlap_40/1_SST_TK/1_SST_TK.reference.fasta
2021-04-04 17:13:59,978 - INFO - Writing overlap_40/1_SST_TK/1_SST_TK.plot.pdf
2021-04-04 17:13:59,978 - INFO - Writing overlap_40/1_SST_TK/1_SST_TK.plot.svg
2021-04-04 17:14:00,019 - INFO - Writing overlap_40/1_SST_TK/1_SST_TK.report.json
