2021-04-03 11:45:13,860 - INFO - Writing log to overlap_85/PK1_TK/PK1_TK.log
2021-04-03 11:45:13,866 - INFO - References:
 - PK1_TK
2021-04-03 11:45:13,866 - INFO - Primary reference for coordinate system: PK1_TK
2021-04-03 11:45:13,866 - INFO - Considering primers from all references
2021-04-03 11:45:16,331 - INFO - All done! Scheme created with 4 regions, 1 gap, 50.27% coverage
2021-04-03 11:45:16,331 - INFO - Writing overlap_85/PK1_TK/PK1_TK.primer.bed
2021-04-03 11:45:16,332 - INFO - Writing overlap_85/PK1_TK/PK1_TK.insert.bed
2021-04-03 11:45:16,333 - INFO - Writing overlap_85/PK1_TK/PK1_TK.primer.tsv
2021-04-03 11:45:16,333 - INFO - Writing overlap_85/PK1_TK/PK1_TK.reference.fasta
2021-04-03 11:45:16,337 - INFO - Writing overlap_85/PK1_TK/PK1_TK.plot.pdf
2021-04-03 11:45:16,337 - INFO - Writing overlap_85/PK1_TK/PK1_TK.plot.svg
2021-04-03 11:45:16,368 - INFO - Writing overlap_85/PK1_TK/PK1_TK.report.json
2021-04-04 19:38:34,143 - INFO - Writing log to overlap_85/PK1_TK/PK1_TK.log
2021-04-04 19:38:34,159 - INFO - References:
 - PK1_TK
2021-04-04 19:38:34,160 - INFO - Primary reference for coordinate system: PK1_TK
2021-04-04 19:38:34,160 - INFO - Considering primers from all references
2021-04-04 19:38:36,881 - INFO - All done! Scheme created with 4 regions, 1 gap, 50.27% coverage
2021-04-04 19:38:36,881 - INFO - Writing overlap_85/PK1_TK/PK1_TK.primer.bed
2021-04-04 19:38:36,884 - INFO - Writing overlap_85/PK1_TK/PK1_TK.insert.bed
2021-04-04 19:38:36,887 - INFO - Writing overlap_85/PK1_TK/PK1_TK.primer.tsv
2021-04-04 19:38:36,889 - INFO - Writing overlap_85/PK1_TK/PK1_TK.reference.fasta
2021-04-04 19:38:36,895 - INFO - Writing overlap_85/PK1_TK/PK1_TK.plot.pdf
2021-04-04 19:38:36,895 - INFO - Writing overlap_85/PK1_TK/PK1_TK.plot.svg
2021-04-04 19:38:36,934 - INFO - Writing overlap_85/PK1_TK/PK1_TK.report.json
