2021-04-03 00:35:46,447 - INFO - Writing log to overlap_40/CPT1_1_TK/CPT1_1_TK.log
2021-04-03 00:35:46,467 - INFO - References:
 - CPT1_1_TK
2021-04-03 00:35:46,467 - INFO - Primary reference for coordinate system: CPT1_1_TK
2021-04-03 00:35:46,467 - INFO - Considering primers from all references
2021-04-03 00:35:49,511 - INFO - All done! Scheme created with 4 regions, 1 gap, 57.98% coverage
2021-04-03 00:35:49,511 - INFO - Writing overlap_40/CPT1_1_TK/CPT1_1_TK.primer.bed
2021-04-03 00:35:49,512 - INFO - Writing overlap_40/CPT1_1_TK/CPT1_1_TK.insert.bed
2021-04-03 00:35:49,513 - INFO - Writing overlap_40/CPT1_1_TK/CPT1_1_TK.primer.tsv
2021-04-03 00:35:49,514 - INFO - Writing overlap_40/CPT1_1_TK/CPT1_1_TK.reference.fasta
2021-04-03 00:35:49,518 - INFO - Writing overlap_40/CPT1_1_TK/CPT1_1_TK.plot.pdf
2021-04-03 00:35:49,519 - INFO - Writing overlap_40/CPT1_1_TK/CPT1_1_TK.plot.svg
2021-04-03 00:35:49,575 - INFO - Writing overlap_40/CPT1_1_TK/CPT1_1_TK.report.json
2021-04-04 17:17:41,810 - INFO - Writing log to overlap_40/CPT1_1_TK/CPT1_1_TK.log
2021-04-04 17:17:41,830 - INFO - References:
 - CPT1_1_TK
2021-04-04 17:17:41,830 - INFO - Primary reference for coordinate system: CPT1_1_TK
2021-04-04 17:17:41,831 - INFO - Considering primers from all references
2021-04-04 17:17:44,568 - INFO - All done! Scheme created with 4 regions, 1 gap, 57.98% coverage
2021-04-04 17:17:44,569 - INFO - Writing overlap_40/CPT1_1_TK/CPT1_1_TK.primer.bed
2021-04-04 17:17:44,574 - INFO - Writing overlap_40/CPT1_1_TK/CPT1_1_TK.insert.bed
2021-04-04 17:17:44,578 - INFO - Writing overlap_40/CPT1_1_TK/CPT1_1_TK.primer.tsv
2021-04-04 17:17:44,583 - INFO - Writing overlap_40/CPT1_1_TK/CPT1_1_TK.reference.fasta
2021-04-04 17:17:44,591 - INFO - Writing overlap_40/CPT1_1_TK/CPT1_1_TK.plot.pdf
2021-04-04 17:17:44,591 - INFO - Writing overlap_40/CPT1_1_TK/CPT1_1_TK.plot.svg
2021-04-04 17:17:44,637 - INFO - Writing overlap_40/CPT1_1_TK/CPT1_1_TK.report.json
