2020-12-01 05:20:35,819 - INFO - Writing log to overlap_50/IPPK_TK/IPPK_TK.log
2020-12-01 05:20:35,834 - INFO - References:
 - IPPK_TK
2020-12-01 05:20:35,834 - INFO - Primary reference for coordinate system: IPPK_TK
2020-12-01 05:20:35,834 - INFO - Considering primers from all references
2020-12-01 05:20:36,260 - INFO - All done! Scheme created with 9 regions, 2 gaps, 77.95% coverage
2020-12-01 05:20:36,260 - INFO - Writing overlap_50/IPPK_TK/IPPK_TK.primer.bed
2020-12-01 05:20:36,261 - INFO - Writing overlap_50/IPPK_TK/IPPK_TK.insert.bed
2020-12-01 05:20:36,262 - INFO - Writing overlap_50/IPPK_TK/IPPK_TK.primer.tsv
2020-12-01 05:20:36,263 - INFO - Writing overlap_50/IPPK_TK/IPPK_TK.reference.fasta
2020-12-01 05:20:36,268 - INFO - Writing overlap_50/IPPK_TK/IPPK_TK.plot.pdf
2020-12-01 05:20:36,268 - INFO - Writing overlap_50/IPPK_TK/IPPK_TK.plot.svg
2020-12-01 05:20:36,289 - INFO - Writing overlap_50/IPPK_TK/IPPK_TK.report.json
2021-04-03 01:12:16,129 - INFO - Writing log to overlap_50/IPPK_TK/IPPK_TK.log
2021-04-03 01:12:16,146 - INFO - References:
 - IPPK_TK
2021-04-03 01:12:16,146 - INFO - Primary reference for coordinate system: IPPK_TK
2021-04-03 01:12:16,146 - INFO - Considering primers from all references
2021-04-03 01:12:19,061 - INFO - All done! Scheme created with 4 regions, 0 gaps, 68.6% coverage
2021-04-03 01:12:19,061 - INFO - Writing overlap_50/IPPK_TK/IPPK_TK.primer.bed
2021-04-03 01:12:19,065 - INFO - Writing overlap_50/IPPK_TK/IPPK_TK.insert.bed
2021-04-03 01:12:19,069 - INFO - Writing overlap_50/IPPK_TK/IPPK_TK.primer.tsv
2021-04-03 01:12:19,073 - INFO - Writing overlap_50/IPPK_TK/IPPK_TK.reference.fasta
2021-04-03 01:12:19,080 - INFO - Writing overlap_50/IPPK_TK/IPPK_TK.plot.pdf
2021-04-03 01:12:19,080 - INFO - Writing overlap_50/IPPK_TK/IPPK_TK.plot.svg
2021-04-03 01:12:19,141 - INFO - Writing overlap_50/IPPK_TK/IPPK_TK.report.json
2021-04-04 17:50:51,046 - INFO - Writing log to overlap_50/IPPK_TK/IPPK_TK.log
2021-04-04 17:50:51,074 - INFO - References:
 - IPPK_TK
2021-04-04 17:50:51,074 - INFO - Primary reference for coordinate system: IPPK_TK
2021-04-04 17:50:51,074 - INFO - Considering primers from all references
2021-04-04 17:50:53,770 - INFO - All done! Scheme created with 4 regions, 0 gaps, 68.6% coverage
2021-04-04 17:50:53,770 - INFO - Writing overlap_50/IPPK_TK/IPPK_TK.primer.bed
2021-04-04 17:50:53,773 - INFO - Writing overlap_50/IPPK_TK/IPPK_TK.insert.bed
2021-04-04 17:50:53,776 - INFO - Writing overlap_50/IPPK_TK/IPPK_TK.primer.tsv
2021-04-04 17:50:53,778 - INFO - Writing overlap_50/IPPK_TK/IPPK_TK.reference.fasta
2021-04-04 17:50:53,784 - INFO - Writing overlap_50/IPPK_TK/IPPK_TK.plot.pdf
2021-04-04 17:50:53,784 - INFO - Writing overlap_50/IPPK_TK/IPPK_TK.plot.svg
2021-04-04 17:50:53,825 - INFO - Writing overlap_50/IPPK_TK/IPPK_TK.report.json
