2021-04-03 00:53:18,446 - INFO - Writing log to overlap_45/EG_TK/EG_TK.log
2021-04-03 00:53:18,454 - INFO - References:
 - EG_TK
2021-04-03 00:53:18,454 - INFO - Primary reference for coordinate system: EG_TK
2021-04-03 00:53:18,454 - INFO - Considering primers from all references
2021-04-03 00:53:30,046 - INFO - All done! Scheme created with 15 regions, 3 gaps, 85.86% coverage
2021-04-03 00:53:30,046 - INFO - Writing overlap_45/EG_TK/EG_TK.primer.bed
2021-04-03 00:53:30,048 - INFO - Writing overlap_45/EG_TK/EG_TK.insert.bed
2021-04-03 00:53:30,049 - INFO - Writing overlap_45/EG_TK/EG_TK.primer.tsv
2021-04-03 00:53:30,050 - INFO - Writing overlap_45/EG_TK/EG_TK.reference.fasta
2021-04-03 00:53:30,060 - INFO - Writing overlap_45/EG_TK/EG_TK.plot.pdf
2021-04-03 00:53:30,060 - INFO - Writing overlap_45/EG_TK/EG_TK.plot.svg
2021-04-03 00:53:30,097 - INFO - Writing overlap_45/EG_TK/EG_TK.report.json
2021-04-04 17:33:36,870 - INFO - Writing log to overlap_45/EG_TK/EG_TK.log
2021-04-04 17:33:36,892 - INFO - References:
 - EG_TK
2021-04-04 17:33:36,892 - INFO - Primary reference for coordinate system: EG_TK
2021-04-04 17:33:36,892 - INFO - Considering primers from all references
2021-04-04 17:33:47,405 - INFO - All done! Scheme created with 15 regions, 3 gaps, 85.86% coverage
2021-04-04 17:33:47,406 - INFO - Writing overlap_45/EG_TK/EG_TK.primer.bed
2021-04-04 17:33:47,410 - INFO - Writing overlap_45/EG_TK/EG_TK.insert.bed
2021-04-04 17:33:47,415 - INFO - Writing overlap_45/EG_TK/EG_TK.primer.tsv
2021-04-04 17:33:47,419 - INFO - Writing overlap_45/EG_TK/EG_TK.reference.fasta
2021-04-04 17:33:47,431 - INFO - Writing overlap_45/EG_TK/EG_TK.plot.pdf
2021-04-04 17:33:47,431 - INFO - Writing overlap_45/EG_TK/EG_TK.plot.svg
2021-04-04 17:33:47,470 - INFO - Writing overlap_45/EG_TK/EG_TK.report.json
