2021-04-03 11:22:50,036 - INFO - Writing log to overlap_80/1_SST_TK/1_SST_TK.log
2021-04-03 11:22:50,042 - INFO - References:
 - 1_SST_TK
2021-04-03 11:22:50,042 - INFO - Primary reference for coordinate system: 1_SST_TK
2021-04-03 11:22:50,042 - INFO - Considering primers from all references
2021-04-03 11:23:05,496 - INFO - All done! Scheme created with 15 regions, 5 gaps, 84.93% coverage
2021-04-03 11:23:05,496 - INFO - Writing overlap_80/1_SST_TK/1_SST_TK.primer.bed
2021-04-03 11:23:05,497 - INFO - Writing overlap_80/1_SST_TK/1_SST_TK.insert.bed
2021-04-03 11:23:05,499 - INFO - Writing overlap_80/1_SST_TK/1_SST_TK.primer.tsv
2021-04-03 11:23:05,499 - INFO - Writing overlap_80/1_SST_TK/1_SST_TK.reference.fasta
2021-04-03 11:23:05,550 - INFO - Writing overlap_80/1_SST_TK/1_SST_TK.plot.pdf
2021-04-03 11:23:05,550 - INFO - Writing overlap_80/1_SST_TK/1_SST_TK.plot.svg
2021-04-03 11:23:05,581 - INFO - Writing overlap_80/1_SST_TK/1_SST_TK.report.json
2021-04-04 19:13:38,209 - INFO - Writing log to overlap_80/1_SST_TK/1_SST_TK.log
2021-04-04 19:13:38,224 - INFO - References:
 - 1_SST_TK
2021-04-04 19:13:38,224 - INFO - Primary reference for coordinate system: 1_SST_TK
2021-04-04 19:13:38,224 - INFO - Considering primers from all references
2021-04-04 19:13:55,274 - INFO - All done! Scheme created with 15 regions, 5 gaps, 84.93% coverage
2021-04-04 19:13:55,275 - INFO - Writing overlap_80/1_SST_TK/1_SST_TK.primer.bed
2021-04-04 19:13:55,279 - INFO - Writing overlap_80/1_SST_TK/1_SST_TK.insert.bed
2021-04-04 19:13:55,284 - INFO - Writing overlap_80/1_SST_TK/1_SST_TK.primer.tsv
2021-04-04 19:13:55,288 - INFO - Writing overlap_80/1_SST_TK/1_SST_TK.reference.fasta
2021-04-04 19:13:55,350 - INFO - Writing overlap_80/1_SST_TK/1_SST_TK.plot.pdf
2021-04-04 19:13:55,350 - INFO - Writing overlap_80/1_SST_TK/1_SST_TK.plot.svg
2021-04-04 19:13:55,391 - INFO - Writing overlap_80/1_SST_TK/1_SST_TK.report.json
