2021-04-02 20:45:31,463 - INFO - Writing log to overlap_70/OC2_TK/OC2_TK.log
2021-04-02 20:45:31,483 - INFO - References:
 - OC2_TK
2021-04-02 20:45:31,483 - INFO - Primary reference for coordinate system: OC2_TK
2021-04-02 20:45:31,484 - INFO - Considering primers from all references
2021-04-02 20:45:52,742 - INFO - All done! Scheme created with 32 regions, 10 gaps, 83.22% coverage
2021-04-02 20:45:52,742 - INFO - Writing overlap_70/OC2_TK/OC2_TK.primer.bed
2021-04-02 20:45:52,743 - INFO - Writing overlap_70/OC2_TK/OC2_TK.insert.bed
2021-04-02 20:45:52,744 - INFO - Writing overlap_70/OC2_TK/OC2_TK.primer.tsv
2021-04-02 20:45:52,745 - INFO - Writing overlap_70/OC2_TK/OC2_TK.reference.fasta
2021-04-02 20:45:52,760 - INFO - Writing overlap_70/OC2_TK/OC2_TK.plot.pdf
2021-04-02 20:45:52,760 - INFO - Writing overlap_70/OC2_TK/OC2_TK.plot.svg
2021-04-02 20:45:52,816 - INFO - Writing overlap_70/OC2_TK/OC2_TK.report.json
2021-04-03 02:19:49,169 - INFO - Writing log to overlap_70/OC2_TK/OC2_TK.log
2021-04-03 02:19:49,187 - INFO - References:
 - OC2_TK
2021-04-03 02:19:49,188 - INFO - Primary reference for coordinate system: OC2_TK
2021-04-03 02:19:49,188 - INFO - Considering primers from all references
2021-04-03 02:20:16,259 - INFO - All done! Scheme created with 32 regions, 10 gaps, 83.22% coverage
2021-04-03 02:20:16,259 - INFO - Writing overlap_70/OC2_TK/OC2_TK.primer.bed
2021-04-03 02:20:16,265 - INFO - Writing overlap_70/OC2_TK/OC2_TK.insert.bed
2021-04-03 02:20:16,270 - INFO - Writing overlap_70/OC2_TK/OC2_TK.primer.tsv
2021-04-03 02:20:16,276 - INFO - Writing overlap_70/OC2_TK/OC2_TK.reference.fasta
2021-04-03 02:20:16,299 - INFO - Writing overlap_70/OC2_TK/OC2_TK.plot.pdf
2021-04-03 02:20:16,299 - INFO - Writing overlap_70/OC2_TK/OC2_TK.plot.svg
2021-04-03 02:20:16,377 - INFO - Writing overlap_70/OC2_TK/OC2_TK.report.json
2021-04-04 18:51:51,387 - INFO - Writing log to overlap_70/OC2_TK/OC2_TK.log
2021-04-04 18:51:51,420 - INFO - References:
 - OC2_TK
2021-04-04 18:51:51,420 - INFO - Primary reference for coordinate system: OC2_TK
2021-04-04 18:51:51,420 - INFO - Considering primers from all references
2021-04-04 18:52:16,390 - INFO - All done! Scheme created with 32 regions, 10 gaps, 83.22% coverage
2021-04-04 18:52:16,390 - INFO - Writing overlap_70/OC2_TK/OC2_TK.primer.bed
2021-04-04 18:52:16,395 - INFO - Writing overlap_70/OC2_TK/OC2_TK.insert.bed
2021-04-04 18:52:16,399 - INFO - Writing overlap_70/OC2_TK/OC2_TK.primer.tsv
2021-04-04 18:52:16,403 - INFO - Writing overlap_70/OC2_TK/OC2_TK.reference.fasta
2021-04-04 18:52:16,424 - INFO - Writing overlap_70/OC2_TK/OC2_TK.plot.pdf
2021-04-04 18:52:16,424 - INFO - Writing overlap_70/OC2_TK/OC2_TK.plot.svg
2021-04-04 18:52:16,497 - INFO - Writing overlap_70/OC2_TK/OC2_TK.report.json
