2021-04-03 01:35:35,087 - INFO - Writing log to overlap_55/SRPP6_TK/SRPP6_TK.log
2021-04-03 01:35:35,096 - INFO - References:
 - SRPP6_TK
2021-04-03 01:35:35,096 - INFO - Primary reference for coordinate system: SRPP6_TK
2021-04-03 01:35:35,096 - INFO - Considering primers from all references
2021-04-03 01:35:38,049 - INFO - All done! Scheme created with 4 regions, 1 gap, 61.05% coverage
2021-04-03 01:35:38,049 - INFO - Writing overlap_55/SRPP6_TK/SRPP6_TK.primer.bed
2021-04-03 01:35:38,050 - INFO - Writing overlap_55/SRPP6_TK/SRPP6_TK.insert.bed
2021-04-03 01:35:38,051 - INFO - Writing overlap_55/SRPP6_TK/SRPP6_TK.primer.tsv
2021-04-03 01:35:38,051 - INFO - Writing overlap_55/SRPP6_TK/SRPP6_TK.reference.fasta
2021-04-03 01:35:38,056 - INFO - Writing overlap_55/SRPP6_TK/SRPP6_TK.plot.pdf
2021-04-03 01:35:38,056 - INFO - Writing overlap_55/SRPP6_TK/SRPP6_TK.plot.svg
2021-04-03 01:35:38,114 - INFO - Writing overlap_55/SRPP6_TK/SRPP6_TK.report.json
2021-04-04 18:11:45,235 - INFO - Writing log to overlap_55/SRPP6_TK/SRPP6_TK.log
2021-04-04 18:11:45,253 - INFO - References:
 - SRPP6_TK
2021-04-04 18:11:45,254 - INFO - Primary reference for coordinate system: SRPP6_TK
2021-04-04 18:11:45,254 - INFO - Considering primers from all references
2021-04-04 18:11:47,981 - INFO - All done! Scheme created with 4 regions, 1 gap, 61.05% coverage
2021-04-04 18:11:47,981 - INFO - Writing overlap_55/SRPP6_TK/SRPP6_TK.primer.bed
2021-04-04 18:11:47,984 - INFO - Writing overlap_55/SRPP6_TK/SRPP6_TK.insert.bed
2021-04-04 18:11:47,987 - INFO - Writing overlap_55/SRPP6_TK/SRPP6_TK.primer.tsv
2021-04-04 18:11:47,989 - INFO - Writing overlap_55/SRPP6_TK/SRPP6_TK.reference.fasta
2021-04-04 18:11:47,995 - INFO - Writing overlap_55/SRPP6_TK/SRPP6_TK.plot.pdf
2021-04-04 18:11:47,995 - INFO - Writing overlap_55/SRPP6_TK/SRPP6_TK.plot.svg
2021-04-04 18:11:48,037 - INFO - Writing overlap_55/SRPP6_TK/SRPP6_TK.report.json
