2021-04-03 11:47:27,075 - INFO - Writing log to overlap_85/SQS2_TK/SQS2_TK.log
2021-04-03 11:47:27,081 - INFO - References:
 - SQS2_TK
2021-04-03 11:47:27,081 - INFO - Primary reference for coordinate system: SQS2_TK
2021-04-03 11:47:27,081 - INFO - Considering primers from all references
2021-04-03 11:47:36,315 - INFO - All done! Scheme created with 14 regions, 2 gaps, 88.8% coverage
2021-04-03 11:47:36,315 - INFO - Writing overlap_85/SQS2_TK/SQS2_TK.primer.bed
2021-04-03 11:47:36,317 - INFO - Writing overlap_85/SQS2_TK/SQS2_TK.insert.bed
2021-04-03 11:47:36,317 - INFO - Writing overlap_85/SQS2_TK/SQS2_TK.primer.tsv
2021-04-03 11:47:36,318 - INFO - Writing overlap_85/SQS2_TK/SQS2_TK.reference.fasta
2021-04-03 11:47:36,326 - INFO - Writing overlap_85/SQS2_TK/SQS2_TK.plot.pdf
2021-04-03 11:47:36,326 - INFO - Writing overlap_85/SQS2_TK/SQS2_TK.plot.svg
2021-04-03 11:47:36,355 - INFO - Writing overlap_85/SQS2_TK/SQS2_TK.report.json
2021-04-04 19:41:02,430 - INFO - Writing log to overlap_85/SQS2_TK/SQS2_TK.log
2021-04-04 19:41:02,448 - INFO - References:
 - SQS2_TK
2021-04-04 19:41:02,448 - INFO - Primary reference for coordinate system: SQS2_TK
2021-04-04 19:41:02,448 - INFO - Considering primers from all references
2021-04-04 19:41:12,685 - INFO - All done! Scheme created with 14 regions, 2 gaps, 88.8% coverage
2021-04-04 19:41:12,685 - INFO - Writing overlap_85/SQS2_TK/SQS2_TK.primer.bed
2021-04-04 19:41:12,688 - INFO - Writing overlap_85/SQS2_TK/SQS2_TK.insert.bed
2021-04-04 19:41:12,691 - INFO - Writing overlap_85/SQS2_TK/SQS2_TK.primer.tsv
2021-04-04 19:41:12,693 - INFO - Writing overlap_85/SQS2_TK/SQS2_TK.reference.fasta
2021-04-04 19:41:12,703 - INFO - Writing overlap_85/SQS2_TK/SQS2_TK.plot.pdf
2021-04-04 19:41:12,703 - INFO - Writing overlap_85/SQS2_TK/SQS2_TK.plot.svg
2021-04-04 19:41:12,741 - INFO - Writing overlap_85/SQS2_TK/SQS2_TK.report.json
