2021-04-03 11:11:30,588 - INFO - Writing log to overlap_75/ADPATC2_TK/ADPATC2_TK.log
2021-04-03 11:11:30,599 - INFO - References:
 - ADPATC2_TK
2021-04-03 11:11:30,599 - INFO - Primary reference for coordinate system: ADPATC2_TK
2021-04-03 11:11:30,599 - INFO - Considering primers from all references
2021-04-03 11:11:34,309 - INFO - All done! Scheme created with 6 regions, 1 gap, 66.93% coverage
2021-04-03 11:11:34,309 - INFO - Writing overlap_75/ADPATC2_TK/ADPATC2_TK.primer.bed
2021-04-03 11:11:34,310 - INFO - Writing overlap_75/ADPATC2_TK/ADPATC2_TK.insert.bed
2021-04-03 11:11:34,311 - INFO - Writing overlap_75/ADPATC2_TK/ADPATC2_TK.primer.tsv
2021-04-03 11:11:34,311 - INFO - Writing overlap_75/ADPATC2_TK/ADPATC2_TK.reference.fasta
2021-04-03 11:11:34,316 - INFO - Writing overlap_75/ADPATC2_TK/ADPATC2_TK.plot.pdf
2021-04-03 11:11:34,316 - INFO - Writing overlap_75/ADPATC2_TK/ADPATC2_TK.plot.svg
2021-04-03 11:11:34,336 - INFO - Writing overlap_75/ADPATC2_TK/ADPATC2_TK.report.json
2021-04-04 19:01:02,038 - INFO - Writing log to overlap_75/ADPATC2_TK/ADPATC2_TK.log
2021-04-04 19:01:02,092 - INFO - References:
 - ADPATC2_TK
2021-04-04 19:01:02,093 - INFO - Primary reference for coordinate system: ADPATC2_TK
2021-04-04 19:01:02,093 - INFO - Considering primers from all references
2021-04-04 19:01:06,206 - INFO - All done! Scheme created with 6 regions, 1 gap, 66.93% coverage
2021-04-04 19:01:06,206 - INFO - Writing overlap_75/ADPATC2_TK/ADPATC2_TK.primer.bed
2021-04-04 19:01:06,209 - INFO - Writing overlap_75/ADPATC2_TK/ADPATC2_TK.insert.bed
2021-04-04 19:01:06,211 - INFO - Writing overlap_75/ADPATC2_TK/ADPATC2_TK.primer.tsv
2021-04-04 19:01:06,214 - INFO - Writing overlap_75/ADPATC2_TK/ADPATC2_TK.reference.fasta
2021-04-04 19:01:06,221 - INFO - Writing overlap_75/ADPATC2_TK/ADPATC2_TK.plot.pdf
2021-04-04 19:01:06,221 - INFO - Writing overlap_75/ADPATC2_TK/ADPATC2_TK.plot.svg
2021-04-04 19:01:06,247 - INFO - Writing overlap_75/ADPATC2_TK/ADPATC2_TK.report.json
