2021-04-03 11:21:24,492 - INFO - Writing log to overlap_75/UCE9_TK/UCE9_TK.log
2021-04-03 11:21:24,510 - INFO - References:
 - UCE9_TK
2021-04-03 11:21:24,510 - INFO - Primary reference for coordinate system: UCE9_TK
2021-04-03 11:21:24,510 - INFO - Considering primers from all references
2021-04-03 11:21:26,459 - INFO - All done! Scheme created with 3 regions, 1 gap, 62.55% coverage
2021-04-03 11:21:26,459 - INFO - Writing overlap_75/UCE9_TK/UCE9_TK.primer.bed
2021-04-03 11:21:26,460 - INFO - Writing overlap_75/UCE9_TK/UCE9_TK.insert.bed
2021-04-03 11:21:26,461 - INFO - Writing overlap_75/UCE9_TK/UCE9_TK.primer.tsv
2021-04-03 11:21:26,461 - INFO - Writing overlap_75/UCE9_TK/UCE9_TK.reference.fasta
2021-04-03 11:21:26,464 - INFO - Writing overlap_75/UCE9_TK/UCE9_TK.plot.pdf
2021-04-03 11:21:26,464 - INFO - Writing overlap_75/UCE9_TK/UCE9_TK.plot.svg
2021-04-03 11:21:26,477 - INFO - Writing overlap_75/UCE9_TK/UCE9_TK.report.json
2021-04-04 19:12:02,737 - INFO - Writing log to overlap_75/UCE9_TK/UCE9_TK.log
2021-04-04 19:12:02,756 - INFO - References:
 - UCE9_TK
2021-04-04 19:12:02,756 - INFO - Primary reference for coordinate system: UCE9_TK
2021-04-04 19:12:02,756 - INFO - Considering primers from all references
2021-04-04 19:12:04,927 - INFO - All done! Scheme created with 3 regions, 1 gap, 62.55% coverage
2021-04-04 19:12:04,927 - INFO - Writing overlap_75/UCE9_TK/UCE9_TK.primer.bed
2021-04-04 19:12:04,930 - INFO - Writing overlap_75/UCE9_TK/UCE9_TK.insert.bed
2021-04-04 19:12:04,933 - INFO - Writing overlap_75/UCE9_TK/UCE9_TK.primer.tsv
2021-04-04 19:12:04,935 - INFO - Writing overlap_75/UCE9_TK/UCE9_TK.reference.fasta
2021-04-04 19:12:04,939 - INFO - Writing overlap_75/UCE9_TK/UCE9_TK.plot.pdf
2021-04-04 19:12:04,940 - INFO - Writing overlap_75/UCE9_TK/UCE9_TK.plot.svg
2021-04-04 19:12:04,957 - INFO - Writing overlap_75/UCE9_TK/UCE9_TK.report.json
