2021-04-03 11:46:59,083 - INFO - Writing log to overlap_85/SQE3_TK/SQE3_TK.log
2021-04-03 11:46:59,089 - INFO - References:
 - SQE3_TK
2021-04-03 11:46:59,089 - INFO - Primary reference for coordinate system: SQE3_TK
2021-04-03 11:46:59,089 - INFO - Considering primers from all references
2021-04-03 11:47:07,360 - INFO - All done! Scheme created with 13 regions, 4 gaps, 87.83% coverage
2021-04-03 11:47:07,360 - INFO - Writing overlap_85/SQE3_TK/SQE3_TK.primer.bed
2021-04-03 11:47:07,361 - INFO - Writing overlap_85/SQE3_TK/SQE3_TK.insert.bed
2021-04-03 11:47:07,362 - INFO - Writing overlap_85/SQE3_TK/SQE3_TK.primer.tsv
2021-04-03 11:47:07,362 - INFO - Writing overlap_85/SQE3_TK/SQE3_TK.reference.fasta
2021-04-03 11:47:07,370 - INFO - Writing overlap_85/SQE3_TK/SQE3_TK.plot.pdf
2021-04-03 11:47:07,370 - INFO - Writing overlap_85/SQE3_TK/SQE3_TK.plot.svg
2021-04-03 11:47:07,397 - INFO - Writing overlap_85/SQE3_TK/SQE3_TK.report.json
2021-04-04 19:40:31,318 - INFO - Writing log to overlap_85/SQE3_TK/SQE3_TK.log
2021-04-04 19:40:31,330 - INFO - References:
 - SQE3_TK
2021-04-04 19:40:31,330 - INFO - Primary reference for coordinate system: SQE3_TK
2021-04-04 19:40:31,330 - INFO - Considering primers from all references
2021-04-04 19:40:40,509 - INFO - All done! Scheme created with 13 regions, 4 gaps, 87.83% coverage
2021-04-04 19:40:40,509 - INFO - Writing overlap_85/SQE3_TK/SQE3_TK.primer.bed
2021-04-04 19:40:40,513 - INFO - Writing overlap_85/SQE3_TK/SQE3_TK.insert.bed
2021-04-04 19:40:40,516 - INFO - Writing overlap_85/SQE3_TK/SQE3_TK.primer.tsv
2021-04-04 19:40:40,518 - INFO - Writing overlap_85/SQE3_TK/SQE3_TK.reference.fasta
2021-04-04 19:40:40,528 - INFO - Writing overlap_85/SQE3_TK/SQE3_TK.plot.pdf
2021-04-04 19:40:40,528 - INFO - Writing overlap_85/SQE3_TK/SQE3_TK.plot.svg
2021-04-04 19:40:40,563 - INFO - Writing overlap_85/SQE3_TK/SQE3_TK.report.json
