2020-12-01 05:21:26,935 - INFO - Writing log to overlap_55/PMEI_TK/PMEI_TK.log
2020-12-01 05:21:26,941 - INFO - References:
 - PMEI_TK
2020-12-01 05:21:26,941 - INFO - Primary reference for coordinate system: PMEI_TK
2020-12-01 05:21:26,941 - INFO - Considering primers from all references
2020-12-01 05:21:28,024 - INFO - All done! Scheme created with 21 regions, 6 gaps, 82.59% coverage
2020-12-01 05:21:28,024 - INFO - Writing overlap_55/PMEI_TK/PMEI_TK.primer.bed
2020-12-01 05:21:28,025 - INFO - Writing overlap_55/PMEI_TK/PMEI_TK.insert.bed
2020-12-01 05:21:28,026 - INFO - Writing overlap_55/PMEI_TK/PMEI_TK.primer.tsv
2020-12-01 05:21:28,027 - INFO - Writing overlap_55/PMEI_TK/PMEI_TK.reference.fasta
2020-12-01 05:21:28,035 - INFO - Writing overlap_55/PMEI_TK/PMEI_TK.plot.pdf
2020-12-01 05:21:28,035 - INFO - Writing overlap_55/PMEI_TK/PMEI_TK.plot.svg
2020-12-01 05:21:28,067 - INFO - Writing overlap_55/PMEI_TK/PMEI_TK.report.json
2021-04-03 01:32:23,936 - INFO - Writing log to overlap_55/PMEI_TK/PMEI_TK.log
2021-04-03 01:32:23,963 - INFO - References:
 - PMEI_TK
2021-04-03 01:32:23,964 - INFO - Primary reference for coordinate system: PMEI_TK
2021-04-03 01:32:23,964 - INFO - Considering primers from all references
2021-04-03 01:32:31,423 - INFO - All done! Scheme created with 10 regions, 4 gaps, 75.97% coverage
2021-04-03 01:32:31,423 - INFO - Writing overlap_55/PMEI_TK/PMEI_TK.primer.bed
2021-04-03 01:32:31,428 - INFO - Writing overlap_55/PMEI_TK/PMEI_TK.insert.bed
2021-04-03 01:32:31,432 - INFO - Writing overlap_55/PMEI_TK/PMEI_TK.primer.tsv
2021-04-03 01:32:31,435 - INFO - Writing overlap_55/PMEI_TK/PMEI_TK.reference.fasta
2021-04-03 01:32:31,446 - INFO - Writing overlap_55/PMEI_TK/PMEI_TK.plot.pdf
2021-04-03 01:32:31,447 - INFO - Writing overlap_55/PMEI_TK/PMEI_TK.plot.svg
2021-04-03 01:32:31,485 - INFO - Writing overlap_55/PMEI_TK/PMEI_TK.report.json
2021-04-04 18:08:52,159 - INFO - Writing log to overlap_55/PMEI_TK/PMEI_TK.log
2021-04-04 18:08:52,203 - INFO - References:
 - PMEI_TK
2021-04-04 18:08:52,203 - INFO - Primary reference for coordinate system: PMEI_TK
2021-04-04 18:08:52,203 - INFO - Considering primers from all references
2021-04-04 18:08:59,024 - INFO - All done! Scheme created with 10 regions, 4 gaps, 75.97% coverage
2021-04-04 18:08:59,025 - INFO - Writing overlap_55/PMEI_TK/PMEI_TK.primer.bed
2021-04-04 18:08:59,028 - INFO - Writing overlap_55/PMEI_TK/PMEI_TK.insert.bed
2021-04-04 18:08:59,030 - INFO - Writing overlap_55/PMEI_TK/PMEI_TK.primer.tsv
2021-04-04 18:08:59,033 - INFO - Writing overlap_55/PMEI_TK/PMEI_TK.reference.fasta
2021-04-04 18:08:59,041 - INFO - Writing overlap_55/PMEI_TK/PMEI_TK.plot.pdf
2021-04-04 18:08:59,041 - INFO - Writing overlap_55/PMEI_TK/PMEI_TK.plot.svg
2021-04-04 18:08:59,071 - INFO - Writing overlap_55/PMEI_TK/PMEI_TK.report.json
