2021-04-03 11:08:28,319 - INFO - Writing log to overlap_75/1DDX5PS1_TK/1DDX5PS1_TK.log
2021-04-03 11:08:28,345 - INFO - References:
 - 1DDX5PS1_TK
2021-04-03 11:08:28,345 - INFO - Primary reference for coordinate system: 1DDX5PS1_TK
2021-04-03 11:08:28,345 - INFO - Considering primers from all references
2021-04-03 11:08:40,003 - INFO - All done! Scheme created with 18 regions, 8 gaps, 83.28% coverage
2021-04-03 11:08:40,003 - INFO - Writing overlap_75/1DDX5PS1_TK/1DDX5PS1_TK.primer.bed
2021-04-03 11:08:40,004 - INFO - Writing overlap_75/1DDX5PS1_TK/1DDX5PS1_TK.insert.bed
2021-04-03 11:08:40,005 - INFO - Writing overlap_75/1DDX5PS1_TK/1DDX5PS1_TK.primer.tsv
2021-04-03 11:08:40,006 - INFO - Writing overlap_75/1DDX5PS1_TK/1DDX5PS1_TK.reference.fasta
2021-04-03 11:08:40,015 - INFO - Writing overlap_75/1DDX5PS1_TK/1DDX5PS1_TK.plot.pdf
2021-04-03 11:08:40,015 - INFO - Writing overlap_75/1DDX5PS1_TK/1DDX5PS1_TK.plot.svg
2021-04-03 11:08:40,050 - INFO - Writing overlap_75/1DDX5PS1_TK/1DDX5PS1_TK.report.json
2021-04-04 18:57:35,807 - INFO - Writing log to overlap_75/1DDX5PS1_TK/1DDX5PS1_TK.log
2021-04-04 18:57:35,846 - INFO - References:
 - 1DDX5PS1_TK
2021-04-04 18:57:35,846 - INFO - Primary reference for coordinate system: 1DDX5PS1_TK
2021-04-04 18:57:35,846 - INFO - Considering primers from all references
2021-04-04 18:57:48,852 - INFO - All done! Scheme created with 18 regions, 8 gaps, 83.28% coverage
2021-04-04 18:57:48,852 - INFO - Writing overlap_75/1DDX5PS1_TK/1DDX5PS1_TK.primer.bed
2021-04-04 18:57:48,856 - INFO - Writing overlap_75/1DDX5PS1_TK/1DDX5PS1_TK.insert.bed
2021-04-04 18:57:48,858 - INFO - Writing overlap_75/1DDX5PS1_TK/1DDX5PS1_TK.primer.tsv
2021-04-04 18:57:48,861 - INFO - Writing overlap_75/1DDX5PS1_TK/1DDX5PS1_TK.reference.fasta
2021-04-04 18:57:48,873 - INFO - Writing overlap_75/1DDX5PS1_TK/1DDX5PS1_TK.plot.pdf
2021-04-04 18:57:48,873 - INFO - Writing overlap_75/1DDX5PS1_TK/1DDX5PS1_TK.plot.svg
2021-04-04 18:57:48,917 - INFO - Writing overlap_75/1DDX5PS1_TK/1DDX5PS1_TK.report.json
