2021-04-03 01:16:35,103 - INFO - Writing log to overlap_50/PUCP7_TK/PUCP7_TK.log
2021-04-03 01:16:35,112 - INFO - References:
 - PUCP7_TK
2021-04-03 01:16:35,112 - INFO - Primary reference for coordinate system: PUCP7_TK
2021-04-03 01:16:35,112 - INFO - Considering primers from all references
2021-04-03 01:16:46,061 - INFO - All done! Scheme created with 7 regions, 0 gaps, 85.4% coverage
2021-04-03 01:16:46,061 - INFO - Writing overlap_50/PUCP7_TK/PUCP7_TK.primer.bed
2021-04-03 01:16:46,063 - INFO - Writing overlap_50/PUCP7_TK/PUCP7_TK.insert.bed
2021-04-03 01:16:46,063 - INFO - Writing overlap_50/PUCP7_TK/PUCP7_TK.primer.tsv
2021-04-03 01:16:46,064 - INFO - Writing overlap_50/PUCP7_TK/PUCP7_TK.reference.fasta
2021-04-03 01:16:46,070 - INFO - Writing overlap_50/PUCP7_TK/PUCP7_TK.plot.pdf
2021-04-03 01:16:46,070 - INFO - Writing overlap_50/PUCP7_TK/PUCP7_TK.plot.svg
2021-04-03 01:16:46,093 - INFO - Writing overlap_50/PUCP7_TK/PUCP7_TK.report.json
2021-04-04 17:54:43,261 - INFO - Writing log to overlap_50/PUCP7_TK/PUCP7_TK.log
2021-04-04 17:54:43,298 - INFO - References:
 - PUCP7_TK
2021-04-04 17:54:43,298 - INFO - Primary reference for coordinate system: PUCP7_TK
2021-04-04 17:54:43,298 - INFO - Considering primers from all references
2021-04-04 17:54:53,300 - INFO - All done! Scheme created with 7 regions, 0 gaps, 85.4% coverage
2021-04-04 17:54:53,300 - INFO - Writing overlap_50/PUCP7_TK/PUCP7_TK.primer.bed
2021-04-04 17:54:53,303 - INFO - Writing overlap_50/PUCP7_TK/PUCP7_TK.insert.bed
2021-04-04 17:54:53,306 - INFO - Writing overlap_50/PUCP7_TK/PUCP7_TK.primer.tsv
2021-04-04 17:54:53,308 - INFO - Writing overlap_50/PUCP7_TK/PUCP7_TK.reference.fasta
2021-04-04 17:54:53,315 - INFO - Writing overlap_50/PUCP7_TK/PUCP7_TK.plot.pdf
2021-04-04 17:54:53,315 - INFO - Writing overlap_50/PUCP7_TK/PUCP7_TK.plot.svg
2021-04-04 17:54:53,340 - INFO - Writing overlap_50/PUCP7_TK/PUCP7_TK.report.json
