2021-04-03 11:21:22,160 - INFO - Writing log to overlap_75/TLP_TK/TLP_TK.log
2021-04-03 11:21:22,185 - INFO - References:
 - TLP_TK
2021-04-03 11:21:22,185 - INFO - Primary reference for coordinate system: TLP_TK
2021-04-03 11:21:22,185 - INFO - Considering primers from all references
2021-04-03 11:21:24,087 - INFO - All done! Scheme created with 3 regions, 1 gap, 60.08% coverage
2021-04-03 11:21:24,087 - INFO - Writing overlap_75/TLP_TK/TLP_TK.primer.bed
2021-04-03 11:21:24,088 - INFO - Writing overlap_75/TLP_TK/TLP_TK.insert.bed
2021-04-03 11:21:24,089 - INFO - Writing overlap_75/TLP_TK/TLP_TK.primer.tsv
2021-04-03 11:21:24,089 - INFO - Writing overlap_75/TLP_TK/TLP_TK.reference.fasta
2021-04-03 11:21:24,092 - INFO - Writing overlap_75/TLP_TK/TLP_TK.plot.pdf
2021-04-03 11:21:24,093 - INFO - Writing overlap_75/TLP_TK/TLP_TK.plot.svg
2021-04-03 11:21:24,105 - INFO - Writing overlap_75/TLP_TK/TLP_TK.report.json
2021-04-04 19:12:00,134 - INFO - Writing log to overlap_75/TLP_TK/TLP_TK.log
2021-04-04 19:12:00,149 - INFO - References:
 - TLP_TK
2021-04-04 19:12:00,150 - INFO - Primary reference for coordinate system: TLP_TK
2021-04-04 19:12:00,150 - INFO - Considering primers from all references
2021-04-04 19:12:02,265 - INFO - All done! Scheme created with 3 regions, 1 gap, 60.08% coverage
2021-04-04 19:12:02,265 - INFO - Writing overlap_75/TLP_TK/TLP_TK.primer.bed
2021-04-04 19:12:02,269 - INFO - Writing overlap_75/TLP_TK/TLP_TK.insert.bed
2021-04-04 19:12:02,273 - INFO - Writing overlap_75/TLP_TK/TLP_TK.primer.tsv
2021-04-04 19:12:02,277 - INFO - Writing overlap_75/TLP_TK/TLP_TK.reference.fasta
2021-04-04 19:12:02,283 - INFO - Writing overlap_75/TLP_TK/TLP_TK.plot.pdf
2021-04-04 19:12:02,283 - INFO - Writing overlap_75/TLP_TK/TLP_TK.plot.svg
2021-04-04 19:12:02,303 - INFO - Writing overlap_75/TLP_TK/TLP_TK.report.json
