2021-04-03 02:07:18,048 - INFO - Writing log to overlap_65/SQE1_TK/SQE1_TK.log
2021-04-03 02:07:18,056 - INFO - References:
 - SQE1_TK
2021-04-03 02:07:18,057 - INFO - Primary reference for coordinate system: SQE1_TK
2021-04-03 02:07:18,057 - INFO - Considering primers from all references
2021-04-03 02:07:29,033 - INFO - All done! Scheme created with 14 regions, 3 gaps, 81.17% coverage
2021-04-03 02:07:29,033 - INFO - Writing overlap_65/SQE1_TK/SQE1_TK.primer.bed
2021-04-03 02:07:29,034 - INFO - Writing overlap_65/SQE1_TK/SQE1_TK.insert.bed
2021-04-03 02:07:29,035 - INFO - Writing overlap_65/SQE1_TK/SQE1_TK.primer.tsv
2021-04-03 02:07:29,037 - INFO - Writing overlap_65/SQE1_TK/SQE1_TK.reference.fasta
2021-04-03 02:07:29,046 - INFO - Writing overlap_65/SQE1_TK/SQE1_TK.plot.pdf
2021-04-03 02:07:29,046 - INFO - Writing overlap_65/SQE1_TK/SQE1_TK.plot.svg
2021-04-03 02:07:29,083 - INFO - Writing overlap_65/SQE1_TK/SQE1_TK.report.json
2021-04-04 18:40:24,425 - INFO - Writing log to overlap_65/SQE1_TK/SQE1_TK.log
2021-04-04 18:40:24,456 - INFO - References:
 - SQE1_TK
2021-04-04 18:40:24,456 - INFO - Primary reference for coordinate system: SQE1_TK
2021-04-04 18:40:24,456 - INFO - Considering primers from all references
2021-04-04 18:40:34,600 - INFO - All done! Scheme created with 14 regions, 3 gaps, 81.17% coverage
2021-04-04 18:40:34,600 - INFO - Writing overlap_65/SQE1_TK/SQE1_TK.primer.bed
2021-04-04 18:40:34,603 - INFO - Writing overlap_65/SQE1_TK/SQE1_TK.insert.bed
2021-04-04 18:40:34,606 - INFO - Writing overlap_65/SQE1_TK/SQE1_TK.primer.tsv
2021-04-04 18:40:34,608 - INFO - Writing overlap_65/SQE1_TK/SQE1_TK.reference.fasta
2021-04-04 18:40:34,618 - INFO - Writing overlap_65/SQE1_TK/SQE1_TK.plot.pdf
2021-04-04 18:40:34,618 - INFO - Writing overlap_65/SQE1_TK/SQE1_TK.plot.svg
2021-04-04 18:40:34,654 - INFO - Writing overlap_65/SQE1_TK/SQE1_TK.report.json
