2020-12-01 05:22:22,936 - INFO - Writing log to overlap_60/cluster_4H3M2EDPR_TK/cluster_4H3M2EDPR_TK.log
2020-12-01 05:22:22,942 - INFO - References:
 - 4H3M2EDPR1_TK
 - 4H3M2EDPR3_TK
2020-12-01 05:22:22,943 - INFO - Primary reference for coordinate system: 4H3M2EDPR1_TK
2020-12-01 05:22:22,943 - INFO - Considering primers from all references
2020-12-01 05:22:24,996 - INFO - All done! Scheme created with 22 regions, 6 gaps, 88.35% coverage
2020-12-01 05:22:24,997 - INFO - Writing overlap_60/cluster_4H3M2EDPR_TK/cluster_4H3M2EDPR_TK.primer.bed
2020-12-01 05:22:24,999 - INFO - Writing overlap_60/cluster_4H3M2EDPR_TK/cluster_4H3M2EDPR_TK.insert.bed
2020-12-01 05:22:25,000 - INFO - Writing overlap_60/cluster_4H3M2EDPR_TK/cluster_4H3M2EDPR_TK.primer.tsv
2020-12-01 05:22:25,001 - INFO - Writing overlap_60/cluster_4H3M2EDPR_TK/cluster_4H3M2EDPR_TK.reference.fasta
2020-12-01 05:22:25,012 - INFO - Writing overlap_60/cluster_4H3M2EDPR_TK/cluster_4H3M2EDPR_TK.plot.pdf
2020-12-01 05:22:25,012 - INFO - Writing overlap_60/cluster_4H3M2EDPR_TK/cluster_4H3M2EDPR_TK.plot.svg
2020-12-01 05:22:25,048 - INFO - Writing overlap_60/cluster_4H3M2EDPR_TK/cluster_4H3M2EDPR_TK.report.json
2021-04-03 01:41:44,833 - INFO - Writing log to overlap_60/cluster_4H3M2EDPR_TK/cluster_4H3M2EDPR_TK.log
2021-04-03 01:41:44,854 - INFO - References:
 - 4H3M2EDPR1_TK
 - 4H3M2EDPR3_TK
2021-04-03 01:41:44,854 - INFO - Primary reference for coordinate system: 4H3M2EDPR1_TK
2021-04-03 01:41:44,855 - INFO - Considering primers from all references
2021-04-03 01:41:55,005 - INFO - All done! Scheme created with 11 regions, 4 gaps, 73.82% coverage
2021-04-03 01:41:55,005 - INFO - Writing overlap_60/cluster_4H3M2EDPR_TK/cluster_4H3M2EDPR_TK.primer.bed
2021-04-03 01:41:55,009 - INFO - Writing overlap_60/cluster_4H3M2EDPR_TK/cluster_4H3M2EDPR_TK.insert.bed
2021-04-03 01:41:55,014 - INFO - Writing overlap_60/cluster_4H3M2EDPR_TK/cluster_4H3M2EDPR_TK.primer.tsv
2021-04-03 01:41:55,017 - INFO - Writing overlap_60/cluster_4H3M2EDPR_TK/cluster_4H3M2EDPR_TK.reference.fasta
2021-04-03 01:41:55,028 - INFO - Writing overlap_60/cluster_4H3M2EDPR_TK/cluster_4H3M2EDPR_TK.plot.pdf
2021-04-03 01:41:55,028 - INFO - Writing overlap_60/cluster_4H3M2EDPR_TK/cluster_4H3M2EDPR_TK.plot.svg
2021-04-03 01:41:55,068 - INFO - Writing overlap_60/cluster_4H3M2EDPR_TK/cluster_4H3M2EDPR_TK.report.json
2021-04-04 18:17:15,430 - INFO - Writing log to overlap_60/cluster_4H3M2EDPR_TK/cluster_4H3M2EDPR_TK.log
2021-04-04 18:17:15,469 - INFO - References:
 - 4H3M2EDPR1_TK
 - 4H3M2EDPR3_TK
2021-04-04 18:17:15,469 - INFO - Primary reference for coordinate system: 4H3M2EDPR1_TK
2021-04-04 18:17:15,469 - INFO - Considering primers from all references
2021-04-04 18:17:24,522 - INFO - All done! Scheme created with 11 regions, 4 gaps, 73.82% coverage
2021-04-04 18:17:24,522 - INFO - Writing overlap_60/cluster_4H3M2EDPR_TK/cluster_4H3M2EDPR_TK.primer.bed
2021-04-04 18:17:24,525 - INFO - Writing overlap_60/cluster_4H3M2EDPR_TK/cluster_4H3M2EDPR_TK.insert.bed
2021-04-04 18:17:24,527 - INFO - Writing overlap_60/cluster_4H3M2EDPR_TK/cluster_4H3M2EDPR_TK.primer.tsv
2021-04-04 18:17:24,530 - INFO - Writing overlap_60/cluster_4H3M2EDPR_TK/cluster_4H3M2EDPR_TK.reference.fasta
2021-04-04 18:17:24,539 - INFO - Writing overlap_60/cluster_4H3M2EDPR_TK/cluster_4H3M2EDPR_TK.plot.pdf
2021-04-04 18:17:24,539 - INFO - Writing overlap_60/cluster_4H3M2EDPR_TK/cluster_4H3M2EDPR_TK.plot.svg
2021-04-04 18:17:24,571 - INFO - Writing overlap_60/cluster_4H3M2EDPR_TK/cluster_4H3M2EDPR_TK.report.json
