2021-04-03 01:35:56,892 - INFO - Writing log to overlap_55/TLP_TK/TLP_TK.log
2021-04-03 01:35:56,901 - INFO - References:
 - TLP_TK
2021-04-03 01:35:56,901 - INFO - Primary reference for coordinate system: TLP_TK
2021-04-03 01:35:56,901 - INFO - Considering primers from all references
2021-04-03 01:35:59,220 - INFO - All done! Scheme created with 3 regions, 1 gap, 60.08% coverage
2021-04-03 01:35:59,220 - INFO - Writing overlap_55/TLP_TK/TLP_TK.primer.bed
2021-04-03 01:35:59,221 - INFO - Writing overlap_55/TLP_TK/TLP_TK.insert.bed
2021-04-03 01:35:59,222 - INFO - Writing overlap_55/TLP_TK/TLP_TK.primer.tsv
2021-04-03 01:35:59,222 - INFO - Writing overlap_55/TLP_TK/TLP_TK.reference.fasta
2021-04-03 01:35:59,226 - INFO - Writing overlap_55/TLP_TK/TLP_TK.plot.pdf
2021-04-03 01:35:59,226 - INFO - Writing overlap_55/TLP_TK/TLP_TK.plot.svg
2021-04-03 01:35:59,243 - INFO - Writing overlap_55/TLP_TK/TLP_TK.report.json
2021-04-04 18:12:04,687 - INFO - Writing log to overlap_55/TLP_TK/TLP_TK.log
2021-04-04 18:12:04,703 - INFO - References:
 - TLP_TK
2021-04-04 18:12:04,704 - INFO - Primary reference for coordinate system: TLP_TK
2021-04-04 18:12:04,704 - INFO - Considering primers from all references
2021-04-04 18:12:06,804 - INFO - All done! Scheme created with 3 regions, 1 gap, 60.08% coverage
2021-04-04 18:12:06,804 - INFO - Writing overlap_55/TLP_TK/TLP_TK.primer.bed
2021-04-04 18:12:06,808 - INFO - Writing overlap_55/TLP_TK/TLP_TK.insert.bed
2021-04-04 18:12:06,810 - INFO - Writing overlap_55/TLP_TK/TLP_TK.primer.tsv
2021-04-04 18:12:06,813 - INFO - Writing overlap_55/TLP_TK/TLP_TK.reference.fasta
2021-04-04 18:12:06,818 - INFO - Writing overlap_55/TLP_TK/TLP_TK.plot.pdf
2021-04-04 18:12:06,818 - INFO - Writing overlap_55/TLP_TK/TLP_TK.plot.svg
2021-04-04 18:12:06,836 - INFO - Writing overlap_55/TLP_TK/TLP_TK.report.json
