2020-12-01 05:20:07,134 - INFO - Writing log to overlap_50/2cMDE4PCT1_TK/2cMDE4PCT1_TK.log
2020-12-01 05:20:07,149 - INFO - References:
 - 2cMDE4PCT1_TK
2020-12-01 05:20:07,149 - INFO - Primary reference for coordinate system: 2cMDE4PCT1_TK
2020-12-01 05:20:07,149 - INFO - Considering primers from all references
2020-12-01 05:20:08,913 - INFO - All done! Scheme created with 16 regions, 6 gaps, 67.12% coverage
2020-12-01 05:20:08,914 - INFO - Writing overlap_50/2cMDE4PCT1_TK/2cMDE4PCT1_TK.primer.bed
2020-12-01 05:20:08,916 - INFO - Writing overlap_50/2cMDE4PCT1_TK/2cMDE4PCT1_TK.insert.bed
2020-12-01 05:20:08,917 - INFO - Writing overlap_50/2cMDE4PCT1_TK/2cMDE4PCT1_TK.primer.tsv
2020-12-01 05:20:08,917 - INFO - Writing overlap_50/2cMDE4PCT1_TK/2cMDE4PCT1_TK.reference.fasta
2020-12-01 05:20:08,928 - INFO - Writing overlap_50/2cMDE4PCT1_TK/2cMDE4PCT1_TK.plot.pdf
2020-12-01 05:20:08,928 - INFO - Writing overlap_50/2cMDE4PCT1_TK/2cMDE4PCT1_TK.plot.svg
2020-12-01 05:20:08,965 - INFO - Writing overlap_50/2cMDE4PCT1_TK/2cMDE4PCT1_TK.report.json
2021-04-03 01:04:43,185 - INFO - Writing log to overlap_50/2cMDE4PCT1_TK/2cMDE4PCT1_TK.log
2021-04-03 01:04:43,211 - INFO - References:
 - 2cMDE4PCT1_TK
2021-04-03 01:04:43,211 - INFO - Primary reference for coordinate system: 2cMDE4PCT1_TK
2021-04-03 01:04:43,211 - INFO - Considering primers from all references
2021-04-03 01:04:54,661 - INFO - All done! Scheme created with 11 regions, 1 gap, 85.13% coverage
2021-04-03 01:04:54,661 - INFO - Writing overlap_50/2cMDE4PCT1_TK/2cMDE4PCT1_TK.primer.bed
2021-04-03 01:04:54,666 - INFO - Writing overlap_50/2cMDE4PCT1_TK/2cMDE4PCT1_TK.insert.bed
2021-04-03 01:04:54,670 - INFO - Writing overlap_50/2cMDE4PCT1_TK/2cMDE4PCT1_TK.primer.tsv
2021-04-03 01:04:54,673 - INFO - Writing overlap_50/2cMDE4PCT1_TK/2cMDE4PCT1_TK.reference.fasta
2021-04-03 01:04:54,685 - INFO - Writing overlap_50/2cMDE4PCT1_TK/2cMDE4PCT1_TK.plot.pdf
2021-04-03 01:04:54,685 - INFO - Writing overlap_50/2cMDE4PCT1_TK/2cMDE4PCT1_TK.plot.svg
2021-04-03 01:04:54,723 - INFO - Writing overlap_50/2cMDE4PCT1_TK/2cMDE4PCT1_TK.report.json
2021-04-04 17:44:06,097 - INFO - Writing log to overlap_50/2cMDE4PCT1_TK/2cMDE4PCT1_TK.log
2021-04-04 17:44:06,135 - INFO - References:
 - 2cMDE4PCT1_TK
2021-04-04 17:44:06,135 - INFO - Primary reference for coordinate system: 2cMDE4PCT1_TK
2021-04-04 17:44:06,135 - INFO - Considering primers from all references
2021-04-04 17:44:16,494 - INFO - All done! Scheme created with 11 regions, 1 gap, 85.13% coverage
2021-04-04 17:44:16,494 - INFO - Writing overlap_50/2cMDE4PCT1_TK/2cMDE4PCT1_TK.primer.bed
2021-04-04 17:44:16,497 - INFO - Writing overlap_50/2cMDE4PCT1_TK/2cMDE4PCT1_TK.insert.bed
2021-04-04 17:44:16,500 - INFO - Writing overlap_50/2cMDE4PCT1_TK/2cMDE4PCT1_TK.primer.tsv
2021-04-04 17:44:16,502 - INFO - Writing overlap_50/2cMDE4PCT1_TK/2cMDE4PCT1_TK.reference.fasta
2021-04-04 17:44:16,511 - INFO - Writing overlap_50/2cMDE4PCT1_TK/2cMDE4PCT1_TK.plot.pdf
2021-04-04 17:44:16,511 - INFO - Writing overlap_50/2cMDE4PCT1_TK/2cMDE4PCT1_TK.plot.svg
2021-04-04 17:44:16,543 - INFO - Writing overlap_50/2cMDE4PCT1_TK/2cMDE4PCT1_TK.report.json
