2021-04-03 01:17:47,192 - INFO - Writing log to overlap_50/SQE3_TK/SQE3_TK.log
2021-04-03 01:17:47,201 - INFO - References:
 - SQE3_TK
2021-04-03 01:17:47,201 - INFO - Primary reference for coordinate system: SQE3_TK
2021-04-03 01:17:47,201 - INFO - Considering primers from all references
2021-04-03 01:17:57,448 - INFO - All done! Scheme created with 13 regions, 4 gaps, 87.83% coverage
2021-04-03 01:17:57,448 - INFO - Writing overlap_50/SQE3_TK/SQE3_TK.primer.bed
2021-04-03 01:17:57,449 - INFO - Writing overlap_50/SQE3_TK/SQE3_TK.insert.bed
2021-04-03 01:17:57,450 - INFO - Writing overlap_50/SQE3_TK/SQE3_TK.primer.tsv
2021-04-03 01:17:57,451 - INFO - Writing overlap_50/SQE3_TK/SQE3_TK.reference.fasta
2021-04-03 01:17:57,460 - INFO - Writing overlap_50/SQE3_TK/SQE3_TK.plot.pdf
2021-04-03 01:17:57,460 - INFO - Writing overlap_50/SQE3_TK/SQE3_TK.plot.svg
2021-04-03 01:17:57,494 - INFO - Writing overlap_50/SQE3_TK/SQE3_TK.report.json
2021-04-04 17:55:47,883 - INFO - Writing log to overlap_50/SQE3_TK/SQE3_TK.log
2021-04-04 17:55:47,914 - INFO - References:
 - SQE3_TK
2021-04-04 17:55:47,914 - INFO - Primary reference for coordinate system: SQE3_TK
2021-04-04 17:55:47,914 - INFO - Considering primers from all references
2021-04-04 17:55:57,142 - INFO - All done! Scheme created with 13 regions, 4 gaps, 87.83% coverage
2021-04-04 17:55:57,142 - INFO - Writing overlap_50/SQE3_TK/SQE3_TK.primer.bed
2021-04-04 17:55:57,145 - INFO - Writing overlap_50/SQE3_TK/SQE3_TK.insert.bed
2021-04-04 17:55:57,148 - INFO - Writing overlap_50/SQE3_TK/SQE3_TK.primer.tsv
2021-04-04 17:55:57,151 - INFO - Writing overlap_50/SQE3_TK/SQE3_TK.reference.fasta
2021-04-04 17:55:57,161 - INFO - Writing overlap_50/SQE3_TK/SQE3_TK.plot.pdf
2021-04-04 17:55:57,161 - INFO - Writing overlap_50/SQE3_TK/SQE3_TK.plot.svg
2021-04-04 17:55:57,197 - INFO - Writing overlap_50/SQE3_TK/SQE3_TK.report.json
