2020-12-01 05:21:28,600 - INFO - Writing log to overlap_55/PPO_TK/PPO_TK.log
2020-12-01 05:21:28,619 - INFO - References:
 - PPO_TK
2020-12-01 05:21:28,619 - INFO - Primary reference for coordinate system: PPO_TK
2020-12-01 05:21:28,619 - INFO - Considering primers from all references
2020-12-01 05:21:29,728 - INFO - All done! Scheme created with 13 regions, 5 gaps, 65.18% coverage
2020-12-01 05:21:29,728 - INFO - Writing overlap_55/PPO_TK/PPO_TK.primer.bed
2020-12-01 05:21:29,729 - INFO - Writing overlap_55/PPO_TK/PPO_TK.insert.bed
2020-12-01 05:21:29,730 - INFO - Writing overlap_55/PPO_TK/PPO_TK.primer.tsv
2020-12-01 05:21:29,731 - INFO - Writing overlap_55/PPO_TK/PPO_TK.reference.fasta
2020-12-01 05:21:29,737 - INFO - Writing overlap_55/PPO_TK/PPO_TK.plot.pdf
2020-12-01 05:21:29,737 - INFO - Writing overlap_55/PPO_TK/PPO_TK.plot.svg
2020-12-01 05:21:29,762 - INFO - Writing overlap_55/PPO_TK/PPO_TK.report.json
2021-04-03 01:33:09,494 - INFO - Writing log to overlap_55/PPO_TK/PPO_TK.log
2021-04-03 01:33:09,532 - INFO - References:
 - PPO_TK
2021-04-03 01:33:09,532 - INFO - Primary reference for coordinate system: PPO_TK
2021-04-03 01:33:09,532 - INFO - Considering primers from all references
2021-04-03 01:33:15,758 - INFO - All done! Scheme created with 8 regions, 2 gaps, 75.5% coverage
2021-04-03 01:33:15,759 - INFO - Writing overlap_55/PPO_TK/PPO_TK.primer.bed
2021-04-03 01:33:15,763 - INFO - Writing overlap_55/PPO_TK/PPO_TK.insert.bed
2021-04-03 01:33:15,767 - INFO - Writing overlap_55/PPO_TK/PPO_TK.primer.tsv
2021-04-03 01:33:15,770 - INFO - Writing overlap_55/PPO_TK/PPO_TK.reference.fasta
2021-04-03 01:33:15,779 - INFO - Writing overlap_55/PPO_TK/PPO_TK.plot.pdf
2021-04-03 01:33:15,780 - INFO - Writing overlap_55/PPO_TK/PPO_TK.plot.svg
2021-04-03 01:33:15,813 - INFO - Writing overlap_55/PPO_TK/PPO_TK.report.json
