2021-04-03 01:52:42,247 - INFO - Writing log to overlap_60/UCE9_TK/UCE9_TK.log
2021-04-03 01:52:42,255 - INFO - References:
 - UCE9_TK
2021-04-03 01:52:42,256 - INFO - Primary reference for coordinate system: UCE9_TK
2021-04-03 01:52:42,256 - INFO - Considering primers from all references
2021-04-03 01:52:44,624 - INFO - All done! Scheme created with 3 regions, 1 gap, 62.55% coverage
2021-04-03 01:52:44,624 - INFO - Writing overlap_60/UCE9_TK/UCE9_TK.primer.bed
2021-04-03 01:52:44,626 - INFO - Writing overlap_60/UCE9_TK/UCE9_TK.insert.bed
2021-04-03 01:52:44,626 - INFO - Writing overlap_60/UCE9_TK/UCE9_TK.primer.tsv
2021-04-03 01:52:44,627 - INFO - Writing overlap_60/UCE9_TK/UCE9_TK.reference.fasta
2021-04-03 01:52:44,631 - INFO - Writing overlap_60/UCE9_TK/UCE9_TK.plot.pdf
2021-04-03 01:52:44,631 - INFO - Writing overlap_60/UCE9_TK/UCE9_TK.plot.svg
2021-04-03 01:52:44,647 - INFO - Writing overlap_60/UCE9_TK/UCE9_TK.report.json
2021-04-04 18:27:05,826 - INFO - Writing log to overlap_60/UCE9_TK/UCE9_TK.log
2021-04-04 18:27:05,853 - INFO - References:
 - UCE9_TK
2021-04-04 18:27:05,853 - INFO - Primary reference for coordinate system: UCE9_TK
2021-04-04 18:27:05,853 - INFO - Considering primers from all references
2021-04-04 18:27:08,028 - INFO - All done! Scheme created with 3 regions, 1 gap, 62.55% coverage
2021-04-04 18:27:08,029 - INFO - Writing overlap_60/UCE9_TK/UCE9_TK.primer.bed
2021-04-04 18:27:08,031 - INFO - Writing overlap_60/UCE9_TK/UCE9_TK.insert.bed
2021-04-04 18:27:08,034 - INFO - Writing overlap_60/UCE9_TK/UCE9_TK.primer.tsv
2021-04-04 18:27:08,036 - INFO - Writing overlap_60/UCE9_TK/UCE9_TK.reference.fasta
2021-04-04 18:27:08,041 - INFO - Writing overlap_60/UCE9_TK/UCE9_TK.plot.pdf
2021-04-04 18:27:08,041 - INFO - Writing overlap_60/UCE9_TK/UCE9_TK.plot.svg
2021-04-04 18:27:08,059 - INFO - Writing overlap_60/UCE9_TK/UCE9_TK.report.json
