2021-04-03 02:02:19,346 - INFO - Writing log to overlap_65/MDPD_TK/MDPD_TK.log
2021-04-03 02:02:19,356 - INFO - References:
 - MDPD_TK
2021-04-03 02:02:19,356 - INFO - Primary reference for coordinate system: MDPD_TK
2021-04-03 02:02:19,356 - INFO - Considering primers from all references
2021-04-03 02:02:26,133 - INFO - All done! Scheme created with 9 regions, 2 gaps, 78.77% coverage
2021-04-03 02:02:26,133 - INFO - Writing overlap_65/MDPD_TK/MDPD_TK.primer.bed
2021-04-03 02:02:26,135 - INFO - Writing overlap_65/MDPD_TK/MDPD_TK.insert.bed
2021-04-03 02:02:26,136 - INFO - Writing overlap_65/MDPD_TK/MDPD_TK.primer.tsv
2021-04-03 02:02:26,137 - INFO - Writing overlap_65/MDPD_TK/MDPD_TK.reference.fasta
2021-04-03 02:02:26,144 - INFO - Writing overlap_65/MDPD_TK/MDPD_TK.plot.pdf
2021-04-03 02:02:26,144 - INFO - Writing overlap_65/MDPD_TK/MDPD_TK.plot.svg
2021-04-03 02:02:26,172 - INFO - Writing overlap_65/MDPD_TK/MDPD_TK.report.json
2021-04-04 18:35:52,172 - INFO - Writing log to overlap_65/MDPD_TK/MDPD_TK.log
2021-04-04 18:35:52,215 - INFO - References:
 - MDPD_TK
2021-04-04 18:35:52,215 - INFO - Primary reference for coordinate system: MDPD_TK
2021-04-04 18:35:52,215 - INFO - Considering primers from all references
2021-04-04 18:35:58,480 - INFO - All done! Scheme created with 9 regions, 2 gaps, 78.77% coverage
2021-04-04 18:35:58,480 - INFO - Writing overlap_65/MDPD_TK/MDPD_TK.primer.bed
2021-04-04 18:35:58,483 - INFO - Writing overlap_65/MDPD_TK/MDPD_TK.insert.bed
2021-04-04 18:35:58,486 - INFO - Writing overlap_65/MDPD_TK/MDPD_TK.primer.tsv
2021-04-04 18:35:58,488 - INFO - Writing overlap_65/MDPD_TK/MDPD_TK.reference.fasta
2021-04-04 18:35:58,497 - INFO - Writing overlap_65/MDPD_TK/MDPD_TK.plot.pdf
2021-04-04 18:35:58,497 - INFO - Writing overlap_65/MDPD_TK/MDPD_TK.plot.svg
2021-04-04 18:35:58,525 - INFO - Writing overlap_65/MDPD_TK/MDPD_TK.report.json
