2021-04-03 01:17:24,062 - INFO - Writing log to overlap_50/SQE1_TK/SQE1_TK.log
2021-04-03 01:17:24,089 - INFO - References:
 - SQE1_TK
2021-04-03 01:17:24,090 - INFO - Primary reference for coordinate system: SQE1_TK
2021-04-03 01:17:24,090 - INFO - Considering primers from all references
2021-04-03 01:17:35,456 - INFO - All done! Scheme created with 14 regions, 3 gaps, 81.17% coverage
2021-04-03 01:17:35,456 - INFO - Writing overlap_50/SQE1_TK/SQE1_TK.primer.bed
2021-04-03 01:17:35,457 - INFO - Writing overlap_50/SQE1_TK/SQE1_TK.insert.bed
2021-04-03 01:17:35,458 - INFO - Writing overlap_50/SQE1_TK/SQE1_TK.primer.tsv
2021-04-03 01:17:35,458 - INFO - Writing overlap_50/SQE1_TK/SQE1_TK.reference.fasta
2021-04-03 01:17:35,467 - INFO - Writing overlap_50/SQE1_TK/SQE1_TK.plot.pdf
2021-04-03 01:17:35,468 - INFO - Writing overlap_50/SQE1_TK/SQE1_TK.plot.svg
2021-04-03 01:17:35,505 - INFO - Writing overlap_50/SQE1_TK/SQE1_TK.report.json
2021-04-04 17:55:27,313 - INFO - Writing log to overlap_50/SQE1_TK/SQE1_TK.log
2021-04-04 17:55:27,340 - INFO - References:
 - SQE1_TK
2021-04-04 17:55:27,341 - INFO - Primary reference for coordinate system: SQE1_TK
2021-04-04 17:55:27,341 - INFO - Considering primers from all references
2021-04-04 17:55:37,539 - INFO - All done! Scheme created with 14 regions, 3 gaps, 81.17% coverage
2021-04-04 17:55:37,539 - INFO - Writing overlap_50/SQE1_TK/SQE1_TK.primer.bed
2021-04-04 17:55:37,542 - INFO - Writing overlap_50/SQE1_TK/SQE1_TK.insert.bed
2021-04-04 17:55:37,545 - INFO - Writing overlap_50/SQE1_TK/SQE1_TK.primer.tsv
2021-04-04 17:55:37,547 - INFO - Writing overlap_50/SQE1_TK/SQE1_TK.reference.fasta
2021-04-04 17:55:37,557 - INFO - Writing overlap_50/SQE1_TK/SQE1_TK.plot.pdf
2021-04-04 17:55:37,557 - INFO - Writing overlap_50/SQE1_TK/SQE1_TK.plot.svg
2021-04-04 17:55:37,594 - INFO - Writing overlap_50/SQE1_TK/SQE1_TK.report.json
