2021-04-03 01:54:47,924 - INFO - Writing log to overlap_65/2cMDE24CS1_TK/2cMDE24CS1_TK.log
2021-04-03 01:54:47,932 - INFO - References:
 - 2cMDE24CS1_TK
2021-04-03 01:54:47,933 - INFO - Primary reference for coordinate system: 2cMDE24CS1_TK
2021-04-03 01:54:47,933 - INFO - Considering primers from all references
2021-04-03 01:54:52,586 - INFO - All done! Scheme created with 6 regions, 2 gaps, 75.06% coverage
2021-04-03 01:54:52,587 - INFO - Writing overlap_65/2cMDE24CS1_TK/2cMDE24CS1_TK.primer.bed
2021-04-03 01:54:52,588 - INFO - Writing overlap_65/2cMDE24CS1_TK/2cMDE24CS1_TK.insert.bed
2021-04-03 01:54:52,589 - INFO - Writing overlap_65/2cMDE24CS1_TK/2cMDE24CS1_TK.primer.tsv
2021-04-03 01:54:52,590 - INFO - Writing overlap_65/2cMDE24CS1_TK/2cMDE24CS1_TK.reference.fasta
2021-04-03 01:54:52,595 - INFO - Writing overlap_65/2cMDE24CS1_TK/2cMDE24CS1_TK.plot.pdf
2021-04-03 01:54:52,595 - INFO - Writing overlap_65/2cMDE24CS1_TK/2cMDE24CS1_TK.plot.svg
2021-04-03 01:54:52,618 - INFO - Writing overlap_65/2cMDE24CS1_TK/2cMDE24CS1_TK.report.json
2021-04-04 18:28:59,151 - INFO - Writing log to overlap_65/2cMDE24CS1_TK/2cMDE24CS1_TK.log
2021-04-04 18:28:59,172 - INFO - References:
 - 2cMDE24CS1_TK
2021-04-04 18:28:59,172 - INFO - Primary reference for coordinate system: 2cMDE24CS1_TK
2021-04-04 18:28:59,172 - INFO - Considering primers from all references
2021-04-04 18:29:03,423 - INFO - All done! Scheme created with 6 regions, 2 gaps, 75.06% coverage
2021-04-04 18:29:03,423 - INFO - Writing overlap_65/2cMDE24CS1_TK/2cMDE24CS1_TK.primer.bed
2021-04-04 18:29:03,426 - INFO - Writing overlap_65/2cMDE24CS1_TK/2cMDE24CS1_TK.insert.bed
2021-04-04 18:29:03,429 - INFO - Writing overlap_65/2cMDE24CS1_TK/2cMDE24CS1_TK.primer.tsv
2021-04-04 18:29:03,432 - INFO - Writing overlap_65/2cMDE24CS1_TK/2cMDE24CS1_TK.reference.fasta
2021-04-04 18:29:03,439 - INFO - Writing overlap_65/2cMDE24CS1_TK/2cMDE24CS1_TK.plot.pdf
2021-04-04 18:29:03,439 - INFO - Writing overlap_65/2cMDE24CS1_TK/2cMDE24CS1_TK.plot.svg
2021-04-04 18:29:03,463 - INFO - Writing overlap_65/2cMDE24CS1_TK/2cMDE24CS1_TK.report.json
