2021-04-03 11:47:36,786 - INFO - Writing log to overlap_85/SRPP3_TK/SRPP3_TK.log
2021-04-03 11:47:36,792 - INFO - References:
 - SRPP3_TK
2021-04-03 11:47:36,792 - INFO - Primary reference for coordinate system: SRPP3_TK
2021-04-03 11:47:36,792 - INFO - Considering primers from all references
2021-04-03 11:47:39,987 - INFO - All done! Scheme created with 5 regions, 1 gap, 73.15% coverage
2021-04-03 11:47:39,988 - INFO - Writing overlap_85/SRPP3_TK/SRPP3_TK.primer.bed
2021-04-03 11:47:39,991 - INFO - Writing overlap_85/SRPP3_TK/SRPP3_TK.insert.bed
2021-04-03 11:47:39,991 - INFO - Writing overlap_85/SRPP3_TK/SRPP3_TK.primer.tsv
2021-04-03 11:47:39,992 - INFO - Writing overlap_85/SRPP3_TK/SRPP3_TK.reference.fasta
2021-04-03 11:47:39,996 - INFO - Writing overlap_85/SRPP3_TK/SRPP3_TK.plot.pdf
2021-04-03 11:47:39,996 - INFO - Writing overlap_85/SRPP3_TK/SRPP3_TK.plot.svg
2021-04-03 11:47:40,012 - INFO - Writing overlap_85/SRPP3_TK/SRPP3_TK.report.json
2021-04-04 19:41:13,265 - INFO - Writing log to overlap_85/SRPP3_TK/SRPP3_TK.log
2021-04-04 19:41:13,285 - INFO - References:
 - SRPP3_TK
2021-04-04 19:41:13,285 - INFO - Primary reference for coordinate system: SRPP3_TK
2021-04-04 19:41:13,285 - INFO - Considering primers from all references
2021-04-04 19:41:16,822 - INFO - All done! Scheme created with 5 regions, 1 gap, 73.15% coverage
2021-04-04 19:41:16,822 - INFO - Writing overlap_85/SRPP3_TK/SRPP3_TK.primer.bed
2021-04-04 19:41:16,825 - INFO - Writing overlap_85/SRPP3_TK/SRPP3_TK.insert.bed
2021-04-04 19:41:16,827 - INFO - Writing overlap_85/SRPP3_TK/SRPP3_TK.primer.tsv
2021-04-04 19:41:16,830 - INFO - Writing overlap_85/SRPP3_TK/SRPP3_TK.reference.fasta
2021-04-04 19:41:16,836 - INFO - Writing overlap_85/SRPP3_TK/SRPP3_TK.plot.pdf
2021-04-04 19:41:16,836 - INFO - Writing overlap_85/SRPP3_TK/SRPP3_TK.plot.svg
2021-04-04 19:41:16,858 - INFO - Writing overlap_85/SRPP3_TK/SRPP3_TK.report.json
