2021-04-03 01:26:59,288 - INFO - Writing log to overlap_55/ERF_TK/ERF_TK.log
2021-04-03 01:26:59,296 - INFO - References:
 - ERF_TK
2021-04-03 01:26:59,296 - INFO - Primary reference for coordinate system: ERF_TK
2021-04-03 01:26:59,296 - INFO - Considering primers from all references
2021-04-03 01:27:02,291 - INFO - All done! Scheme created with 4 regions, 1 gap, 70.1% coverage
2021-04-03 01:27:02,292 - INFO - Writing overlap_55/ERF_TK/ERF_TK.primer.bed
2021-04-03 01:27:02,292 - INFO - Writing overlap_55/ERF_TK/ERF_TK.insert.bed
2021-04-03 01:27:02,293 - INFO - Writing overlap_55/ERF_TK/ERF_TK.primer.tsv
2021-04-03 01:27:02,294 - INFO - Writing overlap_55/ERF_TK/ERF_TK.reference.fasta
2021-04-03 01:27:02,298 - INFO - Writing overlap_55/ERF_TK/ERF_TK.plot.pdf
2021-04-03 01:27:02,298 - INFO - Writing overlap_55/ERF_TK/ERF_TK.plot.svg
2021-04-03 01:27:02,348 - INFO - Writing overlap_55/ERF_TK/ERF_TK.report.json
2021-04-04 18:04:01,758 - INFO - Writing log to overlap_55/ERF_TK/ERF_TK.log
2021-04-04 18:04:01,786 - INFO - References:
 - ERF_TK
2021-04-04 18:04:01,787 - INFO - Primary reference for coordinate system: ERF_TK
2021-04-04 18:04:01,787 - INFO - Considering primers from all references
2021-04-04 18:04:04,501 - INFO - All done! Scheme created with 4 regions, 1 gap, 70.1% coverage
2021-04-04 18:04:04,501 - INFO - Writing overlap_55/ERF_TK/ERF_TK.primer.bed
2021-04-04 18:04:04,505 - INFO - Writing overlap_55/ERF_TK/ERF_TK.insert.bed
2021-04-04 18:04:04,507 - INFO - Writing overlap_55/ERF_TK/ERF_TK.primer.tsv
2021-04-04 18:04:04,509 - INFO - Writing overlap_55/ERF_TK/ERF_TK.reference.fasta
2021-04-04 18:04:04,514 - INFO - Writing overlap_55/ERF_TK/ERF_TK.plot.pdf
2021-04-04 18:04:04,515 - INFO - Writing overlap_55/ERF_TK/ERF_TK.plot.svg
2021-04-04 18:04:04,554 - INFO - Writing overlap_55/ERF_TK/ERF_TK.report.json
