2021-04-03 01:26:23,811 - INFO - Writing log to overlap_55/DREB_TK/DREB_TK.log
2021-04-03 01:26:23,819 - INFO - References:
 - DREB_TK
2021-04-03 01:26:23,819 - INFO - Primary reference for coordinate system: DREB_TK
2021-04-03 01:26:23,819 - INFO - Considering primers from all references
2021-04-03 01:26:27,426 - INFO - All done! Scheme created with 5 regions, 2 gaps, 76.74% coverage
2021-04-03 01:26:27,426 - INFO - Writing overlap_55/DREB_TK/DREB_TK.primer.bed
2021-04-03 01:26:27,427 - INFO - Writing overlap_55/DREB_TK/DREB_TK.insert.bed
2021-04-03 01:26:27,429 - INFO - Writing overlap_55/DREB_TK/DREB_TK.primer.tsv
2021-04-03 01:26:27,430 - INFO - Writing overlap_55/DREB_TK/DREB_TK.reference.fasta
2021-04-03 01:26:27,437 - INFO - Writing overlap_55/DREB_TK/DREB_TK.plot.pdf
2021-04-03 01:26:27,437 - INFO - Writing overlap_55/DREB_TK/DREB_TK.plot.svg
2021-04-03 01:26:27,459 - INFO - Writing overlap_55/DREB_TK/DREB_TK.report.json
2021-04-04 18:03:30,483 - INFO - Writing log to overlap_55/DREB_TK/DREB_TK.log
2021-04-04 18:03:30,502 - INFO - References:
 - DREB_TK
2021-04-04 18:03:30,502 - INFO - Primary reference for coordinate system: DREB_TK
2021-04-04 18:03:30,502 - INFO - Considering primers from all references
2021-04-04 18:03:33,812 - INFO - All done! Scheme created with 5 regions, 2 gaps, 76.74% coverage
2021-04-04 18:03:33,812 - INFO - Writing overlap_55/DREB_TK/DREB_TK.primer.bed
2021-04-04 18:03:33,815 - INFO - Writing overlap_55/DREB_TK/DREB_TK.insert.bed
2021-04-04 18:03:33,818 - INFO - Writing overlap_55/DREB_TK/DREB_TK.primer.tsv
2021-04-04 18:03:33,820 - INFO - Writing overlap_55/DREB_TK/DREB_TK.reference.fasta
2021-04-04 18:03:33,827 - INFO - Writing overlap_55/DREB_TK/DREB_TK.plot.pdf
2021-04-04 18:03:33,827 - INFO - Writing overlap_55/DREB_TK/DREB_TK.plot.svg
2021-04-04 18:03:33,849 - INFO - Writing overlap_55/DREB_TK/DREB_TK.report.json
