2020-12-01 05:23:22,695 - INFO - Writing log to overlap_70/1_FFT_TK/1_FFT_TK.log
2020-12-01 05:23:22,701 - INFO - References:
 - 1_FFT_TK
2020-12-01 05:23:22,701 - INFO - Primary reference for coordinate system: 1_FFT_TK
2020-12-01 05:23:22,701 - INFO - Considering primers from all references
2020-12-01 05:23:24,675 - INFO - All done! Scheme created with 26 regions, 7 gaps, 67.28% coverage
2020-12-01 05:23:24,676 - INFO - Writing overlap_70/1_FFT_TK/1_FFT_TK.primer.bed
2020-12-01 05:23:24,677 - INFO - Writing overlap_70/1_FFT_TK/1_FFT_TK.insert.bed
2020-12-01 05:23:24,678 - INFO - Writing overlap_70/1_FFT_TK/1_FFT_TK.primer.tsv
2020-12-01 05:23:24,679 - INFO - Writing overlap_70/1_FFT_TK/1_FFT_TK.reference.fasta
2020-12-01 05:23:24,713 - INFO - Writing overlap_70/1_FFT_TK/1_FFT_TK.plot.pdf
2020-12-01 05:23:24,713 - INFO - Writing overlap_70/1_FFT_TK/1_FFT_TK.plot.svg
2020-12-01 05:23:24,753 - INFO - Writing overlap_70/1_FFT_TK/1_FFT_TK.report.json
2021-04-02 20:38:42,267 - INFO - Writing log to overlap_70/1_FFT_TK/1_FFT_TK.log
2021-04-02 20:38:42,303 - INFO - References:
 - 1_FFT_TK
2021-04-02 20:38:42,303 - INFO - Primary reference for coordinate system: 1_FFT_TK
2021-04-02 20:38:42,303 - INFO - Considering primers from all references
2021-04-02 20:38:52,821 - INFO - All done! Scheme created with 17 regions, 8 gaps, 81.49% coverage
2021-04-02 20:38:52,822 - INFO - Writing overlap_70/1_FFT_TK/1_FFT_TK.primer.bed
2021-04-02 20:38:52,828 - INFO - Writing overlap_70/1_FFT_TK/1_FFT_TK.insert.bed
2021-04-02 20:38:52,832 - INFO - Writing overlap_70/1_FFT_TK/1_FFT_TK.primer.tsv
2021-04-02 20:38:52,836 - INFO - Writing overlap_70/1_FFT_TK/1_FFT_TK.reference.fasta
2021-04-02 20:38:52,849 - INFO - Writing overlap_70/1_FFT_TK/1_FFT_TK.plot.pdf
2021-04-02 20:38:52,849 - INFO - Writing overlap_70/1_FFT_TK/1_FFT_TK.plot.svg
2021-04-02 20:38:52,889 - INFO - Writing overlap_70/1_FFT_TK/1_FFT_TK.report.json
2021-04-03 02:10:37,413 - INFO - Writing log to overlap_70/1_FFT_TK/1_FFT_TK.log
2021-04-03 02:10:37,429 - INFO - References:
 - 1_FFT_TK
2021-04-03 02:10:37,429 - INFO - Primary reference for coordinate system: 1_FFT_TK
2021-04-03 02:10:37,429 - INFO - Considering primers from all references
2021-04-03 02:10:50,851 - INFO - All done! Scheme created with 17 regions, 8 gaps, 81.49% coverage
2021-04-03 02:10:50,852 - INFO - Writing overlap_70/1_FFT_TK/1_FFT_TK.primer.bed
2021-04-03 02:10:50,857 - INFO - Writing overlap_70/1_FFT_TK/1_FFT_TK.insert.bed
2021-04-03 02:10:50,863 - INFO - Writing overlap_70/1_FFT_TK/1_FFT_TK.primer.tsv
2021-04-03 02:10:50,868 - INFO - Writing overlap_70/1_FFT_TK/1_FFT_TK.reference.fasta
2021-04-03 02:10:50,882 - INFO - Writing overlap_70/1_FFT_TK/1_FFT_TK.plot.pdf
2021-04-03 02:10:50,883 - INFO - Writing overlap_70/1_FFT_TK/1_FFT_TK.plot.svg
2021-04-03 02:10:50,932 - INFO - Writing overlap_70/1_FFT_TK/1_FFT_TK.report.json
2021-04-04 18:43:25,751 - INFO - Writing log to overlap_70/1_FFT_TK/1_FFT_TK.log
2021-04-04 18:43:25,782 - INFO - References:
 - 1_FFT_TK
2021-04-04 18:43:25,782 - INFO - Primary reference for coordinate system: 1_FFT_TK
2021-04-04 18:43:25,782 - INFO - Considering primers from all references
2021-04-04 18:43:38,194 - INFO - All done! Scheme created with 17 regions, 8 gaps, 81.49% coverage
2021-04-04 18:43:38,195 - INFO - Writing overlap_70/1_FFT_TK/1_FFT_TK.primer.bed
2021-04-04 18:43:38,198 - INFO - Writing overlap_70/1_FFT_TK/1_FFT_TK.insert.bed
2021-04-04 18:43:38,200 - INFO - Writing overlap_70/1_FFT_TK/1_FFT_TK.primer.tsv
2021-04-04 18:43:38,203 - INFO - Writing overlap_70/1_FFT_TK/1_FFT_TK.reference.fasta
2021-04-04 18:43:38,215 - INFO - Writing overlap_70/1_FFT_TK/1_FFT_TK.plot.pdf
2021-04-04 18:43:38,215 - INFO - Writing overlap_70/1_FFT_TK/1_FFT_TK.plot.svg
2021-04-04 18:43:38,256 - INFO - Writing overlap_70/1_FFT_TK/1_FFT_TK.report.json
