2021-04-03 11:21:15,292 - INFO - Writing log to overlap_75/SYP124_TK/SYP124_TK.log
2021-04-03 11:21:15,299 - INFO - References:
 - SYP124_TK
2021-04-03 11:21:15,299 - INFO - Primary reference for coordinate system: SYP124_TK
2021-04-03 11:21:15,299 - INFO - Considering primers from all references
2021-04-03 11:21:17,726 - INFO - All done! Scheme created with 4 regions, 0 gaps, 62.41% coverage
2021-04-03 11:21:17,726 - INFO - Writing overlap_75/SYP124_TK/SYP124_TK.primer.bed
2021-04-03 11:21:17,727 - INFO - Writing overlap_75/SYP124_TK/SYP124_TK.insert.bed
2021-04-03 11:21:17,727 - INFO - Writing overlap_75/SYP124_TK/SYP124_TK.primer.tsv
2021-04-03 11:21:17,728 - INFO - Writing overlap_75/SYP124_TK/SYP124_TK.reference.fasta
2021-04-03 11:21:17,731 - INFO - Writing overlap_75/SYP124_TK/SYP124_TK.plot.pdf
2021-04-03 11:21:17,732 - INFO - Writing overlap_75/SYP124_TK/SYP124_TK.plot.svg
2021-04-03 11:21:17,764 - INFO - Writing overlap_75/SYP124_TK/SYP124_TK.report.json
2021-04-04 19:11:52,416 - INFO - Writing log to overlap_75/SYP124_TK/SYP124_TK.log
2021-04-04 19:11:52,436 - INFO - References:
 - SYP124_TK
2021-04-04 19:11:52,436 - INFO - Primary reference for coordinate system: SYP124_TK
2021-04-04 19:11:52,436 - INFO - Considering primers from all references
2021-04-04 19:11:55,127 - INFO - All done! Scheme created with 4 regions, 0 gaps, 62.41% coverage
2021-04-04 19:11:55,127 - INFO - Writing overlap_75/SYP124_TK/SYP124_TK.primer.bed
2021-04-04 19:11:55,130 - INFO - Writing overlap_75/SYP124_TK/SYP124_TK.insert.bed
2021-04-04 19:11:55,132 - INFO - Writing overlap_75/SYP124_TK/SYP124_TK.primer.tsv
2021-04-04 19:11:55,135 - INFO - Writing overlap_75/SYP124_TK/SYP124_TK.reference.fasta
2021-04-04 19:11:55,140 - INFO - Writing overlap_75/SYP124_TK/SYP124_TK.plot.pdf
2021-04-04 19:11:55,140 - INFO - Writing overlap_75/SYP124_TK/SYP124_TK.plot.svg
2021-04-04 19:11:55,183 - INFO - Writing overlap_75/SYP124_TK/SYP124_TK.report.json
