2021-04-03 00:42:13,835 - INFO - Writing log to overlap_40/PEC2_TK/PEC2_TK.log
2021-04-03 00:42:13,859 - INFO - References:
 - PEC2_TK
2021-04-03 00:42:13,860 - INFO - Primary reference for coordinate system: PEC2_TK
2021-04-03 00:42:13,860 - INFO - Considering primers from all references
2021-04-03 00:42:19,843 - INFO - All done! Scheme created with 8 regions, 3 gaps, 77.19% coverage
2021-04-03 00:42:19,843 - INFO - Writing overlap_40/PEC2_TK/PEC2_TK.primer.bed
2021-04-03 00:42:19,845 - INFO - Writing overlap_40/PEC2_TK/PEC2_TK.insert.bed
2021-04-03 00:42:19,846 - INFO - Writing overlap_40/PEC2_TK/PEC2_TK.primer.tsv
2021-04-03 00:42:19,847 - INFO - Writing overlap_40/PEC2_TK/PEC2_TK.reference.fasta
2021-04-03 00:42:19,854 - INFO - Writing overlap_40/PEC2_TK/PEC2_TK.plot.pdf
2021-04-03 00:42:19,854 - INFO - Writing overlap_40/PEC2_TK/PEC2_TK.plot.svg
2021-04-03 00:42:19,882 - INFO - Writing overlap_40/PEC2_TK/PEC2_TK.report.json
2021-04-04 17:23:34,052 - INFO - Writing log to overlap_40/PEC2_TK/PEC2_TK.log
2021-04-04 17:23:34,089 - INFO - References:
 - PEC2_TK
2021-04-04 17:23:34,089 - INFO - Primary reference for coordinate system: PEC2_TK
2021-04-04 17:23:34,089 - INFO - Considering primers from all references
2021-04-04 17:23:39,639 - INFO - All done! Scheme created with 8 regions, 3 gaps, 77.19% coverage
2021-04-04 17:23:39,639 - INFO - Writing overlap_40/PEC2_TK/PEC2_TK.primer.bed
2021-04-04 17:23:39,643 - INFO - Writing overlap_40/PEC2_TK/PEC2_TK.insert.bed
2021-04-04 17:23:39,647 - INFO - Writing overlap_40/PEC2_TK/PEC2_TK.primer.tsv
2021-04-04 17:23:39,651 - INFO - Writing overlap_40/PEC2_TK/PEC2_TK.reference.fasta
2021-04-04 17:23:39,659 - INFO - Writing overlap_40/PEC2_TK/PEC2_TK.plot.pdf
2021-04-04 17:23:39,659 - INFO - Writing overlap_40/PEC2_TK/PEC2_TK.plot.svg
2021-04-04 17:23:39,687 - INFO - Writing overlap_40/PEC2_TK/PEC2_TK.report.json
