2021-04-03 01:36:25,440 - INFO - Writing log to overlap_60/1DDX5PR1_TK/1DDX5PR1_TK.log
2021-04-03 01:36:25,449 - INFO - References:
 - 1DDX5PR1_TK
2021-04-03 01:36:25,449 - INFO - Primary reference for coordinate system: 1DDX5PR1_TK
2021-04-03 01:36:25,449 - INFO - Considering primers from all references
2021-04-03 01:36:34,982 - INFO - All done! Scheme created with 12 regions, 2 gaps, 84.54% coverage
2021-04-03 01:36:34,982 - INFO - Writing overlap_60/1DDX5PR1_TK/1DDX5PR1_TK.primer.bed
2021-04-03 01:36:34,983 - INFO - Writing overlap_60/1DDX5PR1_TK/1DDX5PR1_TK.insert.bed
2021-04-03 01:36:34,984 - INFO - Writing overlap_60/1DDX5PR1_TK/1DDX5PR1_TK.primer.tsv
2021-04-03 01:36:34,985 - INFO - Writing overlap_60/1DDX5PR1_TK/1DDX5PR1_TK.reference.fasta
2021-04-03 01:36:34,993 - INFO - Writing overlap_60/1DDX5PR1_TK/1DDX5PR1_TK.plot.pdf
2021-04-03 01:36:34,993 - INFO - Writing overlap_60/1DDX5PR1_TK/1DDX5PR1_TK.plot.svg
2021-04-03 01:36:35,026 - INFO - Writing overlap_60/1DDX5PR1_TK/1DDX5PR1_TK.report.json
2021-04-04 18:12:30,304 - INFO - Writing log to overlap_60/1DDX5PR1_TK/1DDX5PR1_TK.log
2021-04-04 18:12:30,325 - INFO - References:
 - 1DDX5PR1_TK
2021-04-04 18:12:30,325 - INFO - Primary reference for coordinate system: 1DDX5PR1_TK
2021-04-04 18:12:30,325 - INFO - Considering primers from all references
2021-04-04 18:12:39,004 - INFO - All done! Scheme created with 12 regions, 2 gaps, 84.54% coverage
2021-04-04 18:12:39,004 - INFO - Writing overlap_60/1DDX5PR1_TK/1DDX5PR1_TK.primer.bed
2021-04-04 18:12:39,007 - INFO - Writing overlap_60/1DDX5PR1_TK/1DDX5PR1_TK.insert.bed
2021-04-04 18:12:39,010 - INFO - Writing overlap_60/1DDX5PR1_TK/1DDX5PR1_TK.primer.tsv
2021-04-04 18:12:39,012 - INFO - Writing overlap_60/1DDX5PR1_TK/1DDX5PR1_TK.reference.fasta
2021-04-04 18:12:39,021 - INFO - Writing overlap_60/1DDX5PR1_TK/1DDX5PR1_TK.plot.pdf
2021-04-04 18:12:39,022 - INFO - Writing overlap_60/1DDX5PR1_TK/1DDX5PR1_TK.plot.svg
2021-04-04 18:12:39,057 - INFO - Writing overlap_60/1DDX5PR1_TK/1DDX5PR1_TK.report.json
