2021-04-03 11:36:48,331 - INFO - Writing log to overlap_85/3H3MCR1_TK/3H3MCR1_TK.log
2021-04-03 11:36:48,336 - INFO - References:
 - 3H3MCR1_TK
2021-04-03 11:36:48,337 - INFO - Primary reference for coordinate system: 3H3MCR1_TK
2021-04-03 11:36:48,337 - INFO - Considering primers from all references
2021-04-03 11:36:53,306 - INFO - All done! Scheme created with 8 regions, 1 gap, 83.29% coverage
2021-04-03 11:36:53,306 - INFO - Writing overlap_85/3H3MCR1_TK/3H3MCR1_TK.primer.bed
2021-04-03 11:36:53,307 - INFO - Writing overlap_85/3H3MCR1_TK/3H3MCR1_TK.insert.bed
2021-04-03 11:36:53,308 - INFO - Writing overlap_85/3H3MCR1_TK/3H3MCR1_TK.primer.tsv
2021-04-03 11:36:53,308 - INFO - Writing overlap_85/3H3MCR1_TK/3H3MCR1_TK.reference.fasta
2021-04-03 11:36:53,313 - INFO - Writing overlap_85/3H3MCR1_TK/3H3MCR1_TK.plot.pdf
2021-04-03 11:36:53,313 - INFO - Writing overlap_85/3H3MCR1_TK/3H3MCR1_TK.plot.svg
2021-04-03 11:36:53,333 - INFO - Writing overlap_85/3H3MCR1_TK/3H3MCR1_TK.report.json
2021-04-04 19:29:11,220 - INFO - Writing log to overlap_85/3H3MCR1_TK/3H3MCR1_TK.log
2021-04-04 19:29:11,237 - INFO - References:
 - 3H3MCR1_TK
2021-04-04 19:29:11,237 - INFO - Primary reference for coordinate system: 3H3MCR1_TK
2021-04-04 19:29:11,237 - INFO - Considering primers from all references
2021-04-04 19:29:16,722 - INFO - All done! Scheme created with 8 regions, 1 gap, 83.29% coverage
2021-04-04 19:29:16,722 - INFO - Writing overlap_85/3H3MCR1_TK/3H3MCR1_TK.primer.bed
2021-04-04 19:29:16,725 - INFO - Writing overlap_85/3H3MCR1_TK/3H3MCR1_TK.insert.bed
2021-04-04 19:29:16,728 - INFO - Writing overlap_85/3H3MCR1_TK/3H3MCR1_TK.primer.tsv
2021-04-04 19:29:16,731 - INFO - Writing overlap_85/3H3MCR1_TK/3H3MCR1_TK.reference.fasta
2021-04-04 19:29:16,738 - INFO - Writing overlap_85/3H3MCR1_TK/3H3MCR1_TK.plot.pdf
2021-04-04 19:29:16,738 - INFO - Writing overlap_85/3H3MCR1_TK/3H3MCR1_TK.plot.svg
2021-04-04 19:29:16,764 - INFO - Writing overlap_85/3H3MCR1_TK/3H3MCR1_TK.report.json
