2021-04-03 11:26:28,025 - INFO - Writing log to overlap_80/CPT2_TK/CPT2_TK.log
2021-04-03 11:26:28,031 - INFO - References:
 - CPT2_TK
2021-04-03 11:26:28,031 - INFO - Primary reference for coordinate system: CPT2_TK
2021-04-03 11:26:28,031 - INFO - Considering primers from all references
2021-04-03 11:26:30,346 - INFO - All done! Scheme created with 4 regions, 1 gap, 65.71% coverage
2021-04-03 11:26:30,346 - INFO - Writing overlap_80/CPT2_TK/CPT2_TK.primer.bed
2021-04-03 11:26:30,347 - INFO - Writing overlap_80/CPT2_TK/CPT2_TK.insert.bed
2021-04-03 11:26:30,348 - INFO - Writing overlap_80/CPT2_TK/CPT2_TK.primer.tsv
2021-04-03 11:26:30,348 - INFO - Writing overlap_80/CPT2_TK/CPT2_TK.reference.fasta
2021-04-03 11:26:30,352 - INFO - Writing overlap_80/CPT2_TK/CPT2_TK.plot.pdf
2021-04-03 11:26:30,352 - INFO - Writing overlap_80/CPT2_TK/CPT2_TK.plot.svg
2021-04-03 11:26:30,382 - INFO - Writing overlap_80/CPT2_TK/CPT2_TK.report.json
2021-04-04 19:17:41,065 - INFO - Writing log to overlap_80/CPT2_TK/CPT2_TK.log
2021-04-04 19:17:41,080 - INFO - References:
 - CPT2_TK
2021-04-04 19:17:41,080 - INFO - Primary reference for coordinate system: CPT2_TK
2021-04-04 19:17:41,080 - INFO - Considering primers from all references
2021-04-04 19:17:43,657 - INFO - All done! Scheme created with 4 regions, 1 gap, 65.71% coverage
2021-04-04 19:17:43,657 - INFO - Writing overlap_80/CPT2_TK/CPT2_TK.primer.bed
2021-04-04 19:17:43,660 - INFO - Writing overlap_80/CPT2_TK/CPT2_TK.insert.bed
2021-04-04 19:17:43,662 - INFO - Writing overlap_80/CPT2_TK/CPT2_TK.primer.tsv
2021-04-04 19:17:43,665 - INFO - Writing overlap_80/CPT2_TK/CPT2_TK.reference.fasta
2021-04-04 19:17:43,670 - INFO - Writing overlap_80/CPT2_TK/CPT2_TK.plot.pdf
2021-04-04 19:17:43,671 - INFO - Writing overlap_80/CPT2_TK/CPT2_TK.plot.svg
2021-04-04 19:17:43,709 - INFO - Writing overlap_80/CPT2_TK/CPT2_TK.report.json
