2021-04-03 01:58:05,453 - INFO - Writing log to overlap_65/CASP1_TK/CASP1_TK.log
2021-04-03 01:58:05,462 - INFO - References:
 - CASP1_TK
2021-04-03 01:58:05,462 - INFO - Primary reference for coordinate system: CASP1_TK
2021-04-03 01:58:05,462 - INFO - Considering primers from all references
2021-04-03 01:58:09,172 - INFO - All done! Scheme created with 5 regions, 0 gaps, 72.68% coverage
2021-04-03 01:58:09,172 - INFO - Writing overlap_65/CASP1_TK/CASP1_TK.primer.bed
2021-04-03 01:58:09,174 - INFO - Writing overlap_65/CASP1_TK/CASP1_TK.insert.bed
2021-04-03 01:58:09,174 - INFO - Writing overlap_65/CASP1_TK/CASP1_TK.primer.tsv
2021-04-03 01:58:09,175 - INFO - Writing overlap_65/CASP1_TK/CASP1_TK.reference.fasta
2021-04-03 01:58:09,181 - INFO - Writing overlap_65/CASP1_TK/CASP1_TK.plot.pdf
2021-04-03 01:58:09,181 - INFO - Writing overlap_65/CASP1_TK/CASP1_TK.plot.svg
2021-04-03 01:58:09,202 - INFO - Writing overlap_65/CASP1_TK/CASP1_TK.report.json
2021-04-04 18:32:00,306 - INFO - Writing log to overlap_65/CASP1_TK/CASP1_TK.log
2021-04-04 18:32:00,333 - INFO - References:
 - CASP1_TK
2021-04-04 18:32:00,333 - INFO - Primary reference for coordinate system: CASP1_TK
2021-04-04 18:32:00,333 - INFO - Considering primers from all references
2021-04-04 18:32:03,902 - INFO - All done! Scheme created with 5 regions, 0 gaps, 72.68% coverage
2021-04-04 18:32:03,903 - INFO - Writing overlap_65/CASP1_TK/CASP1_TK.primer.bed
2021-04-04 18:32:03,905 - INFO - Writing overlap_65/CASP1_TK/CASP1_TK.insert.bed
2021-04-04 18:32:03,908 - INFO - Writing overlap_65/CASP1_TK/CASP1_TK.primer.tsv
2021-04-04 18:32:03,910 - INFO - Writing overlap_65/CASP1_TK/CASP1_TK.reference.fasta
2021-04-04 18:32:03,916 - INFO - Writing overlap_65/CASP1_TK/CASP1_TK.plot.pdf
2021-04-04 18:32:03,916 - INFO - Writing overlap_65/CASP1_TK/CASP1_TK.plot.svg
2021-04-04 18:32:03,937 - INFO - Writing overlap_65/CASP1_TK/CASP1_TK.report.json
