2021-04-03 00:36:20,485 - INFO - Writing log to overlap_40/DHDDS_TK/DHDDS_TK.log
2021-04-03 00:36:20,507 - INFO - References:
 - DHDDS_TK
2021-04-03 00:36:20,507 - INFO - Primary reference for coordinate system: DHDDS_TK
2021-04-03 00:36:20,507 - INFO - Considering primers from all references
2021-04-03 00:36:23,504 - INFO - All done! Scheme created with 4 regions, 1 gap, 69.65% coverage
2021-04-03 00:36:23,505 - INFO - Writing overlap_40/DHDDS_TK/DHDDS_TK.primer.bed
2021-04-03 00:36:23,506 - INFO - Writing overlap_40/DHDDS_TK/DHDDS_TK.insert.bed
2021-04-03 00:36:23,506 - INFO - Writing overlap_40/DHDDS_TK/DHDDS_TK.primer.tsv
2021-04-03 00:36:23,507 - INFO - Writing overlap_40/DHDDS_TK/DHDDS_TK.reference.fasta
2021-04-03 00:36:23,512 - INFO - Writing overlap_40/DHDDS_TK/DHDDS_TK.plot.pdf
2021-04-03 00:36:23,512 - INFO - Writing overlap_40/DHDDS_TK/DHDDS_TK.plot.svg
2021-04-03 00:36:23,569 - INFO - Writing overlap_40/DHDDS_TK/DHDDS_TK.report.json
2021-04-04 17:18:12,104 - INFO - Writing log to overlap_40/DHDDS_TK/DHDDS_TK.log
2021-04-04 17:18:12,137 - INFO - References:
 - DHDDS_TK
2021-04-04 17:18:12,137 - INFO - Primary reference for coordinate system: DHDDS_TK
2021-04-04 17:18:12,137 - INFO - Considering primers from all references
2021-04-04 17:18:14,866 - INFO - All done! Scheme created with 4 regions, 1 gap, 69.65% coverage
2021-04-04 17:18:14,866 - INFO - Writing overlap_40/DHDDS_TK/DHDDS_TK.primer.bed
2021-04-04 17:18:14,872 - INFO - Writing overlap_40/DHDDS_TK/DHDDS_TK.insert.bed
2021-04-04 17:18:14,876 - INFO - Writing overlap_40/DHDDS_TK/DHDDS_TK.primer.tsv
2021-04-04 17:18:14,880 - INFO - Writing overlap_40/DHDDS_TK/DHDDS_TK.reference.fasta
2021-04-04 17:18:14,887 - INFO - Writing overlap_40/DHDDS_TK/DHDDS_TK.plot.pdf
2021-04-04 17:18:14,887 - INFO - Writing overlap_40/DHDDS_TK/DHDDS_TK.plot.svg
2021-04-04 17:18:14,932 - INFO - Writing overlap_40/DHDDS_TK/DHDDS_TK.report.json
