2020-12-01 05:22:25,669 - INFO - Writing log to overlap_60/cluster_CPT_TK/cluster_CPT_TK.log
2020-12-01 05:22:25,692 - INFO - References:
 - CPT1_1_TK
 - CPT3_TK
2020-12-01 05:22:25,692 - INFO - Primary reference for coordinate system: CPT1_1_TK
2020-12-01 05:22:25,693 - INFO - Considering primers from all references
2020-12-01 05:22:25,696 - INFO - Excluding reference CPT3_TK: unable to align.
2020-12-01 05:22:26,147 - INFO - All done! Scheme created with 11 regions, 0 gaps, 92.51% coverage
2020-12-01 05:22:26,147 - INFO - Writing overlap_60/cluster_CPT_TK/cluster_CPT_TK.primer.bed
2020-12-01 05:22:26,148 - INFO - Writing overlap_60/cluster_CPT_TK/cluster_CPT_TK.insert.bed
2020-12-01 05:22:26,149 - INFO - Writing overlap_60/cluster_CPT_TK/cluster_CPT_TK.primer.tsv
2020-12-01 05:22:26,150 - INFO - Writing overlap_60/cluster_CPT_TK/cluster_CPT_TK.reference.fasta
2020-12-01 05:22:26,156 - INFO - Writing overlap_60/cluster_CPT_TK/cluster_CPT_TK.plot.pdf
2020-12-01 05:22:26,156 - INFO - Writing overlap_60/cluster_CPT_TK/cluster_CPT_TK.plot.svg
2020-12-01 05:22:26,177 - INFO - Writing overlap_60/cluster_CPT_TK/cluster_CPT_TK.report.json
2021-04-03 01:41:55,809 - INFO - Writing log to overlap_60/cluster_CPT_TK/cluster_CPT_TK.log
2021-04-03 01:41:55,847 - INFO - References:
 - CPT1_1_TK
 - CPT3_TK
2021-04-03 01:41:55,847 - INFO - Primary reference for coordinate system: CPT1_1_TK
2021-04-03 01:41:55,847 - INFO - Considering primers from all references
2021-04-03 01:41:55,851 - INFO - Excluding reference CPT3_TK: unable to align.
2021-04-03 01:41:58,839 - INFO - All done! Scheme created with 4 regions, 1 gap, 57.98% coverage
2021-04-03 01:41:58,840 - INFO - Writing overlap_60/cluster_CPT_TK/cluster_CPT_TK.primer.bed
2021-04-03 01:41:58,844 - INFO - Writing overlap_60/cluster_CPT_TK/cluster_CPT_TK.insert.bed
2021-04-03 01:41:58,848 - INFO - Writing overlap_60/cluster_CPT_TK/cluster_CPT_TK.primer.tsv
2021-04-03 01:41:58,852 - INFO - Writing overlap_60/cluster_CPT_TK/cluster_CPT_TK.reference.fasta
2021-04-03 01:41:58,862 - INFO - Writing overlap_60/cluster_CPT_TK/cluster_CPT_TK.plot.pdf
2021-04-03 01:41:58,862 - INFO - Writing overlap_60/cluster_CPT_TK/cluster_CPT_TK.plot.svg
2021-04-03 01:41:58,923 - INFO - Writing overlap_60/cluster_CPT_TK/cluster_CPT_TK.report.json
2021-04-04 18:17:25,121 - INFO - Writing log to overlap_60/cluster_CPT_TK/cluster_CPT_TK.log
2021-04-04 18:17:25,143 - INFO - References:
 - CPT1_1_TK
 - CPT3_TK
2021-04-04 18:17:25,143 - INFO - Primary reference for coordinate system: CPT1_1_TK
2021-04-04 18:17:25,143 - INFO - Considering primers from all references
2021-04-04 18:17:25,147 - INFO - Excluding reference CPT3_TK: unable to align.
2021-04-04 18:17:27,893 - INFO - All done! Scheme created with 4 regions, 1 gap, 57.98% coverage
2021-04-04 18:17:27,893 - INFO - Writing overlap_60/cluster_CPT_TK/cluster_CPT_TK.primer.bed
2021-04-04 18:17:27,896 - INFO - Writing overlap_60/cluster_CPT_TK/cluster_CPT_TK.insert.bed
2021-04-04 18:17:27,899 - INFO - Writing overlap_60/cluster_CPT_TK/cluster_CPT_TK.primer.tsv
2021-04-04 18:17:27,901 - INFO - Writing overlap_60/cluster_CPT_TK/cluster_CPT_TK.reference.fasta
2021-04-04 18:17:27,907 - INFO - Writing overlap_60/cluster_CPT_TK/cluster_CPT_TK.plot.pdf
2021-04-04 18:17:27,907 - INFO - Writing overlap_60/cluster_CPT_TK/cluster_CPT_TK.plot.svg
2021-04-04 18:17:27,948 - INFO - Writing overlap_60/cluster_CPT_TK/cluster_CPT_TK.report.json
