2021-04-03 11:26:52,104 - INFO - Writing log to overlap_80/DHDDS_TK/DHDDS_TK.log
2021-04-03 11:26:52,110 - INFO - References:
 - DHDDS_TK
2021-04-03 11:26:52,110 - INFO - Primary reference for coordinate system: DHDDS_TK
2021-04-03 11:26:52,110 - INFO - Considering primers from all references
2021-04-03 11:26:54,574 - INFO - All done! Scheme created with 4 regions, 1 gap, 69.65% coverage
2021-04-03 11:26:54,575 - INFO - Writing overlap_80/DHDDS_TK/DHDDS_TK.primer.bed
2021-04-03 11:26:54,576 - INFO - Writing overlap_80/DHDDS_TK/DHDDS_TK.insert.bed
2021-04-03 11:26:54,576 - INFO - Writing overlap_80/DHDDS_TK/DHDDS_TK.primer.tsv
2021-04-03 11:26:54,577 - INFO - Writing overlap_80/DHDDS_TK/DHDDS_TK.reference.fasta
2021-04-03 11:26:54,581 - INFO - Writing overlap_80/DHDDS_TK/DHDDS_TK.plot.pdf
2021-04-03 11:26:54,581 - INFO - Writing overlap_80/DHDDS_TK/DHDDS_TK.plot.svg
2021-04-03 11:26:54,613 - INFO - Writing overlap_80/DHDDS_TK/DHDDS_TK.report.json
2021-04-04 19:18:07,909 - INFO - Writing log to overlap_80/DHDDS_TK/DHDDS_TK.log
2021-04-04 19:18:07,936 - INFO - References:
 - DHDDS_TK
2021-04-04 19:18:07,936 - INFO - Primary reference for coordinate system: DHDDS_TK
2021-04-04 19:18:07,936 - INFO - Considering primers from all references
2021-04-04 19:18:10,748 - INFO - All done! Scheme created with 4 regions, 1 gap, 69.65% coverage
2021-04-04 19:18:10,748 - INFO - Writing overlap_80/DHDDS_TK/DHDDS_TK.primer.bed
2021-04-04 19:18:10,751 - INFO - Writing overlap_80/DHDDS_TK/DHDDS_TK.insert.bed
2021-04-04 19:18:10,754 - INFO - Writing overlap_80/DHDDS_TK/DHDDS_TK.primer.tsv
2021-04-04 19:18:10,756 - INFO - Writing overlap_80/DHDDS_TK/DHDDS_TK.reference.fasta
2021-04-04 19:18:10,762 - INFO - Writing overlap_80/DHDDS_TK/DHDDS_TK.plot.pdf
2021-04-04 19:18:10,762 - INFO - Writing overlap_80/DHDDS_TK/DHDDS_TK.plot.svg
2021-04-04 19:18:10,803 - INFO - Writing overlap_80/DHDDS_TK/DHDDS_TK.report.json
