2021-04-03 01:25:43,434 - INFO - Writing log to overlap_55/CYP716A263_TK/CYP716A263_TK.log
2021-04-03 01:25:43,443 - INFO - References:
 - CYP716A263_TK
2021-04-03 01:25:43,443 - INFO - Primary reference for coordinate system: CYP716A263_TK
2021-04-03 01:25:43,443 - INFO - Considering primers from all references
2021-04-03 01:25:51,308 - INFO - All done! Scheme created with 10 regions, 4 gaps, 79.4% coverage
2021-04-03 01:25:51,308 - INFO - Writing overlap_55/CYP716A263_TK/CYP716A263_TK.primer.bed
2021-04-03 01:25:51,309 - INFO - Writing overlap_55/CYP716A263_TK/CYP716A263_TK.insert.bed
2021-04-03 01:25:51,310 - INFO - Writing overlap_55/CYP716A263_TK/CYP716A263_TK.primer.tsv
2021-04-03 01:25:51,311 - INFO - Writing overlap_55/CYP716A263_TK/CYP716A263_TK.reference.fasta
2021-04-03 01:25:51,319 - INFO - Writing overlap_55/CYP716A263_TK/CYP716A263_TK.plot.pdf
2021-04-03 01:25:51,319 - INFO - Writing overlap_55/CYP716A263_TK/CYP716A263_TK.plot.svg
2021-04-03 01:25:51,350 - INFO - Writing overlap_55/CYP716A263_TK/CYP716A263_TK.report.json
2021-04-04 18:02:54,285 - INFO - Writing log to overlap_55/CYP716A263_TK/CYP716A263_TK.log
2021-04-04 18:02:54,317 - INFO - References:
 - CYP716A263_TK
2021-04-04 18:02:54,317 - INFO - Primary reference for coordinate system: CYP716A263_TK
2021-04-04 18:02:54,317 - INFO - Considering primers from all references
2021-04-04 18:03:01,527 - INFO - All done! Scheme created with 10 regions, 4 gaps, 79.4% coverage
2021-04-04 18:03:01,527 - INFO - Writing overlap_55/CYP716A263_TK/CYP716A263_TK.primer.bed
2021-04-04 18:03:01,530 - INFO - Writing overlap_55/CYP716A263_TK/CYP716A263_TK.insert.bed
2021-04-04 18:03:01,533 - INFO - Writing overlap_55/CYP716A263_TK/CYP716A263_TK.primer.tsv
2021-04-04 18:03:01,535 - INFO - Writing overlap_55/CYP716A263_TK/CYP716A263_TK.reference.fasta
2021-04-04 18:03:01,544 - INFO - Writing overlap_55/CYP716A263_TK/CYP716A263_TK.plot.pdf
2021-04-04 18:03:01,544 - INFO - Writing overlap_55/CYP716A263_TK/CYP716A263_TK.plot.svg
2021-04-04 18:03:01,576 - INFO - Writing overlap_55/CYP716A263_TK/CYP716A263_TK.report.json
