2021-04-03 11:35:42,425 - INFO - Writing log to overlap_85/1DDX5PS3_TK/1DDX5PS3_TK.log
2021-04-03 11:35:42,431 - INFO - References:
 - 1DDX5PS3_TK
2021-04-03 11:35:42,431 - INFO - Primary reference for coordinate system: 1DDX5PS3_TK
2021-04-03 11:35:42,431 - INFO - Considering primers from all references
2021-04-03 11:35:51,322 - INFO - All done! Scheme created with 14 regions, 6 gaps, 72.99% coverage
2021-04-03 11:35:51,322 - INFO - Writing overlap_85/1DDX5PS3_TK/1DDX5PS3_TK.primer.bed
2021-04-03 11:35:51,323 - INFO - Writing overlap_85/1DDX5PS3_TK/1DDX5PS3_TK.insert.bed
2021-04-03 11:35:51,324 - INFO - Writing overlap_85/1DDX5PS3_TK/1DDX5PS3_TK.primer.tsv
2021-04-03 11:35:51,324 - INFO - Writing overlap_85/1DDX5PS3_TK/1DDX5PS3_TK.reference.fasta
2021-04-03 11:35:51,332 - INFO - Writing overlap_85/1DDX5PS3_TK/1DDX5PS3_TK.plot.pdf
2021-04-03 11:35:51,332 - INFO - Writing overlap_85/1DDX5PS3_TK/1DDX5PS3_TK.plot.svg
2021-04-03 11:35:51,363 - INFO - Writing overlap_85/1DDX5PS3_TK/1DDX5PS3_TK.report.json
2021-04-04 19:27:57,652 - INFO - Writing log to overlap_85/1DDX5PS3_TK/1DDX5PS3_TK.log
2021-04-04 19:27:57,671 - INFO - References:
 - 1DDX5PS3_TK
2021-04-04 19:27:57,671 - INFO - Primary reference for coordinate system: 1DDX5PS3_TK
2021-04-04 19:27:57,671 - INFO - Considering primers from all references
2021-04-04 19:28:07,532 - INFO - All done! Scheme created with 14 regions, 6 gaps, 72.99% coverage
2021-04-04 19:28:07,533 - INFO - Writing overlap_85/1DDX5PS3_TK/1DDX5PS3_TK.primer.bed
2021-04-04 19:28:07,536 - INFO - Writing overlap_85/1DDX5PS3_TK/1DDX5PS3_TK.insert.bed
2021-04-04 19:28:07,539 - INFO - Writing overlap_85/1DDX5PS3_TK/1DDX5PS3_TK.primer.tsv
2021-04-04 19:28:07,542 - INFO - Writing overlap_85/1DDX5PS3_TK/1DDX5PS3_TK.reference.fasta
2021-04-04 19:28:07,552 - INFO - Writing overlap_85/1DDX5PS3_TK/1DDX5PS3_TK.plot.pdf
2021-04-04 19:28:07,552 - INFO - Writing overlap_85/1DDX5PS3_TK/1DDX5PS3_TK.plot.svg
2021-04-04 19:28:07,590 - INFO - Writing overlap_85/1DDX5PS3_TK/1DDX5PS3_TK.report.json
