2021-04-03 01:09:25,026 - INFO - Writing log to overlap_50/DnaJP2_TK/DnaJP2_TK.log
2021-04-03 01:09:25,047 - INFO - References:
 - DnaJP2_TK
2021-04-03 01:09:25,047 - INFO - Primary reference for coordinate system: DnaJP2_TK
2021-04-03 01:09:25,047 - INFO - Considering primers from all references
2021-04-03 01:09:32,842 - INFO - All done! Scheme created with 10 regions, 3 gaps, 83.09% coverage
2021-04-03 01:09:32,842 - INFO - Writing overlap_50/DnaJP2_TK/DnaJP2_TK.primer.bed
2021-04-03 01:09:32,843 - INFO - Writing overlap_50/DnaJP2_TK/DnaJP2_TK.insert.bed
2021-04-03 01:09:32,844 - INFO - Writing overlap_50/DnaJP2_TK/DnaJP2_TK.primer.tsv
2021-04-03 01:09:32,845 - INFO - Writing overlap_50/DnaJP2_TK/DnaJP2_TK.reference.fasta
2021-04-03 01:09:32,852 - INFO - Writing overlap_50/DnaJP2_TK/DnaJP2_TK.plot.pdf
2021-04-03 01:09:32,852 - INFO - Writing overlap_50/DnaJP2_TK/DnaJP2_TK.plot.svg
2021-04-03 01:09:32,883 - INFO - Writing overlap_50/DnaJP2_TK/DnaJP2_TK.report.json
2021-04-04 17:48:17,427 - INFO - Writing log to overlap_50/DnaJP2_TK/DnaJP2_TK.log
2021-04-04 17:48:17,461 - INFO - References:
 - DnaJP2_TK
2021-04-04 17:48:17,461 - INFO - Primary reference for coordinate system: DnaJP2_TK
2021-04-04 17:48:17,461 - INFO - Considering primers from all references
2021-04-04 17:48:24,523 - INFO - All done! Scheme created with 10 regions, 3 gaps, 83.09% coverage
2021-04-04 17:48:24,523 - INFO - Writing overlap_50/DnaJP2_TK/DnaJP2_TK.primer.bed
2021-04-04 17:48:24,526 - INFO - Writing overlap_50/DnaJP2_TK/DnaJP2_TK.insert.bed
2021-04-04 17:48:24,529 - INFO - Writing overlap_50/DnaJP2_TK/DnaJP2_TK.primer.tsv
2021-04-04 17:48:24,531 - INFO - Writing overlap_50/DnaJP2_TK/DnaJP2_TK.reference.fasta
2021-04-04 17:48:24,540 - INFO - Writing overlap_50/DnaJP2_TK/DnaJP2_TK.plot.pdf
2021-04-04 17:48:24,540 - INFO - Writing overlap_50/DnaJP2_TK/DnaJP2_TK.plot.svg
2021-04-04 17:48:24,570 - INFO - Writing overlap_50/DnaJP2_TK/DnaJP2_TK.report.json
