2021-04-03 11:26:20,706 - INFO - Writing log to overlap_80/CPIP_TK/CPIP_TK.log
2021-04-03 11:26:20,712 - INFO - References:
 - CPIP_TK
2021-04-03 11:26:20,712 - INFO - Primary reference for coordinate system: CPIP_TK
2021-04-03 11:26:20,712 - INFO - Considering primers from all references
2021-04-03 11:26:24,666 - INFO - All done! Scheme created with 6 regions, 2 gaps, 63.22% coverage
2021-04-03 11:26:24,667 - INFO - Writing overlap_80/CPIP_TK/CPIP_TK.primer.bed
2021-04-03 11:26:24,668 - INFO - Writing overlap_80/CPIP_TK/CPIP_TK.insert.bed
2021-04-03 11:26:24,668 - INFO - Writing overlap_80/CPIP_TK/CPIP_TK.primer.tsv
2021-04-03 11:26:24,669 - INFO - Writing overlap_80/CPIP_TK/CPIP_TK.reference.fasta
2021-04-03 11:26:24,673 - INFO - Writing overlap_80/CPIP_TK/CPIP_TK.plot.pdf
2021-04-03 11:26:24,674 - INFO - Writing overlap_80/CPIP_TK/CPIP_TK.plot.svg
2021-04-03 11:26:24,693 - INFO - Writing overlap_80/CPIP_TK/CPIP_TK.report.json
2021-04-04 19:17:32,928 - INFO - Writing log to overlap_80/CPIP_TK/CPIP_TK.log
2021-04-04 19:17:32,946 - INFO - References:
 - CPIP_TK
2021-04-04 19:17:32,947 - INFO - Primary reference for coordinate system: CPIP_TK
2021-04-04 19:17:32,947 - INFO - Considering primers from all references
2021-04-04 19:17:37,317 - INFO - All done! Scheme created with 6 regions, 2 gaps, 63.22% coverage
2021-04-04 19:17:37,317 - INFO - Writing overlap_80/CPIP_TK/CPIP_TK.primer.bed
2021-04-04 19:17:37,320 - INFO - Writing overlap_80/CPIP_TK/CPIP_TK.insert.bed
2021-04-04 19:17:37,323 - INFO - Writing overlap_80/CPIP_TK/CPIP_TK.primer.tsv
2021-04-04 19:17:37,325 - INFO - Writing overlap_80/CPIP_TK/CPIP_TK.reference.fasta
2021-04-04 19:17:37,332 - INFO - Writing overlap_80/CPIP_TK/CPIP_TK.plot.pdf
2021-04-04 19:17:37,332 - INFO - Writing overlap_80/CPIP_TK/CPIP_TK.plot.svg
2021-04-04 19:17:37,356 - INFO - Writing overlap_80/CPIP_TK/CPIP_TK.report.json
