2021-04-03 11:12:21,852 - INFO - Writing log to overlap_75/CASP1_TK/CASP1_TK.log
2021-04-03 11:12:21,887 - INFO - References:
 - CASP1_TK
2021-04-03 11:12:21,887 - INFO - Primary reference for coordinate system: CASP1_TK
2021-04-03 11:12:21,887 - INFO - Considering primers from all references
2021-04-03 11:12:25,007 - INFO - All done! Scheme created with 5 regions, 0 gaps, 72.68% coverage
2021-04-03 11:12:25,007 - INFO - Writing overlap_75/CASP1_TK/CASP1_TK.primer.bed
2021-04-03 11:12:25,008 - INFO - Writing overlap_75/CASP1_TK/CASP1_TK.insert.bed
2021-04-03 11:12:25,009 - INFO - Writing overlap_75/CASP1_TK/CASP1_TK.primer.tsv
2021-04-03 11:12:25,009 - INFO - Writing overlap_75/CASP1_TK/CASP1_TK.reference.fasta
2021-04-03 11:12:25,013 - INFO - Writing overlap_75/CASP1_TK/CASP1_TK.plot.pdf
2021-04-03 11:12:25,013 - INFO - Writing overlap_75/CASP1_TK/CASP1_TK.plot.svg
2021-04-03 11:12:25,029 - INFO - Writing overlap_75/CASP1_TK/CASP1_TK.report.json
2021-04-04 19:01:59,065 - INFO - Writing log to overlap_75/CASP1_TK/CASP1_TK.log
2021-04-04 19:01:59,079 - INFO - References:
 - CASP1_TK
2021-04-04 19:01:59,079 - INFO - Primary reference for coordinate system: CASP1_TK
2021-04-04 19:01:59,079 - INFO - Considering primers from all references
2021-04-04 19:02:02,544 - INFO - All done! Scheme created with 5 regions, 0 gaps, 72.68% coverage
2021-04-04 19:02:02,544 - INFO - Writing overlap_75/CASP1_TK/CASP1_TK.primer.bed
2021-04-04 19:02:02,549 - INFO - Writing overlap_75/CASP1_TK/CASP1_TK.insert.bed
2021-04-04 19:02:02,553 - INFO - Writing overlap_75/CASP1_TK/CASP1_TK.primer.tsv
2021-04-04 19:02:02,557 - INFO - Writing overlap_75/CASP1_TK/CASP1_TK.reference.fasta
2021-04-04 19:02:02,565 - INFO - Writing overlap_75/CASP1_TK/CASP1_TK.plot.pdf
2021-04-04 19:02:02,565 - INFO - Writing overlap_75/CASP1_TK/CASP1_TK.plot.svg
2021-04-04 19:02:02,589 - INFO - Writing overlap_75/CASP1_TK/CASP1_TK.report.json
