2021-04-03 11:12:25,424 - INFO - Writing log to overlap_75/CCT1_TK/CCT1_TK.log
2021-04-03 11:12:25,440 - INFO - References:
 - CCT1_TK
2021-04-03 11:12:25,440 - INFO - Primary reference for coordinate system: CCT1_TK
2021-04-03 11:12:25,440 - INFO - Considering primers from all references
2021-04-03 11:12:27,922 - INFO - All done! Scheme created with 4 regions, 1 gap, 68.13% coverage
2021-04-03 11:12:27,922 - INFO - Writing overlap_75/CCT1_TK/CCT1_TK.primer.bed
2021-04-03 11:12:27,923 - INFO - Writing overlap_75/CCT1_TK/CCT1_TK.insert.bed
2021-04-03 11:12:27,924 - INFO - Writing overlap_75/CCT1_TK/CCT1_TK.primer.tsv
2021-04-03 11:12:27,924 - INFO - Writing overlap_75/CCT1_TK/CCT1_TK.reference.fasta
2021-04-03 11:12:27,928 - INFO - Writing overlap_75/CCT1_TK/CCT1_TK.plot.pdf
2021-04-03 11:12:27,928 - INFO - Writing overlap_75/CCT1_TK/CCT1_TK.plot.svg
2021-04-03 11:12:27,960 - INFO - Writing overlap_75/CCT1_TK/CCT1_TK.report.json
2021-04-04 19:02:03,031 - INFO - Writing log to overlap_75/CCT1_TK/CCT1_TK.log
2021-04-04 19:02:03,053 - INFO - References:
 - CCT1_TK
2021-04-04 19:02:03,053 - INFO - Primary reference for coordinate system: CCT1_TK
2021-04-04 19:02:03,053 - INFO - Considering primers from all references
2021-04-04 19:02:05,801 - INFO - All done! Scheme created with 4 regions, 1 gap, 68.13% coverage
2021-04-04 19:02:05,801 - INFO - Writing overlap_75/CCT1_TK/CCT1_TK.primer.bed
2021-04-04 19:02:05,806 - INFO - Writing overlap_75/CCT1_TK/CCT1_TK.insert.bed
2021-04-04 19:02:05,810 - INFO - Writing overlap_75/CCT1_TK/CCT1_TK.primer.tsv
2021-04-04 19:02:05,814 - INFO - Writing overlap_75/CCT1_TK/CCT1_TK.reference.fasta
2021-04-04 19:02:05,822 - INFO - Writing overlap_75/CCT1_TK/CCT1_TK.plot.pdf
2021-04-04 19:02:05,822 - INFO - Writing overlap_75/CCT1_TK/CCT1_TK.plot.svg
2021-04-04 19:02:05,864 - INFO - Writing overlap_75/CCT1_TK/CCT1_TK.report.json
