2020-12-01 05:20:48,981 - INFO - Writing log to overlap_55/1_FEH_TK/1_FEH_TK.log
2020-12-01 05:20:48,987 - INFO - References:
 - 1_FEH_TK
2020-12-01 05:20:48,987 - INFO - Primary reference for coordinate system: 1_FEH_TK
2020-12-01 05:20:48,988 - INFO - Considering primers from all references
2020-12-01 05:20:51,456 - INFO - All done! Scheme created with 17 regions, 8 gaps, 60.55% coverage
2020-12-01 05:20:51,456 - INFO - Writing overlap_55/1_FEH_TK/1_FEH_TK.primer.bed
2020-12-01 05:20:51,457 - INFO - Writing overlap_55/1_FEH_TK/1_FEH_TK.insert.bed
2020-12-01 05:20:51,458 - INFO - Writing overlap_55/1_FEH_TK/1_FEH_TK.primer.tsv
2020-12-01 05:20:51,458 - INFO - Writing overlap_55/1_FEH_TK/1_FEH_TK.reference.fasta
2020-12-01 05:20:51,468 - INFO - Writing overlap_55/1_FEH_TK/1_FEH_TK.plot.pdf
2020-12-01 05:20:51,468 - INFO - Writing overlap_55/1_FEH_TK/1_FEH_TK.plot.svg
2020-12-01 05:20:51,505 - INFO - Writing overlap_55/1_FEH_TK/1_FEH_TK.report.json
2021-04-03 01:20:36,317 - INFO - Writing log to overlap_55/1_FEH_TK/1_FEH_TK.log
2021-04-03 01:20:36,351 - INFO - References:
 - 1_FEH_TK
2021-04-03 01:20:36,351 - INFO - Primary reference for coordinate system: 1_FEH_TK
2021-04-03 01:20:36,351 - INFO - Considering primers from all references
2021-04-03 01:20:48,009 - INFO - All done! Scheme created with 14 regions, 6 gaps, 78.17% coverage
2021-04-03 01:20:48,009 - INFO - Writing overlap_55/1_FEH_TK/1_FEH_TK.primer.bed
2021-04-03 01:20:48,014 - INFO - Writing overlap_55/1_FEH_TK/1_FEH_TK.insert.bed
2021-04-03 01:20:48,018 - INFO - Writing overlap_55/1_FEH_TK/1_FEH_TK.primer.tsv
2021-04-03 01:20:48,022 - INFO - Writing overlap_55/1_FEH_TK/1_FEH_TK.reference.fasta
2021-04-03 01:20:48,035 - INFO - Writing overlap_55/1_FEH_TK/1_FEH_TK.plot.pdf
2021-04-03 01:20:48,035 - INFO - Writing overlap_55/1_FEH_TK/1_FEH_TK.plot.svg
2021-04-03 01:20:48,078 - INFO - Writing overlap_55/1_FEH_TK/1_FEH_TK.report.json
2021-04-04 17:58:18,102 - INFO - Writing log to overlap_55/1_FEH_TK/1_FEH_TK.log
2021-04-04 17:58:18,119 - INFO - References:
 - 1_FEH_TK
2021-04-04 17:58:18,119 - INFO - Primary reference for coordinate system: 1_FEH_TK
2021-04-04 17:58:18,119 - INFO - Considering primers from all references
2021-04-04 17:58:28,340 - INFO - All done! Scheme created with 14 regions, 6 gaps, 78.17% coverage
2021-04-04 17:58:28,340 - INFO - Writing overlap_55/1_FEH_TK/1_FEH_TK.primer.bed
2021-04-04 17:58:28,344 - INFO - Writing overlap_55/1_FEH_TK/1_FEH_TK.insert.bed
2021-04-04 17:58:28,346 - INFO - Writing overlap_55/1_FEH_TK/1_FEH_TK.primer.tsv
2021-04-04 17:58:28,348 - INFO - Writing overlap_55/1_FEH_TK/1_FEH_TK.reference.fasta
2021-04-04 17:58:28,358 - INFO - Writing overlap_55/1_FEH_TK/1_FEH_TK.plot.pdf
2021-04-04 17:58:28,358 - INFO - Writing overlap_55/1_FEH_TK/1_FEH_TK.plot.svg
2021-04-04 17:58:28,394 - INFO - Writing overlap_55/1_FEH_TK/1_FEH_TK.report.json
