2021-04-03 11:27:33,801 - INFO - Writing log to overlap_80/ERF_TK/ERF_TK.log
2021-04-03 11:27:33,806 - INFO - References:
 - ERF_TK
2021-04-03 11:27:33,806 - INFO - Primary reference for coordinate system: ERF_TK
2021-04-03 11:27:33,806 - INFO - Considering primers from all references
2021-04-03 11:27:36,244 - INFO - All done! Scheme created with 4 regions, 1 gap, 70.1% coverage
2021-04-03 11:27:36,244 - INFO - Writing overlap_80/ERF_TK/ERF_TK.primer.bed
2021-04-03 11:27:36,245 - INFO - Writing overlap_80/ERF_TK/ERF_TK.insert.bed
2021-04-03 11:27:36,246 - INFO - Writing overlap_80/ERF_TK/ERF_TK.primer.tsv
2021-04-03 11:27:36,246 - INFO - Writing overlap_80/ERF_TK/ERF_TK.reference.fasta
2021-04-03 11:27:36,250 - INFO - Writing overlap_80/ERF_TK/ERF_TK.plot.pdf
2021-04-03 11:27:36,250 - INFO - Writing overlap_80/ERF_TK/ERF_TK.plot.svg
2021-04-03 11:27:36,279 - INFO - Writing overlap_80/ERF_TK/ERF_TK.report.json
2021-04-04 19:18:54,413 - INFO - Writing log to overlap_80/ERF_TK/ERF_TK.log
2021-04-04 19:18:54,427 - INFO - References:
 - ERF_TK
2021-04-04 19:18:54,427 - INFO - Primary reference for coordinate system: ERF_TK
2021-04-04 19:18:54,427 - INFO - Considering primers from all references
2021-04-04 19:18:57,126 - INFO - All done! Scheme created with 4 regions, 1 gap, 70.1% coverage
2021-04-04 19:18:57,126 - INFO - Writing overlap_80/ERF_TK/ERF_TK.primer.bed
2021-04-04 19:18:57,129 - INFO - Writing overlap_80/ERF_TK/ERF_TK.insert.bed
2021-04-04 19:18:57,132 - INFO - Writing overlap_80/ERF_TK/ERF_TK.primer.tsv
2021-04-04 19:18:57,134 - INFO - Writing overlap_80/ERF_TK/ERF_TK.reference.fasta
2021-04-04 19:18:57,140 - INFO - Writing overlap_80/ERF_TK/ERF_TK.plot.pdf
2021-04-04 19:18:57,140 - INFO - Writing overlap_80/ERF_TK/ERF_TK.plot.svg
2021-04-04 19:18:57,179 - INFO - Writing overlap_80/ERF_TK/ERF_TK.report.json
