2021-04-02 20:46:18,907 - INFO - Writing log to overlap_70/OC5_TK/OC5_TK.log
2021-04-02 20:46:18,926 - INFO - References:
 - OC5_TK
2021-04-02 20:46:18,926 - INFO - Primary reference for coordinate system: OC5_TK
2021-04-02 20:46:18,926 - INFO - Considering primers from all references
2021-04-02 20:46:37,492 - INFO - All done! Scheme created with 28 regions, 10 gaps, 87.99% coverage
2021-04-02 20:46:37,492 - INFO - Writing overlap_70/OC5_TK/OC5_TK.primer.bed
2021-04-02 20:46:37,494 - INFO - Writing overlap_70/OC5_TK/OC5_TK.insert.bed
2021-04-02 20:46:37,494 - INFO - Writing overlap_70/OC5_TK/OC5_TK.primer.tsv
2021-04-02 20:46:37,495 - INFO - Writing overlap_70/OC5_TK/OC5_TK.reference.fasta
2021-04-02 20:46:37,508 - INFO - Writing overlap_70/OC5_TK/OC5_TK.plot.pdf
2021-04-02 20:46:37,508 - INFO - Writing overlap_70/OC5_TK/OC5_TK.plot.svg
2021-04-02 20:46:37,556 - INFO - Writing overlap_70/OC5_TK/OC5_TK.report.json
2021-04-03 02:20:49,978 - INFO - Writing log to overlap_70/OC5_TK/OC5_TK.log
2021-04-03 02:20:49,998 - INFO - References:
 - OC5_TK
2021-04-03 02:20:49,998 - INFO - Primary reference for coordinate system: OC5_TK
2021-04-03 02:20:49,998 - INFO - Considering primers from all references
2021-04-03 02:21:13,669 - INFO - All done! Scheme created with 28 regions, 10 gaps, 87.99% coverage
2021-04-03 02:21:13,670 - INFO - Writing overlap_70/OC5_TK/OC5_TK.primer.bed
2021-04-03 02:21:13,674 - INFO - Writing overlap_70/OC5_TK/OC5_TK.insert.bed
2021-04-03 02:21:13,679 - INFO - Writing overlap_70/OC5_TK/OC5_TK.primer.tsv
2021-04-03 02:21:13,684 - INFO - Writing overlap_70/OC5_TK/OC5_TK.reference.fasta
2021-04-03 02:21:13,704 - INFO - Writing overlap_70/OC5_TK/OC5_TK.plot.pdf
2021-04-03 02:21:13,704 - INFO - Writing overlap_70/OC5_TK/OC5_TK.plot.svg
2021-04-03 02:21:13,770 - INFO - Writing overlap_70/OC5_TK/OC5_TK.report.json
2021-04-04 18:52:46,971 - INFO - Writing log to overlap_70/OC5_TK/OC5_TK.log
2021-04-04 18:52:47,003 - INFO - References:
 - OC5_TK
2021-04-04 18:52:47,003 - INFO - Primary reference for coordinate system: OC5_TK
2021-04-04 18:52:47,003 - INFO - Considering primers from all references
2021-04-04 18:53:08,528 - INFO - All done! Scheme created with 28 regions, 10 gaps, 87.99% coverage
2021-04-04 18:53:08,529 - INFO - Writing overlap_70/OC5_TK/OC5_TK.primer.bed
2021-04-04 18:53:08,532 - INFO - Writing overlap_70/OC5_TK/OC5_TK.insert.bed
2021-04-04 18:53:08,536 - INFO - Writing overlap_70/OC5_TK/OC5_TK.primer.tsv
2021-04-04 18:53:08,539 - INFO - Writing overlap_70/OC5_TK/OC5_TK.reference.fasta
2021-04-04 18:53:08,556 - INFO - Writing overlap_70/OC5_TK/OC5_TK.plot.pdf
2021-04-04 18:53:08,556 - INFO - Writing overlap_70/OC5_TK/OC5_TK.plot.svg
2021-04-04 18:53:08,617 - INFO - Writing overlap_70/OC5_TK/OC5_TK.report.json
