2021-04-03 01:29:28,189 - INFO - Writing log to overlap_55/OC1_TK/OC1_TK.log
2021-04-03 01:29:28,200 - INFO - References:
 - OC1_TK
2021-04-03 01:29:28,200 - INFO - Primary reference for coordinate system: OC1_TK
2021-04-03 01:29:28,201 - INFO - Considering primers from all references
2021-04-03 01:30:09,001 - INFO - All done! Scheme created with 37 regions, 13 gaps, 86.77% coverage
2021-04-03 01:30:09,001 - INFO - Writing overlap_55/OC1_TK/OC1_TK.primer.bed
2021-04-03 01:30:09,002 - INFO - Writing overlap_55/OC1_TK/OC1_TK.insert.bed
2021-04-03 01:30:09,003 - INFO - Writing overlap_55/OC1_TK/OC1_TK.primer.tsv
2021-04-03 01:30:09,004 - INFO - Writing overlap_55/OC1_TK/OC1_TK.reference.fasta
2021-04-03 01:30:09,027 - INFO - Writing overlap_55/OC1_TK/OC1_TK.plot.pdf
2021-04-03 01:30:09,027 - INFO - Writing overlap_55/OC1_TK/OC1_TK.plot.svg
2021-04-03 01:30:09,105 - INFO - Writing overlap_55/OC1_TK/OC1_TK.report.json
2021-04-04 18:06:14,919 - INFO - Writing log to overlap_55/OC1_TK/OC1_TK.log
2021-04-04 18:06:14,972 - INFO - References:
 - OC1_TK
2021-04-04 18:06:14,972 - INFO - Primary reference for coordinate system: OC1_TK
2021-04-04 18:06:14,973 - INFO - Considering primers from all references
2021-04-04 18:06:51,697 - INFO - All done! Scheme created with 37 regions, 13 gaps, 86.77% coverage
2021-04-04 18:06:51,697 - INFO - Writing overlap_55/OC1_TK/OC1_TK.primer.bed
2021-04-04 18:06:51,700 - INFO - Writing overlap_55/OC1_TK/OC1_TK.insert.bed
2021-04-04 18:06:51,703 - INFO - Writing overlap_55/OC1_TK/OC1_TK.primer.tsv
2021-04-04 18:06:51,705 - INFO - Writing overlap_55/OC1_TK/OC1_TK.reference.fasta
2021-04-04 18:06:51,727 - INFO - Writing overlap_55/OC1_TK/OC1_TK.plot.pdf
2021-04-04 18:06:51,727 - INFO - Writing overlap_55/OC1_TK/OC1_TK.plot.svg
2021-04-04 18:06:51,801 - INFO - Writing overlap_55/OC1_TK/OC1_TK.report.json
