2020-12-01 05:23:01,228 - INFO - Writing log to overlap_65/FT_TK/FT_TK.log
2020-12-01 05:23:01,241 - INFO - References:
 - FT_TK
2020-12-01 05:23:01,241 - INFO - Primary reference for coordinate system: FT_TK
2020-12-01 05:23:01,241 - INFO - Considering primers from all references
2020-12-01 05:23:03,916 - INFO - All done! Scheme created with 17 regions, 9 gaps, 63.52% coverage
2020-12-01 05:23:03,917 - INFO - Writing overlap_65/FT_TK/FT_TK.primer.bed
2020-12-01 05:23:03,918 - INFO - Writing overlap_65/FT_TK/FT_TK.insert.bed
2020-12-01 05:23:03,919 - INFO - Writing overlap_65/FT_TK/FT_TK.primer.tsv
2020-12-01 05:23:03,919 - INFO - Writing overlap_65/FT_TK/FT_TK.reference.fasta
2020-12-01 05:23:03,928 - INFO - Writing overlap_65/FT_TK/FT_TK.plot.pdf
2020-12-01 05:23:03,928 - INFO - Writing overlap_65/FT_TK/FT_TK.plot.svg
2020-12-01 05:23:03,960 - INFO - Writing overlap_65/FT_TK/FT_TK.report.json
2021-04-03 02:01:27,952 - INFO - Writing log to overlap_65/FT_TK/FT_TK.log
2021-04-03 02:01:27,975 - INFO - References:
 - FT_TK
2021-04-03 02:01:27,975 - INFO - Primary reference for coordinate system: FT_TK
2021-04-03 02:01:27,975 - INFO - Considering primers from all references
2021-04-03 02:01:39,880 - INFO - All done! Scheme created with 15 regions, 5 gaps, 84.89% coverage
2021-04-03 02:01:39,880 - INFO - Writing overlap_65/FT_TK/FT_TK.primer.bed
2021-04-03 02:01:39,885 - INFO - Writing overlap_65/FT_TK/FT_TK.insert.bed
2021-04-03 02:01:39,890 - INFO - Writing overlap_65/FT_TK/FT_TK.primer.tsv
2021-04-03 02:01:39,896 - INFO - Writing overlap_65/FT_TK/FT_TK.reference.fasta
2021-04-03 02:01:39,908 - INFO - Writing overlap_65/FT_TK/FT_TK.plot.pdf
2021-04-03 02:01:39,908 - INFO - Writing overlap_65/FT_TK/FT_TK.plot.svg
2021-04-03 02:01:39,952 - INFO - Writing overlap_65/FT_TK/FT_TK.report.json
2021-04-04 18:35:05,356 - INFO - Writing log to overlap_65/FT_TK/FT_TK.log
2021-04-04 18:35:05,371 - INFO - References:
 - FT_TK
2021-04-04 18:35:05,371 - INFO - Primary reference for coordinate system: FT_TK
2021-04-04 18:35:05,371 - INFO - Considering primers from all references
2021-04-04 18:35:16,343 - INFO - All done! Scheme created with 15 regions, 5 gaps, 84.89% coverage
2021-04-04 18:35:16,343 - INFO - Writing overlap_65/FT_TK/FT_TK.primer.bed
2021-04-04 18:35:16,346 - INFO - Writing overlap_65/FT_TK/FT_TK.insert.bed
2021-04-04 18:35:16,349 - INFO - Writing overlap_65/FT_TK/FT_TK.primer.tsv
2021-04-04 18:35:16,352 - INFO - Writing overlap_65/FT_TK/FT_TK.reference.fasta
2021-04-04 18:35:16,362 - INFO - Writing overlap_65/FT_TK/FT_TK.plot.pdf
2021-04-04 18:35:16,362 - INFO - Writing overlap_65/FT_TK/FT_TK.plot.svg
2021-04-04 18:35:16,399 - INFO - Writing overlap_65/FT_TK/FT_TK.report.json
