2021-04-03 01:53:17,778 - INFO - Writing log to overlap_65/1DDX5PS1_TK/1DDX5PS1_TK.log
2021-04-03 01:53:17,800 - INFO - References:
 - 1DDX5PS1_TK
2021-04-03 01:53:17,800 - INFO - Primary reference for coordinate system: 1DDX5PS1_TK
2021-04-03 01:53:17,800 - INFO - Considering primers from all references
2021-04-03 01:53:32,110 - INFO - All done! Scheme created with 18 regions, 8 gaps, 83.28% coverage
2021-04-03 01:53:32,110 - INFO - Writing overlap_65/1DDX5PS1_TK/1DDX5PS1_TK.primer.bed
2021-04-03 01:53:32,112 - INFO - Writing overlap_65/1DDX5PS1_TK/1DDX5PS1_TK.insert.bed
2021-04-03 01:53:32,112 - INFO - Writing overlap_65/1DDX5PS1_TK/1DDX5PS1_TK.primer.tsv
2021-04-03 01:53:32,113 - INFO - Writing overlap_65/1DDX5PS1_TK/1DDX5PS1_TK.reference.fasta
2021-04-03 01:53:32,125 - INFO - Writing overlap_65/1DDX5PS1_TK/1DDX5PS1_TK.plot.pdf
2021-04-03 01:53:32,125 - INFO - Writing overlap_65/1DDX5PS1_TK/1DDX5PS1_TK.plot.svg
2021-04-03 01:53:32,168 - INFO - Writing overlap_65/1DDX5PS1_TK/1DDX5PS1_TK.report.json
2021-04-04 18:27:38,120 - INFO - Writing log to overlap_65/1DDX5PS1_TK/1DDX5PS1_TK.log
2021-04-04 18:27:38,137 - INFO - References:
 - 1DDX5PS1_TK
2021-04-04 18:27:38,137 - INFO - Primary reference for coordinate system: 1DDX5PS1_TK
2021-04-04 18:27:38,137 - INFO - Considering primers from all references
2021-04-04 18:27:51,108 - INFO - All done! Scheme created with 18 regions, 8 gaps, 83.28% coverage
2021-04-04 18:27:51,109 - INFO - Writing overlap_65/1DDX5PS1_TK/1DDX5PS1_TK.primer.bed
2021-04-04 18:27:51,111 - INFO - Writing overlap_65/1DDX5PS1_TK/1DDX5PS1_TK.insert.bed
2021-04-04 18:27:51,114 - INFO - Writing overlap_65/1DDX5PS1_TK/1DDX5PS1_TK.primer.tsv
2021-04-04 18:27:51,116 - INFO - Writing overlap_65/1DDX5PS1_TK/1DDX5PS1_TK.reference.fasta
2021-04-04 18:27:51,129 - INFO - Writing overlap_65/1DDX5PS1_TK/1DDX5PS1_TK.plot.pdf
2021-04-04 18:27:51,129 - INFO - Writing overlap_65/1DDX5PS1_TK/1DDX5PS1_TK.plot.svg
2021-04-04 18:27:51,172 - INFO - Writing overlap_65/1DDX5PS1_TK/1DDX5PS1_TK.report.json
