2021-04-03 01:02:24,656 - INFO - Writing log to overlap_45/TCTP2_TK/TCTP2_TK.log
2021-04-03 01:02:24,674 - INFO - References:
 - TCTP2_TK
2021-04-03 01:02:24,674 - INFO - Primary reference for coordinate system: TCTP2_TK
2021-04-03 01:02:24,674 - INFO - Considering primers from all references
2021-04-03 01:02:27,025 - INFO - All done! Scheme created with 3 regions, 1 gap, 58.99% coverage
2021-04-03 01:02:27,025 - INFO - Writing overlap_45/TCTP2_TK/TCTP2_TK.primer.bed
2021-04-03 01:02:27,026 - INFO - Writing overlap_45/TCTP2_TK/TCTP2_TK.insert.bed
2021-04-03 01:02:27,027 - INFO - Writing overlap_45/TCTP2_TK/TCTP2_TK.primer.tsv
2021-04-03 01:02:27,027 - INFO - Writing overlap_45/TCTP2_TK/TCTP2_TK.reference.fasta
2021-04-03 01:02:27,031 - INFO - Writing overlap_45/TCTP2_TK/TCTP2_TK.plot.pdf
2021-04-03 01:02:27,031 - INFO - Writing overlap_45/TCTP2_TK/TCTP2_TK.plot.svg
2021-04-03 01:02:27,049 - INFO - Writing overlap_45/TCTP2_TK/TCTP2_TK.report.json
2021-04-04 17:41:45,318 - INFO - Writing log to overlap_45/TCTP2_TK/TCTP2_TK.log
2021-04-04 17:41:45,422 - INFO - References:
 - TCTP2_TK
2021-04-04 17:41:45,422 - INFO - Primary reference for coordinate system: TCTP2_TK
2021-04-04 17:41:45,422 - INFO - Considering primers from all references
2021-04-04 17:41:47,538 - INFO - All done! Scheme created with 3 regions, 1 gap, 58.99% coverage
2021-04-04 17:41:47,538 - INFO - Writing overlap_45/TCTP2_TK/TCTP2_TK.primer.bed
2021-04-04 17:41:47,546 - INFO - Writing overlap_45/TCTP2_TK/TCTP2_TK.insert.bed
2021-04-04 17:41:47,556 - INFO - Writing overlap_45/TCTP2_TK/TCTP2_TK.primer.tsv
2021-04-04 17:41:47,559 - INFO - Writing overlap_45/TCTP2_TK/TCTP2_TK.reference.fasta
2021-04-04 17:41:47,574 - INFO - Writing overlap_45/TCTP2_TK/TCTP2_TK.plot.pdf
2021-04-04 17:41:47,574 - INFO - Writing overlap_45/TCTP2_TK/TCTP2_TK.plot.svg
2021-04-04 17:41:47,681 - INFO - Writing overlap_45/TCTP2_TK/TCTP2_TK.report.json
