2021-04-03 11:10:16,746 - INFO - Writing log to overlap_75/3H3MCR4_TK/3H3MCR4_TK.log
2021-04-03 11:10:16,773 - INFO - References:
 - 3H3MCR4_TK
2021-04-03 11:10:16,773 - INFO - Primary reference for coordinate system: 3H3MCR4_TK
2021-04-03 11:10:16,773 - INFO - Considering primers from all references
2021-04-03 11:10:20,357 - INFO - All done! Scheme created with 6 regions, 2 gaps, 62.05% coverage
2021-04-03 11:10:20,357 - INFO - Writing overlap_75/3H3MCR4_TK/3H3MCR4_TK.primer.bed
2021-04-03 11:10:20,359 - INFO - Writing overlap_75/3H3MCR4_TK/3H3MCR4_TK.insert.bed
2021-04-03 11:10:20,359 - INFO - Writing overlap_75/3H3MCR4_TK/3H3MCR4_TK.primer.tsv
2021-04-03 11:10:20,360 - INFO - Writing overlap_75/3H3MCR4_TK/3H3MCR4_TK.reference.fasta
2021-04-03 11:10:20,365 - INFO - Writing overlap_75/3H3MCR4_TK/3H3MCR4_TK.plot.pdf
2021-04-03 11:10:20,365 - INFO - Writing overlap_75/3H3MCR4_TK/3H3MCR4_TK.plot.svg
2021-04-03 11:10:20,383 - INFO - Writing overlap_75/3H3MCR4_TK/3H3MCR4_TK.report.json
2021-04-04 18:59:36,480 - INFO - Writing log to overlap_75/3H3MCR4_TK/3H3MCR4_TK.log
2021-04-04 18:59:36,497 - INFO - References:
 - 3H3MCR4_TK
2021-04-04 18:59:36,498 - INFO - Primary reference for coordinate system: 3H3MCR4_TK
2021-04-04 18:59:36,498 - INFO - Considering primers from all references
2021-04-04 18:59:40,426 - INFO - All done! Scheme created with 6 regions, 2 gaps, 62.05% coverage
2021-04-04 18:59:40,426 - INFO - Writing overlap_75/3H3MCR4_TK/3H3MCR4_TK.primer.bed
2021-04-04 18:59:40,431 - INFO - Writing overlap_75/3H3MCR4_TK/3H3MCR4_TK.insert.bed
2021-04-04 18:59:40,434 - INFO - Writing overlap_75/3H3MCR4_TK/3H3MCR4_TK.primer.tsv
2021-04-04 18:59:40,437 - INFO - Writing overlap_75/3H3MCR4_TK/3H3MCR4_TK.reference.fasta
2021-04-04 18:59:40,445 - INFO - Writing overlap_75/3H3MCR4_TK/3H3MCR4_TK.plot.pdf
2021-04-04 18:59:40,445 - INFO - Writing overlap_75/3H3MCR4_TK/3H3MCR4_TK.plot.svg
2021-04-04 18:59:40,471 - INFO - Writing overlap_75/3H3MCR4_TK/3H3MCR4_TK.report.json
