2021-04-03 01:35:23,469 - INFO - Writing log to overlap_55/SRPP4_TK/SRPP4_TK.log
2021-04-03 01:35:23,478 - INFO - References:
 - SRPP4_TK
2021-04-03 01:35:23,478 - INFO - Primary reference for coordinate system: SRPP4_TK
2021-04-03 01:35:23,478 - INFO - Considering primers from all references
2021-04-03 01:35:31,563 - INFO - All done! Scheme created with 10 regions, 4 gaps, 84.08% coverage
2021-04-03 01:35:31,563 - INFO - Writing overlap_55/SRPP4_TK/SRPP4_TK.primer.bed
2021-04-03 01:35:31,565 - INFO - Writing overlap_55/SRPP4_TK/SRPP4_TK.insert.bed
2021-04-03 01:35:31,566 - INFO - Writing overlap_55/SRPP4_TK/SRPP4_TK.primer.tsv
2021-04-03 01:35:31,567 - INFO - Writing overlap_55/SRPP4_TK/SRPP4_TK.reference.fasta
2021-04-03 01:35:31,574 - INFO - Writing overlap_55/SRPP4_TK/SRPP4_TK.plot.pdf
2021-04-03 01:35:31,574 - INFO - Writing overlap_55/SRPP4_TK/SRPP4_TK.plot.svg
2021-04-03 01:35:31,603 - INFO - Writing overlap_55/SRPP4_TK/SRPP4_TK.report.json
2021-04-04 18:11:34,903 - INFO - Writing log to overlap_55/SRPP4_TK/SRPP4_TK.log
2021-04-04 18:11:34,919 - INFO - References:
 - SRPP4_TK
2021-04-04 18:11:34,920 - INFO - Primary reference for coordinate system: SRPP4_TK
2021-04-04 18:11:34,920 - INFO - Considering primers from all references
2021-04-04 18:11:42,162 - INFO - All done! Scheme created with 10 regions, 4 gaps, 84.08% coverage
2021-04-04 18:11:42,162 - INFO - Writing overlap_55/SRPP4_TK/SRPP4_TK.primer.bed
2021-04-04 18:11:42,165 - INFO - Writing overlap_55/SRPP4_TK/SRPP4_TK.insert.bed
2021-04-04 18:11:42,168 - INFO - Writing overlap_55/SRPP4_TK/SRPP4_TK.primer.tsv
2021-04-04 18:11:42,170 - INFO - Writing overlap_55/SRPP4_TK/SRPP4_TK.reference.fasta
2021-04-04 18:11:42,179 - INFO - Writing overlap_55/SRPP4_TK/SRPP4_TK.plot.pdf
2021-04-04 18:11:42,179 - INFO - Writing overlap_55/SRPP4_TK/SRPP4_TK.plot.svg
2021-04-04 18:11:42,209 - INFO - Writing overlap_55/SRPP4_TK/SRPP4_TK.report.json
