2021-04-03 01:19:17,914 - INFO - Writing log to overlap_50/VPE_TK/VPE_TK.log
2021-04-03 01:19:17,924 - INFO - References:
 - VPE_TK
2021-04-03 01:19:17,925 - INFO - Primary reference for coordinate system: VPE_TK
2021-04-03 01:19:17,925 - INFO - Considering primers from all references
2021-04-03 01:19:39,887 - INFO - All done! Scheme created with 19 regions, 7 gaps, 82.77% coverage
2021-04-03 01:19:39,888 - INFO - Writing overlap_50/VPE_TK/VPE_TK.primer.bed
2021-04-03 01:19:39,889 - INFO - Writing overlap_50/VPE_TK/VPE_TK.insert.bed
2021-04-03 01:19:39,890 - INFO - Writing overlap_50/VPE_TK/VPE_TK.primer.tsv
2021-04-03 01:19:39,891 - INFO - Writing overlap_50/VPE_TK/VPE_TK.reference.fasta
2021-04-03 01:19:39,903 - INFO - Writing overlap_50/VPE_TK/VPE_TK.plot.pdf
2021-04-03 01:19:39,903 - INFO - Writing overlap_50/VPE_TK/VPE_TK.plot.svg
2021-04-03 01:19:39,950 - INFO - Writing overlap_50/VPE_TK/VPE_TK.report.json
2021-04-04 17:57:09,106 - INFO - Writing log to overlap_50/VPE_TK/VPE_TK.log
2021-04-04 17:57:09,135 - INFO - References:
 - VPE_TK
2021-04-04 17:57:09,136 - INFO - Primary reference for coordinate system: VPE_TK
2021-04-04 17:57:09,136 - INFO - Considering primers from all references
2021-04-04 17:57:28,931 - INFO - All done! Scheme created with 19 regions, 7 gaps, 82.77% coverage
2021-04-04 17:57:28,931 - INFO - Writing overlap_50/VPE_TK/VPE_TK.primer.bed
2021-04-04 17:57:28,934 - INFO - Writing overlap_50/VPE_TK/VPE_TK.insert.bed
2021-04-04 17:57:28,936 - INFO - Writing overlap_50/VPE_TK/VPE_TK.primer.tsv
2021-04-04 17:57:28,939 - INFO - Writing overlap_50/VPE_TK/VPE_TK.reference.fasta
2021-04-04 17:57:28,951 - INFO - Writing overlap_50/VPE_TK/VPE_TK.plot.pdf
2021-04-04 17:57:28,951 - INFO - Writing overlap_50/VPE_TK/VPE_TK.plot.svg
2021-04-04 17:57:28,995 - INFO - Writing overlap_50/VPE_TK/VPE_TK.report.json
