2021-04-03 02:08:48,115 - INFO - Writing log to overlap_65/SRRP2_TK/SRRP2_TK.log
2021-04-03 02:08:48,123 - INFO - References:
 - SRRP2_TK
2021-04-03 02:08:48,123 - INFO - Primary reference for coordinate system: SRRP2_TK
2021-04-03 02:08:48,123 - INFO - Considering primers from all references
2021-04-03 02:08:52,684 - INFO - All done! Scheme created with 6 regions, 2 gaps, 77.49% coverage
2021-04-03 02:08:52,684 - INFO - Writing overlap_65/SRRP2_TK/SRRP2_TK.primer.bed
2021-04-03 02:08:52,685 - INFO - Writing overlap_65/SRRP2_TK/SRRP2_TK.insert.bed
2021-04-03 02:08:52,686 - INFO - Writing overlap_65/SRRP2_TK/SRRP2_TK.primer.tsv
2021-04-03 02:08:52,687 - INFO - Writing overlap_65/SRRP2_TK/SRRP2_TK.reference.fasta
2021-04-03 02:08:52,693 - INFO - Writing overlap_65/SRRP2_TK/SRRP2_TK.plot.pdf
2021-04-03 02:08:52,693 - INFO - Writing overlap_65/SRRP2_TK/SRRP2_TK.plot.svg
2021-04-03 02:08:52,716 - INFO - Writing overlap_65/SRRP2_TK/SRRP2_TK.report.json
2021-04-04 18:41:46,508 - INFO - Writing log to overlap_65/SRRP2_TK/SRRP2_TK.log
2021-04-04 18:41:46,536 - INFO - References:
 - SRRP2_TK
2021-04-04 18:41:46,536 - INFO - Primary reference for coordinate system: SRRP2_TK
2021-04-04 18:41:46,536 - INFO - Considering primers from all references
2021-04-04 18:41:50,717 - INFO - All done! Scheme created with 6 regions, 2 gaps, 77.49% coverage
2021-04-04 18:41:50,717 - INFO - Writing overlap_65/SRRP2_TK/SRRP2_TK.primer.bed
2021-04-04 18:41:50,720 - INFO - Writing overlap_65/SRRP2_TK/SRRP2_TK.insert.bed
2021-04-04 18:41:50,722 - INFO - Writing overlap_65/SRRP2_TK/SRRP2_TK.primer.tsv
2021-04-04 18:41:50,725 - INFO - Writing overlap_65/SRRP2_TK/SRRP2_TK.reference.fasta
2021-04-04 18:41:50,732 - INFO - Writing overlap_65/SRRP2_TK/SRRP2_TK.plot.pdf
2021-04-04 18:41:50,732 - INFO - Writing overlap_65/SRRP2_TK/SRRP2_TK.plot.svg
2021-04-04 18:41:50,756 - INFO - Writing overlap_65/SRRP2_TK/SRRP2_TK.report.json
