2021-04-03 01:42:10,632 - INFO - Writing log to overlap_60/CPIP_TK/CPIP_TK.log
2021-04-03 01:42:10,640 - INFO - References:
 - CPIP_TK
2021-04-03 01:42:10,641 - INFO - Primary reference for coordinate system: CPIP_TK
2021-04-03 01:42:10,641 - INFO - Considering primers from all references
2021-04-03 01:42:15,424 - INFO - All done! Scheme created with 6 regions, 2 gaps, 63.22% coverage
2021-04-03 01:42:15,424 - INFO - Writing overlap_60/CPIP_TK/CPIP_TK.primer.bed
2021-04-03 01:42:15,425 - INFO - Writing overlap_60/CPIP_TK/CPIP_TK.insert.bed
2021-04-03 01:42:15,426 - INFO - Writing overlap_60/CPIP_TK/CPIP_TK.primer.tsv
2021-04-03 01:42:15,427 - INFO - Writing overlap_60/CPIP_TK/CPIP_TK.reference.fasta
2021-04-03 01:42:15,432 - INFO - Writing overlap_60/CPIP_TK/CPIP_TK.plot.pdf
2021-04-03 01:42:15,432 - INFO - Writing overlap_60/CPIP_TK/CPIP_TK.plot.svg
2021-04-03 01:42:15,456 - INFO - Writing overlap_60/CPIP_TK/CPIP_TK.report.json
2021-04-04 18:17:38,471 - INFO - Writing log to overlap_60/CPIP_TK/CPIP_TK.log
2021-04-04 18:17:38,489 - INFO - References:
 - CPIP_TK
2021-04-04 18:17:38,489 - INFO - Primary reference for coordinate system: CPIP_TK
2021-04-04 18:17:38,489 - INFO - Considering primers from all references
2021-04-04 18:17:42,851 - INFO - All done! Scheme created with 6 regions, 2 gaps, 63.22% coverage
2021-04-04 18:17:42,852 - INFO - Writing overlap_60/CPIP_TK/CPIP_TK.primer.bed
2021-04-04 18:17:42,855 - INFO - Writing overlap_60/CPIP_TK/CPIP_TK.insert.bed
2021-04-04 18:17:42,857 - INFO - Writing overlap_60/CPIP_TK/CPIP_TK.primer.tsv
2021-04-04 18:17:42,859 - INFO - Writing overlap_60/CPIP_TK/CPIP_TK.reference.fasta
2021-04-04 18:17:42,867 - INFO - Writing overlap_60/CPIP_TK/CPIP_TK.plot.pdf
2021-04-04 18:17:42,867 - INFO - Writing overlap_60/CPIP_TK/CPIP_TK.plot.svg
2021-04-04 18:17:42,892 - INFO - Writing overlap_60/CPIP_TK/CPIP_TK.report.json
