2020-12-01 05:20:11,914 - INFO - Writing log to overlap_50/4H3M2EDPR2_TK/4H3M2EDPR2_TK.log
2020-12-01 05:20:11,936 - INFO - References:
 - 4H3M2EDPR2_TK
2020-12-01 05:20:11,936 - INFO - Primary reference for coordinate system: 4H3M2EDPR2_TK
2020-12-01 05:20:11,936 - INFO - Considering primers from all references
2020-12-01 05:20:12,535 - INFO - All done! Scheme created with 7 regions, 2 gaps, 65.25% coverage
2020-12-01 05:20:12,536 - INFO - Writing overlap_50/4H3M2EDPR2_TK/4H3M2EDPR2_TK.primer.bed
2020-12-01 05:20:12,536 - INFO - Writing overlap_50/4H3M2EDPR2_TK/4H3M2EDPR2_TK.insert.bed
2020-12-01 05:20:12,537 - INFO - Writing overlap_50/4H3M2EDPR2_TK/4H3M2EDPR2_TK.primer.tsv
2020-12-01 05:20:12,538 - INFO - Writing overlap_50/4H3M2EDPR2_TK/4H3M2EDPR2_TK.reference.fasta
2020-12-01 05:20:12,543 - INFO - Writing overlap_50/4H3M2EDPR2_TK/4H3M2EDPR2_TK.plot.pdf
2020-12-01 05:20:12,543 - INFO - Writing overlap_50/4H3M2EDPR2_TK/4H3M2EDPR2_TK.plot.svg
2020-12-01 05:20:12,563 - INFO - Writing overlap_50/4H3M2EDPR2_TK/4H3M2EDPR2_TK.report.json
2021-04-03 01:06:01,614 - INFO - Writing log to overlap_50/4H3M2EDPR2_TK/4H3M2EDPR2_TK.log
2021-04-03 01:06:01,636 - INFO - References:
 - 4H3M2EDPR2_TK
2021-04-03 01:06:01,637 - INFO - Primary reference for coordinate system: 4H3M2EDPR2_TK
2021-04-03 01:06:01,637 - INFO - Considering primers from all references
2021-04-03 01:06:04,899 - INFO - All done! Scheme created with 4 regions, 1 gap, 57.8% coverage
2021-04-03 01:06:04,899 - INFO - Writing overlap_50/4H3M2EDPR2_TK/4H3M2EDPR2_TK.primer.bed
2021-04-03 01:06:04,905 - INFO - Writing overlap_50/4H3M2EDPR2_TK/4H3M2EDPR2_TK.insert.bed
2021-04-03 01:06:04,908 - INFO - Writing overlap_50/4H3M2EDPR2_TK/4H3M2EDPR2_TK.primer.tsv
2021-04-03 01:06:04,912 - INFO - Writing overlap_50/4H3M2EDPR2_TK/4H3M2EDPR2_TK.reference.fasta
2021-04-03 01:06:04,919 - INFO - Writing overlap_50/4H3M2EDPR2_TK/4H3M2EDPR2_TK.plot.pdf
2021-04-03 01:06:04,919 - INFO - Writing overlap_50/4H3M2EDPR2_TK/4H3M2EDPR2_TK.plot.svg
2021-04-03 01:06:04,974 - INFO - Writing overlap_50/4H3M2EDPR2_TK/4H3M2EDPR2_TK.report.json
2021-04-04 17:45:15,862 - INFO - Writing log to overlap_50/4H3M2EDPR2_TK/4H3M2EDPR2_TK.log
2021-04-04 17:45:15,892 - INFO - References:
 - 4H3M2EDPR2_TK
2021-04-04 17:45:15,892 - INFO - Primary reference for coordinate system: 4H3M2EDPR2_TK
2021-04-04 17:45:15,892 - INFO - Considering primers from all references
2021-04-04 17:45:18,835 - INFO - All done! Scheme created with 4 regions, 1 gap, 57.8% coverage
2021-04-04 17:45:18,835 - INFO - Writing overlap_50/4H3M2EDPR2_TK/4H3M2EDPR2_TK.primer.bed
2021-04-04 17:45:18,838 - INFO - Writing overlap_50/4H3M2EDPR2_TK/4H3M2EDPR2_TK.insert.bed
2021-04-04 17:45:18,841 - INFO - Writing overlap_50/4H3M2EDPR2_TK/4H3M2EDPR2_TK.primer.tsv
2021-04-04 17:45:18,843 - INFO - Writing overlap_50/4H3M2EDPR2_TK/4H3M2EDPR2_TK.reference.fasta
2021-04-04 17:45:18,849 - INFO - Writing overlap_50/4H3M2EDPR2_TK/4H3M2EDPR2_TK.plot.pdf
2021-04-04 17:45:18,849 - INFO - Writing overlap_50/4H3M2EDPR2_TK/4H3M2EDPR2_TK.plot.svg
2021-04-04 17:45:18,887 - INFO - Writing overlap_50/4H3M2EDPR2_TK/4H3M2EDPR2_TK.report.json
