2021-04-03 11:11:34,782 - INFO - Writing log to overlap_75/ALS_TK/ALS_TK.log
2021-04-03 11:11:34,801 - INFO - References:
 - ALS_TK
2021-04-03 11:11:34,801 - INFO - Primary reference for coordinate system: ALS_TK
2021-04-03 11:11:34,802 - INFO - Considering primers from all references
2021-04-03 11:12:15,688 - INFO - All done! Scheme created with 58 regions, 22 gaps, 88.83% coverage
2021-04-03 11:12:15,688 - INFO - Writing overlap_75/ALS_TK/ALS_TK.primer.bed
2021-04-03 11:12:15,689 - INFO - Writing overlap_75/ALS_TK/ALS_TK.insert.bed
2021-04-03 11:12:15,690 - INFO - Writing overlap_75/ALS_TK/ALS_TK.primer.tsv
2021-04-03 11:12:15,691 - INFO - Writing overlap_75/ALS_TK/ALS_TK.reference.fasta
2021-04-03 11:12:15,717 - INFO - Writing overlap_75/ALS_TK/ALS_TK.plot.pdf
2021-04-03 11:12:15,717 - INFO - Writing overlap_75/ALS_TK/ALS_TK.plot.svg
2021-04-03 11:12:15,809 - INFO - Writing overlap_75/ALS_TK/ALS_TK.report.json
2021-04-04 19:01:06,727 - INFO - Writing log to overlap_75/ALS_TK/ALS_TK.log
2021-04-04 19:01:06,750 - INFO - References:
 - ALS_TK
2021-04-04 19:01:06,750 - INFO - Primary reference for coordinate system: ALS_TK
2021-04-04 19:01:06,750 - INFO - Considering primers from all references
2021-04-04 19:01:52,180 - INFO - All done! Scheme created with 58 regions, 22 gaps, 88.83% coverage
2021-04-04 19:01:52,181 - INFO - Writing overlap_75/ALS_TK/ALS_TK.primer.bed
2021-04-04 19:01:52,184 - INFO - Writing overlap_75/ALS_TK/ALS_TK.insert.bed
2021-04-04 19:01:52,186 - INFO - Writing overlap_75/ALS_TK/ALS_TK.primer.tsv
2021-04-04 19:01:52,189 - INFO - Writing overlap_75/ALS_TK/ALS_TK.reference.fasta
2021-04-04 19:01:52,220 - INFO - Writing overlap_75/ALS_TK/ALS_TK.plot.pdf
2021-04-04 19:01:52,220 - INFO - Writing overlap_75/ALS_TK/ALS_TK.plot.svg
2021-04-04 19:01:52,325 - INFO - Writing overlap_75/ALS_TK/ALS_TK.report.json
