2021-04-03 01:42:04,682 - INFO - Writing log to overlap_60/CO_TK/CO_TK.log
2021-04-03 01:42:04,690 - INFO - References:
 - CO_TK
2021-04-03 01:42:04,690 - INFO - Primary reference for coordinate system: CO_TK
2021-04-03 01:42:04,690 - INFO - Considering primers from all references
2021-04-03 01:42:10,015 - INFO - All done! Scheme created with 7 regions, 3 gaps, 79.31% coverage
2021-04-03 01:42:10,015 - INFO - Writing overlap_60/CO_TK/CO_TK.primer.bed
2021-04-03 01:42:10,016 - INFO - Writing overlap_60/CO_TK/CO_TK.insert.bed
2021-04-03 01:42:10,016 - INFO - Writing overlap_60/CO_TK/CO_TK.primer.tsv
2021-04-03 01:42:10,017 - INFO - Writing overlap_60/CO_TK/CO_TK.reference.fasta
2021-04-03 01:42:10,023 - INFO - Writing overlap_60/CO_TK/CO_TK.plot.pdf
2021-04-03 01:42:10,023 - INFO - Writing overlap_60/CO_TK/CO_TK.plot.svg
2021-04-03 01:42:10,047 - INFO - Writing overlap_60/CO_TK/CO_TK.report.json
2021-04-04 18:17:33,035 - INFO - Writing log to overlap_60/CO_TK/CO_TK.log
2021-04-04 18:17:33,076 - INFO - References:
 - CO_TK
2021-04-04 18:17:33,076 - INFO - Primary reference for coordinate system: CO_TK
2021-04-04 18:17:33,076 - INFO - Considering primers from all references
2021-04-04 18:17:37,983 - INFO - All done! Scheme created with 7 regions, 3 gaps, 79.31% coverage
2021-04-04 18:17:37,983 - INFO - Writing overlap_60/CO_TK/CO_TK.primer.bed
2021-04-04 18:17:37,987 - INFO - Writing overlap_60/CO_TK/CO_TK.insert.bed
2021-04-04 18:17:37,989 - INFO - Writing overlap_60/CO_TK/CO_TK.primer.tsv
2021-04-04 18:17:37,992 - INFO - Writing overlap_60/CO_TK/CO_TK.reference.fasta
2021-04-04 18:17:37,999 - INFO - Writing overlap_60/CO_TK/CO_TK.plot.pdf
2021-04-04 18:17:37,999 - INFO - Writing overlap_60/CO_TK/CO_TK.plot.svg
2021-04-04 18:17:38,024 - INFO - Writing overlap_60/CO_TK/CO_TK.report.json
