2021-04-03 02:08:26,609 - INFO - Writing log to overlap_65/SRPP3_TK/SRPP3_TK.log
2021-04-03 02:08:26,617 - INFO - References:
 - SRPP3_TK
2021-04-03 02:08:26,618 - INFO - Primary reference for coordinate system: SRPP3_TK
2021-04-03 02:08:26,618 - INFO - Considering primers from all references
2021-04-03 02:08:30,450 - INFO - All done! Scheme created with 5 regions, 1 gap, 73.15% coverage
2021-04-03 02:08:30,451 - INFO - Writing overlap_65/SRPP3_TK/SRPP3_TK.primer.bed
2021-04-03 02:08:30,452 - INFO - Writing overlap_65/SRPP3_TK/SRPP3_TK.insert.bed
2021-04-03 02:08:30,453 - INFO - Writing overlap_65/SRPP3_TK/SRPP3_TK.primer.tsv
2021-04-03 02:08:30,454 - INFO - Writing overlap_65/SRPP3_TK/SRPP3_TK.reference.fasta
2021-04-03 02:08:30,460 - INFO - Writing overlap_65/SRPP3_TK/SRPP3_TK.plot.pdf
2021-04-03 02:08:30,460 - INFO - Writing overlap_65/SRPP3_TK/SRPP3_TK.plot.svg
2021-04-03 02:08:30,482 - INFO - Writing overlap_65/SRPP3_TK/SRPP3_TK.report.json
2021-04-04 18:41:27,067 - INFO - Writing log to overlap_65/SRPP3_TK/SRPP3_TK.log
2021-04-04 18:41:27,083 - INFO - References:
 - SRPP3_TK
2021-04-04 18:41:27,083 - INFO - Primary reference for coordinate system: SRPP3_TK
2021-04-04 18:41:27,083 - INFO - Considering primers from all references
2021-04-04 18:41:30,616 - INFO - All done! Scheme created with 5 regions, 1 gap, 73.15% coverage
2021-04-04 18:41:30,616 - INFO - Writing overlap_65/SRPP3_TK/SRPP3_TK.primer.bed
2021-04-04 18:41:30,619 - INFO - Writing overlap_65/SRPP3_TK/SRPP3_TK.insert.bed
2021-04-04 18:41:30,621 - INFO - Writing overlap_65/SRPP3_TK/SRPP3_TK.primer.tsv
2021-04-04 18:41:30,623 - INFO - Writing overlap_65/SRPP3_TK/SRPP3_TK.reference.fasta
2021-04-04 18:41:30,630 - INFO - Writing overlap_65/SRPP3_TK/SRPP3_TK.plot.pdf
2021-04-04 18:41:30,630 - INFO - Writing overlap_65/SRPP3_TK/SRPP3_TK.plot.svg
2021-04-04 18:41:30,652 - INFO - Writing overlap_65/SRPP3_TK/SRPP3_TK.report.json
