2021-04-03 01:26:54,765 - INFO - Writing log to overlap_55/EH_TK/EH_TK.log
2021-04-03 01:26:54,784 - INFO - References:
 - EH_TK
2021-04-03 01:26:54,784 - INFO - Primary reference for coordinate system: EH_TK
2021-04-03 01:26:54,785 - INFO - Considering primers from all references
2021-04-03 01:26:58,660 - INFO - All done! Scheme created with 5 regions, 1 gap, 68.84% coverage
2021-04-03 01:26:58,661 - INFO - Writing overlap_55/EH_TK/EH_TK.primer.bed
2021-04-03 01:26:58,662 - INFO - Writing overlap_55/EH_TK/EH_TK.insert.bed
2021-04-03 01:26:58,662 - INFO - Writing overlap_55/EH_TK/EH_TK.primer.tsv
2021-04-03 01:26:58,663 - INFO - Writing overlap_55/EH_TK/EH_TK.reference.fasta
2021-04-03 01:26:58,668 - INFO - Writing overlap_55/EH_TK/EH_TK.plot.pdf
2021-04-03 01:26:58,668 - INFO - Writing overlap_55/EH_TK/EH_TK.plot.svg
2021-04-03 01:26:58,690 - INFO - Writing overlap_55/EH_TK/EH_TK.report.json
2021-04-04 18:03:57,776 - INFO - Writing log to overlap_55/EH_TK/EH_TK.log
2021-04-04 18:03:57,796 - INFO - References:
 - EH_TK
2021-04-04 18:03:57,796 - INFO - Primary reference for coordinate system: EH_TK
2021-04-04 18:03:57,796 - INFO - Considering primers from all references
2021-04-04 18:04:01,249 - INFO - All done! Scheme created with 5 regions, 1 gap, 68.84% coverage
2021-04-04 18:04:01,249 - INFO - Writing overlap_55/EH_TK/EH_TK.primer.bed
2021-04-04 18:04:01,252 - INFO - Writing overlap_55/EH_TK/EH_TK.insert.bed
2021-04-04 18:04:01,255 - INFO - Writing overlap_55/EH_TK/EH_TK.primer.tsv
2021-04-04 18:04:01,258 - INFO - Writing overlap_55/EH_TK/EH_TK.reference.fasta
2021-04-04 18:04:01,264 - INFO - Writing overlap_55/EH_TK/EH_TK.plot.pdf
2021-04-04 18:04:01,264 - INFO - Writing overlap_55/EH_TK/EH_TK.plot.svg
2021-04-04 18:04:01,287 - INFO - Writing overlap_55/EH_TK/EH_TK.report.json
