2021-04-03 01:51:04,485 - INFO - Writing log to overlap_60/SQE2_TK/SQE2_TK.log
2021-04-03 01:51:04,494 - INFO - References:
 - SQE2_TK
2021-04-03 01:51:04,494 - INFO - Primary reference for coordinate system: SQE2_TK
2021-04-03 01:51:04,494 - INFO - Considering primers from all references
2021-04-03 01:51:14,636 - INFO - All done! Scheme created with 13 regions, 5 gaps, 89.38% coverage
2021-04-03 01:51:14,636 - INFO - Writing overlap_60/SQE2_TK/SQE2_TK.primer.bed
2021-04-03 01:51:14,638 - INFO - Writing overlap_60/SQE2_TK/SQE2_TK.insert.bed
2021-04-03 01:51:14,639 - INFO - Writing overlap_60/SQE2_TK/SQE2_TK.primer.tsv
2021-04-03 01:51:14,640 - INFO - Writing overlap_60/SQE2_TK/SQE2_TK.reference.fasta
2021-04-03 01:51:14,649 - INFO - Writing overlap_60/SQE2_TK/SQE2_TK.plot.pdf
2021-04-03 01:51:14,649 - INFO - Writing overlap_60/SQE2_TK/SQE2_TK.plot.svg
2021-04-03 01:51:14,682 - INFO - Writing overlap_60/SQE2_TK/SQE2_TK.report.json
2021-04-04 18:25:37,059 - INFO - Writing log to overlap_60/SQE2_TK/SQE2_TK.log
2021-04-04 18:25:37,121 - INFO - References:
 - SQE2_TK
2021-04-04 18:25:37,121 - INFO - Primary reference for coordinate system: SQE2_TK
2021-04-04 18:25:37,121 - INFO - Considering primers from all references
2021-04-04 18:25:46,318 - INFO - All done! Scheme created with 13 regions, 5 gaps, 89.38% coverage
2021-04-04 18:25:46,319 - INFO - Writing overlap_60/SQE2_TK/SQE2_TK.primer.bed
2021-04-04 18:25:46,322 - INFO - Writing overlap_60/SQE2_TK/SQE2_TK.insert.bed
2021-04-04 18:25:46,324 - INFO - Writing overlap_60/SQE2_TK/SQE2_TK.primer.tsv
2021-04-04 18:25:46,326 - INFO - Writing overlap_60/SQE2_TK/SQE2_TK.reference.fasta
2021-04-04 18:25:46,336 - INFO - Writing overlap_60/SQE2_TK/SQE2_TK.plot.pdf
2021-04-04 18:25:46,336 - INFO - Writing overlap_60/SQE2_TK/SQE2_TK.plot.svg
2021-04-04 18:25:46,369 - INFO - Writing overlap_60/SQE2_TK/SQE2_TK.report.json
