2021-04-03 02:02:39,739 - INFO - Writing log to overlap_65/MLP28_TK/MLP28_TK.log
2021-04-03 02:02:39,747 - INFO - References:
 - MLP28_TK
2021-04-03 02:02:39,747 - INFO - Primary reference for coordinate system: MLP28_TK
2021-04-03 02:02:39,747 - INFO - Considering primers from all references
2021-04-03 02:02:41,973 - INFO - All done! Scheme created with 3 regions, 0 gaps, 73.47% coverage
2021-04-03 02:02:41,973 - INFO - Writing overlap_65/MLP28_TK/MLP28_TK.primer.bed
2021-04-03 02:02:41,974 - INFO - Writing overlap_65/MLP28_TK/MLP28_TK.insert.bed
2021-04-03 02:02:41,975 - INFO - Writing overlap_65/MLP28_TK/MLP28_TK.primer.tsv
2021-04-03 02:02:41,976 - INFO - Writing overlap_65/MLP28_TK/MLP28_TK.reference.fasta
2021-04-03 02:02:41,980 - INFO - Writing overlap_65/MLP28_TK/MLP28_TK.plot.pdf
2021-04-03 02:02:41,981 - INFO - Writing overlap_65/MLP28_TK/MLP28_TK.plot.svg
2021-04-03 02:02:41,998 - INFO - Writing overlap_65/MLP28_TK/MLP28_TK.report.json
2021-04-04 18:36:10,773 - INFO - Writing log to overlap_65/MLP28_TK/MLP28_TK.log
2021-04-04 18:36:10,794 - INFO - References:
 - MLP28_TK
2021-04-04 18:36:10,794 - INFO - Primary reference for coordinate system: MLP28_TK
2021-04-04 18:36:10,794 - INFO - Considering primers from all references
2021-04-04 18:36:12,871 - INFO - All done! Scheme created with 3 regions, 0 gaps, 73.47% coverage
2021-04-04 18:36:12,871 - INFO - Writing overlap_65/MLP28_TK/MLP28_TK.primer.bed
2021-04-04 18:36:12,874 - INFO - Writing overlap_65/MLP28_TK/MLP28_TK.insert.bed
2021-04-04 18:36:12,876 - INFO - Writing overlap_65/MLP28_TK/MLP28_TK.primer.tsv
2021-04-04 18:36:12,879 - INFO - Writing overlap_65/MLP28_TK/MLP28_TK.reference.fasta
2021-04-04 18:36:12,884 - INFO - Writing overlap_65/MLP28_TK/MLP28_TK.plot.pdf
2021-04-04 18:36:12,884 - INFO - Writing overlap_65/MLP28_TK/MLP28_TK.plot.svg
2021-04-04 18:36:12,903 - INFO - Writing overlap_65/MLP28_TK/MLP28_TK.report.json
