2021-04-03 02:08:42,448 - INFO - Writing log to overlap_65/SRPP6_TK/SRPP6_TK.log
2021-04-03 02:08:42,456 - INFO - References:
 - SRPP6_TK
2021-04-03 02:08:42,457 - INFO - Primary reference for coordinate system: SRPP6_TK
2021-04-03 02:08:42,457 - INFO - Considering primers from all references
2021-04-03 02:08:45,389 - INFO - All done! Scheme created with 4 regions, 1 gap, 61.05% coverage
2021-04-03 02:08:45,389 - INFO - Writing overlap_65/SRPP6_TK/SRPP6_TK.primer.bed
2021-04-03 02:08:45,390 - INFO - Writing overlap_65/SRPP6_TK/SRPP6_TK.insert.bed
2021-04-03 02:08:45,391 - INFO - Writing overlap_65/SRPP6_TK/SRPP6_TK.primer.tsv
2021-04-03 02:08:45,392 - INFO - Writing overlap_65/SRPP6_TK/SRPP6_TK.reference.fasta
2021-04-03 02:08:45,396 - INFO - Writing overlap_65/SRPP6_TK/SRPP6_TK.plot.pdf
2021-04-03 02:08:45,397 - INFO - Writing overlap_65/SRPP6_TK/SRPP6_TK.plot.svg
2021-04-03 02:08:45,453 - INFO - Writing overlap_65/SRPP6_TK/SRPP6_TK.report.json
2021-04-04 18:41:41,412 - INFO - Writing log to overlap_65/SRPP6_TK/SRPP6_TK.log
2021-04-04 18:41:41,433 - INFO - References:
 - SRPP6_TK
2021-04-04 18:41:41,433 - INFO - Primary reference for coordinate system: SRPP6_TK
2021-04-04 18:41:41,433 - INFO - Considering primers from all references
2021-04-04 18:41:44,135 - INFO - All done! Scheme created with 4 regions, 1 gap, 61.05% coverage
2021-04-04 18:41:44,135 - INFO - Writing overlap_65/SRPP6_TK/SRPP6_TK.primer.bed
2021-04-04 18:41:44,138 - INFO - Writing overlap_65/SRPP6_TK/SRPP6_TK.insert.bed
2021-04-04 18:41:44,140 - INFO - Writing overlap_65/SRPP6_TK/SRPP6_TK.primer.tsv
2021-04-04 18:41:44,143 - INFO - Writing overlap_65/SRPP6_TK/SRPP6_TK.reference.fasta
2021-04-04 18:41:44,148 - INFO - Writing overlap_65/SRPP6_TK/SRPP6_TK.plot.pdf
2021-04-04 18:41:44,148 - INFO - Writing overlap_65/SRPP6_TK/SRPP6_TK.plot.svg
2021-04-04 18:41:44,190 - INFO - Writing overlap_65/SRPP6_TK/SRPP6_TK.report.json
