2020-12-01 05:22:26,740 - INFO - Writing log to overlap_60/cluster_GGDPS_TK/cluster_GGDPS_TK.log
2020-12-01 05:22:26,746 - INFO - References:
 - GGDPS1_TK
 - GGDPS2_TK
2020-12-01 05:22:26,746 - INFO - Primary reference for coordinate system: GGDPS1_TK
2020-12-01 05:22:26,746 - INFO - Considering primers from all references
2020-12-01 05:22:26,751 - INFO - Excluding reference GGDPS2_TK: unable to align.
2020-12-01 05:22:27,400 - INFO - All done! Scheme created with 10 regions, 3 gaps, 69.67% coverage
2020-12-01 05:22:27,400 - INFO - Writing overlap_60/cluster_GGDPS_TK/cluster_GGDPS_TK.primer.bed
2020-12-01 05:22:27,407 - INFO - Writing overlap_60/cluster_GGDPS_TK/cluster_GGDPS_TK.insert.bed
2020-12-01 05:22:27,408 - INFO - Writing overlap_60/cluster_GGDPS_TK/cluster_GGDPS_TK.primer.tsv
2020-12-01 05:22:27,409 - INFO - Writing overlap_60/cluster_GGDPS_TK/cluster_GGDPS_TK.reference.fasta
2020-12-01 05:22:27,414 - INFO - Writing overlap_60/cluster_GGDPS_TK/cluster_GGDPS_TK.plot.pdf
2020-12-01 05:22:27,414 - INFO - Writing overlap_60/cluster_GGDPS_TK/cluster_GGDPS_TK.plot.svg
2020-12-01 05:22:27,435 - INFO - Writing overlap_60/cluster_GGDPS_TK/cluster_GGDPS_TK.report.json
2021-04-03 01:41:59,510 - INFO - Writing log to overlap_60/cluster_GGDPS_TK/cluster_GGDPS_TK.log
2021-04-03 01:41:59,532 - INFO - References:
 - GGDPS1_TK
 - GGDPS2_TK
2021-04-03 01:41:59,532 - INFO - Primary reference for coordinate system: GGDPS1_TK
2021-04-03 01:41:59,532 - INFO - Considering primers from all references
2021-04-03 01:41:59,537 - INFO - Excluding reference GGDPS2_TK: unable to align.
2021-04-03 01:42:04,037 - INFO - All done! Scheme created with 6 regions, 2 gaps, 81.14% coverage
2021-04-03 01:42:04,037 - INFO - Writing overlap_60/cluster_GGDPS_TK/cluster_GGDPS_TK.primer.bed
2021-04-03 01:42:04,041 - INFO - Writing overlap_60/cluster_GGDPS_TK/cluster_GGDPS_TK.insert.bed
2021-04-03 01:42:04,045 - INFO - Writing overlap_60/cluster_GGDPS_TK/cluster_GGDPS_TK.primer.tsv
2021-04-03 01:42:04,050 - INFO - Writing overlap_60/cluster_GGDPS_TK/cluster_GGDPS_TK.reference.fasta
2021-04-03 01:42:04,058 - INFO - Writing overlap_60/cluster_GGDPS_TK/cluster_GGDPS_TK.plot.pdf
2021-04-03 01:42:04,058 - INFO - Writing overlap_60/cluster_GGDPS_TK/cluster_GGDPS_TK.plot.svg
2021-04-03 01:42:04,086 - INFO - Writing overlap_60/cluster_GGDPS_TK/cluster_GGDPS_TK.report.json
2021-04-04 18:17:28,405 - INFO - Writing log to overlap_60/cluster_GGDPS_TK/cluster_GGDPS_TK.log
2021-04-04 18:17:28,424 - INFO - References:
 - GGDPS1_TK
 - GGDPS2_TK
2021-04-04 18:17:28,424 - INFO - Primary reference for coordinate system: GGDPS1_TK
2021-04-04 18:17:28,424 - INFO - Considering primers from all references
2021-04-04 18:17:28,428 - INFO - Excluding reference GGDPS2_TK: unable to align.
2021-04-04 18:17:32,526 - INFO - All done! Scheme created with 6 regions, 2 gaps, 81.14% coverage
2021-04-04 18:17:32,527 - INFO - Writing overlap_60/cluster_GGDPS_TK/cluster_GGDPS_TK.primer.bed
2021-04-04 18:17:32,530 - INFO - Writing overlap_60/cluster_GGDPS_TK/cluster_GGDPS_TK.insert.bed
2021-04-04 18:17:32,532 - INFO - Writing overlap_60/cluster_GGDPS_TK/cluster_GGDPS_TK.primer.tsv
2021-04-04 18:17:32,535 - INFO - Writing overlap_60/cluster_GGDPS_TK/cluster_GGDPS_TK.reference.fasta
2021-04-04 18:17:32,542 - INFO - Writing overlap_60/cluster_GGDPS_TK/cluster_GGDPS_TK.plot.pdf
2021-04-04 18:17:32,542 - INFO - Writing overlap_60/cluster_GGDPS_TK/cluster_GGDPS_TK.plot.svg
2021-04-04 18:17:32,565 - INFO - Writing overlap_60/cluster_GGDPS_TK/cluster_GGDPS_TK.report.json
