2021-04-03 11:20:55,671 - INFO - Writing log to overlap_75/SRPP4_TK/SRPP4_TK.log
2021-04-03 11:20:55,711 - INFO - References:
 - SRPP4_TK
2021-04-03 11:20:55,711 - INFO - Primary reference for coordinate system: SRPP4_TK
2021-04-03 11:20:55,711 - INFO - Considering primers from all references
2021-04-03 11:21:02,270 - INFO - All done! Scheme created with 10 regions, 4 gaps, 84.08% coverage
2021-04-03 11:21:02,270 - INFO - Writing overlap_75/SRPP4_TK/SRPP4_TK.primer.bed
2021-04-03 11:21:02,271 - INFO - Writing overlap_75/SRPP4_TK/SRPP4_TK.insert.bed
2021-04-03 11:21:02,272 - INFO - Writing overlap_75/SRPP4_TK/SRPP4_TK.primer.tsv
2021-04-03 11:21:02,272 - INFO - Writing overlap_75/SRPP4_TK/SRPP4_TK.reference.fasta
2021-04-03 11:21:02,278 - INFO - Writing overlap_75/SRPP4_TK/SRPP4_TK.plot.pdf
2021-04-03 11:21:02,278 - INFO - Writing overlap_75/SRPP4_TK/SRPP4_TK.plot.svg
2021-04-03 11:21:02,301 - INFO - Writing overlap_75/SRPP4_TK/SRPP4_TK.report.json
2021-04-04 19:11:30,450 - INFO - Writing log to overlap_75/SRPP4_TK/SRPP4_TK.log
2021-04-04 19:11:30,468 - INFO - References:
 - SRPP4_TK
2021-04-04 19:11:30,468 - INFO - Primary reference for coordinate system: SRPP4_TK
2021-04-04 19:11:30,468 - INFO - Considering primers from all references
2021-04-04 19:11:37,706 - INFO - All done! Scheme created with 10 regions, 4 gaps, 84.08% coverage
2021-04-04 19:11:37,707 - INFO - Writing overlap_75/SRPP4_TK/SRPP4_TK.primer.bed
2021-04-04 19:11:37,710 - INFO - Writing overlap_75/SRPP4_TK/SRPP4_TK.insert.bed
2021-04-04 19:11:37,713 - INFO - Writing overlap_75/SRPP4_TK/SRPP4_TK.primer.tsv
2021-04-04 19:11:37,715 - INFO - Writing overlap_75/SRPP4_TK/SRPP4_TK.reference.fasta
2021-04-04 19:11:37,723 - INFO - Writing overlap_75/SRPP4_TK/SRPP4_TK.plot.pdf
2021-04-04 19:11:37,723 - INFO - Writing overlap_75/SRPP4_TK/SRPP4_TK.plot.svg
2021-04-04 19:11:37,754 - INFO - Writing overlap_75/SRPP4_TK/SRPP4_TK.report.json
