2021-04-03 01:04:55,391 - INFO - Writing log to overlap_50/3H3MC1_TK/3H3MC1_TK.log
2021-04-03 01:04:55,414 - INFO - References:
 - 3H3MC1_TK
2021-04-03 01:04:55,414 - INFO - Primary reference for coordinate system: 3H3MC1_TK
2021-04-03 01:04:55,414 - INFO - Considering primers from all references
2021-04-03 01:05:01,495 - INFO - All done! Scheme created with 8 regions, 3 gaps, 78.69% coverage
2021-04-03 01:05:01,496 - INFO - Writing overlap_50/3H3MC1_TK/3H3MC1_TK.primer.bed
2021-04-03 01:05:01,497 - INFO - Writing overlap_50/3H3MC1_TK/3H3MC1_TK.insert.bed
2021-04-03 01:05:01,497 - INFO - Writing overlap_50/3H3MC1_TK/3H3MC1_TK.primer.tsv
2021-04-03 01:05:01,498 - INFO - Writing overlap_50/3H3MC1_TK/3H3MC1_TK.reference.fasta
2021-04-03 01:05:01,505 - INFO - Writing overlap_50/3H3MC1_TK/3H3MC1_TK.plot.pdf
2021-04-03 01:05:01,505 - INFO - Writing overlap_50/3H3MC1_TK/3H3MC1_TK.plot.svg
2021-04-03 01:05:01,533 - INFO - Writing overlap_50/3H3MC1_TK/3H3MC1_TK.report.json
2021-04-04 17:44:17,021 - INFO - Writing log to overlap_50/3H3MC1_TK/3H3MC1_TK.log
2021-04-04 17:44:17,062 - INFO - References:
 - 3H3MC1_TK
2021-04-04 17:44:17,062 - INFO - Primary reference for coordinate system: 3H3MC1_TK
2021-04-04 17:44:17,062 - INFO - Considering primers from all references
2021-04-04 17:44:22,602 - INFO - All done! Scheme created with 8 regions, 3 gaps, 78.69% coverage
2021-04-04 17:44:22,602 - INFO - Writing overlap_50/3H3MC1_TK/3H3MC1_TK.primer.bed
2021-04-04 17:44:22,605 - INFO - Writing overlap_50/3H3MC1_TK/3H3MC1_TK.insert.bed
2021-04-04 17:44:22,607 - INFO - Writing overlap_50/3H3MC1_TK/3H3MC1_TK.primer.tsv
2021-04-04 17:44:22,609 - INFO - Writing overlap_50/3H3MC1_TK/3H3MC1_TK.reference.fasta
2021-04-04 17:44:22,617 - INFO - Writing overlap_50/3H3MC1_TK/3H3MC1_TK.plot.pdf
2021-04-04 17:44:22,617 - INFO - Writing overlap_50/3H3MC1_TK/3H3MC1_TK.plot.svg
2021-04-04 17:44:22,643 - INFO - Writing overlap_50/3H3MC1_TK/3H3MC1_TK.report.json
