2021-04-03 11:10:20,784 - INFO - Writing log to overlap_75/3H3MCR5_TK/3H3MCR5_TK.log
2021-04-03 11:10:20,790 - INFO - References:
 - 3H3MCR5_TK
2021-04-03 11:10:20,790 - INFO - Primary reference for coordinate system: 3H3MCR5_TK
2021-04-03 11:10:20,790 - INFO - Considering primers from all references
2021-04-03 11:10:24,464 - INFO - All done! Scheme created with 6 regions, 1 gap, 79.07% coverage
2021-04-03 11:10:24,464 - INFO - Writing overlap_75/3H3MCR5_TK/3H3MCR5_TK.primer.bed
2021-04-03 11:10:24,465 - INFO - Writing overlap_75/3H3MCR5_TK/3H3MCR5_TK.insert.bed
2021-04-03 11:10:24,466 - INFO - Writing overlap_75/3H3MCR5_TK/3H3MCR5_TK.primer.tsv
2021-04-03 11:10:24,466 - INFO - Writing overlap_75/3H3MCR5_TK/3H3MCR5_TK.reference.fasta
2021-04-03 11:10:24,471 - INFO - Writing overlap_75/3H3MCR5_TK/3H3MCR5_TK.plot.pdf
2021-04-03 11:10:24,471 - INFO - Writing overlap_75/3H3MCR5_TK/3H3MCR5_TK.plot.svg
2021-04-03 11:10:24,491 - INFO - Writing overlap_75/3H3MCR5_TK/3H3MCR5_TK.report.json
2021-04-04 18:59:40,921 - INFO - Writing log to overlap_75/3H3MCR5_TK/3H3MCR5_TK.log
2021-04-04 18:59:40,941 - INFO - References:
 - 3H3MCR5_TK
2021-04-04 18:59:40,941 - INFO - Primary reference for coordinate system: 3H3MCR5_TK
2021-04-04 18:59:40,941 - INFO - Considering primers from all references
2021-04-04 18:59:44,981 - INFO - All done! Scheme created with 6 regions, 1 gap, 79.07% coverage
2021-04-04 18:59:44,982 - INFO - Writing overlap_75/3H3MCR5_TK/3H3MCR5_TK.primer.bed
2021-04-04 18:59:44,986 - INFO - Writing overlap_75/3H3MCR5_TK/3H3MCR5_TK.insert.bed
2021-04-04 18:59:44,990 - INFO - Writing overlap_75/3H3MCR5_TK/3H3MCR5_TK.primer.tsv
2021-04-04 18:59:44,994 - INFO - Writing overlap_75/3H3MCR5_TK/3H3MCR5_TK.reference.fasta
2021-04-04 18:59:45,003 - INFO - Writing overlap_75/3H3MCR5_TK/3H3MCR5_TK.plot.pdf
2021-04-04 18:59:45,003 - INFO - Writing overlap_75/3H3MCR5_TK/3H3MCR5_TK.plot.svg
2021-04-04 18:59:45,029 - INFO - Writing overlap_75/3H3MCR5_TK/3H3MCR5_TK.report.json
