2020-12-01 05:20:38,509 - INFO - Writing log to overlap_50/PPO_TK/PPO_TK.log
2020-12-01 05:20:38,552 - INFO - References:
 - PPO_TK
2020-12-01 05:20:38,552 - INFO - Primary reference for coordinate system: PPO_TK
2020-12-01 05:20:38,552 - INFO - Considering primers from all references
2020-12-01 05:20:39,798 - INFO - All done! Scheme created with 13 regions, 6 gaps, 66.15% coverage
2020-12-01 05:20:39,798 - INFO - Writing overlap_50/PPO_TK/PPO_TK.primer.bed
2020-12-01 05:20:39,799 - INFO - Writing overlap_50/PPO_TK/PPO_TK.insert.bed
2020-12-01 05:20:39,800 - INFO - Writing overlap_50/PPO_TK/PPO_TK.primer.tsv
2020-12-01 05:20:39,800 - INFO - Writing overlap_50/PPO_TK/PPO_TK.reference.fasta
2020-12-01 05:20:39,807 - INFO - Writing overlap_50/PPO_TK/PPO_TK.plot.pdf
2020-12-01 05:20:39,808 - INFO - Writing overlap_50/PPO_TK/PPO_TK.plot.svg
2020-12-01 05:20:39,837 - INFO - Writing overlap_50/PPO_TK/PPO_TK.report.json
2021-04-03 01:16:24,592 - INFO - Writing log to overlap_50/PPO_TK/PPO_TK.log
2021-04-03 01:16:24,650 - INFO - References:
 - PPO_TK
2021-04-03 01:16:24,650 - INFO - Primary reference for coordinate system: PPO_TK
2021-04-03 01:16:24,650 - INFO - Considering primers from all references
2021-04-03 01:16:30,746 - INFO - All done! Scheme created with 8 regions, 2 gaps, 75.5% coverage
2021-04-03 01:16:30,746 - INFO - Writing overlap_50/PPO_TK/PPO_TK.primer.bed
2021-04-03 01:16:30,764 - INFO - Writing overlap_50/PPO_TK/PPO_TK.insert.bed
2021-04-03 01:16:30,768 - INFO - Writing overlap_50/PPO_TK/PPO_TK.primer.tsv
2021-04-03 01:16:30,781 - INFO - Writing overlap_50/PPO_TK/PPO_TK.reference.fasta
2021-04-03 01:16:30,790 - INFO - Writing overlap_50/PPO_TK/PPO_TK.plot.pdf
2021-04-03 01:16:30,791 - INFO - Writing overlap_50/PPO_TK/PPO_TK.plot.svg
2021-04-03 01:16:30,840 - INFO - Writing overlap_50/PPO_TK/PPO_TK.report.json
