2021-04-03 01:06:17,227 - INFO - Writing log to overlap_50/ACC1_TK/ACC1_TK.log
2021-04-03 01:06:17,236 - INFO - References:
 - ACC1_TK
2021-04-03 01:06:17,236 - INFO - Primary reference for coordinate system: ACC1_TK
2021-04-03 01:06:17,236 - INFO - Considering primers from all references
2021-04-03 01:06:23,473 - INFO - All done! Scheme created with 8 regions, 3 gaps, 63.16% coverage
2021-04-03 01:06:23,473 - INFO - Writing overlap_50/ACC1_TK/ACC1_TK.primer.bed
2021-04-03 01:06:23,474 - INFO - Writing overlap_50/ACC1_TK/ACC1_TK.insert.bed
2021-04-03 01:06:23,475 - INFO - Writing overlap_50/ACC1_TK/ACC1_TK.primer.tsv
2021-04-03 01:06:23,475 - INFO - Writing overlap_50/ACC1_TK/ACC1_TK.reference.fasta
2021-04-03 01:06:23,481 - INFO - Writing overlap_50/ACC1_TK/ACC1_TK.plot.pdf
2021-04-03 01:06:23,481 - INFO - Writing overlap_50/ACC1_TK/ACC1_TK.plot.svg
2021-04-03 01:06:23,508 - INFO - Writing overlap_50/ACC1_TK/ACC1_TK.report.json
2021-04-04 17:45:29,701 - INFO - Writing log to overlap_50/ACC1_TK/ACC1_TK.log
2021-04-04 17:45:29,735 - INFO - References:
 - ACC1_TK
2021-04-04 17:45:29,735 - INFO - Primary reference for coordinate system: ACC1_TK
2021-04-04 17:45:29,735 - INFO - Considering primers from all references
2021-04-04 17:45:35,317 - INFO - All done! Scheme created with 8 regions, 3 gaps, 63.16% coverage
2021-04-04 17:45:35,317 - INFO - Writing overlap_50/ACC1_TK/ACC1_TK.primer.bed
2021-04-04 17:45:35,320 - INFO - Writing overlap_50/ACC1_TK/ACC1_TK.insert.bed
2021-04-04 17:45:35,322 - INFO - Writing overlap_50/ACC1_TK/ACC1_TK.primer.tsv
2021-04-04 17:45:35,325 - INFO - Writing overlap_50/ACC1_TK/ACC1_TK.reference.fasta
2021-04-04 17:45:35,332 - INFO - Writing overlap_50/ACC1_TK/ACC1_TK.plot.pdf
2021-04-04 17:45:35,332 - INFO - Writing overlap_50/ACC1_TK/ACC1_TK.plot.svg
2021-04-04 17:45:35,359 - INFO - Writing overlap_50/ACC1_TK/ACC1_TK.report.json
