2021-04-03 01:50:03,525 - INFO - Writing log to overlap_60/PUCP7_TK/PUCP7_TK.log
2021-04-03 01:50:03,544 - INFO - References:
 - PUCP7_TK
2021-04-03 01:50:03,544 - INFO - Primary reference for coordinate system: PUCP7_TK
2021-04-03 01:50:03,544 - INFO - Considering primers from all references
2021-04-03 01:50:14,484 - INFO - All done! Scheme created with 7 regions, 0 gaps, 85.4% coverage
2021-04-03 01:50:14,484 - INFO - Writing overlap_60/PUCP7_TK/PUCP7_TK.primer.bed
2021-04-03 01:50:14,485 - INFO - Writing overlap_60/PUCP7_TK/PUCP7_TK.insert.bed
2021-04-03 01:50:14,486 - INFO - Writing overlap_60/PUCP7_TK/PUCP7_TK.primer.tsv
2021-04-03 01:50:14,486 - INFO - Writing overlap_60/PUCP7_TK/PUCP7_TK.reference.fasta
2021-04-03 01:50:14,492 - INFO - Writing overlap_60/PUCP7_TK/PUCP7_TK.plot.pdf
2021-04-03 01:50:14,492 - INFO - Writing overlap_60/PUCP7_TK/PUCP7_TK.plot.svg
2021-04-03 01:50:14,516 - INFO - Writing overlap_60/PUCP7_TK/PUCP7_TK.report.json
2021-04-04 18:24:42,108 - INFO - Writing log to overlap_60/PUCP7_TK/PUCP7_TK.log
2021-04-04 18:24:42,125 - INFO - References:
 - PUCP7_TK
2021-04-04 18:24:42,125 - INFO - Primary reference for coordinate system: PUCP7_TK
2021-04-04 18:24:42,125 - INFO - Considering primers from all references
2021-04-04 18:24:52,055 - INFO - All done! Scheme created with 7 regions, 0 gaps, 85.4% coverage
2021-04-04 18:24:52,055 - INFO - Writing overlap_60/PUCP7_TK/PUCP7_TK.primer.bed
2021-04-04 18:24:52,058 - INFO - Writing overlap_60/PUCP7_TK/PUCP7_TK.insert.bed
2021-04-04 18:24:52,061 - INFO - Writing overlap_60/PUCP7_TK/PUCP7_TK.primer.tsv
2021-04-04 18:24:52,063 - INFO - Writing overlap_60/PUCP7_TK/PUCP7_TK.reference.fasta
2021-04-04 18:24:52,070 - INFO - Writing overlap_60/PUCP7_TK/PUCP7_TK.plot.pdf
2021-04-04 18:24:52,070 - INFO - Writing overlap_60/PUCP7_TK/PUCP7_TK.plot.svg
2021-04-04 18:24:52,096 - INFO - Writing overlap_60/PUCP7_TK/PUCP7_TK.report.json
