2021-04-03 00:53:35,074 - INFO - Writing log to overlap_45/ERF_TK/ERF_TK.log
2021-04-03 00:53:35,082 - INFO - References:
 - ERF_TK
2021-04-03 00:53:35,082 - INFO - Primary reference for coordinate system: ERF_TK
2021-04-03 00:53:35,082 - INFO - Considering primers from all references
2021-04-03 00:53:38,006 - INFO - All done! Scheme created with 4 regions, 1 gap, 70.1% coverage
2021-04-03 00:53:38,006 - INFO - Writing overlap_45/ERF_TK/ERF_TK.primer.bed
2021-04-03 00:53:38,007 - INFO - Writing overlap_45/ERF_TK/ERF_TK.insert.bed
2021-04-03 00:53:38,008 - INFO - Writing overlap_45/ERF_TK/ERF_TK.primer.tsv
2021-04-03 00:53:38,010 - INFO - Writing overlap_45/ERF_TK/ERF_TK.reference.fasta
2021-04-03 00:53:38,014 - INFO - Writing overlap_45/ERF_TK/ERF_TK.plot.pdf
2021-04-03 00:53:38,014 - INFO - Writing overlap_45/ERF_TK/ERF_TK.plot.svg
2021-04-03 00:53:38,063 - INFO - Writing overlap_45/ERF_TK/ERF_TK.report.json
2021-04-04 17:33:51,913 - INFO - Writing log to overlap_45/ERF_TK/ERF_TK.log
2021-04-04 17:33:51,931 - INFO - References:
 - ERF_TK
2021-04-04 17:33:51,931 - INFO - Primary reference for coordinate system: ERF_TK
2021-04-04 17:33:51,931 - INFO - Considering primers from all references
2021-04-04 17:33:54,637 - INFO - All done! Scheme created with 4 regions, 1 gap, 70.1% coverage
2021-04-04 17:33:54,638 - INFO - Writing overlap_45/ERF_TK/ERF_TK.primer.bed
2021-04-04 17:33:54,642 - INFO - Writing overlap_45/ERF_TK/ERF_TK.insert.bed
2021-04-04 17:33:54,645 - INFO - Writing overlap_45/ERF_TK/ERF_TK.primer.tsv
2021-04-04 17:33:54,649 - INFO - Writing overlap_45/ERF_TK/ERF_TK.reference.fasta
2021-04-04 17:33:54,655 - INFO - Writing overlap_45/ERF_TK/ERF_TK.plot.pdf
2021-04-04 17:33:54,655 - INFO - Writing overlap_45/ERF_TK/ERF_TK.plot.svg
2021-04-04 17:33:54,695 - INFO - Writing overlap_45/ERF_TK/ERF_TK.report.json
