2020-12-01 05:21:06,304 - INFO - Writing log to overlap_55/ETR1_TK/ETR1_TK.log
2020-12-01 05:21:06,317 - INFO - References:
 - ETR1_TK
2020-12-01 05:21:06,317 - INFO - Primary reference for coordinate system: ETR1_TK
2020-12-01 05:21:06,317 - INFO - Considering primers from all references
2020-12-01 05:21:07,769 - INFO - All done! Scheme created with 23 regions, 8 gaps, 70.81% coverage
2020-12-01 05:21:07,769 - INFO - Writing overlap_55/ETR1_TK/ETR1_TK.primer.bed
2020-12-01 05:21:07,770 - INFO - Writing overlap_55/ETR1_TK/ETR1_TK.insert.bed
2020-12-01 05:21:07,771 - INFO - Writing overlap_55/ETR1_TK/ETR1_TK.primer.tsv
2020-12-01 05:21:07,772 - INFO - Writing overlap_55/ETR1_TK/ETR1_TK.reference.fasta
2020-12-01 05:21:07,781 - INFO - Writing overlap_55/ETR1_TK/ETR1_TK.plot.pdf
2020-12-01 05:21:07,781 - INFO - Writing overlap_55/ETR1_TK/ETR1_TK.plot.svg
2020-12-01 05:21:07,822 - INFO - Writing overlap_55/ETR1_TK/ETR1_TK.report.json
2021-04-03 01:27:02,918 - INFO - Writing log to overlap_55/ETR1_TK/ETR1_TK.log
2021-04-03 01:27:02,940 - INFO - References:
 - ETR1_TK
2021-04-03 01:27:02,940 - INFO - Primary reference for coordinate system: ETR1_TK
2021-04-03 01:27:02,940 - INFO - Considering primers from all references
2021-04-03 01:27:13,697 - INFO - All done! Scheme created with 14 regions, 6 gaps, 73.52% coverage
2021-04-03 01:27:13,697 - INFO - Writing overlap_55/ETR1_TK/ETR1_TK.primer.bed
2021-04-03 01:27:13,702 - INFO - Writing overlap_55/ETR1_TK/ETR1_TK.insert.bed
2021-04-03 01:27:13,706 - INFO - Writing overlap_55/ETR1_TK/ETR1_TK.primer.tsv
2021-04-03 01:27:13,709 - INFO - Writing overlap_55/ETR1_TK/ETR1_TK.reference.fasta
2021-04-03 01:27:13,722 - INFO - Writing overlap_55/ETR1_TK/ETR1_TK.plot.pdf
2021-04-03 01:27:13,722 - INFO - Writing overlap_55/ETR1_TK/ETR1_TK.plot.svg
2021-04-03 01:27:13,766 - INFO - Writing overlap_55/ETR1_TK/ETR1_TK.report.json
2021-04-04 18:04:05,015 - INFO - Writing log to overlap_55/ETR1_TK/ETR1_TK.log
2021-04-04 18:04:05,050 - INFO - References:
 - ETR1_TK
2021-04-04 18:04:05,050 - INFO - Primary reference for coordinate system: ETR1_TK
2021-04-04 18:04:05,051 - INFO - Considering primers from all references
2021-04-04 18:04:14,650 - INFO - All done! Scheme created with 14 regions, 6 gaps, 73.52% coverage
2021-04-04 18:04:14,650 - INFO - Writing overlap_55/ETR1_TK/ETR1_TK.primer.bed
2021-04-04 18:04:14,653 - INFO - Writing overlap_55/ETR1_TK/ETR1_TK.insert.bed
2021-04-04 18:04:14,656 - INFO - Writing overlap_55/ETR1_TK/ETR1_TK.primer.tsv
2021-04-04 18:04:14,658 - INFO - Writing overlap_55/ETR1_TK/ETR1_TK.reference.fasta
2021-04-04 18:04:14,668 - INFO - Writing overlap_55/ETR1_TK/ETR1_TK.plot.pdf
2021-04-04 18:04:14,668 - INFO - Writing overlap_55/ETR1_TK/ETR1_TK.plot.svg
2021-04-04 18:04:14,704 - INFO - Writing overlap_55/ETR1_TK/ETR1_TK.report.json
