2020-12-01 05:20:20,320 - INFO - Writing log to overlap_50/FDPS2_TK/FDPS2_TK.log
2020-12-01 05:20:20,345 - INFO - References:
 - FDPS2_TK
2020-12-01 05:20:20,345 - INFO - Primary reference for coordinate system: FDPS2_TK
2020-12-01 05:20:20,345 - INFO - Considering primers from all references
2020-12-01 05:20:21,820 - INFO - All done! Scheme created with 18 regions, 8 gaps, 74.71% coverage
2020-12-01 05:20:21,820 - INFO - Writing overlap_50/FDPS2_TK/FDPS2_TK.primer.bed
2020-12-01 05:20:21,821 - INFO - Writing overlap_50/FDPS2_TK/FDPS2_TK.insert.bed
2020-12-01 05:20:21,822 - INFO - Writing overlap_50/FDPS2_TK/FDPS2_TK.primer.tsv
2020-12-01 05:20:21,823 - INFO - Writing overlap_50/FDPS2_TK/FDPS2_TK.reference.fasta
2020-12-01 05:20:21,831 - INFO - Writing overlap_50/FDPS2_TK/FDPS2_TK.plot.pdf
2020-12-01 05:20:21,831 - INFO - Writing overlap_50/FDPS2_TK/FDPS2_TK.plot.svg
2020-12-01 05:20:21,864 - INFO - Writing overlap_50/FDPS2_TK/FDPS2_TK.report.json
2021-04-03 01:10:39,822 - INFO - Writing log to overlap_50/FDPS2_TK/FDPS2_TK.log
2021-04-03 01:10:39,850 - INFO - References:
 - FDPS2_TK
2021-04-03 01:10:39,850 - INFO - Primary reference for coordinate system: FDPS2_TK
2021-04-03 01:10:39,850 - INFO - Considering primers from all references
2021-04-03 01:10:48,632 - INFO - All done! Scheme created with 11 regions, 4 gaps, 81.9% coverage
2021-04-03 01:10:48,632 - INFO - Writing overlap_50/FDPS2_TK/FDPS2_TK.primer.bed
2021-04-03 01:10:48,636 - INFO - Writing overlap_50/FDPS2_TK/FDPS2_TK.insert.bed
2021-04-03 01:10:48,640 - INFO - Writing overlap_50/FDPS2_TK/FDPS2_TK.primer.tsv
2021-04-03 01:10:48,643 - INFO - Writing overlap_50/FDPS2_TK/FDPS2_TK.reference.fasta
2021-04-03 01:10:48,654 - INFO - Writing overlap_50/FDPS2_TK/FDPS2_TK.plot.pdf
2021-04-03 01:10:48,654 - INFO - Writing overlap_50/FDPS2_TK/FDPS2_TK.plot.svg
2021-04-03 01:10:48,691 - INFO - Writing overlap_50/FDPS2_TK/FDPS2_TK.report.json
