2021-04-03 01:06:15,181 - INFO - Writing log to overlap_50/A20AN1_TK/A20AN1_TK.log
2021-04-03 01:06:15,196 - INFO - References:
 - A20AN1_TK
2021-04-03 01:06:15,196 - INFO - Primary reference for coordinate system: A20AN1_TK
2021-04-03 01:06:15,196 - INFO - Considering primers from all references
2021-04-03 01:06:16,630 - INFO - All done! Scheme created with 2 regions, 0 gaps, 42.31% coverage
2021-04-03 01:06:16,630 - INFO - Writing overlap_50/A20AN1_TK/A20AN1_TK.primer.bed
2021-04-03 01:06:16,631 - INFO - Writing overlap_50/A20AN1_TK/A20AN1_TK.insert.bed
2021-04-03 01:06:16,631 - INFO - Writing overlap_50/A20AN1_TK/A20AN1_TK.primer.tsv
2021-04-03 01:06:16,632 - INFO - Writing overlap_50/A20AN1_TK/A20AN1_TK.reference.fasta
2021-04-03 01:06:16,635 - INFO - Writing overlap_50/A20AN1_TK/A20AN1_TK.plot.pdf
2021-04-03 01:06:16,635 - INFO - Writing overlap_50/A20AN1_TK/A20AN1_TK.plot.svg
2021-04-03 01:06:16,650 - INFO - Writing overlap_50/A20AN1_TK/A20AN1_TK.report.json
2021-04-04 17:45:27,914 - INFO - Writing log to overlap_50/A20AN1_TK/A20AN1_TK.log
2021-04-04 17:45:27,947 - INFO - References:
 - A20AN1_TK
2021-04-04 17:45:27,947 - INFO - Primary reference for coordinate system: A20AN1_TK
2021-04-04 17:45:27,947 - INFO - Considering primers from all references
2021-04-04 17:45:29,237 - INFO - All done! Scheme created with 2 regions, 0 gaps, 42.31% coverage
2021-04-04 17:45:29,237 - INFO - Writing overlap_50/A20AN1_TK/A20AN1_TK.primer.bed
2021-04-04 17:45:29,240 - INFO - Writing overlap_50/A20AN1_TK/A20AN1_TK.insert.bed
2021-04-04 17:45:29,242 - INFO - Writing overlap_50/A20AN1_TK/A20AN1_TK.primer.tsv
2021-04-04 17:45:29,245 - INFO - Writing overlap_50/A20AN1_TK/A20AN1_TK.reference.fasta
2021-04-04 17:45:29,250 - INFO - Writing overlap_50/A20AN1_TK/A20AN1_TK.plot.pdf
2021-04-04 17:45:29,250 - INFO - Writing overlap_50/A20AN1_TK/A20AN1_TK.plot.svg
2021-04-04 17:45:29,267 - INFO - Writing overlap_50/A20AN1_TK/A20AN1_TK.report.json
