2021-04-03 11:18:58,034 - INFO - Writing log to overlap_75/PPMK2_TK/PPMK2_TK.log
2021-04-03 11:18:58,059 - INFO - References:
 - PPMK2_TK
2021-04-03 11:18:58,059 - INFO - Primary reference for coordinate system: PPMK2_TK
2021-04-03 11:18:58,059 - INFO - Considering primers from all references
2021-04-03 11:19:05,785 - INFO - All done! Scheme created with 12 regions, 2 gaps, 84.12% coverage
2021-04-03 11:19:05,785 - INFO - Writing overlap_75/PPMK2_TK/PPMK2_TK.primer.bed
2021-04-03 11:19:05,786 - INFO - Writing overlap_75/PPMK2_TK/PPMK2_TK.insert.bed
2021-04-03 11:19:05,787 - INFO - Writing overlap_75/PPMK2_TK/PPMK2_TK.primer.tsv
2021-04-03 11:19:05,787 - INFO - Writing overlap_75/PPMK2_TK/PPMK2_TK.reference.fasta
2021-04-03 11:19:05,794 - INFO - Writing overlap_75/PPMK2_TK/PPMK2_TK.plot.pdf
2021-04-03 11:19:05,794 - INFO - Writing overlap_75/PPMK2_TK/PPMK2_TK.plot.svg
2021-04-03 11:19:05,820 - INFO - Writing overlap_75/PPMK2_TK/PPMK2_TK.report.json
2021-04-04 19:09:20,648 - INFO - Writing log to overlap_75/PPMK2_TK/PPMK2_TK.log
2021-04-04 19:09:20,668 - INFO - References:
 - PPMK2_TK
2021-04-04 19:09:20,668 - INFO - Primary reference for coordinate system: PPMK2_TK
2021-04-04 19:09:20,668 - INFO - Considering primers from all references
2021-04-04 19:09:29,229 - INFO - All done! Scheme created with 12 regions, 2 gaps, 84.12% coverage
2021-04-04 19:09:29,230 - INFO - Writing overlap_75/PPMK2_TK/PPMK2_TK.primer.bed
2021-04-04 19:09:29,232 - INFO - Writing overlap_75/PPMK2_TK/PPMK2_TK.insert.bed
2021-04-04 19:09:29,235 - INFO - Writing overlap_75/PPMK2_TK/PPMK2_TK.primer.tsv
2021-04-04 19:09:29,237 - INFO - Writing overlap_75/PPMK2_TK/PPMK2_TK.reference.fasta
2021-04-04 19:09:29,245 - INFO - Writing overlap_75/PPMK2_TK/PPMK2_TK.plot.pdf
2021-04-04 19:09:29,245 - INFO - Writing overlap_75/PPMK2_TK/PPMK2_TK.plot.svg
2021-04-04 19:09:29,278 - INFO - Writing overlap_75/PPMK2_TK/PPMK2_TK.report.json
