2021-04-03 11:29:30,143 - INFO - Writing log to overlap_80/MLP28_TK/MLP28_TK.log
2021-04-03 11:29:30,148 - INFO - References:
 - MLP28_TK
2021-04-03 11:29:30,148 - INFO - Primary reference for coordinate system: MLP28_TK
2021-04-03 11:29:30,148 - INFO - Considering primers from all references
2021-04-03 11:29:32,011 - INFO - All done! Scheme created with 3 regions, 0 gaps, 73.47% coverage
2021-04-03 11:29:32,011 - INFO - Writing overlap_80/MLP28_TK/MLP28_TK.primer.bed
2021-04-03 11:29:32,012 - INFO - Writing overlap_80/MLP28_TK/MLP28_TK.insert.bed
2021-04-03 11:29:32,012 - INFO - Writing overlap_80/MLP28_TK/MLP28_TK.primer.tsv
2021-04-03 11:29:32,013 - INFO - Writing overlap_80/MLP28_TK/MLP28_TK.reference.fasta
2021-04-03 11:29:32,016 - INFO - Writing overlap_80/MLP28_TK/MLP28_TK.plot.pdf
2021-04-03 11:29:32,016 - INFO - Writing overlap_80/MLP28_TK/MLP28_TK.plot.svg
2021-04-03 11:29:32,029 - INFO - Writing overlap_80/MLP28_TK/MLP28_TK.report.json
2021-04-04 19:21:04,064 - INFO - Writing log to overlap_80/MLP28_TK/MLP28_TK.log
2021-04-04 19:21:04,082 - INFO - References:
 - MLP28_TK
2021-04-04 19:21:04,082 - INFO - Primary reference for coordinate system: MLP28_TK
2021-04-04 19:21:04,082 - INFO - Considering primers from all references
2021-04-04 19:21:06,139 - INFO - All done! Scheme created with 3 regions, 0 gaps, 73.47% coverage
2021-04-04 19:21:06,139 - INFO - Writing overlap_80/MLP28_TK/MLP28_TK.primer.bed
2021-04-04 19:21:06,142 - INFO - Writing overlap_80/MLP28_TK/MLP28_TK.insert.bed
2021-04-04 19:21:06,145 - INFO - Writing overlap_80/MLP28_TK/MLP28_TK.primer.tsv
2021-04-04 19:21:06,147 - INFO - Writing overlap_80/MLP28_TK/MLP28_TK.reference.fasta
2021-04-04 19:21:06,153 - INFO - Writing overlap_80/MLP28_TK/MLP28_TK.plot.pdf
2021-04-04 19:21:06,153 - INFO - Writing overlap_80/MLP28_TK/MLP28_TK.plot.svg
2021-04-04 19:21:06,171 - INFO - Writing overlap_80/MLP28_TK/MLP28_TK.report.json
