2021-04-03 02:02:36,895 - INFO - Writing log to overlap_65/MLL_TK/MLL_TK.log
2021-04-03 02:02:36,903 - INFO - References:
 - MLL_TK
2021-04-03 02:02:36,903 - INFO - Primary reference for coordinate system: MLL_TK
2021-04-03 02:02:36,903 - INFO - Considering primers from all references
2021-04-03 02:02:39,149 - INFO - All done! Scheme created with 3 regions, 1 gap, 66.92% coverage
2021-04-03 02:02:39,149 - INFO - Writing overlap_65/MLL_TK/MLL_TK.primer.bed
2021-04-03 02:02:39,151 - INFO - Writing overlap_65/MLL_TK/MLL_TK.insert.bed
2021-04-03 02:02:39,152 - INFO - Writing overlap_65/MLL_TK/MLL_TK.primer.tsv
2021-04-03 02:02:39,153 - INFO - Writing overlap_65/MLL_TK/MLL_TK.reference.fasta
2021-04-03 02:02:39,157 - INFO - Writing overlap_65/MLL_TK/MLL_TK.plot.pdf
2021-04-03 02:02:39,157 - INFO - Writing overlap_65/MLL_TK/MLL_TK.plot.svg
2021-04-03 02:02:39,175 - INFO - Writing overlap_65/MLL_TK/MLL_TK.report.json
2021-04-04 18:36:08,196 - INFO - Writing log to overlap_65/MLL_TK/MLL_TK.log
2021-04-04 18:36:08,210 - INFO - References:
 - MLL_TK
2021-04-04 18:36:08,210 - INFO - Primary reference for coordinate system: MLL_TK
2021-04-04 18:36:08,210 - INFO - Considering primers from all references
2021-04-04 18:36:10,279 - INFO - All done! Scheme created with 3 regions, 1 gap, 66.92% coverage
2021-04-04 18:36:10,279 - INFO - Writing overlap_65/MLL_TK/MLL_TK.primer.bed
2021-04-04 18:36:10,282 - INFO - Writing overlap_65/MLL_TK/MLL_TK.insert.bed
2021-04-04 18:36:10,285 - INFO - Writing overlap_65/MLL_TK/MLL_TK.primer.tsv
2021-04-04 18:36:10,287 - INFO - Writing overlap_65/MLL_TK/MLL_TK.reference.fasta
2021-04-04 18:36:10,292 - INFO - Writing overlap_65/MLL_TK/MLL_TK.plot.pdf
2021-04-04 18:36:10,292 - INFO - Writing overlap_65/MLL_TK/MLL_TK.plot.svg
2021-04-04 18:36:10,310 - INFO - Writing overlap_65/MLL_TK/MLL_TK.report.json
