2021-04-03 00:51:17,673 - INFO - Writing log to overlap_45/ARFA1F2_TK/ARFA1F2_TK.log
2021-04-03 00:51:17,681 - INFO - References:
 - ARFA1F2_TK
2021-04-03 00:51:17,681 - INFO - Primary reference for coordinate system: ARFA1F2_TK
2021-04-03 00:51:17,681 - INFO - Considering primers from all references
2021-04-03 00:51:21,459 - INFO - All done! Scheme created with 5 regions, 2 gaps, 71.01% coverage
2021-04-03 00:51:21,459 - INFO - Writing overlap_45/ARFA1F2_TK/ARFA1F2_TK.primer.bed
2021-04-03 00:51:21,461 - INFO - Writing overlap_45/ARFA1F2_TK/ARFA1F2_TK.insert.bed
2021-04-03 00:51:21,463 - INFO - Writing overlap_45/ARFA1F2_TK/ARFA1F2_TK.primer.tsv
2021-04-03 00:51:21,464 - INFO - Writing overlap_45/ARFA1F2_TK/ARFA1F2_TK.reference.fasta
2021-04-03 00:51:21,469 - INFO - Writing overlap_45/ARFA1F2_TK/ARFA1F2_TK.plot.pdf
2021-04-03 00:51:21,470 - INFO - Writing overlap_45/ARFA1F2_TK/ARFA1F2_TK.plot.svg
2021-04-03 00:51:21,492 - INFO - Writing overlap_45/ARFA1F2_TK/ARFA1F2_TK.report.json
2021-04-04 17:31:47,306 - INFO - Writing log to overlap_45/ARFA1F2_TK/ARFA1F2_TK.log
2021-04-04 17:31:47,332 - INFO - References:
 - ARFA1F2_TK
2021-04-04 17:31:47,333 - INFO - Primary reference for coordinate system: ARFA1F2_TK
2021-04-04 17:31:47,333 - INFO - Considering primers from all references
2021-04-04 17:31:50,807 - INFO - All done! Scheme created with 5 regions, 2 gaps, 71.01% coverage
2021-04-04 17:31:50,807 - INFO - Writing overlap_45/ARFA1F2_TK/ARFA1F2_TK.primer.bed
2021-04-04 17:31:50,811 - INFO - Writing overlap_45/ARFA1F2_TK/ARFA1F2_TK.insert.bed
2021-04-04 17:31:50,815 - INFO - Writing overlap_45/ARFA1F2_TK/ARFA1F2_TK.primer.tsv
2021-04-04 17:31:50,819 - INFO - Writing overlap_45/ARFA1F2_TK/ARFA1F2_TK.reference.fasta
2021-04-04 17:31:50,826 - INFO - Writing overlap_45/ARFA1F2_TK/ARFA1F2_TK.plot.pdf
2021-04-04 17:31:50,827 - INFO - Writing overlap_45/ARFA1F2_TK/ARFA1F2_TK.plot.svg
2021-04-04 17:31:50,850 - INFO - Writing overlap_45/ARFA1F2_TK/ARFA1F2_TK.report.json
