2020-12-01 05:23:53,626 - INFO - Writing log to overlap_70/GDPS1_TK/GDPS1_TK.log
2020-12-01 05:23:53,631 - INFO - References:
 - GDPS1_TK
2020-12-01 05:23:53,631 - INFO - Primary reference for coordinate system: GDPS1_TK
2020-12-01 05:23:53,631 - INFO - Considering primers from all references
2020-12-01 05:23:55,341 - INFO - All done! Scheme created with 21 regions, 10 gaps, 75.13% coverage
2020-12-01 05:23:55,341 - INFO - Writing overlap_70/GDPS1_TK/GDPS1_TK.primer.bed
2020-12-01 05:23:55,342 - INFO - Writing overlap_70/GDPS1_TK/GDPS1_TK.insert.bed
2020-12-01 05:23:55,343 - INFO - Writing overlap_70/GDPS1_TK/GDPS1_TK.primer.tsv
2020-12-01 05:23:55,344 - INFO - Writing overlap_70/GDPS1_TK/GDPS1_TK.reference.fasta
2020-12-01 05:23:55,353 - INFO - Writing overlap_70/GDPS1_TK/GDPS1_TK.plot.pdf
2020-12-01 05:23:55,353 - INFO - Writing overlap_70/GDPS1_TK/GDPS1_TK.plot.svg
2020-12-01 05:23:55,396 - INFO - Writing overlap_70/GDPS1_TK/GDPS1_TK.report.json
2021-04-02 20:44:10,595 - INFO - Writing log to overlap_70/GDPS1_TK/GDPS1_TK.log
2021-04-02 20:44:10,627 - INFO - References:
 - GDPS1_TK
2021-04-02 20:44:10,627 - INFO - Primary reference for coordinate system: GDPS1_TK
2021-04-02 20:44:10,627 - INFO - Considering primers from all references
2021-04-02 20:44:19,288 - INFO - All done! Scheme created with 14 regions, 3 gaps, 88.17% coverage
2021-04-02 20:44:19,288 - INFO - Writing overlap_70/GDPS1_TK/GDPS1_TK.primer.bed
2021-04-02 20:44:19,294 - INFO - Writing overlap_70/GDPS1_TK/GDPS1_TK.insert.bed
2021-04-02 20:44:19,299 - INFO - Writing overlap_70/GDPS1_TK/GDPS1_TK.primer.tsv
2021-04-02 20:44:19,304 - INFO - Writing overlap_70/GDPS1_TK/GDPS1_TK.reference.fasta
2021-04-02 20:44:19,315 - INFO - Writing overlap_70/GDPS1_TK/GDPS1_TK.plot.pdf
2021-04-02 20:44:19,315 - INFO - Writing overlap_70/GDPS1_TK/GDPS1_TK.plot.svg
2021-04-02 20:44:19,351 - INFO - Writing overlap_70/GDPS1_TK/GDPS1_TK.report.json
2021-04-03 02:18:04,606 - INFO - Writing log to overlap_70/GDPS1_TK/GDPS1_TK.log
2021-04-03 02:18:04,633 - INFO - References:
 - GDPS1_TK
2021-04-03 02:18:04,634 - INFO - Primary reference for coordinate system: GDPS1_TK
2021-04-03 02:18:04,634 - INFO - Considering primers from all references
2021-04-03 02:18:15,767 - INFO - All done! Scheme created with 14 regions, 3 gaps, 88.17% coverage
2021-04-03 02:18:15,768 - INFO - Writing overlap_70/GDPS1_TK/GDPS1_TK.primer.bed
2021-04-03 02:18:15,772 - INFO - Writing overlap_70/GDPS1_TK/GDPS1_TK.insert.bed
2021-04-03 02:18:15,776 - INFO - Writing overlap_70/GDPS1_TK/GDPS1_TK.primer.tsv
2021-04-03 02:18:15,781 - INFO - Writing overlap_70/GDPS1_TK/GDPS1_TK.reference.fasta
2021-04-03 02:18:15,792 - INFO - Writing overlap_70/GDPS1_TK/GDPS1_TK.plot.pdf
2021-04-03 02:18:15,793 - INFO - Writing overlap_70/GDPS1_TK/GDPS1_TK.plot.svg
2021-04-03 02:18:15,836 - INFO - Writing overlap_70/GDPS1_TK/GDPS1_TK.report.json
2021-04-04 18:50:16,627 - INFO - Writing log to overlap_70/GDPS1_TK/GDPS1_TK.log
2021-04-04 18:50:16,658 - INFO - References:
 - GDPS1_TK
2021-04-04 18:50:16,658 - INFO - Primary reference for coordinate system: GDPS1_TK
2021-04-04 18:50:16,658 - INFO - Considering primers from all references
2021-04-04 18:50:27,264 - INFO - All done! Scheme created with 14 regions, 3 gaps, 88.17% coverage
2021-04-04 18:50:27,264 - INFO - Writing overlap_70/GDPS1_TK/GDPS1_TK.primer.bed
2021-04-04 18:50:27,267 - INFO - Writing overlap_70/GDPS1_TK/GDPS1_TK.insert.bed
2021-04-04 18:50:27,269 - INFO - Writing overlap_70/GDPS1_TK/GDPS1_TK.primer.tsv
2021-04-04 18:50:27,272 - INFO - Writing overlap_70/GDPS1_TK/GDPS1_TK.reference.fasta
2021-04-04 18:50:27,282 - INFO - Writing overlap_70/GDPS1_TK/GDPS1_TK.plot.pdf
2021-04-04 18:50:27,282 - INFO - Writing overlap_70/GDPS1_TK/GDPS1_TK.plot.svg
2021-04-04 18:50:27,317 - INFO - Writing overlap_70/GDPS1_TK/GDPS1_TK.report.json
