2021-04-03 01:56:00,735 - INFO - Writing log to overlap_65/4H3M2EDPR1_TK/4H3M2EDPR1_TK.log
2021-04-03 01:56:00,743 - INFO - References:
 - 4H3M2EDPR1_TK
2021-04-03 01:56:00,744 - INFO - Primary reference for coordinate system: 4H3M2EDPR1_TK
2021-04-03 01:56:00,744 - INFO - Considering primers from all references
2021-04-03 01:56:09,470 - INFO - All done! Scheme created with 11 regions, 4 gaps, 73.82% coverage
2021-04-03 01:56:09,471 - INFO - Writing overlap_65/4H3M2EDPR1_TK/4H3M2EDPR1_TK.primer.bed
2021-04-03 01:56:09,472 - INFO - Writing overlap_65/4H3M2EDPR1_TK/4H3M2EDPR1_TK.insert.bed
2021-04-03 01:56:09,473 - INFO - Writing overlap_65/4H3M2EDPR1_TK/4H3M2EDPR1_TK.primer.tsv
2021-04-03 01:56:09,474 - INFO - Writing overlap_65/4H3M2EDPR1_TK/4H3M2EDPR1_TK.reference.fasta
2021-04-03 01:56:09,482 - INFO - Writing overlap_65/4H3M2EDPR1_TK/4H3M2EDPR1_TK.plot.pdf
2021-04-03 01:56:09,482 - INFO - Writing overlap_65/4H3M2EDPR1_TK/4H3M2EDPR1_TK.plot.svg
2021-04-03 01:56:09,520 - INFO - Writing overlap_65/4H3M2EDPR1_TK/4H3M2EDPR1_TK.report.json
2021-04-04 18:30:06,793 - INFO - Writing log to overlap_65/4H3M2EDPR1_TK/4H3M2EDPR1_TK.log
2021-04-04 18:30:06,809 - INFO - References:
 - 4H3M2EDPR1_TK
2021-04-04 18:30:06,809 - INFO - Primary reference for coordinate system: 4H3M2EDPR1_TK
2021-04-04 18:30:06,809 - INFO - Considering primers from all references
2021-04-04 18:30:14,815 - INFO - All done! Scheme created with 11 regions, 4 gaps, 73.82% coverage
2021-04-04 18:30:14,815 - INFO - Writing overlap_65/4H3M2EDPR1_TK/4H3M2EDPR1_TK.primer.bed
2021-04-04 18:30:14,818 - INFO - Writing overlap_65/4H3M2EDPR1_TK/4H3M2EDPR1_TK.insert.bed
2021-04-04 18:30:14,821 - INFO - Writing overlap_65/4H3M2EDPR1_TK/4H3M2EDPR1_TK.primer.tsv
2021-04-04 18:30:14,823 - INFO - Writing overlap_65/4H3M2EDPR1_TK/4H3M2EDPR1_TK.reference.fasta
2021-04-04 18:30:14,832 - INFO - Writing overlap_65/4H3M2EDPR1_TK/4H3M2EDPR1_TK.plot.pdf
2021-04-04 18:30:14,832 - INFO - Writing overlap_65/4H3M2EDPR1_TK/4H3M2EDPR1_TK.plot.svg
2021-04-04 18:30:14,864 - INFO - Writing overlap_65/4H3M2EDPR1_TK/4H3M2EDPR1_TK.report.json
