2021-04-03 02:05:24,191 - INFO - Writing log to overlap_65/PIRL_TK/PIRL_TK.log
2021-04-03 02:05:24,200 - INFO - References:
 - PIRL_TK
2021-04-03 02:05:24,200 - INFO - Primary reference for coordinate system: PIRL_TK
2021-04-03 02:05:24,200 - INFO - Considering primers from all references
2021-04-03 02:05:30,962 - INFO - All done! Scheme created with 9 regions, 3 gaps, 75.39% coverage
2021-04-03 02:05:30,963 - INFO - Writing overlap_65/PIRL_TK/PIRL_TK.primer.bed
2021-04-03 02:05:30,964 - INFO - Writing overlap_65/PIRL_TK/PIRL_TK.insert.bed
2021-04-03 02:05:30,965 - INFO - Writing overlap_65/PIRL_TK/PIRL_TK.primer.tsv
2021-04-03 02:05:30,966 - INFO - Writing overlap_65/PIRL_TK/PIRL_TK.reference.fasta
2021-04-03 02:05:30,973 - INFO - Writing overlap_65/PIRL_TK/PIRL_TK.plot.pdf
2021-04-03 02:05:30,973 - INFO - Writing overlap_65/PIRL_TK/PIRL_TK.plot.svg
2021-04-03 02:05:31,000 - INFO - Writing overlap_65/PIRL_TK/PIRL_TK.report.json
2021-04-04 18:38:40,381 - INFO - Writing log to overlap_65/PIRL_TK/PIRL_TK.log
2021-04-04 18:38:40,406 - INFO - References:
 - PIRL_TK
2021-04-04 18:38:40,406 - INFO - Primary reference for coordinate system: PIRL_TK
2021-04-04 18:38:40,407 - INFO - Considering primers from all references
2021-04-04 18:38:46,593 - INFO - All done! Scheme created with 9 regions, 3 gaps, 75.39% coverage
2021-04-04 18:38:46,593 - INFO - Writing overlap_65/PIRL_TK/PIRL_TK.primer.bed
2021-04-04 18:38:46,596 - INFO - Writing overlap_65/PIRL_TK/PIRL_TK.insert.bed
2021-04-04 18:38:46,599 - INFO - Writing overlap_65/PIRL_TK/PIRL_TK.primer.tsv
2021-04-04 18:38:46,601 - INFO - Writing overlap_65/PIRL_TK/PIRL_TK.reference.fasta
2021-04-04 18:38:46,609 - INFO - Writing overlap_65/PIRL_TK/PIRL_TK.plot.pdf
2021-04-04 18:38:46,609 - INFO - Writing overlap_65/PIRL_TK/PIRL_TK.plot.svg
2021-04-04 18:38:46,637 - INFO - Writing overlap_65/PIRL_TK/PIRL_TK.report.json
