2021-04-03 00:40:48,474 - INFO - Writing log to overlap_40/OC3_TK/OC3_TK.log
2021-04-03 00:40:48,497 - INFO - References:
 - OC3_TK
2021-04-03 00:40:48,497 - INFO - Primary reference for coordinate system: OC3_TK
2021-04-03 00:40:48,497 - INFO - Considering primers from all references
2021-04-03 00:41:04,170 - INFO - All done! Scheme created with 19 regions, 5 gaps, 86.78% coverage
2021-04-03 00:41:04,171 - INFO - Writing overlap_40/OC3_TK/OC3_TK.primer.bed
2021-04-03 00:41:04,173 - INFO - Writing overlap_40/OC3_TK/OC3_TK.insert.bed
2021-04-03 00:41:04,174 - INFO - Writing overlap_40/OC3_TK/OC3_TK.primer.tsv
2021-04-03 00:41:04,175 - INFO - Writing overlap_40/OC3_TK/OC3_TK.reference.fasta
2021-04-03 00:41:04,187 - INFO - Writing overlap_40/OC3_TK/OC3_TK.plot.pdf
2021-04-03 00:41:04,187 - INFO - Writing overlap_40/OC3_TK/OC3_TK.plot.svg
2021-04-03 00:41:04,233 - INFO - Writing overlap_40/OC3_TK/OC3_TK.report.json
2021-04-04 17:22:17,001 - INFO - Writing log to overlap_40/OC3_TK/OC3_TK.log
2021-04-04 17:22:17,031 - INFO - References:
 - OC3_TK
2021-04-04 17:22:17,031 - INFO - Primary reference for coordinate system: OC3_TK
2021-04-04 17:22:17,031 - INFO - Considering primers from all references
2021-04-04 17:22:31,085 - INFO - All done! Scheme created with 19 regions, 5 gaps, 86.78% coverage
2021-04-04 17:22:31,086 - INFO - Writing overlap_40/OC3_TK/OC3_TK.primer.bed
2021-04-04 17:22:31,089 - INFO - Writing overlap_40/OC3_TK/OC3_TK.insert.bed
2021-04-04 17:22:31,093 - INFO - Writing overlap_40/OC3_TK/OC3_TK.primer.tsv
2021-04-04 17:22:31,097 - INFO - Writing overlap_40/OC3_TK/OC3_TK.reference.fasta
2021-04-04 17:22:31,111 - INFO - Writing overlap_40/OC3_TK/OC3_TK.plot.pdf
2021-04-04 17:22:31,111 - INFO - Writing overlap_40/OC3_TK/OC3_TK.plot.svg
2021-04-04 17:22:31,157 - INFO - Writing overlap_40/OC3_TK/OC3_TK.report.json
