2020-12-01 05:21:02,592 - INFO - Writing log to overlap_55/4H3M2EDPR2_TK/4H3M2EDPR2_TK.log
2020-12-01 05:21:02,598 - INFO - References:
 - 4H3M2EDPR2_TK
2020-12-01 05:21:02,598 - INFO - Primary reference for coordinate system: 4H3M2EDPR2_TK
2020-12-01 05:21:02,598 - INFO - Considering primers from all references
2020-12-01 05:21:03,319 - INFO - All done! Scheme created with 6 regions, 2 gaps, 58.14% coverage
2020-12-01 05:21:03,319 - INFO - Writing overlap_55/4H3M2EDPR2_TK/4H3M2EDPR2_TK.primer.bed
2020-12-01 05:21:03,321 - INFO - Writing overlap_55/4H3M2EDPR2_TK/4H3M2EDPR2_TK.insert.bed
2020-12-01 05:21:03,322 - INFO - Writing overlap_55/4H3M2EDPR2_TK/4H3M2EDPR2_TK.primer.tsv
2020-12-01 05:21:03,323 - INFO - Writing overlap_55/4H3M2EDPR2_TK/4H3M2EDPR2_TK.reference.fasta
2020-12-01 05:21:03,331 - INFO - Writing overlap_55/4H3M2EDPR2_TK/4H3M2EDPR2_TK.plot.pdf
2020-12-01 05:21:03,331 - INFO - Writing overlap_55/4H3M2EDPR2_TK/4H3M2EDPR2_TK.plot.svg
2020-12-01 05:21:03,362 - INFO - Writing overlap_55/4H3M2EDPR2_TK/4H3M2EDPR2_TK.report.json
2021-04-03 01:22:46,534 - INFO - Writing log to overlap_55/4H3M2EDPR2_TK/4H3M2EDPR2_TK.log
2021-04-03 01:22:46,557 - INFO - References:
 - 4H3M2EDPR2_TK
2021-04-03 01:22:46,557 - INFO - Primary reference for coordinate system: 4H3M2EDPR2_TK
2021-04-03 01:22:46,557 - INFO - Considering primers from all references
2021-04-03 01:22:49,767 - INFO - All done! Scheme created with 4 regions, 1 gap, 57.8% coverage
2021-04-03 01:22:49,767 - INFO - Writing overlap_55/4H3M2EDPR2_TK/4H3M2EDPR2_TK.primer.bed
2021-04-03 01:22:49,772 - INFO - Writing overlap_55/4H3M2EDPR2_TK/4H3M2EDPR2_TK.insert.bed
2021-04-03 01:22:49,775 - INFO - Writing overlap_55/4H3M2EDPR2_TK/4H3M2EDPR2_TK.primer.tsv
2021-04-03 01:22:49,779 - INFO - Writing overlap_55/4H3M2EDPR2_TK/4H3M2EDPR2_TK.reference.fasta
2021-04-03 01:22:49,786 - INFO - Writing overlap_55/4H3M2EDPR2_TK/4H3M2EDPR2_TK.plot.pdf
2021-04-03 01:22:49,787 - INFO - Writing overlap_55/4H3M2EDPR2_TK/4H3M2EDPR2_TK.plot.svg
2021-04-03 01:22:49,845 - INFO - Writing overlap_55/4H3M2EDPR2_TK/4H3M2EDPR2_TK.report.json
