2021-04-03 11:34:25,919 - INFO - Writing log to overlap_80/SRPP5_TK/SRPP5_TK.log
2021-04-03 11:34:25,924 - INFO - References:
 - SRPP5_TK
2021-04-03 11:34:25,925 - INFO - Primary reference for coordinate system: SRPP5_TK
2021-04-03 11:34:25,925 - INFO - Considering primers from all references
2021-04-03 11:34:27,742 - INFO - All done! Scheme created with 3 regions, 0 gaps, 65.88% coverage
2021-04-03 11:34:27,742 - INFO - Writing overlap_80/SRPP5_TK/SRPP5_TK.primer.bed
2021-04-03 11:34:27,743 - INFO - Writing overlap_80/SRPP5_TK/SRPP5_TK.insert.bed
2021-04-03 11:34:27,744 - INFO - Writing overlap_80/SRPP5_TK/SRPP5_TK.primer.tsv
2021-04-03 11:34:27,744 - INFO - Writing overlap_80/SRPP5_TK/SRPP5_TK.reference.fasta
2021-04-03 11:34:27,748 - INFO - Writing overlap_80/SRPP5_TK/SRPP5_TK.plot.pdf
2021-04-03 11:34:27,748 - INFO - Writing overlap_80/SRPP5_TK/SRPP5_TK.plot.svg
2021-04-03 11:34:27,762 - INFO - Writing overlap_80/SRPP5_TK/SRPP5_TK.report.json
2021-04-04 19:26:31,992 - INFO - Writing log to overlap_80/SRPP5_TK/SRPP5_TK.log
2021-04-04 19:26:32,014 - INFO - References:
 - SRPP5_TK
2021-04-04 19:26:32,014 - INFO - Primary reference for coordinate system: SRPP5_TK
2021-04-04 19:26:32,015 - INFO - Considering primers from all references
2021-04-04 19:26:34,027 - INFO - All done! Scheme created with 3 regions, 0 gaps, 65.88% coverage
2021-04-04 19:26:34,027 - INFO - Writing overlap_80/SRPP5_TK/SRPP5_TK.primer.bed
2021-04-04 19:26:34,030 - INFO - Writing overlap_80/SRPP5_TK/SRPP5_TK.insert.bed
2021-04-04 19:26:34,033 - INFO - Writing overlap_80/SRPP5_TK/SRPP5_TK.primer.tsv
2021-04-04 19:26:34,036 - INFO - Writing overlap_80/SRPP5_TK/SRPP5_TK.reference.fasta
2021-04-04 19:26:34,041 - INFO - Writing overlap_80/SRPP5_TK/SRPP5_TK.plot.pdf
2021-04-04 19:26:34,041 - INFO - Writing overlap_80/SRPP5_TK/SRPP5_TK.plot.svg
2021-04-04 19:26:34,061 - INFO - Writing overlap_80/SRPP5_TK/SRPP5_TK.report.json
