2021-04-03 01:35:40,853 - INFO - Writing log to overlap_55/SRRP2_TK/SRRP2_TK.log
2021-04-03 01:35:40,879 - INFO - References:
 - SRRP2_TK
2021-04-03 01:35:40,879 - INFO - Primary reference for coordinate system: SRRP2_TK
2021-04-03 01:35:40,879 - INFO - Considering primers from all references
2021-04-03 01:35:45,537 - INFO - All done! Scheme created with 6 regions, 2 gaps, 77.49% coverage
2021-04-03 01:35:45,537 - INFO - Writing overlap_55/SRRP2_TK/SRRP2_TK.primer.bed
2021-04-03 01:35:45,538 - INFO - Writing overlap_55/SRRP2_TK/SRRP2_TK.insert.bed
2021-04-03 01:35:45,538 - INFO - Writing overlap_55/SRRP2_TK/SRRP2_TK.primer.tsv
2021-04-03 01:35:45,539 - INFO - Writing overlap_55/SRRP2_TK/SRRP2_TK.reference.fasta
2021-04-03 01:35:45,544 - INFO - Writing overlap_55/SRRP2_TK/SRRP2_TK.plot.pdf
2021-04-03 01:35:45,544 - INFO - Writing overlap_55/SRRP2_TK/SRRP2_TK.plot.svg
2021-04-03 01:35:45,568 - INFO - Writing overlap_55/SRRP2_TK/SRRP2_TK.report.json
2021-04-04 18:11:50,411 - INFO - Writing log to overlap_55/SRRP2_TK/SRRP2_TK.log
2021-04-04 18:11:50,428 - INFO - References:
 - SRRP2_TK
2021-04-04 18:11:50,428 - INFO - Primary reference for coordinate system: SRRP2_TK
2021-04-04 18:11:50,428 - INFO - Considering primers from all references
2021-04-04 18:11:54,606 - INFO - All done! Scheme created with 6 regions, 2 gaps, 77.49% coverage
2021-04-04 18:11:54,606 - INFO - Writing overlap_55/SRRP2_TK/SRRP2_TK.primer.bed
2021-04-04 18:11:54,609 - INFO - Writing overlap_55/SRRP2_TK/SRRP2_TK.insert.bed
2021-04-04 18:11:54,612 - INFO - Writing overlap_55/SRRP2_TK/SRRP2_TK.primer.tsv
2021-04-04 18:11:54,614 - INFO - Writing overlap_55/SRRP2_TK/SRRP2_TK.reference.fasta
2021-04-04 18:11:54,622 - INFO - Writing overlap_55/SRRP2_TK/SRRP2_TK.plot.pdf
2021-04-04 18:11:54,622 - INFO - Writing overlap_55/SRRP2_TK/SRRP2_TK.plot.svg
2021-04-04 18:11:54,646 - INFO - Writing overlap_55/SRRP2_TK/SRRP2_TK.report.json
