2021-04-03 01:45:36,141 - INFO - Writing log to overlap_60/IPDPI2_TK/IPDPI2_TK.log
2021-04-03 01:45:36,150 - INFO - References:
 - IPDPI2_TK
2021-04-03 01:45:36,150 - INFO - Primary reference for coordinate system: IPDPI2_TK
2021-04-03 01:45:36,150 - INFO - Considering primers from all references
2021-04-03 01:45:42,351 - INFO - All done! Scheme created with 8 regions, 1 gap, 78.77% coverage
2021-04-03 01:45:42,351 - INFO - Writing overlap_60/IPDPI2_TK/IPDPI2_TK.primer.bed
2021-04-03 01:45:42,352 - INFO - Writing overlap_60/IPDPI2_TK/IPDPI2_TK.insert.bed
2021-04-03 01:45:42,353 - INFO - Writing overlap_60/IPDPI2_TK/IPDPI2_TK.primer.tsv
2021-04-03 01:45:42,354 - INFO - Writing overlap_60/IPDPI2_TK/IPDPI2_TK.reference.fasta
2021-04-03 01:45:42,360 - INFO - Writing overlap_60/IPDPI2_TK/IPDPI2_TK.plot.pdf
2021-04-03 01:45:42,360 - INFO - Writing overlap_60/IPDPI2_TK/IPDPI2_TK.plot.svg
2021-04-03 01:45:42,385 - INFO - Writing overlap_60/IPDPI2_TK/IPDPI2_TK.report.json
2021-04-04 18:20:44,356 - INFO - Writing log to overlap_60/IPDPI2_TK/IPDPI2_TK.log
2021-04-04 18:20:44,375 - INFO - References:
 - IPDPI2_TK
2021-04-04 18:20:44,375 - INFO - Primary reference for coordinate system: IPDPI2_TK
2021-04-04 18:20:44,375 - INFO - Considering primers from all references
2021-04-04 18:20:50,005 - INFO - All done! Scheme created with 8 regions, 1 gap, 78.77% coverage
2021-04-04 18:20:50,005 - INFO - Writing overlap_60/IPDPI2_TK/IPDPI2_TK.primer.bed
2021-04-04 18:20:50,008 - INFO - Writing overlap_60/IPDPI2_TK/IPDPI2_TK.insert.bed
2021-04-04 18:20:50,011 - INFO - Writing overlap_60/IPDPI2_TK/IPDPI2_TK.primer.tsv
2021-04-04 18:20:50,013 - INFO - Writing overlap_60/IPDPI2_TK/IPDPI2_TK.reference.fasta
2021-04-04 18:20:50,021 - INFO - Writing overlap_60/IPDPI2_TK/IPDPI2_TK.plot.pdf
2021-04-04 18:20:50,021 - INFO - Writing overlap_60/IPDPI2_TK/IPDPI2_TK.plot.svg
2021-04-04 18:20:50,046 - INFO - Writing overlap_60/IPDPI2_TK/IPDPI2_TK.report.json
