2021-04-03 11:42:14,860 - INFO - Writing log to overlap_85/GGDPS1_TK/GGDPS1_TK.log
2021-04-03 11:42:14,866 - INFO - References:
 - GGDPS1_TK
2021-04-03 11:42:14,866 - INFO - Primary reference for coordinate system: GGDPS1_TK
2021-04-03 11:42:14,866 - INFO - Considering primers from all references
2021-04-03 11:42:18,541 - INFO - All done! Scheme created with 6 regions, 2 gaps, 81.14% coverage
2021-04-03 11:42:18,541 - INFO - Writing overlap_85/GGDPS1_TK/GGDPS1_TK.primer.bed
2021-04-03 11:42:18,542 - INFO - Writing overlap_85/GGDPS1_TK/GGDPS1_TK.insert.bed
2021-04-03 11:42:18,542 - INFO - Writing overlap_85/GGDPS1_TK/GGDPS1_TK.primer.tsv
2021-04-03 11:42:18,543 - INFO - Writing overlap_85/GGDPS1_TK/GGDPS1_TK.reference.fasta
2021-04-03 11:42:18,547 - INFO - Writing overlap_85/GGDPS1_TK/GGDPS1_TK.plot.pdf
2021-04-03 11:42:18,547 - INFO - Writing overlap_85/GGDPS1_TK/GGDPS1_TK.plot.svg
2021-04-03 11:42:18,566 - INFO - Writing overlap_85/GGDPS1_TK/GGDPS1_TK.report.json
2021-04-04 19:35:15,289 - INFO - Writing log to overlap_85/GGDPS1_TK/GGDPS1_TK.log
2021-04-04 19:35:15,306 - INFO - References:
 - GGDPS1_TK
2021-04-04 19:35:15,306 - INFO - Primary reference for coordinate system: GGDPS1_TK
2021-04-04 19:35:15,306 - INFO - Considering primers from all references
2021-04-04 19:35:19,413 - INFO - All done! Scheme created with 6 regions, 2 gaps, 81.14% coverage
2021-04-04 19:35:19,414 - INFO - Writing overlap_85/GGDPS1_TK/GGDPS1_TK.primer.bed
2021-04-04 19:35:19,417 - INFO - Writing overlap_85/GGDPS1_TK/GGDPS1_TK.insert.bed
2021-04-04 19:35:19,419 - INFO - Writing overlap_85/GGDPS1_TK/GGDPS1_TK.primer.tsv
2021-04-04 19:35:19,422 - INFO - Writing overlap_85/GGDPS1_TK/GGDPS1_TK.reference.fasta
2021-04-04 19:35:19,428 - INFO - Writing overlap_85/GGDPS1_TK/GGDPS1_TK.plot.pdf
2021-04-04 19:35:19,428 - INFO - Writing overlap_85/GGDPS1_TK/GGDPS1_TK.plot.svg
2021-04-04 19:35:19,451 - INFO - Writing overlap_85/GGDPS1_TK/GGDPS1_TK.report.json
