2021-04-03 01:55:05,291 - INFO - Writing log to overlap_65/3H3MC1_TK/3H3MC1_TK.log
2021-04-03 01:55:05,300 - INFO - References:
 - 3H3MC1_TK
2021-04-03 01:55:05,300 - INFO - Primary reference for coordinate system: 3H3MC1_TK
2021-04-03 01:55:05,300 - INFO - Considering primers from all references
2021-04-03 01:55:11,328 - INFO - All done! Scheme created with 8 regions, 3 gaps, 78.69% coverage
2021-04-03 01:55:11,328 - INFO - Writing overlap_65/3H3MC1_TK/3H3MC1_TK.primer.bed
2021-04-03 01:55:11,329 - INFO - Writing overlap_65/3H3MC1_TK/3H3MC1_TK.insert.bed
2021-04-03 01:55:11,330 - INFO - Writing overlap_65/3H3MC1_TK/3H3MC1_TK.primer.tsv
2021-04-03 01:55:11,331 - INFO - Writing overlap_65/3H3MC1_TK/3H3MC1_TK.reference.fasta
2021-04-03 01:55:11,337 - INFO - Writing overlap_65/3H3MC1_TK/3H3MC1_TK.plot.pdf
2021-04-03 01:55:11,337 - INFO - Writing overlap_65/3H3MC1_TK/3H3MC1_TK.plot.svg
2021-04-03 01:55:11,363 - INFO - Writing overlap_65/3H3MC1_TK/3H3MC1_TK.report.json
2021-04-04 18:29:14,800 - INFO - Writing log to overlap_65/3H3MC1_TK/3H3MC1_TK.log
2021-04-04 18:29:14,846 - INFO - References:
 - 3H3MC1_TK
2021-04-04 18:29:14,846 - INFO - Primary reference for coordinate system: 3H3MC1_TK
2021-04-04 18:29:14,846 - INFO - Considering primers from all references
2021-04-04 18:29:20,301 - INFO - All done! Scheme created with 8 regions, 3 gaps, 78.69% coverage
2021-04-04 18:29:20,301 - INFO - Writing overlap_65/3H3MC1_TK/3H3MC1_TK.primer.bed
2021-04-04 18:29:20,304 - INFO - Writing overlap_65/3H3MC1_TK/3H3MC1_TK.insert.bed
2021-04-04 18:29:20,306 - INFO - Writing overlap_65/3H3MC1_TK/3H3MC1_TK.primer.tsv
2021-04-04 18:29:20,309 - INFO - Writing overlap_65/3H3MC1_TK/3H3MC1_TK.reference.fasta
2021-04-04 18:29:20,316 - INFO - Writing overlap_65/3H3MC1_TK/3H3MC1_TK.plot.pdf
2021-04-04 18:29:20,316 - INFO - Writing overlap_65/3H3MC1_TK/3H3MC1_TK.plot.svg
2021-04-04 18:29:20,343 - INFO - Writing overlap_65/3H3MC1_TK/3H3MC1_TK.report.json
