2021-04-03 11:44:18,861 - INFO - Writing log to overlap_85/OC5_TK/OC5_TK.log
2021-04-03 11:44:18,868 - INFO - References:
 - OC5_TK
2021-04-03 11:44:18,868 - INFO - Primary reference for coordinate system: OC5_TK
2021-04-03 11:44:18,868 - INFO - Considering primers from all references
2021-04-03 11:44:38,217 - INFO - All done! Scheme created with 28 regions, 10 gaps, 87.99% coverage
2021-04-03 11:44:38,217 - INFO - Writing overlap_85/OC5_TK/OC5_TK.primer.bed
2021-04-03 11:44:38,218 - INFO - Writing overlap_85/OC5_TK/OC5_TK.insert.bed
2021-04-03 11:44:38,219 - INFO - Writing overlap_85/OC5_TK/OC5_TK.primer.tsv
2021-04-03 11:44:38,220 - INFO - Writing overlap_85/OC5_TK/OC5_TK.reference.fasta
2021-04-03 11:44:38,233 - INFO - Writing overlap_85/OC5_TK/OC5_TK.plot.pdf
2021-04-03 11:44:38,233 - INFO - Writing overlap_85/OC5_TK/OC5_TK.plot.svg
2021-04-03 11:44:38,283 - INFO - Writing overlap_85/OC5_TK/OC5_TK.report.json
2021-04-04 19:37:33,410 - INFO - Writing log to overlap_85/OC5_TK/OC5_TK.log
2021-04-04 19:37:33,429 - INFO - References:
 - OC5_TK
2021-04-04 19:37:33,429 - INFO - Primary reference for coordinate system: OC5_TK
2021-04-04 19:37:33,429 - INFO - Considering primers from all references
2021-04-04 19:37:55,122 - INFO - All done! Scheme created with 28 regions, 10 gaps, 87.99% coverage
2021-04-04 19:37:55,122 - INFO - Writing overlap_85/OC5_TK/OC5_TK.primer.bed
2021-04-04 19:37:55,126 - INFO - Writing overlap_85/OC5_TK/OC5_TK.insert.bed
2021-04-04 19:37:55,128 - INFO - Writing overlap_85/OC5_TK/OC5_TK.primer.tsv
2021-04-04 19:37:55,130 - INFO - Writing overlap_85/OC5_TK/OC5_TK.reference.fasta
2021-04-04 19:37:55,147 - INFO - Writing overlap_85/OC5_TK/OC5_TK.plot.pdf
2021-04-04 19:37:55,147 - INFO - Writing overlap_85/OC5_TK/OC5_TK.plot.svg
2021-04-04 19:37:55,205 - INFO - Writing overlap_85/OC5_TK/OC5_TK.report.json
