2021-04-03 11:15:35,384 - INFO - Writing log to overlap_75/HSCP70-1_TK/HSCP70-1_TK.log
2021-04-03 11:15:35,400 - INFO - References:
 - HSCP70-1_TK
2021-04-03 11:15:35,400 - INFO - Primary reference for coordinate system: HSCP70-1_TK
2021-04-03 11:15:35,400 - INFO - Considering primers from all references
2021-04-03 11:15:40,213 - INFO - All done! Scheme created with 8 regions, 2 gaps, 74.2% coverage
2021-04-03 11:15:40,213 - INFO - Writing overlap_75/HSCP70-1_TK/HSCP70-1_TK.primer.bed
2021-04-03 11:15:40,214 - INFO - Writing overlap_75/HSCP70-1_TK/HSCP70-1_TK.insert.bed
2021-04-03 11:15:40,215 - INFO - Writing overlap_75/HSCP70-1_TK/HSCP70-1_TK.primer.tsv
2021-04-03 11:15:40,215 - INFO - Writing overlap_75/HSCP70-1_TK/HSCP70-1_TK.reference.fasta
2021-04-03 11:15:40,220 - INFO - Writing overlap_75/HSCP70-1_TK/HSCP70-1_TK.plot.pdf
2021-04-03 11:15:40,220 - INFO - Writing overlap_75/HSCP70-1_TK/HSCP70-1_TK.plot.svg
2021-04-03 11:15:40,243 - INFO - Writing overlap_75/HSCP70-1_TK/HSCP70-1_TK.report.json
2021-04-04 19:05:35,945 - INFO - Writing log to overlap_75/HSCP70-1_TK/HSCP70-1_TK.log
2021-04-04 19:05:35,964 - INFO - References:
 - HSCP70-1_TK
2021-04-04 19:05:35,965 - INFO - Primary reference for coordinate system: HSCP70-1_TK
2021-04-04 19:05:35,965 - INFO - Considering primers from all references
2021-04-04 19:05:41,285 - INFO - All done! Scheme created with 8 regions, 2 gaps, 74.2% coverage
2021-04-04 19:05:41,285 - INFO - Writing overlap_75/HSCP70-1_TK/HSCP70-1_TK.primer.bed
2021-04-04 19:05:41,289 - INFO - Writing overlap_75/HSCP70-1_TK/HSCP70-1_TK.insert.bed
2021-04-04 19:05:41,291 - INFO - Writing overlap_75/HSCP70-1_TK/HSCP70-1_TK.primer.tsv
2021-04-04 19:05:41,294 - INFO - Writing overlap_75/HSCP70-1_TK/HSCP70-1_TK.reference.fasta
2021-04-04 19:05:41,302 - INFO - Writing overlap_75/HSCP70-1_TK/HSCP70-1_TK.plot.pdf
2021-04-04 19:05:41,302 - INFO - Writing overlap_75/HSCP70-1_TK/HSCP70-1_TK.plot.svg
2021-04-04 19:05:41,330 - INFO - Writing overlap_75/HSCP70-1_TK/HSCP70-1_TK.report.json
