2021-04-03 00:55:14,995 - INFO - Writing log to overlap_45/GGDPS2_TK/GGDPS2_TK.log
2021-04-03 00:55:15,015 - INFO - References:
 - GGDPS2_TK
2021-04-03 00:55:15,015 - INFO - Primary reference for coordinate system: GGDPS2_TK
2021-04-03 00:55:15,015 - INFO - Considering primers from all references
2021-04-03 00:55:19,516 - INFO - All done! Scheme created with 6 regions, 1 gap, 71.37% coverage
2021-04-03 00:55:19,516 - INFO - Writing overlap_45/GGDPS2_TK/GGDPS2_TK.primer.bed
2021-04-03 00:55:19,518 - INFO - Writing overlap_45/GGDPS2_TK/GGDPS2_TK.insert.bed
2021-04-03 00:55:19,518 - INFO - Writing overlap_45/GGDPS2_TK/GGDPS2_TK.primer.tsv
2021-04-03 00:55:19,519 - INFO - Writing overlap_45/GGDPS2_TK/GGDPS2_TK.reference.fasta
2021-04-03 00:55:19,525 - INFO - Writing overlap_45/GGDPS2_TK/GGDPS2_TK.plot.pdf
2021-04-03 00:55:19,525 - INFO - Writing overlap_45/GGDPS2_TK/GGDPS2_TK.plot.svg
2021-04-03 00:55:19,548 - INFO - Writing overlap_45/GGDPS2_TK/GGDPS2_TK.report.json
2021-04-04 17:35:22,741 - INFO - Writing log to overlap_45/GGDPS2_TK/GGDPS2_TK.log
2021-04-04 17:35:22,764 - INFO - References:
 - GGDPS2_TK
2021-04-04 17:35:22,765 - INFO - Primary reference for coordinate system: GGDPS2_TK
2021-04-04 17:35:22,765 - INFO - Considering primers from all references
2021-04-04 17:35:26,897 - INFO - All done! Scheme created with 6 regions, 1 gap, 71.37% coverage
2021-04-04 17:35:26,898 - INFO - Writing overlap_45/GGDPS2_TK/GGDPS2_TK.primer.bed
2021-04-04 17:35:26,902 - INFO - Writing overlap_45/GGDPS2_TK/GGDPS2_TK.insert.bed
2021-04-04 17:35:26,905 - INFO - Writing overlap_45/GGDPS2_TK/GGDPS2_TK.primer.tsv
2021-04-04 17:35:26,909 - INFO - Writing overlap_45/GGDPS2_TK/GGDPS2_TK.reference.fasta
2021-04-04 17:35:26,917 - INFO - Writing overlap_45/GGDPS2_TK/GGDPS2_TK.plot.pdf
2021-04-04 17:35:26,917 - INFO - Writing overlap_45/GGDPS2_TK/GGDPS2_TK.plot.svg
2021-04-04 17:35:26,943 - INFO - Writing overlap_45/GGDPS2_TK/GGDPS2_TK.report.json
