2021-04-03 11:45:37,920 - INFO - Writing log to overlap_85/PPMK1_TK/PPMK1_TK.log
2021-04-03 11:45:37,926 - INFO - References:
 - PPMK1_TK
2021-04-03 11:45:37,926 - INFO - Primary reference for coordinate system: PPMK1_TK
2021-04-03 11:45:37,926 - INFO - Considering primers from all references
2021-04-03 11:45:44,440 - INFO - All done! Scheme created with 10 regions, 0 gaps, 84.4% coverage
2021-04-03 11:45:44,441 - INFO - Writing overlap_85/PPMK1_TK/PPMK1_TK.primer.bed
2021-04-03 11:45:44,442 - INFO - Writing overlap_85/PPMK1_TK/PPMK1_TK.insert.bed
2021-04-03 11:45:44,442 - INFO - Writing overlap_85/PPMK1_TK/PPMK1_TK.primer.tsv
2021-04-03 11:45:44,443 - INFO - Writing overlap_85/PPMK1_TK/PPMK1_TK.reference.fasta
2021-04-03 11:45:44,449 - INFO - Writing overlap_85/PPMK1_TK/PPMK1_TK.plot.pdf
2021-04-03 11:45:44,449 - INFO - Writing overlap_85/PPMK1_TK/PPMK1_TK.plot.svg
2021-04-03 11:45:44,474 - INFO - Writing overlap_85/PPMK1_TK/PPMK1_TK.report.json
2021-04-04 19:39:01,130 - INFO - Writing log to overlap_85/PPMK1_TK/PPMK1_TK.log
2021-04-04 19:39:01,159 - INFO - References:
 - PPMK1_TK
2021-04-04 19:39:01,159 - INFO - Primary reference for coordinate system: PPMK1_TK
2021-04-04 19:39:01,159 - INFO - Considering primers from all references
2021-04-04 19:39:08,392 - INFO - All done! Scheme created with 10 regions, 0 gaps, 84.4% coverage
2021-04-04 19:39:08,392 - INFO - Writing overlap_85/PPMK1_TK/PPMK1_TK.primer.bed
2021-04-04 19:39:08,395 - INFO - Writing overlap_85/PPMK1_TK/PPMK1_TK.insert.bed
2021-04-04 19:39:08,398 - INFO - Writing overlap_85/PPMK1_TK/PPMK1_TK.primer.tsv
2021-04-04 19:39:08,400 - INFO - Writing overlap_85/PPMK1_TK/PPMK1_TK.reference.fasta
2021-04-04 19:39:08,409 - INFO - Writing overlap_85/PPMK1_TK/PPMK1_TK.plot.pdf
2021-04-04 19:39:08,409 - INFO - Writing overlap_85/PPMK1_TK/PPMK1_TK.plot.svg
2021-04-04 19:39:08,441 - INFO - Writing overlap_85/PPMK1_TK/PPMK1_TK.report.json
