2021-04-03 11:28:01,889 - INFO - Writing log to overlap_80/FTC_TK/FTC_TK.log
2021-04-03 11:28:01,896 - INFO - References:
 - FTC_TK
2021-04-03 11:28:01,896 - INFO - Primary reference for coordinate system: FTC_TK
2021-04-03 11:28:01,896 - INFO - Considering primers from all references
2021-04-03 11:28:31,041 - INFO - All done! Scheme created with 37 regions, 11 gaps, 88.76% coverage
2021-04-03 11:28:31,041 - INFO - Writing overlap_80/FTC_TK/FTC_TK.primer.bed
2021-04-03 11:28:31,043 - INFO - Writing overlap_80/FTC_TK/FTC_TK.insert.bed
2021-04-03 11:28:31,044 - INFO - Writing overlap_80/FTC_TK/FTC_TK.primer.tsv
2021-04-03 11:28:31,045 - INFO - Writing overlap_80/FTC_TK/FTC_TK.reference.fasta
2021-04-03 11:28:31,062 - INFO - Writing overlap_80/FTC_TK/FTC_TK.plot.pdf
2021-04-03 11:28:31,062 - INFO - Writing overlap_80/FTC_TK/FTC_TK.plot.svg
2021-04-03 11:28:31,124 - INFO - Writing overlap_80/FTC_TK/FTC_TK.report.json
2021-04-04 19:19:25,579 - INFO - Writing log to overlap_80/FTC_TK/FTC_TK.log
2021-04-04 19:19:25,609 - INFO - References:
 - FTC_TK
2021-04-04 19:19:25,609 - INFO - Primary reference for coordinate system: FTC_TK
2021-04-04 19:19:25,609 - INFO - Considering primers from all references
2021-04-04 19:19:58,119 - INFO - All done! Scheme created with 37 regions, 11 gaps, 88.76% coverage
2021-04-04 19:19:58,119 - INFO - Writing overlap_80/FTC_TK/FTC_TK.primer.bed
2021-04-04 19:19:58,123 - INFO - Writing overlap_80/FTC_TK/FTC_TK.insert.bed
2021-04-04 19:19:58,125 - INFO - Writing overlap_80/FTC_TK/FTC_TK.primer.tsv
2021-04-04 19:19:58,128 - INFO - Writing overlap_80/FTC_TK/FTC_TK.reference.fasta
2021-04-04 19:19:58,149 - INFO - Writing overlap_80/FTC_TK/FTC_TK.plot.pdf
2021-04-04 19:19:58,149 - INFO - Writing overlap_80/FTC_TK/FTC_TK.plot.svg
2021-04-04 19:19:58,223 - INFO - Writing overlap_80/FTC_TK/FTC_TK.report.json
