2021-04-03 00:29:57,349 - INFO - Writing log to overlap_40/1DDX5PR1_TK/1DDX5PR1_TK.log
2021-04-03 00:29:57,453 - INFO - References:
 - 1DDX5PR1_TK
2021-04-03 00:29:57,453 - INFO - Primary reference for coordinate system: 1DDX5PR1_TK
2021-04-03 00:29:57,453 - INFO - Considering primers from all references
2021-04-03 00:30:06,888 - INFO - All done! Scheme created with 12 regions, 2 gaps, 84.54% coverage
2021-04-03 00:30:06,888 - INFO - Writing overlap_40/1DDX5PR1_TK/1DDX5PR1_TK.primer.bed
2021-04-03 00:30:06,890 - INFO - Writing overlap_40/1DDX5PR1_TK/1DDX5PR1_TK.insert.bed
2021-04-03 00:30:06,891 - INFO - Writing overlap_40/1DDX5PR1_TK/1DDX5PR1_TK.primer.tsv
2021-04-03 00:30:06,893 - INFO - Writing overlap_40/1DDX5PR1_TK/1DDX5PR1_TK.reference.fasta
2021-04-03 00:30:06,901 - INFO - Writing overlap_40/1DDX5PR1_TK/1DDX5PR1_TK.plot.pdf
2021-04-03 00:30:06,901 - INFO - Writing overlap_40/1DDX5PR1_TK/1DDX5PR1_TK.plot.svg
2021-04-03 00:30:06,980 - INFO - Writing overlap_40/1DDX5PR1_TK/1DDX5PR1_TK.report.json
2021-04-04 17:12:30,252 - INFO - Writing log to overlap_40/1DDX5PR1_TK/1DDX5PR1_TK.log
2021-04-04 17:12:30,471 - INFO - References:
 - 1DDX5PR1_TK
2021-04-04 17:12:30,472 - INFO - Primary reference for coordinate system: 1DDX5PR1_TK
2021-04-04 17:12:30,472 - INFO - Considering primers from all references
2021-04-04 17:12:39,180 - INFO - All done! Scheme created with 12 regions, 2 gaps, 84.54% coverage
2021-04-04 17:12:39,180 - INFO - Writing overlap_40/1DDX5PR1_TK/1DDX5PR1_TK.primer.bed
2021-04-04 17:12:39,187 - INFO - Writing overlap_40/1DDX5PR1_TK/1DDX5PR1_TK.insert.bed
2021-04-04 17:12:39,191 - INFO - Writing overlap_40/1DDX5PR1_TK/1DDX5PR1_TK.primer.tsv
2021-04-04 17:12:39,196 - INFO - Writing overlap_40/1DDX5PR1_TK/1DDX5PR1_TK.reference.fasta
2021-04-04 17:12:39,206 - INFO - Writing overlap_40/1DDX5PR1_TK/1DDX5PR1_TK.plot.pdf
2021-04-04 17:12:39,206 - INFO - Writing overlap_40/1DDX5PR1_TK/1DDX5PR1_TK.plot.svg
2021-04-04 17:12:39,290 - INFO - Writing overlap_40/1DDX5PR1_TK/1DDX5PR1_TK.report.json
