2021-04-02 20:49:12,359 - INFO - Writing log to overlap_70/SQE3_TK/SQE3_TK.log
2021-04-02 20:49:12,381 - INFO - References:
 - SQE3_TK
2021-04-02 20:49:12,381 - INFO - Primary reference for coordinate system: SQE3_TK
2021-04-02 20:49:12,381 - INFO - Considering primers from all references
2021-04-02 20:49:22,430 - INFO - All done! Scheme created with 13 regions, 4 gaps, 87.83% coverage
2021-04-02 20:49:22,431 - INFO - Writing overlap_70/SQE3_TK/SQE3_TK.primer.bed
2021-04-02 20:49:22,432 - INFO - Writing overlap_70/SQE3_TK/SQE3_TK.insert.bed
2021-04-02 20:49:22,433 - INFO - Writing overlap_70/SQE3_TK/SQE3_TK.primer.tsv
2021-04-02 20:49:22,434 - INFO - Writing overlap_70/SQE3_TK/SQE3_TK.reference.fasta
2021-04-02 20:49:22,443 - INFO - Writing overlap_70/SQE3_TK/SQE3_TK.plot.pdf
2021-04-02 20:49:22,443 - INFO - Writing overlap_70/SQE3_TK/SQE3_TK.plot.svg
2021-04-02 20:49:22,477 - INFO - Writing overlap_70/SQE3_TK/SQE3_TK.report.json
2021-04-03 02:24:05,769 - INFO - Writing log to overlap_70/SQE3_TK/SQE3_TK.log
2021-04-03 02:24:05,789 - INFO - References:
 - SQE3_TK
2021-04-03 02:24:05,789 - INFO - Primary reference for coordinate system: SQE3_TK
2021-04-03 02:24:05,789 - INFO - Considering primers from all references
2021-04-03 02:24:15,806 - INFO - All done! Scheme created with 13 regions, 4 gaps, 87.83% coverage
2021-04-03 02:24:15,806 - INFO - Writing overlap_70/SQE3_TK/SQE3_TK.primer.bed
2021-04-03 02:24:15,811 - INFO - Writing overlap_70/SQE3_TK/SQE3_TK.insert.bed
2021-04-03 02:24:15,816 - INFO - Writing overlap_70/SQE3_TK/SQE3_TK.primer.tsv
2021-04-03 02:24:15,821 - INFO - Writing overlap_70/SQE3_TK/SQE3_TK.reference.fasta
2021-04-03 02:24:15,835 - INFO - Writing overlap_70/SQE3_TK/SQE3_TK.plot.pdf
2021-04-03 02:24:15,835 - INFO - Writing overlap_70/SQE3_TK/SQE3_TK.plot.svg
2021-04-03 02:24:15,877 - INFO - Writing overlap_70/SQE3_TK/SQE3_TK.report.json
2021-04-04 18:55:45,151 - INFO - Writing log to overlap_70/SQE3_TK/SQE3_TK.log
2021-04-04 18:55:45,172 - INFO - References:
 - SQE3_TK
2021-04-04 18:55:45,172 - INFO - Primary reference for coordinate system: SQE3_TK
2021-04-04 18:55:45,173 - INFO - Considering primers from all references
2021-04-04 18:55:54,368 - INFO - All done! Scheme created with 13 regions, 4 gaps, 87.83% coverage
2021-04-04 18:55:54,368 - INFO - Writing overlap_70/SQE3_TK/SQE3_TK.primer.bed
2021-04-04 18:55:54,371 - INFO - Writing overlap_70/SQE3_TK/SQE3_TK.insert.bed
2021-04-04 18:55:54,373 - INFO - Writing overlap_70/SQE3_TK/SQE3_TK.primer.tsv
2021-04-04 18:55:54,375 - INFO - Writing overlap_70/SQE3_TK/SQE3_TK.reference.fasta
2021-04-04 18:55:54,385 - INFO - Writing overlap_70/SQE3_TK/SQE3_TK.plot.pdf
2021-04-04 18:55:54,385 - INFO - Writing overlap_70/SQE3_TK/SQE3_TK.plot.svg
2021-04-04 18:55:54,419 - INFO - Writing overlap_70/SQE3_TK/SQE3_TK.report.json
