2021-04-03 01:42:27,048 - INFO - Writing log to overlap_60/CYP716A263_TK/CYP716A263_TK.log
2021-04-03 01:42:27,056 - INFO - References:
 - CYP716A263_TK
2021-04-03 01:42:27,056 - INFO - Primary reference for coordinate system: CYP716A263_TK
2021-04-03 01:42:27,056 - INFO - Considering primers from all references
2021-04-03 01:42:35,039 - INFO - All done! Scheme created with 10 regions, 4 gaps, 79.4% coverage
2021-04-03 01:42:35,039 - INFO - Writing overlap_60/CYP716A263_TK/CYP716A263_TK.primer.bed
2021-04-03 01:42:35,040 - INFO - Writing overlap_60/CYP716A263_TK/CYP716A263_TK.insert.bed
2021-04-03 01:42:35,041 - INFO - Writing overlap_60/CYP716A263_TK/CYP716A263_TK.primer.tsv
2021-04-03 01:42:35,042 - INFO - Writing overlap_60/CYP716A263_TK/CYP716A263_TK.reference.fasta
2021-04-03 01:42:35,049 - INFO - Writing overlap_60/CYP716A263_TK/CYP716A263_TK.plot.pdf
2021-04-03 01:42:35,049 - INFO - Writing overlap_60/CYP716A263_TK/CYP716A263_TK.plot.svg
2021-04-03 01:42:35,079 - INFO - Writing overlap_60/CYP716A263_TK/CYP716A263_TK.report.json
2021-04-04 18:17:53,046 - INFO - Writing log to overlap_60/CYP716A263_TK/CYP716A263_TK.log
2021-04-04 18:17:53,069 - INFO - References:
 - CYP716A263_TK
2021-04-04 18:17:53,069 - INFO - Primary reference for coordinate system: CYP716A263_TK
2021-04-04 18:17:53,069 - INFO - Considering primers from all references
2021-04-04 18:18:00,224 - INFO - All done! Scheme created with 10 regions, 4 gaps, 79.4% coverage
2021-04-04 18:18:00,225 - INFO - Writing overlap_60/CYP716A263_TK/CYP716A263_TK.primer.bed
2021-04-04 18:18:00,227 - INFO - Writing overlap_60/CYP716A263_TK/CYP716A263_TK.insert.bed
2021-04-04 18:18:00,230 - INFO - Writing overlap_60/CYP716A263_TK/CYP716A263_TK.primer.tsv
2021-04-04 18:18:00,233 - INFO - Writing overlap_60/CYP716A263_TK/CYP716A263_TK.reference.fasta
2021-04-04 18:18:00,241 - INFO - Writing overlap_60/CYP716A263_TK/CYP716A263_TK.plot.pdf
2021-04-04 18:18:00,242 - INFO - Writing overlap_60/CYP716A263_TK/CYP716A263_TK.plot.svg
2021-04-04 18:18:00,274 - INFO - Writing overlap_60/CYP716A263_TK/CYP716A263_TK.report.json
