2021-04-03 01:55:25,407 - INFO - Writing log to overlap_65/3H3MCR3_TK/3H3MCR3_TK.log
2021-04-03 01:55:25,416 - INFO - References:
 - 3H3MCR3_TK
2021-04-03 01:55:25,416 - INFO - Primary reference for coordinate system: 3H3MCR3_TK
2021-04-03 01:55:25,416 - INFO - Considering primers from all references
2021-04-03 01:55:31,305 - INFO - All done! Scheme created with 8 regions, 2 gaps, 89.6% coverage
2021-04-03 01:55:31,305 - INFO - Writing overlap_65/3H3MCR3_TK/3H3MCR3_TK.primer.bed
2021-04-03 01:55:31,306 - INFO - Writing overlap_65/3H3MCR3_TK/3H3MCR3_TK.insert.bed
2021-04-03 01:55:31,307 - INFO - Writing overlap_65/3H3MCR3_TK/3H3MCR3_TK.primer.tsv
2021-04-03 01:55:31,308 - INFO - Writing overlap_65/3H3MCR3_TK/3H3MCR3_TK.reference.fasta
2021-04-03 01:55:31,314 - INFO - Writing overlap_65/3H3MCR3_TK/3H3MCR3_TK.plot.pdf
2021-04-03 01:55:31,314 - INFO - Writing overlap_65/3H3MCR3_TK/3H3MCR3_TK.plot.svg
2021-04-03 01:55:31,339 - INFO - Writing overlap_65/3H3MCR3_TK/3H3MCR3_TK.report.json
2021-04-04 18:29:32,919 - INFO - Writing log to overlap_65/3H3MCR3_TK/3H3MCR3_TK.log
2021-04-04 18:29:32,943 - INFO - References:
 - 3H3MCR3_TK
2021-04-04 18:29:32,943 - INFO - Primary reference for coordinate system: 3H3MCR3_TK
2021-04-04 18:29:32,943 - INFO - Considering primers from all references
2021-04-04 18:29:38,294 - INFO - All done! Scheme created with 8 regions, 2 gaps, 89.6% coverage
2021-04-04 18:29:38,294 - INFO - Writing overlap_65/3H3MCR3_TK/3H3MCR3_TK.primer.bed
2021-04-04 18:29:38,297 - INFO - Writing overlap_65/3H3MCR3_TK/3H3MCR3_TK.insert.bed
2021-04-04 18:29:38,300 - INFO - Writing overlap_65/3H3MCR3_TK/3H3MCR3_TK.primer.tsv
2021-04-04 18:29:38,302 - INFO - Writing overlap_65/3H3MCR3_TK/3H3MCR3_TK.reference.fasta
2021-04-04 18:29:38,309 - INFO - Writing overlap_65/3H3MCR3_TK/3H3MCR3_TK.plot.pdf
2021-04-04 18:29:38,309 - INFO - Writing overlap_65/3H3MCR3_TK/3H3MCR3_TK.plot.svg
2021-04-04 18:29:38,335 - INFO - Writing overlap_65/3H3MCR3_TK/3H3MCR3_TK.report.json
