2021-04-03 11:14:12,009 - INFO - Writing log to overlap_75/ETR1_TK/ETR1_TK.log
2021-04-03 11:14:12,029 - INFO - References:
 - ETR1_TK
2021-04-03 11:14:12,029 - INFO - Primary reference for coordinate system: ETR1_TK
2021-04-03 11:14:12,029 - INFO - Considering primers from all references
2021-04-03 11:14:20,673 - INFO - All done! Scheme created with 14 regions, 6 gaps, 73.52% coverage
2021-04-03 11:14:20,674 - INFO - Writing overlap_75/ETR1_TK/ETR1_TK.primer.bed
2021-04-03 11:14:20,675 - INFO - Writing overlap_75/ETR1_TK/ETR1_TK.insert.bed
2021-04-03 11:14:20,676 - INFO - Writing overlap_75/ETR1_TK/ETR1_TK.primer.tsv
2021-04-03 11:14:20,676 - INFO - Writing overlap_75/ETR1_TK/ETR1_TK.reference.fasta
2021-04-03 11:14:20,684 - INFO - Writing overlap_75/ETR1_TK/ETR1_TK.plot.pdf
2021-04-03 11:14:20,684 - INFO - Writing overlap_75/ETR1_TK/ETR1_TK.plot.svg
2021-04-03 11:14:20,713 - INFO - Writing overlap_75/ETR1_TK/ETR1_TK.report.json
2021-04-04 19:04:02,253 - INFO - Writing log to overlap_75/ETR1_TK/ETR1_TK.log
2021-04-04 19:04:02,277 - INFO - References:
 - ETR1_TK
2021-04-04 19:04:02,277 - INFO - Primary reference for coordinate system: ETR1_TK
2021-04-04 19:04:02,277 - INFO - Considering primers from all references
2021-04-04 19:04:11,940 - INFO - All done! Scheme created with 14 regions, 6 gaps, 73.52% coverage
2021-04-04 19:04:11,940 - INFO - Writing overlap_75/ETR1_TK/ETR1_TK.primer.bed
2021-04-04 19:04:11,944 - INFO - Writing overlap_75/ETR1_TK/ETR1_TK.insert.bed
2021-04-04 19:04:11,947 - INFO - Writing overlap_75/ETR1_TK/ETR1_TK.primer.tsv
2021-04-04 19:04:11,950 - INFO - Writing overlap_75/ETR1_TK/ETR1_TK.reference.fasta
2021-04-04 19:04:11,960 - INFO - Writing overlap_75/ETR1_TK/ETR1_TK.plot.pdf
2021-04-04 19:04:11,961 - INFO - Writing overlap_75/ETR1_TK/ETR1_TK.plot.svg
2021-04-04 19:04:11,998 - INFO - Writing overlap_75/ETR1_TK/ETR1_TK.report.json
