2021-04-03 00:58:35,104 - INFO - Writing log to overlap_45/PEC2_TK/PEC2_TK.log
2021-04-03 00:58:35,113 - INFO - References:
 - PEC2_TK
2021-04-03 00:58:35,113 - INFO - Primary reference for coordinate system: PEC2_TK
2021-04-03 00:58:35,113 - INFO - Considering primers from all references
2021-04-03 00:58:41,290 - INFO - All done! Scheme created with 8 regions, 3 gaps, 77.19% coverage
2021-04-03 00:58:41,290 - INFO - Writing overlap_45/PEC2_TK/PEC2_TK.primer.bed
2021-04-03 00:58:41,291 - INFO - Writing overlap_45/PEC2_TK/PEC2_TK.insert.bed
2021-04-03 00:58:41,292 - INFO - Writing overlap_45/PEC2_TK/PEC2_TK.primer.tsv
2021-04-03 00:58:41,293 - INFO - Writing overlap_45/PEC2_TK/PEC2_TK.reference.fasta
2021-04-03 00:58:41,299 - INFO - Writing overlap_45/PEC2_TK/PEC2_TK.plot.pdf
2021-04-03 00:58:41,299 - INFO - Writing overlap_45/PEC2_TK/PEC2_TK.plot.svg
2021-04-03 00:58:41,326 - INFO - Writing overlap_45/PEC2_TK/PEC2_TK.report.json
2021-04-04 17:38:23,001 - INFO - Writing log to overlap_45/PEC2_TK/PEC2_TK.log
2021-04-04 17:38:23,022 - INFO - References:
 - PEC2_TK
2021-04-04 17:38:23,022 - INFO - Primary reference for coordinate system: PEC2_TK
2021-04-04 17:38:23,022 - INFO - Considering primers from all references
2021-04-04 17:38:28,524 - INFO - All done! Scheme created with 8 regions, 3 gaps, 77.19% coverage
2021-04-04 17:38:28,525 - INFO - Writing overlap_45/PEC2_TK/PEC2_TK.primer.bed
2021-04-04 17:38:28,528 - INFO - Writing overlap_45/PEC2_TK/PEC2_TK.insert.bed
2021-04-04 17:38:28,531 - INFO - Writing overlap_45/PEC2_TK/PEC2_TK.primer.tsv
2021-04-04 17:38:28,534 - INFO - Writing overlap_45/PEC2_TK/PEC2_TK.reference.fasta
2021-04-04 17:38:28,542 - INFO - Writing overlap_45/PEC2_TK/PEC2_TK.plot.pdf
2021-04-04 17:38:28,542 - INFO - Writing overlap_45/PEC2_TK/PEC2_TK.plot.svg
2021-04-04 17:38:28,570 - INFO - Writing overlap_45/PEC2_TK/PEC2_TK.report.json
