2021-04-02 20:44:57,313 - INFO - Writing log to overlap_70/MLP28_TK/MLP28_TK.log
2021-04-02 20:44:57,321 - INFO - References:
 - MLP28_TK
2021-04-02 20:44:57,321 - INFO - Primary reference for coordinate system: MLP28_TK
2021-04-02 20:44:57,321 - INFO - Considering primers from all references
2021-04-02 20:44:59,099 - INFO - All done! Scheme created with 3 regions, 0 gaps, 73.47% coverage
2021-04-02 20:44:59,099 - INFO - Writing overlap_70/MLP28_TK/MLP28_TK.primer.bed
2021-04-02 20:44:59,100 - INFO - Writing overlap_70/MLP28_TK/MLP28_TK.insert.bed
2021-04-02 20:44:59,101 - INFO - Writing overlap_70/MLP28_TK/MLP28_TK.primer.tsv
2021-04-02 20:44:59,102 - INFO - Writing overlap_70/MLP28_TK/MLP28_TK.reference.fasta
2021-04-02 20:44:59,105 - INFO - Writing overlap_70/MLP28_TK/MLP28_TK.plot.pdf
2021-04-02 20:44:59,105 - INFO - Writing overlap_70/MLP28_TK/MLP28_TK.plot.svg
2021-04-02 20:44:59,118 - INFO - Writing overlap_70/MLP28_TK/MLP28_TK.report.json
2021-04-03 02:19:04,040 - INFO - Writing log to overlap_70/MLP28_TK/MLP28_TK.log
2021-04-03 02:19:04,071 - INFO - References:
 - MLP28_TK
2021-04-03 02:19:04,071 - INFO - Primary reference for coordinate system: MLP28_TK
2021-04-03 02:19:04,071 - INFO - Considering primers from all references
2021-04-03 02:19:06,302 - INFO - All done! Scheme created with 3 regions, 0 gaps, 73.47% coverage
2021-04-03 02:19:06,302 - INFO - Writing overlap_70/MLP28_TK/MLP28_TK.primer.bed
2021-04-03 02:19:06,307 - INFO - Writing overlap_70/MLP28_TK/MLP28_TK.insert.bed
2021-04-03 02:19:06,312 - INFO - Writing overlap_70/MLP28_TK/MLP28_TK.primer.tsv
2021-04-03 02:19:06,316 - INFO - Writing overlap_70/MLP28_TK/MLP28_TK.reference.fasta
2021-04-03 02:19:06,323 - INFO - Writing overlap_70/MLP28_TK/MLP28_TK.plot.pdf
2021-04-03 02:19:06,323 - INFO - Writing overlap_70/MLP28_TK/MLP28_TK.plot.svg
2021-04-03 02:19:06,347 - INFO - Writing overlap_70/MLP28_TK/MLP28_TK.report.json
2021-04-04 18:51:11,396 - INFO - Writing log to overlap_70/MLP28_TK/MLP28_TK.log
2021-04-04 18:51:11,419 - INFO - References:
 - MLP28_TK
2021-04-04 18:51:11,419 - INFO - Primary reference for coordinate system: MLP28_TK
2021-04-04 18:51:11,419 - INFO - Considering primers from all references
2021-04-04 18:51:13,494 - INFO - All done! Scheme created with 3 regions, 0 gaps, 73.47% coverage
2021-04-04 18:51:13,494 - INFO - Writing overlap_70/MLP28_TK/MLP28_TK.primer.bed
2021-04-04 18:51:13,497 - INFO - Writing overlap_70/MLP28_TK/MLP28_TK.insert.bed
2021-04-04 18:51:13,500 - INFO - Writing overlap_70/MLP28_TK/MLP28_TK.primer.tsv
2021-04-04 18:51:13,502 - INFO - Writing overlap_70/MLP28_TK/MLP28_TK.reference.fasta
2021-04-04 18:51:13,507 - INFO - Writing overlap_70/MLP28_TK/MLP28_TK.plot.pdf
2021-04-04 18:51:13,508 - INFO - Writing overlap_70/MLP28_TK/MLP28_TK.plot.svg
2021-04-04 18:51:13,526 - INFO - Writing overlap_70/MLP28_TK/MLP28_TK.report.json
