2021-04-03 00:55:44,320 - INFO - Writing log to overlap_45/MK1_TK/MK1_TK.log
2021-04-03 00:55:44,329 - INFO - References:
 - MK1_TK
2021-04-03 00:55:44,329 - INFO - Primary reference for coordinate system: MK1_TK
2021-04-03 00:55:44,329 - INFO - Considering primers from all references
2021-04-03 00:55:53,702 - INFO - All done! Scheme created with 12 regions, 4 gaps, 83.37% coverage
2021-04-03 00:55:53,702 - INFO - Writing overlap_45/MK1_TK/MK1_TK.primer.bed
2021-04-03 00:55:53,704 - INFO - Writing overlap_45/MK1_TK/MK1_TK.insert.bed
2021-04-03 00:55:53,705 - INFO - Writing overlap_45/MK1_TK/MK1_TK.primer.tsv
2021-04-03 00:55:53,706 - INFO - Writing overlap_45/MK1_TK/MK1_TK.reference.fasta
2021-04-03 00:55:53,714 - INFO - Writing overlap_45/MK1_TK/MK1_TK.plot.pdf
2021-04-03 00:55:53,714 - INFO - Writing overlap_45/MK1_TK/MK1_TK.plot.svg
2021-04-03 00:55:53,749 - INFO - Writing overlap_45/MK1_TK/MK1_TK.report.json
2021-04-04 17:35:49,266 - INFO - Writing log to overlap_45/MK1_TK/MK1_TK.log
2021-04-04 17:35:49,284 - INFO - References:
 - MK1_TK
2021-04-04 17:35:49,284 - INFO - Primary reference for coordinate system: MK1_TK
2021-04-04 17:35:49,284 - INFO - Considering primers from all references
2021-04-04 17:35:57,825 - INFO - All done! Scheme created with 12 regions, 4 gaps, 83.37% coverage
2021-04-04 17:35:57,825 - INFO - Writing overlap_45/MK1_TK/MK1_TK.primer.bed
2021-04-04 17:35:57,830 - INFO - Writing overlap_45/MK1_TK/MK1_TK.insert.bed
2021-04-04 17:35:57,834 - INFO - Writing overlap_45/MK1_TK/MK1_TK.primer.tsv
2021-04-04 17:35:57,838 - INFO - Writing overlap_45/MK1_TK/MK1_TK.reference.fasta
2021-04-04 17:35:57,848 - INFO - Writing overlap_45/MK1_TK/MK1_TK.plot.pdf
2021-04-04 17:35:57,848 - INFO - Writing overlap_45/MK1_TK/MK1_TK.plot.svg
2021-04-04 17:35:57,884 - INFO - Writing overlap_45/MK1_TK/MK1_TK.report.json
