2021-04-03 01:56:41,624 - INFO - Writing log to overlap_65/ACC3_TK/ACC3_TK.log
2021-04-03 01:56:41,633 - INFO - References:
 - ACC3_TK
2021-04-03 01:56:41,633 - INFO - Primary reference for coordinate system: ACC3_TK
2021-04-03 01:56:41,634 - INFO - Considering primers from all references
2021-04-03 01:56:56,995 - INFO - All done! Scheme created with 19 regions, 6 gaps, 88.41% coverage
2021-04-03 01:56:56,996 - INFO - Writing overlap_65/ACC3_TK/ACC3_TK.primer.bed
2021-04-03 01:56:56,997 - INFO - Writing overlap_65/ACC3_TK/ACC3_TK.insert.bed
2021-04-03 01:56:56,998 - INFO - Writing overlap_65/ACC3_TK/ACC3_TK.primer.tsv
2021-04-03 01:56:57,000 - INFO - Writing overlap_65/ACC3_TK/ACC3_TK.reference.fasta
2021-04-03 01:56:57,011 - INFO - Writing overlap_65/ACC3_TK/ACC3_TK.plot.pdf
2021-04-03 01:56:57,012 - INFO - Writing overlap_65/ACC3_TK/ACC3_TK.plot.svg
2021-04-03 01:56:57,056 - INFO - Writing overlap_65/ACC3_TK/ACC3_TK.report.json
2021-04-04 18:30:43,974 - INFO - Writing log to overlap_65/ACC3_TK/ACC3_TK.log
2021-04-04 18:30:43,991 - INFO - References:
 - ACC3_TK
2021-04-04 18:30:43,991 - INFO - Primary reference for coordinate system: ACC3_TK
2021-04-04 18:30:43,991 - INFO - Considering primers from all references
2021-04-04 18:30:58,104 - INFO - All done! Scheme created with 19 regions, 6 gaps, 88.41% coverage
2021-04-04 18:30:58,104 - INFO - Writing overlap_65/ACC3_TK/ACC3_TK.primer.bed
2021-04-04 18:30:58,107 - INFO - Writing overlap_65/ACC3_TK/ACC3_TK.insert.bed
2021-04-04 18:30:58,110 - INFO - Writing overlap_65/ACC3_TK/ACC3_TK.primer.tsv
2021-04-04 18:30:58,112 - INFO - Writing overlap_65/ACC3_TK/ACC3_TK.reference.fasta
2021-04-04 18:30:58,124 - INFO - Writing overlap_65/ACC3_TK/ACC3_TK.plot.pdf
2021-04-04 18:30:58,124 - INFO - Writing overlap_65/ACC3_TK/ACC3_TK.plot.svg
2021-04-04 18:30:58,168 - INFO - Writing overlap_65/ACC3_TK/ACC3_TK.report.json
