2021-04-03 01:01:12,354 - INFO - Writing log to overlap_45/SQE4_TK/SQE4_TK.log
2021-04-03 01:01:12,398 - INFO - References:
 - SQE4_TK
2021-04-03 01:01:12,398 - INFO - Primary reference for coordinate system: SQE4_TK
2021-04-03 01:01:12,398 - INFO - Considering primers from all references
2021-04-03 01:01:21,942 - INFO - All done! Scheme created with 12 regions, 5 gaps, 74.97% coverage
2021-04-03 01:01:21,942 - INFO - Writing overlap_45/SQE4_TK/SQE4_TK.primer.bed
2021-04-03 01:01:21,943 - INFO - Writing overlap_45/SQE4_TK/SQE4_TK.insert.bed
2021-04-03 01:01:21,944 - INFO - Writing overlap_45/SQE4_TK/SQE4_TK.primer.tsv
2021-04-03 01:01:21,944 - INFO - Writing overlap_45/SQE4_TK/SQE4_TK.reference.fasta
2021-04-03 01:01:21,953 - INFO - Writing overlap_45/SQE4_TK/SQE4_TK.plot.pdf
2021-04-03 01:01:21,953 - INFO - Writing overlap_45/SQE4_TK/SQE4_TK.plot.svg
2021-04-03 01:01:21,987 - INFO - Writing overlap_45/SQE4_TK/SQE4_TK.report.json
2021-04-04 17:40:42,060 - INFO - Writing log to overlap_45/SQE4_TK/SQE4_TK.log
2021-04-04 17:40:42,082 - INFO - References:
 - SQE4_TK
2021-04-04 17:40:42,082 - INFO - Primary reference for coordinate system: SQE4_TK
2021-04-04 17:40:42,082 - INFO - Considering primers from all references
2021-04-04 17:40:50,665 - INFO - All done! Scheme created with 12 regions, 5 gaps, 74.97% coverage
2021-04-04 17:40:50,665 - INFO - Writing overlap_45/SQE4_TK/SQE4_TK.primer.bed
2021-04-04 17:40:50,670 - INFO - Writing overlap_45/SQE4_TK/SQE4_TK.insert.bed
2021-04-04 17:40:50,674 - INFO - Writing overlap_45/SQE4_TK/SQE4_TK.primer.tsv
2021-04-04 17:40:50,678 - INFO - Writing overlap_45/SQE4_TK/SQE4_TK.reference.fasta
2021-04-04 17:40:50,688 - INFO - Writing overlap_45/SQE4_TK/SQE4_TK.plot.pdf
2021-04-04 17:40:50,688 - INFO - Writing overlap_45/SQE4_TK/SQE4_TK.plot.svg
2021-04-04 17:40:50,723 - INFO - Writing overlap_45/SQE4_TK/SQE4_TK.report.json
