2021-04-03 01:02:27,628 - INFO - Writing log to overlap_45/TLP_TK/TLP_TK.log
2021-04-03 01:02:27,649 - INFO - References:
 - TLP_TK
2021-04-03 01:02:27,649 - INFO - Primary reference for coordinate system: TLP_TK
2021-04-03 01:02:27,649 - INFO - Considering primers from all references
2021-04-03 01:02:29,952 - INFO - All done! Scheme created with 3 regions, 1 gap, 60.08% coverage
2021-04-03 01:02:29,952 - INFO - Writing overlap_45/TLP_TK/TLP_TK.primer.bed
2021-04-03 01:02:29,953 - INFO - Writing overlap_45/TLP_TK/TLP_TK.insert.bed
2021-04-03 01:02:29,954 - INFO - Writing overlap_45/TLP_TK/TLP_TK.primer.tsv
2021-04-03 01:02:29,956 - INFO - Writing overlap_45/TLP_TK/TLP_TK.reference.fasta
2021-04-03 01:02:29,966 - INFO - Writing overlap_45/TLP_TK/TLP_TK.plot.pdf
2021-04-03 01:02:29,966 - INFO - Writing overlap_45/TLP_TK/TLP_TK.plot.svg
2021-04-03 01:02:29,982 - INFO - Writing overlap_45/TLP_TK/TLP_TK.report.json
2021-04-04 17:41:52,004 - INFO - Writing log to overlap_45/TLP_TK/TLP_TK.log
2021-04-04 17:41:52,250 - INFO - References:
 - TLP_TK
2021-04-04 17:41:52,250 - INFO - Primary reference for coordinate system: TLP_TK
2021-04-04 17:41:52,250 - INFO - Considering primers from all references
2021-04-04 17:41:54,421 - INFO - All done! Scheme created with 3 regions, 1 gap, 60.08% coverage
2021-04-04 17:41:54,421 - INFO - Writing overlap_45/TLP_TK/TLP_TK.primer.bed
2021-04-04 17:41:54,424 - INFO - Writing overlap_45/TLP_TK/TLP_TK.insert.bed
2021-04-04 17:41:54,428 - INFO - Writing overlap_45/TLP_TK/TLP_TK.primer.tsv
2021-04-04 17:41:54,434 - INFO - Writing overlap_45/TLP_TK/TLP_TK.reference.fasta
2021-04-04 17:41:54,438 - INFO - Writing overlap_45/TLP_TK/TLP_TK.plot.pdf
2021-04-04 17:41:54,439 - INFO - Writing overlap_45/TLP_TK/TLP_TK.plot.svg
2021-04-04 17:41:54,528 - INFO - Writing overlap_45/TLP_TK/TLP_TK.report.json
