2021-04-03 11:45:27,382 - INFO - Writing log to overlap_85/PP2A-3_TK/PP2A-3_TK.log
2021-04-03 11:45:27,388 - INFO - References:
 - PP2A-3_TK
2021-04-03 11:45:27,388 - INFO - Primary reference for coordinate system: PP2A-3_TK
2021-04-03 11:45:27,388 - INFO - Considering primers from all references
2021-04-03 11:45:37,441 - INFO - All done! Scheme created with 15 regions, 6 gaps, 81.39% coverage
2021-04-03 11:45:37,441 - INFO - Writing overlap_85/PP2A-3_TK/PP2A-3_TK.primer.bed
2021-04-03 11:45:37,442 - INFO - Writing overlap_85/PP2A-3_TK/PP2A-3_TK.insert.bed
2021-04-03 11:45:37,443 - INFO - Writing overlap_85/PP2A-3_TK/PP2A-3_TK.primer.tsv
2021-04-03 11:45:37,444 - INFO - Writing overlap_85/PP2A-3_TK/PP2A-3_TK.reference.fasta
2021-04-03 11:45:37,452 - INFO - Writing overlap_85/PP2A-3_TK/PP2A-3_TK.plot.pdf
2021-04-03 11:45:37,452 - INFO - Writing overlap_85/PP2A-3_TK/PP2A-3_TK.plot.svg
2021-04-03 11:45:37,482 - INFO - Writing overlap_85/PP2A-3_TK/PP2A-3_TK.report.json
2021-04-04 19:38:49,313 - INFO - Writing log to overlap_85/PP2A-3_TK/PP2A-3_TK.log
2021-04-04 19:38:49,332 - INFO - References:
 - PP2A-3_TK
2021-04-04 19:38:49,332 - INFO - Primary reference for coordinate system: PP2A-3_TK
2021-04-04 19:38:49,332 - INFO - Considering primers from all references
2021-04-04 19:39:00,522 - INFO - All done! Scheme created with 15 regions, 6 gaps, 81.39% coverage
2021-04-04 19:39:00,523 - INFO - Writing overlap_85/PP2A-3_TK/PP2A-3_TK.primer.bed
2021-04-04 19:39:00,526 - INFO - Writing overlap_85/PP2A-3_TK/PP2A-3_TK.insert.bed
2021-04-04 19:39:00,528 - INFO - Writing overlap_85/PP2A-3_TK/PP2A-3_TK.primer.tsv
2021-04-04 19:39:00,531 - INFO - Writing overlap_85/PP2A-3_TK/PP2A-3_TK.reference.fasta
2021-04-04 19:39:00,542 - INFO - Writing overlap_85/PP2A-3_TK/PP2A-3_TK.plot.pdf
2021-04-04 19:39:00,542 - INFO - Writing overlap_85/PP2A-3_TK/PP2A-3_TK.plot.svg
2021-04-04 19:39:00,581 - INFO - Writing overlap_85/PP2A-3_TK/PP2A-3_TK.report.json
