2021-04-03 11:31:17,996 - INFO - Writing log to overlap_80/OC6_TK/OC6_TK.log
2021-04-03 11:31:18,002 - INFO - References:
 - OC6_TK
2021-04-03 11:31:18,002 - INFO - Primary reference for coordinate system: OC6_TK
2021-04-03 11:31:18,003 - INFO - Considering primers from all references
2021-04-03 11:31:37,372 - INFO - All done! Scheme created with 27 regions, 11 gaps, 85.02% coverage
2021-04-03 11:31:37,372 - INFO - Writing overlap_80/OC6_TK/OC6_TK.primer.bed
2021-04-03 11:31:37,374 - INFO - Writing overlap_80/OC6_TK/OC6_TK.insert.bed
2021-04-03 11:31:37,375 - INFO - Writing overlap_80/OC6_TK/OC6_TK.primer.tsv
2021-04-03 11:31:37,375 - INFO - Writing overlap_80/OC6_TK/OC6_TK.reference.fasta
2021-04-03 11:31:37,389 - INFO - Writing overlap_80/OC6_TK/OC6_TK.plot.pdf
2021-04-03 11:31:37,389 - INFO - Writing overlap_80/OC6_TK/OC6_TK.plot.svg
2021-04-03 11:31:37,437 - INFO - Writing overlap_80/OC6_TK/OC6_TK.report.json
2021-04-04 19:23:01,845 - INFO - Writing log to overlap_80/OC6_TK/OC6_TK.log
2021-04-04 19:23:01,862 - INFO - References:
 - OC6_TK
2021-04-04 19:23:01,862 - INFO - Primary reference for coordinate system: OC6_TK
2021-04-04 19:23:01,863 - INFO - Considering primers from all references
2021-04-04 19:23:23,505 - INFO - All done! Scheme created with 27 regions, 11 gaps, 85.02% coverage
2021-04-04 19:23:23,505 - INFO - Writing overlap_80/OC6_TK/OC6_TK.primer.bed
2021-04-04 19:23:23,508 - INFO - Writing overlap_80/OC6_TK/OC6_TK.insert.bed
2021-04-04 19:23:23,511 - INFO - Writing overlap_80/OC6_TK/OC6_TK.primer.tsv
2021-04-04 19:23:23,513 - INFO - Writing overlap_80/OC6_TK/OC6_TK.reference.fasta
2021-04-04 19:23:23,530 - INFO - Writing overlap_80/OC6_TK/OC6_TK.plot.pdf
2021-04-04 19:23:23,530 - INFO - Writing overlap_80/OC6_TK/OC6_TK.plot.svg
2021-04-04 19:23:23,588 - INFO - Writing overlap_80/OC6_TK/OC6_TK.report.json
