2021-04-03 11:22:38,415 - INFO - Writing log to overlap_80/1_FFT_TK/1_FFT_TK.log
2021-04-03 11:22:38,422 - INFO - References:
 - 1_FFT_TK
2021-04-03 11:22:38,422 - INFO - Primary reference for coordinate system: 1_FFT_TK
2021-04-03 11:22:38,422 - INFO - Considering primers from all references
2021-04-03 11:22:49,547 - INFO - All done! Scheme created with 17 regions, 8 gaps, 81.49% coverage
2021-04-03 11:22:49,547 - INFO - Writing overlap_80/1_FFT_TK/1_FFT_TK.primer.bed
2021-04-03 11:22:49,548 - INFO - Writing overlap_80/1_FFT_TK/1_FFT_TK.insert.bed
2021-04-03 11:22:49,549 - INFO - Writing overlap_80/1_FFT_TK/1_FFT_TK.primer.tsv
2021-04-03 11:22:49,550 - INFO - Writing overlap_80/1_FFT_TK/1_FFT_TK.reference.fasta
2021-04-03 11:22:49,558 - INFO - Writing overlap_80/1_FFT_TK/1_FFT_TK.plot.pdf
2021-04-03 11:22:49,558 - INFO - Writing overlap_80/1_FFT_TK/1_FFT_TK.plot.svg
2021-04-03 11:22:49,592 - INFO - Writing overlap_80/1_FFT_TK/1_FFT_TK.report.json
2021-04-04 19:13:25,253 - INFO - Writing log to overlap_80/1_FFT_TK/1_FFT_TK.log
2021-04-04 19:13:25,268 - INFO - References:
 - 1_FFT_TK
2021-04-04 19:13:25,269 - INFO - Primary reference for coordinate system: 1_FFT_TK
2021-04-04 19:13:25,269 - INFO - Considering primers from all references
2021-04-04 19:13:37,610 - INFO - All done! Scheme created with 17 regions, 8 gaps, 81.49% coverage
2021-04-04 19:13:37,610 - INFO - Writing overlap_80/1_FFT_TK/1_FFT_TK.primer.bed
2021-04-04 19:13:37,614 - INFO - Writing overlap_80/1_FFT_TK/1_FFT_TK.insert.bed
2021-04-04 19:13:37,617 - INFO - Writing overlap_80/1_FFT_TK/1_FFT_TK.primer.tsv
2021-04-04 19:13:37,620 - INFO - Writing overlap_80/1_FFT_TK/1_FFT_TK.reference.fasta
2021-04-04 19:13:37,632 - INFO - Writing overlap_80/1_FFT_TK/1_FFT_TK.plot.pdf
2021-04-04 19:13:37,632 - INFO - Writing overlap_80/1_FFT_TK/1_FFT_TK.plot.svg
2021-04-04 19:13:37,673 - INFO - Writing overlap_80/1_FFT_TK/1_FFT_TK.report.json
