2021-04-03 01:47:38,222 - INFO - Writing log to overlap_60/OC4_TK/OC4_TK.log
2021-04-03 01:47:38,231 - INFO - References:
 - OC4_TK
2021-04-03 01:47:38,231 - INFO - Primary reference for coordinate system: OC4_TK
2021-04-03 01:47:38,231 - INFO - Considering primers from all references
2021-04-03 01:47:54,005 - INFO - All done! Scheme created with 19 regions, 4 gaps, 89.39% coverage
2021-04-03 01:47:54,005 - INFO - Writing overlap_60/OC4_TK/OC4_TK.primer.bed
2021-04-03 01:47:54,007 - INFO - Writing overlap_60/OC4_TK/OC4_TK.insert.bed
2021-04-03 01:47:54,007 - INFO - Writing overlap_60/OC4_TK/OC4_TK.primer.tsv
2021-04-03 01:47:54,008 - INFO - Writing overlap_60/OC4_TK/OC4_TK.reference.fasta
2021-04-03 01:47:54,020 - INFO - Writing overlap_60/OC4_TK/OC4_TK.plot.pdf
2021-04-03 01:47:54,020 - INFO - Writing overlap_60/OC4_TK/OC4_TK.plot.svg
2021-04-03 01:47:54,066 - INFO - Writing overlap_60/OC4_TK/OC4_TK.report.json
2021-04-04 18:22:33,142 - INFO - Writing log to overlap_60/OC4_TK/OC4_TK.log
2021-04-04 18:22:33,182 - INFO - References:
 - OC4_TK
2021-04-04 18:22:33,182 - INFO - Primary reference for coordinate system: OC4_TK
2021-04-04 18:22:33,182 - INFO - Considering primers from all references
2021-04-04 18:22:47,403 - INFO - All done! Scheme created with 19 regions, 4 gaps, 89.39% coverage
2021-04-04 18:22:47,404 - INFO - Writing overlap_60/OC4_TK/OC4_TK.primer.bed
2021-04-04 18:22:47,407 - INFO - Writing overlap_60/OC4_TK/OC4_TK.insert.bed
2021-04-04 18:22:47,409 - INFO - Writing overlap_60/OC4_TK/OC4_TK.primer.tsv
2021-04-04 18:22:47,412 - INFO - Writing overlap_60/OC4_TK/OC4_TK.reference.fasta
2021-04-04 18:22:47,424 - INFO - Writing overlap_60/OC4_TK/OC4_TK.plot.pdf
2021-04-04 18:22:47,425 - INFO - Writing overlap_60/OC4_TK/OC4_TK.plot.svg
2021-04-04 18:22:47,469 - INFO - Writing overlap_60/OC4_TK/OC4_TK.report.json
