2021-04-03 01:32:32,156 - INFO - Writing log to overlap_55/PMIP1B_TK/PMIP1B_TK.log
2021-04-03 01:32:32,165 - INFO - References:
 - PMIP1B_TK
2021-04-03 01:32:32,165 - INFO - Primary reference for coordinate system: PMIP1B_TK
2021-04-03 01:32:32,165 - INFO - Considering primers from all references
2021-04-03 01:32:36,645 - INFO - All done! Scheme created with 6 regions, 1 gap, 79.32% coverage
2021-04-03 01:32:36,646 - INFO - Writing overlap_55/PMIP1B_TK/PMIP1B_TK.primer.bed
2021-04-03 01:32:36,647 - INFO - Writing overlap_55/PMIP1B_TK/PMIP1B_TK.insert.bed
2021-04-03 01:32:36,647 - INFO - Writing overlap_55/PMIP1B_TK/PMIP1B_TK.primer.tsv
2021-04-03 01:32:36,649 - INFO - Writing overlap_55/PMIP1B_TK/PMIP1B_TK.reference.fasta
2021-04-03 01:32:36,654 - INFO - Writing overlap_55/PMIP1B_TK/PMIP1B_TK.plot.pdf
2021-04-03 01:32:36,654 - INFO - Writing overlap_55/PMIP1B_TK/PMIP1B_TK.plot.svg
2021-04-03 01:32:36,678 - INFO - Writing overlap_55/PMIP1B_TK/PMIP1B_TK.report.json
2021-04-04 18:08:59,563 - INFO - Writing log to overlap_55/PMIP1B_TK/PMIP1B_TK.log
2021-04-04 18:08:59,620 - INFO - References:
 - PMIP1B_TK
2021-04-04 18:08:59,620 - INFO - Primary reference for coordinate system: PMIP1B_TK
2021-04-04 18:08:59,620 - INFO - Considering primers from all references
2021-04-04 18:09:03,705 - INFO - All done! Scheme created with 6 regions, 1 gap, 79.32% coverage
2021-04-04 18:09:03,705 - INFO - Writing overlap_55/PMIP1B_TK/PMIP1B_TK.primer.bed
2021-04-04 18:09:03,708 - INFO - Writing overlap_55/PMIP1B_TK/PMIP1B_TK.insert.bed
2021-04-04 18:09:03,710 - INFO - Writing overlap_55/PMIP1B_TK/PMIP1B_TK.primer.tsv
2021-04-04 18:09:03,713 - INFO - Writing overlap_55/PMIP1B_TK/PMIP1B_TK.reference.fasta
2021-04-04 18:09:03,720 - INFO - Writing overlap_55/PMIP1B_TK/PMIP1B_TK.plot.pdf
2021-04-04 18:09:03,720 - INFO - Writing overlap_55/PMIP1B_TK/PMIP1B_TK.plot.svg
2021-04-04 18:09:03,743 - INFO - Writing overlap_55/PMIP1B_TK/PMIP1B_TK.report.json
