2021-04-03 01:32:20,282 - INFO - Writing log to overlap_55/PK1_TK/PK1_TK.log
2021-04-03 01:32:20,292 - INFO - References:
 - PK1_TK
2021-04-03 01:32:20,292 - INFO - Primary reference for coordinate system: PK1_TK
2021-04-03 01:32:20,292 - INFO - Considering primers from all references
2021-04-03 01:32:23,296 - INFO - All done! Scheme created with 4 regions, 1 gap, 50.27% coverage
2021-04-03 01:32:23,296 - INFO - Writing overlap_55/PK1_TK/PK1_TK.primer.bed
2021-04-03 01:32:23,297 - INFO - Writing overlap_55/PK1_TK/PK1_TK.insert.bed
2021-04-03 01:32:23,298 - INFO - Writing overlap_55/PK1_TK/PK1_TK.primer.tsv
2021-04-03 01:32:23,298 - INFO - Writing overlap_55/PK1_TK/PK1_TK.reference.fasta
2021-04-03 01:32:23,303 - INFO - Writing overlap_55/PK1_TK/PK1_TK.plot.pdf
2021-04-03 01:32:23,303 - INFO - Writing overlap_55/PK1_TK/PK1_TK.plot.svg
2021-04-03 01:32:23,354 - INFO - Writing overlap_55/PK1_TK/PK1_TK.report.json
2021-04-04 18:08:48,892 - INFO - Writing log to overlap_55/PK1_TK/PK1_TK.log
2021-04-04 18:08:48,925 - INFO - References:
 - PK1_TK
2021-04-04 18:08:48,925 - INFO - Primary reference for coordinate system: PK1_TK
2021-04-04 18:08:48,925 - INFO - Considering primers from all references
2021-04-04 18:08:51,658 - INFO - All done! Scheme created with 4 regions, 1 gap, 50.27% coverage
2021-04-04 18:08:51,658 - INFO - Writing overlap_55/PK1_TK/PK1_TK.primer.bed
2021-04-04 18:08:51,661 - INFO - Writing overlap_55/PK1_TK/PK1_TK.insert.bed
2021-04-04 18:08:51,663 - INFO - Writing overlap_55/PK1_TK/PK1_TK.primer.tsv
2021-04-04 18:08:51,665 - INFO - Writing overlap_55/PK1_TK/PK1_TK.reference.fasta
2021-04-04 18:08:51,671 - INFO - Writing overlap_55/PK1_TK/PK1_TK.plot.pdf
2021-04-04 18:08:51,671 - INFO - Writing overlap_55/PK1_TK/PK1_TK.plot.svg
2021-04-04 18:08:51,711 - INFO - Writing overlap_55/PK1_TK/PK1_TK.report.json
