2021-04-03 11:37:38,361 - INFO - Writing log to overlap_85/4H3M2EDPR3_TK/4H3M2EDPR3_TK.log
2021-04-03 11:37:38,367 - INFO - References:
 - 4H3M2EDPR3_TK
2021-04-03 11:37:38,367 - INFO - Primary reference for coordinate system: 4H3M2EDPR3_TK
2021-04-03 11:37:38,367 - INFO - Considering primers from all references
2021-04-03 11:37:45,535 - INFO - All done! Scheme created with 11 regions, 4 gaps, 72.94% coverage
2021-04-03 11:37:45,536 - INFO - Writing overlap_85/4H3M2EDPR3_TK/4H3M2EDPR3_TK.primer.bed
2021-04-03 11:37:45,537 - INFO - Writing overlap_85/4H3M2EDPR3_TK/4H3M2EDPR3_TK.insert.bed
2021-04-03 11:37:45,537 - INFO - Writing overlap_85/4H3M2EDPR3_TK/4H3M2EDPR3_TK.primer.tsv
2021-04-03 11:37:45,538 - INFO - Writing overlap_85/4H3M2EDPR3_TK/4H3M2EDPR3_TK.reference.fasta
2021-04-03 11:37:45,545 - INFO - Writing overlap_85/4H3M2EDPR3_TK/4H3M2EDPR3_TK.plot.pdf
2021-04-03 11:37:45,545 - INFO - Writing overlap_85/4H3M2EDPR3_TK/4H3M2EDPR3_TK.plot.svg
2021-04-03 11:37:45,571 - INFO - Writing overlap_85/4H3M2EDPR3_TK/4H3M2EDPR3_TK.report.json
2021-04-04 19:30:08,064 - INFO - Writing log to overlap_85/4H3M2EDPR3_TK/4H3M2EDPR3_TK.log
2021-04-04 19:30:08,082 - INFO - References:
 - 4H3M2EDPR3_TK
2021-04-04 19:30:08,082 - INFO - Primary reference for coordinate system: 4H3M2EDPR3_TK
2021-04-04 19:30:08,082 - INFO - Considering primers from all references
2021-04-04 19:30:16,167 - INFO - All done! Scheme created with 11 regions, 4 gaps, 72.94% coverage
2021-04-04 19:30:16,167 - INFO - Writing overlap_85/4H3M2EDPR3_TK/4H3M2EDPR3_TK.primer.bed
2021-04-04 19:30:16,170 - INFO - Writing overlap_85/4H3M2EDPR3_TK/4H3M2EDPR3_TK.insert.bed
2021-04-04 19:30:16,172 - INFO - Writing overlap_85/4H3M2EDPR3_TK/4H3M2EDPR3_TK.primer.tsv
2021-04-04 19:30:16,175 - INFO - Writing overlap_85/4H3M2EDPR3_TK/4H3M2EDPR3_TK.reference.fasta
2021-04-04 19:30:16,183 - INFO - Writing overlap_85/4H3M2EDPR3_TK/4H3M2EDPR3_TK.plot.pdf
2021-04-04 19:30:16,183 - INFO - Writing overlap_85/4H3M2EDPR3_TK/4H3M2EDPR3_TK.plot.svg
2021-04-04 19:30:16,214 - INFO - Writing overlap_85/4H3M2EDPR3_TK/4H3M2EDPR3_TK.report.json
