2020-12-01 05:23:32,766 - INFO - Writing log to overlap_70/4H3M2EDPR2_TK/4H3M2EDPR2_TK.log
2020-12-01 05:23:32,771 - INFO - References:
 - 4H3M2EDPR2_TK
2020-12-01 05:23:32,771 - INFO - Primary reference for coordinate system: 4H3M2EDPR2_TK
2020-12-01 05:23:32,771 - INFO - Considering primers from all references
2020-12-01 05:23:33,293 - INFO - All done! Scheme created with 8 regions, 3 gaps, 66.61% coverage
2020-12-01 05:23:33,293 - INFO - Writing overlap_70/4H3M2EDPR2_TK/4H3M2EDPR2_TK.primer.bed
2020-12-01 05:23:33,295 - INFO - Writing overlap_70/4H3M2EDPR2_TK/4H3M2EDPR2_TK.insert.bed
2020-12-01 05:23:33,295 - INFO - Writing overlap_70/4H3M2EDPR2_TK/4H3M2EDPR2_TK.primer.tsv
2020-12-01 05:23:33,296 - INFO - Writing overlap_70/4H3M2EDPR2_TK/4H3M2EDPR2_TK.reference.fasta
2020-12-01 05:23:33,302 - INFO - Writing overlap_70/4H3M2EDPR2_TK/4H3M2EDPR2_TK.plot.pdf
2020-12-01 05:23:33,302 - INFO - Writing overlap_70/4H3M2EDPR2_TK/4H3M2EDPR2_TK.plot.svg
2020-12-01 05:23:33,324 - INFO - Writing overlap_70/4H3M2EDPR2_TK/4H3M2EDPR2_TK.report.json
2021-04-02 20:40:54,900 - INFO - Writing log to overlap_70/4H3M2EDPR2_TK/4H3M2EDPR2_TK.log
2021-04-02 20:40:54,933 - INFO - References:
 - 4H3M2EDPR2_TK
2021-04-02 20:40:54,933 - INFO - Primary reference for coordinate system: 4H3M2EDPR2_TK
2021-04-02 20:40:54,933 - INFO - Considering primers from all references
2021-04-02 20:40:57,532 - INFO - All done! Scheme created with 4 regions, 1 gap, 57.8% coverage
2021-04-02 20:40:57,532 - INFO - Writing overlap_70/4H3M2EDPR2_TK/4H3M2EDPR2_TK.primer.bed
2021-04-02 20:40:57,538 - INFO - Writing overlap_70/4H3M2EDPR2_TK/4H3M2EDPR2_TK.insert.bed
2021-04-02 20:40:57,542 - INFO - Writing overlap_70/4H3M2EDPR2_TK/4H3M2EDPR2_TK.primer.tsv
2021-04-02 20:40:57,549 - INFO - Writing overlap_70/4H3M2EDPR2_TK/4H3M2EDPR2_TK.reference.fasta
2021-04-02 20:40:57,556 - INFO - Writing overlap_70/4H3M2EDPR2_TK/4H3M2EDPR2_TK.plot.pdf
2021-04-02 20:40:57,556 - INFO - Writing overlap_70/4H3M2EDPR2_TK/4H3M2EDPR2_TK.plot.svg
2021-04-02 20:40:57,592 - INFO - Writing overlap_70/4H3M2EDPR2_TK/4H3M2EDPR2_TK.report.json
2021-04-03 02:12:32,403 - INFO - Writing log to overlap_70/4H3M2EDPR2_TK/4H3M2EDPR2_TK.log
2021-04-03 02:12:32,427 - INFO - References:
 - 4H3M2EDPR2_TK
2021-04-03 02:12:32,427 - INFO - Primary reference for coordinate system: 4H3M2EDPR2_TK
2021-04-03 02:12:32,428 - INFO - Considering primers from all references
2021-04-03 02:12:35,562 - INFO - All done! Scheme created with 4 regions, 1 gap, 57.8% coverage
2021-04-03 02:12:35,562 - INFO - Writing overlap_70/4H3M2EDPR2_TK/4H3M2EDPR2_TK.primer.bed
2021-04-03 02:12:35,568 - INFO - Writing overlap_70/4H3M2EDPR2_TK/4H3M2EDPR2_TK.insert.bed
2021-04-03 02:12:35,574 - INFO - Writing overlap_70/4H3M2EDPR2_TK/4H3M2EDPR2_TK.primer.tsv
2021-04-03 02:12:35,578 - INFO - Writing overlap_70/4H3M2EDPR2_TK/4H3M2EDPR2_TK.reference.fasta
2021-04-03 02:12:35,587 - INFO - Writing overlap_70/4H3M2EDPR2_TK/4H3M2EDPR2_TK.plot.pdf
2021-04-03 02:12:35,587 - INFO - Writing overlap_70/4H3M2EDPR2_TK/4H3M2EDPR2_TK.plot.svg
2021-04-03 02:12:35,642 - INFO - Writing overlap_70/4H3M2EDPR2_TK/4H3M2EDPR2_TK.report.json
