2021-04-03 11:47:40,407 - INFO - Writing log to overlap_85/SRPP4_TK/SRPP4_TK.log
2021-04-03 11:47:40,413 - INFO - References:
 - SRPP4_TK
2021-04-03 11:47:40,413 - INFO - Primary reference for coordinate system: SRPP4_TK
2021-04-03 11:47:40,413 - INFO - Considering primers from all references
2021-04-03 11:47:46,965 - INFO - All done! Scheme created with 10 regions, 4 gaps, 84.08% coverage
2021-04-03 11:47:46,965 - INFO - Writing overlap_85/SRPP4_TK/SRPP4_TK.primer.bed
2021-04-03 11:47:46,966 - INFO - Writing overlap_85/SRPP4_TK/SRPP4_TK.insert.bed
2021-04-03 11:47:46,967 - INFO - Writing overlap_85/SRPP4_TK/SRPP4_TK.primer.tsv
2021-04-03 11:47:46,967 - INFO - Writing overlap_85/SRPP4_TK/SRPP4_TK.reference.fasta
2021-04-03 11:47:46,973 - INFO - Writing overlap_85/SRPP4_TK/SRPP4_TK.plot.pdf
2021-04-03 11:47:46,973 - INFO - Writing overlap_85/SRPP4_TK/SRPP4_TK.plot.svg
2021-04-03 11:47:46,996 - INFO - Writing overlap_85/SRPP4_TK/SRPP4_TK.report.json
2021-04-04 19:41:17,298 - INFO - Writing log to overlap_85/SRPP4_TK/SRPP4_TK.log
2021-04-04 19:41:17,317 - INFO - References:
 - SRPP4_TK
2021-04-04 19:41:17,317 - INFO - Primary reference for coordinate system: SRPP4_TK
2021-04-04 19:41:17,317 - INFO - Considering primers from all references
2021-04-04 19:41:24,524 - INFO - All done! Scheme created with 10 regions, 4 gaps, 84.08% coverage
2021-04-04 19:41:24,524 - INFO - Writing overlap_85/SRPP4_TK/SRPP4_TK.primer.bed
2021-04-04 19:41:24,527 - INFO - Writing overlap_85/SRPP4_TK/SRPP4_TK.insert.bed
2021-04-04 19:41:24,530 - INFO - Writing overlap_85/SRPP4_TK/SRPP4_TK.primer.tsv
2021-04-04 19:41:24,533 - INFO - Writing overlap_85/SRPP4_TK/SRPP4_TK.reference.fasta
2021-04-04 19:41:24,541 - INFO - Writing overlap_85/SRPP4_TK/SRPP4_TK.plot.pdf
2021-04-04 19:41:24,541 - INFO - Writing overlap_85/SRPP4_TK/SRPP4_TK.plot.svg
2021-04-04 19:41:24,571 - INFO - Writing overlap_85/SRPP4_TK/SRPP4_TK.report.json
