2021-04-03 02:04:24,685 - INFO - Writing log to overlap_65/OC5_TK/OC5_TK.log
2021-04-03 02:04:24,694 - INFO - References:
 - OC5_TK
2021-04-03 02:04:24,694 - INFO - Primary reference for coordinate system: OC5_TK
2021-04-03 02:04:24,694 - INFO - Considering primers from all references
2021-04-03 02:04:48,484 - INFO - All done! Scheme created with 28 regions, 10 gaps, 87.99% coverage
2021-04-03 02:04:48,485 - INFO - Writing overlap_65/OC5_TK/OC5_TK.primer.bed
2021-04-03 02:04:48,486 - INFO - Writing overlap_65/OC5_TK/OC5_TK.insert.bed
2021-04-03 02:04:48,488 - INFO - Writing overlap_65/OC5_TK/OC5_TK.primer.tsv
2021-04-03 02:04:48,489 - INFO - Writing overlap_65/OC5_TK/OC5_TK.reference.fasta
2021-04-03 02:04:48,505 - INFO - Writing overlap_65/OC5_TK/OC5_TK.plot.pdf
2021-04-03 02:04:48,505 - INFO - Writing overlap_65/OC5_TK/OC5_TK.plot.svg
2021-04-03 02:04:48,565 - INFO - Writing overlap_65/OC5_TK/OC5_TK.report.json
2021-04-04 18:37:46,458 - INFO - Writing log to overlap_65/OC5_TK/OC5_TK.log
2021-04-04 18:37:46,484 - INFO - References:
 - OC5_TK
2021-04-04 18:37:46,484 - INFO - Primary reference for coordinate system: OC5_TK
2021-04-04 18:37:46,484 - INFO - Considering primers from all references
2021-04-04 18:38:08,093 - INFO - All done! Scheme created with 28 regions, 10 gaps, 87.99% coverage
2021-04-04 18:38:08,093 - INFO - Writing overlap_65/OC5_TK/OC5_TK.primer.bed
2021-04-04 18:38:08,097 - INFO - Writing overlap_65/OC5_TK/OC5_TK.insert.bed
2021-04-04 18:38:08,099 - INFO - Writing overlap_65/OC5_TK/OC5_TK.primer.tsv
2021-04-04 18:38:08,102 - INFO - Writing overlap_65/OC5_TK/OC5_TK.reference.fasta
2021-04-04 18:38:08,119 - INFO - Writing overlap_65/OC5_TK/OC5_TK.plot.pdf
2021-04-04 18:38:08,119 - INFO - Writing overlap_65/OC5_TK/OC5_TK.plot.svg
2021-04-04 18:38:08,177 - INFO - Writing overlap_65/OC5_TK/OC5_TK.report.json
