2020-12-01 05:21:12,944 - INFO - Writing log to overlap_55/FTC_TK/FTC_TK.log
2020-12-01 05:21:12,972 - INFO - References:
 - FTC_TK
2020-12-01 05:21:12,972 - INFO - Primary reference for coordinate system: FTC_TK
2020-12-01 05:21:12,972 - INFO - Considering primers from all references
2020-12-01 05:21:19,356 - INFO - All done! Scheme created with 39 regions, 20 gaps, 51.92% coverage
2020-12-01 05:21:19,357 - INFO - Writing overlap_55/FTC_TK/FTC_TK.primer.bed
2020-12-01 05:21:19,358 - INFO - Writing overlap_55/FTC_TK/FTC_TK.insert.bed
2020-12-01 05:21:19,359 - INFO - Writing overlap_55/FTC_TK/FTC_TK.primer.tsv
2020-12-01 05:21:19,361 - INFO - Writing overlap_55/FTC_TK/FTC_TK.reference.fasta
2020-12-01 05:21:19,392 - INFO - Writing overlap_55/FTC_TK/FTC_TK.plot.pdf
2020-12-01 05:21:19,392 - INFO - Writing overlap_55/FTC_TK/FTC_TK.plot.svg
2020-12-01 05:21:19,461 - INFO - Writing overlap_55/FTC_TK/FTC_TK.report.json
2021-04-03 01:27:34,685 - INFO - Writing log to overlap_55/FTC_TK/FTC_TK.log
2021-04-03 01:27:34,705 - INFO - References:
 - FTC_TK
2021-04-03 01:27:34,705 - INFO - Primary reference for coordinate system: FTC_TK
2021-04-03 01:27:34,705 - INFO - Considering primers from all references
2021-04-03 01:28:11,116 - INFO - All done! Scheme created with 37 regions, 11 gaps, 88.76% coverage
2021-04-03 01:28:11,116 - INFO - Writing overlap_55/FTC_TK/FTC_TK.primer.bed
2021-04-03 01:28:11,121 - INFO - Writing overlap_55/FTC_TK/FTC_TK.insert.bed
2021-04-03 01:28:11,125 - INFO - Writing overlap_55/FTC_TK/FTC_TK.primer.tsv
2021-04-03 01:28:11,129 - INFO - Writing overlap_55/FTC_TK/FTC_TK.reference.fasta
2021-04-03 01:28:11,154 - INFO - Writing overlap_55/FTC_TK/FTC_TK.plot.pdf
2021-04-03 01:28:11,154 - INFO - Writing overlap_55/FTC_TK/FTC_TK.plot.svg
2021-04-03 01:28:11,239 - INFO - Writing overlap_55/FTC_TK/FTC_TK.report.json
