2021-04-03 02:02:42,561 - INFO - Writing log to overlap_65/OC1_TK/OC1_TK.log
2021-04-03 02:02:42,571 - INFO - References:
 - OC1_TK
2021-04-03 02:02:42,571 - INFO - Primary reference for coordinate system: OC1_TK
2021-04-03 02:02:42,571 - INFO - Considering primers from all references
2021-04-03 02:03:22,358 - INFO - All done! Scheme created with 37 regions, 13 gaps, 86.77% coverage
2021-04-03 02:03:22,358 - INFO - Writing overlap_65/OC1_TK/OC1_TK.primer.bed
2021-04-03 02:03:22,360 - INFO - Writing overlap_65/OC1_TK/OC1_TK.insert.bed
2021-04-03 02:03:22,362 - INFO - Writing overlap_65/OC1_TK/OC1_TK.primer.tsv
2021-04-03 02:03:22,363 - INFO - Writing overlap_65/OC1_TK/OC1_TK.reference.fasta
2021-04-03 02:03:22,387 - INFO - Writing overlap_65/OC1_TK/OC1_TK.plot.pdf
2021-04-03 02:03:22,387 - INFO - Writing overlap_65/OC1_TK/OC1_TK.plot.svg
2021-04-03 02:03:22,467 - INFO - Writing overlap_65/OC1_TK/OC1_TK.report.json
2021-04-04 18:36:13,364 - INFO - Writing log to overlap_65/OC1_TK/OC1_TK.log
2021-04-04 18:36:13,390 - INFO - References:
 - OC1_TK
2021-04-04 18:36:13,390 - INFO - Primary reference for coordinate system: OC1_TK
2021-04-04 18:36:13,390 - INFO - Considering primers from all references
2021-04-04 18:36:50,192 - INFO - All done! Scheme created with 37 regions, 13 gaps, 86.77% coverage
2021-04-04 18:36:50,192 - INFO - Writing overlap_65/OC1_TK/OC1_TK.primer.bed
2021-04-04 18:36:50,196 - INFO - Writing overlap_65/OC1_TK/OC1_TK.insert.bed
2021-04-04 18:36:50,198 - INFO - Writing overlap_65/OC1_TK/OC1_TK.primer.tsv
2021-04-04 18:36:50,201 - INFO - Writing overlap_65/OC1_TK/OC1_TK.reference.fasta
2021-04-04 18:36:50,223 - INFO - Writing overlap_65/OC1_TK/OC1_TK.plot.pdf
2021-04-04 18:36:50,223 - INFO - Writing overlap_65/OC1_TK/OC1_TK.plot.svg
2021-04-04 18:36:50,299 - INFO - Writing overlap_65/OC1_TK/OC1_TK.report.json
