2021-04-03 11:36:28,842 - INFO - Writing log to overlap_85/2cMDE24CS1_TK/2cMDE24CS1_TK.log
2021-04-03 11:36:28,848 - INFO - References:
 - 2cMDE24CS1_TK
2021-04-03 11:36:28,848 - INFO - Primary reference for coordinate system: 2cMDE24CS1_TK
2021-04-03 11:36:28,848 - INFO - Considering primers from all references
2021-04-03 11:36:32,679 - INFO - All done! Scheme created with 6 regions, 2 gaps, 75.06% coverage
2021-04-03 11:36:32,679 - INFO - Writing overlap_85/2cMDE24CS1_TK/2cMDE24CS1_TK.primer.bed
2021-04-03 11:36:32,680 - INFO - Writing overlap_85/2cMDE24CS1_TK/2cMDE24CS1_TK.insert.bed
2021-04-03 11:36:32,681 - INFO - Writing overlap_85/2cMDE24CS1_TK/2cMDE24CS1_TK.primer.tsv
2021-04-03 11:36:32,681 - INFO - Writing overlap_85/2cMDE24CS1_TK/2cMDE24CS1_TK.reference.fasta
2021-04-03 11:36:32,686 - INFO - Writing overlap_85/2cMDE24CS1_TK/2cMDE24CS1_TK.plot.pdf
2021-04-03 11:36:32,686 - INFO - Writing overlap_85/2cMDE24CS1_TK/2cMDE24CS1_TK.plot.svg
2021-04-03 11:36:32,704 - INFO - Writing overlap_85/2cMDE24CS1_TK/2cMDE24CS1_TK.report.json
2021-04-04 19:28:49,450 - INFO - Writing log to overlap_85/2cMDE24CS1_TK/2cMDE24CS1_TK.log
2021-04-04 19:28:49,479 - INFO - References:
 - 2cMDE24CS1_TK
2021-04-04 19:28:49,479 - INFO - Primary reference for coordinate system: 2cMDE24CS1_TK
2021-04-04 19:28:49,479 - INFO - Considering primers from all references
2021-04-04 19:28:53,753 - INFO - All done! Scheme created with 6 regions, 2 gaps, 75.06% coverage
2021-04-04 19:28:53,753 - INFO - Writing overlap_85/2cMDE24CS1_TK/2cMDE24CS1_TK.primer.bed
2021-04-04 19:28:53,756 - INFO - Writing overlap_85/2cMDE24CS1_TK/2cMDE24CS1_TK.insert.bed
2021-04-04 19:28:53,759 - INFO - Writing overlap_85/2cMDE24CS1_TK/2cMDE24CS1_TK.primer.tsv
2021-04-04 19:28:53,761 - INFO - Writing overlap_85/2cMDE24CS1_TK/2cMDE24CS1_TK.reference.fasta
2021-04-04 19:28:53,768 - INFO - Writing overlap_85/2cMDE24CS1_TK/2cMDE24CS1_TK.plot.pdf
2021-04-04 19:28:53,768 - INFO - Writing overlap_85/2cMDE24CS1_TK/2cMDE24CS1_TK.plot.svg
2021-04-04 19:28:53,792 - INFO - Writing overlap_85/2cMDE24CS1_TK/2cMDE24CS1_TK.report.json
