2020-12-01 05:20:15,311 - INFO - Writing log to overlap_50/ETR1_TK/ETR1_TK.log
2020-12-01 05:20:15,333 - INFO - References:
 - ETR1_TK
2020-12-01 05:20:15,333 - INFO - Primary reference for coordinate system: ETR1_TK
2020-12-01 05:20:15,333 - INFO - Considering primers from all references
2020-12-01 05:20:17,299 - INFO - All done! Scheme created with 24 regions, 10 gaps, 87.46% coverage
2020-12-01 05:20:17,300 - INFO - Writing overlap_50/ETR1_TK/ETR1_TK.primer.bed
2020-12-01 05:20:17,302 - INFO - Writing overlap_50/ETR1_TK/ETR1_TK.insert.bed
2020-12-01 05:20:17,302 - INFO - Writing overlap_50/ETR1_TK/ETR1_TK.primer.tsv
2020-12-01 05:20:17,304 - INFO - Writing overlap_50/ETR1_TK/ETR1_TK.reference.fasta
2020-12-01 05:20:17,326 - INFO - Writing overlap_50/ETR1_TK/ETR1_TK.plot.pdf
2020-12-01 05:20:17,326 - INFO - Writing overlap_50/ETR1_TK/ETR1_TK.plot.svg
2020-12-01 05:20:17,424 - INFO - Writing overlap_50/ETR1_TK/ETR1_TK.report.json
2021-04-03 01:10:17,705 - INFO - Writing log to overlap_50/ETR1_TK/ETR1_TK.log
2021-04-03 01:10:17,731 - INFO - References:
 - ETR1_TK
2021-04-03 01:10:17,731 - INFO - Primary reference for coordinate system: ETR1_TK
2021-04-03 01:10:17,731 - INFO - Considering primers from all references
2021-04-03 01:10:28,558 - INFO - All done! Scheme created with 14 regions, 6 gaps, 73.52% coverage
2021-04-03 01:10:28,558 - INFO - Writing overlap_50/ETR1_TK/ETR1_TK.primer.bed
2021-04-03 01:10:28,563 - INFO - Writing overlap_50/ETR1_TK/ETR1_TK.insert.bed
2021-04-03 01:10:28,567 - INFO - Writing overlap_50/ETR1_TK/ETR1_TK.primer.tsv
2021-04-03 01:10:28,571 - INFO - Writing overlap_50/ETR1_TK/ETR1_TK.reference.fasta
2021-04-03 01:10:28,583 - INFO - Writing overlap_50/ETR1_TK/ETR1_TK.plot.pdf
2021-04-03 01:10:28,583 - INFO - Writing overlap_50/ETR1_TK/ETR1_TK.plot.svg
2021-04-03 01:10:28,629 - INFO - Writing overlap_50/ETR1_TK/ETR1_TK.report.json
