2021-04-03 00:54:09,107 - INFO - Writing log to overlap_45/FTC_TK/FTC_TK.log
2021-04-03 00:54:09,117 - INFO - References:
 - FTC_TK
2021-04-03 00:54:09,117 - INFO - Primary reference for coordinate system: FTC_TK
2021-04-03 00:54:09,117 - INFO - Considering primers from all references
2021-04-03 00:54:44,426 - INFO - All done! Scheme created with 37 regions, 11 gaps, 88.76% coverage
2021-04-03 00:54:44,427 - INFO - Writing overlap_45/FTC_TK/FTC_TK.primer.bed
2021-04-03 00:54:44,429 - INFO - Writing overlap_45/FTC_TK/FTC_TK.insert.bed
2021-04-03 00:54:44,431 - INFO - Writing overlap_45/FTC_TK/FTC_TK.primer.tsv
2021-04-03 00:54:44,432 - INFO - Writing overlap_45/FTC_TK/FTC_TK.reference.fasta
2021-04-03 00:54:44,455 - INFO - Writing overlap_45/FTC_TK/FTC_TK.plot.pdf
2021-04-03 00:54:44,455 - INFO - Writing overlap_45/FTC_TK/FTC_TK.plot.svg
2021-04-03 00:54:44,533 - INFO - Writing overlap_45/FTC_TK/FTC_TK.report.json
2021-04-04 17:34:22,752 - INFO - Writing log to overlap_45/FTC_TK/FTC_TK.log
2021-04-04 17:34:22,774 - INFO - References:
 - FTC_TK
2021-04-04 17:34:22,774 - INFO - Primary reference for coordinate system: FTC_TK
2021-04-04 17:34:22,774 - INFO - Considering primers from all references
2021-04-04 17:34:55,197 - INFO - All done! Scheme created with 37 regions, 11 gaps, 88.76% coverage
2021-04-04 17:34:55,197 - INFO - Writing overlap_45/FTC_TK/FTC_TK.primer.bed
2021-04-04 17:34:55,201 - INFO - Writing overlap_45/FTC_TK/FTC_TK.insert.bed
2021-04-04 17:34:55,205 - INFO - Writing overlap_45/FTC_TK/FTC_TK.primer.tsv
2021-04-04 17:34:55,209 - INFO - Writing overlap_45/FTC_TK/FTC_TK.reference.fasta
2021-04-04 17:34:55,232 - INFO - Writing overlap_45/FTC_TK/FTC_TK.plot.pdf
2021-04-04 17:34:55,232 - INFO - Writing overlap_45/FTC_TK/FTC_TK.plot.svg
2021-04-04 17:34:55,307 - INFO - Writing overlap_45/FTC_TK/FTC_TK.report.json
