2021-04-03 00:58:49,691 - INFO - Writing log to overlap_45/PK1_TK/PK1_TK.log
2021-04-03 00:58:49,700 - INFO - References:
 - PK1_TK
2021-04-03 00:58:49,700 - INFO - Primary reference for coordinate system: PK1_TK
2021-04-03 00:58:49,700 - INFO - Considering primers from all references
2021-04-03 00:58:52,727 - INFO - All done! Scheme created with 4 regions, 1 gap, 50.27% coverage
2021-04-03 00:58:52,728 - INFO - Writing overlap_45/PK1_TK/PK1_TK.primer.bed
2021-04-03 00:58:52,729 - INFO - Writing overlap_45/PK1_TK/PK1_TK.insert.bed
2021-04-03 00:58:52,729 - INFO - Writing overlap_45/PK1_TK/PK1_TK.primer.tsv
2021-04-03 00:58:52,730 - INFO - Writing overlap_45/PK1_TK/PK1_TK.reference.fasta
2021-04-03 00:58:52,735 - INFO - Writing overlap_45/PK1_TK/PK1_TK.plot.pdf
2021-04-03 00:58:52,735 - INFO - Writing overlap_45/PK1_TK/PK1_TK.plot.svg
2021-04-03 00:58:52,788 - INFO - Writing overlap_45/PK1_TK/PK1_TK.report.json
2021-04-04 17:38:35,757 - INFO - Writing log to overlap_45/PK1_TK/PK1_TK.log
2021-04-04 17:38:35,780 - INFO - References:
 - PK1_TK
2021-04-04 17:38:35,781 - INFO - Primary reference for coordinate system: PK1_TK
2021-04-04 17:38:35,781 - INFO - Considering primers from all references
2021-04-04 17:38:38,490 - INFO - All done! Scheme created with 4 regions, 1 gap, 50.27% coverage
2021-04-04 17:38:38,490 - INFO - Writing overlap_45/PK1_TK/PK1_TK.primer.bed
2021-04-04 17:38:38,495 - INFO - Writing overlap_45/PK1_TK/PK1_TK.insert.bed
2021-04-04 17:38:38,499 - INFO - Writing overlap_45/PK1_TK/PK1_TK.primer.tsv
2021-04-04 17:38:38,503 - INFO - Writing overlap_45/PK1_TK/PK1_TK.reference.fasta
2021-04-04 17:38:38,510 - INFO - Writing overlap_45/PK1_TK/PK1_TK.plot.pdf
2021-04-04 17:38:38,510 - INFO - Writing overlap_45/PK1_TK/PK1_TK.plot.svg
2021-04-04 17:38:38,552 - INFO - Writing overlap_45/PK1_TK/PK1_TK.report.json
