2021-04-03 11:27:09,255 - INFO - Writing log to overlap_80/e4H3M2EDPS1_TK/e4H3M2EDPS1_TK.log
2021-04-03 11:27:09,261 - INFO - References:
 - e4H3M2EDPS1_TK
2021-04-03 11:27:09,261 - INFO - Primary reference for coordinate system: e4H3M2EDPS1_TK
2021-04-03 11:27:09,261 - INFO - Considering primers from all references
2021-04-03 11:27:19,717 - INFO - All done! Scheme created with 16 regions, 7 gaps, 80.63% coverage
2021-04-03 11:27:19,717 - INFO - Writing overlap_80/e4H3M2EDPS1_TK/e4H3M2EDPS1_TK.primer.bed
2021-04-03 11:27:19,718 - INFO - Writing overlap_80/e4H3M2EDPS1_TK/e4H3M2EDPS1_TK.insert.bed
2021-04-03 11:27:19,718 - INFO - Writing overlap_80/e4H3M2EDPS1_TK/e4H3M2EDPS1_TK.primer.tsv
2021-04-03 11:27:19,719 - INFO - Writing overlap_80/e4H3M2EDPS1_TK/e4H3M2EDPS1_TK.reference.fasta
2021-04-03 11:27:19,727 - INFO - Writing overlap_80/e4H3M2EDPS1_TK/e4H3M2EDPS1_TK.plot.pdf
2021-04-03 11:27:19,727 - INFO - Writing overlap_80/e4H3M2EDPS1_TK/e4H3M2EDPS1_TK.plot.svg
2021-04-03 11:27:19,759 - INFO - Writing overlap_80/e4H3M2EDPS1_TK/e4H3M2EDPS1_TK.report.json
2021-04-04 19:18:27,157 - INFO - Writing log to overlap_80/e4H3M2EDPS1_TK/e4H3M2EDPS1_TK.log
2021-04-04 19:18:27,175 - INFO - References:
 - e4H3M2EDPS1_TK
2021-04-04 19:18:27,175 - INFO - Primary reference for coordinate system: e4H3M2EDPS1_TK
2021-04-04 19:18:27,175 - INFO - Considering primers from all references
2021-04-04 19:18:38,791 - INFO - All done! Scheme created with 16 regions, 7 gaps, 80.63% coverage
2021-04-04 19:18:38,792 - INFO - Writing overlap_80/e4H3M2EDPS1_TK/e4H3M2EDPS1_TK.primer.bed
2021-04-04 19:18:38,794 - INFO - Writing overlap_80/e4H3M2EDPS1_TK/e4H3M2EDPS1_TK.insert.bed
2021-04-04 19:18:38,797 - INFO - Writing overlap_80/e4H3M2EDPS1_TK/e4H3M2EDPS1_TK.primer.tsv
2021-04-04 19:18:38,800 - INFO - Writing overlap_80/e4H3M2EDPS1_TK/e4H3M2EDPS1_TK.reference.fasta
2021-04-04 19:18:38,811 - INFO - Writing overlap_80/e4H3M2EDPS1_TK/e4H3M2EDPS1_TK.plot.pdf
2021-04-04 19:18:38,811 - INFO - Writing overlap_80/e4H3M2EDPS1_TK/e4H3M2EDPS1_TK.plot.svg
2021-04-04 19:18:38,850 - INFO - Writing overlap_80/e4H3M2EDPS1_TK/e4H3M2EDPS1_TK.report.json
