2021-04-03 01:46:10,917 - INFO - Writing log to overlap_60/OC1_TK/OC1_TK.log
2021-04-03 01:46:10,928 - INFO - References:
 - OC1_TK
2021-04-03 01:46:10,928 - INFO - Primary reference for coordinate system: OC1_TK
2021-04-03 01:46:10,928 - INFO - Considering primers from all references
2021-04-03 01:46:51,666 - INFO - All done! Scheme created with 37 regions, 13 gaps, 86.77% coverage
2021-04-03 01:46:51,666 - INFO - Writing overlap_60/OC1_TK/OC1_TK.primer.bed
2021-04-03 01:46:51,667 - INFO - Writing overlap_60/OC1_TK/OC1_TK.insert.bed
2021-04-03 01:46:51,669 - INFO - Writing overlap_60/OC1_TK/OC1_TK.primer.tsv
2021-04-03 01:46:51,670 - INFO - Writing overlap_60/OC1_TK/OC1_TK.reference.fasta
2021-04-03 01:46:51,693 - INFO - Writing overlap_60/OC1_TK/OC1_TK.plot.pdf
2021-04-03 01:46:51,694 - INFO - Writing overlap_60/OC1_TK/OC1_TK.plot.svg
2021-04-03 01:46:51,775 - INFO - Writing overlap_60/OC1_TK/OC1_TK.report.json
2021-04-04 18:21:15,092 - INFO - Writing log to overlap_60/OC1_TK/OC1_TK.log
2021-04-04 18:21:15,112 - INFO - References:
 - OC1_TK
2021-04-04 18:21:15,112 - INFO - Primary reference for coordinate system: OC1_TK
2021-04-04 18:21:15,112 - INFO - Considering primers from all references
2021-04-04 18:21:51,691 - INFO - All done! Scheme created with 37 regions, 13 gaps, 86.77% coverage
2021-04-04 18:21:51,691 - INFO - Writing overlap_60/OC1_TK/OC1_TK.primer.bed
2021-04-04 18:21:51,694 - INFO - Writing overlap_60/OC1_TK/OC1_TK.insert.bed
2021-04-04 18:21:51,696 - INFO - Writing overlap_60/OC1_TK/OC1_TK.primer.tsv
2021-04-04 18:21:51,699 - INFO - Writing overlap_60/OC1_TK/OC1_TK.reference.fasta
2021-04-04 18:21:51,720 - INFO - Writing overlap_60/OC1_TK/OC1_TK.plot.pdf
2021-04-04 18:21:51,720 - INFO - Writing overlap_60/OC1_TK/OC1_TK.plot.svg
2021-04-04 18:21:51,794 - INFO - Writing overlap_60/OC1_TK/OC1_TK.report.json
