2021-04-03 02:06:09,930 - INFO - Writing log to overlap_65/PPMK2_TK/PPMK2_TK.log
2021-04-03 02:06:09,940 - INFO - References:
 - PPMK2_TK
2021-04-03 02:06:09,941 - INFO - Primary reference for coordinate system: PPMK2_TK
2021-04-03 02:06:09,941 - INFO - Considering primers from all references
2021-04-03 02:06:19,256 - INFO - All done! Scheme created with 12 regions, 2 gaps, 84.12% coverage
2021-04-03 02:06:19,256 - INFO - Writing overlap_65/PPMK2_TK/PPMK2_TK.primer.bed
2021-04-03 02:06:19,257 - INFO - Writing overlap_65/PPMK2_TK/PPMK2_TK.insert.bed
2021-04-03 02:06:19,258 - INFO - Writing overlap_65/PPMK2_TK/PPMK2_TK.primer.tsv
2021-04-03 02:06:19,259 - INFO - Writing overlap_65/PPMK2_TK/PPMK2_TK.reference.fasta
2021-04-03 02:06:19,267 - INFO - Writing overlap_65/PPMK2_TK/PPMK2_TK.plot.pdf
2021-04-03 02:06:19,267 - INFO - Writing overlap_65/PPMK2_TK/PPMK2_TK.plot.svg
2021-04-03 02:06:19,301 - INFO - Writing overlap_65/PPMK2_TK/PPMK2_TK.report.json
2021-04-04 18:39:21,799 - INFO - Writing log to overlap_65/PPMK2_TK/PPMK2_TK.log
2021-04-04 18:39:21,818 - INFO - References:
 - PPMK2_TK
2021-04-04 18:39:21,818 - INFO - Primary reference for coordinate system: PPMK2_TK
2021-04-04 18:39:21,818 - INFO - Considering primers from all references
2021-04-04 18:39:30,354 - INFO - All done! Scheme created with 12 regions, 2 gaps, 84.12% coverage
2021-04-04 18:39:30,355 - INFO - Writing overlap_65/PPMK2_TK/PPMK2_TK.primer.bed
2021-04-04 18:39:30,357 - INFO - Writing overlap_65/PPMK2_TK/PPMK2_TK.insert.bed
2021-04-04 18:39:30,360 - INFO - Writing overlap_65/PPMK2_TK/PPMK2_TK.primer.tsv
2021-04-04 18:39:30,362 - INFO - Writing overlap_65/PPMK2_TK/PPMK2_TK.reference.fasta
2021-04-04 18:39:30,371 - INFO - Writing overlap_65/PPMK2_TK/PPMK2_TK.plot.pdf
2021-04-04 18:39:30,371 - INFO - Writing overlap_65/PPMK2_TK/PPMK2_TK.plot.svg
2021-04-04 18:39:30,404 - INFO - Writing overlap_65/PPMK2_TK/PPMK2_TK.report.json
