2021-04-03 01:39:00,980 - INFO - Writing log to overlap_60/3H3MCS1_TK/3H3MCS1_TK.log
2021-04-03 01:39:00,989 - INFO - References:
 - 3H3MCS1_TK
2021-04-03 01:39:00,989 - INFO - Primary reference for coordinate system: 3H3MCS1_TK
2021-04-03 01:39:00,989 - INFO - Considering primers from all references
2021-04-03 01:39:08,069 - INFO - All done! Scheme created with 9 regions, 2 gaps, 78.73% coverage
2021-04-03 01:39:08,069 - INFO - Writing overlap_60/3H3MCS1_TK/3H3MCS1_TK.primer.bed
2021-04-03 01:39:08,070 - INFO - Writing overlap_60/3H3MCS1_TK/3H3MCS1_TK.insert.bed
2021-04-03 01:39:08,071 - INFO - Writing overlap_60/3H3MCS1_TK/3H3MCS1_TK.primer.tsv
2021-04-03 01:39:08,072 - INFO - Writing overlap_60/3H3MCS1_TK/3H3MCS1_TK.reference.fasta
2021-04-03 01:39:08,079 - INFO - Writing overlap_60/3H3MCS1_TK/3H3MCS1_TK.plot.pdf
2021-04-03 01:39:08,079 - INFO - Writing overlap_60/3H3MCS1_TK/3H3MCS1_TK.plot.svg
2021-04-03 01:39:08,107 - INFO - Writing overlap_60/3H3MCS1_TK/3H3MCS1_TK.report.json
2021-04-04 18:14:49,449 - INFO - Writing log to overlap_60/3H3MCS1_TK/3H3MCS1_TK.log
2021-04-04 18:14:49,480 - INFO - References:
 - 3H3MCS1_TK
2021-04-04 18:14:49,481 - INFO - Primary reference for coordinate system: 3H3MCS1_TK
2021-04-04 18:14:49,481 - INFO - Considering primers from all references
2021-04-04 18:14:55,915 - INFO - All done! Scheme created with 9 regions, 2 gaps, 78.73% coverage
2021-04-04 18:14:55,915 - INFO - Writing overlap_60/3H3MCS1_TK/3H3MCS1_TK.primer.bed
2021-04-04 18:14:55,918 - INFO - Writing overlap_60/3H3MCS1_TK/3H3MCS1_TK.insert.bed
2021-04-04 18:14:55,921 - INFO - Writing overlap_60/3H3MCS1_TK/3H3MCS1_TK.primer.tsv
2021-04-04 18:14:55,923 - INFO - Writing overlap_60/3H3MCS1_TK/3H3MCS1_TK.reference.fasta
2021-04-04 18:14:55,931 - INFO - Writing overlap_60/3H3MCS1_TK/3H3MCS1_TK.plot.pdf
2021-04-04 18:14:55,931 - INFO - Writing overlap_60/3H3MCS1_TK/3H3MCS1_TK.plot.svg
2021-04-04 18:14:55,958 - INFO - Writing overlap_60/3H3MCS1_TK/3H3MCS1_TK.report.json
