2021-04-03 01:31:37,234 - INFO - Writing log to overlap_55/OC6_TK/OC6_TK.log
2021-04-03 01:31:37,244 - INFO - References:
 - OC6_TK
2021-04-03 01:31:37,244 - INFO - Primary reference for coordinate system: OC6_TK
2021-04-03 01:31:37,244 - INFO - Considering primers from all references
2021-04-03 01:32:01,352 - INFO - All done! Scheme created with 27 regions, 11 gaps, 85.02% coverage
2021-04-03 01:32:01,352 - INFO - Writing overlap_55/OC6_TK/OC6_TK.primer.bed
2021-04-03 01:32:01,353 - INFO - Writing overlap_55/OC6_TK/OC6_TK.insert.bed
2021-04-03 01:32:01,354 - INFO - Writing overlap_55/OC6_TK/OC6_TK.primer.tsv
2021-04-03 01:32:01,355 - INFO - Writing overlap_55/OC6_TK/OC6_TK.reference.fasta
2021-04-03 01:32:01,372 - INFO - Writing overlap_55/OC6_TK/OC6_TK.plot.pdf
2021-04-03 01:32:01,372 - INFO - Writing overlap_55/OC6_TK/OC6_TK.plot.svg
2021-04-03 01:32:01,434 - INFO - Writing overlap_55/OC6_TK/OC6_TK.report.json
2021-04-04 18:08:10,394 - INFO - Writing log to overlap_55/OC6_TK/OC6_TK.log
2021-04-04 18:08:10,426 - INFO - References:
 - OC6_TK
2021-04-04 18:08:10,426 - INFO - Primary reference for coordinate system: OC6_TK
2021-04-04 18:08:10,426 - INFO - Considering primers from all references
2021-04-04 18:08:31,995 - INFO - All done! Scheme created with 27 regions, 11 gaps, 85.02% coverage
2021-04-04 18:08:31,995 - INFO - Writing overlap_55/OC6_TK/OC6_TK.primer.bed
2021-04-04 18:08:31,998 - INFO - Writing overlap_55/OC6_TK/OC6_TK.insert.bed
2021-04-04 18:08:32,001 - INFO - Writing overlap_55/OC6_TK/OC6_TK.primer.tsv
2021-04-04 18:08:32,004 - INFO - Writing overlap_55/OC6_TK/OC6_TK.reference.fasta
2021-04-04 18:08:32,021 - INFO - Writing overlap_55/OC6_TK/OC6_TK.plot.pdf
2021-04-04 18:08:32,021 - INFO - Writing overlap_55/OC6_TK/OC6_TK.plot.svg
2021-04-04 18:08:32,078 - INFO - Writing overlap_55/OC6_TK/OC6_TK.report.json
