2020-12-01 05:24:01,494 - INFO - Writing log to overlap_70/e4H3M2EDPS1_TK/e4H3M2EDPS1_TK.log
2020-12-01 05:24:01,499 - INFO - References:
 - e4H3M2EDPS1_TK
2020-12-01 05:24:01,499 - INFO - Primary reference for coordinate system: e4H3M2EDPS1_TK
2020-12-01 05:24:01,499 - INFO - Considering primers from all references
2020-12-01 05:24:03,506 - INFO - All done! Scheme created with 28 regions, 12 gaps, 80.18% coverage
2020-12-01 05:24:03,507 - INFO - Writing overlap_70/e4H3M2EDPS1_TK/e4H3M2EDPS1_TK.primer.bed
2020-12-01 05:24:03,508 - INFO - Writing overlap_70/e4H3M2EDPS1_TK/e4H3M2EDPS1_TK.insert.bed
2020-12-01 05:24:03,509 - INFO - Writing overlap_70/e4H3M2EDPS1_TK/e4H3M2EDPS1_TK.primer.tsv
2020-12-01 05:24:03,510 - INFO - Writing overlap_70/e4H3M2EDPS1_TK/e4H3M2EDPS1_TK.reference.fasta
2020-12-01 05:24:03,521 - INFO - Writing overlap_70/e4H3M2EDPS1_TK/e4H3M2EDPS1_TK.plot.pdf
2020-12-01 05:24:03,521 - INFO - Writing overlap_70/e4H3M2EDPS1_TK/e4H3M2EDPS1_TK.plot.svg
2020-12-01 05:24:03,578 - INFO - Writing overlap_70/e4H3M2EDPS1_TK/e4H3M2EDPS1_TK.report.json
2021-04-02 20:42:50,214 - INFO - Writing log to overlap_70/e4H3M2EDPS1_TK/e4H3M2EDPS1_TK.log
2021-04-02 20:42:50,243 - INFO - References:
 - e4H3M2EDPS1_TK
2021-04-02 20:42:50,243 - INFO - Primary reference for coordinate system: e4H3M2EDPS1_TK
2021-04-02 20:42:50,243 - INFO - Considering primers from all references
2021-04-02 20:43:00,268 - INFO - All done! Scheme created with 16 regions, 7 gaps, 80.63% coverage
2021-04-02 20:43:00,268 - INFO - Writing overlap_70/e4H3M2EDPS1_TK/e4H3M2EDPS1_TK.primer.bed
2021-04-02 20:43:00,274 - INFO - Writing overlap_70/e4H3M2EDPS1_TK/e4H3M2EDPS1_TK.insert.bed
2021-04-02 20:43:00,279 - INFO - Writing overlap_70/e4H3M2EDPS1_TK/e4H3M2EDPS1_TK.primer.tsv
2021-04-02 20:43:00,284 - INFO - Writing overlap_70/e4H3M2EDPS1_TK/e4H3M2EDPS1_TK.reference.fasta
2021-04-02 20:43:00,297 - INFO - Writing overlap_70/e4H3M2EDPS1_TK/e4H3M2EDPS1_TK.plot.pdf
2021-04-02 20:43:00,297 - INFO - Writing overlap_70/e4H3M2EDPS1_TK/e4H3M2EDPS1_TK.plot.svg
2021-04-02 20:43:00,337 - INFO - Writing overlap_70/e4H3M2EDPS1_TK/e4H3M2EDPS1_TK.report.json
2021-04-03 02:16:10,298 - INFO - Writing log to overlap_70/e4H3M2EDPS1_TK/e4H3M2EDPS1_TK.log
2021-04-03 02:16:10,316 - INFO - References:
 - e4H3M2EDPS1_TK
2021-04-03 02:16:10,316 - INFO - Primary reference for coordinate system: e4H3M2EDPS1_TK
2021-04-03 02:16:10,316 - INFO - Considering primers from all references
2021-04-03 02:16:22,986 - INFO - All done! Scheme created with 16 regions, 7 gaps, 80.63% coverage
2021-04-03 02:16:22,986 - INFO - Writing overlap_70/e4H3M2EDPS1_TK/e4H3M2EDPS1_TK.primer.bed
2021-04-03 02:16:22,991 - INFO - Writing overlap_70/e4H3M2EDPS1_TK/e4H3M2EDPS1_TK.insert.bed
2021-04-03 02:16:22,995 - INFO - Writing overlap_70/e4H3M2EDPS1_TK/e4H3M2EDPS1_TK.primer.tsv
2021-04-03 02:16:23,001 - INFO - Writing overlap_70/e4H3M2EDPS1_TK/e4H3M2EDPS1_TK.reference.fasta
2021-04-03 02:16:23,016 - INFO - Writing overlap_70/e4H3M2EDPS1_TK/e4H3M2EDPS1_TK.plot.pdf
2021-04-03 02:16:23,016 - INFO - Writing overlap_70/e4H3M2EDPS1_TK/e4H3M2EDPS1_TK.plot.svg
2021-04-03 02:16:23,064 - INFO - Writing overlap_70/e4H3M2EDPS1_TK/e4H3M2EDPS1_TK.report.json
2021-04-04 18:48:28,897 - INFO - Writing log to overlap_70/e4H3M2EDPS1_TK/e4H3M2EDPS1_TK.log
2021-04-04 18:48:28,930 - INFO - References:
 - e4H3M2EDPS1_TK
2021-04-04 18:48:28,930 - INFO - Primary reference for coordinate system: e4H3M2EDPS1_TK
2021-04-04 18:48:28,930 - INFO - Considering primers from all references
2021-04-04 18:48:40,609 - INFO - All done! Scheme created with 16 regions, 7 gaps, 80.63% coverage
2021-04-04 18:48:40,610 - INFO - Writing overlap_70/e4H3M2EDPS1_TK/e4H3M2EDPS1_TK.primer.bed
2021-04-04 18:48:40,613 - INFO - Writing overlap_70/e4H3M2EDPS1_TK/e4H3M2EDPS1_TK.insert.bed
2021-04-04 18:48:40,615 - INFO - Writing overlap_70/e4H3M2EDPS1_TK/e4H3M2EDPS1_TK.primer.tsv
2021-04-04 18:48:40,618 - INFO - Writing overlap_70/e4H3M2EDPS1_TK/e4H3M2EDPS1_TK.reference.fasta
2021-04-04 18:48:40,630 - INFO - Writing overlap_70/e4H3M2EDPS1_TK/e4H3M2EDPS1_TK.plot.pdf
2021-04-04 18:48:40,630 - INFO - Writing overlap_70/e4H3M2EDPS1_TK/e4H3M2EDPS1_TK.plot.svg
2021-04-04 18:48:40,676 - INFO - Writing overlap_70/e4H3M2EDPS1_TK/e4H3M2EDPS1_TK.report.json
