2021-04-03 11:12:35,263 - INFO - Writing log to overlap_75/cluster_4H3M2EDPR_TK/cluster_4H3M2EDPR_TK.log
2021-04-03 11:12:35,275 - INFO - References:
 - 4H3M2EDPR1_TK
 - 4H3M2EDPR3_TK
2021-04-03 11:12:35,275 - INFO - Primary reference for coordinate system: 4H3M2EDPR1_TK
2021-04-03 11:12:35,275 - INFO - Considering primers from all references
2021-04-03 11:12:43,468 - INFO - All done! Scheme created with 11 regions, 4 gaps, 73.82% coverage
2021-04-03 11:12:43,468 - INFO - Writing overlap_75/cluster_4H3M2EDPR_TK/cluster_4H3M2EDPR_TK.primer.bed
2021-04-03 11:12:43,470 - INFO - Writing overlap_75/cluster_4H3M2EDPR_TK/cluster_4H3M2EDPR_TK.insert.bed
2021-04-03 11:12:43,470 - INFO - Writing overlap_75/cluster_4H3M2EDPR_TK/cluster_4H3M2EDPR_TK.primer.tsv
2021-04-03 11:12:43,471 - INFO - Writing overlap_75/cluster_4H3M2EDPR_TK/cluster_4H3M2EDPR_TK.reference.fasta
2021-04-03 11:12:43,478 - INFO - Writing overlap_75/cluster_4H3M2EDPR_TK/cluster_4H3M2EDPR_TK.plot.pdf
2021-04-03 11:12:43,478 - INFO - Writing overlap_75/cluster_4H3M2EDPR_TK/cluster_4H3M2EDPR_TK.plot.svg
2021-04-03 11:12:43,503 - INFO - Writing overlap_75/cluster_4H3M2EDPR_TK/cluster_4H3M2EDPR_TK.report.json
2021-04-04 19:02:14,088 - INFO - Writing log to overlap_75/cluster_4H3M2EDPR_TK/cluster_4H3M2EDPR_TK.log
2021-04-04 19:02:14,127 - INFO - References:
 - 4H3M2EDPR1_TK
 - 4H3M2EDPR3_TK
2021-04-04 19:02:14,127 - INFO - Primary reference for coordinate system: 4H3M2EDPR1_TK
2021-04-04 19:02:14,127 - INFO - Considering primers from all references
2021-04-04 19:02:23,191 - INFO - All done! Scheme created with 11 regions, 4 gaps, 73.82% coverage
2021-04-04 19:02:23,191 - INFO - Writing overlap_75/cluster_4H3M2EDPR_TK/cluster_4H3M2EDPR_TK.primer.bed
2021-04-04 19:02:23,195 - INFO - Writing overlap_75/cluster_4H3M2EDPR_TK/cluster_4H3M2EDPR_TK.insert.bed
2021-04-04 19:02:23,198 - INFO - Writing overlap_75/cluster_4H3M2EDPR_TK/cluster_4H3M2EDPR_TK.primer.tsv
2021-04-04 19:02:23,200 - INFO - Writing overlap_75/cluster_4H3M2EDPR_TK/cluster_4H3M2EDPR_TK.reference.fasta
2021-04-04 19:02:23,214 - INFO - Writing overlap_75/cluster_4H3M2EDPR_TK/cluster_4H3M2EDPR_TK.plot.pdf
2021-04-04 19:02:23,214 - INFO - Writing overlap_75/cluster_4H3M2EDPR_TK/cluster_4H3M2EDPR_TK.plot.svg
2021-04-04 19:02:23,247 - INFO - Writing overlap_75/cluster_4H3M2EDPR_TK/cluster_4H3M2EDPR_TK.report.json
