2021-04-03 11:36:59,126 - INFO - Writing log to overlap_85/3H3MCR3_TK/3H3MCR3_TK.log
2021-04-03 11:36:59,132 - INFO - References:
 - 3H3MCR3_TK
2021-04-03 11:36:59,132 - INFO - Primary reference for coordinate system: 3H3MCR3_TK
2021-04-03 11:36:59,132 - INFO - Considering primers from all references
2021-04-03 11:37:03,906 - INFO - All done! Scheme created with 8 regions, 2 gaps, 89.6% coverage
2021-04-03 11:37:03,907 - INFO - Writing overlap_85/3H3MCR3_TK/3H3MCR3_TK.primer.bed
2021-04-03 11:37:03,908 - INFO - Writing overlap_85/3H3MCR3_TK/3H3MCR3_TK.insert.bed
2021-04-03 11:37:03,909 - INFO - Writing overlap_85/3H3MCR3_TK/3H3MCR3_TK.primer.tsv
2021-04-03 11:37:03,910 - INFO - Writing overlap_85/3H3MCR3_TK/3H3MCR3_TK.reference.fasta
2021-04-03 11:37:03,915 - INFO - Writing overlap_85/3H3MCR3_TK/3H3MCR3_TK.plot.pdf
2021-04-03 11:37:03,915 - INFO - Writing overlap_85/3H3MCR3_TK/3H3MCR3_TK.plot.svg
2021-04-03 11:37:03,935 - INFO - Writing overlap_85/3H3MCR3_TK/3H3MCR3_TK.report.json
2021-04-04 19:29:23,294 - INFO - Writing log to overlap_85/3H3MCR3_TK/3H3MCR3_TK.log
2021-04-04 19:29:23,305 - INFO - References:
 - 3H3MCR3_TK
2021-04-04 19:29:23,305 - INFO - Primary reference for coordinate system: 3H3MCR3_TK
2021-04-04 19:29:23,306 - INFO - Considering primers from all references
2021-04-04 19:29:28,650 - INFO - All done! Scheme created with 8 regions, 2 gaps, 89.6% coverage
2021-04-04 19:29:28,650 - INFO - Writing overlap_85/3H3MCR3_TK/3H3MCR3_TK.primer.bed
2021-04-04 19:29:28,653 - INFO - Writing overlap_85/3H3MCR3_TK/3H3MCR3_TK.insert.bed
2021-04-04 19:29:28,656 - INFO - Writing overlap_85/3H3MCR3_TK/3H3MCR3_TK.primer.tsv
2021-04-04 19:29:28,658 - INFO - Writing overlap_85/3H3MCR3_TK/3H3MCR3_TK.reference.fasta
2021-04-04 19:29:28,665 - INFO - Writing overlap_85/3H3MCR3_TK/3H3MCR3_TK.plot.pdf
2021-04-04 19:29:28,665 - INFO - Writing overlap_85/3H3MCR3_TK/3H3MCR3_TK.plot.svg
2021-04-04 19:29:28,691 - INFO - Writing overlap_85/3H3MCR3_TK/3H3MCR3_TK.report.json
