2021-04-03 01:07:57,186 - INFO - Writing log to overlap_50/C72_TK/C72_TK.log
2021-04-03 01:07:57,208 - INFO - References:
 - C72_TK
2021-04-03 01:07:57,208 - INFO - Primary reference for coordinate system: C72_TK
2021-04-03 01:07:57,208 - INFO - Considering primers from all references
2021-04-03 01:07:58,624 - INFO - All done! Scheme created with 2 regions, 0 gaps, 49.05% coverage
2021-04-03 01:07:58,624 - INFO - Writing overlap_50/C72_TK/C72_TK.primer.bed
2021-04-03 01:07:58,625 - INFO - Writing overlap_50/C72_TK/C72_TK.insert.bed
2021-04-03 01:07:58,626 - INFO - Writing overlap_50/C72_TK/C72_TK.primer.tsv
2021-04-03 01:07:58,627 - INFO - Writing overlap_50/C72_TK/C72_TK.reference.fasta
2021-04-03 01:07:58,630 - INFO - Writing overlap_50/C72_TK/C72_TK.plot.pdf
2021-04-03 01:07:58,630 - INFO - Writing overlap_50/C72_TK/C72_TK.plot.svg
2021-04-03 01:07:58,646 - INFO - Writing overlap_50/C72_TK/C72_TK.report.json
2021-04-04 17:46:59,093 - INFO - Writing log to overlap_50/C72_TK/C72_TK.log
2021-04-04 17:46:59,126 - INFO - References:
 - C72_TK
2021-04-04 17:46:59,126 - INFO - Primary reference for coordinate system: C72_TK
2021-04-04 17:46:59,127 - INFO - Considering primers from all references
2021-04-04 17:47:00,395 - INFO - All done! Scheme created with 2 regions, 0 gaps, 49.05% coverage
2021-04-04 17:47:00,396 - INFO - Writing overlap_50/C72_TK/C72_TK.primer.bed
2021-04-04 17:47:00,398 - INFO - Writing overlap_50/C72_TK/C72_TK.insert.bed
2021-04-04 17:47:00,401 - INFO - Writing overlap_50/C72_TK/C72_TK.primer.tsv
2021-04-04 17:47:00,403 - INFO - Writing overlap_50/C72_TK/C72_TK.reference.fasta
2021-04-04 17:47:00,408 - INFO - Writing overlap_50/C72_TK/C72_TK.plot.pdf
2021-04-04 17:47:00,408 - INFO - Writing overlap_50/C72_TK/C72_TK.plot.svg
2021-04-04 17:47:00,424 - INFO - Writing overlap_50/C72_TK/C72_TK.report.json
