2021-04-03 11:46:10,796 - INFO - Writing log to overlap_85/RBP45A_TK/RBP45A_TK.log
2021-04-03 11:46:10,802 - INFO - References:
 - RBP45A_TK
2021-04-03 11:46:10,802 - INFO - Primary reference for coordinate system: RBP45A_TK
2021-04-03 11:46:10,802 - INFO - Considering primers from all references
2021-04-03 11:46:18,965 - INFO - All done! Scheme created with 13 regions, 3 gaps, 81.65% coverage
2021-04-03 11:46:18,965 - INFO - Writing overlap_85/RBP45A_TK/RBP45A_TK.primer.bed
2021-04-03 11:46:18,966 - INFO - Writing overlap_85/RBP45A_TK/RBP45A_TK.insert.bed
2021-04-03 11:46:18,967 - INFO - Writing overlap_85/RBP45A_TK/RBP45A_TK.primer.tsv
2021-04-03 11:46:18,968 - INFO - Writing overlap_85/RBP45A_TK/RBP45A_TK.reference.fasta
2021-04-03 11:46:18,975 - INFO - Writing overlap_85/RBP45A_TK/RBP45A_TK.plot.pdf
2021-04-03 11:46:18,975 - INFO - Writing overlap_85/RBP45A_TK/RBP45A_TK.plot.svg
2021-04-03 11:46:19,004 - INFO - Writing overlap_85/RBP45A_TK/RBP45A_TK.report.json
2021-04-04 19:39:37,580 - INFO - Writing log to overlap_85/RBP45A_TK/RBP45A_TK.log
2021-04-04 19:39:37,606 - INFO - References:
 - RBP45A_TK
2021-04-04 19:39:37,606 - INFO - Primary reference for coordinate system: RBP45A_TK
2021-04-04 19:39:37,606 - INFO - Considering primers from all references
2021-04-04 19:39:46,653 - INFO - All done! Scheme created with 13 regions, 3 gaps, 81.65% coverage
2021-04-04 19:39:46,653 - INFO - Writing overlap_85/RBP45A_TK/RBP45A_TK.primer.bed
2021-04-04 19:39:46,656 - INFO - Writing overlap_85/RBP45A_TK/RBP45A_TK.insert.bed
2021-04-04 19:39:46,659 - INFO - Writing overlap_85/RBP45A_TK/RBP45A_TK.primer.tsv
2021-04-04 19:39:46,661 - INFO - Writing overlap_85/RBP45A_TK/RBP45A_TK.reference.fasta
2021-04-04 19:39:46,671 - INFO - Writing overlap_85/RBP45A_TK/RBP45A_TK.plot.pdf
2021-04-04 19:39:46,671 - INFO - Writing overlap_85/RBP45A_TK/RBP45A_TK.plot.svg
2021-04-04 19:39:46,705 - INFO - Writing overlap_85/RBP45A_TK/RBP45A_TK.report.json
