2021-04-03 11:35:16,486 - INFO - Writing log to overlap_85/1DDX5PS1_TK/1DDX5PS1_TK.log
2021-04-03 11:35:16,492 - INFO - References:
 - 1DDX5PS1_TK
2021-04-03 11:35:16,492 - INFO - Primary reference for coordinate system: 1DDX5PS1_TK
2021-04-03 11:35:16,492 - INFO - Considering primers from all references
2021-04-03 11:35:28,108 - INFO - All done! Scheme created with 18 regions, 8 gaps, 83.28% coverage
2021-04-03 11:35:28,109 - INFO - Writing overlap_85/1DDX5PS1_TK/1DDX5PS1_TK.primer.bed
2021-04-03 11:35:28,111 - INFO - Writing overlap_85/1DDX5PS1_TK/1DDX5PS1_TK.insert.bed
2021-04-03 11:35:28,112 - INFO - Writing overlap_85/1DDX5PS1_TK/1DDX5PS1_TK.primer.tsv
2021-04-03 11:35:28,112 - INFO - Writing overlap_85/1DDX5PS1_TK/1DDX5PS1_TK.reference.fasta
2021-04-03 11:35:28,121 - INFO - Writing overlap_85/1DDX5PS1_TK/1DDX5PS1_TK.plot.pdf
2021-04-03 11:35:28,121 - INFO - Writing overlap_85/1DDX5PS1_TK/1DDX5PS1_TK.plot.svg
2021-04-03 11:35:28,156 - INFO - Writing overlap_85/1DDX5PS1_TK/1DDX5PS1_TK.report.json
2021-04-04 19:27:28,737 - INFO - Writing log to overlap_85/1DDX5PS1_TK/1DDX5PS1_TK.log
2021-04-04 19:27:28,759 - INFO - References:
 - 1DDX5PS1_TK
2021-04-04 19:27:28,759 - INFO - Primary reference for coordinate system: 1DDX5PS1_TK
2021-04-04 19:27:28,759 - INFO - Considering primers from all references
2021-04-04 19:27:41,720 - INFO - All done! Scheme created with 18 regions, 8 gaps, 83.28% coverage
2021-04-04 19:27:41,720 - INFO - Writing overlap_85/1DDX5PS1_TK/1DDX5PS1_TK.primer.bed
2021-04-04 19:27:41,723 - INFO - Writing overlap_85/1DDX5PS1_TK/1DDX5PS1_TK.insert.bed
2021-04-04 19:27:41,725 - INFO - Writing overlap_85/1DDX5PS1_TK/1DDX5PS1_TK.primer.tsv
2021-04-04 19:27:41,728 - INFO - Writing overlap_85/1DDX5PS1_TK/1DDX5PS1_TK.reference.fasta
2021-04-04 19:27:41,740 - INFO - Writing overlap_85/1DDX5PS1_TK/1DDX5PS1_TK.plot.pdf
2021-04-04 19:27:41,740 - INFO - Writing overlap_85/1DDX5PS1_TK/1DDX5PS1_TK.plot.svg
2021-04-04 19:27:41,783 - INFO - Writing overlap_85/1DDX5PS1_TK/1DDX5PS1_TK.report.json
