2020-12-01 05:23:25,320 - INFO - Writing log to overlap_70/1_SST_TK/1_SST_TK.log
2020-12-01 05:23:25,420 - INFO - References:
 - 1_SST_TK
2020-12-01 05:23:25,420 - INFO - Primary reference for coordinate system: 1_SST_TK
2020-12-01 05:23:25,420 - INFO - Considering primers from all references
2020-12-01 05:23:27,501 - INFO - All done! Scheme created with 25 regions, 12 gaps, 72.83% coverage
2020-12-01 05:23:27,501 - INFO - Writing overlap_70/1_SST_TK/1_SST_TK.primer.bed
2020-12-01 05:23:27,502 - INFO - Writing overlap_70/1_SST_TK/1_SST_TK.insert.bed
2020-12-01 05:23:27,503 - INFO - Writing overlap_70/1_SST_TK/1_SST_TK.primer.tsv
2020-12-01 05:23:27,504 - INFO - Writing overlap_70/1_SST_TK/1_SST_TK.reference.fasta
2020-12-01 05:23:27,514 - INFO - Writing overlap_70/1_SST_TK/1_SST_TK.plot.pdf
2020-12-01 05:23:27,514 - INFO - Writing overlap_70/1_SST_TK/1_SST_TK.plot.svg
2020-12-01 05:23:27,552 - INFO - Writing overlap_70/1_SST_TK/1_SST_TK.report.json
2021-04-02 20:38:53,342 - INFO - Writing log to overlap_70/1_SST_TK/1_SST_TK.log
2021-04-02 20:38:53,383 - INFO - References:
 - 1_SST_TK
2021-04-02 20:38:53,383 - INFO - Primary reference for coordinate system: 1_SST_TK
2021-04-02 20:38:53,383 - INFO - Considering primers from all references
2021-04-02 20:39:08,046 - INFO - All done! Scheme created with 15 regions, 5 gaps, 84.93% coverage
2021-04-02 20:39:08,046 - INFO - Writing overlap_70/1_SST_TK/1_SST_TK.primer.bed
2021-04-02 20:39:08,052 - INFO - Writing overlap_70/1_SST_TK/1_SST_TK.insert.bed
2021-04-02 20:39:08,057 - INFO - Writing overlap_70/1_SST_TK/1_SST_TK.primer.tsv
2021-04-02 20:39:08,063 - INFO - Writing overlap_70/1_SST_TK/1_SST_TK.reference.fasta
2021-04-02 20:39:08,112 - INFO - Writing overlap_70/1_SST_TK/1_SST_TK.plot.pdf
2021-04-02 20:39:08,112 - INFO - Writing overlap_70/1_SST_TK/1_SST_TK.plot.svg
2021-04-02 20:39:08,151 - INFO - Writing overlap_70/1_SST_TK/1_SST_TK.report.json
2021-04-03 02:10:51,636 - INFO - Writing log to overlap_70/1_SST_TK/1_SST_TK.log
2021-04-03 02:10:51,655 - INFO - References:
 - 1_SST_TK
2021-04-03 02:10:51,655 - INFO - Primary reference for coordinate system: 1_SST_TK
2021-04-03 02:10:51,655 - INFO - Considering primers from all references
2021-04-03 02:11:10,106 - INFO - All done! Scheme created with 15 regions, 5 gaps, 84.93% coverage
2021-04-03 02:11:10,106 - INFO - Writing overlap_70/1_SST_TK/1_SST_TK.primer.bed
2021-04-03 02:11:10,110 - INFO - Writing overlap_70/1_SST_TK/1_SST_TK.insert.bed
2021-04-03 02:11:10,116 - INFO - Writing overlap_70/1_SST_TK/1_SST_TK.primer.tsv
2021-04-03 02:11:10,120 - INFO - Writing overlap_70/1_SST_TK/1_SST_TK.reference.fasta
2021-04-03 02:11:10,213 - INFO - Writing overlap_70/1_SST_TK/1_SST_TK.plot.pdf
2021-04-03 02:11:10,213 - INFO - Writing overlap_70/1_SST_TK/1_SST_TK.plot.svg
2021-04-03 02:11:10,259 - INFO - Writing overlap_70/1_SST_TK/1_SST_TK.report.json
