2021-04-03 00:35:41,054 - INFO - Writing log to overlap_40/CPIP_TK/CPIP_TK.log
2021-04-03 00:35:41,075 - INFO - References:
 - CPIP_TK
2021-04-03 00:35:41,075 - INFO - Primary reference for coordinate system: CPIP_TK
2021-04-03 00:35:41,075 - INFO - Considering primers from all references
2021-04-03 00:35:45,826 - INFO - All done! Scheme created with 6 regions, 2 gaps, 63.22% coverage
2021-04-03 00:35:45,826 - INFO - Writing overlap_40/CPIP_TK/CPIP_TK.primer.bed
2021-04-03 00:35:45,827 - INFO - Writing overlap_40/CPIP_TK/CPIP_TK.insert.bed
2021-04-03 00:35:45,829 - INFO - Writing overlap_40/CPIP_TK/CPIP_TK.primer.tsv
2021-04-03 00:35:45,830 - INFO - Writing overlap_40/CPIP_TK/CPIP_TK.reference.fasta
2021-04-03 00:35:45,835 - INFO - Writing overlap_40/CPIP_TK/CPIP_TK.plot.pdf
2021-04-03 00:35:45,836 - INFO - Writing overlap_40/CPIP_TK/CPIP_TK.plot.svg
2021-04-03 00:35:45,859 - INFO - Writing overlap_40/CPIP_TK/CPIP_TK.report.json
2021-04-04 17:17:36,929 - INFO - Writing log to overlap_40/CPIP_TK/CPIP_TK.log
2021-04-04 17:17:36,963 - INFO - References:
 - CPIP_TK
2021-04-04 17:17:36,963 - INFO - Primary reference for coordinate system: CPIP_TK
2021-04-04 17:17:36,963 - INFO - Considering primers from all references
2021-04-04 17:17:41,318 - INFO - All done! Scheme created with 6 regions, 2 gaps, 63.22% coverage
2021-04-04 17:17:41,318 - INFO - Writing overlap_40/CPIP_TK/CPIP_TK.primer.bed
2021-04-04 17:17:41,322 - INFO - Writing overlap_40/CPIP_TK/CPIP_TK.insert.bed
2021-04-04 17:17:41,325 - INFO - Writing overlap_40/CPIP_TK/CPIP_TK.primer.tsv
2021-04-04 17:17:41,329 - INFO - Writing overlap_40/CPIP_TK/CPIP_TK.reference.fasta
2021-04-04 17:17:41,337 - INFO - Writing overlap_40/CPIP_TK/CPIP_TK.plot.pdf
2021-04-04 17:17:41,337 - INFO - Writing overlap_40/CPIP_TK/CPIP_TK.plot.svg
2021-04-04 17:17:41,363 - INFO - Writing overlap_40/CPIP_TK/CPIP_TK.report.json
