2021-04-03 01:12:19,749 - INFO - Writing log to overlap_50/MDPD_TK/MDPD_TK.log
2021-04-03 01:12:19,758 - INFO - References:
 - MDPD_TK
2021-04-03 01:12:19,758 - INFO - Primary reference for coordinate system: MDPD_TK
2021-04-03 01:12:19,758 - INFO - Considering primers from all references
2021-04-03 01:12:26,703 - INFO - All done! Scheme created with 9 regions, 2 gaps, 78.77% coverage
2021-04-03 01:12:26,703 - INFO - Writing overlap_50/MDPD_TK/MDPD_TK.primer.bed
2021-04-03 01:12:26,704 - INFO - Writing overlap_50/MDPD_TK/MDPD_TK.insert.bed
2021-04-03 01:12:26,705 - INFO - Writing overlap_50/MDPD_TK/MDPD_TK.primer.tsv
2021-04-03 01:12:26,705 - INFO - Writing overlap_50/MDPD_TK/MDPD_TK.reference.fasta
2021-04-03 01:12:26,712 - INFO - Writing overlap_50/MDPD_TK/MDPD_TK.plot.pdf
2021-04-03 01:12:26,712 - INFO - Writing overlap_50/MDPD_TK/MDPD_TK.plot.svg
2021-04-03 01:12:26,742 - INFO - Writing overlap_50/MDPD_TK/MDPD_TK.report.json
2021-04-04 17:50:54,284 - INFO - Writing log to overlap_50/MDPD_TK/MDPD_TK.log
2021-04-04 17:50:54,323 - INFO - References:
 - MDPD_TK
2021-04-04 17:50:54,323 - INFO - Primary reference for coordinate system: MDPD_TK
2021-04-04 17:50:54,323 - INFO - Considering primers from all references
2021-04-04 17:51:00,634 - INFO - All done! Scheme created with 9 regions, 2 gaps, 78.77% coverage
2021-04-04 17:51:00,634 - INFO - Writing overlap_50/MDPD_TK/MDPD_TK.primer.bed
2021-04-04 17:51:00,637 - INFO - Writing overlap_50/MDPD_TK/MDPD_TK.insert.bed
2021-04-04 17:51:00,639 - INFO - Writing overlap_50/MDPD_TK/MDPD_TK.primer.tsv
2021-04-04 17:51:00,642 - INFO - Writing overlap_50/MDPD_TK/MDPD_TK.reference.fasta
2021-04-04 17:51:00,649 - INFO - Writing overlap_50/MDPD_TK/MDPD_TK.plot.pdf
2021-04-04 17:51:00,650 - INFO - Writing overlap_50/MDPD_TK/MDPD_TK.plot.svg
2021-04-04 17:51:00,678 - INFO - Writing overlap_50/MDPD_TK/MDPD_TK.report.json
