2021-04-03 02:03:23,415 - INFO - Writing log to overlap_65/OC2_TK/OC2_TK.log
2021-04-03 02:03:23,424 - INFO - References:
 - OC2_TK
2021-04-03 02:03:23,424 - INFO - Primary reference for coordinate system: OC2_TK
2021-04-03 02:03:23,424 - INFO - Considering primers from all references
2021-04-03 02:03:50,813 - INFO - All done! Scheme created with 32 regions, 10 gaps, 83.22% coverage
2021-04-03 02:03:50,814 - INFO - Writing overlap_65/OC2_TK/OC2_TK.primer.bed
2021-04-03 02:03:50,815 - INFO - Writing overlap_65/OC2_TK/OC2_TK.insert.bed
2021-04-03 02:03:50,817 - INFO - Writing overlap_65/OC2_TK/OC2_TK.primer.tsv
2021-04-03 02:03:50,818 - INFO - Writing overlap_65/OC2_TK/OC2_TK.reference.fasta
2021-04-03 02:03:50,837 - INFO - Writing overlap_65/OC2_TK/OC2_TK.plot.pdf
2021-04-03 02:03:50,837 - INFO - Writing overlap_65/OC2_TK/OC2_TK.plot.svg
2021-04-03 02:03:50,906 - INFO - Writing overlap_65/OC2_TK/OC2_TK.report.json
2021-04-04 18:36:50,938 - INFO - Writing log to overlap_65/OC2_TK/OC2_TK.log
2021-04-04 18:36:50,963 - INFO - References:
 - OC2_TK
2021-04-04 18:36:50,963 - INFO - Primary reference for coordinate system: OC2_TK
2021-04-04 18:36:50,963 - INFO - Considering primers from all references
2021-04-04 18:37:15,926 - INFO - All done! Scheme created with 32 regions, 10 gaps, 83.22% coverage
2021-04-04 18:37:15,926 - INFO - Writing overlap_65/OC2_TK/OC2_TK.primer.bed
2021-04-04 18:37:15,929 - INFO - Writing overlap_65/OC2_TK/OC2_TK.insert.bed
2021-04-04 18:37:15,932 - INFO - Writing overlap_65/OC2_TK/OC2_TK.primer.tsv
2021-04-04 18:37:15,934 - INFO - Writing overlap_65/OC2_TK/OC2_TK.reference.fasta
2021-04-04 18:37:15,953 - INFO - Writing overlap_65/OC2_TK/OC2_TK.plot.pdf
2021-04-04 18:37:15,954 - INFO - Writing overlap_65/OC2_TK/OC2_TK.plot.svg
2021-04-04 18:37:16,020 - INFO - Writing overlap_65/OC2_TK/OC2_TK.report.json
