2021-04-03 01:58:52,638 - INFO - Writing log to overlap_65/CPT1_1_TK/CPT1_1_TK.log
2021-04-03 01:58:52,646 - INFO - References:
 - CPT1_1_TK
2021-04-03 01:58:52,646 - INFO - Primary reference for coordinate system: CPT1_1_TK
2021-04-03 01:58:52,646 - INFO - Considering primers from all references
2021-04-03 01:58:55,596 - INFO - All done! Scheme created with 4 regions, 1 gap, 57.98% coverage
2021-04-03 01:58:55,596 - INFO - Writing overlap_65/CPT1_1_TK/CPT1_1_TK.primer.bed
2021-04-03 01:58:55,598 - INFO - Writing overlap_65/CPT1_1_TK/CPT1_1_TK.insert.bed
2021-04-03 01:58:55,599 - INFO - Writing overlap_65/CPT1_1_TK/CPT1_1_TK.primer.tsv
2021-04-03 01:58:55,600 - INFO - Writing overlap_65/CPT1_1_TK/CPT1_1_TK.reference.fasta
2021-04-03 01:58:55,605 - INFO - Writing overlap_65/CPT1_1_TK/CPT1_1_TK.plot.pdf
2021-04-03 01:58:55,605 - INFO - Writing overlap_65/CPT1_1_TK/CPT1_1_TK.plot.svg
2021-04-03 01:58:55,662 - INFO - Writing overlap_65/CPT1_1_TK/CPT1_1_TK.report.json
2021-04-04 18:32:43,205 - INFO - Writing log to overlap_65/CPT1_1_TK/CPT1_1_TK.log
2021-04-04 18:32:43,227 - INFO - References:
 - CPT1_1_TK
2021-04-04 18:32:43,228 - INFO - Primary reference for coordinate system: CPT1_1_TK
2021-04-04 18:32:43,228 - INFO - Considering primers from all references
2021-04-04 18:32:45,974 - INFO - All done! Scheme created with 4 regions, 1 gap, 57.98% coverage
2021-04-04 18:32:45,974 - INFO - Writing overlap_65/CPT1_1_TK/CPT1_1_TK.primer.bed
2021-04-04 18:32:45,977 - INFO - Writing overlap_65/CPT1_1_TK/CPT1_1_TK.insert.bed
2021-04-04 18:32:45,980 - INFO - Writing overlap_65/CPT1_1_TK/CPT1_1_TK.primer.tsv
2021-04-04 18:32:45,982 - INFO - Writing overlap_65/CPT1_1_TK/CPT1_1_TK.reference.fasta
2021-04-04 18:32:45,988 - INFO - Writing overlap_65/CPT1_1_TK/CPT1_1_TK.plot.pdf
2021-04-04 18:32:45,988 - INFO - Writing overlap_65/CPT1_1_TK/CPT1_1_TK.plot.svg
2021-04-04 18:32:46,029 - INFO - Writing overlap_65/CPT1_1_TK/CPT1_1_TK.report.json
