2021-04-02 20:39:50,204 - INFO - Writing log to overlap_70/2cMDE24CS1_TK/2cMDE24CS1_TK.log
2021-04-02 20:39:50,227 - INFO - References:
 - 2cMDE24CS1_TK
2021-04-02 20:39:50,227 - INFO - Primary reference for coordinate system: 2cMDE24CS1_TK
2021-04-02 20:39:50,227 - INFO - Considering primers from all references
2021-04-02 20:39:53,847 - INFO - All done! Scheme created with 6 regions, 2 gaps, 75.06% coverage
2021-04-02 20:39:53,847 - INFO - Writing overlap_70/2cMDE24CS1_TK/2cMDE24CS1_TK.primer.bed
2021-04-02 20:39:53,848 - INFO - Writing overlap_70/2cMDE24CS1_TK/2cMDE24CS1_TK.insert.bed
2021-04-02 20:39:53,849 - INFO - Writing overlap_70/2cMDE24CS1_TK/2cMDE24CS1_TK.primer.tsv
2021-04-02 20:39:53,850 - INFO - Writing overlap_70/2cMDE24CS1_TK/2cMDE24CS1_TK.reference.fasta
2021-04-02 20:39:53,854 - INFO - Writing overlap_70/2cMDE24CS1_TK/2cMDE24CS1_TK.plot.pdf
2021-04-02 20:39:53,854 - INFO - Writing overlap_70/2cMDE24CS1_TK/2cMDE24CS1_TK.plot.svg
2021-04-02 20:39:53,872 - INFO - Writing overlap_70/2cMDE24CS1_TK/2cMDE24CS1_TK.report.json
2021-04-03 02:11:10,938 - INFO - Writing log to overlap_70/2cMDE24CS1_TK/2cMDE24CS1_TK.log
2021-04-03 02:11:10,960 - INFO - References:
 - 2cMDE24CS1_TK
2021-04-03 02:11:10,961 - INFO - Primary reference for coordinate system: 2cMDE24CS1_TK
2021-04-03 02:11:10,961 - INFO - Considering primers from all references
2021-04-03 02:11:15,529 - INFO - All done! Scheme created with 6 regions, 2 gaps, 75.06% coverage
2021-04-03 02:11:15,529 - INFO - Writing overlap_70/2cMDE24CS1_TK/2cMDE24CS1_TK.primer.bed
2021-04-03 02:11:15,534 - INFO - Writing overlap_70/2cMDE24CS1_TK/2cMDE24CS1_TK.insert.bed
2021-04-03 02:11:15,539 - INFO - Writing overlap_70/2cMDE24CS1_TK/2cMDE24CS1_TK.primer.tsv
2021-04-03 02:11:15,544 - INFO - Writing overlap_70/2cMDE24CS1_TK/2cMDE24CS1_TK.reference.fasta
2021-04-03 02:11:15,553 - INFO - Writing overlap_70/2cMDE24CS1_TK/2cMDE24CS1_TK.plot.pdf
2021-04-03 02:11:15,553 - INFO - Writing overlap_70/2cMDE24CS1_TK/2cMDE24CS1_TK.plot.svg
2021-04-03 02:11:15,582 - INFO - Writing overlap_70/2cMDE24CS1_TK/2cMDE24CS1_TK.report.json
2021-04-04 18:43:56,476 - INFO - Writing log to overlap_70/2cMDE24CS1_TK/2cMDE24CS1_TK.log
2021-04-04 18:43:56,490 - INFO - References:
 - 2cMDE24CS1_TK
2021-04-04 18:43:56,490 - INFO - Primary reference for coordinate system: 2cMDE24CS1_TK
2021-04-04 18:43:56,490 - INFO - Considering primers from all references
2021-04-04 18:44:00,757 - INFO - All done! Scheme created with 6 regions, 2 gaps, 75.06% coverage
2021-04-04 18:44:00,757 - INFO - Writing overlap_70/2cMDE24CS1_TK/2cMDE24CS1_TK.primer.bed
2021-04-04 18:44:00,760 - INFO - Writing overlap_70/2cMDE24CS1_TK/2cMDE24CS1_TK.insert.bed
2021-04-04 18:44:00,763 - INFO - Writing overlap_70/2cMDE24CS1_TK/2cMDE24CS1_TK.primer.tsv
2021-04-04 18:44:00,765 - INFO - Writing overlap_70/2cMDE24CS1_TK/2cMDE24CS1_TK.reference.fasta
2021-04-04 18:44:00,772 - INFO - Writing overlap_70/2cMDE24CS1_TK/2cMDE24CS1_TK.plot.pdf
2021-04-04 18:44:00,773 - INFO - Writing overlap_70/2cMDE24CS1_TK/2cMDE24CS1_TK.plot.svg
2021-04-04 18:44:00,797 - INFO - Writing overlap_70/2cMDE24CS1_TK/2cMDE24CS1_TK.report.json
