2020-12-01 05:20:04,432 - INFO - Writing log to overlap_50/1_SST_TK/1_SST_TK.log
2020-12-01 05:20:04,475 - INFO - References:
 - 1_SST_TK
2020-12-01 05:20:04,475 - INFO - Primary reference for coordinate system: 1_SST_TK
2020-12-01 05:20:04,475 - INFO - Considering primers from all references
2020-12-01 05:20:06,580 - INFO - All done! Scheme created with 26 regions, 11 gaps, 76.81% coverage
2020-12-01 05:20:06,581 - INFO - Writing overlap_50/1_SST_TK/1_SST_TK.primer.bed
2020-12-01 05:20:06,582 - INFO - Writing overlap_50/1_SST_TK/1_SST_TK.insert.bed
2020-12-01 05:20:06,583 - INFO - Writing overlap_50/1_SST_TK/1_SST_TK.primer.tsv
2020-12-01 05:20:06,584 - INFO - Writing overlap_50/1_SST_TK/1_SST_TK.reference.fasta
2020-12-01 05:20:06,632 - INFO - Writing overlap_50/1_SST_TK/1_SST_TK.plot.pdf
2020-12-01 05:20:06,632 - INFO - Writing overlap_50/1_SST_TK/1_SST_TK.plot.svg
2020-12-01 05:20:06,677 - INFO - Writing overlap_50/1_SST_TK/1_SST_TK.report.json
2021-04-03 01:04:17,937 - INFO - Writing log to overlap_50/1_SST_TK/1_SST_TK.log
2021-04-03 01:04:17,970 - INFO - References:
 - 1_SST_TK
2021-04-03 01:04:17,970 - INFO - Primary reference for coordinate system: 1_SST_TK
2021-04-03 01:04:17,970 - INFO - Considering primers from all references
2021-04-03 01:04:36,929 - INFO - All done! Scheme created with 15 regions, 5 gaps, 84.93% coverage
2021-04-03 01:04:36,929 - INFO - Writing overlap_50/1_SST_TK/1_SST_TK.primer.bed
2021-04-03 01:04:36,941 - INFO - Writing overlap_50/1_SST_TK/1_SST_TK.insert.bed
2021-04-03 01:04:36,944 - INFO - Writing overlap_50/1_SST_TK/1_SST_TK.primer.tsv
2021-04-03 01:04:36,948 - INFO - Writing overlap_50/1_SST_TK/1_SST_TK.reference.fasta
2021-04-03 01:04:37,042 - INFO - Writing overlap_50/1_SST_TK/1_SST_TK.plot.pdf
2021-04-03 01:04:37,043 - INFO - Writing overlap_50/1_SST_TK/1_SST_TK.plot.svg
2021-04-03 01:04:37,086 - INFO - Writing overlap_50/1_SST_TK/1_SST_TK.report.json
2021-04-04 17:43:43,549 - INFO - Writing log to overlap_50/1_SST_TK/1_SST_TK.log
2021-04-04 17:43:43,577 - INFO - References:
 - 1_SST_TK
2021-04-04 17:43:43,577 - INFO - Primary reference for coordinate system: 1_SST_TK
2021-04-04 17:43:43,577 - INFO - Considering primers from all references
2021-04-04 17:44:00,683 - INFO - All done! Scheme created with 15 regions, 5 gaps, 84.93% coverage
2021-04-04 17:44:00,683 - INFO - Writing overlap_50/1_SST_TK/1_SST_TK.primer.bed
2021-04-04 17:44:00,686 - INFO - Writing overlap_50/1_SST_TK/1_SST_TK.insert.bed
2021-04-04 17:44:00,689 - INFO - Writing overlap_50/1_SST_TK/1_SST_TK.primer.tsv
2021-04-04 17:44:00,691 - INFO - Writing overlap_50/1_SST_TK/1_SST_TK.reference.fasta
2021-04-04 17:44:00,753 - INFO - Writing overlap_50/1_SST_TK/1_SST_TK.plot.pdf
2021-04-04 17:44:00,754 - INFO - Writing overlap_50/1_SST_TK/1_SST_TK.plot.svg
2021-04-04 17:44:00,791 - INFO - Writing overlap_50/1_SST_TK/1_SST_TK.report.json
