2021-04-03 11:16:05,666 - INFO - Writing log to overlap_75/MLP28_TK/MLP28_TK.log
2021-04-03 11:16:05,682 - INFO - References:
 - MLP28_TK
2021-04-03 11:16:05,682 - INFO - Primary reference for coordinate system: MLP28_TK
2021-04-03 11:16:05,683 - INFO - Considering primers from all references
2021-04-03 11:16:07,538 - INFO - All done! Scheme created with 3 regions, 0 gaps, 73.47% coverage
2021-04-03 11:16:07,538 - INFO - Writing overlap_75/MLP28_TK/MLP28_TK.primer.bed
2021-04-03 11:16:07,539 - INFO - Writing overlap_75/MLP28_TK/MLP28_TK.insert.bed
2021-04-03 11:16:07,540 - INFO - Writing overlap_75/MLP28_TK/MLP28_TK.primer.tsv
2021-04-03 11:16:07,541 - INFO - Writing overlap_75/MLP28_TK/MLP28_TK.reference.fasta
2021-04-03 11:16:07,545 - INFO - Writing overlap_75/MLP28_TK/MLP28_TK.plot.pdf
2021-04-03 11:16:07,545 - INFO - Writing overlap_75/MLP28_TK/MLP28_TK.plot.svg
2021-04-03 11:16:07,559 - INFO - Writing overlap_75/MLP28_TK/MLP28_TK.report.json
2021-04-04 19:06:10,054 - INFO - Writing log to overlap_75/MLP28_TK/MLP28_TK.log
2021-04-04 19:06:10,071 - INFO - References:
 - MLP28_TK
2021-04-04 19:06:10,071 - INFO - Primary reference for coordinate system: MLP28_TK
2021-04-04 19:06:10,071 - INFO - Considering primers from all references
2021-04-04 19:06:12,158 - INFO - All done! Scheme created with 3 regions, 0 gaps, 73.47% coverage
2021-04-04 19:06:12,159 - INFO - Writing overlap_75/MLP28_TK/MLP28_TK.primer.bed
2021-04-04 19:06:12,162 - INFO - Writing overlap_75/MLP28_TK/MLP28_TK.insert.bed
2021-04-04 19:06:12,164 - INFO - Writing overlap_75/MLP28_TK/MLP28_TK.primer.tsv
2021-04-04 19:06:12,166 - INFO - Writing overlap_75/MLP28_TK/MLP28_TK.reference.fasta
2021-04-04 19:06:12,171 - INFO - Writing overlap_75/MLP28_TK/MLP28_TK.plot.pdf
2021-04-04 19:06:12,171 - INFO - Writing overlap_75/MLP28_TK/MLP28_TK.plot.svg
2021-04-04 19:06:12,188 - INFO - Writing overlap_75/MLP28_TK/MLP28_TK.report.json
