2021-04-03 11:15:49,052 - INFO - Writing log to overlap_75/MDPD_TK/MDPD_TK.log
2021-04-03 11:15:49,069 - INFO - References:
 - MDPD_TK
2021-04-03 11:15:49,069 - INFO - Primary reference for coordinate system: MDPD_TK
2021-04-03 11:15:49,069 - INFO - Considering primers from all references
2021-04-03 11:15:54,729 - INFO - All done! Scheme created with 9 regions, 2 gaps, 78.77% coverage
2021-04-03 11:15:54,729 - INFO - Writing overlap_75/MDPD_TK/MDPD_TK.primer.bed
2021-04-03 11:15:54,730 - INFO - Writing overlap_75/MDPD_TK/MDPD_TK.insert.bed
2021-04-03 11:15:54,730 - INFO - Writing overlap_75/MDPD_TK/MDPD_TK.primer.tsv
2021-04-03 11:15:54,731 - INFO - Writing overlap_75/MDPD_TK/MDPD_TK.reference.fasta
2021-04-03 11:15:54,736 - INFO - Writing overlap_75/MDPD_TK/MDPD_TK.plot.pdf
2021-04-03 11:15:54,736 - INFO - Writing overlap_75/MDPD_TK/MDPD_TK.plot.svg
2021-04-03 11:15:54,759 - INFO - Writing overlap_75/MDPD_TK/MDPD_TK.report.json
2021-04-04 19:05:51,081 - INFO - Writing log to overlap_75/MDPD_TK/MDPD_TK.log
2021-04-04 19:05:51,095 - INFO - References:
 - MDPD_TK
2021-04-04 19:05:51,095 - INFO - Primary reference for coordinate system: MDPD_TK
2021-04-04 19:05:51,095 - INFO - Considering primers from all references
2021-04-04 19:05:57,375 - INFO - All done! Scheme created with 9 regions, 2 gaps, 78.77% coverage
2021-04-04 19:05:57,375 - INFO - Writing overlap_75/MDPD_TK/MDPD_TK.primer.bed
2021-04-04 19:05:57,381 - INFO - Writing overlap_75/MDPD_TK/MDPD_TK.insert.bed
2021-04-04 19:05:57,384 - INFO - Writing overlap_75/MDPD_TK/MDPD_TK.primer.tsv
2021-04-04 19:05:57,386 - INFO - Writing overlap_75/MDPD_TK/MDPD_TK.reference.fasta
2021-04-04 19:05:57,394 - INFO - Writing overlap_75/MDPD_TK/MDPD_TK.plot.pdf
2021-04-04 19:05:57,394 - INFO - Writing overlap_75/MDPD_TK/MDPD_TK.plot.svg
2021-04-04 19:05:57,422 - INFO - Writing overlap_75/MDPD_TK/MDPD_TK.report.json
