2021-04-02 20:50:28,554 - INFO - Writing log to overlap_70/SYP124_TK/SYP124_TK.log
2021-04-02 20:50:28,564 - INFO - References:
 - SYP124_TK
2021-04-02 20:50:28,564 - INFO - Primary reference for coordinate system: SYP124_TK
2021-04-02 20:50:28,564 - INFO - Considering primers from all references
2021-04-02 20:50:31,447 - INFO - All done! Scheme created with 4 regions, 0 gaps, 62.41% coverage
2021-04-02 20:50:31,447 - INFO - Writing overlap_70/SYP124_TK/SYP124_TK.primer.bed
2021-04-02 20:50:31,448 - INFO - Writing overlap_70/SYP124_TK/SYP124_TK.insert.bed
2021-04-02 20:50:31,449 - INFO - Writing overlap_70/SYP124_TK/SYP124_TK.primer.tsv
2021-04-02 20:50:31,450 - INFO - Writing overlap_70/SYP124_TK/SYP124_TK.reference.fasta
2021-04-02 20:50:31,455 - INFO - Writing overlap_70/SYP124_TK/SYP124_TK.plot.pdf
2021-04-02 20:50:31,455 - INFO - Writing overlap_70/SYP124_TK/SYP124_TK.plot.svg
2021-04-02 20:50:31,514 - INFO - Writing overlap_70/SYP124_TK/SYP124_TK.report.json
2021-04-03 02:25:20,705 - INFO - Writing log to overlap_70/SYP124_TK/SYP124_TK.log
2021-04-03 02:25:20,732 - INFO - References:
 - SYP124_TK
2021-04-03 02:25:20,732 - INFO - Primary reference for coordinate system: SYP124_TK
2021-04-03 02:25:20,732 - INFO - Considering primers from all references
2021-04-03 02:25:23,624 - INFO - All done! Scheme created with 4 regions, 0 gaps, 62.41% coverage
2021-04-03 02:25:23,625 - INFO - Writing overlap_70/SYP124_TK/SYP124_TK.primer.bed
2021-04-03 02:25:23,629 - INFO - Writing overlap_70/SYP124_TK/SYP124_TK.insert.bed
2021-04-03 02:25:23,634 - INFO - Writing overlap_70/SYP124_TK/SYP124_TK.primer.tsv
2021-04-03 02:25:23,639 - INFO - Writing overlap_70/SYP124_TK/SYP124_TK.reference.fasta
2021-04-03 02:25:23,648 - INFO - Writing overlap_70/SYP124_TK/SYP124_TK.plot.pdf
2021-04-03 02:25:23,648 - INFO - Writing overlap_70/SYP124_TK/SYP124_TK.plot.svg
2021-04-03 02:25:23,716 - INFO - Writing overlap_70/SYP124_TK/SYP124_TK.report.json
