2021-04-03 11:18:12,628 - INFO - Writing log to overlap_75/PCK_TK/PCK_TK.log
2021-04-03 11:18:12,646 - INFO - References:
 - PCK_TK
2021-04-03 11:18:12,646 - INFO - Primary reference for coordinate system: PCK_TK
2021-04-03 11:18:12,646 - INFO - Considering primers from all references
2021-04-03 11:18:15,054 - INFO - All done! Scheme created with 4 regions, 1 gap, 68.85% coverage
2021-04-03 11:18:15,054 - INFO - Writing overlap_75/PCK_TK/PCK_TK.primer.bed
2021-04-03 11:18:15,055 - INFO - Writing overlap_75/PCK_TK/PCK_TK.insert.bed
2021-04-03 11:18:15,055 - INFO - Writing overlap_75/PCK_TK/PCK_TK.primer.tsv
2021-04-03 11:18:15,056 - INFO - Writing overlap_75/PCK_TK/PCK_TK.reference.fasta
2021-04-03 11:18:15,059 - INFO - Writing overlap_75/PCK_TK/PCK_TK.plot.pdf
2021-04-03 11:18:15,059 - INFO - Writing overlap_75/PCK_TK/PCK_TK.plot.svg
2021-04-03 11:18:15,089 - INFO - Writing overlap_75/PCK_TK/PCK_TK.report.json
2021-04-04 19:08:29,902 - INFO - Writing log to overlap_75/PCK_TK/PCK_TK.log
2021-04-04 19:08:29,920 - INFO - References:
 - PCK_TK
2021-04-04 19:08:29,920 - INFO - Primary reference for coordinate system: PCK_TK
2021-04-04 19:08:29,920 - INFO - Considering primers from all references
2021-04-04 19:08:32,596 - INFO - All done! Scheme created with 4 regions, 1 gap, 68.85% coverage
2021-04-04 19:08:32,596 - INFO - Writing overlap_75/PCK_TK/PCK_TK.primer.bed
2021-04-04 19:08:32,601 - INFO - Writing overlap_75/PCK_TK/PCK_TK.insert.bed
2021-04-04 19:08:32,605 - INFO - Writing overlap_75/PCK_TK/PCK_TK.primer.tsv
2021-04-04 19:08:32,608 - INFO - Writing overlap_75/PCK_TK/PCK_TK.reference.fasta
2021-04-04 19:08:32,615 - INFO - Writing overlap_75/PCK_TK/PCK_TK.plot.pdf
2021-04-04 19:08:32,615 - INFO - Writing overlap_75/PCK_TK/PCK_TK.plot.svg
2021-04-04 19:08:32,656 - INFO - Writing overlap_75/PCK_TK/PCK_TK.report.json
