2020-12-01 05:20:47,513 - INFO - Writing log to overlap_50/cluster_GGDPS_TK/cluster_GGDPS_TK.log
2020-12-01 05:20:47,539 - INFO - References:
 - GGDPS1_TK
 - GGDPS2_TK
2020-12-01 05:20:47,539 - INFO - Primary reference for coordinate system: GGDPS1_TK
2020-12-01 05:20:47,539 - INFO - Considering primers from all references
2020-12-01 05:20:47,543 - INFO - Excluding reference GGDPS2_TK: unable to align.
2020-12-01 05:20:48,371 - INFO - All done! Scheme created with 10 regions, 4 gaps, 77.14% coverage
2020-12-01 05:20:48,372 - INFO - Writing overlap_50/cluster_GGDPS_TK/cluster_GGDPS_TK.primer.bed
2020-12-01 05:20:48,372 - INFO - Writing overlap_50/cluster_GGDPS_TK/cluster_GGDPS_TK.insert.bed
2020-12-01 05:20:48,373 - INFO - Writing overlap_50/cluster_GGDPS_TK/cluster_GGDPS_TK.primer.tsv
2020-12-01 05:20:48,373 - INFO - Writing overlap_50/cluster_GGDPS_TK/cluster_GGDPS_TK.reference.fasta
2020-12-01 05:20:48,379 - INFO - Writing overlap_50/cluster_GGDPS_TK/cluster_GGDPS_TK.plot.pdf
2020-12-01 05:20:48,379 - INFO - Writing overlap_50/cluster_GGDPS_TK/cluster_GGDPS_TK.plot.svg
2020-12-01 05:20:48,401 - INFO - Writing overlap_50/cluster_GGDPS_TK/cluster_GGDPS_TK.report.json
2021-04-03 01:08:30,796 - INFO - Writing log to overlap_50/cluster_GGDPS_TK/cluster_GGDPS_TK.log
2021-04-03 01:08:30,832 - INFO - References:
 - GGDPS1_TK
 - GGDPS2_TK
2021-04-03 01:08:30,832 - INFO - Primary reference for coordinate system: GGDPS1_TK
2021-04-03 01:08:30,832 - INFO - Considering primers from all references
2021-04-03 01:08:30,837 - INFO - Excluding reference GGDPS2_TK: unable to align.
2021-04-03 01:08:35,367 - INFO - All done! Scheme created with 6 regions, 2 gaps, 81.14% coverage
2021-04-03 01:08:35,367 - INFO - Writing overlap_50/cluster_GGDPS_TK/cluster_GGDPS_TK.primer.bed
2021-04-03 01:08:35,371 - INFO - Writing overlap_50/cluster_GGDPS_TK/cluster_GGDPS_TK.insert.bed
2021-04-03 01:08:35,374 - INFO - Writing overlap_50/cluster_GGDPS_TK/cluster_GGDPS_TK.primer.tsv
2021-04-03 01:08:35,378 - INFO - Writing overlap_50/cluster_GGDPS_TK/cluster_GGDPS_TK.reference.fasta
2021-04-03 01:08:35,386 - INFO - Writing overlap_50/cluster_GGDPS_TK/cluster_GGDPS_TK.plot.pdf
2021-04-03 01:08:35,387 - INFO - Writing overlap_50/cluster_GGDPS_TK/cluster_GGDPS_TK.plot.svg
2021-04-03 01:08:35,415 - INFO - Writing overlap_50/cluster_GGDPS_TK/cluster_GGDPS_TK.report.json
