2021-04-02 20:49:23,139 - INFO - Writing log to overlap_70/SQE4_TK/SQE4_TK.log
2021-04-02 20:49:23,155 - INFO - References:
 - SQE4_TK
2021-04-02 20:49:23,155 - INFO - Primary reference for coordinate system: SQE4_TK
2021-04-02 20:49:23,155 - INFO - Considering primers from all references
2021-04-02 20:49:32,578 - INFO - All done! Scheme created with 12 regions, 5 gaps, 74.97% coverage
2021-04-02 20:49:32,579 - INFO - Writing overlap_70/SQE4_TK/SQE4_TK.primer.bed
2021-04-02 20:49:32,580 - INFO - Writing overlap_70/SQE4_TK/SQE4_TK.insert.bed
2021-04-02 20:49:32,580 - INFO - Writing overlap_70/SQE4_TK/SQE4_TK.primer.tsv
2021-04-02 20:49:32,581 - INFO - Writing overlap_70/SQE4_TK/SQE4_TK.reference.fasta
2021-04-02 20:49:32,589 - INFO - Writing overlap_70/SQE4_TK/SQE4_TK.plot.pdf
2021-04-02 20:49:32,589 - INFO - Writing overlap_70/SQE4_TK/SQE4_TK.plot.svg
2021-04-02 20:49:32,623 - INFO - Writing overlap_70/SQE4_TK/SQE4_TK.report.json
2021-04-03 02:24:16,556 - INFO - Writing log to overlap_70/SQE4_TK/SQE4_TK.log
2021-04-03 02:24:16,576 - INFO - References:
 - SQE4_TK
2021-04-03 02:24:16,576 - INFO - Primary reference for coordinate system: SQE4_TK
2021-04-03 02:24:16,576 - INFO - Considering primers from all references
2021-04-03 02:24:25,963 - INFO - All done! Scheme created with 12 regions, 5 gaps, 74.97% coverage
2021-04-03 02:24:25,964 - INFO - Writing overlap_70/SQE4_TK/SQE4_TK.primer.bed
2021-04-03 02:24:25,969 - INFO - Writing overlap_70/SQE4_TK/SQE4_TK.insert.bed
2021-04-03 02:24:25,974 - INFO - Writing overlap_70/SQE4_TK/SQE4_TK.primer.tsv
2021-04-03 02:24:25,977 - INFO - Writing overlap_70/SQE4_TK/SQE4_TK.reference.fasta
2021-04-03 02:24:25,989 - INFO - Writing overlap_70/SQE4_TK/SQE4_TK.plot.pdf
2021-04-03 02:24:25,989 - INFO - Writing overlap_70/SQE4_TK/SQE4_TK.plot.svg
2021-04-03 02:24:26,030 - INFO - Writing overlap_70/SQE4_TK/SQE4_TK.report.json
