2021-04-03 00:58:06,439 - INFO - Writing log to overlap_45/OC6_TK/OC6_TK.log
2021-04-03 00:58:06,448 - INFO - References:
 - OC6_TK
2021-04-03 00:58:06,448 - INFO - Primary reference for coordinate system: OC6_TK
2021-04-03 00:58:06,448 - INFO - Considering primers from all references
2021-04-03 00:58:30,331 - INFO - All done! Scheme created with 27 regions, 11 gaps, 85.02% coverage
2021-04-03 00:58:30,331 - INFO - Writing overlap_45/OC6_TK/OC6_TK.primer.bed
2021-04-03 00:58:30,333 - INFO - Writing overlap_45/OC6_TK/OC6_TK.insert.bed
2021-04-03 00:58:30,334 - INFO - Writing overlap_45/OC6_TK/OC6_TK.primer.tsv
2021-04-03 00:58:30,337 - INFO - Writing overlap_45/OC6_TK/OC6_TK.reference.fasta
2021-04-03 00:58:30,354 - INFO - Writing overlap_45/OC6_TK/OC6_TK.plot.pdf
2021-04-03 00:58:30,354 - INFO - Writing overlap_45/OC6_TK/OC6_TK.plot.svg
2021-04-03 00:58:30,436 - INFO - Writing overlap_45/OC6_TK/OC6_TK.report.json
2021-04-04 17:37:57,789 - INFO - Writing log to overlap_45/OC6_TK/OC6_TK.log
2021-04-04 17:37:57,800 - INFO - References:
 - OC6_TK
2021-04-04 17:37:57,800 - INFO - Primary reference for coordinate system: OC6_TK
2021-04-04 17:37:57,800 - INFO - Considering primers from all references
2021-04-04 17:38:19,169 - INFO - All done! Scheme created with 27 regions, 11 gaps, 85.02% coverage
2021-04-04 17:38:19,169 - INFO - Writing overlap_45/OC6_TK/OC6_TK.primer.bed
2021-04-04 17:38:19,174 - INFO - Writing overlap_45/OC6_TK/OC6_TK.insert.bed
2021-04-04 17:38:19,178 - INFO - Writing overlap_45/OC6_TK/OC6_TK.primer.tsv
2021-04-04 17:38:19,182 - INFO - Writing overlap_45/OC6_TK/OC6_TK.reference.fasta
2021-04-04 17:38:19,200 - INFO - Writing overlap_45/OC6_TK/OC6_TK.plot.pdf
2021-04-04 17:38:19,200 - INFO - Writing overlap_45/OC6_TK/OC6_TK.plot.svg
2021-04-04 17:38:19,259 - INFO - Writing overlap_45/OC6_TK/OC6_TK.report.json
