2021-04-03 01:35:53,976 - INFO - Writing log to overlap_55/TCTP2_TK/TCTP2_TK.log
2021-04-03 01:35:53,984 - INFO - References:
 - TCTP2_TK
2021-04-03 01:35:53,984 - INFO - Primary reference for coordinate system: TCTP2_TK
2021-04-03 01:35:53,984 - INFO - Considering primers from all references
2021-04-03 01:35:56,301 - INFO - All done! Scheme created with 3 regions, 1 gap, 58.99% coverage
2021-04-03 01:35:56,302 - INFO - Writing overlap_55/TCTP2_TK/TCTP2_TK.primer.bed
2021-04-03 01:35:56,302 - INFO - Writing overlap_55/TCTP2_TK/TCTP2_TK.insert.bed
2021-04-03 01:35:56,303 - INFO - Writing overlap_55/TCTP2_TK/TCTP2_TK.primer.tsv
2021-04-03 01:35:56,304 - INFO - Writing overlap_55/TCTP2_TK/TCTP2_TK.reference.fasta
2021-04-03 01:35:56,308 - INFO - Writing overlap_55/TCTP2_TK/TCTP2_TK.plot.pdf
2021-04-03 01:35:56,308 - INFO - Writing overlap_55/TCTP2_TK/TCTP2_TK.plot.svg
2021-04-03 01:35:56,325 - INFO - Writing overlap_55/TCTP2_TK/TCTP2_TK.report.json
2021-04-04 18:12:02,091 - INFO - Writing log to overlap_55/TCTP2_TK/TCTP2_TK.log
2021-04-04 18:12:02,109 - INFO - References:
 - TCTP2_TK
2021-04-04 18:12:02,109 - INFO - Primary reference for coordinate system: TCTP2_TK
2021-04-04 18:12:02,109 - INFO - Considering primers from all references
2021-04-04 18:12:04,215 - INFO - All done! Scheme created with 3 regions, 1 gap, 58.99% coverage
2021-04-04 18:12:04,215 - INFO - Writing overlap_55/TCTP2_TK/TCTP2_TK.primer.bed
2021-04-04 18:12:04,218 - INFO - Writing overlap_55/TCTP2_TK/TCTP2_TK.insert.bed
2021-04-04 18:12:04,220 - INFO - Writing overlap_55/TCTP2_TK/TCTP2_TK.primer.tsv
2021-04-04 18:12:04,223 - INFO - Writing overlap_55/TCTP2_TK/TCTP2_TK.reference.fasta
2021-04-04 18:12:04,228 - INFO - Writing overlap_55/TCTP2_TK/TCTP2_TK.plot.pdf
2021-04-04 18:12:04,228 - INFO - Writing overlap_55/TCTP2_TK/TCTP2_TK.plot.svg
2021-04-04 18:12:04,249 - INFO - Writing overlap_55/TCTP2_TK/TCTP2_TK.report.json
