2021-04-03 01:51:26,280 - INFO - Writing log to overlap_60/SQE4_TK/SQE4_TK.log
2021-04-03 01:51:26,289 - INFO - References:
 - SQE4_TK
2021-04-03 01:51:26,289 - INFO - Primary reference for coordinate system: SQE4_TK
2021-04-03 01:51:26,289 - INFO - Considering primers from all references
2021-04-03 01:51:35,798 - INFO - All done! Scheme created with 12 regions, 5 gaps, 74.97% coverage
2021-04-03 01:51:35,798 - INFO - Writing overlap_60/SQE4_TK/SQE4_TK.primer.bed
2021-04-03 01:51:35,800 - INFO - Writing overlap_60/SQE4_TK/SQE4_TK.insert.bed
2021-04-03 01:51:35,801 - INFO - Writing overlap_60/SQE4_TK/SQE4_TK.primer.tsv
2021-04-03 01:51:35,801 - INFO - Writing overlap_60/SQE4_TK/SQE4_TK.reference.fasta
2021-04-03 01:51:35,810 - INFO - Writing overlap_60/SQE4_TK/SQE4_TK.plot.pdf
2021-04-03 01:51:35,810 - INFO - Writing overlap_60/SQE4_TK/SQE4_TK.plot.svg
2021-04-03 01:51:35,844 - INFO - Writing overlap_60/SQE4_TK/SQE4_TK.report.json
2021-04-04 18:25:56,678 - INFO - Writing log to overlap_60/SQE4_TK/SQE4_TK.log
2021-04-04 18:25:56,735 - INFO - References:
 - SQE4_TK
2021-04-04 18:25:56,735 - INFO - Primary reference for coordinate system: SQE4_TK
2021-04-04 18:25:56,735 - INFO - Considering primers from all references
2021-04-04 18:26:05,404 - INFO - All done! Scheme created with 12 regions, 5 gaps, 74.97% coverage
2021-04-04 18:26:05,404 - INFO - Writing overlap_60/SQE4_TK/SQE4_TK.primer.bed
2021-04-04 18:26:05,407 - INFO - Writing overlap_60/SQE4_TK/SQE4_TK.insert.bed
2021-04-04 18:26:05,410 - INFO - Writing overlap_60/SQE4_TK/SQE4_TK.primer.tsv
2021-04-04 18:26:05,412 - INFO - Writing overlap_60/SQE4_TK/SQE4_TK.reference.fasta
2021-04-04 18:26:05,421 - INFO - Writing overlap_60/SQE4_TK/SQE4_TK.plot.pdf
2021-04-04 18:26:05,421 - INFO - Writing overlap_60/SQE4_TK/SQE4_TK.plot.svg
2021-04-04 18:26:05,454 - INFO - Writing overlap_60/SQE4_TK/SQE4_TK.report.json
