2021-04-03 11:47:49,630 - INFO - Writing log to overlap_85/SRPP6_TK/SRPP6_TK.log
2021-04-03 11:47:49,636 - INFO - References:
 - SRPP6_TK
2021-04-03 11:47:49,636 - INFO - Primary reference for coordinate system: SRPP6_TK
2021-04-03 11:47:49,636 - INFO - Considering primers from all references
2021-04-03 11:47:52,077 - INFO - All done! Scheme created with 4 regions, 1 gap, 61.05% coverage
2021-04-03 11:47:52,078 - INFO - Writing overlap_85/SRPP6_TK/SRPP6_TK.primer.bed
2021-04-03 11:47:52,078 - INFO - Writing overlap_85/SRPP6_TK/SRPP6_TK.insert.bed
2021-04-03 11:47:52,079 - INFO - Writing overlap_85/SRPP6_TK/SRPP6_TK.primer.tsv
2021-04-03 11:47:52,080 - INFO - Writing overlap_85/SRPP6_TK/SRPP6_TK.reference.fasta
2021-04-03 11:47:52,083 - INFO - Writing overlap_85/SRPP6_TK/SRPP6_TK.plot.pdf
2021-04-03 11:47:52,083 - INFO - Writing overlap_85/SRPP6_TK/SRPP6_TK.plot.svg
2021-04-03 11:47:52,118 - INFO - Writing overlap_85/SRPP6_TK/SRPP6_TK.report.json
2021-04-04 19:41:27,549 - INFO - Writing log to overlap_85/SRPP6_TK/SRPP6_TK.log
2021-04-04 19:41:27,566 - INFO - References:
 - SRPP6_TK
2021-04-04 19:41:27,567 - INFO - Primary reference for coordinate system: SRPP6_TK
2021-04-04 19:41:27,567 - INFO - Considering primers from all references
2021-04-04 19:41:30,266 - INFO - All done! Scheme created with 4 regions, 1 gap, 61.05% coverage
2021-04-04 19:41:30,266 - INFO - Writing overlap_85/SRPP6_TK/SRPP6_TK.primer.bed
2021-04-04 19:41:30,270 - INFO - Writing overlap_85/SRPP6_TK/SRPP6_TK.insert.bed
2021-04-04 19:41:30,273 - INFO - Writing overlap_85/SRPP6_TK/SRPP6_TK.primer.tsv
2021-04-04 19:41:30,276 - INFO - Writing overlap_85/SRPP6_TK/SRPP6_TK.reference.fasta
2021-04-04 19:41:30,282 - INFO - Writing overlap_85/SRPP6_TK/SRPP6_TK.plot.pdf
2021-04-04 19:41:30,282 - INFO - Writing overlap_85/SRPP6_TK/SRPP6_TK.plot.svg
2021-04-04 19:41:30,324 - INFO - Writing overlap_85/SRPP6_TK/SRPP6_TK.report.json
