2021-04-03 01:13:53,688 - INFO - Writing log to overlap_50/OC3_TK/OC3_TK.log
2021-04-03 01:13:53,709 - INFO - References:
 - OC3_TK
2021-04-03 01:13:53,709 - INFO - Primary reference for coordinate system: OC3_TK
2021-04-03 01:13:53,709 - INFO - Considering primers from all references
2021-04-03 01:14:09,532 - INFO - All done! Scheme created with 19 regions, 5 gaps, 86.78% coverage
2021-04-03 01:14:09,532 - INFO - Writing overlap_50/OC3_TK/OC3_TK.primer.bed
2021-04-03 01:14:09,533 - INFO - Writing overlap_50/OC3_TK/OC3_TK.insert.bed
2021-04-03 01:14:09,534 - INFO - Writing overlap_50/OC3_TK/OC3_TK.primer.tsv
2021-04-03 01:14:09,535 - INFO - Writing overlap_50/OC3_TK/OC3_TK.reference.fasta
2021-04-03 01:14:09,547 - INFO - Writing overlap_50/OC3_TK/OC3_TK.plot.pdf
2021-04-03 01:14:09,547 - INFO - Writing overlap_50/OC3_TK/OC3_TK.plot.svg
2021-04-03 01:14:09,594 - INFO - Writing overlap_50/OC3_TK/OC3_TK.report.json
2021-04-04 17:52:19,075 - INFO - Writing log to overlap_50/OC3_TK/OC3_TK.log
2021-04-04 17:52:19,109 - INFO - References:
 - OC3_TK
2021-04-04 17:52:19,109 - INFO - Primary reference for coordinate system: OC3_TK
2021-04-04 17:52:19,109 - INFO - Considering primers from all references
2021-04-04 17:52:33,348 - INFO - All done! Scheme created with 19 regions, 5 gaps, 86.78% coverage
2021-04-04 17:52:33,348 - INFO - Writing overlap_50/OC3_TK/OC3_TK.primer.bed
2021-04-04 17:52:33,351 - INFO - Writing overlap_50/OC3_TK/OC3_TK.insert.bed
2021-04-04 17:52:33,353 - INFO - Writing overlap_50/OC3_TK/OC3_TK.primer.tsv
2021-04-04 17:52:33,356 - INFO - Writing overlap_50/OC3_TK/OC3_TK.reference.fasta
2021-04-04 17:52:33,368 - INFO - Writing overlap_50/OC3_TK/OC3_TK.plot.pdf
2021-04-04 17:52:33,368 - INFO - Writing overlap_50/OC3_TK/OC3_TK.plot.svg
2021-04-04 17:52:33,413 - INFO - Writing overlap_50/OC3_TK/OC3_TK.report.json
