2021-04-03 01:09:56,855 - INFO - Writing log to overlap_50/EG_TK/EG_TK.log
2021-04-03 01:09:56,888 - INFO - References:
 - EG_TK
2021-04-03 01:09:56,888 - INFO - Primary reference for coordinate system: EG_TK
2021-04-03 01:09:56,888 - INFO - Considering primers from all references
2021-04-03 01:10:08,877 - INFO - All done! Scheme created with 15 regions, 3 gaps, 85.86% coverage
2021-04-03 01:10:08,878 - INFO - Writing overlap_50/EG_TK/EG_TK.primer.bed
2021-04-03 01:10:08,879 - INFO - Writing overlap_50/EG_TK/EG_TK.insert.bed
2021-04-03 01:10:08,880 - INFO - Writing overlap_50/EG_TK/EG_TK.primer.tsv
2021-04-03 01:10:08,881 - INFO - Writing overlap_50/EG_TK/EG_TK.reference.fasta
2021-04-03 01:10:08,890 - INFO - Writing overlap_50/EG_TK/EG_TK.plot.pdf
2021-04-03 01:10:08,890 - INFO - Writing overlap_50/EG_TK/EG_TK.plot.svg
2021-04-03 01:10:08,927 - INFO - Writing overlap_50/EG_TK/EG_TK.report.json
2021-04-04 17:48:45,739 - INFO - Writing log to overlap_50/EG_TK/EG_TK.log
2021-04-04 17:48:45,768 - INFO - References:
 - EG_TK
2021-04-04 17:48:45,768 - INFO - Primary reference for coordinate system: EG_TK
2021-04-04 17:48:45,768 - INFO - Considering primers from all references
2021-04-04 17:48:56,383 - INFO - All done! Scheme created with 15 regions, 3 gaps, 85.86% coverage
2021-04-04 17:48:56,383 - INFO - Writing overlap_50/EG_TK/EG_TK.primer.bed
2021-04-04 17:48:56,386 - INFO - Writing overlap_50/EG_TK/EG_TK.insert.bed
2021-04-04 17:48:56,389 - INFO - Writing overlap_50/EG_TK/EG_TK.primer.tsv
2021-04-04 17:48:56,391 - INFO - Writing overlap_50/EG_TK/EG_TK.reference.fasta
2021-04-04 17:48:56,402 - INFO - Writing overlap_50/EG_TK/EG_TK.plot.pdf
2021-04-04 17:48:56,402 - INFO - Writing overlap_50/EG_TK/EG_TK.plot.svg
2021-04-04 17:48:56,438 - INFO - Writing overlap_50/EG_TK/EG_TK.report.json
