2021-04-03 02:09:00,992 - INFO - Writing log to overlap_65/TCTP2_TK/TCTP2_TK.log
2021-04-03 02:09:01,001 - INFO - References:
 - TCTP2_TK
2021-04-03 02:09:01,001 - INFO - Primary reference for coordinate system: TCTP2_TK
2021-04-03 02:09:01,001 - INFO - Considering primers from all references
2021-04-03 02:09:03,297 - INFO - All done! Scheme created with 3 regions, 1 gap, 58.99% coverage
2021-04-03 02:09:03,297 - INFO - Writing overlap_65/TCTP2_TK/TCTP2_TK.primer.bed
2021-04-03 02:09:03,299 - INFO - Writing overlap_65/TCTP2_TK/TCTP2_TK.insert.bed
2021-04-03 02:09:03,300 - INFO - Writing overlap_65/TCTP2_TK/TCTP2_TK.primer.tsv
2021-04-03 02:09:03,301 - INFO - Writing overlap_65/TCTP2_TK/TCTP2_TK.reference.fasta
2021-04-03 02:09:03,305 - INFO - Writing overlap_65/TCTP2_TK/TCTP2_TK.plot.pdf
2021-04-03 02:09:03,305 - INFO - Writing overlap_65/TCTP2_TK/TCTP2_TK.plot.svg
2021-04-03 02:09:03,323 - INFO - Writing overlap_65/TCTP2_TK/TCTP2_TK.report.json
2021-04-04 18:41:58,096 - INFO - Writing log to overlap_65/TCTP2_TK/TCTP2_TK.log
2021-04-04 18:41:58,115 - INFO - References:
 - TCTP2_TK
2021-04-04 18:41:58,115 - INFO - Primary reference for coordinate system: TCTP2_TK
2021-04-04 18:41:58,115 - INFO - Considering primers from all references
2021-04-04 18:42:00,212 - INFO - All done! Scheme created with 3 regions, 1 gap, 58.99% coverage
2021-04-04 18:42:00,213 - INFO - Writing overlap_65/TCTP2_TK/TCTP2_TK.primer.bed
2021-04-04 18:42:00,216 - INFO - Writing overlap_65/TCTP2_TK/TCTP2_TK.insert.bed
2021-04-04 18:42:00,218 - INFO - Writing overlap_65/TCTP2_TK/TCTP2_TK.primer.tsv
2021-04-04 18:42:00,220 - INFO - Writing overlap_65/TCTP2_TK/TCTP2_TK.reference.fasta
2021-04-04 18:42:00,226 - INFO - Writing overlap_65/TCTP2_TK/TCTP2_TK.plot.pdf
2021-04-04 18:42:00,226 - INFO - Writing overlap_65/TCTP2_TK/TCTP2_TK.plot.svg
2021-04-04 18:42:00,244 - INFO - Writing overlap_65/TCTP2_TK/TCTP2_TK.report.json
