2021-04-03 11:12:46,891 - INFO - Writing log to overlap_75/cluster_GGDPS_TK/cluster_GGDPS_TK.log
2021-04-03 11:12:46,906 - INFO - References:
 - GGDPS1_TK
 - GGDPS2_TK
2021-04-03 11:12:46,906 - INFO - Primary reference for coordinate system: GGDPS1_TK
2021-04-03 11:12:46,906 - INFO - Considering primers from all references
2021-04-03 11:12:46,910 - INFO - Excluding reference GGDPS2_TK: unable to align.
2021-04-03 11:12:50,616 - INFO - All done! Scheme created with 6 regions, 2 gaps, 81.14% coverage
2021-04-03 11:12:50,616 - INFO - Writing overlap_75/cluster_GGDPS_TK/cluster_GGDPS_TK.primer.bed
2021-04-03 11:12:50,617 - INFO - Writing overlap_75/cluster_GGDPS_TK/cluster_GGDPS_TK.insert.bed
2021-04-03 11:12:50,618 - INFO - Writing overlap_75/cluster_GGDPS_TK/cluster_GGDPS_TK.primer.tsv
2021-04-03 11:12:50,618 - INFO - Writing overlap_75/cluster_GGDPS_TK/cluster_GGDPS_TK.reference.fasta
2021-04-03 11:12:50,623 - INFO - Writing overlap_75/cluster_GGDPS_TK/cluster_GGDPS_TK.plot.pdf
2021-04-03 11:12:50,623 - INFO - Writing overlap_75/cluster_GGDPS_TK/cluster_GGDPS_TK.plot.svg
2021-04-03 11:12:50,641 - INFO - Writing overlap_75/cluster_GGDPS_TK/cluster_GGDPS_TK.report.json
2021-04-04 19:02:27,062 - INFO - Writing log to overlap_75/cluster_GGDPS_TK/cluster_GGDPS_TK.log
2021-04-04 19:02:27,111 - INFO - References:
 - GGDPS1_TK
 - GGDPS2_TK
2021-04-04 19:02:27,112 - INFO - Primary reference for coordinate system: GGDPS1_TK
2021-04-04 19:02:27,112 - INFO - Considering primers from all references
2021-04-04 19:02:27,120 - INFO - Excluding reference GGDPS2_TK: unable to align.
2021-04-04 19:02:31,247 - INFO - All done! Scheme created with 6 regions, 2 gaps, 81.14% coverage
2021-04-04 19:02:31,247 - INFO - Writing overlap_75/cluster_GGDPS_TK/cluster_GGDPS_TK.primer.bed
2021-04-04 19:02:31,252 - INFO - Writing overlap_75/cluster_GGDPS_TK/cluster_GGDPS_TK.insert.bed
2021-04-04 19:02:31,256 - INFO - Writing overlap_75/cluster_GGDPS_TK/cluster_GGDPS_TK.primer.tsv
2021-04-04 19:02:31,260 - INFO - Writing overlap_75/cluster_GGDPS_TK/cluster_GGDPS_TK.reference.fasta
2021-04-04 19:02:31,268 - INFO - Writing overlap_75/cluster_GGDPS_TK/cluster_GGDPS_TK.plot.pdf
2021-04-04 19:02:31,268 - INFO - Writing overlap_75/cluster_GGDPS_TK/cluster_GGDPS_TK.plot.svg
2021-04-04 19:02:31,294 - INFO - Writing overlap_75/cluster_GGDPS_TK/cluster_GGDPS_TK.report.json
