2021-04-03 01:07:52,639 - INFO - Writing log to overlap_50/ARFA1F2_TK/ARFA1F2_TK.log
2021-04-03 01:07:52,694 - INFO - References:
 - ARFA1F2_TK
2021-04-03 01:07:52,695 - INFO - Primary reference for coordinate system: ARFA1F2_TK
2021-04-03 01:07:52,695 - INFO - Considering primers from all references
2021-04-03 01:07:56,556 - INFO - All done! Scheme created with 5 regions, 2 gaps, 71.01% coverage
2021-04-03 01:07:56,557 - INFO - Writing overlap_50/ARFA1F2_TK/ARFA1F2_TK.primer.bed
2021-04-03 01:07:56,558 - INFO - Writing overlap_50/ARFA1F2_TK/ARFA1F2_TK.insert.bed
2021-04-03 01:07:56,558 - INFO - Writing overlap_50/ARFA1F2_TK/ARFA1F2_TK.primer.tsv
2021-04-03 01:07:56,559 - INFO - Writing overlap_50/ARFA1F2_TK/ARFA1F2_TK.reference.fasta
2021-04-03 01:07:56,565 - INFO - Writing overlap_50/ARFA1F2_TK/ARFA1F2_TK.plot.pdf
2021-04-03 01:07:56,565 - INFO - Writing overlap_50/ARFA1F2_TK/ARFA1F2_TK.plot.svg
2021-04-03 01:07:56,587 - INFO - Writing overlap_50/ARFA1F2_TK/ARFA1F2_TK.report.json
2021-04-04 17:46:55,063 - INFO - Writing log to overlap_50/ARFA1F2_TK/ARFA1F2_TK.log
2021-04-04 17:46:55,095 - INFO - References:
 - ARFA1F2_TK
2021-04-04 17:46:55,095 - INFO - Primary reference for coordinate system: ARFA1F2_TK
2021-04-04 17:46:55,095 - INFO - Considering primers from all references
2021-04-04 17:46:58,612 - INFO - All done! Scheme created with 5 regions, 2 gaps, 71.01% coverage
2021-04-04 17:46:58,612 - INFO - Writing overlap_50/ARFA1F2_TK/ARFA1F2_TK.primer.bed
2021-04-04 17:46:58,615 - INFO - Writing overlap_50/ARFA1F2_TK/ARFA1F2_TK.insert.bed
2021-04-04 17:46:58,618 - INFO - Writing overlap_50/ARFA1F2_TK/ARFA1F2_TK.primer.tsv
2021-04-04 17:46:58,621 - INFO - Writing overlap_50/ARFA1F2_TK/ARFA1F2_TK.reference.fasta
2021-04-04 17:46:58,627 - INFO - Writing overlap_50/ARFA1F2_TK/ARFA1F2_TK.plot.pdf
2021-04-04 17:46:58,627 - INFO - Writing overlap_50/ARFA1F2_TK/ARFA1F2_TK.plot.svg
2021-04-04 17:46:58,650 - INFO - Writing overlap_50/ARFA1F2_TK/ARFA1F2_TK.report.json
