2021-04-03 01:15:27,044 - INFO - Writing log to overlap_50/PIRL_TK/PIRL_TK.log
2021-04-03 01:15:27,068 - INFO - References:
 - PIRL_TK
2021-04-03 01:15:27,069 - INFO - Primary reference for coordinate system: PIRL_TK
2021-04-03 01:15:27,069 - INFO - Considering primers from all references
2021-04-03 01:15:33,926 - INFO - All done! Scheme created with 9 regions, 3 gaps, 75.39% coverage
2021-04-03 01:15:33,926 - INFO - Writing overlap_50/PIRL_TK/PIRL_TK.primer.bed
2021-04-03 01:15:33,927 - INFO - Writing overlap_50/PIRL_TK/PIRL_TK.insert.bed
2021-04-03 01:15:33,928 - INFO - Writing overlap_50/PIRL_TK/PIRL_TK.primer.tsv
2021-04-03 01:15:33,929 - INFO - Writing overlap_50/PIRL_TK/PIRL_TK.reference.fasta
2021-04-03 01:15:33,935 - INFO - Writing overlap_50/PIRL_TK/PIRL_TK.plot.pdf
2021-04-03 01:15:33,935 - INFO - Writing overlap_50/PIRL_TK/PIRL_TK.plot.svg
2021-04-03 01:15:33,962 - INFO - Writing overlap_50/PIRL_TK/PIRL_TK.report.json
2021-04-04 17:53:43,051 - INFO - Writing log to overlap_50/PIRL_TK/PIRL_TK.log
2021-04-04 17:53:43,082 - INFO - References:
 - PIRL_TK
2021-04-04 17:53:43,082 - INFO - Primary reference for coordinate system: PIRL_TK
2021-04-04 17:53:43,082 - INFO - Considering primers from all references
2021-04-04 17:53:49,300 - INFO - All done! Scheme created with 9 regions, 3 gaps, 75.39% coverage
2021-04-04 17:53:49,300 - INFO - Writing overlap_50/PIRL_TK/PIRL_TK.primer.bed
2021-04-04 17:53:49,303 - INFO - Writing overlap_50/PIRL_TK/PIRL_TK.insert.bed
2021-04-04 17:53:49,306 - INFO - Writing overlap_50/PIRL_TK/PIRL_TK.primer.tsv
2021-04-04 17:53:49,308 - INFO - Writing overlap_50/PIRL_TK/PIRL_TK.reference.fasta
2021-04-04 17:53:49,316 - INFO - Writing overlap_50/PIRL_TK/PIRL_TK.plot.pdf
2021-04-04 17:53:49,316 - INFO - Writing overlap_50/PIRL_TK/PIRL_TK.plot.svg
2021-04-04 17:53:49,343 - INFO - Writing overlap_50/PIRL_TK/PIRL_TK.report.json
