2020-12-01 05:22:52,599 - INFO - Writing log to overlap_65/FTC_TK/FTC_TK.log
2020-12-01 05:22:53,999 - INFO - References:
 - FTC_TK
2020-12-01 05:22:53,999 - INFO - Primary reference for coordinate system: FTC_TK
2020-12-01 05:22:53,999 - INFO - Considering primers from all references
2020-12-01 05:23:00,346 - INFO - All done! Scheme created with 40 regions, 21 gaps, 54.78% coverage
2020-12-01 05:23:00,347 - INFO - Writing overlap_65/FTC_TK/FTC_TK.primer.bed
2020-12-01 05:23:00,348 - INFO - Writing overlap_65/FTC_TK/FTC_TK.insert.bed
2020-12-01 05:23:00,349 - INFO - Writing overlap_65/FTC_TK/FTC_TK.primer.tsv
2020-12-01 05:23:00,350 - INFO - Writing overlap_65/FTC_TK/FTC_TK.reference.fasta
2020-12-01 05:23:00,382 - INFO - Writing overlap_65/FTC_TK/FTC_TK.plot.pdf
2020-12-01 05:23:00,382 - INFO - Writing overlap_65/FTC_TK/FTC_TK.plot.svg
2020-12-01 05:23:00,449 - INFO - Writing overlap_65/FTC_TK/FTC_TK.report.json
2021-04-03 02:00:51,332 - INFO - Writing log to overlap_65/FTC_TK/FTC_TK.log
2021-04-03 02:00:51,365 - INFO - References:
 - FTC_TK
2021-04-03 02:00:51,365 - INFO - Primary reference for coordinate system: FTC_TK
2021-04-03 02:00:51,365 - INFO - Considering primers from all references
2021-04-03 02:01:26,843 - INFO - All done! Scheme created with 37 regions, 11 gaps, 88.76% coverage
2021-04-03 02:01:26,843 - INFO - Writing overlap_65/FTC_TK/FTC_TK.primer.bed
2021-04-03 02:01:26,849 - INFO - Writing overlap_65/FTC_TK/FTC_TK.insert.bed
2021-04-03 02:01:26,855 - INFO - Writing overlap_65/FTC_TK/FTC_TK.primer.tsv
2021-04-03 02:01:26,860 - INFO - Writing overlap_65/FTC_TK/FTC_TK.reference.fasta
2021-04-03 02:01:26,887 - INFO - Writing overlap_65/FTC_TK/FTC_TK.plot.pdf
2021-04-03 02:01:26,887 - INFO - Writing overlap_65/FTC_TK/FTC_TK.plot.svg
2021-04-03 02:01:26,972 - INFO - Writing overlap_65/FTC_TK/FTC_TK.report.json
2021-04-04 18:34:31,304 - INFO - Writing log to overlap_65/FTC_TK/FTC_TK.log
2021-04-04 18:34:31,332 - INFO - References:
 - FTC_TK
2021-04-04 18:34:31,332 - INFO - Primary reference for coordinate system: FTC_TK
2021-04-04 18:34:31,332 - INFO - Considering primers from all references
2021-04-04 18:35:03,904 - INFO - All done! Scheme created with 37 regions, 11 gaps, 88.76% coverage
2021-04-04 18:35:03,904 - INFO - Writing overlap_65/FTC_TK/FTC_TK.primer.bed
2021-04-04 18:35:03,908 - INFO - Writing overlap_65/FTC_TK/FTC_TK.insert.bed
2021-04-04 18:35:03,910 - INFO - Writing overlap_65/FTC_TK/FTC_TK.primer.tsv
2021-04-04 18:35:03,913 - INFO - Writing overlap_65/FTC_TK/FTC_TK.reference.fasta
2021-04-04 18:35:03,935 - INFO - Writing overlap_65/FTC_TK/FTC_TK.plot.pdf
2021-04-04 18:35:03,935 - INFO - Writing overlap_65/FTC_TK/FTC_TK.plot.svg
2021-04-04 18:35:04,020 - INFO - Writing overlap_65/FTC_TK/FTC_TK.report.json
