2020-12-01 05:21:54,715 - INFO - Writing log to overlap_60/ETR1_TK/ETR1_TK.log
2020-12-01 05:21:54,721 - INFO - References:
 - ETR1_TK
2020-12-01 05:21:54,721 - INFO - Primary reference for coordinate system: ETR1_TK
2020-12-01 05:21:54,721 - INFO - Considering primers from all references
2020-12-01 05:21:56,383 - INFO - All done! Scheme created with 23 regions, 6 gaps, 81.64% coverage
2020-12-01 05:21:56,384 - INFO - Writing overlap_60/ETR1_TK/ETR1_TK.primer.bed
2020-12-01 05:21:56,385 - INFO - Writing overlap_60/ETR1_TK/ETR1_TK.insert.bed
2020-12-01 05:21:56,386 - INFO - Writing overlap_60/ETR1_TK/ETR1_TK.primer.tsv
2020-12-01 05:21:56,387 - INFO - Writing overlap_60/ETR1_TK/ETR1_TK.reference.fasta
2020-12-01 05:21:56,420 - INFO - Writing overlap_60/ETR1_TK/ETR1_TK.plot.pdf
2020-12-01 05:21:56,420 - INFO - Writing overlap_60/ETR1_TK/ETR1_TK.plot.svg
2020-12-01 05:21:56,456 - INFO - Writing overlap_60/ETR1_TK/ETR1_TK.report.json
2021-04-03 01:43:45,654 - INFO - Writing log to overlap_60/ETR1_TK/ETR1_TK.log
2021-04-03 01:43:45,682 - INFO - References:
 - ETR1_TK
2021-04-03 01:43:45,682 - INFO - Primary reference for coordinate system: ETR1_TK
2021-04-03 01:43:45,683 - INFO - Considering primers from all references
2021-04-03 01:43:56,443 - INFO - All done! Scheme created with 14 regions, 6 gaps, 73.52% coverage
2021-04-03 01:43:56,443 - INFO - Writing overlap_60/ETR1_TK/ETR1_TK.primer.bed
2021-04-03 01:43:56,448 - INFO - Writing overlap_60/ETR1_TK/ETR1_TK.insert.bed
2021-04-03 01:43:56,451 - INFO - Writing overlap_60/ETR1_TK/ETR1_TK.primer.tsv
2021-04-03 01:43:56,455 - INFO - Writing overlap_60/ETR1_TK/ETR1_TK.reference.fasta
2021-04-03 01:43:56,467 - INFO - Writing overlap_60/ETR1_TK/ETR1_TK.plot.pdf
2021-04-03 01:43:56,467 - INFO - Writing overlap_60/ETR1_TK/ETR1_TK.plot.svg
2021-04-03 01:43:56,511 - INFO - Writing overlap_60/ETR1_TK/ETR1_TK.report.json
