2020-12-01 05:21:08,356 - INFO - Writing log to overlap_55/FDPS1_TK/FDPS1_TK.log
2020-12-01 05:21:08,387 - INFO - References:
 - FDPS1_TK
2020-12-01 05:21:08,388 - INFO - Primary reference for coordinate system: FDPS1_TK
2020-12-01 05:21:08,388 - INFO - Considering primers from all references
2020-12-01 05:21:10,106 - INFO - All done! Scheme created with 24 regions, 5 gaps, 90.73% coverage
2020-12-01 05:21:10,107 - INFO - Writing overlap_55/FDPS1_TK/FDPS1_TK.primer.bed
2020-12-01 05:21:10,108 - INFO - Writing overlap_55/FDPS1_TK/FDPS1_TK.insert.bed
2020-12-01 05:21:10,109 - INFO - Writing overlap_55/FDPS1_TK/FDPS1_TK.primer.tsv
2020-12-01 05:21:10,110 - INFO - Writing overlap_55/FDPS1_TK/FDPS1_TK.reference.fasta
2020-12-01 05:21:10,121 - INFO - Writing overlap_55/FDPS1_TK/FDPS1_TK.plot.pdf
2020-12-01 05:21:10,121 - INFO - Writing overlap_55/FDPS1_TK/FDPS1_TK.plot.svg
2020-12-01 05:21:10,159 - INFO - Writing overlap_55/FDPS1_TK/FDPS1_TK.report.json
2021-04-03 01:27:14,508 - INFO - Writing log to overlap_55/FDPS1_TK/FDPS1_TK.log
2021-04-03 01:27:14,530 - INFO - References:
 - FDPS1_TK
2021-04-03 01:27:14,531 - INFO - Primary reference for coordinate system: FDPS1_TK
2021-04-03 01:27:14,531 - INFO - Considering primers from all references
2021-04-03 01:27:24,338 - INFO - All done! Scheme created with 12 regions, 3 gaps, 86.08% coverage
2021-04-03 01:27:24,339 - INFO - Writing overlap_55/FDPS1_TK/FDPS1_TK.primer.bed
2021-04-03 01:27:24,343 - INFO - Writing overlap_55/FDPS1_TK/FDPS1_TK.insert.bed
2021-04-03 01:27:24,347 - INFO - Writing overlap_55/FDPS1_TK/FDPS1_TK.primer.tsv
2021-04-03 01:27:24,350 - INFO - Writing overlap_55/FDPS1_TK/FDPS1_TK.reference.fasta
2021-04-03 01:27:24,362 - INFO - Writing overlap_55/FDPS1_TK/FDPS1_TK.plot.pdf
2021-04-03 01:27:24,362 - INFO - Writing overlap_55/FDPS1_TK/FDPS1_TK.plot.svg
2021-04-03 01:27:24,405 - INFO - Writing overlap_55/FDPS1_TK/FDPS1_TK.report.json
2021-04-04 18:04:15,240 - INFO - Writing log to overlap_55/FDPS1_TK/FDPS1_TK.log
2021-04-04 18:04:15,259 - INFO - References:
 - FDPS1_TK
2021-04-04 18:04:15,259 - INFO - Primary reference for coordinate system: FDPS1_TK
2021-04-04 18:04:15,259 - INFO - Considering primers from all references
2021-04-04 18:04:23,976 - INFO - All done! Scheme created with 12 regions, 3 gaps, 86.08% coverage
2021-04-04 18:04:23,977 - INFO - Writing overlap_55/FDPS1_TK/FDPS1_TK.primer.bed
2021-04-04 18:04:23,980 - INFO - Writing overlap_55/FDPS1_TK/FDPS1_TK.insert.bed
2021-04-04 18:04:23,983 - INFO - Writing overlap_55/FDPS1_TK/FDPS1_TK.primer.tsv
2021-04-04 18:04:23,986 - INFO - Writing overlap_55/FDPS1_TK/FDPS1_TK.reference.fasta
2021-04-04 18:04:23,996 - INFO - Writing overlap_55/FDPS1_TK/FDPS1_TK.plot.pdf
2021-04-04 18:04:23,996 - INFO - Writing overlap_55/FDPS1_TK/FDPS1_TK.plot.svg
2021-04-04 18:04:24,033 - INFO - Writing overlap_55/FDPS1_TK/FDPS1_TK.report.json
