2021-04-02 20:41:43,745 - INFO - Writing log to overlap_70/C72_TK/C72_TK.log
2021-04-02 20:41:43,760 - INFO - References:
 - C72_TK
2021-04-02 20:41:43,760 - INFO - Primary reference for coordinate system: C72_TK
2021-04-02 20:41:43,760 - INFO - Considering primers from all references
2021-04-02 20:41:44,870 - INFO - All done! Scheme created with 2 regions, 0 gaps, 49.05% coverage
2021-04-02 20:41:44,870 - INFO - Writing overlap_70/C72_TK/C72_TK.primer.bed
2021-04-02 20:41:44,871 - INFO - Writing overlap_70/C72_TK/C72_TK.insert.bed
2021-04-02 20:41:44,871 - INFO - Writing overlap_70/C72_TK/C72_TK.primer.tsv
2021-04-02 20:41:44,871 - INFO - Writing overlap_70/C72_TK/C72_TK.reference.fasta
2021-04-02 20:41:44,874 - INFO - Writing overlap_70/C72_TK/C72_TK.plot.pdf
2021-04-02 20:41:44,874 - INFO - Writing overlap_70/C72_TK/C72_TK.plot.svg
2021-04-02 20:41:44,885 - INFO - Writing overlap_70/C72_TK/C72_TK.report.json
2021-04-03 02:14:26,603 - INFO - Writing log to overlap_70/C72_TK/C72_TK.log
2021-04-03 02:14:26,621 - INFO - References:
 - C72_TK
2021-04-03 02:14:26,621 - INFO - Primary reference for coordinate system: C72_TK
2021-04-03 02:14:26,621 - INFO - Considering primers from all references
2021-04-03 02:14:27,978 - INFO - All done! Scheme created with 2 regions, 0 gaps, 49.05% coverage
2021-04-03 02:14:27,978 - INFO - Writing overlap_70/C72_TK/C72_TK.primer.bed
2021-04-03 02:14:27,982 - INFO - Writing overlap_70/C72_TK/C72_TK.insert.bed
2021-04-03 02:14:27,988 - INFO - Writing overlap_70/C72_TK/C72_TK.primer.tsv
2021-04-03 02:14:27,992 - INFO - Writing overlap_70/C72_TK/C72_TK.reference.fasta
2021-04-03 02:14:27,999 - INFO - Writing overlap_70/C72_TK/C72_TK.plot.pdf
2021-04-03 02:14:27,999 - INFO - Writing overlap_70/C72_TK/C72_TK.plot.svg
2021-04-03 02:14:28,022 - INFO - Writing overlap_70/C72_TK/C72_TK.report.json
