2021-04-03 01:45:29,514 - INFO - Writing log to overlap_60/HSCP70-1_TK/HSCP70-1_TK.log
2021-04-03 01:45:29,524 - INFO - References:
 - HSCP70-1_TK
2021-04-03 01:45:29,524 - INFO - Primary reference for coordinate system: HSCP70-1_TK
2021-04-03 01:45:29,524 - INFO - Considering primers from all references
2021-04-03 01:45:35,489 - INFO - All done! Scheme created with 8 regions, 2 gaps, 74.2% coverage
2021-04-03 01:45:35,489 - INFO - Writing overlap_60/HSCP70-1_TK/HSCP70-1_TK.primer.bed
2021-04-03 01:45:35,490 - INFO - Writing overlap_60/HSCP70-1_TK/HSCP70-1_TK.insert.bed
2021-04-03 01:45:35,491 - INFO - Writing overlap_60/HSCP70-1_TK/HSCP70-1_TK.primer.tsv
2021-04-03 01:45:35,492 - INFO - Writing overlap_60/HSCP70-1_TK/HSCP70-1_TK.reference.fasta
2021-04-03 01:45:35,498 - INFO - Writing overlap_60/HSCP70-1_TK/HSCP70-1_TK.plot.pdf
2021-04-03 01:45:35,498 - INFO - Writing overlap_60/HSCP70-1_TK/HSCP70-1_TK.plot.svg
2021-04-03 01:45:35,525 - INFO - Writing overlap_60/HSCP70-1_TK/HSCP70-1_TK.report.json
2021-04-04 18:20:38,462 - INFO - Writing log to overlap_60/HSCP70-1_TK/HSCP70-1_TK.log
2021-04-04 18:20:38,521 - INFO - References:
 - HSCP70-1_TK
2021-04-04 18:20:38,521 - INFO - Primary reference for coordinate system: HSCP70-1_TK
2021-04-04 18:20:38,521 - INFO - Considering primers from all references
2021-04-04 18:20:43,854 - INFO - All done! Scheme created with 8 regions, 2 gaps, 74.2% coverage
2021-04-04 18:20:43,854 - INFO - Writing overlap_60/HSCP70-1_TK/HSCP70-1_TK.primer.bed
2021-04-04 18:20:43,857 - INFO - Writing overlap_60/HSCP70-1_TK/HSCP70-1_TK.insert.bed
2021-04-04 18:20:43,860 - INFO - Writing overlap_60/HSCP70-1_TK/HSCP70-1_TK.primer.tsv
2021-04-04 18:20:43,862 - INFO - Writing overlap_60/HSCP70-1_TK/HSCP70-1_TK.reference.fasta
2021-04-04 18:20:43,869 - INFO - Writing overlap_60/HSCP70-1_TK/HSCP70-1_TK.plot.pdf
2021-04-04 18:20:43,870 - INFO - Writing overlap_60/HSCP70-1_TK/HSCP70-1_TK.plot.svg
2021-04-04 18:20:43,896 - INFO - Writing overlap_60/HSCP70-1_TK/HSCP70-1_TK.report.json
