2021-04-03 01:53:32,879 - INFO - Writing log to overlap_65/1DDX5PS2_TK/1DDX5PS2_TK.log
2021-04-03 01:53:32,888 - INFO - References:
 - 1DDX5PS2_TK
2021-04-03 01:53:32,888 - INFO - Primary reference for coordinate system: 1DDX5PS2_TK
2021-04-03 01:53:32,888 - INFO - Considering primers from all references
2021-04-03 01:53:49,251 - INFO - All done! Scheme created with 20 regions, 9 gaps, 89.66% coverage
2021-04-03 01:53:49,251 - INFO - Writing overlap_65/1DDX5PS2_TK/1DDX5PS2_TK.primer.bed
2021-04-03 01:53:49,253 - INFO - Writing overlap_65/1DDX5PS2_TK/1DDX5PS2_TK.insert.bed
2021-04-03 01:53:49,254 - INFO - Writing overlap_65/1DDX5PS2_TK/1DDX5PS2_TK.primer.tsv
2021-04-03 01:53:49,255 - INFO - Writing overlap_65/1DDX5PS2_TK/1DDX5PS2_TK.reference.fasta
2021-04-03 01:53:49,267 - INFO - Writing overlap_65/1DDX5PS2_TK/1DDX5PS2_TK.plot.pdf
2021-04-03 01:53:49,268 - INFO - Writing overlap_65/1DDX5PS2_TK/1DDX5PS2_TK.plot.svg
2021-04-03 01:53:49,313 - INFO - Writing overlap_65/1DDX5PS2_TK/1DDX5PS2_TK.report.json
2021-04-04 18:27:51,734 - INFO - Writing log to overlap_65/1DDX5PS2_TK/1DDX5PS2_TK.log
2021-04-04 18:27:51,757 - INFO - References:
 - 1DDX5PS2_TK
2021-04-04 18:27:51,757 - INFO - Primary reference for coordinate system: 1DDX5PS2_TK
2021-04-04 18:27:51,757 - INFO - Considering primers from all references
2021-04-04 18:28:06,591 - INFO - All done! Scheme created with 20 regions, 9 gaps, 89.66% coverage
2021-04-04 18:28:06,591 - INFO - Writing overlap_65/1DDX5PS2_TK/1DDX5PS2_TK.primer.bed
2021-04-04 18:28:06,594 - INFO - Writing overlap_65/1DDX5PS2_TK/1DDX5PS2_TK.insert.bed
2021-04-04 18:28:06,596 - INFO - Writing overlap_65/1DDX5PS2_TK/1DDX5PS2_TK.primer.tsv
2021-04-04 18:28:06,599 - INFO - Writing overlap_65/1DDX5PS2_TK/1DDX5PS2_TK.reference.fasta
2021-04-04 18:28:06,611 - INFO - Writing overlap_65/1DDX5PS2_TK/1DDX5PS2_TK.plot.pdf
2021-04-04 18:28:06,611 - INFO - Writing overlap_65/1DDX5PS2_TK/1DDX5PS2_TK.plot.svg
2021-04-04 18:28:06,655 - INFO - Writing overlap_65/1DDX5PS2_TK/1DDX5PS2_TK.report.json
