2020-12-01 05:23:56,828 - INFO - Writing log to overlap_70/PMEI_TK/PMEI_TK.log
2020-12-01 05:23:56,833 - INFO - References:
 - PMEI_TK
2020-12-01 05:23:56,833 - INFO - Primary reference for coordinate system: PMEI_TK
2020-12-01 05:23:56,833 - INFO - Considering primers from all references
2020-12-01 05:23:57,846 - INFO - All done! Scheme created with 21 regions, 6 gaps, 83.46% coverage
2020-12-01 05:23:57,846 - INFO - Writing overlap_70/PMEI_TK/PMEI_TK.primer.bed
2020-12-01 05:23:57,847 - INFO - Writing overlap_70/PMEI_TK/PMEI_TK.insert.bed
2020-12-01 05:23:57,848 - INFO - Writing overlap_70/PMEI_TK/PMEI_TK.primer.tsv
2020-12-01 05:23:57,849 - INFO - Writing overlap_70/PMEI_TK/PMEI_TK.reference.fasta
2020-12-01 05:23:57,857 - INFO - Writing overlap_70/PMEI_TK/PMEI_TK.plot.pdf
2020-12-01 05:23:57,857 - INFO - Writing overlap_70/PMEI_TK/PMEI_TK.plot.svg
2020-12-01 05:23:57,891 - INFO - Writing overlap_70/PMEI_TK/PMEI_TK.report.json
2021-04-02 20:47:15,766 - INFO - Writing log to overlap_70/PMEI_TK/PMEI_TK.log
2021-04-02 20:47:15,804 - INFO - References:
 - PMEI_TK
2021-04-02 20:47:15,804 - INFO - Primary reference for coordinate system: PMEI_TK
2021-04-02 20:47:15,804 - INFO - Considering primers from all references
2021-04-02 20:47:22,218 - INFO - All done! Scheme created with 10 regions, 4 gaps, 75.97% coverage
2021-04-02 20:47:22,218 - INFO - Writing overlap_70/PMEI_TK/PMEI_TK.primer.bed
2021-04-02 20:47:22,224 - INFO - Writing overlap_70/PMEI_TK/PMEI_TK.insert.bed
2021-04-02 20:47:22,229 - INFO - Writing overlap_70/PMEI_TK/PMEI_TK.primer.tsv
2021-04-02 20:47:22,236 - INFO - Writing overlap_70/PMEI_TK/PMEI_TK.reference.fasta
2021-04-02 20:47:22,246 - INFO - Writing overlap_70/PMEI_TK/PMEI_TK.plot.pdf
2021-04-02 20:47:22,246 - INFO - Writing overlap_70/PMEI_TK/PMEI_TK.plot.svg
2021-04-02 20:47:22,280 - INFO - Writing overlap_70/PMEI_TK/PMEI_TK.report.json
2021-04-03 02:22:00,416 - INFO - Writing log to overlap_70/PMEI_TK/PMEI_TK.log
2021-04-03 02:22:00,440 - INFO - References:
 - PMEI_TK
2021-04-03 02:22:00,440 - INFO - Primary reference for coordinate system: PMEI_TK
2021-04-03 02:22:00,440 - INFO - Considering primers from all references
2021-04-03 02:22:07,812 - INFO - All done! Scheme created with 10 regions, 4 gaps, 75.97% coverage
2021-04-03 02:22:07,813 - INFO - Writing overlap_70/PMEI_TK/PMEI_TK.primer.bed
2021-04-03 02:22:07,818 - INFO - Writing overlap_70/PMEI_TK/PMEI_TK.insert.bed
2021-04-03 02:22:07,824 - INFO - Writing overlap_70/PMEI_TK/PMEI_TK.primer.tsv
2021-04-03 02:22:07,829 - INFO - Writing overlap_70/PMEI_TK/PMEI_TK.reference.fasta
2021-04-03 02:22:07,841 - INFO - Writing overlap_70/PMEI_TK/PMEI_TK.plot.pdf
2021-04-03 02:22:07,841 - INFO - Writing overlap_70/PMEI_TK/PMEI_TK.plot.svg
2021-04-03 02:22:07,880 - INFO - Writing overlap_70/PMEI_TK/PMEI_TK.report.json
2021-04-04 18:53:50,791 - INFO - Writing log to overlap_70/PMEI_TK/PMEI_TK.log
2021-04-04 18:53:50,806 - INFO - References:
 - PMEI_TK
2021-04-04 18:53:50,806 - INFO - Primary reference for coordinate system: PMEI_TK
2021-04-04 18:53:50,806 - INFO - Considering primers from all references
2021-04-04 18:53:57,507 - INFO - All done! Scheme created with 10 regions, 4 gaps, 75.97% coverage
2021-04-04 18:53:57,507 - INFO - Writing overlap_70/PMEI_TK/PMEI_TK.primer.bed
2021-04-04 18:53:57,510 - INFO - Writing overlap_70/PMEI_TK/PMEI_TK.insert.bed
2021-04-04 18:53:57,513 - INFO - Writing overlap_70/PMEI_TK/PMEI_TK.primer.tsv
2021-04-04 18:53:57,515 - INFO - Writing overlap_70/PMEI_TK/PMEI_TK.reference.fasta
2021-04-04 18:53:57,525 - INFO - Writing overlap_70/PMEI_TK/PMEI_TK.plot.pdf
2021-04-04 18:53:57,525 - INFO - Writing overlap_70/PMEI_TK/PMEI_TK.plot.svg
2021-04-04 18:53:57,557 - INFO - Writing overlap_70/PMEI_TK/PMEI_TK.report.json
