2021-04-03 11:39:03,961 - INFO - Writing log to overlap_85/ARFA1F2_TK/ARFA1F2_TK.log
2021-04-03 11:39:03,967 - INFO - References:
 - ARFA1F2_TK
2021-04-03 11:39:03,967 - INFO - Primary reference for coordinate system: ARFA1F2_TK
2021-04-03 11:39:03,967 - INFO - Considering primers from all references
2021-04-03 11:39:07,137 - INFO - All done! Scheme created with 5 regions, 2 gaps, 71.01% coverage
2021-04-03 11:39:07,137 - INFO - Writing overlap_85/ARFA1F2_TK/ARFA1F2_TK.primer.bed
2021-04-03 11:39:07,137 - INFO - Writing overlap_85/ARFA1F2_TK/ARFA1F2_TK.insert.bed
2021-04-03 11:39:07,138 - INFO - Writing overlap_85/ARFA1F2_TK/ARFA1F2_TK.primer.tsv
2021-04-03 11:39:07,139 - INFO - Writing overlap_85/ARFA1F2_TK/ARFA1F2_TK.reference.fasta
2021-04-03 11:39:07,143 - INFO - Writing overlap_85/ARFA1F2_TK/ARFA1F2_TK.plot.pdf
2021-04-03 11:39:07,143 - INFO - Writing overlap_85/ARFA1F2_TK/ARFA1F2_TK.plot.svg
2021-04-03 11:39:07,159 - INFO - Writing overlap_85/ARFA1F2_TK/ARFA1F2_TK.report.json
2021-04-04 19:31:43,340 - INFO - Writing log to overlap_85/ARFA1F2_TK/ARFA1F2_TK.log
2021-04-04 19:31:43,351 - INFO - References:
 - ARFA1F2_TK
2021-04-04 19:31:43,351 - INFO - Primary reference for coordinate system: ARFA1F2_TK
2021-04-04 19:31:43,351 - INFO - Considering primers from all references
2021-04-04 19:31:46,864 - INFO - All done! Scheme created with 5 regions, 2 gaps, 71.01% coverage
2021-04-04 19:31:46,864 - INFO - Writing overlap_85/ARFA1F2_TK/ARFA1F2_TK.primer.bed
2021-04-04 19:31:46,867 - INFO - Writing overlap_85/ARFA1F2_TK/ARFA1F2_TK.insert.bed
2021-04-04 19:31:46,870 - INFO - Writing overlap_85/ARFA1F2_TK/ARFA1F2_TK.primer.tsv
2021-04-04 19:31:46,872 - INFO - Writing overlap_85/ARFA1F2_TK/ARFA1F2_TK.reference.fasta
2021-04-04 19:31:46,878 - INFO - Writing overlap_85/ARFA1F2_TK/ARFA1F2_TK.plot.pdf
2021-04-04 19:31:46,879 - INFO - Writing overlap_85/ARFA1F2_TK/ARFA1F2_TK.plot.svg
2021-04-04 19:31:46,901 - INFO - Writing overlap_85/ARFA1F2_TK/ARFA1F2_TK.report.json
