2021-04-02 20:49:46,806 - INFO - Writing log to overlap_70/SQS2_TK/SQS2_TK.log
2021-04-02 20:49:46,835 - INFO - References:
 - SQS2_TK
2021-04-02 20:49:46,835 - INFO - Primary reference for coordinate system: SQS2_TK
2021-04-02 20:49:46,835 - INFO - Considering primers from all references
2021-04-02 20:49:57,962 - INFO - All done! Scheme created with 14 regions, 2 gaps, 88.8% coverage
2021-04-02 20:49:57,962 - INFO - Writing overlap_70/SQS2_TK/SQS2_TK.primer.bed
2021-04-02 20:49:57,963 - INFO - Writing overlap_70/SQS2_TK/SQS2_TK.insert.bed
2021-04-02 20:49:57,964 - INFO - Writing overlap_70/SQS2_TK/SQS2_TK.primer.tsv
2021-04-02 20:49:57,965 - INFO - Writing overlap_70/SQS2_TK/SQS2_TK.reference.fasta
2021-04-02 20:49:57,974 - INFO - Writing overlap_70/SQS2_TK/SQS2_TK.plot.pdf
2021-04-02 20:49:57,974 - INFO - Writing overlap_70/SQS2_TK/SQS2_TK.plot.svg
2021-04-02 20:49:58,010 - INFO - Writing overlap_70/SQS2_TK/SQS2_TK.report.json
2021-04-03 02:24:40,135 - INFO - Writing log to overlap_70/SQS2_TK/SQS2_TK.log
2021-04-03 02:24:40,156 - INFO - References:
 - SQS2_TK
2021-04-03 02:24:40,156 - INFO - Primary reference for coordinate system: SQS2_TK
2021-04-03 02:24:40,156 - INFO - Considering primers from all references
2021-04-03 02:24:51,219 - INFO - All done! Scheme created with 14 regions, 2 gaps, 88.8% coverage
2021-04-03 02:24:51,219 - INFO - Writing overlap_70/SQS2_TK/SQS2_TK.primer.bed
2021-04-03 02:24:51,223 - INFO - Writing overlap_70/SQS2_TK/SQS2_TK.insert.bed
2021-04-03 02:24:51,227 - INFO - Writing overlap_70/SQS2_TK/SQS2_TK.primer.tsv
2021-04-03 02:24:51,232 - INFO - Writing overlap_70/SQS2_TK/SQS2_TK.reference.fasta
2021-04-03 02:24:51,244 - INFO - Writing overlap_70/SQS2_TK/SQS2_TK.plot.pdf
2021-04-03 02:24:51,244 - INFO - Writing overlap_70/SQS2_TK/SQS2_TK.plot.svg
2021-04-03 02:24:51,288 - INFO - Writing overlap_70/SQS2_TK/SQS2_TK.report.json
2021-04-04 18:56:16,351 - INFO - Writing log to overlap_70/SQS2_TK/SQS2_TK.log
2021-04-04 18:56:16,371 - INFO - References:
 - SQS2_TK
2021-04-04 18:56:16,371 - INFO - Primary reference for coordinate system: SQS2_TK
2021-04-04 18:56:16,371 - INFO - Considering primers from all references
2021-04-04 18:56:26,622 - INFO - All done! Scheme created with 14 regions, 2 gaps, 88.8% coverage
2021-04-04 18:56:26,623 - INFO - Writing overlap_70/SQS2_TK/SQS2_TK.primer.bed
2021-04-04 18:56:26,625 - INFO - Writing overlap_70/SQS2_TK/SQS2_TK.insert.bed
2021-04-04 18:56:26,628 - INFO - Writing overlap_70/SQS2_TK/SQS2_TK.primer.tsv
2021-04-04 18:56:26,631 - INFO - Writing overlap_70/SQS2_TK/SQS2_TK.reference.fasta
2021-04-04 18:56:26,641 - INFO - Writing overlap_70/SQS2_TK/SQS2_TK.plot.pdf
2021-04-04 18:56:26,641 - INFO - Writing overlap_70/SQS2_TK/SQS2_TK.plot.svg
2021-04-04 18:56:26,679 - INFO - Writing overlap_70/SQS2_TK/SQS2_TK.report.json
