2021-04-03 01:34:42,749 - INFO - Writing log to overlap_55/SQE4_TK/SQE4_TK.log
2021-04-03 01:34:42,758 - INFO - References:
 - SQE4_TK
2021-04-03 01:34:42,758 - INFO - Primary reference for coordinate system: SQE4_TK
2021-04-03 01:34:42,758 - INFO - Considering primers from all references
2021-04-03 01:34:52,273 - INFO - All done! Scheme created with 12 regions, 5 gaps, 74.97% coverage
2021-04-03 01:34:52,273 - INFO - Writing overlap_55/SQE4_TK/SQE4_TK.primer.bed
2021-04-03 01:34:52,274 - INFO - Writing overlap_55/SQE4_TK/SQE4_TK.insert.bed
2021-04-03 01:34:52,275 - INFO - Writing overlap_55/SQE4_TK/SQE4_TK.primer.tsv
2021-04-03 01:34:52,276 - INFO - Writing overlap_55/SQE4_TK/SQE4_TK.reference.fasta
2021-04-03 01:34:52,285 - INFO - Writing overlap_55/SQE4_TK/SQE4_TK.plot.pdf
2021-04-03 01:34:52,285 - INFO - Writing overlap_55/SQE4_TK/SQE4_TK.plot.svg
2021-04-03 01:34:52,321 - INFO - Writing overlap_55/SQE4_TK/SQE4_TK.report.json
2021-04-04 18:10:58,400 - INFO - Writing log to overlap_55/SQE4_TK/SQE4_TK.log
2021-04-04 18:10:58,429 - INFO - References:
 - SQE4_TK
2021-04-04 18:10:58,430 - INFO - Primary reference for coordinate system: SQE4_TK
2021-04-04 18:10:58,430 - INFO - Considering primers from all references
2021-04-04 18:11:07,030 - INFO - All done! Scheme created with 12 regions, 5 gaps, 74.97% coverage
2021-04-04 18:11:07,030 - INFO - Writing overlap_55/SQE4_TK/SQE4_TK.primer.bed
2021-04-04 18:11:07,033 - INFO - Writing overlap_55/SQE4_TK/SQE4_TK.insert.bed
2021-04-04 18:11:07,036 - INFO - Writing overlap_55/SQE4_TK/SQE4_TK.primer.tsv
2021-04-04 18:11:07,038 - INFO - Writing overlap_55/SQE4_TK/SQE4_TK.reference.fasta
2021-04-04 18:11:07,047 - INFO - Writing overlap_55/SQE4_TK/SQE4_TK.plot.pdf
2021-04-04 18:11:07,047 - INFO - Writing overlap_55/SQE4_TK/SQE4_TK.plot.svg
2021-04-04 18:11:07,080 - INFO - Writing overlap_55/SQE4_TK/SQE4_TK.report.json
