2021-04-03 00:49:08,383 - INFO - Writing log to overlap_45/4C5DP2CMDEK1_TK/4C5DP2CMDEK1_TK.log
2021-04-03 00:49:08,391 - INFO - References:
 - 4C5DP2CMDEK1_TK
2021-04-03 00:49:08,391 - INFO - Primary reference for coordinate system: 4C5DP2CMDEK1_TK
2021-04-03 00:49:08,391 - INFO - Considering primers from all references
2021-04-03 00:49:18,640 - INFO - All done! Scheme created with 13 regions, 4 gaps, 86.11% coverage
2021-04-03 00:49:18,641 - INFO - Writing overlap_45/4C5DP2CMDEK1_TK/4C5DP2CMDEK1_TK.primer.bed
2021-04-03 00:49:18,642 - INFO - Writing overlap_45/4C5DP2CMDEK1_TK/4C5DP2CMDEK1_TK.insert.bed
2021-04-03 00:49:18,643 - INFO - Writing overlap_45/4C5DP2CMDEK1_TK/4C5DP2CMDEK1_TK.primer.tsv
2021-04-03 00:49:18,644 - INFO - Writing overlap_45/4C5DP2CMDEK1_TK/4C5DP2CMDEK1_TK.reference.fasta
2021-04-03 00:49:18,653 - INFO - Writing overlap_45/4C5DP2CMDEK1_TK/4C5DP2CMDEK1_TK.plot.pdf
2021-04-03 00:49:18,653 - INFO - Writing overlap_45/4C5DP2CMDEK1_TK/4C5DP2CMDEK1_TK.plot.svg
2021-04-03 00:49:18,685 - INFO - Writing overlap_45/4C5DP2CMDEK1_TK/4C5DP2CMDEK1_TK.report.json
2021-04-04 17:29:50,422 - INFO - Writing log to overlap_45/4C5DP2CMDEK1_TK/4C5DP2CMDEK1_TK.log
2021-04-04 17:29:50,448 - INFO - References:
 - 4C5DP2CMDEK1_TK
2021-04-04 17:29:50,448 - INFO - Primary reference for coordinate system: 4C5DP2CMDEK1_TK
2021-04-04 17:29:50,448 - INFO - Considering primers from all references
2021-04-04 17:29:59,787 - INFO - All done! Scheme created with 13 regions, 4 gaps, 86.11% coverage
2021-04-04 17:29:59,787 - INFO - Writing overlap_45/4C5DP2CMDEK1_TK/4C5DP2CMDEK1_TK.primer.bed
2021-04-04 17:29:59,793 - INFO - Writing overlap_45/4C5DP2CMDEK1_TK/4C5DP2CMDEK1_TK.insert.bed
2021-04-04 17:29:59,799 - INFO - Writing overlap_45/4C5DP2CMDEK1_TK/4C5DP2CMDEK1_TK.primer.tsv
2021-04-04 17:29:59,804 - INFO - Writing overlap_45/4C5DP2CMDEK1_TK/4C5DP2CMDEK1_TK.reference.fasta
2021-04-04 17:29:59,815 - INFO - Writing overlap_45/4C5DP2CMDEK1_TK/4C5DP2CMDEK1_TK.plot.pdf
2021-04-04 17:29:59,815 - INFO - Writing overlap_45/4C5DP2CMDEK1_TK/4C5DP2CMDEK1_TK.plot.svg
2021-04-04 17:29:59,854 - INFO - Writing overlap_45/4C5DP2CMDEK1_TK/4C5DP2CMDEK1_TK.report.json
