2021-04-03 11:27:30,263 - INFO - Writing log to overlap_80/EH_TK/EH_TK.log
2021-04-03 11:27:30,269 - INFO - References:
 - EH_TK
2021-04-03 11:27:30,269 - INFO - Primary reference for coordinate system: EH_TK
2021-04-03 11:27:30,269 - INFO - Considering primers from all references
2021-04-03 11:27:33,382 - INFO - All done! Scheme created with 5 regions, 1 gap, 68.84% coverage
2021-04-03 11:27:33,382 - INFO - Writing overlap_80/EH_TK/EH_TK.primer.bed
2021-04-03 11:27:33,383 - INFO - Writing overlap_80/EH_TK/EH_TK.insert.bed
2021-04-03 11:27:33,384 - INFO - Writing overlap_80/EH_TK/EH_TK.primer.tsv
2021-04-03 11:27:33,384 - INFO - Writing overlap_80/EH_TK/EH_TK.reference.fasta
2021-04-03 11:27:33,388 - INFO - Writing overlap_80/EH_TK/EH_TK.plot.pdf
2021-04-03 11:27:33,388 - INFO - Writing overlap_80/EH_TK/EH_TK.plot.svg
2021-04-03 11:27:33,405 - INFO - Writing overlap_80/EH_TK/EH_TK.report.json
2021-04-04 19:18:50,488 - INFO - Writing log to overlap_80/EH_TK/EH_TK.log
2021-04-04 19:18:50,505 - INFO - References:
 - EH_TK
2021-04-04 19:18:50,505 - INFO - Primary reference for coordinate system: EH_TK
2021-04-04 19:18:50,505 - INFO - Considering primers from all references
2021-04-04 19:18:53,934 - INFO - All done! Scheme created with 5 regions, 1 gap, 68.84% coverage
2021-04-04 19:18:53,934 - INFO - Writing overlap_80/EH_TK/EH_TK.primer.bed
2021-04-04 19:18:53,937 - INFO - Writing overlap_80/EH_TK/EH_TK.insert.bed
2021-04-04 19:18:53,940 - INFO - Writing overlap_80/EH_TK/EH_TK.primer.tsv
2021-04-04 19:18:53,942 - INFO - Writing overlap_80/EH_TK/EH_TK.reference.fasta
2021-04-04 19:18:53,948 - INFO - Writing overlap_80/EH_TK/EH_TK.plot.pdf
2021-04-04 19:18:53,948 - INFO - Writing overlap_80/EH_TK/EH_TK.plot.svg
2021-04-04 19:18:53,970 - INFO - Writing overlap_80/EH_TK/EH_TK.report.json
