2021-04-03 11:21:07,868 - INFO - Writing log to overlap_75/SRRP1_TK/SRRP1_TK.log
2021-04-03 11:21:07,886 - INFO - References:
 - SRRP1_TK
2021-04-03 11:21:07,886 - INFO - Primary reference for coordinate system: SRRP1_TK
2021-04-03 11:21:07,886 - INFO - Considering primers from all references
2021-04-03 11:21:09,139 - INFO - All done! Scheme created with 2 regions, 0 gaps, 65.22% coverage
2021-04-03 11:21:09,139 - INFO - Writing overlap_75/SRRP1_TK/SRRP1_TK.primer.bed
2021-04-03 11:21:09,140 - INFO - Writing overlap_75/SRRP1_TK/SRRP1_TK.insert.bed
2021-04-03 11:21:09,140 - INFO - Writing overlap_75/SRRP1_TK/SRRP1_TK.primer.tsv
2021-04-03 11:21:09,141 - INFO - Writing overlap_75/SRRP1_TK/SRRP1_TK.reference.fasta
2021-04-03 11:21:09,144 - INFO - Writing overlap_75/SRRP1_TK/SRRP1_TK.plot.pdf
2021-04-03 11:21:09,144 - INFO - Writing overlap_75/SRRP1_TK/SRRP1_TK.plot.svg
2021-04-03 11:21:09,155 - INFO - Writing overlap_75/SRRP1_TK/SRRP1_TK.report.json
2021-04-04 19:11:44,056 - INFO - Writing log to overlap_75/SRRP1_TK/SRRP1_TK.log
2021-04-04 19:11:44,079 - INFO - References:
 - SRRP1_TK
2021-04-04 19:11:44,079 - INFO - Primary reference for coordinate system: SRRP1_TK
2021-04-04 19:11:44,079 - INFO - Considering primers from all references
2021-04-04 19:11:45,481 - INFO - All done! Scheme created with 2 regions, 0 gaps, 65.22% coverage
2021-04-04 19:11:45,481 - INFO - Writing overlap_75/SRRP1_TK/SRRP1_TK.primer.bed
2021-04-04 19:11:45,486 - INFO - Writing overlap_75/SRRP1_TK/SRRP1_TK.insert.bed
2021-04-04 19:11:45,490 - INFO - Writing overlap_75/SRRP1_TK/SRRP1_TK.primer.tsv
2021-04-04 19:11:45,494 - INFO - Writing overlap_75/SRRP1_TK/SRRP1_TK.reference.fasta
2021-04-04 19:11:45,500 - INFO - Writing overlap_75/SRRP1_TK/SRRP1_TK.plot.pdf
2021-04-04 19:11:45,500 - INFO - Writing overlap_75/SRRP1_TK/SRRP1_TK.plot.svg
2021-04-04 19:11:45,519 - INFO - Writing overlap_75/SRRP1_TK/SRRP1_TK.report.json
