2021-04-03 00:47:48,101 - INFO - Writing log to overlap_45/1_SST_TK/1_SST_TK.log
2021-04-03 00:47:48,127 - INFO - References:
 - 1_SST_TK
2021-04-03 00:47:48,127 - INFO - Primary reference for coordinate system: 1_SST_TK
2021-04-03 00:47:48,127 - INFO - Considering primers from all references
2021-04-03 00:48:06,596 - INFO - All done! Scheme created with 15 regions, 5 gaps, 84.93% coverage
2021-04-03 00:48:06,597 - INFO - Writing overlap_45/1_SST_TK/1_SST_TK.primer.bed
2021-04-03 00:48:06,598 - INFO - Writing overlap_45/1_SST_TK/1_SST_TK.insert.bed
2021-04-03 00:48:06,599 - INFO - Writing overlap_45/1_SST_TK/1_SST_TK.primer.tsv
2021-04-03 00:48:06,601 - INFO - Writing overlap_45/1_SST_TK/1_SST_TK.reference.fasta
2021-04-03 00:48:06,689 - INFO - Writing overlap_45/1_SST_TK/1_SST_TK.plot.pdf
2021-04-03 00:48:06,689 - INFO - Writing overlap_45/1_SST_TK/1_SST_TK.plot.svg
2021-04-03 00:48:06,727 - INFO - Writing overlap_45/1_SST_TK/1_SST_TK.report.json
2021-04-04 17:28:37,404 - INFO - Writing log to overlap_45/1_SST_TK/1_SST_TK.log
2021-04-04 17:28:37,421 - INFO - References:
 - 1_SST_TK
2021-04-04 17:28:37,421 - INFO - Primary reference for coordinate system: 1_SST_TK
2021-04-04 17:28:37,421 - INFO - Considering primers from all references
2021-04-04 17:28:54,327 - INFO - All done! Scheme created with 15 regions, 5 gaps, 84.93% coverage
2021-04-04 17:28:54,327 - INFO - Writing overlap_45/1_SST_TK/1_SST_TK.primer.bed
2021-04-04 17:28:54,333 - INFO - Writing overlap_45/1_SST_TK/1_SST_TK.insert.bed
2021-04-04 17:28:54,338 - INFO - Writing overlap_45/1_SST_TK/1_SST_TK.primer.tsv
2021-04-04 17:28:54,344 - INFO - Writing overlap_45/1_SST_TK/1_SST_TK.reference.fasta
2021-04-04 17:28:54,406 - INFO - Writing overlap_45/1_SST_TK/1_SST_TK.plot.pdf
2021-04-04 17:28:54,406 - INFO - Writing overlap_45/1_SST_TK/1_SST_TK.plot.svg
2021-04-04 17:28:54,451 - INFO - Writing overlap_45/1_SST_TK/1_SST_TK.report.json
