2021-04-03 01:05:02,374 - INFO - Writing log to overlap_50/3H3MCR1_TK/3H3MCR1_TK.log
2021-04-03 01:05:02,397 - INFO - References:
 - 3H3MCR1_TK
2021-04-03 01:05:02,397 - INFO - Primary reference for coordinate system: 3H3MCR1_TK
2021-04-03 01:05:02,397 - INFO - Considering primers from all references
2021-04-03 01:05:08,415 - INFO - All done! Scheme created with 8 regions, 1 gap, 83.29% coverage
2021-04-03 01:05:08,415 - INFO - Writing overlap_50/3H3MCR1_TK/3H3MCR1_TK.primer.bed
2021-04-03 01:05:08,416 - INFO - Writing overlap_50/3H3MCR1_TK/3H3MCR1_TK.insert.bed
2021-04-03 01:05:08,417 - INFO - Writing overlap_50/3H3MCR1_TK/3H3MCR1_TK.primer.tsv
2021-04-03 01:05:08,418 - INFO - Writing overlap_50/3H3MCR1_TK/3H3MCR1_TK.reference.fasta
2021-04-03 01:05:08,423 - INFO - Writing overlap_50/3H3MCR1_TK/3H3MCR1_TK.plot.pdf
2021-04-03 01:05:08,424 - INFO - Writing overlap_50/3H3MCR1_TK/3H3MCR1_TK.plot.svg
2021-04-03 01:05:08,451 - INFO - Writing overlap_50/3H3MCR1_TK/3H3MCR1_TK.report.json
2021-04-04 17:44:23,105 - INFO - Writing log to overlap_50/3H3MCR1_TK/3H3MCR1_TK.log
2021-04-04 17:44:23,154 - INFO - References:
 - 3H3MCR1_TK
2021-04-04 17:44:23,154 - INFO - Primary reference for coordinate system: 3H3MCR1_TK
2021-04-04 17:44:23,154 - INFO - Considering primers from all references
2021-04-04 17:44:28,672 - INFO - All done! Scheme created with 8 regions, 1 gap, 83.29% coverage
2021-04-04 17:44:28,672 - INFO - Writing overlap_50/3H3MCR1_TK/3H3MCR1_TK.primer.bed
2021-04-04 17:44:28,675 - INFO - Writing overlap_50/3H3MCR1_TK/3H3MCR1_TK.insert.bed
2021-04-04 17:44:28,678 - INFO - Writing overlap_50/3H3MCR1_TK/3H3MCR1_TK.primer.tsv
2021-04-04 17:44:28,680 - INFO - Writing overlap_50/3H3MCR1_TK/3H3MCR1_TK.reference.fasta
2021-04-04 17:44:28,687 - INFO - Writing overlap_50/3H3MCR1_TK/3H3MCR1_TK.plot.pdf
2021-04-04 17:44:28,687 - INFO - Writing overlap_50/3H3MCR1_TK/3H3MCR1_TK.plot.svg
2021-04-04 17:44:28,713 - INFO - Writing overlap_50/3H3MCR1_TK/3H3MCR1_TK.report.json
