2021-04-03 11:20:14,269 - INFO - Writing log to overlap_75/SQE3_TK/SQE3_TK.log
2021-04-03 11:20:14,285 - INFO - References:
 - SQE3_TK
2021-04-03 11:20:14,285 - INFO - Primary reference for coordinate system: SQE3_TK
2021-04-03 11:20:14,285 - INFO - Considering primers from all references
2021-04-03 11:20:22,540 - INFO - All done! Scheme created with 13 regions, 4 gaps, 87.83% coverage
2021-04-03 11:20:22,540 - INFO - Writing overlap_75/SQE3_TK/SQE3_TK.primer.bed
2021-04-03 11:20:22,541 - INFO - Writing overlap_75/SQE3_TK/SQE3_TK.insert.bed
2021-04-03 11:20:22,542 - INFO - Writing overlap_75/SQE3_TK/SQE3_TK.primer.tsv
2021-04-03 11:20:22,542 - INFO - Writing overlap_75/SQE3_TK/SQE3_TK.reference.fasta
2021-04-03 11:20:22,549 - INFO - Writing overlap_75/SQE3_TK/SQE3_TK.plot.pdf
2021-04-03 11:20:22,549 - INFO - Writing overlap_75/SQE3_TK/SQE3_TK.plot.svg
2021-04-03 11:20:22,577 - INFO - Writing overlap_75/SQE3_TK/SQE3_TK.report.json
2021-04-04 19:10:44,207 - INFO - Writing log to overlap_75/SQE3_TK/SQE3_TK.log
2021-04-04 19:10:44,227 - INFO - References:
 - SQE3_TK
2021-04-04 19:10:44,227 - INFO - Primary reference for coordinate system: SQE3_TK
2021-04-04 19:10:44,227 - INFO - Considering primers from all references
2021-04-04 19:10:53,489 - INFO - All done! Scheme created with 13 regions, 4 gaps, 87.83% coverage
2021-04-04 19:10:53,490 - INFO - Writing overlap_75/SQE3_TK/SQE3_TK.primer.bed
2021-04-04 19:10:53,494 - INFO - Writing overlap_75/SQE3_TK/SQE3_TK.insert.bed
2021-04-04 19:10:53,498 - INFO - Writing overlap_75/SQE3_TK/SQE3_TK.primer.tsv
2021-04-04 19:10:53,500 - INFO - Writing overlap_75/SQE3_TK/SQE3_TK.reference.fasta
2021-04-04 19:10:53,510 - INFO - Writing overlap_75/SQE3_TK/SQE3_TK.plot.pdf
2021-04-04 19:10:53,510 - INFO - Writing overlap_75/SQE3_TK/SQE3_TK.plot.svg
2021-04-04 19:10:53,544 - INFO - Writing overlap_75/SQE3_TK/SQE3_TK.report.json
