2021-04-02 20:39:41,202 - INFO - Writing log to overlap_70/1DDX5PS3_TK/1DDX5PS3_TK.log
2021-04-02 20:39:41,236 - INFO - References:
 - 1DDX5PS3_TK
2021-04-02 20:39:41,236 - INFO - Primary reference for coordinate system: 1DDX5PS3_TK
2021-04-02 20:39:41,236 - INFO - Considering primers from all references
2021-04-02 20:39:49,744 - INFO - All done! Scheme created with 14 regions, 6 gaps, 72.99% coverage
2021-04-02 20:39:49,744 - INFO - Writing overlap_70/1DDX5PS3_TK/1DDX5PS3_TK.primer.bed
2021-04-02 20:39:49,745 - INFO - Writing overlap_70/1DDX5PS3_TK/1DDX5PS3_TK.insert.bed
2021-04-02 20:39:49,746 - INFO - Writing overlap_70/1DDX5PS3_TK/1DDX5PS3_TK.primer.tsv
2021-04-02 20:39:49,747 - INFO - Writing overlap_70/1DDX5PS3_TK/1DDX5PS3_TK.reference.fasta
2021-04-02 20:39:49,755 - INFO - Writing overlap_70/1DDX5PS3_TK/1DDX5PS3_TK.plot.pdf
2021-04-02 20:39:49,755 - INFO - Writing overlap_70/1DDX5PS3_TK/1DDX5PS3_TK.plot.svg
2021-04-02 20:39:49,784 - INFO - Writing overlap_70/1DDX5PS3_TK/1DDX5PS3_TK.report.json
2021-04-03 02:10:14,054 - INFO - Writing log to overlap_70/1DDX5PS3_TK/1DDX5PS3_TK.log
2021-04-03 02:10:14,074 - INFO - References:
 - 1DDX5PS3_TK
2021-04-03 02:10:14,074 - INFO - Primary reference for coordinate system: 1DDX5PS3_TK
2021-04-03 02:10:14,074 - INFO - Considering primers from all references
2021-04-03 02:10:24,741 - INFO - All done! Scheme created with 14 regions, 6 gaps, 72.99% coverage
2021-04-03 02:10:24,741 - INFO - Writing overlap_70/1DDX5PS3_TK/1DDX5PS3_TK.primer.bed
2021-04-03 02:10:24,746 - INFO - Writing overlap_70/1DDX5PS3_TK/1DDX5PS3_TK.insert.bed
2021-04-03 02:10:24,750 - INFO - Writing overlap_70/1DDX5PS3_TK/1DDX5PS3_TK.primer.tsv
2021-04-03 02:10:24,756 - INFO - Writing overlap_70/1DDX5PS3_TK/1DDX5PS3_TK.reference.fasta
2021-04-03 02:10:24,769 - INFO - Writing overlap_70/1DDX5PS3_TK/1DDX5PS3_TK.plot.pdf
2021-04-03 02:10:24,769 - INFO - Writing overlap_70/1DDX5PS3_TK/1DDX5PS3_TK.plot.svg
2021-04-03 02:10:24,815 - INFO - Writing overlap_70/1DDX5PS3_TK/1DDX5PS3_TK.report.json
2021-04-04 18:43:04,432 - INFO - Writing log to overlap_70/1DDX5PS3_TK/1DDX5PS3_TK.log
2021-04-04 18:43:04,448 - INFO - References:
 - 1DDX5PS3_TK
2021-04-04 18:43:04,448 - INFO - Primary reference for coordinate system: 1DDX5PS3_TK
2021-04-04 18:43:04,448 - INFO - Considering primers from all references
2021-04-04 18:43:14,344 - INFO - All done! Scheme created with 14 regions, 6 gaps, 72.99% coverage
2021-04-04 18:43:14,344 - INFO - Writing overlap_70/1DDX5PS3_TK/1DDX5PS3_TK.primer.bed
2021-04-04 18:43:14,347 - INFO - Writing overlap_70/1DDX5PS3_TK/1DDX5PS3_TK.insert.bed
2021-04-04 18:43:14,350 - INFO - Writing overlap_70/1DDX5PS3_TK/1DDX5PS3_TK.primer.tsv
2021-04-04 18:43:14,352 - INFO - Writing overlap_70/1DDX5PS3_TK/1DDX5PS3_TK.reference.fasta
2021-04-04 18:43:14,363 - INFO - Writing overlap_70/1DDX5PS3_TK/1DDX5PS3_TK.plot.pdf
2021-04-04 18:43:14,363 - INFO - Writing overlap_70/1DDX5PS3_TK/1DDX5PS3_TK.plot.svg
2021-04-04 18:43:14,401 - INFO - Writing overlap_70/1DDX5PS3_TK/1DDX5PS3_TK.report.json
