2020-12-01 05:21:05,042 - INFO - Writing log to overlap_55/DOG_1_TK/DOG_1_TK.log
2020-12-01 05:21:05,060 - INFO - References:
 - DOG_1_TK
2020-12-01 05:21:05,060 - INFO - Primary reference for coordinate system: DOG_1_TK
2020-12-01 05:21:05,060 - INFO - Considering primers from all references
2020-12-01 05:21:05,762 - INFO - All done! Scheme created with 10 regions, 4 gaps, 64.41% coverage
2020-12-01 05:21:05,762 - INFO - Writing overlap_55/DOG_1_TK/DOG_1_TK.primer.bed
2020-12-01 05:21:05,763 - INFO - Writing overlap_55/DOG_1_TK/DOG_1_TK.insert.bed
2020-12-01 05:21:05,763 - INFO - Writing overlap_55/DOG_1_TK/DOG_1_TK.primer.tsv
2020-12-01 05:21:05,764 - INFO - Writing overlap_55/DOG_1_TK/DOG_1_TK.reference.fasta
2020-12-01 05:21:05,769 - INFO - Writing overlap_55/DOG_1_TK/DOG_1_TK.plot.pdf
2020-12-01 05:21:05,769 - INFO - Writing overlap_55/DOG_1_TK/DOG_1_TK.plot.svg
2020-12-01 05:21:05,789 - INFO - Writing overlap_55/DOG_1_TK/DOG_1_TK.report.json
2021-04-03 01:26:18,584 - INFO - Writing log to overlap_55/DOG_1_TK/DOG_1_TK.log
2021-04-03 01:26:18,610 - INFO - References:
 - DOG_1_TK
2021-04-03 01:26:18,610 - INFO - Primary reference for coordinate system: DOG_1_TK
2021-04-03 01:26:18,610 - INFO - Considering primers from all references
2021-04-03 01:26:23,115 - INFO - All done! Scheme created with 6 regions, 2 gaps, 81.91% coverage
2021-04-03 01:26:23,115 - INFO - Writing overlap_55/DOG_1_TK/DOG_1_TK.primer.bed
2021-04-03 01:26:23,119 - INFO - Writing overlap_55/DOG_1_TK/DOG_1_TK.insert.bed
2021-04-03 01:26:23,123 - INFO - Writing overlap_55/DOG_1_TK/DOG_1_TK.primer.tsv
2021-04-03 01:26:23,126 - INFO - Writing overlap_55/DOG_1_TK/DOG_1_TK.reference.fasta
2021-04-03 01:26:23,134 - INFO - Writing overlap_55/DOG_1_TK/DOG_1_TK.plot.pdf
2021-04-03 01:26:23,134 - INFO - Writing overlap_55/DOG_1_TK/DOG_1_TK.plot.svg
2021-04-03 01:26:23,162 - INFO - Writing overlap_55/DOG_1_TK/DOG_1_TK.report.json
2021-04-04 18:03:25,848 - INFO - Writing log to overlap_55/DOG_1_TK/DOG_1_TK.log
2021-04-04 18:03:25,864 - INFO - References:
 - DOG_1_TK
2021-04-04 18:03:25,864 - INFO - Primary reference for coordinate system: DOG_1_TK
2021-04-04 18:03:25,864 - INFO - Considering primers from all references
2021-04-04 18:03:29,983 - INFO - All done! Scheme created with 6 regions, 2 gaps, 81.91% coverage
2021-04-04 18:03:29,984 - INFO - Writing overlap_55/DOG_1_TK/DOG_1_TK.primer.bed
2021-04-04 18:03:29,987 - INFO - Writing overlap_55/DOG_1_TK/DOG_1_TK.insert.bed
2021-04-04 18:03:29,989 - INFO - Writing overlap_55/DOG_1_TK/DOG_1_TK.primer.tsv
2021-04-04 18:03:29,992 - INFO - Writing overlap_55/DOG_1_TK/DOG_1_TK.reference.fasta
2021-04-04 18:03:29,999 - INFO - Writing overlap_55/DOG_1_TK/DOG_1_TK.plot.pdf
2021-04-04 18:03:29,999 - INFO - Writing overlap_55/DOG_1_TK/DOG_1_TK.plot.svg
2021-04-04 18:03:30,023 - INFO - Writing overlap_55/DOG_1_TK/DOG_1_TK.report.json
