2021-04-03 11:09:54,961 - INFO - Writing log to overlap_75/3H3MC1_TK/3H3MC1_TK.log
2021-04-03 11:09:54,988 - INFO - References:
 - 3H3MC1_TK
2021-04-03 11:09:54,988 - INFO - Primary reference for coordinate system: 3H3MC1_TK
2021-04-03 11:09:54,988 - INFO - Considering primers from all references
2021-04-03 11:09:59,907 - INFO - All done! Scheme created with 8 regions, 3 gaps, 78.69% coverage
2021-04-03 11:09:59,907 - INFO - Writing overlap_75/3H3MC1_TK/3H3MC1_TK.primer.bed
2021-04-03 11:09:59,908 - INFO - Writing overlap_75/3H3MC1_TK/3H3MC1_TK.insert.bed
2021-04-03 11:09:59,908 - INFO - Writing overlap_75/3H3MC1_TK/3H3MC1_TK.primer.tsv
2021-04-03 11:09:59,909 - INFO - Writing overlap_75/3H3MC1_TK/3H3MC1_TK.reference.fasta
2021-04-03 11:09:59,914 - INFO - Writing overlap_75/3H3MC1_TK/3H3MC1_TK.plot.pdf
2021-04-03 11:09:59,914 - INFO - Writing overlap_75/3H3MC1_TK/3H3MC1_TK.plot.svg
2021-04-03 11:09:59,935 - INFO - Writing overlap_75/3H3MC1_TK/3H3MC1_TK.report.json
2021-04-04 18:59:12,547 - INFO - Writing log to overlap_75/3H3MC1_TK/3H3MC1_TK.log
2021-04-04 18:59:12,560 - INFO - References:
 - 3H3MC1_TK
2021-04-04 18:59:12,561 - INFO - Primary reference for coordinate system: 3H3MC1_TK
2021-04-04 18:59:12,561 - INFO - Considering primers from all references
2021-04-04 18:59:18,062 - INFO - All done! Scheme created with 8 regions, 3 gaps, 78.69% coverage
2021-04-04 18:59:18,062 - INFO - Writing overlap_75/3H3MC1_TK/3H3MC1_TK.primer.bed
2021-04-04 18:59:18,066 - INFO - Writing overlap_75/3H3MC1_TK/3H3MC1_TK.insert.bed
2021-04-04 18:59:18,069 - INFO - Writing overlap_75/3H3MC1_TK/3H3MC1_TK.primer.tsv
2021-04-04 18:59:18,072 - INFO - Writing overlap_75/3H3MC1_TK/3H3MC1_TK.reference.fasta
2021-04-04 18:59:18,079 - INFO - Writing overlap_75/3H3MC1_TK/3H3MC1_TK.plot.pdf
2021-04-04 18:59:18,080 - INFO - Writing overlap_75/3H3MC1_TK/3H3MC1_TK.plot.svg
2021-04-04 18:59:18,107 - INFO - Writing overlap_75/3H3MC1_TK/3H3MC1_TK.report.json
