2020-12-01 05:23:09,624 - INFO - Writing log to overlap_65/PPO_TK/PPO_TK.log
2020-12-01 05:23:09,630 - INFO - References:
 - PPO_TK
2020-12-01 05:23:09,630 - INFO - Primary reference for coordinate system: PPO_TK
2020-12-01 05:23:09,630 - INFO - Considering primers from all references
2020-12-01 05:23:10,889 - INFO - All done! Scheme created with 13 regions, 5 gaps, 64.54% coverage
2020-12-01 05:23:10,889 - INFO - Writing overlap_65/PPO_TK/PPO_TK.primer.bed
2020-12-01 05:23:10,890 - INFO - Writing overlap_65/PPO_TK/PPO_TK.insert.bed
2020-12-01 05:23:10,891 - INFO - Writing overlap_65/PPO_TK/PPO_TK.primer.tsv
2020-12-01 05:23:10,891 - INFO - Writing overlap_65/PPO_TK/PPO_TK.reference.fasta
2020-12-01 05:23:10,899 - INFO - Writing overlap_65/PPO_TK/PPO_TK.plot.pdf
2020-12-01 05:23:10,899 - INFO - Writing overlap_65/PPO_TK/PPO_TK.plot.svg
2020-12-01 05:23:10,926 - INFO - Writing overlap_65/PPO_TK/PPO_TK.report.json
2021-04-03 02:06:20,015 - INFO - Writing log to overlap_65/PPO_TK/PPO_TK.log
2021-04-03 02:06:20,038 - INFO - References:
 - PPO_TK
2021-04-03 02:06:20,038 - INFO - Primary reference for coordinate system: PPO_TK
2021-04-03 02:06:20,039 - INFO - Considering primers from all references
2021-04-03 02:06:26,033 - INFO - All done! Scheme created with 8 regions, 2 gaps, 75.5% coverage
2021-04-03 02:06:26,033 - INFO - Writing overlap_65/PPO_TK/PPO_TK.primer.bed
2021-04-03 02:06:26,041 - INFO - Writing overlap_65/PPO_TK/PPO_TK.insert.bed
2021-04-03 02:06:26,045 - INFO - Writing overlap_65/PPO_TK/PPO_TK.primer.tsv
2021-04-03 02:06:26,050 - INFO - Writing overlap_65/PPO_TK/PPO_TK.reference.fasta
2021-04-03 02:06:26,060 - INFO - Writing overlap_65/PPO_TK/PPO_TK.plot.pdf
2021-04-03 02:06:26,060 - INFO - Writing overlap_65/PPO_TK/PPO_TK.plot.svg
2021-04-03 02:06:26,095 - INFO - Writing overlap_65/PPO_TK/PPO_TK.report.json
2021-04-04 18:39:30,882 - INFO - Writing log to overlap_65/PPO_TK/PPO_TK.log
2021-04-04 18:39:30,900 - INFO - References:
 - PPO_TK
2021-04-04 18:39:30,900 - INFO - Primary reference for coordinate system: PPO_TK
2021-04-04 18:39:30,900 - INFO - Considering primers from all references
2021-04-04 18:39:36,383 - INFO - All done! Scheme created with 8 regions, 2 gaps, 75.5% coverage
2021-04-04 18:39:36,383 - INFO - Writing overlap_65/PPO_TK/PPO_TK.primer.bed
2021-04-04 18:39:36,386 - INFO - Writing overlap_65/PPO_TK/PPO_TK.insert.bed
2021-04-04 18:39:36,388 - INFO - Writing overlap_65/PPO_TK/PPO_TK.primer.tsv
2021-04-04 18:39:36,391 - INFO - Writing overlap_65/PPO_TK/PPO_TK.reference.fasta
2021-04-04 18:39:36,398 - INFO - Writing overlap_65/PPO_TK/PPO_TK.plot.pdf
2021-04-04 18:39:36,398 - INFO - Writing overlap_65/PPO_TK/PPO_TK.plot.svg
2021-04-04 18:39:36,426 - INFO - Writing overlap_65/PPO_TK/PPO_TK.report.json
