2021-04-03 11:46:40,736 - INFO - Writing log to overlap_85/SQE1_TK/SQE1_TK.log
2021-04-03 11:46:40,742 - INFO - References:
 - SQE1_TK
2021-04-03 11:46:40,743 - INFO - Primary reference for coordinate system: SQE1_TK
2021-04-03 11:46:40,743 - INFO - Considering primers from all references
2021-04-03 11:46:49,848 - INFO - All done! Scheme created with 14 regions, 3 gaps, 81.17% coverage
2021-04-03 11:46:49,848 - INFO - Writing overlap_85/SQE1_TK/SQE1_TK.primer.bed
2021-04-03 11:46:49,849 - INFO - Writing overlap_85/SQE1_TK/SQE1_TK.insert.bed
2021-04-03 11:46:49,850 - INFO - Writing overlap_85/SQE1_TK/SQE1_TK.primer.tsv
2021-04-03 11:46:49,851 - INFO - Writing overlap_85/SQE1_TK/SQE1_TK.reference.fasta
2021-04-03 11:46:49,858 - INFO - Writing overlap_85/SQE1_TK/SQE1_TK.plot.pdf
2021-04-03 11:46:49,858 - INFO - Writing overlap_85/SQE1_TK/SQE1_TK.plot.svg
2021-04-03 11:46:49,889 - INFO - Writing overlap_85/SQE1_TK/SQE1_TK.report.json
2021-04-04 19:40:10,975 - INFO - Writing log to overlap_85/SQE1_TK/SQE1_TK.log
2021-04-04 19:40:10,992 - INFO - References:
 - SQE1_TK
2021-04-04 19:40:10,992 - INFO - Primary reference for coordinate system: SQE1_TK
2021-04-04 19:40:10,992 - INFO - Considering primers from all references
2021-04-04 19:40:21,060 - INFO - All done! Scheme created with 14 regions, 3 gaps, 81.17% coverage
2021-04-04 19:40:21,060 - INFO - Writing overlap_85/SQE1_TK/SQE1_TK.primer.bed
2021-04-04 19:40:21,063 - INFO - Writing overlap_85/SQE1_TK/SQE1_TK.insert.bed
2021-04-04 19:40:21,066 - INFO - Writing overlap_85/SQE1_TK/SQE1_TK.primer.tsv
2021-04-04 19:40:21,069 - INFO - Writing overlap_85/SQE1_TK/SQE1_TK.reference.fasta
2021-04-04 19:40:21,079 - INFO - Writing overlap_85/SQE1_TK/SQE1_TK.plot.pdf
2021-04-04 19:40:21,079 - INFO - Writing overlap_85/SQE1_TK/SQE1_TK.plot.svg
2021-04-04 19:40:21,116 - INFO - Writing overlap_85/SQE1_TK/SQE1_TK.report.json
