2021-04-03 01:19:03,291 - INFO - Writing log to overlap_50/SYP124_TK/SYP124_TK.log
2021-04-03 01:19:03,300 - INFO - References:
 - SYP124_TK
2021-04-03 01:19:03,300 - INFO - Primary reference for coordinate system: SYP124_TK
2021-04-03 01:19:03,300 - INFO - Considering primers from all references
2021-04-03 01:19:06,306 - INFO - All done! Scheme created with 4 regions, 0 gaps, 62.41% coverage
2021-04-03 01:19:06,307 - INFO - Writing overlap_50/SYP124_TK/SYP124_TK.primer.bed
2021-04-03 01:19:06,308 - INFO - Writing overlap_50/SYP124_TK/SYP124_TK.insert.bed
2021-04-03 01:19:06,308 - INFO - Writing overlap_50/SYP124_TK/SYP124_TK.primer.tsv
2021-04-03 01:19:06,309 - INFO - Writing overlap_50/SYP124_TK/SYP124_TK.reference.fasta
2021-04-03 01:19:06,314 - INFO - Writing overlap_50/SYP124_TK/SYP124_TK.plot.pdf
2021-04-03 01:19:06,314 - INFO - Writing overlap_50/SYP124_TK/SYP124_TK.plot.svg
2021-04-03 01:19:06,371 - INFO - Writing overlap_50/SYP124_TK/SYP124_TK.report.json
2021-04-04 17:56:56,005 - INFO - Writing log to overlap_50/SYP124_TK/SYP124_TK.log
2021-04-04 17:56:56,027 - INFO - References:
 - SYP124_TK
2021-04-04 17:56:56,027 - INFO - Primary reference for coordinate system: SYP124_TK
2021-04-04 17:56:56,027 - INFO - Considering primers from all references
2021-04-04 17:56:58,705 - INFO - All done! Scheme created with 4 regions, 0 gaps, 62.41% coverage
2021-04-04 17:56:58,705 - INFO - Writing overlap_50/SYP124_TK/SYP124_TK.primer.bed
2021-04-04 17:56:58,708 - INFO - Writing overlap_50/SYP124_TK/SYP124_TK.insert.bed
2021-04-04 17:56:58,710 - INFO - Writing overlap_50/SYP124_TK/SYP124_TK.primer.tsv
2021-04-04 17:56:58,713 - INFO - Writing overlap_50/SYP124_TK/SYP124_TK.reference.fasta
2021-04-04 17:56:58,719 - INFO - Writing overlap_50/SYP124_TK/SYP124_TK.plot.pdf
2021-04-04 17:56:58,719 - INFO - Writing overlap_50/SYP124_TK/SYP124_TK.plot.svg
2021-04-04 17:56:58,761 - INFO - Writing overlap_50/SYP124_TK/SYP124_TK.report.json
