2021-04-03 00:35:26,285 - INFO - Writing log to overlap_40/cluster_CPT_TK/cluster_CPT_TK.log
2021-04-03 00:35:26,304 - INFO - References:
 - CPT1_1_TK
 - CPT3_TK
2021-04-03 00:35:26,304 - INFO - Primary reference for coordinate system: CPT1_1_TK
2021-04-03 00:35:26,304 - INFO - Considering primers from all references
2021-04-03 00:35:26,308 - INFO - Excluding reference CPT3_TK: unable to align.
2021-04-03 00:35:29,340 - INFO - All done! Scheme created with 4 regions, 1 gap, 57.98% coverage
2021-04-03 00:35:29,341 - INFO - Writing overlap_40/cluster_CPT_TK/cluster_CPT_TK.primer.bed
2021-04-03 00:35:29,342 - INFO - Writing overlap_40/cluster_CPT_TK/cluster_CPT_TK.insert.bed
2021-04-03 00:35:29,343 - INFO - Writing overlap_40/cluster_CPT_TK/cluster_CPT_TK.primer.tsv
2021-04-03 00:35:29,343 - INFO - Writing overlap_40/cluster_CPT_TK/cluster_CPT_TK.reference.fasta
2021-04-03 00:35:29,348 - INFO - Writing overlap_40/cluster_CPT_TK/cluster_CPT_TK.plot.pdf
2021-04-03 00:35:29,348 - INFO - Writing overlap_40/cluster_CPT_TK/cluster_CPT_TK.plot.svg
2021-04-03 00:35:29,402 - INFO - Writing overlap_40/cluster_CPT_TK/cluster_CPT_TK.report.json
2021-04-04 17:17:23,590 - INFO - Writing log to overlap_40/cluster_CPT_TK/cluster_CPT_TK.log
2021-04-04 17:17:23,615 - INFO - References:
 - CPT1_1_TK
 - CPT3_TK
2021-04-04 17:17:23,615 - INFO - Primary reference for coordinate system: CPT1_1_TK
2021-04-04 17:17:23,615 - INFO - Considering primers from all references
2021-04-04 17:17:23,618 - INFO - Excluding reference CPT3_TK: unable to align.
2021-04-04 17:17:26,352 - INFO - All done! Scheme created with 4 regions, 1 gap, 57.98% coverage
2021-04-04 17:17:26,352 - INFO - Writing overlap_40/cluster_CPT_TK/cluster_CPT_TK.primer.bed
2021-04-04 17:17:26,356 - INFO - Writing overlap_40/cluster_CPT_TK/cluster_CPT_TK.insert.bed
2021-04-04 17:17:26,359 - INFO - Writing overlap_40/cluster_CPT_TK/cluster_CPT_TK.primer.tsv
2021-04-04 17:17:26,362 - INFO - Writing overlap_40/cluster_CPT_TK/cluster_CPT_TK.reference.fasta
2021-04-04 17:17:26,369 - INFO - Writing overlap_40/cluster_CPT_TK/cluster_CPT_TK.plot.pdf
2021-04-04 17:17:26,369 - INFO - Writing overlap_40/cluster_CPT_TK/cluster_CPT_TK.plot.svg
2021-04-04 17:17:26,410 - INFO - Writing overlap_40/cluster_CPT_TK/cluster_CPT_TK.report.json
