2021-04-03 11:34:43,026 - INFO - Writing log to overlap_80/TCTP2_TK/TCTP2_TK.log
2021-04-03 11:34:43,031 - INFO - References:
 - TCTP2_TK
2021-04-03 11:34:43,031 - INFO - Primary reference for coordinate system: TCTP2_TK
2021-04-03 11:34:43,031 - INFO - Considering primers from all references
2021-04-03 11:34:44,922 - INFO - All done! Scheme created with 3 regions, 1 gap, 58.99% coverage
2021-04-03 11:34:44,922 - INFO - Writing overlap_80/TCTP2_TK/TCTP2_TK.primer.bed
2021-04-03 11:34:44,923 - INFO - Writing overlap_80/TCTP2_TK/TCTP2_TK.insert.bed
2021-04-03 11:34:44,924 - INFO - Writing overlap_80/TCTP2_TK/TCTP2_TK.primer.tsv
2021-04-03 11:34:44,925 - INFO - Writing overlap_80/TCTP2_TK/TCTP2_TK.reference.fasta
2021-04-03 11:34:44,928 - INFO - Writing overlap_80/TCTP2_TK/TCTP2_TK.plot.pdf
2021-04-03 11:34:44,928 - INFO - Writing overlap_80/TCTP2_TK/TCTP2_TK.plot.svg
2021-04-03 11:34:44,941 - INFO - Writing overlap_80/TCTP2_TK/TCTP2_TK.report.json
2021-04-04 19:26:51,164 - INFO - Writing log to overlap_80/TCTP2_TK/TCTP2_TK.log
2021-04-04 19:26:51,181 - INFO - References:
 - TCTP2_TK
2021-04-04 19:26:51,181 - INFO - Primary reference for coordinate system: TCTP2_TK
2021-04-04 19:26:51,181 - INFO - Considering primers from all references
2021-04-04 19:26:53,307 - INFO - All done! Scheme created with 3 regions, 1 gap, 58.99% coverage
2021-04-04 19:26:53,307 - INFO - Writing overlap_80/TCTP2_TK/TCTP2_TK.primer.bed
2021-04-04 19:26:53,310 - INFO - Writing overlap_80/TCTP2_TK/TCTP2_TK.insert.bed
2021-04-04 19:26:53,312 - INFO - Writing overlap_80/TCTP2_TK/TCTP2_TK.primer.tsv
2021-04-04 19:26:53,315 - INFO - Writing overlap_80/TCTP2_TK/TCTP2_TK.reference.fasta
2021-04-04 19:26:53,320 - INFO - Writing overlap_80/TCTP2_TK/TCTP2_TK.plot.pdf
2021-04-04 19:26:53,320 - INFO - Writing overlap_80/TCTP2_TK/TCTP2_TK.plot.svg
2021-04-04 19:26:53,339 - INFO - Writing overlap_80/TCTP2_TK/TCTP2_TK.report.json
