2021-04-03 01:55:11,976 - INFO - Writing log to overlap_65/3H3MCR1_TK/3H3MCR1_TK.log
2021-04-03 01:55:11,985 - INFO - References:
 - 3H3MCR1_TK
2021-04-03 01:55:11,985 - INFO - Primary reference for coordinate system: 3H3MCR1_TK
2021-04-03 01:55:11,985 - INFO - Considering primers from all references
2021-04-03 01:55:18,065 - INFO - All done! Scheme created with 8 regions, 1 gap, 83.29% coverage
2021-04-03 01:55:18,065 - INFO - Writing overlap_65/3H3MCR1_TK/3H3MCR1_TK.primer.bed
2021-04-03 01:55:18,067 - INFO - Writing overlap_65/3H3MCR1_TK/3H3MCR1_TK.insert.bed
2021-04-03 01:55:18,067 - INFO - Writing overlap_65/3H3MCR1_TK/3H3MCR1_TK.primer.tsv
2021-04-03 01:55:18,068 - INFO - Writing overlap_65/3H3MCR1_TK/3H3MCR1_TK.reference.fasta
2021-04-03 01:55:18,075 - INFO - Writing overlap_65/3H3MCR1_TK/3H3MCR1_TK.plot.pdf
2021-04-03 01:55:18,075 - INFO - Writing overlap_65/3H3MCR1_TK/3H3MCR1_TK.plot.svg
2021-04-03 01:55:18,101 - INFO - Writing overlap_65/3H3MCR1_TK/3H3MCR1_TK.report.json
2021-04-04 18:29:20,805 - INFO - Writing log to overlap_65/3H3MCR1_TK/3H3MCR1_TK.log
2021-04-04 18:29:20,836 - INFO - References:
 - 3H3MCR1_TK
2021-04-04 18:29:20,837 - INFO - Primary reference for coordinate system: 3H3MCR1_TK
2021-04-04 18:29:20,837 - INFO - Considering primers from all references
2021-04-04 18:29:26,383 - INFO - All done! Scheme created with 8 regions, 1 gap, 83.29% coverage
2021-04-04 18:29:26,384 - INFO - Writing overlap_65/3H3MCR1_TK/3H3MCR1_TK.primer.bed
2021-04-04 18:29:26,387 - INFO - Writing overlap_65/3H3MCR1_TK/3H3MCR1_TK.insert.bed
2021-04-04 18:29:26,390 - INFO - Writing overlap_65/3H3MCR1_TK/3H3MCR1_TK.primer.tsv
2021-04-04 18:29:26,393 - INFO - Writing overlap_65/3H3MCR1_TK/3H3MCR1_TK.reference.fasta
2021-04-04 18:29:26,400 - INFO - Writing overlap_65/3H3MCR1_TK/3H3MCR1_TK.plot.pdf
2021-04-04 18:29:26,400 - INFO - Writing overlap_65/3H3MCR1_TK/3H3MCR1_TK.plot.svg
2021-04-04 18:29:26,426 - INFO - Writing overlap_65/3H3MCR1_TK/3H3MCR1_TK.report.json
