2021-04-03 01:20:24,535 - INFO - Writing log to overlap_55/1DDX5PS3_TK/1DDX5PS3_TK.log
2021-04-03 01:20:24,544 - INFO - References:
 - 1DDX5PS3_TK
2021-04-03 01:20:24,544 - INFO - Primary reference for coordinate system: 1DDX5PS3_TK
2021-04-03 01:20:24,544 - INFO - Considering primers from all references
2021-04-03 01:20:35,572 - INFO - All done! Scheme created with 14 regions, 6 gaps, 72.99% coverage
2021-04-03 01:20:35,572 - INFO - Writing overlap_55/1DDX5PS3_TK/1DDX5PS3_TK.primer.bed
2021-04-03 01:20:35,573 - INFO - Writing overlap_55/1DDX5PS3_TK/1DDX5PS3_TK.insert.bed
2021-04-03 01:20:35,574 - INFO - Writing overlap_55/1DDX5PS3_TK/1DDX5PS3_TK.primer.tsv
2021-04-03 01:20:35,575 - INFO - Writing overlap_55/1DDX5PS3_TK/1DDX5PS3_TK.reference.fasta
2021-04-03 01:20:35,585 - INFO - Writing overlap_55/1DDX5PS3_TK/1DDX5PS3_TK.plot.pdf
2021-04-03 01:20:35,585 - INFO - Writing overlap_55/1DDX5PS3_TK/1DDX5PS3_TK.plot.svg
2021-04-03 01:20:35,624 - INFO - Writing overlap_55/1DDX5PS3_TK/1DDX5PS3_TK.report.json
2021-04-04 17:58:07,625 - INFO - Writing log to overlap_55/1DDX5PS3_TK/1DDX5PS3_TK.log
2021-04-04 17:58:07,638 - INFO - References:
 - 1DDX5PS3_TK
2021-04-04 17:58:07,638 - INFO - Primary reference for coordinate system: 1DDX5PS3_TK
2021-04-04 17:58:07,638 - INFO - Considering primers from all references
2021-04-04 17:58:17,559 - INFO - All done! Scheme created with 14 regions, 6 gaps, 72.99% coverage
2021-04-04 17:58:17,559 - INFO - Writing overlap_55/1DDX5PS3_TK/1DDX5PS3_TK.primer.bed
2021-04-04 17:58:17,562 - INFO - Writing overlap_55/1DDX5PS3_TK/1DDX5PS3_TK.insert.bed
2021-04-04 17:58:17,564 - INFO - Writing overlap_55/1DDX5PS3_TK/1DDX5PS3_TK.primer.tsv
2021-04-04 17:58:17,566 - INFO - Writing overlap_55/1DDX5PS3_TK/1DDX5PS3_TK.reference.fasta
2021-04-04 17:58:17,576 - INFO - Writing overlap_55/1DDX5PS3_TK/1DDX5PS3_TK.plot.pdf
2021-04-04 17:58:17,577 - INFO - Writing overlap_55/1DDX5PS3_TK/1DDX5PS3_TK.plot.svg
2021-04-04 17:58:17,614 - INFO - Writing overlap_55/1DDX5PS3_TK/1DDX5PS3_TK.report.json
