2021-04-03 00:33:01,403 - INFO - Writing log to overlap_40/4H3M2EDPR2_TK/4H3M2EDPR2_TK.log
2021-04-03 00:33:01,424 - INFO - References:
 - 4H3M2EDPR2_TK
2021-04-03 00:33:01,424 - INFO - Primary reference for coordinate system: 4H3M2EDPR2_TK
2021-04-03 00:33:01,424 - INFO - Considering primers from all references
2021-04-03 00:33:04,626 - INFO - All done! Scheme created with 4 regions, 1 gap, 57.8% coverage
2021-04-03 00:33:04,626 - INFO - Writing overlap_40/4H3M2EDPR2_TK/4H3M2EDPR2_TK.primer.bed
2021-04-03 00:33:04,627 - INFO - Writing overlap_40/4H3M2EDPR2_TK/4H3M2EDPR2_TK.insert.bed
2021-04-03 00:33:04,628 - INFO - Writing overlap_40/4H3M2EDPR2_TK/4H3M2EDPR2_TK.primer.tsv
2021-04-03 00:33:04,628 - INFO - Writing overlap_40/4H3M2EDPR2_TK/4H3M2EDPR2_TK.reference.fasta
2021-04-03 00:33:04,633 - INFO - Writing overlap_40/4H3M2EDPR2_TK/4H3M2EDPR2_TK.plot.pdf
2021-04-03 00:33:04,633 - INFO - Writing overlap_40/4H3M2EDPR2_TK/4H3M2EDPR2_TK.plot.svg
2021-04-03 00:33:04,681 - INFO - Writing overlap_40/4H3M2EDPR2_TK/4H3M2EDPR2_TK.report.json
2021-04-04 17:15:14,582 - INFO - Writing log to overlap_40/4H3M2EDPR2_TK/4H3M2EDPR2_TK.log
2021-04-04 17:15:14,612 - INFO - References:
 - 4H3M2EDPR2_TK
2021-04-04 17:15:14,612 - INFO - Primary reference for coordinate system: 4H3M2EDPR2_TK
2021-04-04 17:15:14,612 - INFO - Considering primers from all references
2021-04-04 17:15:17,548 - INFO - All done! Scheme created with 4 regions, 1 gap, 57.8% coverage
2021-04-04 17:15:17,548 - INFO - Writing overlap_40/4H3M2EDPR2_TK/4H3M2EDPR2_TK.primer.bed
2021-04-04 17:15:17,552 - INFO - Writing overlap_40/4H3M2EDPR2_TK/4H3M2EDPR2_TK.insert.bed
2021-04-04 17:15:17,555 - INFO - Writing overlap_40/4H3M2EDPR2_TK/4H3M2EDPR2_TK.primer.tsv
2021-04-04 17:15:17,558 - INFO - Writing overlap_40/4H3M2EDPR2_TK/4H3M2EDPR2_TK.reference.fasta
2021-04-04 17:15:17,564 - INFO - Writing overlap_40/4H3M2EDPR2_TK/4H3M2EDPR2_TK.plot.pdf
2021-04-04 17:15:17,564 - INFO - Writing overlap_40/4H3M2EDPR2_TK/4H3M2EDPR2_TK.plot.svg
2021-04-04 17:15:17,603 - INFO - Writing overlap_40/4H3M2EDPR2_TK/4H3M2EDPR2_TK.report.json
