2021-04-03 11:13:27,282 - INFO - Writing log to overlap_75/DHDDS_TK/DHDDS_TK.log
2021-04-03 11:13:27,287 - INFO - References:
 - DHDDS_TK
2021-04-03 11:13:27,287 - INFO - Primary reference for coordinate system: DHDDS_TK
2021-04-03 11:13:27,287 - INFO - Considering primers from all references
2021-04-03 11:13:29,757 - INFO - All done! Scheme created with 4 regions, 1 gap, 69.65% coverage
2021-04-03 11:13:29,757 - INFO - Writing overlap_75/DHDDS_TK/DHDDS_TK.primer.bed
2021-04-03 11:13:29,758 - INFO - Writing overlap_75/DHDDS_TK/DHDDS_TK.insert.bed
2021-04-03 11:13:29,758 - INFO - Writing overlap_75/DHDDS_TK/DHDDS_TK.primer.tsv
2021-04-03 11:13:29,759 - INFO - Writing overlap_75/DHDDS_TK/DHDDS_TK.reference.fasta
2021-04-03 11:13:29,762 - INFO - Writing overlap_75/DHDDS_TK/DHDDS_TK.plot.pdf
2021-04-03 11:13:29,762 - INFO - Writing overlap_75/DHDDS_TK/DHDDS_TK.plot.svg
2021-04-03 11:13:29,794 - INFO - Writing overlap_75/DHDDS_TK/DHDDS_TK.report.json
2021-04-04 19:03:12,317 - INFO - Writing log to overlap_75/DHDDS_TK/DHDDS_TK.log
2021-04-04 19:03:12,359 - INFO - References:
 - DHDDS_TK
2021-04-04 19:03:12,359 - INFO - Primary reference for coordinate system: DHDDS_TK
2021-04-04 19:03:12,359 - INFO - Considering primers from all references
2021-04-04 19:03:15,130 - INFO - All done! Scheme created with 4 regions, 1 gap, 69.65% coverage
2021-04-04 19:03:15,130 - INFO - Writing overlap_75/DHDDS_TK/DHDDS_TK.primer.bed
2021-04-04 19:03:15,133 - INFO - Writing overlap_75/DHDDS_TK/DHDDS_TK.insert.bed
2021-04-04 19:03:15,135 - INFO - Writing overlap_75/DHDDS_TK/DHDDS_TK.primer.tsv
2021-04-04 19:03:15,137 - INFO - Writing overlap_75/DHDDS_TK/DHDDS_TK.reference.fasta
2021-04-04 19:03:15,142 - INFO - Writing overlap_75/DHDDS_TK/DHDDS_TK.plot.pdf
2021-04-04 19:03:15,142 - INFO - Writing overlap_75/DHDDS_TK/DHDDS_TK.plot.svg
2021-04-04 19:03:15,183 - INFO - Writing overlap_75/DHDDS_TK/DHDDS_TK.report.json
