2021-04-03 00:43:15,876 - INFO - Writing log to overlap_40/PPO_TK/PPO_TK.log
2021-04-03 00:43:15,898 - INFO - References:
 - PPO_TK
2021-04-03 00:43:15,899 - INFO - Primary reference for coordinate system: PPO_TK
2021-04-03 00:43:15,899 - INFO - Considering primers from all references
2021-04-03 00:43:21,848 - INFO - All done! Scheme created with 8 regions, 2 gaps, 75.5% coverage
2021-04-03 00:43:21,849 - INFO - Writing overlap_40/PPO_TK/PPO_TK.primer.bed
2021-04-03 00:43:21,850 - INFO - Writing overlap_40/PPO_TK/PPO_TK.insert.bed
2021-04-03 00:43:21,851 - INFO - Writing overlap_40/PPO_TK/PPO_TK.primer.tsv
2021-04-03 00:43:21,852 - INFO - Writing overlap_40/PPO_TK/PPO_TK.reference.fasta
2021-04-03 00:43:21,859 - INFO - Writing overlap_40/PPO_TK/PPO_TK.plot.pdf
2021-04-03 00:43:21,859 - INFO - Writing overlap_40/PPO_TK/PPO_TK.plot.svg
2021-04-03 00:43:21,886 - INFO - Writing overlap_40/PPO_TK/PPO_TK.report.json
2021-04-04 17:24:30,700 - INFO - Writing log to overlap_40/PPO_TK/PPO_TK.log
2021-04-04 17:24:30,738 - INFO - References:
 - PPO_TK
2021-04-04 17:24:30,739 - INFO - Primary reference for coordinate system: PPO_TK
2021-04-04 17:24:30,739 - INFO - Considering primers from all references
2021-04-04 17:24:36,280 - INFO - All done! Scheme created with 8 regions, 2 gaps, 75.5% coverage
2021-04-04 17:24:36,281 - INFO - Writing overlap_40/PPO_TK/PPO_TK.primer.bed
2021-04-04 17:24:36,284 - INFO - Writing overlap_40/PPO_TK/PPO_TK.insert.bed
2021-04-04 17:24:36,287 - INFO - Writing overlap_40/PPO_TK/PPO_TK.primer.tsv
2021-04-04 17:24:36,291 - INFO - Writing overlap_40/PPO_TK/PPO_TK.reference.fasta
2021-04-04 17:24:36,300 - INFO - Writing overlap_40/PPO_TK/PPO_TK.plot.pdf
2021-04-04 17:24:36,300 - INFO - Writing overlap_40/PPO_TK/PPO_TK.plot.svg
2021-04-04 17:24:36,328 - INFO - Writing overlap_40/PPO_TK/PPO_TK.report.json
