2021-04-03 11:32:37,159 - INFO - Writing log to overlap_80/PTRP1_TK/PTRP1_TK.log
2021-04-03 11:32:37,165 - INFO - References:
 - PTRP1_TK
2021-04-03 11:32:37,165 - INFO - Primary reference for coordinate system: PTRP1_TK
2021-04-03 11:32:37,165 - INFO - Considering primers from all references
2021-04-03 11:32:39,544 - INFO - All done! Scheme created with 4 regions, 1 gap, 59.62% coverage
2021-04-03 11:32:39,545 - INFO - Writing overlap_80/PTRP1_TK/PTRP1_TK.primer.bed
2021-04-03 11:32:39,545 - INFO - Writing overlap_80/PTRP1_TK/PTRP1_TK.insert.bed
2021-04-03 11:32:39,546 - INFO - Writing overlap_80/PTRP1_TK/PTRP1_TK.primer.tsv
2021-04-03 11:32:39,546 - INFO - Writing overlap_80/PTRP1_TK/PTRP1_TK.reference.fasta
2021-04-03 11:32:39,550 - INFO - Writing overlap_80/PTRP1_TK/PTRP1_TK.plot.pdf
2021-04-03 11:32:39,550 - INFO - Writing overlap_80/PTRP1_TK/PTRP1_TK.plot.svg
2021-04-03 11:32:39,580 - INFO - Writing overlap_80/PTRP1_TK/PTRP1_TK.report.json
2021-04-04 19:24:30,135 - INFO - Writing log to overlap_80/PTRP1_TK/PTRP1_TK.log
2021-04-04 19:24:30,160 - INFO - References:
 - PTRP1_TK
2021-04-04 19:24:30,160 - INFO - Primary reference for coordinate system: PTRP1_TK
2021-04-04 19:24:30,160 - INFO - Considering primers from all references
2021-04-04 19:24:32,805 - INFO - All done! Scheme created with 4 regions, 1 gap, 59.62% coverage
2021-04-04 19:24:32,805 - INFO - Writing overlap_80/PTRP1_TK/PTRP1_TK.primer.bed
2021-04-04 19:24:32,808 - INFO - Writing overlap_80/PTRP1_TK/PTRP1_TK.insert.bed
2021-04-04 19:24:32,810 - INFO - Writing overlap_80/PTRP1_TK/PTRP1_TK.primer.tsv
2021-04-04 19:24:32,813 - INFO - Writing overlap_80/PTRP1_TK/PTRP1_TK.reference.fasta
2021-04-04 19:24:32,819 - INFO - Writing overlap_80/PTRP1_TK/PTRP1_TK.plot.pdf
2021-04-04 19:24:32,819 - INFO - Writing overlap_80/PTRP1_TK/PTRP1_TK.plot.svg
2021-04-04 19:24:32,858 - INFO - Writing overlap_80/PTRP1_TK/PTRP1_TK.report.json
