2020-12-01 05:22:20,543 - INFO - Writing log to overlap_60/e4H3M2EDPS1_TK/e4H3M2EDPS1_TK.log
2020-12-01 05:22:20,549 - INFO - References:
 - e4H3M2EDPS1_TK
2020-12-01 05:22:20,549 - INFO - Primary reference for coordinate system: e4H3M2EDPS1_TK
2020-12-01 05:22:20,549 - INFO - Considering primers from all references
2020-12-01 05:22:22,321 - INFO - All done! Scheme created with 29 regions, 9 gaps, 85.13% coverage
2020-12-01 05:22:22,322 - INFO - Writing overlap_60/e4H3M2EDPS1_TK/e4H3M2EDPS1_TK.primer.bed
2020-12-01 05:22:22,323 - INFO - Writing overlap_60/e4H3M2EDPS1_TK/e4H3M2EDPS1_TK.insert.bed
2020-12-01 05:22:22,324 - INFO - Writing overlap_60/e4H3M2EDPS1_TK/e4H3M2EDPS1_TK.primer.tsv
2020-12-01 05:22:22,326 - INFO - Writing overlap_60/e4H3M2EDPS1_TK/e4H3M2EDPS1_TK.reference.fasta
2020-12-01 05:22:22,365 - INFO - Writing overlap_60/e4H3M2EDPS1_TK/e4H3M2EDPS1_TK.plot.pdf
2020-12-01 05:22:22,365 - INFO - Writing overlap_60/e4H3M2EDPS1_TK/e4H3M2EDPS1_TK.plot.svg
2020-12-01 05:22:22,409 - INFO - Writing overlap_60/e4H3M2EDPS1_TK/e4H3M2EDPS1_TK.report.json
2021-04-03 01:43:11,513 - INFO - Writing log to overlap_60/e4H3M2EDPS1_TK/e4H3M2EDPS1_TK.log
2021-04-03 01:43:11,538 - INFO - References:
 - e4H3M2EDPS1_TK
2021-04-03 01:43:11,538 - INFO - Primary reference for coordinate system: e4H3M2EDPS1_TK
2021-04-03 01:43:11,538 - INFO - Considering primers from all references
2021-04-03 01:43:24,442 - INFO - All done! Scheme created with 16 regions, 7 gaps, 80.63% coverage
2021-04-03 01:43:24,443 - INFO - Writing overlap_60/e4H3M2EDPS1_TK/e4H3M2EDPS1_TK.primer.bed
2021-04-03 01:43:24,447 - INFO - Writing overlap_60/e4H3M2EDPS1_TK/e4H3M2EDPS1_TK.insert.bed
2021-04-03 01:43:24,451 - INFO - Writing overlap_60/e4H3M2EDPS1_TK/e4H3M2EDPS1_TK.primer.tsv
2021-04-03 01:43:24,455 - INFO - Writing overlap_60/e4H3M2EDPS1_TK/e4H3M2EDPS1_TK.reference.fasta
2021-04-03 01:43:24,469 - INFO - Writing overlap_60/e4H3M2EDPS1_TK/e4H3M2EDPS1_TK.plot.pdf
2021-04-03 01:43:24,469 - INFO - Writing overlap_60/e4H3M2EDPS1_TK/e4H3M2EDPS1_TK.plot.svg
2021-04-03 01:43:24,516 - INFO - Writing overlap_60/e4H3M2EDPS1_TK/e4H3M2EDPS1_TK.report.json
2021-04-04 18:18:33,009 - INFO - Writing log to overlap_60/e4H3M2EDPS1_TK/e4H3M2EDPS1_TK.log
2021-04-04 18:18:33,032 - INFO - References:
 - e4H3M2EDPS1_TK
2021-04-04 18:18:33,032 - INFO - Primary reference for coordinate system: e4H3M2EDPS1_TK
2021-04-04 18:18:33,032 - INFO - Considering primers from all references
2021-04-04 18:18:44,645 - INFO - All done! Scheme created with 16 regions, 7 gaps, 80.63% coverage
2021-04-04 18:18:44,645 - INFO - Writing overlap_60/e4H3M2EDPS1_TK/e4H3M2EDPS1_TK.primer.bed
2021-04-04 18:18:44,648 - INFO - Writing overlap_60/e4H3M2EDPS1_TK/e4H3M2EDPS1_TK.insert.bed
2021-04-04 18:18:44,650 - INFO - Writing overlap_60/e4H3M2EDPS1_TK/e4H3M2EDPS1_TK.primer.tsv
2021-04-04 18:18:44,653 - INFO - Writing overlap_60/e4H3M2EDPS1_TK/e4H3M2EDPS1_TK.reference.fasta
2021-04-04 18:18:44,664 - INFO - Writing overlap_60/e4H3M2EDPS1_TK/e4H3M2EDPS1_TK.plot.pdf
2021-04-04 18:18:44,664 - INFO - Writing overlap_60/e4H3M2EDPS1_TK/e4H3M2EDPS1_TK.plot.svg
2021-04-04 18:18:44,703 - INFO - Writing overlap_60/e4H3M2EDPS1_TK/e4H3M2EDPS1_TK.report.json
