2021-04-03 01:20:07,205 - INFO - Writing log to overlap_55/1DDX5PS2_TK/1DDX5PS2_TK.log
2021-04-03 01:20:07,214 - INFO - References:
 - 1DDX5PS2_TK
2021-04-03 01:20:07,214 - INFO - Primary reference for coordinate system: 1DDX5PS2_TK
2021-04-03 01:20:07,214 - INFO - Considering primers from all references
2021-04-03 01:20:23,667 - INFO - All done! Scheme created with 20 regions, 9 gaps, 89.66% coverage
2021-04-03 01:20:23,667 - INFO - Writing overlap_55/1DDX5PS2_TK/1DDX5PS2_TK.primer.bed
2021-04-03 01:20:23,668 - INFO - Writing overlap_55/1DDX5PS2_TK/1DDX5PS2_TK.insert.bed
2021-04-03 01:20:23,670 - INFO - Writing overlap_55/1DDX5PS2_TK/1DDX5PS2_TK.primer.tsv
2021-04-03 01:20:23,673 - INFO - Writing overlap_55/1DDX5PS2_TK/1DDX5PS2_TK.reference.fasta
2021-04-03 01:20:23,688 - INFO - Writing overlap_55/1DDX5PS2_TK/1DDX5PS2_TK.plot.pdf
2021-04-03 01:20:23,688 - INFO - Writing overlap_55/1DDX5PS2_TK/1DDX5PS2_TK.plot.svg
2021-04-03 01:20:23,738 - INFO - Writing overlap_55/1DDX5PS2_TK/1DDX5PS2_TK.report.json
2021-04-04 17:57:52,257 - INFO - Writing log to overlap_55/1DDX5PS2_TK/1DDX5PS2_TK.log
2021-04-04 17:57:52,277 - INFO - References:
 - 1DDX5PS2_TK
2021-04-04 17:57:52,277 - INFO - Primary reference for coordinate system: 1DDX5PS2_TK
2021-04-04 17:57:52,277 - INFO - Considering primers from all references
2021-04-04 17:58:07,015 - INFO - All done! Scheme created with 20 regions, 9 gaps, 89.66% coverage
2021-04-04 17:58:07,015 - INFO - Writing overlap_55/1DDX5PS2_TK/1DDX5PS2_TK.primer.bed
2021-04-04 17:58:07,018 - INFO - Writing overlap_55/1DDX5PS2_TK/1DDX5PS2_TK.insert.bed
2021-04-04 17:58:07,021 - INFO - Writing overlap_55/1DDX5PS2_TK/1DDX5PS2_TK.primer.tsv
2021-04-04 17:58:07,023 - INFO - Writing overlap_55/1DDX5PS2_TK/1DDX5PS2_TK.reference.fasta
2021-04-04 17:58:07,035 - INFO - Writing overlap_55/1DDX5PS2_TK/1DDX5PS2_TK.plot.pdf
2021-04-04 17:58:07,036 - INFO - Writing overlap_55/1DDX5PS2_TK/1DDX5PS2_TK.plot.svg
2021-04-04 17:58:07,078 - INFO - Writing overlap_55/1DDX5PS2_TK/1DDX5PS2_TK.report.json
