2021-04-03 00:48:24,548 - INFO - Writing log to overlap_45/3H3MC1_TK/3H3MC1_TK.log
2021-04-03 00:48:24,579 - INFO - References:
 - 3H3MC1_TK
2021-04-03 00:48:24,579 - INFO - Primary reference for coordinate system: 3H3MC1_TK
2021-04-03 00:48:24,579 - INFO - Considering primers from all references
2021-04-03 00:48:30,518 - INFO - All done! Scheme created with 8 regions, 3 gaps, 78.69% coverage
2021-04-03 00:48:30,518 - INFO - Writing overlap_45/3H3MC1_TK/3H3MC1_TK.primer.bed
2021-04-03 00:48:30,520 - INFO - Writing overlap_45/3H3MC1_TK/3H3MC1_TK.insert.bed
2021-04-03 00:48:30,521 - INFO - Writing overlap_45/3H3MC1_TK/3H3MC1_TK.primer.tsv
2021-04-03 00:48:30,522 - INFO - Writing overlap_45/3H3MC1_TK/3H3MC1_TK.reference.fasta
2021-04-03 00:48:30,528 - INFO - Writing overlap_45/3H3MC1_TK/3H3MC1_TK.plot.pdf
2021-04-03 00:48:30,528 - INFO - Writing overlap_45/3H3MC1_TK/3H3MC1_TK.plot.svg
2021-04-03 00:48:30,554 - INFO - Writing overlap_45/3H3MC1_TK/3H3MC1_TK.report.json
2021-04-04 17:29:10,586 - INFO - Writing log to overlap_45/3H3MC1_TK/3H3MC1_TK.log
2021-04-04 17:29:10,602 - INFO - References:
 - 3H3MC1_TK
2021-04-04 17:29:10,602 - INFO - Primary reference for coordinate system: 3H3MC1_TK
2021-04-04 17:29:10,602 - INFO - Considering primers from all references
2021-04-04 17:29:16,024 - INFO - All done! Scheme created with 8 regions, 3 gaps, 78.69% coverage
2021-04-04 17:29:16,024 - INFO - Writing overlap_45/3H3MC1_TK/3H3MC1_TK.primer.bed
2021-04-04 17:29:16,030 - INFO - Writing overlap_45/3H3MC1_TK/3H3MC1_TK.insert.bed
2021-04-04 17:29:16,035 - INFO - Writing overlap_45/3H3MC1_TK/3H3MC1_TK.primer.tsv
2021-04-04 17:29:16,040 - INFO - Writing overlap_45/3H3MC1_TK/3H3MC1_TK.reference.fasta
2021-04-04 17:29:16,049 - INFO - Writing overlap_45/3H3MC1_TK/3H3MC1_TK.plot.pdf
2021-04-04 17:29:16,049 - INFO - Writing overlap_45/3H3MC1_TK/3H3MC1_TK.plot.svg
2021-04-04 17:29:16,079 - INFO - Writing overlap_45/3H3MC1_TK/3H3MC1_TK.report.json
