2021-04-03 00:44:13,809 - INFO - Writing log to overlap_40/SQE1_TK/SQE1_TK.log
2021-04-03 00:44:13,818 - INFO - References:
 - SQE1_TK
2021-04-03 00:44:13,818 - INFO - Primary reference for coordinate system: SQE1_TK
2021-04-03 00:44:13,818 - INFO - Considering primers from all references
2021-04-03 00:44:24,888 - INFO - All done! Scheme created with 14 regions, 3 gaps, 81.17% coverage
2021-04-03 00:44:24,888 - INFO - Writing overlap_40/SQE1_TK/SQE1_TK.primer.bed
2021-04-03 00:44:24,889 - INFO - Writing overlap_40/SQE1_TK/SQE1_TK.insert.bed
2021-04-03 00:44:24,890 - INFO - Writing overlap_40/SQE1_TK/SQE1_TK.primer.tsv
2021-04-03 00:44:24,892 - INFO - Writing overlap_40/SQE1_TK/SQE1_TK.reference.fasta
2021-04-03 00:44:24,901 - INFO - Writing overlap_40/SQE1_TK/SQE1_TK.plot.pdf
2021-04-03 00:44:24,901 - INFO - Writing overlap_40/SQE1_TK/SQE1_TK.plot.svg
2021-04-03 00:44:24,939 - INFO - Writing overlap_40/SQE1_TK/SQE1_TK.report.json
2021-04-04 17:25:23,691 - INFO - Writing log to overlap_40/SQE1_TK/SQE1_TK.log
2021-04-04 17:25:23,732 - INFO - References:
 - SQE1_TK
2021-04-04 17:25:23,732 - INFO - Primary reference for coordinate system: SQE1_TK
2021-04-04 17:25:23,732 - INFO - Considering primers from all references
2021-04-04 17:25:33,812 - INFO - All done! Scheme created with 14 regions, 3 gaps, 81.17% coverage
2021-04-04 17:25:33,812 - INFO - Writing overlap_40/SQE1_TK/SQE1_TK.primer.bed
2021-04-04 17:25:33,815 - INFO - Writing overlap_40/SQE1_TK/SQE1_TK.insert.bed
2021-04-04 17:25:33,819 - INFO - Writing overlap_40/SQE1_TK/SQE1_TK.primer.tsv
2021-04-04 17:25:33,822 - INFO - Writing overlap_40/SQE1_TK/SQE1_TK.reference.fasta
2021-04-04 17:25:33,833 - INFO - Writing overlap_40/SQE1_TK/SQE1_TK.plot.pdf
2021-04-04 17:25:33,833 - INFO - Writing overlap_40/SQE1_TK/SQE1_TK.plot.svg
2021-04-04 17:25:33,872 - INFO - Writing overlap_40/SQE1_TK/SQE1_TK.report.json
