2021-04-03 01:33:16,437 - INFO - Writing log to overlap_55/PTRP1_TK/PTRP1_TK.log
2021-04-03 01:33:16,446 - INFO - References:
 - PTRP1_TK
2021-04-03 01:33:16,446 - INFO - Primary reference for coordinate system: PTRP1_TK
2021-04-03 01:33:16,446 - INFO - Considering primers from all references
2021-04-03 01:33:19,340 - INFO - All done! Scheme created with 4 regions, 1 gap, 59.62% coverage
2021-04-03 01:33:19,341 - INFO - Writing overlap_55/PTRP1_TK/PTRP1_TK.primer.bed
2021-04-03 01:33:19,342 - INFO - Writing overlap_55/PTRP1_TK/PTRP1_TK.insert.bed
2021-04-03 01:33:19,343 - INFO - Writing overlap_55/PTRP1_TK/PTRP1_TK.primer.tsv
2021-04-03 01:33:19,343 - INFO - Writing overlap_55/PTRP1_TK/PTRP1_TK.reference.fasta
2021-04-03 01:33:19,348 - INFO - Writing overlap_55/PTRP1_TK/PTRP1_TK.plot.pdf
2021-04-03 01:33:19,348 - INFO - Writing overlap_55/PTRP1_TK/PTRP1_TK.plot.svg
2021-04-03 01:33:19,402 - INFO - Writing overlap_55/PTRP1_TK/PTRP1_TK.report.json
2021-04-04 18:09:39,063 - INFO - Writing log to overlap_55/PTRP1_TK/PTRP1_TK.log
2021-04-04 18:09:39,082 - INFO - References:
 - PTRP1_TK
2021-04-04 18:09:39,082 - INFO - Primary reference for coordinate system: PTRP1_TK
2021-04-04 18:09:39,082 - INFO - Considering primers from all references
2021-04-04 18:09:41,719 - INFO - All done! Scheme created with 4 regions, 1 gap, 59.62% coverage
2021-04-04 18:09:41,719 - INFO - Writing overlap_55/PTRP1_TK/PTRP1_TK.primer.bed
2021-04-04 18:09:41,722 - INFO - Writing overlap_55/PTRP1_TK/PTRP1_TK.insert.bed
2021-04-04 18:09:41,725 - INFO - Writing overlap_55/PTRP1_TK/PTRP1_TK.primer.tsv
2021-04-04 18:09:41,727 - INFO - Writing overlap_55/PTRP1_TK/PTRP1_TK.reference.fasta
2021-04-04 18:09:41,733 - INFO - Writing overlap_55/PTRP1_TK/PTRP1_TK.plot.pdf
2021-04-04 18:09:41,733 - INFO - Writing overlap_55/PTRP1_TK/PTRP1_TK.plot.svg
2021-04-04 18:09:41,772 - INFO - Writing overlap_55/PTRP1_TK/PTRP1_TK.report.json
