2021-04-03 01:21:47,490 - INFO - Writing log to overlap_55/3H3MCR1_TK/3H3MCR1_TK.log
2021-04-03 01:21:47,498 - INFO - References:
 - 3H3MCR1_TK
2021-04-03 01:21:47,499 - INFO - Primary reference for coordinate system: 3H3MCR1_TK
2021-04-03 01:21:47,499 - INFO - Considering primers from all references
2021-04-03 01:21:53,601 - INFO - All done! Scheme created with 8 regions, 1 gap, 83.29% coverage
2021-04-03 01:21:53,601 - INFO - Writing overlap_55/3H3MCR1_TK/3H3MCR1_TK.primer.bed
2021-04-03 01:21:53,602 - INFO - Writing overlap_55/3H3MCR1_TK/3H3MCR1_TK.insert.bed
2021-04-03 01:21:53,603 - INFO - Writing overlap_55/3H3MCR1_TK/3H3MCR1_TK.primer.tsv
2021-04-03 01:21:53,604 - INFO - Writing overlap_55/3H3MCR1_TK/3H3MCR1_TK.reference.fasta
2021-04-03 01:21:53,610 - INFO - Writing overlap_55/3H3MCR1_TK/3H3MCR1_TK.plot.pdf
2021-04-03 01:21:53,610 - INFO - Writing overlap_55/3H3MCR1_TK/3H3MCR1_TK.plot.svg
2021-04-03 01:21:53,636 - INFO - Writing overlap_55/3H3MCR1_TK/3H3MCR1_TK.report.json
2021-04-04 17:59:21,563 - INFO - Writing log to overlap_55/3H3MCR1_TK/3H3MCR1_TK.log
2021-04-04 17:59:21,587 - INFO - References:
 - 3H3MCR1_TK
2021-04-04 17:59:21,587 - INFO - Primary reference for coordinate system: 3H3MCR1_TK
2021-04-04 17:59:21,587 - INFO - Considering primers from all references
2021-04-04 17:59:27,081 - INFO - All done! Scheme created with 8 regions, 1 gap, 83.29% coverage
2021-04-04 17:59:27,081 - INFO - Writing overlap_55/3H3MCR1_TK/3H3MCR1_TK.primer.bed
2021-04-04 17:59:27,084 - INFO - Writing overlap_55/3H3MCR1_TK/3H3MCR1_TK.insert.bed
2021-04-04 17:59:27,086 - INFO - Writing overlap_55/3H3MCR1_TK/3H3MCR1_TK.primer.tsv
2021-04-04 17:59:27,089 - INFO - Writing overlap_55/3H3MCR1_TK/3H3MCR1_TK.reference.fasta
2021-04-04 17:59:27,096 - INFO - Writing overlap_55/3H3MCR1_TK/3H3MCR1_TK.plot.pdf
2021-04-04 17:59:27,096 - INFO - Writing overlap_55/3H3MCR1_TK/3H3MCR1_TK.plot.svg
2021-04-04 17:59:27,122 - INFO - Writing overlap_55/3H3MCR1_TK/3H3MCR1_TK.report.json
