2021-04-03 11:20:42,332 - INFO - Writing log to overlap_75/SQS2_TK/SQS2_TK.log
2021-04-03 11:20:42,354 - INFO - References:
 - SQS2_TK
2021-04-03 11:20:42,354 - INFO - Primary reference for coordinate system: SQS2_TK
2021-04-03 11:20:42,354 - INFO - Considering primers from all references
2021-04-03 11:20:51,538 - INFO - All done! Scheme created with 14 regions, 2 gaps, 88.8% coverage
2021-04-03 11:20:51,539 - INFO - Writing overlap_75/SQS2_TK/SQS2_TK.primer.bed
2021-04-03 11:20:51,540 - INFO - Writing overlap_75/SQS2_TK/SQS2_TK.insert.bed
2021-04-03 11:20:51,540 - INFO - Writing overlap_75/SQS2_TK/SQS2_TK.primer.tsv
2021-04-03 11:20:51,541 - INFO - Writing overlap_75/SQS2_TK/SQS2_TK.reference.fasta
2021-04-03 11:20:51,548 - INFO - Writing overlap_75/SQS2_TK/SQS2_TK.plot.pdf
2021-04-03 11:20:51,548 - INFO - Writing overlap_75/SQS2_TK/SQS2_TK.plot.svg
2021-04-03 11:20:51,577 - INFO - Writing overlap_75/SQS2_TK/SQS2_TK.report.json
2021-04-04 19:11:15,541 - INFO - Writing log to overlap_75/SQS2_TK/SQS2_TK.log
2021-04-04 19:11:15,580 - INFO - References:
 - SQS2_TK
2021-04-04 19:11:15,581 - INFO - Primary reference for coordinate system: SQS2_TK
2021-04-04 19:11:15,581 - INFO - Considering primers from all references
2021-04-04 19:11:25,789 - INFO - All done! Scheme created with 14 regions, 2 gaps, 88.8% coverage
2021-04-04 19:11:25,789 - INFO - Writing overlap_75/SQS2_TK/SQS2_TK.primer.bed
2021-04-04 19:11:25,792 - INFO - Writing overlap_75/SQS2_TK/SQS2_TK.insert.bed
2021-04-04 19:11:25,795 - INFO - Writing overlap_75/SQS2_TK/SQS2_TK.primer.tsv
2021-04-04 19:11:25,797 - INFO - Writing overlap_75/SQS2_TK/SQS2_TK.reference.fasta
2021-04-04 19:11:25,806 - INFO - Writing overlap_75/SQS2_TK/SQS2_TK.plot.pdf
2021-04-04 19:11:25,806 - INFO - Writing overlap_75/SQS2_TK/SQS2_TK.plot.svg
2021-04-04 19:11:25,843 - INFO - Writing overlap_75/SQS2_TK/SQS2_TK.report.json
