2021-04-03 01:52:21,459 - INFO - Writing log to overlap_60/SRRP1_TK/SRRP1_TK.log
2021-04-03 01:52:21,467 - INFO - References:
 - SRRP1_TK
2021-04-03 01:52:21,468 - INFO - Primary reference for coordinate system: SRRP1_TK
2021-04-03 01:52:21,468 - INFO - Considering primers from all references
2021-04-03 01:52:22,982 - INFO - All done! Scheme created with 2 regions, 0 gaps, 65.22% coverage
2021-04-03 01:52:22,983 - INFO - Writing overlap_60/SRRP1_TK/SRRP1_TK.primer.bed
2021-04-03 01:52:22,984 - INFO - Writing overlap_60/SRRP1_TK/SRRP1_TK.insert.bed
2021-04-03 01:52:22,984 - INFO - Writing overlap_60/SRRP1_TK/SRRP1_TK.primer.tsv
2021-04-03 01:52:22,985 - INFO - Writing overlap_60/SRRP1_TK/SRRP1_TK.reference.fasta
2021-04-03 01:52:22,989 - INFO - Writing overlap_60/SRRP1_TK/SRRP1_TK.plot.pdf
2021-04-03 01:52:22,989 - INFO - Writing overlap_60/SRRP1_TK/SRRP1_TK.plot.svg
2021-04-03 01:52:23,004 - INFO - Writing overlap_60/SRRP1_TK/SRRP1_TK.report.json
2021-04-04 18:26:46,966 - INFO - Writing log to overlap_60/SRRP1_TK/SRRP1_TK.log
2021-04-04 18:26:46,986 - INFO - References:
 - SRRP1_TK
2021-04-04 18:26:46,986 - INFO - Primary reference for coordinate system: SRRP1_TK
2021-04-04 18:26:46,986 - INFO - Considering primers from all references
2021-04-04 18:26:48,382 - INFO - All done! Scheme created with 2 regions, 0 gaps, 65.22% coverage
2021-04-04 18:26:48,383 - INFO - Writing overlap_60/SRRP1_TK/SRRP1_TK.primer.bed
2021-04-04 18:26:48,385 - INFO - Writing overlap_60/SRRP1_TK/SRRP1_TK.insert.bed
2021-04-04 18:26:48,388 - INFO - Writing overlap_60/SRRP1_TK/SRRP1_TK.primer.tsv
2021-04-04 18:26:48,390 - INFO - Writing overlap_60/SRRP1_TK/SRRP1_TK.reference.fasta
2021-04-04 18:26:48,394 - INFO - Writing overlap_60/SRRP1_TK/SRRP1_TK.plot.pdf
2021-04-04 18:26:48,395 - INFO - Writing overlap_60/SRRP1_TK/SRRP1_TK.plot.svg
2021-04-04 18:26:48,411 - INFO - Writing overlap_60/SRRP1_TK/SRRP1_TK.report.json
