2020-12-01 05:21:53,411 - INFO - Writing log to overlap_60/DOG_1_TK/DOG_1_TK.log
2020-12-01 05:21:53,416 - INFO - References:
 - DOG_1_TK
2020-12-01 05:21:53,416 - INFO - Primary reference for coordinate system: DOG_1_TK
2020-12-01 05:21:53,416 - INFO - Considering primers from all references
2020-12-01 05:21:54,047 - INFO - All done! Scheme created with 10 regions, 4 gaps, 64.54% coverage
2020-12-01 05:21:54,047 - INFO - Writing overlap_60/DOG_1_TK/DOG_1_TK.primer.bed
2020-12-01 05:21:54,048 - INFO - Writing overlap_60/DOG_1_TK/DOG_1_TK.insert.bed
2020-12-01 05:21:54,049 - INFO - Writing overlap_60/DOG_1_TK/DOG_1_TK.primer.tsv
2020-12-01 05:21:54,050 - INFO - Writing overlap_60/DOG_1_TK/DOG_1_TK.reference.fasta
2020-12-01 05:21:54,055 - INFO - Writing overlap_60/DOG_1_TK/DOG_1_TK.plot.pdf
2020-12-01 05:21:54,055 - INFO - Writing overlap_60/DOG_1_TK/DOG_1_TK.plot.svg
2020-12-01 05:21:54,074 - INFO - Writing overlap_60/DOG_1_TK/DOG_1_TK.report.json
2021-04-03 01:43:02,093 - INFO - Writing log to overlap_60/DOG_1_TK/DOG_1_TK.log
2021-04-03 01:43:02,112 - INFO - References:
 - DOG_1_TK
2021-04-03 01:43:02,113 - INFO - Primary reference for coordinate system: DOG_1_TK
2021-04-03 01:43:02,113 - INFO - Considering primers from all references
2021-04-03 01:43:06,619 - INFO - All done! Scheme created with 6 regions, 2 gaps, 81.91% coverage
2021-04-03 01:43:06,619 - INFO - Writing overlap_60/DOG_1_TK/DOG_1_TK.primer.bed
2021-04-03 01:43:06,624 - INFO - Writing overlap_60/DOG_1_TK/DOG_1_TK.insert.bed
2021-04-03 01:43:06,628 - INFO - Writing overlap_60/DOG_1_TK/DOG_1_TK.primer.tsv
2021-04-03 01:43:06,632 - INFO - Writing overlap_60/DOG_1_TK/DOG_1_TK.reference.fasta
2021-04-03 01:43:06,639 - INFO - Writing overlap_60/DOG_1_TK/DOG_1_TK.plot.pdf
2021-04-03 01:43:06,640 - INFO - Writing overlap_60/DOG_1_TK/DOG_1_TK.plot.svg
2021-04-03 01:43:06,668 - INFO - Writing overlap_60/DOG_1_TK/DOG_1_TK.report.json
