2021-04-03 11:37:18,689 - INFO - Writing log to overlap_85/4C5DP2CMDEK1_TK/4C5DP2CMDEK1_TK.log
2021-04-03 11:37:18,694 - INFO - References:
 - 4C5DP2CMDEK1_TK
2021-04-03 11:37:18,694 - INFO - Primary reference for coordinate system: 4C5DP2CMDEK1_TK
2021-04-03 11:37:18,694 - INFO - Considering primers from all references
2021-04-03 11:37:27,138 - INFO - All done! Scheme created with 13 regions, 4 gaps, 86.11% coverage
2021-04-03 11:37:27,138 - INFO - Writing overlap_85/4C5DP2CMDEK1_TK/4C5DP2CMDEK1_TK.primer.bed
2021-04-03 11:37:27,140 - INFO - Writing overlap_85/4C5DP2CMDEK1_TK/4C5DP2CMDEK1_TK.insert.bed
2021-04-03 11:37:27,141 - INFO - Writing overlap_85/4C5DP2CMDEK1_TK/4C5DP2CMDEK1_TK.primer.tsv
2021-04-03 11:37:27,142 - INFO - Writing overlap_85/4C5DP2CMDEK1_TK/4C5DP2CMDEK1_TK.reference.fasta
2021-04-03 11:37:27,149 - INFO - Writing overlap_85/4C5DP2CMDEK1_TK/4C5DP2CMDEK1_TK.plot.pdf
2021-04-03 11:37:27,149 - INFO - Writing overlap_85/4C5DP2CMDEK1_TK/4C5DP2CMDEK1_TK.plot.svg
2021-04-03 11:37:27,175 - INFO - Writing overlap_85/4C5DP2CMDEK1_TK/4C5DP2CMDEK1_TK.report.json
2021-04-04 19:29:45,349 - INFO - Writing log to overlap_85/4C5DP2CMDEK1_TK/4C5DP2CMDEK1_TK.log
2021-04-04 19:29:45,368 - INFO - References:
 - 4C5DP2CMDEK1_TK
2021-04-04 19:29:45,369 - INFO - Primary reference for coordinate system: 4C5DP2CMDEK1_TK
2021-04-04 19:29:45,369 - INFO - Considering primers from all references
2021-04-04 19:29:54,732 - INFO - All done! Scheme created with 13 regions, 4 gaps, 86.11% coverage
2021-04-04 19:29:54,732 - INFO - Writing overlap_85/4C5DP2CMDEK1_TK/4C5DP2CMDEK1_TK.primer.bed
2021-04-04 19:29:54,735 - INFO - Writing overlap_85/4C5DP2CMDEK1_TK/4C5DP2CMDEK1_TK.insert.bed
2021-04-04 19:29:54,738 - INFO - Writing overlap_85/4C5DP2CMDEK1_TK/4C5DP2CMDEK1_TK.primer.tsv
2021-04-04 19:29:54,740 - INFO - Writing overlap_85/4C5DP2CMDEK1_TK/4C5DP2CMDEK1_TK.reference.fasta
2021-04-04 19:29:54,750 - INFO - Writing overlap_85/4C5DP2CMDEK1_TK/4C5DP2CMDEK1_TK.plot.pdf
2021-04-04 19:29:54,750 - INFO - Writing overlap_85/4C5DP2CMDEK1_TK/4C5DP2CMDEK1_TK.plot.svg
2021-04-04 19:29:54,784 - INFO - Writing overlap_85/4C5DP2CMDEK1_TK/4C5DP2CMDEK1_TK.report.json
