2020-12-01 05:21:38,199 - INFO - Writing log to overlap_60/1_FEH_TK/1_FEH_TK.log
2020-12-01 05:21:38,204 - INFO - References:
 - 1_FEH_TK
2020-12-01 05:21:38,205 - INFO - Primary reference for coordinate system: 1_FEH_TK
2020-12-01 05:21:38,205 - INFO - Considering primers from all references
2020-12-01 05:21:40,526 - INFO - All done! Scheme created with 19 regions, 8 gaps, 65.58% coverage
2020-12-01 05:21:40,526 - INFO - Writing overlap_60/1_FEH_TK/1_FEH_TK.primer.bed
2020-12-01 05:21:40,528 - INFO - Writing overlap_60/1_FEH_TK/1_FEH_TK.insert.bed
2020-12-01 05:21:40,528 - INFO - Writing overlap_60/1_FEH_TK/1_FEH_TK.primer.tsv
2020-12-01 05:21:40,529 - INFO - Writing overlap_60/1_FEH_TK/1_FEH_TK.reference.fasta
2020-12-01 05:21:40,539 - INFO - Writing overlap_60/1_FEH_TK/1_FEH_TK.plot.pdf
2020-12-01 05:21:40,540 - INFO - Writing overlap_60/1_FEH_TK/1_FEH_TK.plot.svg
2020-12-01 05:21:40,579 - INFO - Writing overlap_60/1_FEH_TK/1_FEH_TK.report.json
2021-04-03 01:37:19,878 - INFO - Writing log to overlap_60/1_FEH_TK/1_FEH_TK.log
2021-04-03 01:37:19,896 - INFO - References:
 - 1_FEH_TK
2021-04-03 01:37:19,896 - INFO - Primary reference for coordinate system: 1_FEH_TK
2021-04-03 01:37:19,896 - INFO - Considering primers from all references
2021-04-03 01:37:31,254 - INFO - All done! Scheme created with 14 regions, 6 gaps, 78.17% coverage
2021-04-03 01:37:31,255 - INFO - Writing overlap_60/1_FEH_TK/1_FEH_TK.primer.bed
2021-04-03 01:37:31,259 - INFO - Writing overlap_60/1_FEH_TK/1_FEH_TK.insert.bed
2021-04-03 01:37:31,263 - INFO - Writing overlap_60/1_FEH_TK/1_FEH_TK.primer.tsv
2021-04-03 01:37:31,267 - INFO - Writing overlap_60/1_FEH_TK/1_FEH_TK.reference.fasta
2021-04-03 01:37:31,280 - INFO - Writing overlap_60/1_FEH_TK/1_FEH_TK.plot.pdf
2021-04-03 01:37:31,280 - INFO - Writing overlap_60/1_FEH_TK/1_FEH_TK.plot.svg
2021-04-03 01:37:31,323 - INFO - Writing overlap_60/1_FEH_TK/1_FEH_TK.report.json
2021-04-04 18:13:18,819 - INFO - Writing log to overlap_60/1_FEH_TK/1_FEH_TK.log
2021-04-04 18:13:18,838 - INFO - References:
 - 1_FEH_TK
2021-04-04 18:13:18,838 - INFO - Primary reference for coordinate system: 1_FEH_TK
2021-04-04 18:13:18,838 - INFO - Considering primers from all references
2021-04-04 18:13:29,110 - INFO - All done! Scheme created with 14 regions, 6 gaps, 78.17% coverage
2021-04-04 18:13:29,110 - INFO - Writing overlap_60/1_FEH_TK/1_FEH_TK.primer.bed
2021-04-04 18:13:29,113 - INFO - Writing overlap_60/1_FEH_TK/1_FEH_TK.insert.bed
2021-04-04 18:13:29,116 - INFO - Writing overlap_60/1_FEH_TK/1_FEH_TK.primer.tsv
2021-04-04 18:13:29,118 - INFO - Writing overlap_60/1_FEH_TK/1_FEH_TK.reference.fasta
2021-04-04 18:13:29,128 - INFO - Writing overlap_60/1_FEH_TK/1_FEH_TK.plot.pdf
2021-04-04 18:13:29,128 - INFO - Writing overlap_60/1_FEH_TK/1_FEH_TK.plot.svg
2021-04-04 18:13:29,165 - INFO - Writing overlap_60/1_FEH_TK/1_FEH_TK.report.json
