2021-04-03 01:39:44,991 - INFO - Writing log to overlap_60/ACC1_TK/ACC1_TK.log
2021-04-03 01:39:44,999 - INFO - References:
 - ACC1_TK
2021-04-03 01:39:45,000 - INFO - Primary reference for coordinate system: ACC1_TK
2021-04-03 01:39:45,000 - INFO - Considering primers from all references
2021-04-03 01:39:51,150 - INFO - All done! Scheme created with 8 regions, 3 gaps, 63.16% coverage
2021-04-03 01:39:51,150 - INFO - Writing overlap_60/ACC1_TK/ACC1_TK.primer.bed
2021-04-03 01:39:51,151 - INFO - Writing overlap_60/ACC1_TK/ACC1_TK.insert.bed
2021-04-03 01:39:51,152 - INFO - Writing overlap_60/ACC1_TK/ACC1_TK.primer.tsv
2021-04-03 01:39:51,152 - INFO - Writing overlap_60/ACC1_TK/ACC1_TK.reference.fasta
2021-04-03 01:39:51,159 - INFO - Writing overlap_60/ACC1_TK/ACC1_TK.plot.pdf
2021-04-03 01:39:51,159 - INFO - Writing overlap_60/ACC1_TK/ACC1_TK.plot.svg
2021-04-03 01:39:51,185 - INFO - Writing overlap_60/ACC1_TK/ACC1_TK.report.json
2021-04-04 18:15:28,768 - INFO - Writing log to overlap_60/ACC1_TK/ACC1_TK.log
2021-04-04 18:15:28,823 - INFO - References:
 - ACC1_TK
2021-04-04 18:15:28,824 - INFO - Primary reference for coordinate system: ACC1_TK
2021-04-04 18:15:28,824 - INFO - Considering primers from all references
2021-04-04 18:15:34,446 - INFO - All done! Scheme created with 8 regions, 3 gaps, 63.16% coverage
2021-04-04 18:15:34,446 - INFO - Writing overlap_60/ACC1_TK/ACC1_TK.primer.bed
2021-04-04 18:15:34,449 - INFO - Writing overlap_60/ACC1_TK/ACC1_TK.insert.bed
2021-04-04 18:15:34,451 - INFO - Writing overlap_60/ACC1_TK/ACC1_TK.primer.tsv
2021-04-04 18:15:34,454 - INFO - Writing overlap_60/ACC1_TK/ACC1_TK.reference.fasta
2021-04-04 18:15:34,461 - INFO - Writing overlap_60/ACC1_TK/ACC1_TK.plot.pdf
2021-04-04 18:15:34,461 - INFO - Writing overlap_60/ACC1_TK/ACC1_TK.plot.svg
2021-04-04 18:15:34,488 - INFO - Writing overlap_60/ACC1_TK/ACC1_TK.report.json
