2021-04-03 11:13:37,004 - INFO - Writing log to overlap_75/DOG_1_TK/DOG_1_TK.log
2021-04-03 11:13:37,010 - INFO - References:
 - DOG_1_TK
2021-04-03 11:13:37,010 - INFO - Primary reference for coordinate system: DOG_1_TK
2021-04-03 11:13:37,010 - INFO - Considering primers from all references
2021-04-03 11:13:40,710 - INFO - All done! Scheme created with 6 regions, 2 gaps, 81.91% coverage
2021-04-03 11:13:40,711 - INFO - Writing overlap_75/DOG_1_TK/DOG_1_TK.primer.bed
2021-04-03 11:13:40,712 - INFO - Writing overlap_75/DOG_1_TK/DOG_1_TK.insert.bed
2021-04-03 11:13:40,713 - INFO - Writing overlap_75/DOG_1_TK/DOG_1_TK.primer.tsv
2021-04-03 11:13:40,714 - INFO - Writing overlap_75/DOG_1_TK/DOG_1_TK.reference.fasta
2021-04-03 11:13:40,719 - INFO - Writing overlap_75/DOG_1_TK/DOG_1_TK.plot.pdf
2021-04-03 11:13:40,719 - INFO - Writing overlap_75/DOG_1_TK/DOG_1_TK.plot.svg
2021-04-03 11:13:40,737 - INFO - Writing overlap_75/DOG_1_TK/DOG_1_TK.report.json
2021-04-04 19:03:23,289 - INFO - Writing log to overlap_75/DOG_1_TK/DOG_1_TK.log
2021-04-04 19:03:23,306 - INFO - References:
 - DOG_1_TK
2021-04-04 19:03:23,306 - INFO - Primary reference for coordinate system: DOG_1_TK
2021-04-04 19:03:23,306 - INFO - Considering primers from all references
2021-04-04 19:03:27,426 - INFO - All done! Scheme created with 6 regions, 2 gaps, 81.91% coverage
2021-04-04 19:03:27,426 - INFO - Writing overlap_75/DOG_1_TK/DOG_1_TK.primer.bed
2021-04-04 19:03:27,431 - INFO - Writing overlap_75/DOG_1_TK/DOG_1_TK.insert.bed
2021-04-04 19:03:27,435 - INFO - Writing overlap_75/DOG_1_TK/DOG_1_TK.primer.tsv
2021-04-04 19:03:27,438 - INFO - Writing overlap_75/DOG_1_TK/DOG_1_TK.reference.fasta
2021-04-04 19:03:27,446 - INFO - Writing overlap_75/DOG_1_TK/DOG_1_TK.plot.pdf
2021-04-04 19:03:27,446 - INFO - Writing overlap_75/DOG_1_TK/DOG_1_TK.plot.svg
2021-04-04 19:03:27,472 - INFO - Writing overlap_75/DOG_1_TK/DOG_1_TK.report.json
