2020-12-01 05:23:30,157 - INFO - Writing log to overlap_70/4C5DP2CMDEK1_TK/4C5DP2CMDEK1_TK.log
2020-12-01 05:23:30,163 - INFO - References:
 - 4C5DP2CMDEK1_TK
2020-12-01 05:23:30,163 - INFO - Primary reference for coordinate system: 4C5DP2CMDEK1_TK
2020-12-01 05:23:30,163 - INFO - Considering primers from all references
2020-12-01 05:23:32,122 - INFO - All done! Scheme created with 18 regions, 9 gaps, 69.99% coverage
2020-12-01 05:23:32,123 - INFO - Writing overlap_70/4C5DP2CMDEK1_TK/4C5DP2CMDEK1_TK.primer.bed
2020-12-01 05:23:32,125 - INFO - Writing overlap_70/4C5DP2CMDEK1_TK/4C5DP2CMDEK1_TK.insert.bed
2020-12-01 05:23:32,126 - INFO - Writing overlap_70/4C5DP2CMDEK1_TK/4C5DP2CMDEK1_TK.primer.tsv
2020-12-01 05:23:32,128 - INFO - Writing overlap_70/4C5DP2CMDEK1_TK/4C5DP2CMDEK1_TK.reference.fasta
2020-12-01 05:23:32,138 - INFO - Writing overlap_70/4C5DP2CMDEK1_TK/4C5DP2CMDEK1_TK.plot.pdf
2020-12-01 05:23:32,138 - INFO - Writing overlap_70/4C5DP2CMDEK1_TK/4C5DP2CMDEK1_TK.plot.svg
2020-12-01 05:23:32,200 - INFO - Writing overlap_70/4C5DP2CMDEK1_TK/4C5DP2CMDEK1_TK.report.json
2021-04-02 20:40:38,855 - INFO - Writing log to overlap_70/4C5DP2CMDEK1_TK/4C5DP2CMDEK1_TK.log
2021-04-02 20:40:38,875 - INFO - References:
 - 4C5DP2CMDEK1_TK
2021-04-02 20:40:38,875 - INFO - Primary reference for coordinate system: 4C5DP2CMDEK1_TK
2021-04-02 20:40:38,875 - INFO - Considering primers from all references
2021-04-02 20:40:47,112 - INFO - All done! Scheme created with 13 regions, 4 gaps, 86.11% coverage
2021-04-02 20:40:47,113 - INFO - Writing overlap_70/4C5DP2CMDEK1_TK/4C5DP2CMDEK1_TK.primer.bed
2021-04-02 20:40:47,119 - INFO - Writing overlap_70/4C5DP2CMDEK1_TK/4C5DP2CMDEK1_TK.insert.bed
2021-04-02 20:40:47,124 - INFO - Writing overlap_70/4C5DP2CMDEK1_TK/4C5DP2CMDEK1_TK.primer.tsv
2021-04-02 20:40:47,129 - INFO - Writing overlap_70/4C5DP2CMDEK1_TK/4C5DP2CMDEK1_TK.reference.fasta
2021-04-02 20:40:47,140 - INFO - Writing overlap_70/4C5DP2CMDEK1_TK/4C5DP2CMDEK1_TK.plot.pdf
2021-04-02 20:40:47,140 - INFO - Writing overlap_70/4C5DP2CMDEK1_TK/4C5DP2CMDEK1_TK.plot.svg
2021-04-02 20:40:47,175 - INFO - Writing overlap_70/4C5DP2CMDEK1_TK/4C5DP2CMDEK1_TK.report.json
2021-04-03 02:12:12,104 - INFO - Writing log to overlap_70/4C5DP2CMDEK1_TK/4C5DP2CMDEK1_TK.log
2021-04-03 02:12:12,123 - INFO - References:
 - 4C5DP2CMDEK1_TK
2021-04-03 02:12:12,123 - INFO - Primary reference for coordinate system: 4C5DP2CMDEK1_TK
2021-04-03 02:12:12,123 - INFO - Considering primers from all references
2021-04-03 02:12:22,325 - INFO - All done! Scheme created with 13 regions, 4 gaps, 86.11% coverage
2021-04-03 02:12:22,326 - INFO - Writing overlap_70/4C5DP2CMDEK1_TK/4C5DP2CMDEK1_TK.primer.bed
2021-04-03 02:12:22,330 - INFO - Writing overlap_70/4C5DP2CMDEK1_TK/4C5DP2CMDEK1_TK.insert.bed
2021-04-03 02:12:22,335 - INFO - Writing overlap_70/4C5DP2CMDEK1_TK/4C5DP2CMDEK1_TK.primer.tsv
2021-04-03 02:12:22,340 - INFO - Writing overlap_70/4C5DP2CMDEK1_TK/4C5DP2CMDEK1_TK.reference.fasta
2021-04-03 02:12:22,353 - INFO - Writing overlap_70/4C5DP2CMDEK1_TK/4C5DP2CMDEK1_TK.plot.pdf
2021-04-03 02:12:22,353 - INFO - Writing overlap_70/4C5DP2CMDEK1_TK/4C5DP2CMDEK1_TK.plot.svg
2021-04-03 02:12:22,392 - INFO - Writing overlap_70/4C5DP2CMDEK1_TK/4C5DP2CMDEK1_TK.report.json
