2020-12-01 05:22:12,320 - INFO - Writing log to overlap_60/GDPS1_TK/GDPS1_TK.log
2020-12-01 05:22:12,325 - INFO - References:
 - GDPS1_TK
2020-12-01 05:22:12,326 - INFO - Primary reference for coordinate system: GDPS1_TK
2020-12-01 05:22:12,326 - INFO - Considering primers from all references
2020-12-01 05:22:14,122 - INFO - All done! Scheme created with 21 regions, 9 gaps, 74.91% coverage
2020-12-01 05:22:14,123 - INFO - Writing overlap_60/GDPS1_TK/GDPS1_TK.primer.bed
2020-12-01 05:22:14,124 - INFO - Writing overlap_60/GDPS1_TK/GDPS1_TK.insert.bed
2020-12-01 05:22:14,125 - INFO - Writing overlap_60/GDPS1_TK/GDPS1_TK.primer.tsv
2020-12-01 05:22:14,125 - INFO - Writing overlap_60/GDPS1_TK/GDPS1_TK.reference.fasta
2020-12-01 05:22:14,138 - INFO - Writing overlap_60/GDPS1_TK/GDPS1_TK.plot.pdf
2020-12-01 05:22:14,138 - INFO - Writing overlap_60/GDPS1_TK/GDPS1_TK.plot.svg
2020-12-01 05:22:14,212 - INFO - Writing overlap_60/GDPS1_TK/GDPS1_TK.report.json
2021-04-03 01:45:07,037 - INFO - Writing log to overlap_60/GDPS1_TK/GDPS1_TK.log
2021-04-03 01:45:07,059 - INFO - References:
 - GDPS1_TK
2021-04-03 01:45:07,059 - INFO - Primary reference for coordinate system: GDPS1_TK
2021-04-03 01:45:07,059 - INFO - Considering primers from all references
2021-04-03 01:45:18,316 - INFO - All done! Scheme created with 14 regions, 3 gaps, 88.17% coverage
2021-04-03 01:45:18,316 - INFO - Writing overlap_60/GDPS1_TK/GDPS1_TK.primer.bed
2021-04-03 01:45:18,320 - INFO - Writing overlap_60/GDPS1_TK/GDPS1_TK.insert.bed
2021-04-03 01:45:18,324 - INFO - Writing overlap_60/GDPS1_TK/GDPS1_TK.primer.tsv
2021-04-03 01:45:18,328 - INFO - Writing overlap_60/GDPS1_TK/GDPS1_TK.reference.fasta
2021-04-03 01:45:18,340 - INFO - Writing overlap_60/GDPS1_TK/GDPS1_TK.plot.pdf
2021-04-03 01:45:18,340 - INFO - Writing overlap_60/GDPS1_TK/GDPS1_TK.plot.svg
2021-04-03 01:45:18,382 - INFO - Writing overlap_60/GDPS1_TK/GDPS1_TK.report.json
