2021-04-03 11:27:36,662 - INFO - Writing log to overlap_80/ETR1_TK/ETR1_TK.log
2021-04-03 11:27:36,668 - INFO - References:
 - ETR1_TK
2021-04-03 11:27:36,668 - INFO - Primary reference for coordinate system: ETR1_TK
2021-04-03 11:27:36,668 - INFO - Considering primers from all references
2021-04-03 11:27:45,319 - INFO - All done! Scheme created with 14 regions, 6 gaps, 73.52% coverage
2021-04-03 11:27:45,319 - INFO - Writing overlap_80/ETR1_TK/ETR1_TK.primer.bed
2021-04-03 11:27:45,320 - INFO - Writing overlap_80/ETR1_TK/ETR1_TK.insert.bed
2021-04-03 11:27:45,321 - INFO - Writing overlap_80/ETR1_TK/ETR1_TK.primer.tsv
2021-04-03 11:27:45,322 - INFO - Writing overlap_80/ETR1_TK/ETR1_TK.reference.fasta
2021-04-03 11:27:45,329 - INFO - Writing overlap_80/ETR1_TK/ETR1_TK.plot.pdf
2021-04-03 11:27:45,329 - INFO - Writing overlap_80/ETR1_TK/ETR1_TK.plot.svg
2021-04-03 11:27:45,359 - INFO - Writing overlap_80/ETR1_TK/ETR1_TK.report.json
2021-04-04 19:18:57,626 - INFO - Writing log to overlap_80/ETR1_TK/ETR1_TK.log
2021-04-04 19:18:57,658 - INFO - References:
 - ETR1_TK
2021-04-04 19:18:57,658 - INFO - Primary reference for coordinate system: ETR1_TK
2021-04-04 19:18:57,658 - INFO - Considering primers from all references
2021-04-04 19:19:07,265 - INFO - All done! Scheme created with 14 regions, 6 gaps, 73.52% coverage
2021-04-04 19:19:07,265 - INFO - Writing overlap_80/ETR1_TK/ETR1_TK.primer.bed
2021-04-04 19:19:07,268 - INFO - Writing overlap_80/ETR1_TK/ETR1_TK.insert.bed
2021-04-04 19:19:07,270 - INFO - Writing overlap_80/ETR1_TK/ETR1_TK.primer.tsv
2021-04-04 19:19:07,273 - INFO - Writing overlap_80/ETR1_TK/ETR1_TK.reference.fasta
2021-04-04 19:19:07,283 - INFO - Writing overlap_80/ETR1_TK/ETR1_TK.plot.pdf
2021-04-04 19:19:07,283 - INFO - Writing overlap_80/ETR1_TK/ETR1_TK.plot.svg
2021-04-04 19:19:07,319 - INFO - Writing overlap_80/ETR1_TK/ETR1_TK.report.json
