2020-12-01 05:20:14,006 - INFO - Writing log to overlap_50/DOG_1_TK/DOG_1_TK.log
2020-12-01 05:20:14,018 - INFO - References:
 - DOG_1_TK
2020-12-01 05:20:14,018 - INFO - Primary reference for coordinate system: DOG_1_TK
2020-12-01 05:20:14,018 - INFO - Considering primers from all references
2020-12-01 05:20:14,823 - INFO - All done! Scheme created with 10 regions, 4 gaps, 64.41% coverage
2020-12-01 05:20:14,823 - INFO - Writing overlap_50/DOG_1_TK/DOG_1_TK.primer.bed
2020-12-01 05:20:14,824 - INFO - Writing overlap_50/DOG_1_TK/DOG_1_TK.insert.bed
2020-12-01 05:20:14,825 - INFO - Writing overlap_50/DOG_1_TK/DOG_1_TK.primer.tsv
2020-12-01 05:20:14,825 - INFO - Writing overlap_50/DOG_1_TK/DOG_1_TK.reference.fasta
2020-12-01 05:20:14,832 - INFO - Writing overlap_50/DOG_1_TK/DOG_1_TK.plot.pdf
2020-12-01 05:20:14,832 - INFO - Writing overlap_50/DOG_1_TK/DOG_1_TK.plot.svg
2020-12-01 05:20:14,857 - INFO - Writing overlap_50/DOG_1_TK/DOG_1_TK.report.json
2021-04-03 01:09:33,558 - INFO - Writing log to overlap_50/DOG_1_TK/DOG_1_TK.log
2021-04-03 01:09:33,576 - INFO - References:
 - DOG_1_TK
2021-04-03 01:09:33,576 - INFO - Primary reference for coordinate system: DOG_1_TK
2021-04-03 01:09:33,576 - INFO - Considering primers from all references
2021-04-03 01:09:38,053 - INFO - All done! Scheme created with 6 regions, 2 gaps, 81.91% coverage
2021-04-03 01:09:38,053 - INFO - Writing overlap_50/DOG_1_TK/DOG_1_TK.primer.bed
2021-04-03 01:09:38,058 - INFO - Writing overlap_50/DOG_1_TK/DOG_1_TK.insert.bed
2021-04-03 01:09:38,061 - INFO - Writing overlap_50/DOG_1_TK/DOG_1_TK.primer.tsv
2021-04-03 01:09:38,065 - INFO - Writing overlap_50/DOG_1_TK/DOG_1_TK.reference.fasta
2021-04-03 01:09:38,073 - INFO - Writing overlap_50/DOG_1_TK/DOG_1_TK.plot.pdf
2021-04-03 01:09:38,073 - INFO - Writing overlap_50/DOG_1_TK/DOG_1_TK.plot.svg
2021-04-03 01:09:38,101 - INFO - Writing overlap_50/DOG_1_TK/DOG_1_TK.report.json
2021-04-04 17:48:25,053 - INFO - Writing log to overlap_50/DOG_1_TK/DOG_1_TK.log
2021-04-04 17:48:25,084 - INFO - References:
 - DOG_1_TK
2021-04-04 17:48:25,084 - INFO - Primary reference for coordinate system: DOG_1_TK
2021-04-04 17:48:25,084 - INFO - Considering primers from all references
2021-04-04 17:48:29,197 - INFO - All done! Scheme created with 6 regions, 2 gaps, 81.91% coverage
2021-04-04 17:48:29,197 - INFO - Writing overlap_50/DOG_1_TK/DOG_1_TK.primer.bed
2021-04-04 17:48:29,200 - INFO - Writing overlap_50/DOG_1_TK/DOG_1_TK.insert.bed
2021-04-04 17:48:29,203 - INFO - Writing overlap_50/DOG_1_TK/DOG_1_TK.primer.tsv
2021-04-04 17:48:29,205 - INFO - Writing overlap_50/DOG_1_TK/DOG_1_TK.reference.fasta
2021-04-04 17:48:29,212 - INFO - Writing overlap_50/DOG_1_TK/DOG_1_TK.plot.pdf
2021-04-04 17:48:29,212 - INFO - Writing overlap_50/DOG_1_TK/DOG_1_TK.plot.svg
2021-04-04 17:48:29,236 - INFO - Writing overlap_50/DOG_1_TK/DOG_1_TK.report.json
