2021-04-03 11:20:52,027 - INFO - Writing log to overlap_75/SRPP3_TK/SRPP3_TK.log
2021-04-03 11:20:52,041 - INFO - References:
 - SRPP3_TK
2021-04-03 11:20:52,041 - INFO - Primary reference for coordinate system: SRPP3_TK
2021-04-03 11:20:52,041 - INFO - Considering primers from all references
2021-04-03 11:20:55,252 - INFO - All done! Scheme created with 5 regions, 1 gap, 73.15% coverage
2021-04-03 11:20:55,252 - INFO - Writing overlap_75/SRPP3_TK/SRPP3_TK.primer.bed
2021-04-03 11:20:55,253 - INFO - Writing overlap_75/SRPP3_TK/SRPP3_TK.insert.bed
2021-04-03 11:20:55,253 - INFO - Writing overlap_75/SRPP3_TK/SRPP3_TK.primer.tsv
2021-04-03 11:20:55,254 - INFO - Writing overlap_75/SRPP3_TK/SRPP3_TK.reference.fasta
2021-04-03 11:20:55,258 - INFO - Writing overlap_75/SRPP3_TK/SRPP3_TK.plot.pdf
2021-04-03 11:20:55,258 - INFO - Writing overlap_75/SRPP3_TK/SRPP3_TK.plot.svg
2021-04-03 11:20:55,274 - INFO - Writing overlap_75/SRPP3_TK/SRPP3_TK.report.json
2021-04-04 19:11:26,390 - INFO - Writing log to overlap_75/SRPP3_TK/SRPP3_TK.log
2021-04-04 19:11:26,409 - INFO - References:
 - SRPP3_TK
2021-04-04 19:11:26,409 - INFO - Primary reference for coordinate system: SRPP3_TK
2021-04-04 19:11:26,409 - INFO - Considering primers from all references
2021-04-04 19:11:29,962 - INFO - All done! Scheme created with 5 regions, 1 gap, 73.15% coverage
2021-04-04 19:11:29,962 - INFO - Writing overlap_75/SRPP3_TK/SRPP3_TK.primer.bed
2021-04-04 19:11:29,966 - INFO - Writing overlap_75/SRPP3_TK/SRPP3_TK.insert.bed
2021-04-04 19:11:29,970 - INFO - Writing overlap_75/SRPP3_TK/SRPP3_TK.primer.tsv
2021-04-04 19:11:29,974 - INFO - Writing overlap_75/SRPP3_TK/SRPP3_TK.reference.fasta
2021-04-04 19:11:29,981 - INFO - Writing overlap_75/SRPP3_TK/SRPP3_TK.plot.pdf
2021-04-04 19:11:29,981 - INFO - Writing overlap_75/SRPP3_TK/SRPP3_TK.plot.svg
2021-04-04 19:11:30,006 - INFO - Writing overlap_75/SRPP3_TK/SRPP3_TK.report.json
