2020-12-01 05:22:45,370 - INFO - Writing log to overlap_65/ETR1_TK/ETR1_TK.log
2020-12-01 05:22:45,435 - INFO - References:
 - ETR1_TK
2020-12-01 05:22:45,435 - INFO - Primary reference for coordinate system: ETR1_TK
2020-12-01 05:22:45,435 - INFO - Considering primers from all references
2020-12-01 05:22:47,081 - INFO - All done! Scheme created with 23 regions, 9 gaps, 75.92% coverage
2020-12-01 05:22:47,081 - INFO - Writing overlap_65/ETR1_TK/ETR1_TK.primer.bed
2020-12-01 05:22:47,083 - INFO - Writing overlap_65/ETR1_TK/ETR1_TK.insert.bed
2020-12-01 05:22:47,084 - INFO - Writing overlap_65/ETR1_TK/ETR1_TK.primer.tsv
2020-12-01 05:22:47,084 - INFO - Writing overlap_65/ETR1_TK/ETR1_TK.reference.fasta
2020-12-01 05:22:47,094 - INFO - Writing overlap_65/ETR1_TK/ETR1_TK.plot.pdf
2020-12-01 05:22:47,094 - INFO - Writing overlap_65/ETR1_TK/ETR1_TK.plot.svg
2020-12-01 05:22:47,153 - INFO - Writing overlap_65/ETR1_TK/ETR1_TK.report.json
2021-04-03 02:00:20,629 - INFO - Writing log to overlap_65/ETR1_TK/ETR1_TK.log
2021-04-03 02:00:20,656 - INFO - References:
 - ETR1_TK
2021-04-03 02:00:20,656 - INFO - Primary reference for coordinate system: ETR1_TK
2021-04-03 02:00:20,657 - INFO - Considering primers from all references
2021-04-03 02:00:31,143 - INFO - All done! Scheme created with 14 regions, 6 gaps, 73.52% coverage
2021-04-03 02:00:31,143 - INFO - Writing overlap_65/ETR1_TK/ETR1_TK.primer.bed
2021-04-03 02:00:31,148 - INFO - Writing overlap_65/ETR1_TK/ETR1_TK.insert.bed
2021-04-03 02:00:31,153 - INFO - Writing overlap_65/ETR1_TK/ETR1_TK.primer.tsv
2021-04-03 02:00:31,158 - INFO - Writing overlap_65/ETR1_TK/ETR1_TK.reference.fasta
2021-04-03 02:00:31,172 - INFO - Writing overlap_65/ETR1_TK/ETR1_TK.plot.pdf
2021-04-03 02:00:31,172 - INFO - Writing overlap_65/ETR1_TK/ETR1_TK.plot.svg
2021-04-03 02:00:31,216 - INFO - Writing overlap_65/ETR1_TK/ETR1_TK.report.json
2021-04-04 18:34:03,242 - INFO - Writing log to overlap_65/ETR1_TK/ETR1_TK.log
2021-04-04 18:34:03,261 - INFO - References:
 - ETR1_TK
2021-04-04 18:34:03,261 - INFO - Primary reference for coordinate system: ETR1_TK
2021-04-04 18:34:03,261 - INFO - Considering primers from all references
2021-04-04 18:34:12,962 - INFO - All done! Scheme created with 14 regions, 6 gaps, 73.52% coverage
2021-04-04 18:34:12,962 - INFO - Writing overlap_65/ETR1_TK/ETR1_TK.primer.bed
2021-04-04 18:34:12,965 - INFO - Writing overlap_65/ETR1_TK/ETR1_TK.insert.bed
2021-04-04 18:34:12,968 - INFO - Writing overlap_65/ETR1_TK/ETR1_TK.primer.tsv
2021-04-04 18:34:12,971 - INFO - Writing overlap_65/ETR1_TK/ETR1_TK.reference.fasta
2021-04-04 18:34:12,981 - INFO - Writing overlap_65/ETR1_TK/ETR1_TK.plot.pdf
2021-04-04 18:34:12,981 - INFO - Writing overlap_65/ETR1_TK/ETR1_TK.plot.svg
2021-04-04 18:34:13,017 - INFO - Writing overlap_65/ETR1_TK/ETR1_TK.report.json
