2021-04-03 00:51:54,663 - INFO - Writing log to overlap_45/cluster_GGDPS_TK/cluster_GGDPS_TK.log
2021-04-03 00:51:54,690 - INFO - References:
 - GGDPS1_TK
 - GGDPS2_TK
2021-04-03 00:51:54,690 - INFO - Primary reference for coordinate system: GGDPS1_TK
2021-04-03 00:51:54,690 - INFO - Considering primers from all references
2021-04-03 00:51:54,695 - INFO - Excluding reference GGDPS2_TK: unable to align.
2021-04-03 00:51:59,128 - INFO - All done! Scheme created with 6 regions, 2 gaps, 81.14% coverage
2021-04-03 00:51:59,128 - INFO - Writing overlap_45/cluster_GGDPS_TK/cluster_GGDPS_TK.primer.bed
2021-04-03 00:51:59,130 - INFO - Writing overlap_45/cluster_GGDPS_TK/cluster_GGDPS_TK.insert.bed
2021-04-03 00:51:59,131 - INFO - Writing overlap_45/cluster_GGDPS_TK/cluster_GGDPS_TK.primer.tsv
2021-04-03 00:51:59,131 - INFO - Writing overlap_45/cluster_GGDPS_TK/cluster_GGDPS_TK.reference.fasta
2021-04-03 00:51:59,137 - INFO - Writing overlap_45/cluster_GGDPS_TK/cluster_GGDPS_TK.plot.pdf
2021-04-03 00:51:59,137 - INFO - Writing overlap_45/cluster_GGDPS_TK/cluster_GGDPS_TK.plot.svg
2021-04-03 00:51:59,159 - INFO - Writing overlap_45/cluster_GGDPS_TK/cluster_GGDPS_TK.report.json
2021-04-04 17:32:20,642 - INFO - Writing log to overlap_45/cluster_GGDPS_TK/cluster_GGDPS_TK.log
2021-04-04 17:32:20,659 - INFO - References:
 - GGDPS1_TK
 - GGDPS2_TK
2021-04-04 17:32:20,659 - INFO - Primary reference for coordinate system: GGDPS1_TK
2021-04-04 17:32:20,659 - INFO - Considering primers from all references
2021-04-04 17:32:20,663 - INFO - Excluding reference GGDPS2_TK: unable to align.
2021-04-04 17:32:24,726 - INFO - All done! Scheme created with 6 regions, 2 gaps, 81.14% coverage
2021-04-04 17:32:24,726 - INFO - Writing overlap_45/cluster_GGDPS_TK/cluster_GGDPS_TK.primer.bed
2021-04-04 17:32:24,731 - INFO - Writing overlap_45/cluster_GGDPS_TK/cluster_GGDPS_TK.insert.bed
2021-04-04 17:32:24,735 - INFO - Writing overlap_45/cluster_GGDPS_TK/cluster_GGDPS_TK.primer.tsv
2021-04-04 17:32:24,739 - INFO - Writing overlap_45/cluster_GGDPS_TK/cluster_GGDPS_TK.reference.fasta
2021-04-04 17:32:24,748 - INFO - Writing overlap_45/cluster_GGDPS_TK/cluster_GGDPS_TK.plot.pdf
2021-04-04 17:32:24,748 - INFO - Writing overlap_45/cluster_GGDPS_TK/cluster_GGDPS_TK.plot.svg
2021-04-04 17:32:24,773 - INFO - Writing overlap_45/cluster_GGDPS_TK/cluster_GGDPS_TK.report.json
