2021-04-03 11:22:28,699 - INFO - Writing log to overlap_80/1_FEH_TK/1_FEH_TK.log
2021-04-03 11:22:28,705 - INFO - References:
 - 1_FEH_TK
2021-04-03 11:22:28,705 - INFO - Primary reference for coordinate system: 1_FEH_TK
2021-04-03 11:22:28,705 - INFO - Considering primers from all references
2021-04-03 11:22:37,923 - INFO - All done! Scheme created with 14 regions, 6 gaps, 78.17% coverage
2021-04-03 11:22:37,924 - INFO - Writing overlap_80/1_FEH_TK/1_FEH_TK.primer.bed
2021-04-03 11:22:37,925 - INFO - Writing overlap_80/1_FEH_TK/1_FEH_TK.insert.bed
2021-04-03 11:22:37,926 - INFO - Writing overlap_80/1_FEH_TK/1_FEH_TK.primer.tsv
2021-04-03 11:22:37,927 - INFO - Writing overlap_80/1_FEH_TK/1_FEH_TK.reference.fasta
2021-04-03 11:22:37,934 - INFO - Writing overlap_80/1_FEH_TK/1_FEH_TK.plot.pdf
2021-04-03 11:22:37,934 - INFO - Writing overlap_80/1_FEH_TK/1_FEH_TK.plot.svg
2021-04-03 11:22:37,964 - INFO - Writing overlap_80/1_FEH_TK/1_FEH_TK.report.json
2021-04-04 19:13:14,391 - INFO - Writing log to overlap_80/1_FEH_TK/1_FEH_TK.log
2021-04-04 19:13:14,409 - INFO - References:
 - 1_FEH_TK
2021-04-04 19:13:14,409 - INFO - Primary reference for coordinate system: 1_FEH_TK
2021-04-04 19:13:14,409 - INFO - Considering primers from all references
2021-04-04 19:13:24,728 - INFO - All done! Scheme created with 14 regions, 6 gaps, 78.17% coverage
2021-04-04 19:13:24,729 - INFO - Writing overlap_80/1_FEH_TK/1_FEH_TK.primer.bed
2021-04-04 19:13:24,732 - INFO - Writing overlap_80/1_FEH_TK/1_FEH_TK.insert.bed
2021-04-04 19:13:24,734 - INFO - Writing overlap_80/1_FEH_TK/1_FEH_TK.primer.tsv
2021-04-04 19:13:24,736 - INFO - Writing overlap_80/1_FEH_TK/1_FEH_TK.reference.fasta
2021-04-04 19:13:24,746 - INFO - Writing overlap_80/1_FEH_TK/1_FEH_TK.plot.pdf
2021-04-04 19:13:24,746 - INFO - Writing overlap_80/1_FEH_TK/1_FEH_TK.plot.svg
2021-04-04 19:13:24,782 - INFO - Writing overlap_80/1_FEH_TK/1_FEH_TK.report.json
