2021-04-03 01:38:44,221 - INFO - Writing log to overlap_60/3H3MCR3_TK/3H3MCR3_TK.log
2021-04-03 01:38:44,229 - INFO - References:
 - 3H3MCR3_TK
2021-04-03 01:38:44,229 - INFO - Primary reference for coordinate system: 3H3MCR3_TK
2021-04-03 01:38:44,229 - INFO - Considering primers from all references
2021-04-03 01:38:50,131 - INFO - All done! Scheme created with 8 regions, 2 gaps, 89.6% coverage
2021-04-03 01:38:50,131 - INFO - Writing overlap_60/3H3MCR3_TK/3H3MCR3_TK.primer.bed
2021-04-03 01:38:50,132 - INFO - Writing overlap_60/3H3MCR3_TK/3H3MCR3_TK.insert.bed
2021-04-03 01:38:50,133 - INFO - Writing overlap_60/3H3MCR3_TK/3H3MCR3_TK.primer.tsv
2021-04-03 01:38:50,134 - INFO - Writing overlap_60/3H3MCR3_TK/3H3MCR3_TK.reference.fasta
2021-04-03 01:38:50,140 - INFO - Writing overlap_60/3H3MCR3_TK/3H3MCR3_TK.plot.pdf
2021-04-03 01:38:50,140 - INFO - Writing overlap_60/3H3MCR3_TK/3H3MCR3_TK.plot.svg
2021-04-03 01:38:50,166 - INFO - Writing overlap_60/3H3MCR3_TK/3H3MCR3_TK.report.json
2021-04-04 18:14:34,348 - INFO - Writing log to overlap_60/3H3MCR3_TK/3H3MCR3_TK.log
2021-04-04 18:14:34,414 - INFO - References:
 - 3H3MCR3_TK
2021-04-04 18:14:34,414 - INFO - Primary reference for coordinate system: 3H3MCR3_TK
2021-04-04 18:14:34,415 - INFO - Considering primers from all references
2021-04-04 18:14:39,797 - INFO - All done! Scheme created with 8 regions, 2 gaps, 89.6% coverage
2021-04-04 18:14:39,798 - INFO - Writing overlap_60/3H3MCR3_TK/3H3MCR3_TK.primer.bed
2021-04-04 18:14:39,801 - INFO - Writing overlap_60/3H3MCR3_TK/3H3MCR3_TK.insert.bed
2021-04-04 18:14:39,803 - INFO - Writing overlap_60/3H3MCR3_TK/3H3MCR3_TK.primer.tsv
2021-04-04 18:14:39,806 - INFO - Writing overlap_60/3H3MCR3_TK/3H3MCR3_TK.reference.fasta
2021-04-04 18:14:39,813 - INFO - Writing overlap_60/3H3MCR3_TK/3H3MCR3_TK.plot.pdf
2021-04-04 18:14:39,813 - INFO - Writing overlap_60/3H3MCR3_TK/3H3MCR3_TK.plot.svg
2021-04-04 18:14:39,838 - INFO - Writing overlap_60/3H3MCR3_TK/3H3MCR3_TK.report.json
