2021-04-02 20:42:07,279 - INFO - Writing log to overlap_70/CPT1_1_TK/CPT1_1_TK.log
2021-04-02 20:42:07,303 - INFO - References:
 - CPT1_1_TK
2021-04-02 20:42:07,303 - INFO - Primary reference for coordinate system: CPT1_1_TK
2021-04-02 20:42:07,303 - INFO - Considering primers from all references
2021-04-02 20:42:09,691 - INFO - All done! Scheme created with 4 regions, 1 gap, 57.98% coverage
2021-04-02 20:42:09,691 - INFO - Writing overlap_70/CPT1_1_TK/CPT1_1_TK.primer.bed
2021-04-02 20:42:09,692 - INFO - Writing overlap_70/CPT1_1_TK/CPT1_1_TK.insert.bed
2021-04-02 20:42:09,693 - INFO - Writing overlap_70/CPT1_1_TK/CPT1_1_TK.primer.tsv
2021-04-02 20:42:09,694 - INFO - Writing overlap_70/CPT1_1_TK/CPT1_1_TK.reference.fasta
2021-04-02 20:42:09,697 - INFO - Writing overlap_70/CPT1_1_TK/CPT1_1_TK.plot.pdf
2021-04-02 20:42:09,697 - INFO - Writing overlap_70/CPT1_1_TK/CPT1_1_TK.plot.svg
2021-04-02 20:42:09,727 - INFO - Writing overlap_70/CPT1_1_TK/CPT1_1_TK.report.json
2021-04-03 02:15:15,771 - INFO - Writing log to overlap_70/CPT1_1_TK/CPT1_1_TK.log
2021-04-03 02:15:15,800 - INFO - References:
 - CPT1_1_TK
2021-04-03 02:15:15,800 - INFO - Primary reference for coordinate system: CPT1_1_TK
2021-04-03 02:15:15,800 - INFO - Considering primers from all references
2021-04-03 02:15:18,761 - INFO - All done! Scheme created with 4 regions, 1 gap, 57.98% coverage
2021-04-03 02:15:18,761 - INFO - Writing overlap_70/CPT1_1_TK/CPT1_1_TK.primer.bed
2021-04-03 02:15:18,766 - INFO - Writing overlap_70/CPT1_1_TK/CPT1_1_TK.insert.bed
2021-04-03 02:15:18,770 - INFO - Writing overlap_70/CPT1_1_TK/CPT1_1_TK.primer.tsv
2021-04-03 02:15:18,774 - INFO - Writing overlap_70/CPT1_1_TK/CPT1_1_TK.reference.fasta
2021-04-03 02:15:18,782 - INFO - Writing overlap_70/CPT1_1_TK/CPT1_1_TK.plot.pdf
2021-04-03 02:15:18,782 - INFO - Writing overlap_70/CPT1_1_TK/CPT1_1_TK.plot.svg
2021-04-03 02:15:18,842 - INFO - Writing overlap_70/CPT1_1_TK/CPT1_1_TK.report.json
