2021-04-03 11:21:02,726 - INFO - Writing log to overlap_75/SRPP5_TK/SRPP5_TK.log
2021-04-03 11:21:02,745 - INFO - References:
 - SRPP5_TK
2021-04-03 11:21:02,745 - INFO - Primary reference for coordinate system: SRPP5_TK
2021-04-03 11:21:02,745 - INFO - Considering primers from all references
2021-04-03 11:21:04,559 - INFO - All done! Scheme created with 3 regions, 0 gaps, 65.88% coverage
2021-04-03 11:21:04,559 - INFO - Writing overlap_75/SRPP5_TK/SRPP5_TK.primer.bed
2021-04-03 11:21:04,561 - INFO - Writing overlap_75/SRPP5_TK/SRPP5_TK.insert.bed
2021-04-03 11:21:04,561 - INFO - Writing overlap_75/SRPP5_TK/SRPP5_TK.primer.tsv
2021-04-03 11:21:04,562 - INFO - Writing overlap_75/SRPP5_TK/SRPP5_TK.reference.fasta
2021-04-03 11:21:04,565 - INFO - Writing overlap_75/SRPP5_TK/SRPP5_TK.plot.pdf
2021-04-03 11:21:04,565 - INFO - Writing overlap_75/SRPP5_TK/SRPP5_TK.plot.svg
2021-04-03 11:21:04,579 - INFO - Writing overlap_75/SRPP5_TK/SRPP5_TK.report.json
2021-04-04 19:11:38,239 - INFO - Writing log to overlap_75/SRPP5_TK/SRPP5_TK.log
2021-04-04 19:11:38,260 - INFO - References:
 - SRPP5_TK
2021-04-04 19:11:38,260 - INFO - Primary reference for coordinate system: SRPP5_TK
2021-04-04 19:11:38,260 - INFO - Considering primers from all references
2021-04-04 19:11:40,273 - INFO - All done! Scheme created with 3 regions, 0 gaps, 65.88% coverage
2021-04-04 19:11:40,273 - INFO - Writing overlap_75/SRPP5_TK/SRPP5_TK.primer.bed
2021-04-04 19:11:40,277 - INFO - Writing overlap_75/SRPP5_TK/SRPP5_TK.insert.bed
2021-04-04 19:11:40,280 - INFO - Writing overlap_75/SRPP5_TK/SRPP5_TK.primer.tsv
2021-04-04 19:11:40,283 - INFO - Writing overlap_75/SRPP5_TK/SRPP5_TK.reference.fasta
2021-04-04 19:11:40,291 - INFO - Writing overlap_75/SRPP5_TK/SRPP5_TK.plot.pdf
2021-04-04 19:11:40,291 - INFO - Writing overlap_75/SRPP5_TK/SRPP5_TK.plot.svg
2021-04-04 19:11:40,316 - INFO - Writing overlap_75/SRPP5_TK/SRPP5_TK.report.json
