2021-04-02 20:47:48,456 - INFO - Writing log to overlap_70/PPMK2_TK/PPMK2_TK.log
2021-04-02 20:47:48,480 - INFO - References:
 - PPMK2_TK
2021-04-02 20:47:48,480 - INFO - Primary reference for coordinate system: PPMK2_TK
2021-04-02 20:47:48,480 - INFO - Considering primers from all references
2021-04-02 20:47:57,837 - INFO - All done! Scheme created with 12 regions, 2 gaps, 84.12% coverage
2021-04-02 20:47:57,838 - INFO - Writing overlap_70/PPMK2_TK/PPMK2_TK.primer.bed
2021-04-02 20:47:57,839 - INFO - Writing overlap_70/PPMK2_TK/PPMK2_TK.insert.bed
2021-04-02 20:47:57,840 - INFO - Writing overlap_70/PPMK2_TK/PPMK2_TK.primer.tsv
2021-04-02 20:47:57,841 - INFO - Writing overlap_70/PPMK2_TK/PPMK2_TK.reference.fasta
2021-04-02 20:47:57,849 - INFO - Writing overlap_70/PPMK2_TK/PPMK2_TK.plot.pdf
2021-04-02 20:47:57,849 - INFO - Writing overlap_70/PPMK2_TK/PPMK2_TK.plot.svg
2021-04-02 20:47:57,882 - INFO - Writing overlap_70/PPMK2_TK/PPMK2_TK.report.json
2021-04-03 02:22:35,147 - INFO - Writing log to overlap_70/PPMK2_TK/PPMK2_TK.log
2021-04-03 02:22:35,164 - INFO - References:
 - PPMK2_TK
2021-04-03 02:22:35,164 - INFO - Primary reference for coordinate system: PPMK2_TK
2021-04-03 02:22:35,164 - INFO - Considering primers from all references
2021-04-03 02:22:44,460 - INFO - All done! Scheme created with 12 regions, 2 gaps, 84.12% coverage
2021-04-03 02:22:44,460 - INFO - Writing overlap_70/PPMK2_TK/PPMK2_TK.primer.bed
2021-04-03 02:22:44,464 - INFO - Writing overlap_70/PPMK2_TK/PPMK2_TK.insert.bed
2021-04-03 02:22:44,469 - INFO - Writing overlap_70/PPMK2_TK/PPMK2_TK.primer.tsv
2021-04-03 02:22:44,474 - INFO - Writing overlap_70/PPMK2_TK/PPMK2_TK.reference.fasta
2021-04-03 02:22:44,486 - INFO - Writing overlap_70/PPMK2_TK/PPMK2_TK.plot.pdf
2021-04-03 02:22:44,486 - INFO - Writing overlap_70/PPMK2_TK/PPMK2_TK.plot.svg
2021-04-03 02:22:44,526 - INFO - Writing overlap_70/PPMK2_TK/PPMK2_TK.report.json
2021-04-04 18:54:22,383 - INFO - Writing log to overlap_70/PPMK2_TK/PPMK2_TK.log
2021-04-04 18:54:22,406 - INFO - References:
 - PPMK2_TK
2021-04-04 18:54:22,406 - INFO - Primary reference for coordinate system: PPMK2_TK
2021-04-04 18:54:22,406 - INFO - Considering primers from all references
2021-04-04 18:54:31,013 - INFO - All done! Scheme created with 12 regions, 2 gaps, 84.12% coverage
2021-04-04 18:54:31,013 - INFO - Writing overlap_70/PPMK2_TK/PPMK2_TK.primer.bed
2021-04-04 18:54:31,016 - INFO - Writing overlap_70/PPMK2_TK/PPMK2_TK.insert.bed
2021-04-04 18:54:31,019 - INFO - Writing overlap_70/PPMK2_TK/PPMK2_TK.primer.tsv
2021-04-04 18:54:31,022 - INFO - Writing overlap_70/PPMK2_TK/PPMK2_TK.reference.fasta
2021-04-04 18:54:31,031 - INFO - Writing overlap_70/PPMK2_TK/PPMK2_TK.plot.pdf
2021-04-04 18:54:31,031 - INFO - Writing overlap_70/PPMK2_TK/PPMK2_TK.plot.svg
2021-04-04 18:54:31,064 - INFO - Writing overlap_70/PPMK2_TK/PPMK2_TK.report.json
