2021-04-03 11:23:20,105 - INFO - Writing log to overlap_80/3H3MC1_TK/3H3MC1_TK.log
2021-04-03 11:23:20,111 - INFO - References:
 - 3H3MC1_TK
2021-04-03 11:23:20,111 - INFO - Primary reference for coordinate system: 3H3MC1_TK
2021-04-03 11:23:20,111 - INFO - Considering primers from all references
2021-04-03 11:23:25,186 - INFO - All done! Scheme created with 8 regions, 3 gaps, 78.69% coverage
2021-04-03 11:23:25,186 - INFO - Writing overlap_80/3H3MC1_TK/3H3MC1_TK.primer.bed
2021-04-03 11:23:25,187 - INFO - Writing overlap_80/3H3MC1_TK/3H3MC1_TK.insert.bed
2021-04-03 11:23:25,188 - INFO - Writing overlap_80/3H3MC1_TK/3H3MC1_TK.primer.tsv
2021-04-03 11:23:25,188 - INFO - Writing overlap_80/3H3MC1_TK/3H3MC1_TK.reference.fasta
2021-04-03 11:23:25,193 - INFO - Writing overlap_80/3H3MC1_TK/3H3MC1_TK.plot.pdf
2021-04-03 11:23:25,193 - INFO - Writing overlap_80/3H3MC1_TK/3H3MC1_TK.plot.svg
2021-04-03 11:23:25,213 - INFO - Writing overlap_80/3H3MC1_TK/3H3MC1_TK.report.json
2021-04-04 19:14:11,570 - INFO - Writing log to overlap_80/3H3MC1_TK/3H3MC1_TK.log
2021-04-04 19:14:11,590 - INFO - References:
 - 3H3MC1_TK
2021-04-04 19:14:11,590 - INFO - Primary reference for coordinate system: 3H3MC1_TK
2021-04-04 19:14:11,590 - INFO - Considering primers from all references
2021-04-04 19:14:17,087 - INFO - All done! Scheme created with 8 regions, 3 gaps, 78.69% coverage
2021-04-04 19:14:17,087 - INFO - Writing overlap_80/3H3MC1_TK/3H3MC1_TK.primer.bed
2021-04-04 19:14:17,092 - INFO - Writing overlap_80/3H3MC1_TK/3H3MC1_TK.insert.bed
2021-04-04 19:14:17,103 - INFO - Writing overlap_80/3H3MC1_TK/3H3MC1_TK.primer.tsv
2021-04-04 19:14:17,107 - INFO - Writing overlap_80/3H3MC1_TK/3H3MC1_TK.reference.fasta
2021-04-04 19:14:17,116 - INFO - Writing overlap_80/3H3MC1_TK/3H3MC1_TK.plot.pdf
2021-04-04 19:14:17,116 - INFO - Writing overlap_80/3H3MC1_TK/3H3MC1_TK.plot.svg
2021-04-04 19:14:17,145 - INFO - Writing overlap_80/3H3MC1_TK/3H3MC1_TK.report.json
