2021-04-03 01:39:51,811 - INFO - Writing log to overlap_60/ACC2_TK/ACC2_TK.log
2021-04-03 01:39:51,820 - INFO - References:
 - ACC2_TK
2021-04-03 01:39:51,820 - INFO - Primary reference for coordinate system: ACC2_TK
2021-04-03 01:39:51,820 - INFO - Considering primers from all references
2021-04-03 01:40:00,696 - INFO - All done! Scheme created with 11 regions, 5 gaps, 80.07% coverage
2021-04-03 01:40:00,696 - INFO - Writing overlap_60/ACC2_TK/ACC2_TK.primer.bed
2021-04-03 01:40:00,697 - INFO - Writing overlap_60/ACC2_TK/ACC2_TK.insert.bed
2021-04-03 01:40:00,697 - INFO - Writing overlap_60/ACC2_TK/ACC2_TK.primer.tsv
2021-04-03 01:40:00,698 - INFO - Writing overlap_60/ACC2_TK/ACC2_TK.reference.fasta
2021-04-03 01:40:00,706 - INFO - Writing overlap_60/ACC2_TK/ACC2_TK.plot.pdf
2021-04-03 01:40:00,706 - INFO - Writing overlap_60/ACC2_TK/ACC2_TK.plot.svg
2021-04-03 01:40:00,735 - INFO - Writing overlap_60/ACC2_TK/ACC2_TK.report.json
2021-04-04 18:15:34,954 - INFO - Writing log to overlap_60/ACC2_TK/ACC2_TK.log
2021-04-04 18:15:34,983 - INFO - References:
 - ACC2_TK
2021-04-04 18:15:34,983 - INFO - Primary reference for coordinate system: ACC2_TK
2021-04-04 18:15:34,983 - INFO - Considering primers from all references
2021-04-04 18:15:43,111 - INFO - All done! Scheme created with 11 regions, 5 gaps, 80.07% coverage
2021-04-04 18:15:43,111 - INFO - Writing overlap_60/ACC2_TK/ACC2_TK.primer.bed
2021-04-04 18:15:43,114 - INFO - Writing overlap_60/ACC2_TK/ACC2_TK.insert.bed
2021-04-04 18:15:43,116 - INFO - Writing overlap_60/ACC2_TK/ACC2_TK.primer.tsv
2021-04-04 18:15:43,118 - INFO - Writing overlap_60/ACC2_TK/ACC2_TK.reference.fasta
2021-04-04 18:15:43,126 - INFO - Writing overlap_60/ACC2_TK/ACC2_TK.plot.pdf
2021-04-04 18:15:43,127 - INFO - Writing overlap_60/ACC2_TK/ACC2_TK.plot.svg
2021-04-04 18:15:43,156 - INFO - Writing overlap_60/ACC2_TK/ACC2_TK.report.json
