2021-04-03 11:31:52,403 - INFO - Writing log to overlap_80/PK1_TK/PK1_TK.log
2021-04-03 11:31:52,409 - INFO - References:
 - PK1_TK
2021-04-03 11:31:52,409 - INFO - Primary reference for coordinate system: PK1_TK
2021-04-03 11:31:52,409 - INFO - Considering primers from all references
2021-04-03 11:31:54,877 - INFO - All done! Scheme created with 4 regions, 1 gap, 50.27% coverage
2021-04-03 11:31:54,877 - INFO - Writing overlap_80/PK1_TK/PK1_TK.primer.bed
2021-04-03 11:31:54,878 - INFO - Writing overlap_80/PK1_TK/PK1_TK.insert.bed
2021-04-03 11:31:54,878 - INFO - Writing overlap_80/PK1_TK/PK1_TK.primer.tsv
2021-04-03 11:31:54,879 - INFO - Writing overlap_80/PK1_TK/PK1_TK.reference.fasta
2021-04-03 11:31:54,882 - INFO - Writing overlap_80/PK1_TK/PK1_TK.plot.pdf
2021-04-03 11:31:54,882 - INFO - Writing overlap_80/PK1_TK/PK1_TK.plot.svg
2021-04-03 11:31:54,913 - INFO - Writing overlap_80/PK1_TK/PK1_TK.report.json
2021-04-04 19:23:40,215 - INFO - Writing log to overlap_80/PK1_TK/PK1_TK.log
2021-04-04 19:23:40,255 - INFO - References:
 - PK1_TK
2021-04-04 19:23:40,255 - INFO - Primary reference for coordinate system: PK1_TK
2021-04-04 19:23:40,255 - INFO - Considering primers from all references
2021-04-04 19:23:43,034 - INFO - All done! Scheme created with 4 regions, 1 gap, 50.27% coverage
2021-04-04 19:23:43,034 - INFO - Writing overlap_80/PK1_TK/PK1_TK.primer.bed
2021-04-04 19:23:43,037 - INFO - Writing overlap_80/PK1_TK/PK1_TK.insert.bed
2021-04-04 19:23:43,040 - INFO - Writing overlap_80/PK1_TK/PK1_TK.primer.tsv
2021-04-04 19:23:43,042 - INFO - Writing overlap_80/PK1_TK/PK1_TK.reference.fasta
2021-04-04 19:23:43,048 - INFO - Writing overlap_80/PK1_TK/PK1_TK.plot.pdf
2021-04-04 19:23:43,048 - INFO - Writing overlap_80/PK1_TK/PK1_TK.plot.svg
2021-04-04 19:23:43,087 - INFO - Writing overlap_80/PK1_TK/PK1_TK.report.json
