2020-12-01 05:21:30,294 - INFO - Writing log to overlap_55/REF_TK/REF_TK.log
2020-12-01 05:21:30,300 - INFO - References:
 - REF_TK
2020-12-01 05:21:30,300 - INFO - Primary reference for coordinate system: REF_TK
2020-12-01 05:21:30,300 - INFO - Considering primers from all references
2020-12-01 05:21:30,979 - INFO - All done! Scheme created with 13 regions, 3 gaps, 81.56% coverage
2020-12-01 05:21:30,980 - INFO - Writing overlap_55/REF_TK/REF_TK.primer.bed
2020-12-01 05:21:30,981 - INFO - Writing overlap_55/REF_TK/REF_TK.insert.bed
2020-12-01 05:21:30,982 - INFO - Writing overlap_55/REF_TK/REF_TK.primer.tsv
2020-12-01 05:21:30,983 - INFO - Writing overlap_55/REF_TK/REF_TK.reference.fasta
2020-12-01 05:21:30,989 - INFO - Writing overlap_55/REF_TK/REF_TK.plot.pdf
2020-12-01 05:21:30,989 - INFO - Writing overlap_55/REF_TK/REF_TK.plot.svg
2020-12-01 05:21:31,014 - INFO - Writing overlap_55/REF_TK/REF_TK.report.json
2021-04-03 01:33:42,166 - INFO - Writing log to overlap_55/REF_TK/REF_TK.log
2021-04-03 01:33:42,206 - INFO - References:
 - REF_TK
2021-04-03 01:33:42,206 - INFO - Primary reference for coordinate system: REF_TK
2021-04-03 01:33:42,206 - INFO - Considering primers from all references
2021-04-03 01:33:46,728 - INFO - All done! Scheme created with 6 regions, 1 gap, 73.54% coverage
2021-04-03 01:33:46,729 - INFO - Writing overlap_55/REF_TK/REF_TK.primer.bed
2021-04-03 01:33:46,733 - INFO - Writing overlap_55/REF_TK/REF_TK.insert.bed
2021-04-03 01:33:46,737 - INFO - Writing overlap_55/REF_TK/REF_TK.primer.tsv
2021-04-03 01:33:46,742 - INFO - Writing overlap_55/REF_TK/REF_TK.reference.fasta
2021-04-03 01:33:46,751 - INFO - Writing overlap_55/REF_TK/REF_TK.plot.pdf
2021-04-03 01:33:46,751 - INFO - Writing overlap_55/REF_TK/REF_TK.plot.svg
2021-04-03 01:33:46,796 - INFO - Writing overlap_55/REF_TK/REF_TK.report.json
