2021-04-03 00:35:57,475 - INFO - Writing log to overlap_40/CYP716A263_TK/CYP716A263_TK.log
2021-04-03 00:35:57,502 - INFO - References:
 - CYP716A263_TK
2021-04-03 00:35:57,503 - INFO - Primary reference for coordinate system: CYP716A263_TK
2021-04-03 00:35:57,503 - INFO - Considering primers from all references
2021-04-03 00:36:05,421 - INFO - All done! Scheme created with 10 regions, 4 gaps, 79.4% coverage
2021-04-03 00:36:05,421 - INFO - Writing overlap_40/CYP716A263_TK/CYP716A263_TK.primer.bed
2021-04-03 00:36:05,422 - INFO - Writing overlap_40/CYP716A263_TK/CYP716A263_TK.insert.bed
2021-04-03 00:36:05,423 - INFO - Writing overlap_40/CYP716A263_TK/CYP716A263_TK.primer.tsv
2021-04-03 00:36:05,424 - INFO - Writing overlap_40/CYP716A263_TK/CYP716A263_TK.reference.fasta
2021-04-03 00:36:05,431 - INFO - Writing overlap_40/CYP716A263_TK/CYP716A263_TK.plot.pdf
2021-04-03 00:36:05,432 - INFO - Writing overlap_40/CYP716A263_TK/CYP716A263_TK.plot.svg
2021-04-03 00:36:05,462 - INFO - Writing overlap_40/CYP716A263_TK/CYP716A263_TK.report.json
2021-04-04 17:17:51,497 - INFO - Writing log to overlap_40/CYP716A263_TK/CYP716A263_TK.log
2021-04-04 17:17:51,552 - INFO - References:
 - CYP716A263_TK
2021-04-04 17:17:51,552 - INFO - Primary reference for coordinate system: CYP716A263_TK
2021-04-04 17:17:51,552 - INFO - Considering primers from all references
2021-04-04 17:17:58,713 - INFO - All done! Scheme created with 10 regions, 4 gaps, 79.4% coverage
2021-04-04 17:17:58,713 - INFO - Writing overlap_40/CYP716A263_TK/CYP716A263_TK.primer.bed
2021-04-04 17:17:58,719 - INFO - Writing overlap_40/CYP716A263_TK/CYP716A263_TK.insert.bed
2021-04-04 17:17:58,724 - INFO - Writing overlap_40/CYP716A263_TK/CYP716A263_TK.primer.tsv
2021-04-04 17:17:58,729 - INFO - Writing overlap_40/CYP716A263_TK/CYP716A263_TK.reference.fasta
2021-04-04 17:17:58,740 - INFO - Writing overlap_40/CYP716A263_TK/CYP716A263_TK.plot.pdf
2021-04-04 17:17:58,740 - INFO - Writing overlap_40/CYP716A263_TK/CYP716A263_TK.plot.svg
2021-04-04 17:17:58,776 - INFO - Writing overlap_40/CYP716A263_TK/CYP716A263_TK.report.json
