2021-04-03 00:55:33,308 - INFO - Writing log to overlap_45/IPPK_TK/IPPK_TK.log
2021-04-03 00:55:33,316 - INFO - References:
 - IPPK_TK
2021-04-03 00:55:33,316 - INFO - Primary reference for coordinate system: IPPK_TK
2021-04-03 00:55:33,316 - INFO - Considering primers from all references
2021-04-03 00:55:36,207 - INFO - All done! Scheme created with 4 regions, 0 gaps, 68.6% coverage
2021-04-03 00:55:36,207 - INFO - Writing overlap_45/IPPK_TK/IPPK_TK.primer.bed
2021-04-03 00:55:36,209 - INFO - Writing overlap_45/IPPK_TK/IPPK_TK.insert.bed
2021-04-03 00:55:36,210 - INFO - Writing overlap_45/IPPK_TK/IPPK_TK.primer.tsv
2021-04-03 00:55:36,211 - INFO - Writing overlap_45/IPPK_TK/IPPK_TK.reference.fasta
2021-04-03 00:55:36,215 - INFO - Writing overlap_45/IPPK_TK/IPPK_TK.plot.pdf
2021-04-03 00:55:36,216 - INFO - Writing overlap_45/IPPK_TK/IPPK_TK.plot.svg
2021-04-03 00:55:36,270 - INFO - Writing overlap_45/IPPK_TK/IPPK_TK.report.json
2021-04-04 17:35:39,293 - INFO - Writing log to overlap_45/IPPK_TK/IPPK_TK.log
2021-04-04 17:35:39,324 - INFO - References:
 - IPPK_TK
2021-04-04 17:35:39,325 - INFO - Primary reference for coordinate system: IPPK_TK
2021-04-04 17:35:39,325 - INFO - Considering primers from all references
2021-04-04 17:35:41,987 - INFO - All done! Scheme created with 4 regions, 0 gaps, 68.6% coverage
2021-04-04 17:35:41,987 - INFO - Writing overlap_45/IPPK_TK/IPPK_TK.primer.bed
2021-04-04 17:35:41,991 - INFO - Writing overlap_45/IPPK_TK/IPPK_TK.insert.bed
2021-04-04 17:35:41,995 - INFO - Writing overlap_45/IPPK_TK/IPPK_TK.primer.tsv
2021-04-04 17:35:41,999 - INFO - Writing overlap_45/IPPK_TK/IPPK_TK.reference.fasta
2021-04-04 17:35:42,005 - INFO - Writing overlap_45/IPPK_TK/IPPK_TK.plot.pdf
2021-04-04 17:35:42,006 - INFO - Writing overlap_45/IPPK_TK/IPPK_TK.plot.svg
2021-04-04 17:35:42,049 - INFO - Writing overlap_45/IPPK_TK/IPPK_TK.report.json
