2021-04-03 11:34:28,148 - INFO - Writing log to overlap_80/SRPP6_TK/SRPP6_TK.log
2021-04-03 11:34:28,153 - INFO - References:
 - SRPP6_TK
2021-04-03 11:34:28,153 - INFO - Primary reference for coordinate system: SRPP6_TK
2021-04-03 11:34:28,153 - INFO - Considering primers from all references
2021-04-03 11:34:30,590 - INFO - All done! Scheme created with 4 regions, 1 gap, 61.05% coverage
2021-04-03 11:34:30,590 - INFO - Writing overlap_80/SRPP6_TK/SRPP6_TK.primer.bed
2021-04-03 11:34:30,592 - INFO - Writing overlap_80/SRPP6_TK/SRPP6_TK.insert.bed
2021-04-03 11:34:30,592 - INFO - Writing overlap_80/SRPP6_TK/SRPP6_TK.primer.tsv
2021-04-03 11:34:30,593 - INFO - Writing overlap_80/SRPP6_TK/SRPP6_TK.reference.fasta
2021-04-03 11:34:30,597 - INFO - Writing overlap_80/SRPP6_TK/SRPP6_TK.plot.pdf
2021-04-03 11:34:30,597 - INFO - Writing overlap_80/SRPP6_TK/SRPP6_TK.plot.svg
2021-04-03 11:34:30,630 - INFO - Writing overlap_80/SRPP6_TK/SRPP6_TK.report.json
2021-04-04 19:26:34,500 - INFO - Writing log to overlap_80/SRPP6_TK/SRPP6_TK.log
2021-04-04 19:26:34,514 - INFO - References:
 - SRPP6_TK
2021-04-04 19:26:34,514 - INFO - Primary reference for coordinate system: SRPP6_TK
2021-04-04 19:26:34,514 - INFO - Considering primers from all references
2021-04-04 19:26:37,225 - INFO - All done! Scheme created with 4 regions, 1 gap, 61.05% coverage
2021-04-04 19:26:37,225 - INFO - Writing overlap_80/SRPP6_TK/SRPP6_TK.primer.bed
2021-04-04 19:26:37,228 - INFO - Writing overlap_80/SRPP6_TK/SRPP6_TK.insert.bed
2021-04-04 19:26:37,231 - INFO - Writing overlap_80/SRPP6_TK/SRPP6_TK.primer.tsv
2021-04-04 19:26:37,233 - INFO - Writing overlap_80/SRPP6_TK/SRPP6_TK.reference.fasta
2021-04-04 19:26:37,239 - INFO - Writing overlap_80/SRPP6_TK/SRPP6_TK.plot.pdf
2021-04-04 19:26:37,239 - INFO - Writing overlap_80/SRPP6_TK/SRPP6_TK.plot.svg
2021-04-04 19:26:37,282 - INFO - Writing overlap_80/SRPP6_TK/SRPP6_TK.report.json
