2021-04-03 01:32:37,279 - INFO - Writing log to overlap_55/PP2A-3_TK/PP2A-3_TK.log
2021-04-03 01:32:37,346 - INFO - References:
 - PP2A-3_TK
2021-04-03 01:32:37,346 - INFO - Primary reference for coordinate system: PP2A-3_TK
2021-04-03 01:32:37,346 - INFO - Considering primers from all references
2021-04-03 01:32:49,764 - INFO - All done! Scheme created with 15 regions, 6 gaps, 81.39% coverage
2021-04-03 01:32:49,764 - INFO - Writing overlap_55/PP2A-3_TK/PP2A-3_TK.primer.bed
2021-04-03 01:32:49,765 - INFO - Writing overlap_55/PP2A-3_TK/PP2A-3_TK.insert.bed
2021-04-03 01:32:49,766 - INFO - Writing overlap_55/PP2A-3_TK/PP2A-3_TK.primer.tsv
2021-04-03 01:32:49,767 - INFO - Writing overlap_55/PP2A-3_TK/PP2A-3_TK.reference.fasta
2021-04-03 01:32:49,776 - INFO - Writing overlap_55/PP2A-3_TK/PP2A-3_TK.plot.pdf
2021-04-03 01:32:49,776 - INFO - Writing overlap_55/PP2A-3_TK/PP2A-3_TK.plot.svg
2021-04-03 01:32:49,815 - INFO - Writing overlap_55/PP2A-3_TK/PP2A-3_TK.report.json
2021-04-04 18:09:04,197 - INFO - Writing log to overlap_55/PP2A-3_TK/PP2A-3_TK.log
2021-04-04 18:09:04,240 - INFO - References:
 - PP2A-3_TK
2021-04-04 18:09:04,240 - INFO - Primary reference for coordinate system: PP2A-3_TK
2021-04-04 18:09:04,240 - INFO - Considering primers from all references
2021-04-04 18:09:15,466 - INFO - All done! Scheme created with 15 regions, 6 gaps, 81.39% coverage
2021-04-04 18:09:15,467 - INFO - Writing overlap_55/PP2A-3_TK/PP2A-3_TK.primer.bed
2021-04-04 18:09:15,469 - INFO - Writing overlap_55/PP2A-3_TK/PP2A-3_TK.insert.bed
2021-04-04 18:09:15,472 - INFO - Writing overlap_55/PP2A-3_TK/PP2A-3_TK.primer.tsv
2021-04-04 18:09:15,475 - INFO - Writing overlap_55/PP2A-3_TK/PP2A-3_TK.reference.fasta
2021-04-04 18:09:15,485 - INFO - Writing overlap_55/PP2A-3_TK/PP2A-3_TK.plot.pdf
2021-04-04 18:09:15,485 - INFO - Writing overlap_55/PP2A-3_TK/PP2A-3_TK.plot.svg
2021-04-04 18:09:15,524 - INFO - Writing overlap_55/PP2A-3_TK/PP2A-3_TK.report.json
