2021-04-03 01:19:40,682 - INFO - Writing log to overlap_55/1DDX5PR1_TK/1DDX5PR1_TK.log
2021-04-03 01:19:40,691 - INFO - References:
 - 1DDX5PR1_TK
2021-04-03 01:19:40,691 - INFO - Primary reference for coordinate system: 1DDX5PR1_TK
2021-04-03 01:19:40,691 - INFO - Considering primers from all references
2021-04-03 01:19:50,582 - INFO - All done! Scheme created with 12 regions, 2 gaps, 84.54% coverage
2021-04-03 01:19:50,583 - INFO - Writing overlap_55/1DDX5PR1_TK/1DDX5PR1_TK.primer.bed
2021-04-03 01:19:50,584 - INFO - Writing overlap_55/1DDX5PR1_TK/1DDX5PR1_TK.insert.bed
2021-04-03 01:19:50,584 - INFO - Writing overlap_55/1DDX5PR1_TK/1DDX5PR1_TK.primer.tsv
2021-04-03 01:19:50,585 - INFO - Writing overlap_55/1DDX5PR1_TK/1DDX5PR1_TK.reference.fasta
2021-04-03 01:19:50,593 - INFO - Writing overlap_55/1DDX5PR1_TK/1DDX5PR1_TK.plot.pdf
2021-04-03 01:19:50,593 - INFO - Writing overlap_55/1DDX5PR1_TK/1DDX5PR1_TK.plot.svg
2021-04-03 01:19:50,626 - INFO - Writing overlap_55/1DDX5PR1_TK/1DDX5PR1_TK.report.json
2021-04-04 17:57:29,499 - INFO - Writing log to overlap_55/1DDX5PR1_TK/1DDX5PR1_TK.log
2021-04-04 17:57:29,527 - INFO - References:
 - 1DDX5PR1_TK
2021-04-04 17:57:29,527 - INFO - Primary reference for coordinate system: 1DDX5PR1_TK
2021-04-04 17:57:29,527 - INFO - Considering primers from all references
2021-04-04 17:57:38,182 - INFO - All done! Scheme created with 12 regions, 2 gaps, 84.54% coverage
2021-04-04 17:57:38,182 - INFO - Writing overlap_55/1DDX5PR1_TK/1DDX5PR1_TK.primer.bed
2021-04-04 17:57:38,185 - INFO - Writing overlap_55/1DDX5PR1_TK/1DDX5PR1_TK.insert.bed
2021-04-04 17:57:38,187 - INFO - Writing overlap_55/1DDX5PR1_TK/1DDX5PR1_TK.primer.tsv
2021-04-04 17:57:38,190 - INFO - Writing overlap_55/1DDX5PR1_TK/1DDX5PR1_TK.reference.fasta
2021-04-04 17:57:38,199 - INFO - Writing overlap_55/1DDX5PR1_TK/1DDX5PR1_TK.plot.pdf
2021-04-04 17:57:38,199 - INFO - Writing overlap_55/1DDX5PR1_TK/1DDX5PR1_TK.plot.svg
2021-04-04 17:57:38,235 - INFO - Writing overlap_55/1DDX5PR1_TK/1DDX5PR1_TK.report.json
