2021-04-03 00:36:32,749 - INFO - Writing log to overlap_40/DOG_1_TK/DOG_1_TK.log
2021-04-03 00:36:32,758 - INFO - References:
 - DOG_1_TK
2021-04-03 00:36:32,758 - INFO - Primary reference for coordinate system: DOG_1_TK
2021-04-03 00:36:32,758 - INFO - Considering primers from all references
2021-04-03 00:36:37,270 - INFO - All done! Scheme created with 6 regions, 2 gaps, 81.91% coverage
2021-04-03 00:36:37,270 - INFO - Writing overlap_40/DOG_1_TK/DOG_1_TK.primer.bed
2021-04-03 00:36:37,271 - INFO - Writing overlap_40/DOG_1_TK/DOG_1_TK.insert.bed
2021-04-03 00:36:37,271 - INFO - Writing overlap_40/DOG_1_TK/DOG_1_TK.primer.tsv
2021-04-03 00:36:37,272 - INFO - Writing overlap_40/DOG_1_TK/DOG_1_TK.reference.fasta
2021-04-03 00:36:37,278 - INFO - Writing overlap_40/DOG_1_TK/DOG_1_TK.plot.pdf
2021-04-03 00:36:37,278 - INFO - Writing overlap_40/DOG_1_TK/DOG_1_TK.plot.svg
2021-04-03 00:36:37,301 - INFO - Writing overlap_40/DOG_1_TK/DOG_1_TK.report.json
2021-04-04 17:18:22,933 - INFO - Writing log to overlap_40/DOG_1_TK/DOG_1_TK.log
2021-04-04 17:18:22,972 - INFO - References:
 - DOG_1_TK
2021-04-04 17:18:22,972 - INFO - Primary reference for coordinate system: DOG_1_TK
2021-04-04 17:18:22,972 - INFO - Considering primers from all references
2021-04-04 17:18:27,032 - INFO - All done! Scheme created with 6 regions, 2 gaps, 81.91% coverage
2021-04-04 17:18:27,032 - INFO - Writing overlap_40/DOG_1_TK/DOG_1_TK.primer.bed
2021-04-04 17:18:27,036 - INFO - Writing overlap_40/DOG_1_TK/DOG_1_TK.insert.bed
2021-04-04 17:18:27,040 - INFO - Writing overlap_40/DOG_1_TK/DOG_1_TK.primer.tsv
2021-04-04 17:18:27,044 - INFO - Writing overlap_40/DOG_1_TK/DOG_1_TK.reference.fasta
2021-04-04 17:18:27,051 - INFO - Writing overlap_40/DOG_1_TK/DOG_1_TK.plot.pdf
2021-04-04 17:18:27,051 - INFO - Writing overlap_40/DOG_1_TK/DOG_1_TK.plot.svg
2021-04-04 17:18:27,077 - INFO - Writing overlap_40/DOG_1_TK/DOG_1_TK.report.json
