2021-04-03 11:39:22,377 - INFO - Writing log to overlap_85/cluster_4H3M2EDPR_TK/cluster_4H3M2EDPR_TK.log
2021-04-03 11:39:22,383 - INFO - References:
 - 4H3M2EDPR1_TK
 - 4H3M2EDPR3_TK
2021-04-03 11:39:22,383 - INFO - Primary reference for coordinate system: 4H3M2EDPR1_TK
2021-04-03 11:39:22,383 - INFO - Considering primers from all references
2021-04-03 11:39:30,513 - INFO - All done! Scheme created with 11 regions, 4 gaps, 73.82% coverage
2021-04-03 11:39:30,513 - INFO - Writing overlap_85/cluster_4H3M2EDPR_TK/cluster_4H3M2EDPR_TK.primer.bed
2021-04-03 11:39:30,514 - INFO - Writing overlap_85/cluster_4H3M2EDPR_TK/cluster_4H3M2EDPR_TK.insert.bed
2021-04-03 11:39:30,514 - INFO - Writing overlap_85/cluster_4H3M2EDPR_TK/cluster_4H3M2EDPR_TK.primer.tsv
2021-04-03 11:39:30,515 - INFO - Writing overlap_85/cluster_4H3M2EDPR_TK/cluster_4H3M2EDPR_TK.reference.fasta
2021-04-03 11:39:30,521 - INFO - Writing overlap_85/cluster_4H3M2EDPR_TK/cluster_4H3M2EDPR_TK.plot.pdf
2021-04-03 11:39:30,521 - INFO - Writing overlap_85/cluster_4H3M2EDPR_TK/cluster_4H3M2EDPR_TK.plot.svg
2021-04-03 11:39:30,546 - INFO - Writing overlap_85/cluster_4H3M2EDPR_TK/cluster_4H3M2EDPR_TK.report.json
2021-04-04 19:32:03,968 - INFO - Writing log to overlap_85/cluster_4H3M2EDPR_TK/cluster_4H3M2EDPR_TK.log
2021-04-04 19:32:03,989 - INFO - References:
 - 4H3M2EDPR1_TK
 - 4H3M2EDPR3_TK
2021-04-04 19:32:03,989 - INFO - Primary reference for coordinate system: 4H3M2EDPR1_TK
2021-04-04 19:32:03,989 - INFO - Considering primers from all references
2021-04-04 19:32:13,036 - INFO - All done! Scheme created with 11 regions, 4 gaps, 73.82% coverage
2021-04-04 19:32:13,036 - INFO - Writing overlap_85/cluster_4H3M2EDPR_TK/cluster_4H3M2EDPR_TK.primer.bed
2021-04-04 19:32:13,039 - INFO - Writing overlap_85/cluster_4H3M2EDPR_TK/cluster_4H3M2EDPR_TK.insert.bed
2021-04-04 19:32:13,042 - INFO - Writing overlap_85/cluster_4H3M2EDPR_TK/cluster_4H3M2EDPR_TK.primer.tsv
2021-04-04 19:32:13,044 - INFO - Writing overlap_85/cluster_4H3M2EDPR_TK/cluster_4H3M2EDPR_TK.reference.fasta
2021-04-04 19:32:13,053 - INFO - Writing overlap_85/cluster_4H3M2EDPR_TK/cluster_4H3M2EDPR_TK.plot.pdf
2021-04-04 19:32:13,053 - INFO - Writing overlap_85/cluster_4H3M2EDPR_TK/cluster_4H3M2EDPR_TK.plot.svg
2021-04-04 19:32:13,085 - INFO - Writing overlap_85/cluster_4H3M2EDPR_TK/cluster_4H3M2EDPR_TK.report.json
