2021-04-03 00:46:38,874 - INFO - Writing log to overlap_45/1DDX5PS1_TK/1DDX5PS1_TK.log
2021-04-03 00:46:38,899 - INFO - References:
 - 1DDX5PS1_TK
2021-04-03 00:46:38,899 - INFO - Primary reference for coordinate system: 1DDX5PS1_TK
2021-04-03 00:46:38,899 - INFO - Considering primers from all references
2021-04-03 00:46:52,948 - INFO - All done! Scheme created with 18 regions, 8 gaps, 83.28% coverage
2021-04-03 00:46:52,950 - INFO - Writing overlap_45/1DDX5PS1_TK/1DDX5PS1_TK.primer.bed
2021-04-03 00:46:52,951 - INFO - Writing overlap_45/1DDX5PS1_TK/1DDX5PS1_TK.insert.bed
2021-04-03 00:46:52,952 - INFO - Writing overlap_45/1DDX5PS1_TK/1DDX5PS1_TK.primer.tsv
2021-04-03 00:46:52,954 - INFO - Writing overlap_45/1DDX5PS1_TK/1DDX5PS1_TK.reference.fasta
2021-04-03 00:46:52,965 - INFO - Writing overlap_45/1DDX5PS1_TK/1DDX5PS1_TK.plot.pdf
2021-04-03 00:46:52,965 - INFO - Writing overlap_45/1DDX5PS1_TK/1DDX5PS1_TK.plot.svg
2021-04-03 00:46:53,008 - INFO - Writing overlap_45/1DDX5PS1_TK/1DDX5PS1_TK.report.json
2021-04-04 17:27:34,684 - INFO - Writing log to overlap_45/1DDX5PS1_TK/1DDX5PS1_TK.log
2021-04-04 17:27:34,699 - INFO - References:
 - 1DDX5PS1_TK
2021-04-04 17:27:34,699 - INFO - Primary reference for coordinate system: 1DDX5PS1_TK
2021-04-04 17:27:34,699 - INFO - Considering primers from all references
2021-04-04 17:27:47,523 - INFO - All done! Scheme created with 18 regions, 8 gaps, 83.28% coverage
2021-04-04 17:27:47,523 - INFO - Writing overlap_45/1DDX5PS1_TK/1DDX5PS1_TK.primer.bed
2021-04-04 17:27:47,529 - INFO - Writing overlap_45/1DDX5PS1_TK/1DDX5PS1_TK.insert.bed
2021-04-04 17:27:47,534 - INFO - Writing overlap_45/1DDX5PS1_TK/1DDX5PS1_TK.primer.tsv
2021-04-04 17:27:47,538 - INFO - Writing overlap_45/1DDX5PS1_TK/1DDX5PS1_TK.reference.fasta
2021-04-04 17:27:47,553 - INFO - Writing overlap_45/1DDX5PS1_TK/1DDX5PS1_TK.plot.pdf
2021-04-04 17:27:47,553 - INFO - Writing overlap_45/1DDX5PS1_TK/1DDX5PS1_TK.plot.svg
2021-04-04 17:27:47,601 - INFO - Writing overlap_45/1DDX5PS1_TK/1DDX5PS1_TK.report.json
