2020-12-01 05:20:59,998 - INFO - Writing log to overlap_55/4C5DP2CMDEK1_TK/4C5DP2CMDEK1_TK.log
2020-12-01 05:21:00,036 - INFO - References:
 - 4C5DP2CMDEK1_TK
2020-12-01 05:21:00,036 - INFO - Primary reference for coordinate system: 4C5DP2CMDEK1_TK
2020-12-01 05:21:00,036 - INFO - Considering primers from all references
2020-12-01 05:21:01,945 - INFO - All done! Scheme created with 18 regions, 9 gaps, 76.21% coverage
2020-12-01 05:21:01,945 - INFO - Writing overlap_55/4C5DP2CMDEK1_TK/4C5DP2CMDEK1_TK.primer.bed
2020-12-01 05:21:01,947 - INFO - Writing overlap_55/4C5DP2CMDEK1_TK/4C5DP2CMDEK1_TK.insert.bed
2020-12-01 05:21:01,947 - INFO - Writing overlap_55/4C5DP2CMDEK1_TK/4C5DP2CMDEK1_TK.primer.tsv
2020-12-01 05:21:01,948 - INFO - Writing overlap_55/4C5DP2CMDEK1_TK/4C5DP2CMDEK1_TK.reference.fasta
2020-12-01 05:21:01,956 - INFO - Writing overlap_55/4C5DP2CMDEK1_TK/4C5DP2CMDEK1_TK.plot.pdf
2020-12-01 05:21:01,956 - INFO - Writing overlap_55/4C5DP2CMDEK1_TK/4C5DP2CMDEK1_TK.plot.svg
2020-12-01 05:21:01,988 - INFO - Writing overlap_55/4C5DP2CMDEK1_TK/4C5DP2CMDEK1_TK.report.json
2021-04-03 01:22:25,727 - INFO - Writing log to overlap_55/4C5DP2CMDEK1_TK/4C5DP2CMDEK1_TK.log
2021-04-03 01:22:25,752 - INFO - References:
 - 4C5DP2CMDEK1_TK
2021-04-03 01:22:25,752 - INFO - Primary reference for coordinate system: 4C5DP2CMDEK1_TK
2021-04-03 01:22:25,752 - INFO - Considering primers from all references
2021-04-03 01:22:36,192 - INFO - All done! Scheme created with 13 regions, 4 gaps, 86.11% coverage
2021-04-03 01:22:36,193 - INFO - Writing overlap_55/4C5DP2CMDEK1_TK/4C5DP2CMDEK1_TK.primer.bed
2021-04-03 01:22:36,197 - INFO - Writing overlap_55/4C5DP2CMDEK1_TK/4C5DP2CMDEK1_TK.insert.bed
2021-04-03 01:22:36,201 - INFO - Writing overlap_55/4C5DP2CMDEK1_TK/4C5DP2CMDEK1_TK.primer.tsv
2021-04-03 01:22:36,204 - INFO - Writing overlap_55/4C5DP2CMDEK1_TK/4C5DP2CMDEK1_TK.reference.fasta
2021-04-03 01:22:36,216 - INFO - Writing overlap_55/4C5DP2CMDEK1_TK/4C5DP2CMDEK1_TK.plot.pdf
2021-04-03 01:22:36,216 - INFO - Writing overlap_55/4C5DP2CMDEK1_TK/4C5DP2CMDEK1_TK.plot.svg
2021-04-03 01:22:36,257 - INFO - Writing overlap_55/4C5DP2CMDEK1_TK/4C5DP2CMDEK1_TK.report.json
