2021-04-03 01:48:55,105 - INFO - Writing log to overlap_60/PIRL_TK/PIRL_TK.log
2021-04-03 01:48:55,114 - INFO - References:
 - PIRL_TK
2021-04-03 01:48:55,115 - INFO - Primary reference for coordinate system: PIRL_TK
2021-04-03 01:48:55,115 - INFO - Considering primers from all references
2021-04-03 01:49:02,048 - INFO - All done! Scheme created with 9 regions, 3 gaps, 75.39% coverage
2021-04-03 01:49:02,048 - INFO - Writing overlap_60/PIRL_TK/PIRL_TK.primer.bed
2021-04-03 01:49:02,049 - INFO - Writing overlap_60/PIRL_TK/PIRL_TK.insert.bed
2021-04-03 01:49:02,050 - INFO - Writing overlap_60/PIRL_TK/PIRL_TK.primer.tsv
2021-04-03 01:49:02,051 - INFO - Writing overlap_60/PIRL_TK/PIRL_TK.reference.fasta
2021-04-03 01:49:02,057 - INFO - Writing overlap_60/PIRL_TK/PIRL_TK.plot.pdf
2021-04-03 01:49:02,057 - INFO - Writing overlap_60/PIRL_TK/PIRL_TK.plot.svg
2021-04-03 01:49:02,086 - INFO - Writing overlap_60/PIRL_TK/PIRL_TK.report.json
2021-04-04 18:23:42,128 - INFO - Writing log to overlap_60/PIRL_TK/PIRL_TK.log
2021-04-04 18:23:42,167 - INFO - References:
 - PIRL_TK
2021-04-04 18:23:42,167 - INFO - Primary reference for coordinate system: PIRL_TK
2021-04-04 18:23:42,167 - INFO - Considering primers from all references
2021-04-04 18:23:48,354 - INFO - All done! Scheme created with 9 regions, 3 gaps, 75.39% coverage
2021-04-04 18:23:48,354 - INFO - Writing overlap_60/PIRL_TK/PIRL_TK.primer.bed
2021-04-04 18:23:48,357 - INFO - Writing overlap_60/PIRL_TK/PIRL_TK.insert.bed
2021-04-04 18:23:48,360 - INFO - Writing overlap_60/PIRL_TK/PIRL_TK.primer.tsv
2021-04-04 18:23:48,362 - INFO - Writing overlap_60/PIRL_TK/PIRL_TK.reference.fasta
2021-04-04 18:23:48,370 - INFO - Writing overlap_60/PIRL_TK/PIRL_TK.plot.pdf
2021-04-04 18:23:48,370 - INFO - Writing overlap_60/PIRL_TK/PIRL_TK.plot.svg
2021-04-04 18:23:48,397 - INFO - Writing overlap_60/PIRL_TK/PIRL_TK.report.json
