2021-04-03 02:05:13,971 - INFO - Writing log to overlap_65/PCK_TK/PCK_TK.log
2021-04-03 02:05:13,980 - INFO - References:
 - PCK_TK
2021-04-03 02:05:13,980 - INFO - Primary reference for coordinate system: PCK_TK
2021-04-03 02:05:13,980 - INFO - Considering primers from all references
2021-04-03 02:05:16,877 - INFO - All done! Scheme created with 4 regions, 1 gap, 68.85% coverage
2021-04-03 02:05:16,877 - INFO - Writing overlap_65/PCK_TK/PCK_TK.primer.bed
2021-04-03 02:05:16,879 - INFO - Writing overlap_65/PCK_TK/PCK_TK.insert.bed
2021-04-03 02:05:16,880 - INFO - Writing overlap_65/PCK_TK/PCK_TK.primer.tsv
2021-04-03 02:05:16,880 - INFO - Writing overlap_65/PCK_TK/PCK_TK.reference.fasta
2021-04-03 02:05:16,885 - INFO - Writing overlap_65/PCK_TK/PCK_TK.plot.pdf
2021-04-03 02:05:16,885 - INFO - Writing overlap_65/PCK_TK/PCK_TK.plot.svg
2021-04-03 02:05:16,936 - INFO - Writing overlap_65/PCK_TK/PCK_TK.report.json
2021-04-04 18:38:31,112 - INFO - Writing log to overlap_65/PCK_TK/PCK_TK.log
2021-04-04 18:38:31,126 - INFO - References:
 - PCK_TK
2021-04-04 18:38:31,126 - INFO - Primary reference for coordinate system: PCK_TK
2021-04-04 18:38:31,127 - INFO - Considering primers from all references
2021-04-04 18:38:33,807 - INFO - All done! Scheme created with 4 regions, 1 gap, 68.85% coverage
2021-04-04 18:38:33,807 - INFO - Writing overlap_65/PCK_TK/PCK_TK.primer.bed
2021-04-04 18:38:33,810 - INFO - Writing overlap_65/PCK_TK/PCK_TK.insert.bed
2021-04-04 18:38:33,812 - INFO - Writing overlap_65/PCK_TK/PCK_TK.primer.tsv
2021-04-04 18:38:33,814 - INFO - Writing overlap_65/PCK_TK/PCK_TK.reference.fasta
2021-04-04 18:38:33,820 - INFO - Writing overlap_65/PCK_TK/PCK_TK.plot.pdf
2021-04-04 18:38:33,820 - INFO - Writing overlap_65/PCK_TK/PCK_TK.plot.svg
2021-04-04 18:38:33,858 - INFO - Writing overlap_65/PCK_TK/PCK_TK.report.json
