2021-04-03 00:52:29,937 - INFO - Writing log to overlap_45/CYP716D60_TK/CYP716D60_TK.log
2021-04-03 00:52:29,946 - INFO - References:
 - CYP716D60_TK
2021-04-03 00:52:29,946 - INFO - Primary reference for coordinate system: CYP716D60_TK
2021-04-03 00:52:29,946 - INFO - Considering primers from all references
2021-04-03 00:52:43,335 - INFO - All done! Scheme created with 13 regions, 4 gaps, 84.99% coverage
2021-04-03 00:52:43,335 - INFO - Writing overlap_45/CYP716D60_TK/CYP716D60_TK.primer.bed
2021-04-03 00:52:43,336 - INFO - Writing overlap_45/CYP716D60_TK/CYP716D60_TK.insert.bed
2021-04-03 00:52:43,338 - INFO - Writing overlap_45/CYP716D60_TK/CYP716D60_TK.primer.tsv
2021-04-03 00:52:43,339 - INFO - Writing overlap_45/CYP716D60_TK/CYP716D60_TK.reference.fasta
2021-04-03 00:52:43,348 - INFO - Writing overlap_45/CYP716D60_TK/CYP716D60_TK.plot.pdf
2021-04-03 00:52:43,348 - INFO - Writing overlap_45/CYP716D60_TK/CYP716D60_TK.plot.svg
2021-04-03 00:52:43,383 - INFO - Writing overlap_45/CYP716D60_TK/CYP716D60_TK.report.json
2021-04-04 17:32:52,782 - INFO - Writing log to overlap_45/CYP716D60_TK/CYP716D60_TK.log
2021-04-04 17:32:52,802 - INFO - References:
 - CYP716D60_TK
2021-04-04 17:32:52,802 - INFO - Primary reference for coordinate system: CYP716D60_TK
2021-04-04 17:32:52,802 - INFO - Considering primers from all references
2021-04-04 17:33:04,995 - INFO - All done! Scheme created with 13 regions, 4 gaps, 84.99% coverage
2021-04-04 17:33:04,995 - INFO - Writing overlap_45/CYP716D60_TK/CYP716D60_TK.primer.bed
2021-04-04 17:33:05,000 - INFO - Writing overlap_45/CYP716D60_TK/CYP716D60_TK.insert.bed
2021-04-04 17:33:05,005 - INFO - Writing overlap_45/CYP716D60_TK/CYP716D60_TK.primer.tsv
2021-04-04 17:33:05,009 - INFO - Writing overlap_45/CYP716D60_TK/CYP716D60_TK.reference.fasta
2021-04-04 17:33:05,021 - INFO - Writing overlap_45/CYP716D60_TK/CYP716D60_TK.plot.pdf
2021-04-04 17:33:05,021 - INFO - Writing overlap_45/CYP716D60_TK/CYP716D60_TK.plot.svg
2021-04-04 17:33:05,059 - INFO - Writing overlap_45/CYP716D60_TK/CYP716D60_TK.report.json
