2020-12-01 05:21:48,785 - INFO - Writing log to overlap_60/4C5DP2CMDEK1_TK/4C5DP2CMDEK1_TK.log
2020-12-01 05:21:48,791 - INFO - References:
 - 4C5DP2CMDEK1_TK
2020-12-01 05:21:48,791 - INFO - Primary reference for coordinate system: 4C5DP2CMDEK1_TK
2020-12-01 05:21:48,791 - INFO - Considering primers from all references
2020-12-01 05:21:50,587 - INFO - All done! Scheme created with 18 regions, 9 gaps, 66.24% coverage
2020-12-01 05:21:50,587 - INFO - Writing overlap_60/4C5DP2CMDEK1_TK/4C5DP2CMDEK1_TK.primer.bed
2020-12-01 05:21:50,588 - INFO - Writing overlap_60/4C5DP2CMDEK1_TK/4C5DP2CMDEK1_TK.insert.bed
2020-12-01 05:21:50,589 - INFO - Writing overlap_60/4C5DP2CMDEK1_TK/4C5DP2CMDEK1_TK.primer.tsv
2020-12-01 05:21:50,589 - INFO - Writing overlap_60/4C5DP2CMDEK1_TK/4C5DP2CMDEK1_TK.reference.fasta
2020-12-01 05:21:50,598 - INFO - Writing overlap_60/4C5DP2CMDEK1_TK/4C5DP2CMDEK1_TK.plot.pdf
2020-12-01 05:21:50,598 - INFO - Writing overlap_60/4C5DP2CMDEK1_TK/4C5DP2CMDEK1_TK.plot.svg
2020-12-01 05:21:50,631 - INFO - Writing overlap_60/4C5DP2CMDEK1_TK/4C5DP2CMDEK1_TK.report.json
2021-04-03 01:39:08,735 - INFO - Writing log to overlap_60/4C5DP2CMDEK1_TK/4C5DP2CMDEK1_TK.log
2021-04-03 01:39:08,752 - INFO - References:
 - 4C5DP2CMDEK1_TK
2021-04-03 01:39:08,753 - INFO - Primary reference for coordinate system: 4C5DP2CMDEK1_TK
2021-04-03 01:39:08,753 - INFO - Considering primers from all references
2021-04-03 01:39:19,139 - INFO - All done! Scheme created with 13 regions, 4 gaps, 86.11% coverage
2021-04-03 01:39:19,139 - INFO - Writing overlap_60/4C5DP2CMDEK1_TK/4C5DP2CMDEK1_TK.primer.bed
2021-04-03 01:39:19,144 - INFO - Writing overlap_60/4C5DP2CMDEK1_TK/4C5DP2CMDEK1_TK.insert.bed
2021-04-03 01:39:19,148 - INFO - Writing overlap_60/4C5DP2CMDEK1_TK/4C5DP2CMDEK1_TK.primer.tsv
2021-04-03 01:39:19,151 - INFO - Writing overlap_60/4C5DP2CMDEK1_TK/4C5DP2CMDEK1_TK.reference.fasta
2021-04-03 01:39:19,164 - INFO - Writing overlap_60/4C5DP2CMDEK1_TK/4C5DP2CMDEK1_TK.plot.pdf
2021-04-03 01:39:19,164 - INFO - Writing overlap_60/4C5DP2CMDEK1_TK/4C5DP2CMDEK1_TK.plot.svg
2021-04-03 01:39:19,205 - INFO - Writing overlap_60/4C5DP2CMDEK1_TK/4C5DP2CMDEK1_TK.report.json
2021-04-04 18:14:56,430 - INFO - Writing log to overlap_60/4C5DP2CMDEK1_TK/4C5DP2CMDEK1_TK.log
2021-04-04 18:14:56,447 - INFO - References:
 - 4C5DP2CMDEK1_TK
2021-04-04 18:14:56,447 - INFO - Primary reference for coordinate system: 4C5DP2CMDEK1_TK
2021-04-04 18:14:56,447 - INFO - Considering primers from all references
2021-04-04 18:15:05,827 - INFO - All done! Scheme created with 13 regions, 4 gaps, 86.11% coverage
2021-04-04 18:15:05,827 - INFO - Writing overlap_60/4C5DP2CMDEK1_TK/4C5DP2CMDEK1_TK.primer.bed
2021-04-04 18:15:05,830 - INFO - Writing overlap_60/4C5DP2CMDEK1_TK/4C5DP2CMDEK1_TK.insert.bed
2021-04-04 18:15:05,833 - INFO - Writing overlap_60/4C5DP2CMDEK1_TK/4C5DP2CMDEK1_TK.primer.tsv
2021-04-04 18:15:05,835 - INFO - Writing overlap_60/4C5DP2CMDEK1_TK/4C5DP2CMDEK1_TK.reference.fasta
2021-04-04 18:15:05,845 - INFO - Writing overlap_60/4C5DP2CMDEK1_TK/4C5DP2CMDEK1_TK.plot.pdf
2021-04-04 18:15:05,845 - INFO - Writing overlap_60/4C5DP2CMDEK1_TK/4C5DP2CMDEK1_TK.plot.svg
2021-04-04 18:15:05,879 - INFO - Writing overlap_60/4C5DP2CMDEK1_TK/4C5DP2CMDEK1_TK.report.json
