2021-04-03 01:49:02,723 - INFO - Writing log to overlap_60/PK1_TK/PK1_TK.log
2021-04-03 01:49:02,731 - INFO - References:
 - PK1_TK
2021-04-03 01:49:02,731 - INFO - Primary reference for coordinate system: PK1_TK
2021-04-03 01:49:02,731 - INFO - Considering primers from all references
2021-04-03 01:49:05,734 - INFO - All done! Scheme created with 4 regions, 1 gap, 50.27% coverage
2021-04-03 01:49:05,734 - INFO - Writing overlap_60/PK1_TK/PK1_TK.primer.bed
2021-04-03 01:49:05,735 - INFO - Writing overlap_60/PK1_TK/PK1_TK.insert.bed
2021-04-03 01:49:05,735 - INFO - Writing overlap_60/PK1_TK/PK1_TK.primer.tsv
2021-04-03 01:49:05,736 - INFO - Writing overlap_60/PK1_TK/PK1_TK.reference.fasta
2021-04-03 01:49:05,740 - INFO - Writing overlap_60/PK1_TK/PK1_TK.plot.pdf
2021-04-03 01:49:05,741 - INFO - Writing overlap_60/PK1_TK/PK1_TK.plot.svg
2021-04-03 01:49:05,794 - INFO - Writing overlap_60/PK1_TK/PK1_TK.report.json
2021-04-04 18:23:48,871 - INFO - Writing log to overlap_60/PK1_TK/PK1_TK.log
2021-04-04 18:23:48,909 - INFO - References:
 - PK1_TK
2021-04-04 18:23:48,909 - INFO - Primary reference for coordinate system: PK1_TK
2021-04-04 18:23:48,909 - INFO - Considering primers from all references
2021-04-04 18:23:51,703 - INFO - All done! Scheme created with 4 regions, 1 gap, 50.27% coverage
2021-04-04 18:23:51,703 - INFO - Writing overlap_60/PK1_TK/PK1_TK.primer.bed
2021-04-04 18:23:51,706 - INFO - Writing overlap_60/PK1_TK/PK1_TK.insert.bed
2021-04-04 18:23:51,709 - INFO - Writing overlap_60/PK1_TK/PK1_TK.primer.tsv
2021-04-04 18:23:51,711 - INFO - Writing overlap_60/PK1_TK/PK1_TK.reference.fasta
2021-04-04 18:23:51,717 - INFO - Writing overlap_60/PK1_TK/PK1_TK.plot.pdf
2021-04-04 18:23:51,717 - INFO - Writing overlap_60/PK1_TK/PK1_TK.plot.svg
2021-04-04 18:23:51,757 - INFO - Writing overlap_60/PK1_TK/PK1_TK.report.json
