2020-12-01 05:23:19,734 - INFO - Writing log to overlap_70/1_FEH_TK/1_FEH_TK.log
2020-12-01 05:23:19,746 - INFO - References:
 - 1_FEH_TK
2020-12-01 05:23:19,747 - INFO - Primary reference for coordinate system: 1_FEH_TK
2020-12-01 05:23:19,747 - INFO - Considering primers from all references
2020-12-01 05:23:22,053 - INFO - All done! Scheme created with 18 regions, 7 gaps, 61.49% coverage
2020-12-01 05:23:22,053 - INFO - Writing overlap_70/1_FEH_TK/1_FEH_TK.primer.bed
2020-12-01 05:23:22,054 - INFO - Writing overlap_70/1_FEH_TK/1_FEH_TK.insert.bed
2020-12-01 05:23:22,055 - INFO - Writing overlap_70/1_FEH_TK/1_FEH_TK.primer.tsv
2020-12-01 05:23:22,056 - INFO - Writing overlap_70/1_FEH_TK/1_FEH_TK.reference.fasta
2020-12-01 05:23:22,066 - INFO - Writing overlap_70/1_FEH_TK/1_FEH_TK.plot.pdf
2020-12-01 05:23:22,066 - INFO - Writing overlap_70/1_FEH_TK/1_FEH_TK.plot.svg
2020-12-01 05:23:22,102 - INFO - Writing overlap_70/1_FEH_TK/1_FEH_TK.report.json
2021-04-02 20:38:32,530 - INFO - Writing log to overlap_70/1_FEH_TK/1_FEH_TK.log
2021-04-02 20:38:32,784 - INFO - References:
 - 1_FEH_TK
2021-04-02 20:38:32,784 - INFO - Primary reference for coordinate system: 1_FEH_TK
2021-04-02 20:38:32,784 - INFO - Considering primers from all references
2021-04-02 20:38:41,501 - INFO - All done! Scheme created with 14 regions, 6 gaps, 78.17% coverage
2021-04-02 20:38:41,501 - INFO - Writing overlap_70/1_FEH_TK/1_FEH_TK.primer.bed
2021-04-02 20:38:41,507 - INFO - Writing overlap_70/1_FEH_TK/1_FEH_TK.insert.bed
2021-04-02 20:38:41,512 - INFO - Writing overlap_70/1_FEH_TK/1_FEH_TK.primer.tsv
2021-04-02 20:38:41,517 - INFO - Writing overlap_70/1_FEH_TK/1_FEH_TK.reference.fasta
2021-04-02 20:38:41,528 - INFO - Writing overlap_70/1_FEH_TK/1_FEH_TK.plot.pdf
2021-04-02 20:38:41,528 - INFO - Writing overlap_70/1_FEH_TK/1_FEH_TK.plot.svg
2021-04-02 20:38:41,610 - INFO - Writing overlap_70/1_FEH_TK/1_FEH_TK.report.json
2021-04-03 02:10:25,495 - INFO - Writing log to overlap_70/1_FEH_TK/1_FEH_TK.log
2021-04-03 02:10:25,528 - INFO - References:
 - 1_FEH_TK
2021-04-03 02:10:25,528 - INFO - Primary reference for coordinate system: 1_FEH_TK
2021-04-03 02:10:25,528 - INFO - Considering primers from all references
2021-04-03 02:10:36,661 - INFO - All done! Scheme created with 14 regions, 6 gaps, 78.17% coverage
2021-04-03 02:10:36,661 - INFO - Writing overlap_70/1_FEH_TK/1_FEH_TK.primer.bed
2021-04-03 02:10:36,665 - INFO - Writing overlap_70/1_FEH_TK/1_FEH_TK.insert.bed
2021-04-03 02:10:36,670 - INFO - Writing overlap_70/1_FEH_TK/1_FEH_TK.primer.tsv
2021-04-03 02:10:36,675 - INFO - Writing overlap_70/1_FEH_TK/1_FEH_TK.reference.fasta
2021-04-03 02:10:36,689 - INFO - Writing overlap_70/1_FEH_TK/1_FEH_TK.plot.pdf
2021-04-03 02:10:36,689 - INFO - Writing overlap_70/1_FEH_TK/1_FEH_TK.plot.svg
2021-04-03 02:10:36,733 - INFO - Writing overlap_70/1_FEH_TK/1_FEH_TK.report.json
2021-04-04 18:43:14,904 - INFO - Writing log to overlap_70/1_FEH_TK/1_FEH_TK.log
2021-04-04 18:43:14,946 - INFO - References:
 - 1_FEH_TK
2021-04-04 18:43:14,946 - INFO - Primary reference for coordinate system: 1_FEH_TK
2021-04-04 18:43:14,946 - INFO - Considering primers from all references
2021-04-04 18:43:25,223 - INFO - All done! Scheme created with 14 regions, 6 gaps, 78.17% coverage
2021-04-04 18:43:25,223 - INFO - Writing overlap_70/1_FEH_TK/1_FEH_TK.primer.bed
2021-04-04 18:43:25,226 - INFO - Writing overlap_70/1_FEH_TK/1_FEH_TK.insert.bed
2021-04-04 18:43:25,229 - INFO - Writing overlap_70/1_FEH_TK/1_FEH_TK.primer.tsv
2021-04-04 18:43:25,231 - INFO - Writing overlap_70/1_FEH_TK/1_FEH_TK.reference.fasta
2021-04-04 18:43:25,241 - INFO - Writing overlap_70/1_FEH_TK/1_FEH_TK.plot.pdf
2021-04-04 18:43:25,242 - INFO - Writing overlap_70/1_FEH_TK/1_FEH_TK.plot.svg
2021-04-04 18:43:25,278 - INFO - Writing overlap_70/1_FEH_TK/1_FEH_TK.report.json
