2021-04-03 00:42:10,318 - INFO - Writing log to overlap_40/PCK_TK/PCK_TK.log
2021-04-03 00:42:10,342 - INFO - References:
 - PCK_TK
2021-04-03 00:42:10,343 - INFO - Primary reference for coordinate system: PCK_TK
2021-04-03 00:42:10,343 - INFO - Considering primers from all references
2021-04-03 00:42:13,215 - INFO - All done! Scheme created with 4 regions, 1 gap, 68.85% coverage
2021-04-03 00:42:13,216 - INFO - Writing overlap_40/PCK_TK/PCK_TK.primer.bed
2021-04-03 00:42:13,217 - INFO - Writing overlap_40/PCK_TK/PCK_TK.insert.bed
2021-04-03 00:42:13,218 - INFO - Writing overlap_40/PCK_TK/PCK_TK.primer.tsv
2021-04-03 00:42:13,219 - INFO - Writing overlap_40/PCK_TK/PCK_TK.reference.fasta
2021-04-03 00:42:13,224 - INFO - Writing overlap_40/PCK_TK/PCK_TK.plot.pdf
2021-04-03 00:42:13,224 - INFO - Writing overlap_40/PCK_TK/PCK_TK.plot.svg
2021-04-03 00:42:13,275 - INFO - Writing overlap_40/PCK_TK/PCK_TK.report.json
2021-04-04 17:23:30,795 - INFO - Writing log to overlap_40/PCK_TK/PCK_TK.log
2021-04-04 17:23:30,847 - INFO - References:
 - PCK_TK
2021-04-04 17:23:30,847 - INFO - Primary reference for coordinate system: PCK_TK
2021-04-04 17:23:30,847 - INFO - Considering primers from all references
2021-04-04 17:23:33,560 - INFO - All done! Scheme created with 4 regions, 1 gap, 68.85% coverage
2021-04-04 17:23:33,560 - INFO - Writing overlap_40/PCK_TK/PCK_TK.primer.bed
2021-04-04 17:23:33,564 - INFO - Writing overlap_40/PCK_TK/PCK_TK.insert.bed
2021-04-04 17:23:33,568 - INFO - Writing overlap_40/PCK_TK/PCK_TK.primer.tsv
2021-04-04 17:23:33,571 - INFO - Writing overlap_40/PCK_TK/PCK_TK.reference.fasta
2021-04-04 17:23:33,578 - INFO - Writing overlap_40/PCK_TK/PCK_TK.plot.pdf
2021-04-04 17:23:33,578 - INFO - Writing overlap_40/PCK_TK/PCK_TK.plot.svg
2021-04-04 17:23:33,617 - INFO - Writing overlap_40/PCK_TK/PCK_TK.report.json
