2021-04-03 00:46:03,177 - INFO - Writing log to overlap_40/UCE9_TK/UCE9_TK.log
2021-04-03 00:46:03,194 - INFO - References:
 - UCE9_TK
2021-04-03 00:46:03,194 - INFO - Primary reference for coordinate system: UCE9_TK
2021-04-03 00:46:03,194 - INFO - Considering primers from all references
2021-04-03 00:46:05,546 - INFO - All done! Scheme created with 3 regions, 1 gap, 62.55% coverage
2021-04-03 00:46:05,547 - INFO - Writing overlap_40/UCE9_TK/UCE9_TK.primer.bed
2021-04-03 00:46:05,548 - INFO - Writing overlap_40/UCE9_TK/UCE9_TK.insert.bed
2021-04-03 00:46:05,549 - INFO - Writing overlap_40/UCE9_TK/UCE9_TK.primer.tsv
2021-04-03 00:46:05,550 - INFO - Writing overlap_40/UCE9_TK/UCE9_TK.reference.fasta
2021-04-03 00:46:05,554 - INFO - Writing overlap_40/UCE9_TK/UCE9_TK.plot.pdf
2021-04-03 00:46:05,554 - INFO - Writing overlap_40/UCE9_TK/UCE9_TK.plot.svg
2021-04-03 00:46:05,571 - INFO - Writing overlap_40/UCE9_TK/UCE9_TK.report.json
2021-04-04 17:27:02,664 - INFO - Writing log to overlap_40/UCE9_TK/UCE9_TK.log
2021-04-04 17:27:02,692 - INFO - References:
 - UCE9_TK
2021-04-04 17:27:02,692 - INFO - Primary reference for coordinate system: UCE9_TK
2021-04-04 17:27:02,692 - INFO - Considering primers from all references
2021-04-04 17:27:04,850 - INFO - All done! Scheme created with 3 regions, 1 gap, 62.55% coverage
2021-04-04 17:27:04,850 - INFO - Writing overlap_40/UCE9_TK/UCE9_TK.primer.bed
2021-04-04 17:27:04,855 - INFO - Writing overlap_40/UCE9_TK/UCE9_TK.insert.bed
2021-04-04 17:27:04,859 - INFO - Writing overlap_40/UCE9_TK/UCE9_TK.primer.tsv
2021-04-04 17:27:04,862 - INFO - Writing overlap_40/UCE9_TK/UCE9_TK.reference.fasta
2021-04-04 17:27:04,868 - INFO - Writing overlap_40/UCE9_TK/UCE9_TK.plot.pdf
2021-04-04 17:27:04,868 - INFO - Writing overlap_40/UCE9_TK/UCE9_TK.plot.svg
2021-04-04 17:27:04,890 - INFO - Writing overlap_40/UCE9_TK/UCE9_TK.report.json
