2021-04-03 11:13:30,186 - INFO - Writing log to overlap_75/DnaJP2_TK/DnaJP2_TK.log
2021-04-03 11:13:30,197 - INFO - References:
 - DnaJP2_TK
2021-04-03 11:13:30,197 - INFO - Primary reference for coordinate system: DnaJP2_TK
2021-04-03 11:13:30,197 - INFO - Considering primers from all references
2021-04-03 11:13:36,519 - INFO - All done! Scheme created with 10 regions, 3 gaps, 83.09% coverage
2021-04-03 11:13:36,519 - INFO - Writing overlap_75/DnaJP2_TK/DnaJP2_TK.primer.bed
2021-04-03 11:13:36,520 - INFO - Writing overlap_75/DnaJP2_TK/DnaJP2_TK.insert.bed
2021-04-03 11:13:36,521 - INFO - Writing overlap_75/DnaJP2_TK/DnaJP2_TK.primer.tsv
2021-04-03 11:13:36,521 - INFO - Writing overlap_75/DnaJP2_TK/DnaJP2_TK.reference.fasta
2021-04-03 11:13:36,527 - INFO - Writing overlap_75/DnaJP2_TK/DnaJP2_TK.plot.pdf
2021-04-03 11:13:36,527 - INFO - Writing overlap_75/DnaJP2_TK/DnaJP2_TK.plot.svg
2021-04-03 11:13:36,550 - INFO - Writing overlap_75/DnaJP2_TK/DnaJP2_TK.report.json
2021-04-04 19:03:15,668 - INFO - Writing log to overlap_75/DnaJP2_TK/DnaJP2_TK.log
2021-04-04 19:03:15,687 - INFO - References:
 - DnaJP2_TK
2021-04-04 19:03:15,687 - INFO - Primary reference for coordinate system: DnaJP2_TK
2021-04-04 19:03:15,687 - INFO - Considering primers from all references
2021-04-04 19:03:22,759 - INFO - All done! Scheme created with 10 regions, 3 gaps, 83.09% coverage
2021-04-04 19:03:22,759 - INFO - Writing overlap_75/DnaJP2_TK/DnaJP2_TK.primer.bed
2021-04-04 19:03:22,763 - INFO - Writing overlap_75/DnaJP2_TK/DnaJP2_TK.insert.bed
2021-04-04 19:03:22,767 - INFO - Writing overlap_75/DnaJP2_TK/DnaJP2_TK.primer.tsv
2021-04-04 19:03:22,770 - INFO - Writing overlap_75/DnaJP2_TK/DnaJP2_TK.reference.fasta
2021-04-04 19:03:22,779 - INFO - Writing overlap_75/DnaJP2_TK/DnaJP2_TK.plot.pdf
2021-04-04 19:03:22,779 - INFO - Writing overlap_75/DnaJP2_TK/DnaJP2_TK.plot.svg
2021-04-04 19:03:22,810 - INFO - Writing overlap_75/DnaJP2_TK/DnaJP2_TK.report.json
