2021-04-03 11:23:06,043 - INFO - Writing log to overlap_80/2cMDE24CS1_TK/2cMDE24CS1_TK.log
2021-04-03 11:23:06,048 - INFO - References:
 - 2cMDE24CS1_TK
2021-04-03 11:23:06,048 - INFO - Primary reference for coordinate system: 2cMDE24CS1_TK
2021-04-03 11:23:06,048 - INFO - Considering primers from all references
2021-04-03 11:23:09,895 - INFO - All done! Scheme created with 6 regions, 2 gaps, 75.06% coverage
2021-04-03 11:23:09,895 - INFO - Writing overlap_80/2cMDE24CS1_TK/2cMDE24CS1_TK.primer.bed
2021-04-03 11:23:09,896 - INFO - Writing overlap_80/2cMDE24CS1_TK/2cMDE24CS1_TK.insert.bed
2021-04-03 11:23:09,897 - INFO - Writing overlap_80/2cMDE24CS1_TK/2cMDE24CS1_TK.primer.tsv
2021-04-03 11:23:09,898 - INFO - Writing overlap_80/2cMDE24CS1_TK/2cMDE24CS1_TK.reference.fasta
2021-04-03 11:23:09,903 - INFO - Writing overlap_80/2cMDE24CS1_TK/2cMDE24CS1_TK.plot.pdf
2021-04-03 11:23:09,903 - INFO - Writing overlap_80/2cMDE24CS1_TK/2cMDE24CS1_TK.plot.svg
2021-04-03 11:23:09,922 - INFO - Writing overlap_80/2cMDE24CS1_TK/2cMDE24CS1_TK.report.json
2021-04-04 19:13:55,897 - INFO - Writing log to overlap_80/2cMDE24CS1_TK/2cMDE24CS1_TK.log
2021-04-04 19:13:55,913 - INFO - References:
 - 2cMDE24CS1_TK
2021-04-04 19:13:55,913 - INFO - Primary reference for coordinate system: 2cMDE24CS1_TK
2021-04-04 19:13:55,913 - INFO - Considering primers from all references
2021-04-04 19:14:00,177 - INFO - All done! Scheme created with 6 regions, 2 gaps, 75.06% coverage
2021-04-04 19:14:00,177 - INFO - Writing overlap_80/2cMDE24CS1_TK/2cMDE24CS1_TK.primer.bed
2021-04-04 19:14:00,183 - INFO - Writing overlap_80/2cMDE24CS1_TK/2cMDE24CS1_TK.insert.bed
2021-04-04 19:14:00,189 - INFO - Writing overlap_80/2cMDE24CS1_TK/2cMDE24CS1_TK.primer.tsv
2021-04-04 19:14:00,193 - INFO - Writing overlap_80/2cMDE24CS1_TK/2cMDE24CS1_TK.reference.fasta
2021-04-04 19:14:00,201 - INFO - Writing overlap_80/2cMDE24CS1_TK/2cMDE24CS1_TK.plot.pdf
2021-04-04 19:14:00,202 - INFO - Writing overlap_80/2cMDE24CS1_TK/2cMDE24CS1_TK.plot.svg
2021-04-04 19:14:00,228 - INFO - Writing overlap_80/2cMDE24CS1_TK/2cMDE24CS1_TK.report.json
