2021-04-03 11:10:40,129 - INFO - Writing log to overlap_75/4H3M2EDPR1_TK/4H3M2EDPR1_TK.log
2021-04-03 11:10:40,147 - INFO - References:
 - 4H3M2EDPR1_TK
2021-04-03 11:10:40,147 - INFO - Primary reference for coordinate system: 4H3M2EDPR1_TK
2021-04-03 11:10:40,147 - INFO - Considering primers from all references
2021-04-03 11:10:47,327 - INFO - All done! Scheme created with 11 regions, 4 gaps, 73.82% coverage
2021-04-03 11:10:47,327 - INFO - Writing overlap_75/4H3M2EDPR1_TK/4H3M2EDPR1_TK.primer.bed
2021-04-03 11:10:47,328 - INFO - Writing overlap_75/4H3M2EDPR1_TK/4H3M2EDPR1_TK.insert.bed
2021-04-03 11:10:47,328 - INFO - Writing overlap_75/4H3M2EDPR1_TK/4H3M2EDPR1_TK.primer.tsv
2021-04-03 11:10:47,329 - INFO - Writing overlap_75/4H3M2EDPR1_TK/4H3M2EDPR1_TK.reference.fasta
2021-04-03 11:10:47,336 - INFO - Writing overlap_75/4H3M2EDPR1_TK/4H3M2EDPR1_TK.plot.pdf
2021-04-03 11:10:47,336 - INFO - Writing overlap_75/4H3M2EDPR1_TK/4H3M2EDPR1_TK.plot.svg
2021-04-03 11:10:47,361 - INFO - Writing overlap_75/4H3M2EDPR1_TK/4H3M2EDPR1_TK.report.json
2021-04-04 19:00:05,096 - INFO - Writing log to overlap_75/4H3M2EDPR1_TK/4H3M2EDPR1_TK.log
2021-04-04 19:00:05,114 - INFO - References:
 - 4H3M2EDPR1_TK
2021-04-04 19:00:05,115 - INFO - Primary reference for coordinate system: 4H3M2EDPR1_TK
2021-04-04 19:00:05,115 - INFO - Considering primers from all references
2021-04-04 19:00:13,122 - INFO - All done! Scheme created with 11 regions, 4 gaps, 73.82% coverage
2021-04-04 19:00:13,123 - INFO - Writing overlap_75/4H3M2EDPR1_TK/4H3M2EDPR1_TK.primer.bed
2021-04-04 19:00:13,126 - INFO - Writing overlap_75/4H3M2EDPR1_TK/4H3M2EDPR1_TK.insert.bed
2021-04-04 19:00:13,129 - INFO - Writing overlap_75/4H3M2EDPR1_TK/4H3M2EDPR1_TK.primer.tsv
2021-04-04 19:00:13,132 - INFO - Writing overlap_75/4H3M2EDPR1_TK/4H3M2EDPR1_TK.reference.fasta
2021-04-04 19:00:13,142 - INFO - Writing overlap_75/4H3M2EDPR1_TK/4H3M2EDPR1_TK.plot.pdf
2021-04-04 19:00:13,142 - INFO - Writing overlap_75/4H3M2EDPR1_TK/4H3M2EDPR1_TK.plot.svg
2021-04-04 19:00:13,175 - INFO - Writing overlap_75/4H3M2EDPR1_TK/4H3M2EDPR1_TK.report.json
