2021-04-02 20:40:24,959 - INFO - Writing log to overlap_70/3H3MCR4_TK/3H3MCR4_TK.log
2021-04-02 20:40:24,974 - INFO - References:
 - 3H3MCR4_TK
2021-04-02 20:40:24,974 - INFO - Primary reference for coordinate system: 3H3MCR4_TK
2021-04-02 20:40:24,974 - INFO - Considering primers from all references
2021-04-02 20:40:28,341 - INFO - All done! Scheme created with 6 regions, 2 gaps, 62.05% coverage
2021-04-02 20:40:28,341 - INFO - Writing overlap_70/3H3MCR4_TK/3H3MCR4_TK.primer.bed
2021-04-02 20:40:28,342 - INFO - Writing overlap_70/3H3MCR4_TK/3H3MCR4_TK.insert.bed
2021-04-02 20:40:28,343 - INFO - Writing overlap_70/3H3MCR4_TK/3H3MCR4_TK.primer.tsv
2021-04-02 20:40:28,344 - INFO - Writing overlap_70/3H3MCR4_TK/3H3MCR4_TK.reference.fasta
2021-04-02 20:40:28,348 - INFO - Writing overlap_70/3H3MCR4_TK/3H3MCR4_TK.plot.pdf
2021-04-02 20:40:28,348 - INFO - Writing overlap_70/3H3MCR4_TK/3H3MCR4_TK.plot.svg
2021-04-02 20:40:28,367 - INFO - Writing overlap_70/3H3MCR4_TK/3H3MCR4_TK.report.json
2021-04-03 02:11:54,462 - INFO - Writing log to overlap_70/3H3MCR4_TK/3H3MCR4_TK.log
2021-04-03 02:11:54,489 - INFO - References:
 - 3H3MCR4_TK
2021-04-03 02:11:54,489 - INFO - Primary reference for coordinate system: 3H3MCR4_TK
2021-04-03 02:11:54,489 - INFO - Considering primers from all references
2021-04-03 02:11:58,734 - INFO - All done! Scheme created with 6 regions, 2 gaps, 62.05% coverage
2021-04-03 02:11:58,734 - INFO - Writing overlap_70/3H3MCR4_TK/3H3MCR4_TK.primer.bed
2021-04-03 02:11:58,738 - INFO - Writing overlap_70/3H3MCR4_TK/3H3MCR4_TK.insert.bed
2021-04-03 02:11:58,742 - INFO - Writing overlap_70/3H3MCR4_TK/3H3MCR4_TK.primer.tsv
2021-04-03 02:11:58,746 - INFO - Writing overlap_70/3H3MCR4_TK/3H3MCR4_TK.reference.fasta
2021-04-03 02:11:58,754 - INFO - Writing overlap_70/3H3MCR4_TK/3H3MCR4_TK.plot.pdf
2021-04-03 02:11:58,754 - INFO - Writing overlap_70/3H3MCR4_TK/3H3MCR4_TK.plot.svg
2021-04-03 02:11:58,784 - INFO - Writing overlap_70/3H3MCR4_TK/3H3MCR4_TK.report.json
2021-04-04 18:44:36,084 - INFO - Writing log to overlap_70/3H3MCR4_TK/3H3MCR4_TK.log
2021-04-04 18:44:36,106 - INFO - References:
 - 3H3MCR4_TK
2021-04-04 18:44:36,106 - INFO - Primary reference for coordinate system: 3H3MCR4_TK
2021-04-04 18:44:36,106 - INFO - Considering primers from all references
2021-04-04 18:44:40,083 - INFO - All done! Scheme created with 6 regions, 2 gaps, 62.05% coverage
2021-04-04 18:44:40,084 - INFO - Writing overlap_70/3H3MCR4_TK/3H3MCR4_TK.primer.bed
2021-04-04 18:44:40,087 - INFO - Writing overlap_70/3H3MCR4_TK/3H3MCR4_TK.insert.bed
2021-04-04 18:44:40,089 - INFO - Writing overlap_70/3H3MCR4_TK/3H3MCR4_TK.primer.tsv
2021-04-04 18:44:40,092 - INFO - Writing overlap_70/3H3MCR4_TK/3H3MCR4_TK.reference.fasta
2021-04-04 18:44:40,099 - INFO - Writing overlap_70/3H3MCR4_TK/3H3MCR4_TK.plot.pdf
2021-04-04 18:44:40,099 - INFO - Writing overlap_70/3H3MCR4_TK/3H3MCR4_TK.plot.svg
2021-04-04 18:44:40,125 - INFO - Writing overlap_70/3H3MCR4_TK/3H3MCR4_TK.report.json
