2021-04-03 11:32:39,970 - INFO - Writing log to overlap_80/PUCP7_TK/PUCP7_TK.log
2021-04-03 11:32:39,975 - INFO - References:
 - PUCP7_TK
2021-04-03 11:32:39,975 - INFO - Primary reference for coordinate system: PUCP7_TK
2021-04-03 11:32:39,975 - INFO - Considering primers from all references
2021-04-03 11:32:48,900 - INFO - All done! Scheme created with 7 regions, 0 gaps, 85.4% coverage
2021-04-03 11:32:48,901 - INFO - Writing overlap_80/PUCP7_TK/PUCP7_TK.primer.bed
2021-04-03 11:32:48,902 - INFO - Writing overlap_80/PUCP7_TK/PUCP7_TK.insert.bed
2021-04-03 11:32:48,903 - INFO - Writing overlap_80/PUCP7_TK/PUCP7_TK.primer.tsv
2021-04-03 11:32:48,903 - INFO - Writing overlap_80/PUCP7_TK/PUCP7_TK.reference.fasta
2021-04-03 11:32:48,908 - INFO - Writing overlap_80/PUCP7_TK/PUCP7_TK.plot.pdf
2021-04-03 11:32:48,908 - INFO - Writing overlap_80/PUCP7_TK/PUCP7_TK.plot.svg
2021-04-03 11:32:48,926 - INFO - Writing overlap_80/PUCP7_TK/PUCP7_TK.report.json
2021-04-04 19:24:33,291 - INFO - Writing log to overlap_80/PUCP7_TK/PUCP7_TK.log
2021-04-04 19:24:33,316 - INFO - References:
 - PUCP7_TK
2021-04-04 19:24:33,316 - INFO - Primary reference for coordinate system: PUCP7_TK
2021-04-04 19:24:33,316 - INFO - Considering primers from all references
2021-04-04 19:24:43,231 - INFO - All done! Scheme created with 7 regions, 0 gaps, 85.4% coverage
2021-04-04 19:24:43,232 - INFO - Writing overlap_80/PUCP7_TK/PUCP7_TK.primer.bed
2021-04-04 19:24:43,235 - INFO - Writing overlap_80/PUCP7_TK/PUCP7_TK.insert.bed
2021-04-04 19:24:43,237 - INFO - Writing overlap_80/PUCP7_TK/PUCP7_TK.primer.tsv
2021-04-04 19:24:43,240 - INFO - Writing overlap_80/PUCP7_TK/PUCP7_TK.reference.fasta
2021-04-04 19:24:43,247 - INFO - Writing overlap_80/PUCP7_TK/PUCP7_TK.plot.pdf
2021-04-04 19:24:43,247 - INFO - Writing overlap_80/PUCP7_TK/PUCP7_TK.plot.svg
2021-04-04 19:24:43,272 - INFO - Writing overlap_80/PUCP7_TK/PUCP7_TK.report.json
