2021-04-03 11:15:40,681 - INFO - Writing log to overlap_75/IPDPI2_TK/IPDPI2_TK.log
2021-04-03 11:15:40,686 - INFO - References:
 - IPDPI2_TK
2021-04-03 11:15:40,686 - INFO - Primary reference for coordinate system: IPDPI2_TK
2021-04-03 11:15:40,687 - INFO - Considering primers from all references
2021-04-03 11:15:45,736 - INFO - All done! Scheme created with 8 regions, 1 gap, 78.77% coverage
2021-04-03 11:15:45,736 - INFO - Writing overlap_75/IPDPI2_TK/IPDPI2_TK.primer.bed
2021-04-03 11:15:45,737 - INFO - Writing overlap_75/IPDPI2_TK/IPDPI2_TK.insert.bed
2021-04-03 11:15:45,738 - INFO - Writing overlap_75/IPDPI2_TK/IPDPI2_TK.primer.tsv
2021-04-03 11:15:45,738 - INFO - Writing overlap_75/IPDPI2_TK/IPDPI2_TK.reference.fasta
2021-04-03 11:15:45,743 - INFO - Writing overlap_75/IPDPI2_TK/IPDPI2_TK.plot.pdf
2021-04-03 11:15:45,743 - INFO - Writing overlap_75/IPDPI2_TK/IPDPI2_TK.plot.svg
2021-04-03 11:15:45,763 - INFO - Writing overlap_75/IPDPI2_TK/IPDPI2_TK.report.json
2021-04-04 19:05:41,792 - INFO - Writing log to overlap_75/IPDPI2_TK/IPDPI2_TK.log
2021-04-04 19:05:41,809 - INFO - References:
 - IPDPI2_TK
2021-04-04 19:05:41,809 - INFO - Primary reference for coordinate system: IPDPI2_TK
2021-04-04 19:05:41,809 - INFO - Considering primers from all references
2021-04-04 19:05:47,392 - INFO - All done! Scheme created with 8 regions, 1 gap, 78.77% coverage
2021-04-04 19:05:47,392 - INFO - Writing overlap_75/IPDPI2_TK/IPDPI2_TK.primer.bed
2021-04-04 19:05:47,396 - INFO - Writing overlap_75/IPDPI2_TK/IPDPI2_TK.insert.bed
2021-04-04 19:05:47,400 - INFO - Writing overlap_75/IPDPI2_TK/IPDPI2_TK.primer.tsv
2021-04-04 19:05:47,404 - INFO - Writing overlap_75/IPDPI2_TK/IPDPI2_TK.reference.fasta
2021-04-04 19:05:47,413 - INFO - Writing overlap_75/IPDPI2_TK/IPDPI2_TK.plot.pdf
2021-04-04 19:05:47,413 - INFO - Writing overlap_75/IPDPI2_TK/IPDPI2_TK.plot.svg
2021-04-04 19:05:47,440 - INFO - Writing overlap_75/IPDPI2_TK/IPDPI2_TK.report.json
