2021-04-03 00:37:28,660 - INFO - Writing log to overlap_40/FDPS1_TK/FDPS1_TK.log
2021-04-03 00:37:28,682 - INFO - References:
 - FDPS1_TK
2021-04-03 00:37:28,682 - INFO - Primary reference for coordinate system: FDPS1_TK
2021-04-03 00:37:28,682 - INFO - Considering primers from all references
2021-04-03 00:37:38,130 - INFO - All done! Scheme created with 12 regions, 3 gaps, 86.08% coverage
2021-04-03 00:37:38,130 - INFO - Writing overlap_40/FDPS1_TK/FDPS1_TK.primer.bed
2021-04-03 00:37:38,131 - INFO - Writing overlap_40/FDPS1_TK/FDPS1_TK.insert.bed
2021-04-03 00:37:38,132 - INFO - Writing overlap_40/FDPS1_TK/FDPS1_TK.primer.tsv
2021-04-03 00:37:38,134 - INFO - Writing overlap_40/FDPS1_TK/FDPS1_TK.reference.fasta
2021-04-03 00:37:38,142 - INFO - Writing overlap_40/FDPS1_TK/FDPS1_TK.plot.pdf
2021-04-03 00:37:38,142 - INFO - Writing overlap_40/FDPS1_TK/FDPS1_TK.plot.svg
2021-04-03 00:37:38,178 - INFO - Writing overlap_40/FDPS1_TK/FDPS1_TK.report.json
2021-04-04 17:19:11,999 - INFO - Writing log to overlap_40/FDPS1_TK/FDPS1_TK.log
2021-04-04 17:19:12,031 - INFO - References:
 - FDPS1_TK
2021-04-04 17:19:12,031 - INFO - Primary reference for coordinate system: FDPS1_TK
2021-04-04 17:19:12,031 - INFO - Considering primers from all references
2021-04-04 17:19:20,637 - INFO - All done! Scheme created with 12 regions, 3 gaps, 86.08% coverage
2021-04-04 17:19:20,638 - INFO - Writing overlap_40/FDPS1_TK/FDPS1_TK.primer.bed
2021-04-04 17:19:20,642 - INFO - Writing overlap_40/FDPS1_TK/FDPS1_TK.insert.bed
2021-04-04 17:19:20,647 - INFO - Writing overlap_40/FDPS1_TK/FDPS1_TK.primer.tsv
2021-04-04 17:19:20,651 - INFO - Writing overlap_40/FDPS1_TK/FDPS1_TK.reference.fasta
2021-04-04 17:19:20,662 - INFO - Writing overlap_40/FDPS1_TK/FDPS1_TK.plot.pdf
2021-04-04 17:19:20,662 - INFO - Writing overlap_40/FDPS1_TK/FDPS1_TK.plot.svg
2021-04-04 17:19:20,698 - INFO - Writing overlap_40/FDPS1_TK/FDPS1_TK.report.json
