2021-04-03 02:08:14,789 - INFO - Writing log to overlap_65/SQS2_TK/SQS2_TK.log
2021-04-03 02:08:14,798 - INFO - References:
 - SQS2_TK
2021-04-03 02:08:14,798 - INFO - Primary reference for coordinate system: SQS2_TK
2021-04-03 02:08:14,798 - INFO - Considering primers from all references
2021-04-03 02:08:25,900 - INFO - All done! Scheme created with 14 regions, 2 gaps, 88.8% coverage
2021-04-03 02:08:25,900 - INFO - Writing overlap_65/SQS2_TK/SQS2_TK.primer.bed
2021-04-03 02:08:25,901 - INFO - Writing overlap_65/SQS2_TK/SQS2_TK.insert.bed
2021-04-03 02:08:25,903 - INFO - Writing overlap_65/SQS2_TK/SQS2_TK.primer.tsv
2021-04-03 02:08:25,904 - INFO - Writing overlap_65/SQS2_TK/SQS2_TK.reference.fasta
2021-04-03 02:08:25,913 - INFO - Writing overlap_65/SQS2_TK/SQS2_TK.plot.pdf
2021-04-03 02:08:25,913 - INFO - Writing overlap_65/SQS2_TK/SQS2_TK.plot.svg
2021-04-03 02:08:25,951 - INFO - Writing overlap_65/SQS2_TK/SQS2_TK.report.json
2021-04-04 18:41:16,218 - INFO - Writing log to overlap_65/SQS2_TK/SQS2_TK.log
2021-04-04 18:41:16,236 - INFO - References:
 - SQS2_TK
2021-04-04 18:41:16,236 - INFO - Primary reference for coordinate system: SQS2_TK
2021-04-04 18:41:16,236 - INFO - Considering primers from all references
2021-04-04 18:41:26,490 - INFO - All done! Scheme created with 14 regions, 2 gaps, 88.8% coverage
2021-04-04 18:41:26,490 - INFO - Writing overlap_65/SQS2_TK/SQS2_TK.primer.bed
2021-04-04 18:41:26,493 - INFO - Writing overlap_65/SQS2_TK/SQS2_TK.insert.bed
2021-04-04 18:41:26,495 - INFO - Writing overlap_65/SQS2_TK/SQS2_TK.primer.tsv
2021-04-04 18:41:26,498 - INFO - Writing overlap_65/SQS2_TK/SQS2_TK.reference.fasta
2021-04-04 18:41:26,507 - INFO - Writing overlap_65/SQS2_TK/SQS2_TK.plot.pdf
2021-04-04 18:41:26,507 - INFO - Writing overlap_65/SQS2_TK/SQS2_TK.plot.svg
2021-04-04 18:41:26,544 - INFO - Writing overlap_65/SQS2_TK/SQS2_TK.report.json
