2021-04-03 11:09:13,305 - INFO - Writing log to overlap_75/1_FFT_TK/1_FFT_TK.log
2021-04-03 11:09:13,330 - INFO - References:
 - 1_FFT_TK
2021-04-03 11:09:13,331 - INFO - Primary reference for coordinate system: 1_FFT_TK
2021-04-03 11:09:13,331 - INFO - Considering primers from all references
2021-04-03 11:09:24,425 - INFO - All done! Scheme created with 17 regions, 8 gaps, 81.49% coverage
2021-04-03 11:09:24,425 - INFO - Writing overlap_75/1_FFT_TK/1_FFT_TK.primer.bed
2021-04-03 11:09:24,427 - INFO - Writing overlap_75/1_FFT_TK/1_FFT_TK.insert.bed
2021-04-03 11:09:24,427 - INFO - Writing overlap_75/1_FFT_TK/1_FFT_TK.primer.tsv
2021-04-03 11:09:24,428 - INFO - Writing overlap_75/1_FFT_TK/1_FFT_TK.reference.fasta
2021-04-03 11:09:24,437 - INFO - Writing overlap_75/1_FFT_TK/1_FFT_TK.plot.pdf
2021-04-03 11:09:24,437 - INFO - Writing overlap_75/1_FFT_TK/1_FFT_TK.plot.svg
2021-04-03 11:09:24,471 - INFO - Writing overlap_75/1_FFT_TK/1_FFT_TK.report.json
2021-04-04 18:58:26,185 - INFO - Writing log to overlap_75/1_FFT_TK/1_FFT_TK.log
2021-04-04 18:58:26,200 - INFO - References:
 - 1_FFT_TK
2021-04-04 18:58:26,200 - INFO - Primary reference for coordinate system: 1_FFT_TK
2021-04-04 18:58:26,200 - INFO - Considering primers from all references
2021-04-04 18:58:38,592 - INFO - All done! Scheme created with 17 regions, 8 gaps, 81.49% coverage
2021-04-04 18:58:38,592 - INFO - Writing overlap_75/1_FFT_TK/1_FFT_TK.primer.bed
2021-04-04 18:58:38,597 - INFO - Writing overlap_75/1_FFT_TK/1_FFT_TK.insert.bed
2021-04-04 18:58:38,600 - INFO - Writing overlap_75/1_FFT_TK/1_FFT_TK.primer.tsv
2021-04-04 18:58:38,604 - INFO - Writing overlap_75/1_FFT_TK/1_FFT_TK.reference.fasta
2021-04-04 18:58:38,616 - INFO - Writing overlap_75/1_FFT_TK/1_FFT_TK.plot.pdf
2021-04-04 18:58:38,616 - INFO - Writing overlap_75/1_FFT_TK/1_FFT_TK.plot.svg
2021-04-04 18:58:38,659 - INFO - Writing overlap_75/1_FFT_TK/1_FFT_TK.report.json
