2021-04-03 11:15:46,175 - INFO - Writing log to overlap_75/IPPK_TK/IPPK_TK.log
2021-04-03 11:15:46,193 - INFO - References:
 - IPPK_TK
2021-04-03 11:15:46,193 - INFO - Primary reference for coordinate system: IPPK_TK
2021-04-03 11:15:46,193 - INFO - Considering primers from all references
2021-04-03 11:15:48,623 - INFO - All done! Scheme created with 4 regions, 0 gaps, 68.6% coverage
2021-04-03 11:15:48,623 - INFO - Writing overlap_75/IPPK_TK/IPPK_TK.primer.bed
2021-04-03 11:15:48,624 - INFO - Writing overlap_75/IPPK_TK/IPPK_TK.insert.bed
2021-04-03 11:15:48,625 - INFO - Writing overlap_75/IPPK_TK/IPPK_TK.primer.tsv
2021-04-03 11:15:48,625 - INFO - Writing overlap_75/IPPK_TK/IPPK_TK.reference.fasta
2021-04-03 11:15:48,629 - INFO - Writing overlap_75/IPPK_TK/IPPK_TK.plot.pdf
2021-04-03 11:15:48,629 - INFO - Writing overlap_75/IPPK_TK/IPPK_TK.plot.svg
2021-04-03 11:15:48,661 - INFO - Writing overlap_75/IPPK_TK/IPPK_TK.report.json
2021-04-04 19:05:47,899 - INFO - Writing log to overlap_75/IPPK_TK/IPPK_TK.log
2021-04-04 19:05:47,916 - INFO - References:
 - IPPK_TK
2021-04-04 19:05:47,916 - INFO - Primary reference for coordinate system: IPPK_TK
2021-04-04 19:05:47,916 - INFO - Considering primers from all references
2021-04-04 19:05:50,589 - INFO - All done! Scheme created with 4 regions, 0 gaps, 68.6% coverage
2021-04-04 19:05:50,589 - INFO - Writing overlap_75/IPPK_TK/IPPK_TK.primer.bed
2021-04-04 19:05:50,592 - INFO - Writing overlap_75/IPPK_TK/IPPK_TK.insert.bed
2021-04-04 19:05:50,594 - INFO - Writing overlap_75/IPPK_TK/IPPK_TK.primer.tsv
2021-04-04 19:05:50,597 - INFO - Writing overlap_75/IPPK_TK/IPPK_TK.reference.fasta
2021-04-04 19:05:50,602 - INFO - Writing overlap_75/IPPK_TK/IPPK_TK.plot.pdf
2021-04-04 19:05:50,602 - INFO - Writing overlap_75/IPPK_TK/IPPK_TK.plot.svg
2021-04-04 19:05:50,644 - INFO - Writing overlap_75/IPPK_TK/IPPK_TK.report.json
