2020-12-01 05:23:40,900 - INFO - Writing log to overlap_70/FDPS2_TK/FDPS2_TK.log
2020-12-01 05:23:40,906 - INFO - References:
 - FDPS2_TK
2020-12-01 05:23:40,906 - INFO - Primary reference for coordinate system: FDPS2_TK
2020-12-01 05:23:40,906 - INFO - Considering primers from all references
2020-12-01 05:23:42,517 - INFO - All done! Scheme created with 17 regions, 8 gaps, 73.46% coverage
2020-12-01 05:23:42,518 - INFO - Writing overlap_70/FDPS2_TK/FDPS2_TK.primer.bed
2020-12-01 05:23:42,519 - INFO - Writing overlap_70/FDPS2_TK/FDPS2_TK.insert.bed
2020-12-01 05:23:42,519 - INFO - Writing overlap_70/FDPS2_TK/FDPS2_TK.primer.tsv
2020-12-01 05:23:42,520 - INFO - Writing overlap_70/FDPS2_TK/FDPS2_TK.reference.fasta
2020-12-01 05:23:42,528 - INFO - Writing overlap_70/FDPS2_TK/FDPS2_TK.plot.pdf
2020-12-01 05:23:42,528 - INFO - Writing overlap_70/FDPS2_TK/FDPS2_TK.plot.svg
2020-12-01 05:23:42,559 - INFO - Writing overlap_70/FDPS2_TK/FDPS2_TK.report.json
2021-04-02 20:43:24,734 - INFO - Writing log to overlap_70/FDPS2_TK/FDPS2_TK.log
2021-04-02 20:43:24,767 - INFO - References:
 - FDPS2_TK
2021-04-02 20:43:24,767 - INFO - Primary reference for coordinate system: FDPS2_TK
2021-04-02 20:43:24,767 - INFO - Considering primers from all references
2021-04-02 20:43:31,520 - INFO - All done! Scheme created with 11 regions, 4 gaps, 81.9% coverage
2021-04-02 20:43:31,521 - INFO - Writing overlap_70/FDPS2_TK/FDPS2_TK.primer.bed
2021-04-02 20:43:31,525 - INFO - Writing overlap_70/FDPS2_TK/FDPS2_TK.insert.bed
2021-04-02 20:43:31,530 - INFO - Writing overlap_70/FDPS2_TK/FDPS2_TK.primer.tsv
2021-04-02 20:43:31,535 - INFO - Writing overlap_70/FDPS2_TK/FDPS2_TK.reference.fasta
2021-04-02 20:43:31,545 - INFO - Writing overlap_70/FDPS2_TK/FDPS2_TK.plot.pdf
2021-04-02 20:43:31,545 - INFO - Writing overlap_70/FDPS2_TK/FDPS2_TK.plot.svg
2021-04-02 20:43:31,577 - INFO - Writing overlap_70/FDPS2_TK/FDPS2_TK.report.json
2021-04-03 02:17:06,067 - INFO - Writing log to overlap_70/FDPS2_TK/FDPS2_TK.log
2021-04-03 02:17:06,086 - INFO - References:
 - FDPS2_TK
2021-04-03 02:17:06,086 - INFO - Primary reference for coordinate system: FDPS2_TK
2021-04-03 02:17:06,086 - INFO - Considering primers from all references
2021-04-03 02:17:14,623 - INFO - All done! Scheme created with 11 regions, 4 gaps, 81.9% coverage
2021-04-03 02:17:14,623 - INFO - Writing overlap_70/FDPS2_TK/FDPS2_TK.primer.bed
2021-04-03 02:17:14,627 - INFO - Writing overlap_70/FDPS2_TK/FDPS2_TK.insert.bed
2021-04-03 02:17:14,631 - INFO - Writing overlap_70/FDPS2_TK/FDPS2_TK.primer.tsv
2021-04-03 02:17:14,635 - INFO - Writing overlap_70/FDPS2_TK/FDPS2_TK.reference.fasta
2021-04-03 02:17:14,646 - INFO - Writing overlap_70/FDPS2_TK/FDPS2_TK.plot.pdf
2021-04-03 02:17:14,646 - INFO - Writing overlap_70/FDPS2_TK/FDPS2_TK.plot.svg
2021-04-03 02:17:14,682 - INFO - Writing overlap_70/FDPS2_TK/FDPS2_TK.report.json
