2021-04-03 00:45:42,377 - INFO - Writing log to overlap_40/SRRP1_TK/SRRP1_TK.log
2021-04-03 00:45:42,399 - INFO - References:
 - SRRP1_TK
2021-04-03 00:45:42,399 - INFO - Primary reference for coordinate system: SRRP1_TK
2021-04-03 00:45:42,399 - INFO - Considering primers from all references
2021-04-03 00:45:43,905 - INFO - All done! Scheme created with 2 regions, 0 gaps, 65.22% coverage
2021-04-03 00:45:43,905 - INFO - Writing overlap_40/SRRP1_TK/SRRP1_TK.primer.bed
2021-04-03 00:45:43,906 - INFO - Writing overlap_40/SRRP1_TK/SRRP1_TK.insert.bed
2021-04-03 00:45:43,907 - INFO - Writing overlap_40/SRRP1_TK/SRRP1_TK.primer.tsv
2021-04-03 00:45:43,908 - INFO - Writing overlap_40/SRRP1_TK/SRRP1_TK.reference.fasta
2021-04-03 00:45:43,911 - INFO - Writing overlap_40/SRRP1_TK/SRRP1_TK.plot.pdf
2021-04-03 00:45:43,911 - INFO - Writing overlap_40/SRRP1_TK/SRRP1_TK.plot.svg
2021-04-03 00:45:43,926 - INFO - Writing overlap_40/SRRP1_TK/SRRP1_TK.report.json
2021-04-04 17:26:43,666 - INFO - Writing log to overlap_40/SRRP1_TK/SRRP1_TK.log
2021-04-04 17:26:43,702 - INFO - References:
 - SRRP1_TK
2021-04-04 17:26:43,702 - INFO - Primary reference for coordinate system: SRRP1_TK
2021-04-04 17:26:43,702 - INFO - Considering primers from all references
2021-04-04 17:26:45,146 - INFO - All done! Scheme created with 2 regions, 0 gaps, 65.22% coverage
2021-04-04 17:26:45,146 - INFO - Writing overlap_40/SRRP1_TK/SRRP1_TK.primer.bed
2021-04-04 17:26:45,149 - INFO - Writing overlap_40/SRRP1_TK/SRRP1_TK.insert.bed
2021-04-04 17:26:45,153 - INFO - Writing overlap_40/SRRP1_TK/SRRP1_TK.primer.tsv
2021-04-04 17:26:45,157 - INFO - Writing overlap_40/SRRP1_TK/SRRP1_TK.reference.fasta
2021-04-04 17:26:45,162 - INFO - Writing overlap_40/SRRP1_TK/SRRP1_TK.plot.pdf
2021-04-04 17:26:45,162 - INFO - Writing overlap_40/SRRP1_TK/SRRP1_TK.plot.svg
2021-04-04 17:26:45,180 - INFO - Writing overlap_40/SRRP1_TK/SRRP1_TK.report.json
