2021-04-03 01:00:11,756 - INFO - Writing log to overlap_45/REF_TK/REF_TK.log
2021-04-03 01:00:11,772 - INFO - References:
 - REF_TK
2021-04-03 01:00:11,773 - INFO - Primary reference for coordinate system: REF_TK
2021-04-03 01:00:11,773 - INFO - Considering primers from all references
2021-04-03 01:00:16,254 - INFO - All done! Scheme created with 6 regions, 1 gap, 73.54% coverage
2021-04-03 01:00:16,255 - INFO - Writing overlap_45/REF_TK/REF_TK.primer.bed
2021-04-03 01:00:16,256 - INFO - Writing overlap_45/REF_TK/REF_TK.insert.bed
2021-04-03 01:00:16,256 - INFO - Writing overlap_45/REF_TK/REF_TK.primer.tsv
2021-04-03 01:00:16,257 - INFO - Writing overlap_45/REF_TK/REF_TK.reference.fasta
2021-04-03 01:00:16,262 - INFO - Writing overlap_45/REF_TK/REF_TK.plot.pdf
2021-04-03 01:00:16,263 - INFO - Writing overlap_45/REF_TK/REF_TK.plot.svg
2021-04-03 01:00:16,286 - INFO - Writing overlap_45/REF_TK/REF_TK.report.json
2021-04-04 17:39:48,457 - INFO - Writing log to overlap_45/REF_TK/REF_TK.log
2021-04-04 17:39:48,474 - INFO - References:
 - REF_TK
2021-04-04 17:39:48,474 - INFO - Primary reference for coordinate system: REF_TK
2021-04-04 17:39:48,474 - INFO - Considering primers from all references
2021-04-04 17:39:52,529 - INFO - All done! Scheme created with 6 regions, 1 gap, 73.54% coverage
2021-04-04 17:39:52,529 - INFO - Writing overlap_45/REF_TK/REF_TK.primer.bed
2021-04-04 17:39:52,532 - INFO - Writing overlap_45/REF_TK/REF_TK.insert.bed
2021-04-04 17:39:52,535 - INFO - Writing overlap_45/REF_TK/REF_TK.primer.tsv
2021-04-04 17:39:52,537 - INFO - Writing overlap_45/REF_TK/REF_TK.reference.fasta
2021-04-04 17:39:52,544 - INFO - Writing overlap_45/REF_TK/REF_TK.plot.pdf
2021-04-04 17:39:52,544 - INFO - Writing overlap_45/REF_TK/REF_TK.plot.svg
2021-04-04 17:39:52,568 - INFO - Writing overlap_45/REF_TK/REF_TK.report.json
