2021-04-03 01:02:09,000 - INFO - Writing log to overlap_45/SRRP1_TK/SRRP1_TK.log
2021-04-03 01:02:09,027 - INFO - References:
 - SRRP1_TK
2021-04-03 01:02:09,027 - INFO - Primary reference for coordinate system: SRRP1_TK
2021-04-03 01:02:09,027 - INFO - Considering primers from all references
2021-04-03 01:02:10,589 - INFO - All done! Scheme created with 2 regions, 0 gaps, 65.22% coverage
2021-04-03 01:02:10,590 - INFO - Writing overlap_45/SRRP1_TK/SRRP1_TK.primer.bed
2021-04-03 01:02:10,591 - INFO - Writing overlap_45/SRRP1_TK/SRRP1_TK.insert.bed
2021-04-03 01:02:10,592 - INFO - Writing overlap_45/SRRP1_TK/SRRP1_TK.primer.tsv
2021-04-03 01:02:10,592 - INFO - Writing overlap_45/SRRP1_TK/SRRP1_TK.reference.fasta
2021-04-03 01:02:10,596 - INFO - Writing overlap_45/SRRP1_TK/SRRP1_TK.plot.pdf
2021-04-03 01:02:10,596 - INFO - Writing overlap_45/SRRP1_TK/SRRP1_TK.plot.svg
2021-04-03 01:02:10,613 - INFO - Writing overlap_45/SRRP1_TK/SRRP1_TK.report.json
2021-04-04 17:41:31,705 - INFO - Writing log to overlap_45/SRRP1_TK/SRRP1_TK.log
2021-04-04 17:41:31,730 - INFO - References:
 - SRRP1_TK
2021-04-04 17:41:31,730 - INFO - Primary reference for coordinate system: SRRP1_TK
2021-04-04 17:41:31,730 - INFO - Considering primers from all references
2021-04-04 17:41:33,126 - INFO - All done! Scheme created with 2 regions, 0 gaps, 65.22% coverage
2021-04-04 17:41:33,126 - INFO - Writing overlap_45/SRRP1_TK/SRRP1_TK.primer.bed
2021-04-04 17:41:33,130 - INFO - Writing overlap_45/SRRP1_TK/SRRP1_TK.insert.bed
2021-04-04 17:41:33,135 - INFO - Writing overlap_45/SRRP1_TK/SRRP1_TK.primer.tsv
2021-04-04 17:41:33,139 - INFO - Writing overlap_45/SRRP1_TK/SRRP1_TK.reference.fasta
2021-04-04 17:41:33,145 - INFO - Writing overlap_45/SRRP1_TK/SRRP1_TK.plot.pdf
2021-04-04 17:41:33,145 - INFO - Writing overlap_45/SRRP1_TK/SRRP1_TK.plot.svg
2021-04-04 17:41:33,165 - INFO - Writing overlap_45/SRRP1_TK/SRRP1_TK.report.json
