2021-04-02 20:40:04,177 - INFO - Writing log to overlap_70/3H3MC1_TK/3H3MC1_TK.log
2021-04-02 20:40:04,202 - INFO - References:
 - 3H3MC1_TK
2021-04-02 20:40:04,202 - INFO - Primary reference for coordinate system: 3H3MC1_TK
2021-04-02 20:40:04,203 - INFO - Considering primers from all references
2021-04-02 20:40:09,001 - INFO - All done! Scheme created with 8 regions, 3 gaps, 78.69% coverage
2021-04-02 20:40:09,001 - INFO - Writing overlap_70/3H3MC1_TK/3H3MC1_TK.primer.bed
2021-04-02 20:40:09,002 - INFO - Writing overlap_70/3H3MC1_TK/3H3MC1_TK.insert.bed
2021-04-02 20:40:09,003 - INFO - Writing overlap_70/3H3MC1_TK/3H3MC1_TK.primer.tsv
2021-04-02 20:40:09,004 - INFO - Writing overlap_70/3H3MC1_TK/3H3MC1_TK.reference.fasta
2021-04-02 20:40:09,009 - INFO - Writing overlap_70/3H3MC1_TK/3H3MC1_TK.plot.pdf
2021-04-02 20:40:09,009 - INFO - Writing overlap_70/3H3MC1_TK/3H3MC1_TK.plot.svg
2021-04-02 20:40:09,029 - INFO - Writing overlap_70/3H3MC1_TK/3H3MC1_TK.report.json
2021-04-03 02:11:28,193 - INFO - Writing log to overlap_70/3H3MC1_TK/3H3MC1_TK.log
2021-04-03 02:11:28,217 - INFO - References:
 - 3H3MC1_TK
2021-04-03 02:11:28,217 - INFO - Primary reference for coordinate system: 3H3MC1_TK
2021-04-03 02:11:28,217 - INFO - Considering primers from all references
2021-04-03 02:11:34,155 - INFO - All done! Scheme created with 8 regions, 3 gaps, 78.69% coverage
2021-04-03 02:11:34,155 - INFO - Writing overlap_70/3H3MC1_TK/3H3MC1_TK.primer.bed
2021-04-03 02:11:34,160 - INFO - Writing overlap_70/3H3MC1_TK/3H3MC1_TK.insert.bed
2021-04-03 02:11:34,163 - INFO - Writing overlap_70/3H3MC1_TK/3H3MC1_TK.primer.tsv
2021-04-03 02:11:34,169 - INFO - Writing overlap_70/3H3MC1_TK/3H3MC1_TK.reference.fasta
2021-04-03 02:11:34,179 - INFO - Writing overlap_70/3H3MC1_TK/3H3MC1_TK.plot.pdf
2021-04-03 02:11:34,180 - INFO - Writing overlap_70/3H3MC1_TK/3H3MC1_TK.plot.svg
2021-04-03 02:11:34,209 - INFO - Writing overlap_70/3H3MC1_TK/3H3MC1_TK.report.json
