2021-04-03 11:14:09,115 - INFO - Writing log to overlap_75/ERF_TK/ERF_TK.log
2021-04-03 11:14:09,135 - INFO - References:
 - ERF_TK
2021-04-03 11:14:09,135 - INFO - Primary reference for coordinate system: ERF_TK
2021-04-03 11:14:09,135 - INFO - Considering primers from all references
2021-04-03 11:14:11,584 - INFO - All done! Scheme created with 4 regions, 1 gap, 70.1% coverage
2021-04-03 11:14:11,584 - INFO - Writing overlap_75/ERF_TK/ERF_TK.primer.bed
2021-04-03 11:14:11,586 - INFO - Writing overlap_75/ERF_TK/ERF_TK.insert.bed
2021-04-03 11:14:11,587 - INFO - Writing overlap_75/ERF_TK/ERF_TK.primer.tsv
2021-04-03 11:14:11,587 - INFO - Writing overlap_75/ERF_TK/ERF_TK.reference.fasta
2021-04-03 11:14:11,591 - INFO - Writing overlap_75/ERF_TK/ERF_TK.plot.pdf
2021-04-03 11:14:11,591 - INFO - Writing overlap_75/ERF_TK/ERF_TK.plot.svg
2021-04-03 11:14:11,620 - INFO - Writing overlap_75/ERF_TK/ERF_TK.report.json
2021-04-04 19:03:59,051 - INFO - Writing log to overlap_75/ERF_TK/ERF_TK.log
2021-04-04 19:03:59,065 - INFO - References:
 - ERF_TK
2021-04-04 19:03:59,065 - INFO - Primary reference for coordinate system: ERF_TK
2021-04-04 19:03:59,065 - INFO - Considering primers from all references
2021-04-04 19:04:01,765 - INFO - All done! Scheme created with 4 regions, 1 gap, 70.1% coverage
2021-04-04 19:04:01,766 - INFO - Writing overlap_75/ERF_TK/ERF_TK.primer.bed
2021-04-04 19:04:01,769 - INFO - Writing overlap_75/ERF_TK/ERF_TK.insert.bed
2021-04-04 19:04:01,771 - INFO - Writing overlap_75/ERF_TK/ERF_TK.primer.tsv
2021-04-04 19:04:01,773 - INFO - Writing overlap_75/ERF_TK/ERF_TK.reference.fasta
2021-04-04 19:04:01,778 - INFO - Writing overlap_75/ERF_TK/ERF_TK.plot.pdf
2021-04-04 19:04:01,778 - INFO - Writing overlap_75/ERF_TK/ERF_TK.plot.svg
2021-04-04 19:04:01,816 - INFO - Writing overlap_75/ERF_TK/ERF_TK.report.json
