2021-04-03 00:31:43,726 - INFO - Writing log to overlap_40/2cMDE4PCT1_TK/2cMDE4PCT1_TK.log
2021-04-03 00:31:43,735 - INFO - References:
 - 2cMDE4PCT1_TK
2021-04-03 00:31:43,735 - INFO - Primary reference for coordinate system: 2cMDE4PCT1_TK
2021-04-03 00:31:43,735 - INFO - Considering primers from all references
2021-04-03 00:31:54,942 - INFO - All done! Scheme created with 11 regions, 1 gap, 85.13% coverage
2021-04-03 00:31:54,943 - INFO - Writing overlap_40/2cMDE4PCT1_TK/2cMDE4PCT1_TK.primer.bed
2021-04-03 00:31:54,944 - INFO - Writing overlap_40/2cMDE4PCT1_TK/2cMDE4PCT1_TK.insert.bed
2021-04-03 00:31:54,945 - INFO - Writing overlap_40/2cMDE4PCT1_TK/2cMDE4PCT1_TK.primer.tsv
2021-04-03 00:31:54,946 - INFO - Writing overlap_40/2cMDE4PCT1_TK/2cMDE4PCT1_TK.reference.fasta
2021-04-03 00:31:54,954 - INFO - Writing overlap_40/2cMDE4PCT1_TK/2cMDE4PCT1_TK.plot.pdf
2021-04-03 00:31:54,954 - INFO - Writing overlap_40/2cMDE4PCT1_TK/2cMDE4PCT1_TK.plot.svg
2021-04-03 00:31:54,987 - INFO - Writing overlap_40/2cMDE4PCT1_TK/2cMDE4PCT1_TK.report.json
2021-04-04 17:14:05,319 - INFO - Writing log to overlap_40/2cMDE4PCT1_TK/2cMDE4PCT1_TK.log
2021-04-04 17:14:05,349 - INFO - References:
 - 2cMDE4PCT1_TK
2021-04-04 17:14:05,349 - INFO - Primary reference for coordinate system: 2cMDE4PCT1_TK
2021-04-04 17:14:05,349 - INFO - Considering primers from all references
2021-04-04 17:14:15,608 - INFO - All done! Scheme created with 11 regions, 1 gap, 85.13% coverage
2021-04-04 17:14:15,608 - INFO - Writing overlap_40/2cMDE4PCT1_TK/2cMDE4PCT1_TK.primer.bed
2021-04-04 17:14:15,613 - INFO - Writing overlap_40/2cMDE4PCT1_TK/2cMDE4PCT1_TK.insert.bed
2021-04-04 17:14:15,617 - INFO - Writing overlap_40/2cMDE4PCT1_TK/2cMDE4PCT1_TK.primer.tsv
2021-04-04 17:14:15,621 - INFO - Writing overlap_40/2cMDE4PCT1_TK/2cMDE4PCT1_TK.reference.fasta
2021-04-04 17:14:15,630 - INFO - Writing overlap_40/2cMDE4PCT1_TK/2cMDE4PCT1_TK.plot.pdf
2021-04-04 17:14:15,630 - INFO - Writing overlap_40/2cMDE4PCT1_TK/2cMDE4PCT1_TK.plot.svg
2021-04-04 17:14:15,664 - INFO - Writing overlap_40/2cMDE4PCT1_TK/2cMDE4PCT1_TK.report.json
