2021-04-03 01:18:34,128 - INFO - Writing log to overlap_50/SRPP3_TK/SRPP3_TK.log
2021-04-03 01:18:34,136 - INFO - References:
 - SRPP3_TK
2021-04-03 01:18:34,136 - INFO - Primary reference for coordinate system: SRPP3_TK
2021-04-03 01:18:34,136 - INFO - Considering primers from all references
2021-04-03 01:18:38,053 - INFO - All done! Scheme created with 5 regions, 1 gap, 73.15% coverage
2021-04-03 01:18:38,053 - INFO - Writing overlap_50/SRPP3_TK/SRPP3_TK.primer.bed
2021-04-03 01:18:38,054 - INFO - Writing overlap_50/SRPP3_TK/SRPP3_TK.insert.bed
2021-04-03 01:18:38,055 - INFO - Writing overlap_50/SRPP3_TK/SRPP3_TK.primer.tsv
2021-04-03 01:18:38,056 - INFO - Writing overlap_50/SRPP3_TK/SRPP3_TK.reference.fasta
2021-04-03 01:18:38,062 - INFO - Writing overlap_50/SRPP3_TK/SRPP3_TK.plot.pdf
2021-04-03 01:18:38,062 - INFO - Writing overlap_50/SRPP3_TK/SRPP3_TK.plot.svg
2021-04-03 01:18:38,085 - INFO - Writing overlap_50/SRPP3_TK/SRPP3_TK.report.json
2021-04-04 17:56:29,916 - INFO - Writing log to overlap_50/SRPP3_TK/SRPP3_TK.log
2021-04-04 17:56:29,948 - INFO - References:
 - SRPP3_TK
2021-04-04 17:56:29,948 - INFO - Primary reference for coordinate system: SRPP3_TK
2021-04-04 17:56:29,948 - INFO - Considering primers from all references
2021-04-04 17:56:33,505 - INFO - All done! Scheme created with 5 regions, 1 gap, 73.15% coverage
2021-04-04 17:56:33,506 - INFO - Writing overlap_50/SRPP3_TK/SRPP3_TK.primer.bed
2021-04-04 17:56:33,508 - INFO - Writing overlap_50/SRPP3_TK/SRPP3_TK.insert.bed
2021-04-04 17:56:33,511 - INFO - Writing overlap_50/SRPP3_TK/SRPP3_TK.primer.tsv
2021-04-04 17:56:33,513 - INFO - Writing overlap_50/SRPP3_TK/SRPP3_TK.reference.fasta
2021-04-04 17:56:33,519 - INFO - Writing overlap_50/SRPP3_TK/SRPP3_TK.plot.pdf
2021-04-04 17:56:33,520 - INFO - Writing overlap_50/SRPP3_TK/SRPP3_TK.plot.svg
2021-04-04 17:56:33,543 - INFO - Writing overlap_50/SRPP3_TK/SRPP3_TK.report.json
