2021-04-03 11:21:45,098 - INFO - Writing log to overlap_80/1DDX5PR1_TK/1DDX5PR1_TK.log
2021-04-03 11:21:45,104 - INFO - References:
 - 1DDX5PR1_TK
2021-04-03 11:21:45,104 - INFO - Primary reference for coordinate system: 1DDX5PR1_TK
2021-04-03 11:21:45,104 - INFO - Considering primers from all references
2021-04-03 11:21:52,923 - INFO - All done! Scheme created with 12 regions, 2 gaps, 84.54% coverage
2021-04-03 11:21:52,923 - INFO - Writing overlap_80/1DDX5PR1_TK/1DDX5PR1_TK.primer.bed
2021-04-03 11:21:52,924 - INFO - Writing overlap_80/1DDX5PR1_TK/1DDX5PR1_TK.insert.bed
2021-04-03 11:21:52,924 - INFO - Writing overlap_80/1DDX5PR1_TK/1DDX5PR1_TK.primer.tsv
2021-04-03 11:21:52,925 - INFO - Writing overlap_80/1DDX5PR1_TK/1DDX5PR1_TK.reference.fasta
2021-04-03 11:21:52,932 - INFO - Writing overlap_80/1DDX5PR1_TK/1DDX5PR1_TK.plot.pdf
2021-04-03 11:21:52,932 - INFO - Writing overlap_80/1DDX5PR1_TK/1DDX5PR1_TK.plot.svg
2021-04-03 11:21:52,958 - INFO - Writing overlap_80/1DDX5PR1_TK/1DDX5PR1_TK.report.json
2021-04-04 19:12:25,759 - INFO - Writing log to overlap_80/1DDX5PR1_TK/1DDX5PR1_TK.log
2021-04-04 19:12:25,775 - INFO - References:
 - 1DDX5PR1_TK
2021-04-04 19:12:25,775 - INFO - Primary reference for coordinate system: 1DDX5PR1_TK
2021-04-04 19:12:25,775 - INFO - Considering primers from all references
2021-04-04 19:12:34,481 - INFO - All done! Scheme created with 12 regions, 2 gaps, 84.54% coverage
2021-04-04 19:12:34,481 - INFO - Writing overlap_80/1DDX5PR1_TK/1DDX5PR1_TK.primer.bed
2021-04-04 19:12:34,486 - INFO - Writing overlap_80/1DDX5PR1_TK/1DDX5PR1_TK.insert.bed
2021-04-04 19:12:34,489 - INFO - Writing overlap_80/1DDX5PR1_TK/1DDX5PR1_TK.primer.tsv
2021-04-04 19:12:34,493 - INFO - Writing overlap_80/1DDX5PR1_TK/1DDX5PR1_TK.reference.fasta
2021-04-04 19:12:34,503 - INFO - Writing overlap_80/1DDX5PR1_TK/1DDX5PR1_TK.plot.pdf
2021-04-04 19:12:34,503 - INFO - Writing overlap_80/1DDX5PR1_TK/1DDX5PR1_TK.plot.svg
2021-04-04 19:12:34,538 - INFO - Writing overlap_80/1DDX5PR1_TK/1DDX5PR1_TK.report.json
