2021-04-03 01:15:16,585 - INFO - Writing log to overlap_50/PCK_TK/PCK_TK.log
2021-04-03 01:15:16,601 - INFO - References:
 - PCK_TK
2021-04-03 01:15:16,601 - INFO - Primary reference for coordinate system: PCK_TK
2021-04-03 01:15:16,601 - INFO - Considering primers from all references
2021-04-03 01:15:19,598 - INFO - All done! Scheme created with 4 regions, 1 gap, 68.85% coverage
2021-04-03 01:15:19,598 - INFO - Writing overlap_50/PCK_TK/PCK_TK.primer.bed
2021-04-03 01:15:19,599 - INFO - Writing overlap_50/PCK_TK/PCK_TK.insert.bed
2021-04-03 01:15:19,600 - INFO - Writing overlap_50/PCK_TK/PCK_TK.primer.tsv
2021-04-03 01:15:19,601 - INFO - Writing overlap_50/PCK_TK/PCK_TK.reference.fasta
2021-04-03 01:15:19,606 - INFO - Writing overlap_50/PCK_TK/PCK_TK.plot.pdf
2021-04-03 01:15:19,606 - INFO - Writing overlap_50/PCK_TK/PCK_TK.plot.svg
2021-04-03 01:15:19,655 - INFO - Writing overlap_50/PCK_TK/PCK_TK.report.json
2021-04-04 17:53:33,703 - INFO - Writing log to overlap_50/PCK_TK/PCK_TK.log
2021-04-04 17:53:33,740 - INFO - References:
 - PCK_TK
2021-04-04 17:53:33,740 - INFO - Primary reference for coordinate system: PCK_TK
2021-04-04 17:53:33,740 - INFO - Considering primers from all references
2021-04-04 17:53:36,442 - INFO - All done! Scheme created with 4 regions, 1 gap, 68.85% coverage
2021-04-04 17:53:36,442 - INFO - Writing overlap_50/PCK_TK/PCK_TK.primer.bed
2021-04-04 17:53:36,445 - INFO - Writing overlap_50/PCK_TK/PCK_TK.insert.bed
2021-04-04 17:53:36,448 - INFO - Writing overlap_50/PCK_TK/PCK_TK.primer.tsv
2021-04-04 17:53:36,450 - INFO - Writing overlap_50/PCK_TK/PCK_TK.reference.fasta
2021-04-04 17:53:36,456 - INFO - Writing overlap_50/PCK_TK/PCK_TK.plot.pdf
2021-04-04 17:53:36,456 - INFO - Writing overlap_50/PCK_TK/PCK_TK.plot.svg
2021-04-04 17:53:36,494 - INFO - Writing overlap_50/PCK_TK/PCK_TK.report.json
