2021-04-03 01:33:19,990 - INFO - Writing log to overlap_55/PUCP7_TK/PUCP7_TK.log
2021-04-03 01:33:19,999 - INFO - References:
 - PUCP7_TK
2021-04-03 01:33:19,999 - INFO - Primary reference for coordinate system: PUCP7_TK
2021-04-03 01:33:19,999 - INFO - Considering primers from all references
2021-04-03 01:33:30,805 - INFO - All done! Scheme created with 7 regions, 0 gaps, 85.4% coverage
2021-04-03 01:33:30,806 - INFO - Writing overlap_55/PUCP7_TK/PUCP7_TK.primer.bed
2021-04-03 01:33:30,807 - INFO - Writing overlap_55/PUCP7_TK/PUCP7_TK.insert.bed
2021-04-03 01:33:30,807 - INFO - Writing overlap_55/PUCP7_TK/PUCP7_TK.primer.tsv
2021-04-03 01:33:30,808 - INFO - Writing overlap_55/PUCP7_TK/PUCP7_TK.reference.fasta
2021-04-03 01:33:30,813 - INFO - Writing overlap_55/PUCP7_TK/PUCP7_TK.plot.pdf
2021-04-03 01:33:30,814 - INFO - Writing overlap_55/PUCP7_TK/PUCP7_TK.plot.svg
2021-04-03 01:33:30,839 - INFO - Writing overlap_55/PUCP7_TK/PUCP7_TK.report.json
2021-04-04 18:09:42,211 - INFO - Writing log to overlap_55/PUCP7_TK/PUCP7_TK.log
2021-04-04 18:09:42,230 - INFO - References:
 - PUCP7_TK
2021-04-04 18:09:42,230 - INFO - Primary reference for coordinate system: PUCP7_TK
2021-04-04 18:09:42,230 - INFO - Considering primers from all references
2021-04-04 18:09:52,151 - INFO - All done! Scheme created with 7 regions, 0 gaps, 85.4% coverage
2021-04-04 18:09:52,151 - INFO - Writing overlap_55/PUCP7_TK/PUCP7_TK.primer.bed
2021-04-04 18:09:52,154 - INFO - Writing overlap_55/PUCP7_TK/PUCP7_TK.insert.bed
2021-04-04 18:09:52,157 - INFO - Writing overlap_55/PUCP7_TK/PUCP7_TK.primer.tsv
2021-04-04 18:09:52,159 - INFO - Writing overlap_55/PUCP7_TK/PUCP7_TK.reference.fasta
2021-04-04 18:09:52,165 - INFO - Writing overlap_55/PUCP7_TK/PUCP7_TK.plot.pdf
2021-04-04 18:09:52,165 - INFO - Writing overlap_55/PUCP7_TK/PUCP7_TK.plot.svg
2021-04-04 18:09:52,190 - INFO - Writing overlap_55/PUCP7_TK/PUCP7_TK.report.json
