2021-04-03 01:16:05,067 - INFO - Writing log to overlap_50/PPMK1_TK/PPMK1_TK.log
2021-04-03 01:16:05,083 - INFO - References:
 - PPMK1_TK
2021-04-03 01:16:05,083 - INFO - Primary reference for coordinate system: PPMK1_TK
2021-04-03 01:16:05,083 - INFO - Considering primers from all references
2021-04-03 01:16:13,086 - INFO - All done! Scheme created with 10 regions, 0 gaps, 84.4% coverage
2021-04-03 01:16:13,086 - INFO - Writing overlap_50/PPMK1_TK/PPMK1_TK.primer.bed
2021-04-03 01:16:13,087 - INFO - Writing overlap_50/PPMK1_TK/PPMK1_TK.insert.bed
2021-04-03 01:16:13,090 - INFO - Writing overlap_50/PPMK1_TK/PPMK1_TK.primer.tsv
2021-04-03 01:16:13,091 - INFO - Writing overlap_50/PPMK1_TK/PPMK1_TK.reference.fasta
2021-04-03 01:16:13,099 - INFO - Writing overlap_50/PPMK1_TK/PPMK1_TK.plot.pdf
2021-04-03 01:16:13,099 - INFO - Writing overlap_50/PPMK1_TK/PPMK1_TK.plot.svg
2021-04-03 01:16:13,130 - INFO - Writing overlap_50/PPMK1_TK/PPMK1_TK.report.json
2021-04-04 17:54:16,946 - INFO - Writing log to overlap_50/PPMK1_TK/PPMK1_TK.log
2021-04-04 17:54:16,970 - INFO - References:
 - PPMK1_TK
2021-04-04 17:54:16,970 - INFO - Primary reference for coordinate system: PPMK1_TK
2021-04-04 17:54:16,970 - INFO - Considering primers from all references
2021-04-04 17:54:24,207 - INFO - All done! Scheme created with 10 regions, 0 gaps, 84.4% coverage
2021-04-04 17:54:24,207 - INFO - Writing overlap_50/PPMK1_TK/PPMK1_TK.primer.bed
2021-04-04 17:54:24,211 - INFO - Writing overlap_50/PPMK1_TK/PPMK1_TK.insert.bed
2021-04-04 17:54:24,214 - INFO - Writing overlap_50/PPMK1_TK/PPMK1_TK.primer.tsv
2021-04-04 17:54:24,216 - INFO - Writing overlap_50/PPMK1_TK/PPMK1_TK.reference.fasta
2021-04-04 17:54:24,225 - INFO - Writing overlap_50/PPMK1_TK/PPMK1_TK.plot.pdf
2021-04-04 17:54:24,225 - INFO - Writing overlap_50/PPMK1_TK/PPMK1_TK.plot.svg
2021-04-04 17:54:24,256 - INFO - Writing overlap_50/PPMK1_TK/PPMK1_TK.report.json
