2021-04-03 00:51:28,316 - INFO - Writing log to overlap_45/CCT1_TK/CCT1_TK.log
2021-04-03 00:51:28,324 - INFO - References:
 - CCT1_TK
2021-04-03 00:51:28,324 - INFO - Primary reference for coordinate system: CCT1_TK
2021-04-03 00:51:28,324 - INFO - Considering primers from all references
2021-04-03 00:51:31,312 - INFO - All done! Scheme created with 4 regions, 1 gap, 68.13% coverage
2021-04-03 00:51:31,312 - INFO - Writing overlap_45/CCT1_TK/CCT1_TK.primer.bed
2021-04-03 00:51:31,313 - INFO - Writing overlap_45/CCT1_TK/CCT1_TK.insert.bed
2021-04-03 00:51:31,315 - INFO - Writing overlap_45/CCT1_TK/CCT1_TK.primer.tsv
2021-04-03 00:51:31,316 - INFO - Writing overlap_45/CCT1_TK/CCT1_TK.reference.fasta
2021-04-03 00:51:31,321 - INFO - Writing overlap_45/CCT1_TK/CCT1_TK.plot.pdf
2021-04-03 00:51:31,321 - INFO - Writing overlap_45/CCT1_TK/CCT1_TK.plot.svg
2021-04-03 00:51:31,376 - INFO - Writing overlap_45/CCT1_TK/CCT1_TK.report.json
2021-04-04 17:31:56,941 - INFO - Writing log to overlap_45/CCT1_TK/CCT1_TK.log
2021-04-04 17:31:56,957 - INFO - References:
 - CCT1_TK
2021-04-04 17:31:56,957 - INFO - Primary reference for coordinate system: CCT1_TK
2021-04-04 17:31:56,957 - INFO - Considering primers from all references
2021-04-04 17:31:59,685 - INFO - All done! Scheme created with 4 regions, 1 gap, 68.13% coverage
2021-04-04 17:31:59,686 - INFO - Writing overlap_45/CCT1_TK/CCT1_TK.primer.bed
2021-04-04 17:31:59,690 - INFO - Writing overlap_45/CCT1_TK/CCT1_TK.insert.bed
2021-04-04 17:31:59,693 - INFO - Writing overlap_45/CCT1_TK/CCT1_TK.primer.tsv
2021-04-04 17:31:59,696 - INFO - Writing overlap_45/CCT1_TK/CCT1_TK.reference.fasta
2021-04-04 17:31:59,703 - INFO - Writing overlap_45/CCT1_TK/CCT1_TK.plot.pdf
2021-04-04 17:31:59,703 - INFO - Writing overlap_45/CCT1_TK/CCT1_TK.plot.svg
2021-04-04 17:31:59,744 - INFO - Writing overlap_45/CCT1_TK/CCT1_TK.report.json
