2021-04-03 11:23:45,616 - INFO - Writing log to overlap_80/3H3MCR5_TK/3H3MCR5_TK.log
2021-04-03 11:23:45,622 - INFO - References:
 - 3H3MCR5_TK
2021-04-03 11:23:45,622 - INFO - Primary reference for coordinate system: 3H3MCR5_TK
2021-04-03 11:23:45,622 - INFO - Considering primers from all references
2021-04-03 11:23:49,314 - INFO - All done! Scheme created with 6 regions, 1 gap, 79.07% coverage
2021-04-03 11:23:49,314 - INFO - Writing overlap_80/3H3MCR5_TK/3H3MCR5_TK.primer.bed
2021-04-03 11:23:49,315 - INFO - Writing overlap_80/3H3MCR5_TK/3H3MCR5_TK.insert.bed
2021-04-03 11:23:49,316 - INFO - Writing overlap_80/3H3MCR5_TK/3H3MCR5_TK.primer.tsv
2021-04-03 11:23:49,316 - INFO - Writing overlap_80/3H3MCR5_TK/3H3MCR5_TK.reference.fasta
2021-04-03 11:23:49,321 - INFO - Writing overlap_80/3H3MCR5_TK/3H3MCR5_TK.plot.pdf
2021-04-03 11:23:49,321 - INFO - Writing overlap_80/3H3MCR5_TK/3H3MCR5_TK.plot.svg
2021-04-03 11:23:49,340 - INFO - Writing overlap_80/3H3MCR5_TK/3H3MCR5_TK.report.json
2021-04-04 19:14:40,099 - INFO - Writing log to overlap_80/3H3MCR5_TK/3H3MCR5_TK.log
2021-04-04 19:14:40,116 - INFO - References:
 - 3H3MCR5_TK
2021-04-04 19:14:40,116 - INFO - Primary reference for coordinate system: 3H3MCR5_TK
2021-04-04 19:14:40,116 - INFO - Considering primers from all references
2021-04-04 19:14:44,227 - INFO - All done! Scheme created with 6 regions, 1 gap, 79.07% coverage
2021-04-04 19:14:44,228 - INFO - Writing overlap_80/3H3MCR5_TK/3H3MCR5_TK.primer.bed
2021-04-04 19:14:44,233 - INFO - Writing overlap_80/3H3MCR5_TK/3H3MCR5_TK.insert.bed
2021-04-04 19:14:44,237 - INFO - Writing overlap_80/3H3MCR5_TK/3H3MCR5_TK.primer.tsv
2021-04-04 19:14:44,241 - INFO - Writing overlap_80/3H3MCR5_TK/3H3MCR5_TK.reference.fasta
2021-04-04 19:14:44,250 - INFO - Writing overlap_80/3H3MCR5_TK/3H3MCR5_TK.plot.pdf
2021-04-04 19:14:44,250 - INFO - Writing overlap_80/3H3MCR5_TK/3H3MCR5_TK.plot.svg
2021-04-04 19:14:44,276 - INFO - Writing overlap_80/3H3MCR5_TK/3H3MCR5_TK.report.json
