2021-04-03 01:34:08,738 - INFO - Writing log to overlap_55/SQE1_TK/SQE1_TK.log
2021-04-03 01:34:08,747 - INFO - References:
 - SQE1_TK
2021-04-03 01:34:08,747 - INFO - Primary reference for coordinate system: SQE1_TK
2021-04-03 01:34:08,747 - INFO - Considering primers from all references
2021-04-03 01:34:20,049 - INFO - All done! Scheme created with 14 regions, 3 gaps, 81.17% coverage
2021-04-03 01:34:20,050 - INFO - Writing overlap_55/SQE1_TK/SQE1_TK.primer.bed
2021-04-03 01:34:20,051 - INFO - Writing overlap_55/SQE1_TK/SQE1_TK.insert.bed
2021-04-03 01:34:20,051 - INFO - Writing overlap_55/SQE1_TK/SQE1_TK.primer.tsv
2021-04-03 01:34:20,052 - INFO - Writing overlap_55/SQE1_TK/SQE1_TK.reference.fasta
2021-04-03 01:34:20,061 - INFO - Writing overlap_55/SQE1_TK/SQE1_TK.plot.pdf
2021-04-03 01:34:20,061 - INFO - Writing overlap_55/SQE1_TK/SQE1_TK.plot.svg
2021-04-03 01:34:20,100 - INFO - Writing overlap_55/SQE1_TK/SQE1_TK.report.json
2021-04-04 18:10:28,096 - INFO - Writing log to overlap_55/SQE1_TK/SQE1_TK.log
2021-04-04 18:10:28,113 - INFO - References:
 - SQE1_TK
2021-04-04 18:10:28,113 - INFO - Primary reference for coordinate system: SQE1_TK
2021-04-04 18:10:28,113 - INFO - Considering primers from all references
2021-04-04 18:10:38,282 - INFO - All done! Scheme created with 14 regions, 3 gaps, 81.17% coverage
2021-04-04 18:10:38,283 - INFO - Writing overlap_55/SQE1_TK/SQE1_TK.primer.bed
2021-04-04 18:10:38,285 - INFO - Writing overlap_55/SQE1_TK/SQE1_TK.insert.bed
2021-04-04 18:10:38,288 - INFO - Writing overlap_55/SQE1_TK/SQE1_TK.primer.tsv
2021-04-04 18:10:38,291 - INFO - Writing overlap_55/SQE1_TK/SQE1_TK.reference.fasta
2021-04-04 18:10:38,301 - INFO - Writing overlap_55/SQE1_TK/SQE1_TK.plot.pdf
2021-04-04 18:10:38,301 - INFO - Writing overlap_55/SQE1_TK/SQE1_TK.plot.svg
2021-04-04 18:10:38,338 - INFO - Writing overlap_55/SQE1_TK/SQE1_TK.report.json
