2020-12-01 05:20:17,900 - INFO - Writing log to overlap_50/FDPS1_TK/FDPS1_TK.log
2020-12-01 05:20:17,920 - INFO - References:
 - FDPS1_TK
2020-12-01 05:20:17,920 - INFO - Primary reference for coordinate system: FDPS1_TK
2020-12-01 05:20:17,920 - INFO - Considering primers from all references
2020-12-01 05:20:19,712 - INFO - All done! Scheme created with 23 regions, 6 gaps, 91.82% coverage
2020-12-01 05:20:19,713 - INFO - Writing overlap_50/FDPS1_TK/FDPS1_TK.primer.bed
2020-12-01 05:20:19,714 - INFO - Writing overlap_50/FDPS1_TK/FDPS1_TK.insert.bed
2020-12-01 05:20:19,715 - INFO - Writing overlap_50/FDPS1_TK/FDPS1_TK.primer.tsv
2020-12-01 05:20:19,716 - INFO - Writing overlap_50/FDPS1_TK/FDPS1_TK.reference.fasta
2020-12-01 05:20:19,728 - INFO - Writing overlap_50/FDPS1_TK/FDPS1_TK.plot.pdf
2020-12-01 05:20:19,728 - INFO - Writing overlap_50/FDPS1_TK/FDPS1_TK.plot.svg
2020-12-01 05:20:19,797 - INFO - Writing overlap_50/FDPS1_TK/FDPS1_TK.report.json
2021-04-03 01:10:29,399 - INFO - Writing log to overlap_50/FDPS1_TK/FDPS1_TK.log
2021-04-03 01:10:29,425 - INFO - References:
 - FDPS1_TK
2021-04-03 01:10:29,425 - INFO - Primary reference for coordinate system: FDPS1_TK
2021-04-03 01:10:29,425 - INFO - Considering primers from all references
2021-04-03 01:10:39,071 - INFO - All done! Scheme created with 12 regions, 3 gaps, 86.08% coverage
2021-04-03 01:10:39,071 - INFO - Writing overlap_50/FDPS1_TK/FDPS1_TK.primer.bed
2021-04-03 01:10:39,075 - INFO - Writing overlap_50/FDPS1_TK/FDPS1_TK.insert.bed
2021-04-03 01:10:39,078 - INFO - Writing overlap_50/FDPS1_TK/FDPS1_TK.primer.tsv
2021-04-03 01:10:39,082 - INFO - Writing overlap_50/FDPS1_TK/FDPS1_TK.reference.fasta
2021-04-03 01:10:39,093 - INFO - Writing overlap_50/FDPS1_TK/FDPS1_TK.plot.pdf
2021-04-03 01:10:39,093 - INFO - Writing overlap_50/FDPS1_TK/FDPS1_TK.plot.svg
2021-04-03 01:10:39,133 - INFO - Writing overlap_50/FDPS1_TK/FDPS1_TK.report.json
2021-04-04 17:49:14,417 - INFO - Writing log to overlap_50/FDPS1_TK/FDPS1_TK.log
2021-04-04 17:49:14,452 - INFO - References:
 - FDPS1_TK
2021-04-04 17:49:14,452 - INFO - Primary reference for coordinate system: FDPS1_TK
2021-04-04 17:49:14,452 - INFO - Considering primers from all references
2021-04-04 17:49:23,110 - INFO - All done! Scheme created with 12 regions, 3 gaps, 86.08% coverage
2021-04-04 17:49:23,110 - INFO - Writing overlap_50/FDPS1_TK/FDPS1_TK.primer.bed
2021-04-04 17:49:23,113 - INFO - Writing overlap_50/FDPS1_TK/FDPS1_TK.insert.bed
2021-04-04 17:49:23,116 - INFO - Writing overlap_50/FDPS1_TK/FDPS1_TK.primer.tsv
2021-04-04 17:49:23,118 - INFO - Writing overlap_50/FDPS1_TK/FDPS1_TK.reference.fasta
2021-04-04 17:49:23,128 - INFO - Writing overlap_50/FDPS1_TK/FDPS1_TK.plot.pdf
2021-04-04 17:49:23,128 - INFO - Writing overlap_50/FDPS1_TK/FDPS1_TK.plot.svg
2021-04-04 17:49:23,162 - INFO - Writing overlap_50/FDPS1_TK/FDPS1_TK.report.json
