2021-04-03 11:21:19,852 - INFO - Writing log to overlap_75/TCTP2_TK/TCTP2_TK.log
2021-04-03 11:21:19,857 - INFO - References:
 - TCTP2_TK
2021-04-03 11:21:19,857 - INFO - Primary reference for coordinate system: TCTP2_TK
2021-04-03 11:21:19,857 - INFO - Considering primers from all references
2021-04-03 11:21:21,753 - INFO - All done! Scheme created with 3 regions, 1 gap, 58.99% coverage
2021-04-03 11:21:21,753 - INFO - Writing overlap_75/TCTP2_TK/TCTP2_TK.primer.bed
2021-04-03 11:21:21,754 - INFO - Writing overlap_75/TCTP2_TK/TCTP2_TK.insert.bed
2021-04-03 11:21:21,755 - INFO - Writing overlap_75/TCTP2_TK/TCTP2_TK.primer.tsv
2021-04-03 11:21:21,755 - INFO - Writing overlap_75/TCTP2_TK/TCTP2_TK.reference.fasta
2021-04-03 11:21:21,758 - INFO - Writing overlap_75/TCTP2_TK/TCTP2_TK.plot.pdf
2021-04-03 11:21:21,758 - INFO - Writing overlap_75/TCTP2_TK/TCTP2_TK.plot.svg
2021-04-03 11:21:21,771 - INFO - Writing overlap_75/TCTP2_TK/TCTP2_TK.report.json
2021-04-04 19:11:57,541 - INFO - Writing log to overlap_75/TCTP2_TK/TCTP2_TK.log
2021-04-04 19:11:57,554 - INFO - References:
 - TCTP2_TK
2021-04-04 19:11:57,554 - INFO - Primary reference for coordinate system: TCTP2_TK
2021-04-04 19:11:57,554 - INFO - Considering primers from all references
2021-04-04 19:11:59,662 - INFO - All done! Scheme created with 3 regions, 1 gap, 58.99% coverage
2021-04-04 19:11:59,662 - INFO - Writing overlap_75/TCTP2_TK/TCTP2_TK.primer.bed
2021-04-04 19:11:59,665 - INFO - Writing overlap_75/TCTP2_TK/TCTP2_TK.insert.bed
2021-04-04 19:11:59,667 - INFO - Writing overlap_75/TCTP2_TK/TCTP2_TK.primer.tsv
2021-04-04 19:11:59,669 - INFO - Writing overlap_75/TCTP2_TK/TCTP2_TK.reference.fasta
2021-04-04 19:11:59,674 - INFO - Writing overlap_75/TCTP2_TK/TCTP2_TK.plot.pdf
2021-04-04 19:11:59,674 - INFO - Writing overlap_75/TCTP2_TK/TCTP2_TK.plot.svg
2021-04-04 19:11:59,692 - INFO - Writing overlap_75/TCTP2_TK/TCTP2_TK.report.json
