2021-04-03 01:30:10,045 - INFO - Writing log to overlap_55/OC2_TK/OC2_TK.log
2021-04-03 01:30:10,055 - INFO - References:
 - OC2_TK
2021-04-03 01:30:10,055 - INFO - Primary reference for coordinate system: OC2_TK
2021-04-03 01:30:10,055 - INFO - Considering primers from all references
2021-04-03 01:30:37,896 - INFO - All done! Scheme created with 32 regions, 10 gaps, 83.22% coverage
2021-04-03 01:30:37,896 - INFO - Writing overlap_55/OC2_TK/OC2_TK.primer.bed
2021-04-03 01:30:37,897 - INFO - Writing overlap_55/OC2_TK/OC2_TK.insert.bed
2021-04-03 01:30:37,898 - INFO - Writing overlap_55/OC2_TK/OC2_TK.primer.tsv
2021-04-03 01:30:37,899 - INFO - Writing overlap_55/OC2_TK/OC2_TK.reference.fasta
2021-04-03 01:30:37,918 - INFO - Writing overlap_55/OC2_TK/OC2_TK.plot.pdf
2021-04-03 01:30:37,918 - INFO - Writing overlap_55/OC2_TK/OC2_TK.plot.svg
2021-04-03 01:30:37,988 - INFO - Writing overlap_55/OC2_TK/OC2_TK.report.json
2021-04-04 18:06:52,545 - INFO - Writing log to overlap_55/OC2_TK/OC2_TK.log
2021-04-04 18:06:52,580 - INFO - References:
 - OC2_TK
2021-04-04 18:06:52,581 - INFO - Primary reference for coordinate system: OC2_TK
2021-04-04 18:06:52,581 - INFO - Considering primers from all references
2021-04-04 18:07:17,478 - INFO - All done! Scheme created with 32 regions, 10 gaps, 83.22% coverage
2021-04-04 18:07:17,478 - INFO - Writing overlap_55/OC2_TK/OC2_TK.primer.bed
2021-04-04 18:07:17,481 - INFO - Writing overlap_55/OC2_TK/OC2_TK.insert.bed
2021-04-04 18:07:17,484 - INFO - Writing overlap_55/OC2_TK/OC2_TK.primer.tsv
2021-04-04 18:07:17,487 - INFO - Writing overlap_55/OC2_TK/OC2_TK.reference.fasta
2021-04-04 18:07:17,506 - INFO - Writing overlap_55/OC2_TK/OC2_TK.plot.pdf
2021-04-04 18:07:17,506 - INFO - Writing overlap_55/OC2_TK/OC2_TK.plot.svg
2021-04-04 18:07:17,573 - INFO - Writing overlap_55/OC2_TK/OC2_TK.report.json
