2021-04-03 00:38:59,099 - INFO - Writing log to overlap_40/HSCP70-1_TK/HSCP70-1_TK.log
2021-04-03 00:38:59,120 - INFO - References:
 - HSCP70-1_TK
2021-04-03 00:38:59,120 - INFO - Primary reference for coordinate system: HSCP70-1_TK
2021-04-03 00:38:59,120 - INFO - Considering primers from all references
2021-04-03 00:39:04,892 - INFO - All done! Scheme created with 8 regions, 2 gaps, 74.2% coverage
2021-04-03 00:39:04,892 - INFO - Writing overlap_40/HSCP70-1_TK/HSCP70-1_TK.primer.bed
2021-04-03 00:39:04,893 - INFO - Writing overlap_40/HSCP70-1_TK/HSCP70-1_TK.insert.bed
2021-04-03 00:39:04,895 - INFO - Writing overlap_40/HSCP70-1_TK/HSCP70-1_TK.primer.tsv
2021-04-03 00:39:04,896 - INFO - Writing overlap_40/HSCP70-1_TK/HSCP70-1_TK.reference.fasta
2021-04-03 00:39:04,902 - INFO - Writing overlap_40/HSCP70-1_TK/HSCP70-1_TK.plot.pdf
2021-04-03 00:39:04,902 - INFO - Writing overlap_40/HSCP70-1_TK/HSCP70-1_TK.plot.svg
2021-04-03 00:39:04,929 - INFO - Writing overlap_40/HSCP70-1_TK/HSCP70-1_TK.report.json
2021-04-04 17:20:38,161 - INFO - Writing log to overlap_40/HSCP70-1_TK/HSCP70-1_TK.log
2021-04-04 17:20:38,199 - INFO - References:
 - HSCP70-1_TK
2021-04-04 17:20:38,199 - INFO - Primary reference for coordinate system: HSCP70-1_TK
2021-04-04 17:20:38,199 - INFO - Considering primers from all references
2021-04-04 17:20:43,501 - INFO - All done! Scheme created with 8 regions, 2 gaps, 74.2% coverage
2021-04-04 17:20:43,501 - INFO - Writing overlap_40/HSCP70-1_TK/HSCP70-1_TK.primer.bed
2021-04-04 17:20:43,505 - INFO - Writing overlap_40/HSCP70-1_TK/HSCP70-1_TK.insert.bed
2021-04-04 17:20:43,509 - INFO - Writing overlap_40/HSCP70-1_TK/HSCP70-1_TK.primer.tsv
2021-04-04 17:20:43,513 - INFO - Writing overlap_40/HSCP70-1_TK/HSCP70-1_TK.reference.fasta
2021-04-04 17:20:43,522 - INFO - Writing overlap_40/HSCP70-1_TK/HSCP70-1_TK.plot.pdf
2021-04-04 17:20:43,522 - INFO - Writing overlap_40/HSCP70-1_TK/HSCP70-1_TK.plot.svg
2021-04-04 17:20:43,551 - INFO - Writing overlap_40/HSCP70-1_TK/HSCP70-1_TK.report.json
