2021-04-03 00:55:09,970 - INFO - Writing log to overlap_45/GGDPS1_TK/GGDPS1_TK.log
2021-04-03 00:55:09,978 - INFO - References:
 - GGDPS1_TK
2021-04-03 00:55:09,979 - INFO - Primary reference for coordinate system: GGDPS1_TK
2021-04-03 00:55:09,979 - INFO - Considering primers from all references
2021-04-03 00:55:14,390 - INFO - All done! Scheme created with 6 regions, 2 gaps, 81.14% coverage
2021-04-03 00:55:14,391 - INFO - Writing overlap_45/GGDPS1_TK/GGDPS1_TK.primer.bed
2021-04-03 00:55:14,392 - INFO - Writing overlap_45/GGDPS1_TK/GGDPS1_TK.insert.bed
2021-04-03 00:55:14,394 - INFO - Writing overlap_45/GGDPS1_TK/GGDPS1_TK.primer.tsv
2021-04-03 00:55:14,395 - INFO - Writing overlap_45/GGDPS1_TK/GGDPS1_TK.reference.fasta
2021-04-03 00:55:14,400 - INFO - Writing overlap_45/GGDPS1_TK/GGDPS1_TK.plot.pdf
2021-04-03 00:55:14,400 - INFO - Writing overlap_45/GGDPS1_TK/GGDPS1_TK.plot.svg
2021-04-03 00:55:14,422 - INFO - Writing overlap_45/GGDPS1_TK/GGDPS1_TK.report.json
2021-04-04 17:35:18,136 - INFO - Writing log to overlap_45/GGDPS1_TK/GGDPS1_TK.log
2021-04-04 17:35:18,160 - INFO - References:
 - GGDPS1_TK
2021-04-04 17:35:18,160 - INFO - Primary reference for coordinate system: GGDPS1_TK
2021-04-04 17:35:18,161 - INFO - Considering primers from all references
2021-04-04 17:35:22,247 - INFO - All done! Scheme created with 6 regions, 2 gaps, 81.14% coverage
2021-04-04 17:35:22,247 - INFO - Writing overlap_45/GGDPS1_TK/GGDPS1_TK.primer.bed
2021-04-04 17:35:22,251 - INFO - Writing overlap_45/GGDPS1_TK/GGDPS1_TK.insert.bed
2021-04-04 17:35:22,256 - INFO - Writing overlap_45/GGDPS1_TK/GGDPS1_TK.primer.tsv
2021-04-04 17:35:22,260 - INFO - Writing overlap_45/GGDPS1_TK/GGDPS1_TK.reference.fasta
2021-04-04 17:35:22,268 - INFO - Writing overlap_45/GGDPS1_TK/GGDPS1_TK.plot.pdf
2021-04-04 17:35:22,268 - INFO - Writing overlap_45/GGDPS1_TK/GGDPS1_TK.plot.svg
2021-04-04 17:35:22,294 - INFO - Writing overlap_45/GGDPS1_TK/GGDPS1_TK.report.json
