2021-04-03 11:19:53,748 - INFO - Writing log to overlap_75/SQE1_TK/SQE1_TK.log
2021-04-03 11:19:53,763 - INFO - References:
 - SQE1_TK
2021-04-03 11:19:53,763 - INFO - Primary reference for coordinate system: SQE1_TK
2021-04-03 11:19:53,763 - INFO - Considering primers from all references
2021-04-03 11:20:02,830 - INFO - All done! Scheme created with 14 regions, 3 gaps, 81.17% coverage
2021-04-03 11:20:02,830 - INFO - Writing overlap_75/SQE1_TK/SQE1_TK.primer.bed
2021-04-03 11:20:02,831 - INFO - Writing overlap_75/SQE1_TK/SQE1_TK.insert.bed
2021-04-03 11:20:02,832 - INFO - Writing overlap_75/SQE1_TK/SQE1_TK.primer.tsv
2021-04-03 11:20:02,832 - INFO - Writing overlap_75/SQE1_TK/SQE1_TK.reference.fasta
2021-04-03 11:20:02,840 - INFO - Writing overlap_75/SQE1_TK/SQE1_TK.plot.pdf
2021-04-03 11:20:02,840 - INFO - Writing overlap_75/SQE1_TK/SQE1_TK.plot.svg
2021-04-03 11:20:02,962 - INFO - Writing overlap_75/SQE1_TK/SQE1_TK.report.json
2021-04-04 19:10:23,838 - INFO - Writing log to overlap_75/SQE1_TK/SQE1_TK.log
2021-04-04 19:10:23,860 - INFO - References:
 - SQE1_TK
2021-04-04 19:10:23,860 - INFO - Primary reference for coordinate system: SQE1_TK
2021-04-04 19:10:23,860 - INFO - Considering primers from all references
2021-04-04 19:10:33,968 - INFO - All done! Scheme created with 14 regions, 3 gaps, 81.17% coverage
2021-04-04 19:10:33,968 - INFO - Writing overlap_75/SQE1_TK/SQE1_TK.primer.bed
2021-04-04 19:10:33,973 - INFO - Writing overlap_75/SQE1_TK/SQE1_TK.insert.bed
2021-04-04 19:10:33,975 - INFO - Writing overlap_75/SQE1_TK/SQE1_TK.primer.tsv
2021-04-04 19:10:33,978 - INFO - Writing overlap_75/SQE1_TK/SQE1_TK.reference.fasta
2021-04-04 19:10:33,988 - INFO - Writing overlap_75/SQE1_TK/SQE1_TK.plot.pdf
2021-04-04 19:10:33,988 - INFO - Writing overlap_75/SQE1_TK/SQE1_TK.plot.svg
2021-04-04 19:10:34,024 - INFO - Writing overlap_75/SQE1_TK/SQE1_TK.report.json
