2021-04-03 11:45:58,518 - INFO - Writing log to overlap_85/PTRP1_TK/PTRP1_TK.log
2021-04-03 11:45:58,550 - INFO - References:
 - PTRP1_TK
2021-04-03 11:45:58,550 - INFO - Primary reference for coordinate system: PTRP1_TK
2021-04-03 11:45:58,550 - INFO - Considering primers from all references
2021-04-03 11:46:00,954 - INFO - All done! Scheme created with 4 regions, 1 gap, 59.62% coverage
2021-04-03 11:46:00,954 - INFO - Writing overlap_85/PTRP1_TK/PTRP1_TK.primer.bed
2021-04-03 11:46:00,955 - INFO - Writing overlap_85/PTRP1_TK/PTRP1_TK.insert.bed
2021-04-03 11:46:00,956 - INFO - Writing overlap_85/PTRP1_TK/PTRP1_TK.primer.tsv
2021-04-03 11:46:00,956 - INFO - Writing overlap_85/PTRP1_TK/PTRP1_TK.reference.fasta
2021-04-03 11:46:00,960 - INFO - Writing overlap_85/PTRP1_TK/PTRP1_TK.plot.pdf
2021-04-03 11:46:00,960 - INFO - Writing overlap_85/PTRP1_TK/PTRP1_TK.plot.svg
2021-04-03 11:46:00,990 - INFO - Writing overlap_85/PTRP1_TK/PTRP1_TK.report.json
2021-04-04 19:39:24,026 - INFO - Writing log to overlap_85/PTRP1_TK/PTRP1_TK.log
2021-04-04 19:39:24,037 - INFO - References:
 - PTRP1_TK
2021-04-04 19:39:24,037 - INFO - Primary reference for coordinate system: PTRP1_TK
2021-04-04 19:39:24,037 - INFO - Considering primers from all references
2021-04-04 19:39:26,677 - INFO - All done! Scheme created with 4 regions, 1 gap, 59.62% coverage
2021-04-04 19:39:26,677 - INFO - Writing overlap_85/PTRP1_TK/PTRP1_TK.primer.bed
2021-04-04 19:39:26,680 - INFO - Writing overlap_85/PTRP1_TK/PTRP1_TK.insert.bed
2021-04-04 19:39:26,683 - INFO - Writing overlap_85/PTRP1_TK/PTRP1_TK.primer.tsv
2021-04-04 19:39:26,685 - INFO - Writing overlap_85/PTRP1_TK/PTRP1_TK.reference.fasta
2021-04-04 19:39:26,691 - INFO - Writing overlap_85/PTRP1_TK/PTRP1_TK.plot.pdf
2021-04-04 19:39:26,691 - INFO - Writing overlap_85/PTRP1_TK/PTRP1_TK.plot.svg
2021-04-04 19:39:26,730 - INFO - Writing overlap_85/PTRP1_TK/PTRP1_TK.report.json
