2020-12-01 05:20:36,759 - INFO - Writing log to overlap_50/PMEI_TK/PMEI_TK.log
2020-12-01 05:20:36,792 - INFO - References:
 - PMEI_TK
2020-12-01 05:20:36,792 - INFO - Primary reference for coordinate system: PMEI_TK
2020-12-01 05:20:36,792 - INFO - Considering primers from all references
2020-12-01 05:20:37,996 - INFO - All done! Scheme created with 20 regions, 6 gaps, 81.79% coverage
2020-12-01 05:20:37,996 - INFO - Writing overlap_50/PMEI_TK/PMEI_TK.primer.bed
2020-12-01 05:20:37,997 - INFO - Writing overlap_50/PMEI_TK/PMEI_TK.insert.bed
2020-12-01 05:20:37,997 - INFO - Writing overlap_50/PMEI_TK/PMEI_TK.primer.tsv
2020-12-01 05:20:37,998 - INFO - Writing overlap_50/PMEI_TK/PMEI_TK.reference.fasta
2020-12-01 05:20:38,007 - INFO - Writing overlap_50/PMEI_TK/PMEI_TK.plot.pdf
2020-12-01 05:20:38,007 - INFO - Writing overlap_50/PMEI_TK/PMEI_TK.plot.svg
2020-12-01 05:20:38,041 - INFO - Writing overlap_50/PMEI_TK/PMEI_TK.report.json
2021-04-03 01:15:38,239 - INFO - Writing log to overlap_50/PMEI_TK/PMEI_TK.log
2021-04-03 01:15:38,279 - INFO - References:
 - PMEI_TK
2021-04-03 01:15:38,279 - INFO - Primary reference for coordinate system: PMEI_TK
2021-04-03 01:15:38,279 - INFO - Considering primers from all references
2021-04-03 01:15:45,795 - INFO - All done! Scheme created with 10 regions, 4 gaps, 75.97% coverage
2021-04-03 01:15:45,796 - INFO - Writing overlap_50/PMEI_TK/PMEI_TK.primer.bed
2021-04-03 01:15:45,800 - INFO - Writing overlap_50/PMEI_TK/PMEI_TK.insert.bed
2021-04-03 01:15:45,803 - INFO - Writing overlap_50/PMEI_TK/PMEI_TK.primer.tsv
2021-04-03 01:15:45,807 - INFO - Writing overlap_50/PMEI_TK/PMEI_TK.reference.fasta
2021-04-03 01:15:45,819 - INFO - Writing overlap_50/PMEI_TK/PMEI_TK.plot.pdf
2021-04-03 01:15:45,820 - INFO - Writing overlap_50/PMEI_TK/PMEI_TK.plot.svg
2021-04-03 01:15:45,856 - INFO - Writing overlap_50/PMEI_TK/PMEI_TK.report.json
