2020-12-01 05:20:44,317 - INFO - Writing log to overlap_50/cluster_4H3M2EDPR_TK/cluster_4H3M2EDPR_TK.log
2020-12-01 05:20:44,354 - INFO - References:
 - 4H3M2EDPR1_TK
 - 4H3M2EDPR3_TK
2020-12-01 05:20:44,354 - INFO - Primary reference for coordinate system: 4H3M2EDPR1_TK
2020-12-01 05:20:44,354 - INFO - Considering primers from all references
2020-12-01 05:20:45,954 - INFO - All done! Scheme created with 22 regions, 5 gaps, 83.43% coverage
2020-12-01 05:20:45,954 - INFO - Writing overlap_50/cluster_4H3M2EDPR_TK/cluster_4H3M2EDPR_TK.primer.bed
2020-12-01 05:20:45,955 - INFO - Writing overlap_50/cluster_4H3M2EDPR_TK/cluster_4H3M2EDPR_TK.insert.bed
2020-12-01 05:20:45,956 - INFO - Writing overlap_50/cluster_4H3M2EDPR_TK/cluster_4H3M2EDPR_TK.primer.tsv
2020-12-01 05:20:45,957 - INFO - Writing overlap_50/cluster_4H3M2EDPR_TK/cluster_4H3M2EDPR_TK.reference.fasta
2020-12-01 05:20:45,966 - INFO - Writing overlap_50/cluster_4H3M2EDPR_TK/cluster_4H3M2EDPR_TK.plot.pdf
2020-12-01 05:20:45,966 - INFO - Writing overlap_50/cluster_4H3M2EDPR_TK/cluster_4H3M2EDPR_TK.plot.svg
2020-12-01 05:20:46,005 - INFO - Writing overlap_50/cluster_4H3M2EDPR_TK/cluster_4H3M2EDPR_TK.report.json
2021-04-03 01:08:16,031 - INFO - Writing log to overlap_50/cluster_4H3M2EDPR_TK/cluster_4H3M2EDPR_TK.log
2021-04-03 01:08:16,064 - INFO - References:
 - 4H3M2EDPR1_TK
 - 4H3M2EDPR3_TK
2021-04-03 01:08:16,065 - INFO - Primary reference for coordinate system: 4H3M2EDPR1_TK
2021-04-03 01:08:16,065 - INFO - Considering primers from all references
2021-04-03 01:08:26,228 - INFO - All done! Scheme created with 11 regions, 4 gaps, 73.82% coverage
2021-04-03 01:08:26,228 - INFO - Writing overlap_50/cluster_4H3M2EDPR_TK/cluster_4H3M2EDPR_TK.primer.bed
2021-04-03 01:08:26,234 - INFO - Writing overlap_50/cluster_4H3M2EDPR_TK/cluster_4H3M2EDPR_TK.insert.bed
2021-04-03 01:08:26,238 - INFO - Writing overlap_50/cluster_4H3M2EDPR_TK/cluster_4H3M2EDPR_TK.primer.tsv
2021-04-03 01:08:26,241 - INFO - Writing overlap_50/cluster_4H3M2EDPR_TK/cluster_4H3M2EDPR_TK.reference.fasta
2021-04-03 01:08:26,252 - INFO - Writing overlap_50/cluster_4H3M2EDPR_TK/cluster_4H3M2EDPR_TK.plot.pdf
2021-04-03 01:08:26,252 - INFO - Writing overlap_50/cluster_4H3M2EDPR_TK/cluster_4H3M2EDPR_TK.plot.svg
2021-04-03 01:08:26,290 - INFO - Writing overlap_50/cluster_4H3M2EDPR_TK/cluster_4H3M2EDPR_TK.report.json
2021-04-04 17:47:15,781 - INFO - Writing log to overlap_50/cluster_4H3M2EDPR_TK/cluster_4H3M2EDPR_TK.log
2021-04-04 17:47:15,815 - INFO - References:
 - 4H3M2EDPR1_TK
 - 4H3M2EDPR3_TK
2021-04-04 17:47:15,815 - INFO - Primary reference for coordinate system: 4H3M2EDPR1_TK
2021-04-04 17:47:15,815 - INFO - Considering primers from all references
2021-04-04 17:47:25,013 - INFO - All done! Scheme created with 11 regions, 4 gaps, 73.82% coverage
2021-04-04 17:47:25,013 - INFO - Writing overlap_50/cluster_4H3M2EDPR_TK/cluster_4H3M2EDPR_TK.primer.bed
2021-04-04 17:47:25,016 - INFO - Writing overlap_50/cluster_4H3M2EDPR_TK/cluster_4H3M2EDPR_TK.insert.bed
2021-04-04 17:47:25,019 - INFO - Writing overlap_50/cluster_4H3M2EDPR_TK/cluster_4H3M2EDPR_TK.primer.tsv
2021-04-04 17:47:25,021 - INFO - Writing overlap_50/cluster_4H3M2EDPR_TK/cluster_4H3M2EDPR_TK.reference.fasta
2021-04-04 17:47:25,030 - INFO - Writing overlap_50/cluster_4H3M2EDPR_TK/cluster_4H3M2EDPR_TK.plot.pdf
2021-04-04 17:47:25,030 - INFO - Writing overlap_50/cluster_4H3M2EDPR_TK/cluster_4H3M2EDPR_TK.plot.svg
2021-04-04 17:47:25,062 - INFO - Writing overlap_50/cluster_4H3M2EDPR_TK/cluster_4H3M2EDPR_TK.report.json
