2021-04-03 01:08:54,761 - INFO - Writing log to overlap_50/CPT3_TK/CPT3_TK.log
2021-04-03 01:08:54,785 - INFO - References:
 - CPT3_TK
2021-04-03 01:08:54,786 - INFO - Primary reference for coordinate system: CPT3_TK
2021-04-03 01:08:54,786 - INFO - Considering primers from all references
2021-04-03 01:08:57,816 - INFO - All done! Scheme created with 4 regions, 1 gap, 54.28% coverage
2021-04-03 01:08:57,816 - INFO - Writing overlap_50/CPT3_TK/CPT3_TK.primer.bed
2021-04-03 01:08:57,817 - INFO - Writing overlap_50/CPT3_TK/CPT3_TK.insert.bed
2021-04-03 01:08:57,818 - INFO - Writing overlap_50/CPT3_TK/CPT3_TK.primer.tsv
2021-04-03 01:08:57,819 - INFO - Writing overlap_50/CPT3_TK/CPT3_TK.reference.fasta
2021-04-03 01:08:57,823 - INFO - Writing overlap_50/CPT3_TK/CPT3_TK.plot.pdf
2021-04-03 01:08:57,823 - INFO - Writing overlap_50/CPT3_TK/CPT3_TK.plot.svg
2021-04-03 01:08:57,879 - INFO - Writing overlap_50/CPT3_TK/CPT3_TK.report.json
2021-04-04 17:47:50,264 - INFO - Writing log to overlap_50/CPT3_TK/CPT3_TK.log
2021-04-04 17:47:50,321 - INFO - References:
 - CPT3_TK
2021-04-04 17:47:50,322 - INFO - Primary reference for coordinate system: CPT3_TK
2021-04-04 17:47:50,322 - INFO - Considering primers from all references
2021-04-04 17:47:53,111 - INFO - All done! Scheme created with 4 regions, 1 gap, 54.28% coverage
2021-04-04 17:47:53,111 - INFO - Writing overlap_50/CPT3_TK/CPT3_TK.primer.bed
2021-04-04 17:47:53,113 - INFO - Writing overlap_50/CPT3_TK/CPT3_TK.insert.bed
2021-04-04 17:47:53,116 - INFO - Writing overlap_50/CPT3_TK/CPT3_TK.primer.tsv
2021-04-04 17:47:53,119 - INFO - Writing overlap_50/CPT3_TK/CPT3_TK.reference.fasta
2021-04-04 17:47:53,124 - INFO - Writing overlap_50/CPT3_TK/CPT3_TK.plot.pdf
2021-04-04 17:47:53,124 - INFO - Writing overlap_50/CPT3_TK/CPT3_TK.plot.svg
2021-04-04 17:47:53,164 - INFO - Writing overlap_50/CPT3_TK/CPT3_TK.report.json
