2021-04-02 20:50:40,067 - INFO - Writing log to overlap_70/UCE9_TK/UCE9_TK.log
2021-04-02 20:50:40,076 - INFO - References:
 - UCE9_TK
2021-04-02 20:50:40,076 - INFO - Primary reference for coordinate system: UCE9_TK
2021-04-02 20:50:40,076 - INFO - Considering primers from all references
2021-04-02 20:50:42,441 - INFO - All done! Scheme created with 3 regions, 1 gap, 62.55% coverage
2021-04-02 20:50:42,441 - INFO - Writing overlap_70/UCE9_TK/UCE9_TK.primer.bed
2021-04-02 20:50:42,442 - INFO - Writing overlap_70/UCE9_TK/UCE9_TK.insert.bed
2021-04-02 20:50:42,443 - INFO - Writing overlap_70/UCE9_TK/UCE9_TK.primer.tsv
2021-04-02 20:50:42,444 - INFO - Writing overlap_70/UCE9_TK/UCE9_TK.reference.fasta
2021-04-02 20:50:42,447 - INFO - Writing overlap_70/UCE9_TK/UCE9_TK.plot.pdf
2021-04-02 20:50:42,448 - INFO - Writing overlap_70/UCE9_TK/UCE9_TK.plot.svg
2021-04-02 20:50:42,464 - INFO - Writing overlap_70/UCE9_TK/UCE9_TK.report.json
2021-04-03 02:25:32,284 - INFO - Writing log to overlap_70/UCE9_TK/UCE9_TK.log
2021-04-03 02:25:32,302 - INFO - References:
 - UCE9_TK
2021-04-03 02:25:32,302 - INFO - Primary reference for coordinate system: UCE9_TK
2021-04-03 02:25:32,302 - INFO - Considering primers from all references
2021-04-03 02:25:34,645 - INFO - All done! Scheme created with 3 regions, 1 gap, 62.55% coverage
2021-04-03 02:25:34,645 - INFO - Writing overlap_70/UCE9_TK/UCE9_TK.primer.bed
2021-04-03 02:25:34,649 - INFO - Writing overlap_70/UCE9_TK/UCE9_TK.insert.bed
2021-04-03 02:25:34,653 - INFO - Writing overlap_70/UCE9_TK/UCE9_TK.primer.tsv
2021-04-03 02:25:34,657 - INFO - Writing overlap_70/UCE9_TK/UCE9_TK.reference.fasta
2021-04-03 02:25:34,664 - INFO - Writing overlap_70/UCE9_TK/UCE9_TK.plot.pdf
2021-04-03 02:25:34,664 - INFO - Writing overlap_70/UCE9_TK/UCE9_TK.plot.svg
2021-04-03 02:25:34,688 - INFO - Writing overlap_70/UCE9_TK/UCE9_TK.report.json
2021-04-04 18:57:03,512 - INFO - Writing log to overlap_70/UCE9_TK/UCE9_TK.log
2021-04-04 18:57:03,528 - INFO - References:
 - UCE9_TK
2021-04-04 18:57:03,528 - INFO - Primary reference for coordinate system: UCE9_TK
2021-04-04 18:57:03,529 - INFO - Considering primers from all references
2021-04-04 18:57:05,702 - INFO - All done! Scheme created with 3 regions, 1 gap, 62.55% coverage
2021-04-04 18:57:05,702 - INFO - Writing overlap_70/UCE9_TK/UCE9_TK.primer.bed
2021-04-04 18:57:05,706 - INFO - Writing overlap_70/UCE9_TK/UCE9_TK.insert.bed
2021-04-04 18:57:05,711 - INFO - Writing overlap_70/UCE9_TK/UCE9_TK.primer.tsv
2021-04-04 18:57:05,714 - INFO - Writing overlap_70/UCE9_TK/UCE9_TK.reference.fasta
2021-04-04 18:57:05,721 - INFO - Writing overlap_70/UCE9_TK/UCE9_TK.plot.pdf
2021-04-04 18:57:05,721 - INFO - Writing overlap_70/UCE9_TK/UCE9_TK.plot.svg
2021-04-04 18:57:05,741 - INFO - Writing overlap_70/UCE9_TK/UCE9_TK.report.json
