2020-12-01 05:21:31,549 - INFO - Writing log to overlap_55/e4H3M2EDPS1_TK/e4H3M2EDPS1_TK.log
2020-12-01 05:21:31,555 - INFO - References:
 - e4H3M2EDPS1_TK
2020-12-01 05:21:31,555 - INFO - Primary reference for coordinate system: e4H3M2EDPS1_TK
2020-12-01 05:21:31,555 - INFO - Considering primers from all references
2020-12-01 05:21:33,284 - INFO - All done! Scheme created with 28 regions, 9 gaps, 81.0% coverage
2020-12-01 05:21:33,285 - INFO - Writing overlap_55/e4H3M2EDPS1_TK/e4H3M2EDPS1_TK.primer.bed
2020-12-01 05:21:33,286 - INFO - Writing overlap_55/e4H3M2EDPS1_TK/e4H3M2EDPS1_TK.insert.bed
2020-12-01 05:21:33,287 - INFO - Writing overlap_55/e4H3M2EDPS1_TK/e4H3M2EDPS1_TK.primer.tsv
2020-12-01 05:21:33,288 - INFO - Writing overlap_55/e4H3M2EDPS1_TK/e4H3M2EDPS1_TK.reference.fasta
2020-12-01 05:21:33,300 - INFO - Writing overlap_55/e4H3M2EDPS1_TK/e4H3M2EDPS1_TK.plot.pdf
2020-12-01 05:21:33,300 - INFO - Writing overlap_55/e4H3M2EDPS1_TK/e4H3M2EDPS1_TK.plot.svg
2020-12-01 05:21:33,352 - INFO - Writing overlap_55/e4H3M2EDPS1_TK/e4H3M2EDPS1_TK.report.json
2021-04-03 01:26:28,072 - INFO - Writing log to overlap_55/e4H3M2EDPS1_TK/e4H3M2EDPS1_TK.log
2021-04-03 01:26:28,096 - INFO - References:
 - e4H3M2EDPS1_TK
2021-04-03 01:26:28,096 - INFO - Primary reference for coordinate system: e4H3M2EDPS1_TK
2021-04-03 01:26:28,096 - INFO - Considering primers from all references
2021-04-03 01:26:41,015 - INFO - All done! Scheme created with 16 regions, 7 gaps, 80.63% coverage
2021-04-03 01:26:41,015 - INFO - Writing overlap_55/e4H3M2EDPS1_TK/e4H3M2EDPS1_TK.primer.bed
2021-04-03 01:26:41,019 - INFO - Writing overlap_55/e4H3M2EDPS1_TK/e4H3M2EDPS1_TK.insert.bed
2021-04-03 01:26:41,023 - INFO - Writing overlap_55/e4H3M2EDPS1_TK/e4H3M2EDPS1_TK.primer.tsv
2021-04-03 01:26:41,027 - INFO - Writing overlap_55/e4H3M2EDPS1_TK/e4H3M2EDPS1_TK.reference.fasta
2021-04-03 01:26:41,041 - INFO - Writing overlap_55/e4H3M2EDPS1_TK/e4H3M2EDPS1_TK.plot.pdf
2021-04-03 01:26:41,041 - INFO - Writing overlap_55/e4H3M2EDPS1_TK/e4H3M2EDPS1_TK.plot.svg
2021-04-03 01:26:41,089 - INFO - Writing overlap_55/e4H3M2EDPS1_TK/e4H3M2EDPS1_TK.report.json
2021-04-04 18:03:34,297 - INFO - Writing log to overlap_55/e4H3M2EDPS1_TK/e4H3M2EDPS1_TK.log
2021-04-04 18:03:34,314 - INFO - References:
 - e4H3M2EDPS1_TK
2021-04-04 18:03:34,314 - INFO - Primary reference for coordinate system: e4H3M2EDPS1_TK
2021-04-04 18:03:34,314 - INFO - Considering primers from all references
2021-04-04 18:03:45,902 - INFO - All done! Scheme created with 16 regions, 7 gaps, 80.63% coverage
2021-04-04 18:03:45,903 - INFO - Writing overlap_55/e4H3M2EDPS1_TK/e4H3M2EDPS1_TK.primer.bed
2021-04-04 18:03:45,906 - INFO - Writing overlap_55/e4H3M2EDPS1_TK/e4H3M2EDPS1_TK.insert.bed
2021-04-04 18:03:45,908 - INFO - Writing overlap_55/e4H3M2EDPS1_TK/e4H3M2EDPS1_TK.primer.tsv
2021-04-04 18:03:45,911 - INFO - Writing overlap_55/e4H3M2EDPS1_TK/e4H3M2EDPS1_TK.reference.fasta
2021-04-04 18:03:45,947 - INFO - Writing overlap_55/e4H3M2EDPS1_TK/e4H3M2EDPS1_TK.plot.pdf
2021-04-04 18:03:45,947 - INFO - Writing overlap_55/e4H3M2EDPS1_TK/e4H3M2EDPS1_TK.plot.svg
2021-04-04 18:03:45,987 - INFO - Writing overlap_55/e4H3M2EDPS1_TK/e4H3M2EDPS1_TK.report.json
