2021-04-03 00:57:42,041 - INFO - Writing log to overlap_45/OC5_TK/OC5_TK.log
2021-04-03 00:57:42,050 - INFO - References:
 - OC5_TK
2021-04-03 00:57:42,050 - INFO - Primary reference for coordinate system: OC5_TK
2021-04-03 00:57:42,050 - INFO - Considering primers from all references
2021-04-03 00:58:05,613 - INFO - All done! Scheme created with 28 regions, 10 gaps, 87.99% coverage
2021-04-03 00:58:05,614 - INFO - Writing overlap_45/OC5_TK/OC5_TK.primer.bed
2021-04-03 00:58:05,615 - INFO - Writing overlap_45/OC5_TK/OC5_TK.insert.bed
2021-04-03 00:58:05,616 - INFO - Writing overlap_45/OC5_TK/OC5_TK.primer.tsv
2021-04-03 00:58:05,617 - INFO - Writing overlap_45/OC5_TK/OC5_TK.reference.fasta
2021-04-03 00:58:05,633 - INFO - Writing overlap_45/OC5_TK/OC5_TK.plot.pdf
2021-04-03 00:58:05,633 - INFO - Writing overlap_45/OC5_TK/OC5_TK.plot.svg
2021-04-03 00:58:05,694 - INFO - Writing overlap_45/OC5_TK/OC5_TK.report.json
2021-04-04 17:37:35,717 - INFO - Writing log to overlap_45/OC5_TK/OC5_TK.log
2021-04-04 17:37:35,732 - INFO - References:
 - OC5_TK
2021-04-04 17:37:35,732 - INFO - Primary reference for coordinate system: OC5_TK
2021-04-04 17:37:35,732 - INFO - Considering primers from all references
2021-04-04 17:37:57,115 - INFO - All done! Scheme created with 28 regions, 10 gaps, 87.99% coverage
2021-04-04 17:37:57,115 - INFO - Writing overlap_45/OC5_TK/OC5_TK.primer.bed
2021-04-04 17:37:57,120 - INFO - Writing overlap_45/OC5_TK/OC5_TK.insert.bed
2021-04-04 17:37:57,124 - INFO - Writing overlap_45/OC5_TK/OC5_TK.primer.tsv
2021-04-04 17:37:57,128 - INFO - Writing overlap_45/OC5_TK/OC5_TK.reference.fasta
2021-04-04 17:37:57,145 - INFO - Writing overlap_45/OC5_TK/OC5_TK.plot.pdf
2021-04-04 17:37:57,145 - INFO - Writing overlap_45/OC5_TK/OC5_TK.plot.svg
2021-04-04 17:37:57,206 - INFO - Writing overlap_45/OC5_TK/OC5_TK.report.json
