2021-04-03 11:48:04,477 - INFO - Writing log to overlap_85/TCTP2_TK/TCTP2_TK.log
2021-04-03 11:48:04,483 - INFO - References:
 - TCTP2_TK
2021-04-03 11:48:04,483 - INFO - Primary reference for coordinate system: TCTP2_TK
2021-04-03 11:48:04,483 - INFO - Considering primers from all references
2021-04-03 11:48:06,385 - INFO - All done! Scheme created with 3 regions, 1 gap, 58.99% coverage
2021-04-03 11:48:06,385 - INFO - Writing overlap_85/TCTP2_TK/TCTP2_TK.primer.bed
2021-04-03 11:48:06,386 - INFO - Writing overlap_85/TCTP2_TK/TCTP2_TK.insert.bed
2021-04-03 11:48:06,386 - INFO - Writing overlap_85/TCTP2_TK/TCTP2_TK.primer.tsv
2021-04-03 11:48:06,387 - INFO - Writing overlap_85/TCTP2_TK/TCTP2_TK.reference.fasta
2021-04-03 11:48:06,390 - INFO - Writing overlap_85/TCTP2_TK/TCTP2_TK.plot.pdf
2021-04-03 11:48:06,390 - INFO - Writing overlap_85/TCTP2_TK/TCTP2_TK.plot.svg
2021-04-03 11:48:06,403 - INFO - Writing overlap_85/TCTP2_TK/TCTP2_TK.report.json
2021-04-04 19:41:44,168 - INFO - Writing log to overlap_85/TCTP2_TK/TCTP2_TK.log
2021-04-04 19:41:44,190 - INFO - References:
 - TCTP2_TK
2021-04-04 19:41:44,190 - INFO - Primary reference for coordinate system: TCTP2_TK
2021-04-04 19:41:44,190 - INFO - Considering primers from all references
2021-04-04 19:41:46,315 - INFO - All done! Scheme created with 3 regions, 1 gap, 58.99% coverage
2021-04-04 19:41:46,315 - INFO - Writing overlap_85/TCTP2_TK/TCTP2_TK.primer.bed
2021-04-04 19:41:46,318 - INFO - Writing overlap_85/TCTP2_TK/TCTP2_TK.insert.bed
2021-04-04 19:41:46,321 - INFO - Writing overlap_85/TCTP2_TK/TCTP2_TK.primer.tsv
2021-04-04 19:41:46,324 - INFO - Writing overlap_85/TCTP2_TK/TCTP2_TK.reference.fasta
2021-04-04 19:41:46,329 - INFO - Writing overlap_85/TCTP2_TK/TCTP2_TK.plot.pdf
2021-04-04 19:41:46,329 - INFO - Writing overlap_85/TCTP2_TK/TCTP2_TK.plot.svg
2021-04-04 19:41:46,348 - INFO - Writing overlap_85/TCTP2_TK/TCTP2_TK.report.json
