2021-04-03 01:35:32,259 - INFO - Writing log to overlap_55/SRPP5_TK/SRPP5_TK.log
2021-04-03 01:35:32,268 - INFO - References:
 - SRPP5_TK
2021-04-03 01:35:32,268 - INFO - Primary reference for coordinate system: SRPP5_TK
2021-04-03 01:35:32,268 - INFO - Considering primers from all references
2021-04-03 01:35:34,484 - INFO - All done! Scheme created with 3 regions, 0 gaps, 65.88% coverage
2021-04-03 01:35:34,485 - INFO - Writing overlap_55/SRPP5_TK/SRPP5_TK.primer.bed
2021-04-03 01:35:34,486 - INFO - Writing overlap_55/SRPP5_TK/SRPP5_TK.insert.bed
2021-04-03 01:35:34,486 - INFO - Writing overlap_55/SRPP5_TK/SRPP5_TK.primer.tsv
2021-04-03 01:35:34,487 - INFO - Writing overlap_55/SRPP5_TK/SRPP5_TK.reference.fasta
2021-04-03 01:35:34,491 - INFO - Writing overlap_55/SRPP5_TK/SRPP5_TK.plot.pdf
2021-04-03 01:35:34,491 - INFO - Writing overlap_55/SRPP5_TK/SRPP5_TK.plot.svg
2021-04-03 01:35:34,509 - INFO - Writing overlap_55/SRPP5_TK/SRPP5_TK.report.json
2021-04-04 18:11:42,705 - INFO - Writing log to overlap_55/SRPP5_TK/SRPP5_TK.log
2021-04-04 18:11:42,730 - INFO - References:
 - SRPP5_TK
2021-04-04 18:11:42,730 - INFO - Primary reference for coordinate system: SRPP5_TK
2021-04-04 18:11:42,730 - INFO - Considering primers from all references
2021-04-04 18:11:44,753 - INFO - All done! Scheme created with 3 regions, 0 gaps, 65.88% coverage
2021-04-04 18:11:44,753 - INFO - Writing overlap_55/SRPP5_TK/SRPP5_TK.primer.bed
2021-04-04 18:11:44,756 - INFO - Writing overlap_55/SRPP5_TK/SRPP5_TK.insert.bed
2021-04-04 18:11:44,758 - INFO - Writing overlap_55/SRPP5_TK/SRPP5_TK.primer.tsv
2021-04-04 18:11:44,761 - INFO - Writing overlap_55/SRPP5_TK/SRPP5_TK.reference.fasta
2021-04-04 18:11:44,766 - INFO - Writing overlap_55/SRPP5_TK/SRPP5_TK.plot.pdf
2021-04-04 18:11:44,766 - INFO - Writing overlap_55/SRPP5_TK/SRPP5_TK.plot.svg
2021-04-04 18:11:44,785 - INFO - Writing overlap_55/SRPP5_TK/SRPP5_TK.report.json
