2021-04-03 01:45:46,671 - INFO - Writing log to overlap_60/MDPD_TK/MDPD_TK.log
2021-04-03 01:45:46,681 - INFO - References:
 - MDPD_TK
2021-04-03 01:45:46,681 - INFO - Primary reference for coordinate system: MDPD_TK
2021-04-03 01:45:46,681 - INFO - Considering primers from all references
2021-04-03 01:45:53,636 - INFO - All done! Scheme created with 9 regions, 2 gaps, 78.77% coverage
2021-04-03 01:45:53,636 - INFO - Writing overlap_60/MDPD_TK/MDPD_TK.primer.bed
2021-04-03 01:45:53,637 - INFO - Writing overlap_60/MDPD_TK/MDPD_TK.insert.bed
2021-04-03 01:45:53,638 - INFO - Writing overlap_60/MDPD_TK/MDPD_TK.primer.tsv
2021-04-03 01:45:53,639 - INFO - Writing overlap_60/MDPD_TK/MDPD_TK.reference.fasta
2021-04-03 01:45:53,645 - INFO - Writing overlap_60/MDPD_TK/MDPD_TK.plot.pdf
2021-04-03 01:45:53,646 - INFO - Writing overlap_60/MDPD_TK/MDPD_TK.plot.svg
2021-04-03 01:45:53,675 - INFO - Writing overlap_60/MDPD_TK/MDPD_TK.report.json
2021-04-04 18:20:53,761 - INFO - Writing log to overlap_60/MDPD_TK/MDPD_TK.log
2021-04-04 18:20:53,919 - INFO - References:
 - MDPD_TK
2021-04-04 18:20:53,919 - INFO - Primary reference for coordinate system: MDPD_TK
2021-04-04 18:20:53,919 - INFO - Considering primers from all references
2021-04-04 18:21:00,207 - INFO - All done! Scheme created with 9 regions, 2 gaps, 78.77% coverage
2021-04-04 18:21:00,207 - INFO - Writing overlap_60/MDPD_TK/MDPD_TK.primer.bed
2021-04-04 18:21:00,210 - INFO - Writing overlap_60/MDPD_TK/MDPD_TK.insert.bed
2021-04-04 18:21:00,212 - INFO - Writing overlap_60/MDPD_TK/MDPD_TK.primer.tsv
2021-04-04 18:21:00,215 - INFO - Writing overlap_60/MDPD_TK/MDPD_TK.reference.fasta
2021-04-04 18:21:00,223 - INFO - Writing overlap_60/MDPD_TK/MDPD_TK.plot.pdf
2021-04-04 18:21:00,223 - INFO - Writing overlap_60/MDPD_TK/MDPD_TK.plot.svg
2021-04-04 18:21:00,255 - INFO - Writing overlap_60/MDPD_TK/MDPD_TK.report.json
