2021-04-03 11:14:29,580 - INFO - Writing log to overlap_75/FDPS2_TK/FDPS2_TK.log
2021-04-03 11:14:29,603 - INFO - References:
 - FDPS2_TK
2021-04-03 11:14:29,603 - INFO - Primary reference for coordinate system: FDPS2_TK
2021-04-03 11:14:29,603 - INFO - Considering primers from all references
2021-04-03 11:14:36,663 - INFO - All done! Scheme created with 11 regions, 4 gaps, 81.9% coverage
2021-04-03 11:14:36,663 - INFO - Writing overlap_75/FDPS2_TK/FDPS2_TK.primer.bed
2021-04-03 11:14:36,664 - INFO - Writing overlap_75/FDPS2_TK/FDPS2_TK.insert.bed
2021-04-03 11:14:36,665 - INFO - Writing overlap_75/FDPS2_TK/FDPS2_TK.primer.tsv
2021-04-03 11:14:36,666 - INFO - Writing overlap_75/FDPS2_TK/FDPS2_TK.reference.fasta
2021-04-03 11:14:36,673 - INFO - Writing overlap_75/FDPS2_TK/FDPS2_TK.plot.pdf
2021-04-03 11:14:36,673 - INFO - Writing overlap_75/FDPS2_TK/FDPS2_TK.plot.svg
2021-04-03 11:14:36,699 - INFO - Writing overlap_75/FDPS2_TK/FDPS2_TK.report.json
2021-04-04 19:04:21,771 - INFO - Writing log to overlap_75/FDPS2_TK/FDPS2_TK.log
2021-04-04 19:04:21,792 - INFO - References:
 - FDPS2_TK
2021-04-04 19:04:21,792 - INFO - Primary reference for coordinate system: FDPS2_TK
2021-04-04 19:04:21,792 - INFO - Considering primers from all references
2021-04-04 19:04:29,627 - INFO - All done! Scheme created with 11 regions, 4 gaps, 81.9% coverage
2021-04-04 19:04:29,627 - INFO - Writing overlap_75/FDPS2_TK/FDPS2_TK.primer.bed
2021-04-04 19:04:29,631 - INFO - Writing overlap_75/FDPS2_TK/FDPS2_TK.insert.bed
2021-04-04 19:04:29,634 - INFO - Writing overlap_75/FDPS2_TK/FDPS2_TK.primer.tsv
2021-04-04 19:04:29,637 - INFO - Writing overlap_75/FDPS2_TK/FDPS2_TK.reference.fasta
2021-04-04 19:04:29,646 - INFO - Writing overlap_75/FDPS2_TK/FDPS2_TK.plot.pdf
2021-04-04 19:04:29,646 - INFO - Writing overlap_75/FDPS2_TK/FDPS2_TK.plot.svg
2021-04-04 19:04:29,678 - INFO - Writing overlap_75/FDPS2_TK/FDPS2_TK.report.json
