2020-12-01 05:22:36,030 - INFO - Writing log to overlap_65/2cMDE4PCT1_TK/2cMDE4PCT1_TK.log
2020-12-01 05:22:36,352 - INFO - References:
 - 2cMDE4PCT1_TK
2020-12-01 05:22:36,352 - INFO - Primary reference for coordinate system: 2cMDE4PCT1_TK
2020-12-01 05:22:36,352 - INFO - Considering primers from all references
2020-12-01 05:22:37,972 - INFO - All done! Scheme created with 17 regions, 7 gaps, 65.61% coverage
2020-12-01 05:22:37,972 - INFO - Writing overlap_65/2cMDE4PCT1_TK/2cMDE4PCT1_TK.primer.bed
2020-12-01 05:22:37,974 - INFO - Writing overlap_65/2cMDE4PCT1_TK/2cMDE4PCT1_TK.insert.bed
2020-12-01 05:22:37,974 - INFO - Writing overlap_65/2cMDE4PCT1_TK/2cMDE4PCT1_TK.primer.tsv
2020-12-01 05:22:37,975 - INFO - Writing overlap_65/2cMDE4PCT1_TK/2cMDE4PCT1_TK.reference.fasta
2020-12-01 05:22:37,983 - INFO - Writing overlap_65/2cMDE4PCT1_TK/2cMDE4PCT1_TK.plot.pdf
2020-12-01 05:22:37,984 - INFO - Writing overlap_65/2cMDE4PCT1_TK/2cMDE4PCT1_TK.plot.svg
2020-12-01 05:22:38,016 - INFO - Writing overlap_65/2cMDE4PCT1_TK/2cMDE4PCT1_TK.report.json
2021-04-03 01:54:53,211 - INFO - Writing log to overlap_65/2cMDE4PCT1_TK/2cMDE4PCT1_TK.log
2021-04-03 01:54:53,235 - INFO - References:
 - 2cMDE4PCT1_TK
2021-04-03 01:54:53,235 - INFO - Primary reference for coordinate system: 2cMDE4PCT1_TK
2021-04-03 01:54:53,235 - INFO - Considering primers from all references
2021-04-03 01:55:04,583 - INFO - All done! Scheme created with 11 regions, 1 gap, 85.13% coverage
2021-04-03 01:55:04,584 - INFO - Writing overlap_65/2cMDE4PCT1_TK/2cMDE4PCT1_TK.primer.bed
2021-04-03 01:55:04,588 - INFO - Writing overlap_65/2cMDE4PCT1_TK/2cMDE4PCT1_TK.insert.bed
2021-04-03 01:55:04,592 - INFO - Writing overlap_65/2cMDE4PCT1_TK/2cMDE4PCT1_TK.primer.tsv
2021-04-03 01:55:04,597 - INFO - Writing overlap_65/2cMDE4PCT1_TK/2cMDE4PCT1_TK.reference.fasta
2021-04-03 01:55:04,609 - INFO - Writing overlap_65/2cMDE4PCT1_TK/2cMDE4PCT1_TK.plot.pdf
2021-04-03 01:55:04,609 - INFO - Writing overlap_65/2cMDE4PCT1_TK/2cMDE4PCT1_TK.plot.svg
2021-04-03 01:55:04,649 - INFO - Writing overlap_65/2cMDE4PCT1_TK/2cMDE4PCT1_TK.report.json
2021-04-04 18:29:03,927 - INFO - Writing log to overlap_65/2cMDE4PCT1_TK/2cMDE4PCT1_TK.log
2021-04-04 18:29:03,943 - INFO - References:
 - 2cMDE4PCT1_TK
2021-04-04 18:29:03,943 - INFO - Primary reference for coordinate system: 2cMDE4PCT1_TK
2021-04-04 18:29:03,943 - INFO - Considering primers from all references
2021-04-04 18:29:14,275 - INFO - All done! Scheme created with 11 regions, 1 gap, 85.13% coverage
2021-04-04 18:29:14,276 - INFO - Writing overlap_65/2cMDE4PCT1_TK/2cMDE4PCT1_TK.primer.bed
2021-04-04 18:29:14,279 - INFO - Writing overlap_65/2cMDE4PCT1_TK/2cMDE4PCT1_TK.insert.bed
2021-04-04 18:29:14,281 - INFO - Writing overlap_65/2cMDE4PCT1_TK/2cMDE4PCT1_TK.primer.tsv
2021-04-04 18:29:14,284 - INFO - Writing overlap_65/2cMDE4PCT1_TK/2cMDE4PCT1_TK.reference.fasta
2021-04-04 18:29:14,293 - INFO - Writing overlap_65/2cMDE4PCT1_TK/2cMDE4PCT1_TK.plot.pdf
2021-04-04 18:29:14,293 - INFO - Writing overlap_65/2cMDE4PCT1_TK/2cMDE4PCT1_TK.plot.svg
2021-04-04 18:29:14,324 - INFO - Writing overlap_65/2cMDE4PCT1_TK/2cMDE4PCT1_TK.report.json
