2021-04-03 11:46:26,420 - INFO - Writing log to overlap_85/SOC1_TK/SOC1_TK.log
2021-04-03 11:46:26,426 - INFO - References:
 - SOC1_TK
2021-04-03 11:46:26,426 - INFO - Primary reference for coordinate system: SOC1_TK
2021-04-03 11:46:26,426 - INFO - Considering primers from all references
2021-04-03 11:46:40,268 - INFO - All done! Scheme created with 17 regions, 7 gaps, 87.96% coverage
2021-04-03 11:46:40,268 - INFO - Writing overlap_85/SOC1_TK/SOC1_TK.primer.bed
2021-04-03 11:46:40,269 - INFO - Writing overlap_85/SOC1_TK/SOC1_TK.insert.bed
2021-04-03 11:46:40,269 - INFO - Writing overlap_85/SOC1_TK/SOC1_TK.primer.tsv
2021-04-03 11:46:40,270 - INFO - Writing overlap_85/SOC1_TK/SOC1_TK.reference.fasta
2021-04-03 11:46:40,279 - INFO - Writing overlap_85/SOC1_TK/SOC1_TK.plot.pdf
2021-04-03 11:46:40,279 - INFO - Writing overlap_85/SOC1_TK/SOC1_TK.plot.svg
2021-04-03 11:46:40,311 - INFO - Writing overlap_85/SOC1_TK/SOC1_TK.report.json
2021-04-04 19:39:54,999 - INFO - Writing log to overlap_85/SOC1_TK/SOC1_TK.log
2021-04-04 19:39:55,022 - INFO - References:
 - SOC1_TK
2021-04-04 19:39:55,022 - INFO - Primary reference for coordinate system: SOC1_TK
2021-04-04 19:39:55,022 - INFO - Considering primers from all references
2021-04-04 19:40:10,385 - INFO - All done! Scheme created with 17 regions, 7 gaps, 87.96% coverage
2021-04-04 19:40:10,385 - INFO - Writing overlap_85/SOC1_TK/SOC1_TK.primer.bed
2021-04-04 19:40:10,388 - INFO - Writing overlap_85/SOC1_TK/SOC1_TK.insert.bed
2021-04-04 19:40:10,391 - INFO - Writing overlap_85/SOC1_TK/SOC1_TK.primer.tsv
2021-04-04 19:40:10,393 - INFO - Writing overlap_85/SOC1_TK/SOC1_TK.reference.fasta
2021-04-04 19:40:10,405 - INFO - Writing overlap_85/SOC1_TK/SOC1_TK.plot.pdf
2021-04-04 19:40:10,405 - INFO - Writing overlap_85/SOC1_TK/SOC1_TK.plot.svg
2021-04-04 19:40:10,445 - INFO - Writing overlap_85/SOC1_TK/SOC1_TK.report.json
