2021-04-03 00:43:52,843 - INFO - Writing log to overlap_40/SAS1_TK/SAS1_TK.log
2021-04-03 00:43:52,873 - INFO - References:
 - SAS1_TK
2021-04-03 00:43:52,873 - INFO - Primary reference for coordinate system: SAS1_TK
2021-04-03 00:43:52,873 - INFO - Considering primers from all references
2021-04-03 00:43:55,713 - INFO - All done! Scheme created with 4 regions, 1 gap, 56.39% coverage
2021-04-03 00:43:55,713 - INFO - Writing overlap_40/SAS1_TK/SAS1_TK.primer.bed
2021-04-03 00:43:55,715 - INFO - Writing overlap_40/SAS1_TK/SAS1_TK.insert.bed
2021-04-03 00:43:55,716 - INFO - Writing overlap_40/SAS1_TK/SAS1_TK.primer.tsv
2021-04-03 00:43:55,716 - INFO - Writing overlap_40/SAS1_TK/SAS1_TK.reference.fasta
2021-04-03 00:43:55,721 - INFO - Writing overlap_40/SAS1_TK/SAS1_TK.plot.pdf
2021-04-03 00:43:55,721 - INFO - Writing overlap_40/SAS1_TK/SAS1_TK.plot.svg
2021-04-03 00:43:55,770 - INFO - Writing overlap_40/SAS1_TK/SAS1_TK.report.json
2021-04-04 17:25:04,682 - INFO - Writing log to overlap_40/SAS1_TK/SAS1_TK.log
2021-04-04 17:25:04,715 - INFO - References:
 - SAS1_TK
2021-04-04 17:25:04,715 - INFO - Primary reference for coordinate system: SAS1_TK
2021-04-04 17:25:04,715 - INFO - Considering primers from all references
2021-04-04 17:25:07,359 - INFO - All done! Scheme created with 4 regions, 1 gap, 56.39% coverage
2021-04-04 17:25:07,359 - INFO - Writing overlap_40/SAS1_TK/SAS1_TK.primer.bed
2021-04-04 17:25:07,362 - INFO - Writing overlap_40/SAS1_TK/SAS1_TK.insert.bed
2021-04-04 17:25:07,366 - INFO - Writing overlap_40/SAS1_TK/SAS1_TK.primer.tsv
2021-04-04 17:25:07,370 - INFO - Writing overlap_40/SAS1_TK/SAS1_TK.reference.fasta
2021-04-04 17:25:07,376 - INFO - Writing overlap_40/SAS1_TK/SAS1_TK.plot.pdf
2021-04-04 17:25:07,376 - INFO - Writing overlap_40/SAS1_TK/SAS1_TK.plot.svg
2021-04-04 17:25:07,415 - INFO - Writing overlap_40/SAS1_TK/SAS1_TK.report.json
