2021-04-03 11:41:00,143 - INFO - Writing log to overlap_85/ETR1_TK/ETR1_TK.log
2021-04-03 11:41:00,149 - INFO - References:
 - ETR1_TK
2021-04-03 11:41:00,149 - INFO - Primary reference for coordinate system: ETR1_TK
2021-04-03 11:41:00,149 - INFO - Considering primers from all references
2021-04-03 11:41:08,817 - INFO - All done! Scheme created with 14 regions, 6 gaps, 73.52% coverage
2021-04-03 11:41:08,817 - INFO - Writing overlap_85/ETR1_TK/ETR1_TK.primer.bed
2021-04-03 11:41:08,818 - INFO - Writing overlap_85/ETR1_TK/ETR1_TK.insert.bed
2021-04-03 11:41:08,819 - INFO - Writing overlap_85/ETR1_TK/ETR1_TK.primer.tsv
2021-04-03 11:41:08,819 - INFO - Writing overlap_85/ETR1_TK/ETR1_TK.reference.fasta
2021-04-03 11:41:08,827 - INFO - Writing overlap_85/ETR1_TK/ETR1_TK.plot.pdf
2021-04-03 11:41:08,827 - INFO - Writing overlap_85/ETR1_TK/ETR1_TK.plot.svg
2021-04-03 11:41:08,856 - INFO - Writing overlap_85/ETR1_TK/ETR1_TK.report.json
2021-04-04 19:33:51,689 - INFO - Writing log to overlap_85/ETR1_TK/ETR1_TK.log
2021-04-04 19:33:51,713 - INFO - References:
 - ETR1_TK
2021-04-04 19:33:51,713 - INFO - Primary reference for coordinate system: ETR1_TK
2021-04-04 19:33:51,713 - INFO - Considering primers from all references
2021-04-04 19:34:01,291 - INFO - All done! Scheme created with 14 regions, 6 gaps, 73.52% coverage
2021-04-04 19:34:01,291 - INFO - Writing overlap_85/ETR1_TK/ETR1_TK.primer.bed
2021-04-04 19:34:01,294 - INFO - Writing overlap_85/ETR1_TK/ETR1_TK.insert.bed
2021-04-04 19:34:01,297 - INFO - Writing overlap_85/ETR1_TK/ETR1_TK.primer.tsv
2021-04-04 19:34:01,299 - INFO - Writing overlap_85/ETR1_TK/ETR1_TK.reference.fasta
2021-04-04 19:34:01,309 - INFO - Writing overlap_85/ETR1_TK/ETR1_TK.plot.pdf
2021-04-04 19:34:01,309 - INFO - Writing overlap_85/ETR1_TK/ETR1_TK.plot.svg
2021-04-04 19:34:01,345 - INFO - Writing overlap_85/ETR1_TK/ETR1_TK.report.json
