2021-04-03 02:04:49,303 - INFO - Writing log to overlap_65/OC6_TK/OC6_TK.log
2021-04-03 02:04:49,313 - INFO - References:
 - OC6_TK
2021-04-03 02:04:49,313 - INFO - Primary reference for coordinate system: OC6_TK
2021-04-03 02:04:49,313 - INFO - Considering primers from all references
2021-04-03 02:05:13,041 - INFO - All done! Scheme created with 27 regions, 11 gaps, 85.02% coverage
2021-04-03 02:05:13,041 - INFO - Writing overlap_65/OC6_TK/OC6_TK.primer.bed
2021-04-03 02:05:13,043 - INFO - Writing overlap_65/OC6_TK/OC6_TK.insert.bed
2021-04-03 02:05:13,044 - INFO - Writing overlap_65/OC6_TK/OC6_TK.primer.tsv
2021-04-03 02:05:13,045 - INFO - Writing overlap_65/OC6_TK/OC6_TK.reference.fasta
2021-04-03 02:05:13,063 - INFO - Writing overlap_65/OC6_TK/OC6_TK.plot.pdf
2021-04-03 02:05:13,063 - INFO - Writing overlap_65/OC6_TK/OC6_TK.plot.svg
2021-04-03 02:05:13,126 - INFO - Writing overlap_65/OC6_TK/OC6_TK.report.json
2021-04-04 18:38:08,790 - INFO - Writing log to overlap_65/OC6_TK/OC6_TK.log
2021-04-04 18:38:08,816 - INFO - References:
 - OC6_TK
2021-04-04 18:38:08,816 - INFO - Primary reference for coordinate system: OC6_TK
2021-04-04 18:38:08,816 - INFO - Considering primers from all references
2021-04-04 18:38:30,424 - INFO - All done! Scheme created with 27 regions, 11 gaps, 85.02% coverage
2021-04-04 18:38:30,424 - INFO - Writing overlap_65/OC6_TK/OC6_TK.primer.bed
2021-04-04 18:38:30,427 - INFO - Writing overlap_65/OC6_TK/OC6_TK.insert.bed
2021-04-04 18:38:30,429 - INFO - Writing overlap_65/OC6_TK/OC6_TK.primer.tsv
2021-04-04 18:38:30,431 - INFO - Writing overlap_65/OC6_TK/OC6_TK.reference.fasta
2021-04-04 18:38:30,448 - INFO - Writing overlap_65/OC6_TK/OC6_TK.plot.pdf
2021-04-04 18:38:30,448 - INFO - Writing overlap_65/OC6_TK/OC6_TK.plot.svg
2021-04-04 18:38:30,505 - INFO - Writing overlap_65/OC6_TK/OC6_TK.report.json
