2021-04-03 01:55:31,938 - INFO - Writing log to overlap_65/3H3MCR4_TK/3H3MCR4_TK.log
2021-04-03 01:55:31,953 - INFO - References:
 - 3H3MCR4_TK
2021-04-03 01:55:31,954 - INFO - Primary reference for coordinate system: 3H3MCR4_TK
2021-04-03 01:55:31,954 - INFO - Considering primers from all references
2021-04-03 01:55:36,274 - INFO - All done! Scheme created with 6 regions, 2 gaps, 62.05% coverage
2021-04-03 01:55:36,274 - INFO - Writing overlap_65/3H3MCR4_TK/3H3MCR4_TK.primer.bed
2021-04-03 01:55:36,276 - INFO - Writing overlap_65/3H3MCR4_TK/3H3MCR4_TK.insert.bed
2021-04-03 01:55:36,276 - INFO - Writing overlap_65/3H3MCR4_TK/3H3MCR4_TK.primer.tsv
2021-04-03 01:55:36,277 - INFO - Writing overlap_65/3H3MCR4_TK/3H3MCR4_TK.reference.fasta
2021-04-03 01:55:36,283 - INFO - Writing overlap_65/3H3MCR4_TK/3H3MCR4_TK.plot.pdf
2021-04-03 01:55:36,283 - INFO - Writing overlap_65/3H3MCR4_TK/3H3MCR4_TK.plot.svg
2021-04-03 01:55:36,307 - INFO - Writing overlap_65/3H3MCR4_TK/3H3MCR4_TK.report.json
2021-04-04 18:29:38,798 - INFO - Writing log to overlap_65/3H3MCR4_TK/3H3MCR4_TK.log
2021-04-04 18:29:38,835 - INFO - References:
 - 3H3MCR4_TK
2021-04-04 18:29:38,835 - INFO - Primary reference for coordinate system: 3H3MCR4_TK
2021-04-04 18:29:38,835 - INFO - Considering primers from all references
2021-04-04 18:29:42,781 - INFO - All done! Scheme created with 6 regions, 2 gaps, 62.05% coverage
2021-04-04 18:29:42,781 - INFO - Writing overlap_65/3H3MCR4_TK/3H3MCR4_TK.primer.bed
2021-04-04 18:29:42,784 - INFO - Writing overlap_65/3H3MCR4_TK/3H3MCR4_TK.insert.bed
2021-04-04 18:29:42,786 - INFO - Writing overlap_65/3H3MCR4_TK/3H3MCR4_TK.primer.tsv
2021-04-04 18:29:42,789 - INFO - Writing overlap_65/3H3MCR4_TK/3H3MCR4_TK.reference.fasta
2021-04-04 18:29:42,796 - INFO - Writing overlap_65/3H3MCR4_TK/3H3MCR4_TK.plot.pdf
2021-04-04 18:29:42,796 - INFO - Writing overlap_65/3H3MCR4_TK/3H3MCR4_TK.plot.svg
2021-04-04 18:29:42,821 - INFO - Writing overlap_65/3H3MCR4_TK/3H3MCR4_TK.report.json
