2021-04-03 11:32:49,321 - INFO - Writing log to overlap_80/RBP45A_TK/RBP45A_TK.log
2021-04-03 11:32:49,327 - INFO - References:
 - RBP45A_TK
2021-04-03 11:32:49,327 - INFO - Primary reference for coordinate system: RBP45A_TK
2021-04-03 11:32:49,327 - INFO - Considering primers from all references
2021-04-03 11:32:57,487 - INFO - All done! Scheme created with 13 regions, 3 gaps, 81.65% coverage
2021-04-03 11:32:57,487 - INFO - Writing overlap_80/RBP45A_TK/RBP45A_TK.primer.bed
2021-04-03 11:32:57,488 - INFO - Writing overlap_80/RBP45A_TK/RBP45A_TK.insert.bed
2021-04-03 11:32:57,489 - INFO - Writing overlap_80/RBP45A_TK/RBP45A_TK.primer.tsv
2021-04-03 11:32:57,489 - INFO - Writing overlap_80/RBP45A_TK/RBP45A_TK.reference.fasta
2021-04-03 11:32:57,496 - INFO - Writing overlap_80/RBP45A_TK/RBP45A_TK.plot.pdf
2021-04-03 11:32:57,497 - INFO - Writing overlap_80/RBP45A_TK/RBP45A_TK.plot.svg
2021-04-03 11:32:57,525 - INFO - Writing overlap_80/RBP45A_TK/RBP45A_TK.report.json
2021-04-04 19:24:43,717 - INFO - Writing log to overlap_80/RBP45A_TK/RBP45A_TK.log
2021-04-04 19:24:43,739 - INFO - References:
 - RBP45A_TK
2021-04-04 19:24:43,739 - INFO - Primary reference for coordinate system: RBP45A_TK
2021-04-04 19:24:43,739 - INFO - Considering primers from all references
2021-04-04 19:24:52,889 - INFO - All done! Scheme created with 13 regions, 3 gaps, 81.65% coverage
2021-04-04 19:24:52,890 - INFO - Writing overlap_80/RBP45A_TK/RBP45A_TK.primer.bed
2021-04-04 19:24:52,893 - INFO - Writing overlap_80/RBP45A_TK/RBP45A_TK.insert.bed
2021-04-04 19:24:52,895 - INFO - Writing overlap_80/RBP45A_TK/RBP45A_TK.primer.tsv
2021-04-04 19:24:52,898 - INFO - Writing overlap_80/RBP45A_TK/RBP45A_TK.reference.fasta
2021-04-04 19:24:52,908 - INFO - Writing overlap_80/RBP45A_TK/RBP45A_TK.plot.pdf
2021-04-04 19:24:52,908 - INFO - Writing overlap_80/RBP45A_TK/RBP45A_TK.plot.svg
2021-04-04 19:24:52,941 - INFO - Writing overlap_80/RBP45A_TK/RBP45A_TK.report.json
