2021-04-03 00:33:16,832 - INFO - Writing log to overlap_40/ACC1_TK/ACC1_TK.log
2021-04-03 00:33:16,857 - INFO - References:
 - ACC1_TK
2021-04-03 00:33:16,857 - INFO - Primary reference for coordinate system: ACC1_TK
2021-04-03 00:33:16,857 - INFO - Considering primers from all references
2021-04-03 00:33:22,966 - INFO - All done! Scheme created with 8 regions, 3 gaps, 63.16% coverage
2021-04-03 00:33:22,966 - INFO - Writing overlap_40/ACC1_TK/ACC1_TK.primer.bed
2021-04-03 00:33:22,967 - INFO - Writing overlap_40/ACC1_TK/ACC1_TK.insert.bed
2021-04-03 00:33:22,968 - INFO - Writing overlap_40/ACC1_TK/ACC1_TK.primer.tsv
2021-04-03 00:33:22,969 - INFO - Writing overlap_40/ACC1_TK/ACC1_TK.reference.fasta
2021-04-03 00:33:22,975 - INFO - Writing overlap_40/ACC1_TK/ACC1_TK.plot.pdf
2021-04-03 00:33:22,975 - INFO - Writing overlap_40/ACC1_TK/ACC1_TK.plot.svg
2021-04-03 00:33:23,002 - INFO - Writing overlap_40/ACC1_TK/ACC1_TK.report.json
2021-04-04 17:15:28,333 - INFO - Writing log to overlap_40/ACC1_TK/ACC1_TK.log
2021-04-04 17:15:28,374 - INFO - References:
 - ACC1_TK
2021-04-04 17:15:28,374 - INFO - Primary reference for coordinate system: ACC1_TK
2021-04-04 17:15:28,374 - INFO - Considering primers from all references
2021-04-04 17:15:33,940 - INFO - All done! Scheme created with 8 regions, 3 gaps, 63.16% coverage
2021-04-04 17:15:33,940 - INFO - Writing overlap_40/ACC1_TK/ACC1_TK.primer.bed
2021-04-04 17:15:33,944 - INFO - Writing overlap_40/ACC1_TK/ACC1_TK.insert.bed
2021-04-04 17:15:33,947 - INFO - Writing overlap_40/ACC1_TK/ACC1_TK.primer.tsv
2021-04-04 17:15:33,950 - INFO - Writing overlap_40/ACC1_TK/ACC1_TK.reference.fasta
2021-04-04 17:15:33,958 - INFO - Writing overlap_40/ACC1_TK/ACC1_TK.plot.pdf
2021-04-04 17:15:33,958 - INFO - Writing overlap_40/ACC1_TK/ACC1_TK.plot.svg
2021-04-04 17:15:33,987 - INFO - Writing overlap_40/ACC1_TK/ACC1_TK.report.json
