2021-04-03 00:32:15,991 - INFO - Writing log to overlap_40/3H3MCR3_TK/3H3MCR3_TK.log
2021-04-03 00:32:16,018 - INFO - References:
 - 3H3MCR3_TK
2021-04-03 00:32:16,018 - INFO - Primary reference for coordinate system: 3H3MCR3_TK
2021-04-03 00:32:16,018 - INFO - Considering primers from all references
2021-04-03 00:32:21,904 - INFO - All done! Scheme created with 8 regions, 2 gaps, 89.6% coverage
2021-04-03 00:32:21,904 - INFO - Writing overlap_40/3H3MCR3_TK/3H3MCR3_TK.primer.bed
2021-04-03 00:32:21,905 - INFO - Writing overlap_40/3H3MCR3_TK/3H3MCR3_TK.insert.bed
2021-04-03 00:32:21,906 - INFO - Writing overlap_40/3H3MCR3_TK/3H3MCR3_TK.primer.tsv
2021-04-03 00:32:21,907 - INFO - Writing overlap_40/3H3MCR3_TK/3H3MCR3_TK.reference.fasta
2021-04-03 00:32:21,914 - INFO - Writing overlap_40/3H3MCR3_TK/3H3MCR3_TK.plot.pdf
2021-04-03 00:32:21,914 - INFO - Writing overlap_40/3H3MCR3_TK/3H3MCR3_TK.plot.svg
2021-04-03 00:32:21,939 - INFO - Writing overlap_40/3H3MCR3_TK/3H3MCR3_TK.report.json
2021-04-04 17:14:34,204 - INFO - Writing log to overlap_40/3H3MCR3_TK/3H3MCR3_TK.log
2021-04-04 17:14:34,239 - INFO - References:
 - 3H3MCR3_TK
2021-04-04 17:14:34,239 - INFO - Primary reference for coordinate system: 3H3MCR3_TK
2021-04-04 17:14:34,239 - INFO - Considering primers from all references
2021-04-04 17:14:39,532 - INFO - All done! Scheme created with 8 regions, 2 gaps, 89.6% coverage
2021-04-04 17:14:39,532 - INFO - Writing overlap_40/3H3MCR3_TK/3H3MCR3_TK.primer.bed
2021-04-04 17:14:39,536 - INFO - Writing overlap_40/3H3MCR3_TK/3H3MCR3_TK.insert.bed
2021-04-04 17:14:39,540 - INFO - Writing overlap_40/3H3MCR3_TK/3H3MCR3_TK.primer.tsv
2021-04-04 17:14:39,544 - INFO - Writing overlap_40/3H3MCR3_TK/3H3MCR3_TK.reference.fasta
2021-04-04 17:14:39,553 - INFO - Writing overlap_40/3H3MCR3_TK/3H3MCR3_TK.plot.pdf
2021-04-04 17:14:39,553 - INFO - Writing overlap_40/3H3MCR3_TK/3H3MCR3_TK.plot.svg
2021-04-04 17:14:39,584 - INFO - Writing overlap_40/3H3MCR3_TK/3H3MCR3_TK.report.json
