2021-04-03 00:45:57,355 - INFO - Writing log to overlap_40/TCTP2_TK/TCTP2_TK.log
2021-04-03 00:45:57,386 - INFO - References:
 - TCTP2_TK
2021-04-03 00:45:57,386 - INFO - Primary reference for coordinate system: TCTP2_TK
2021-04-03 00:45:57,386 - INFO - Considering primers from all references
2021-04-03 00:45:59,710 - INFO - All done! Scheme created with 3 regions, 1 gap, 58.99% coverage
2021-04-03 00:45:59,711 - INFO - Writing overlap_40/TCTP2_TK/TCTP2_TK.primer.bed
2021-04-03 00:45:59,712 - INFO - Writing overlap_40/TCTP2_TK/TCTP2_TK.insert.bed
2021-04-03 00:45:59,713 - INFO - Writing overlap_40/TCTP2_TK/TCTP2_TK.primer.tsv
2021-04-03 00:45:59,713 - INFO - Writing overlap_40/TCTP2_TK/TCTP2_TK.reference.fasta
2021-04-03 00:45:59,718 - INFO - Writing overlap_40/TCTP2_TK/TCTP2_TK.plot.pdf
2021-04-03 00:45:59,718 - INFO - Writing overlap_40/TCTP2_TK/TCTP2_TK.plot.svg
2021-04-03 00:45:59,735 - INFO - Writing overlap_40/TCTP2_TK/TCTP2_TK.report.json
2021-04-04 17:26:57,224 - INFO - Writing log to overlap_40/TCTP2_TK/TCTP2_TK.log
2021-04-04 17:26:57,266 - INFO - References:
 - TCTP2_TK
2021-04-04 17:26:57,267 - INFO - Primary reference for coordinate system: TCTP2_TK
2021-04-04 17:26:57,267 - INFO - Considering primers from all references
2021-04-04 17:26:59,359 - INFO - All done! Scheme created with 3 regions, 1 gap, 58.99% coverage
2021-04-04 17:26:59,359 - INFO - Writing overlap_40/TCTP2_TK/TCTP2_TK.primer.bed
2021-04-04 17:26:59,362 - INFO - Writing overlap_40/TCTP2_TK/TCTP2_TK.insert.bed
2021-04-04 17:26:59,366 - INFO - Writing overlap_40/TCTP2_TK/TCTP2_TK.primer.tsv
2021-04-04 17:26:59,369 - INFO - Writing overlap_40/TCTP2_TK/TCTP2_TK.reference.fasta
2021-04-04 17:26:59,374 - INFO - Writing overlap_40/TCTP2_TK/TCTP2_TK.plot.pdf
2021-04-04 17:26:59,374 - INFO - Writing overlap_40/TCTP2_TK/TCTP2_TK.plot.svg
2021-04-04 17:26:59,393 - INFO - Writing overlap_40/TCTP2_TK/TCTP2_TK.report.json
