2021-04-03 00:43:22,480 - INFO - Writing log to overlap_40/PTRP1_TK/PTRP1_TK.log
2021-04-03 00:43:22,488 - INFO - References:
 - PTRP1_TK
2021-04-03 00:43:22,488 - INFO - Primary reference for coordinate system: PTRP1_TK
2021-04-03 00:43:22,488 - INFO - Considering primers from all references
2021-04-03 00:43:25,328 - INFO - All done! Scheme created with 4 regions, 1 gap, 59.62% coverage
2021-04-03 00:43:25,328 - INFO - Writing overlap_40/PTRP1_TK/PTRP1_TK.primer.bed
2021-04-03 00:43:25,329 - INFO - Writing overlap_40/PTRP1_TK/PTRP1_TK.insert.bed
2021-04-03 00:43:25,330 - INFO - Writing overlap_40/PTRP1_TK/PTRP1_TK.primer.tsv
2021-04-03 00:43:25,331 - INFO - Writing overlap_40/PTRP1_TK/PTRP1_TK.reference.fasta
2021-04-03 00:43:25,336 - INFO - Writing overlap_40/PTRP1_TK/PTRP1_TK.plot.pdf
2021-04-03 00:43:25,336 - INFO - Writing overlap_40/PTRP1_TK/PTRP1_TK.plot.svg
2021-04-03 00:43:25,386 - INFO - Writing overlap_40/PTRP1_TK/PTRP1_TK.report.json
2021-04-04 17:24:36,815 - INFO - Writing log to overlap_40/PTRP1_TK/PTRP1_TK.log
2021-04-04 17:24:36,870 - INFO - References:
 - PTRP1_TK
2021-04-04 17:24:36,870 - INFO - Primary reference for coordinate system: PTRP1_TK
2021-04-04 17:24:36,870 - INFO - Considering primers from all references
2021-04-04 17:24:39,526 - INFO - All done! Scheme created with 4 regions, 1 gap, 59.62% coverage
2021-04-04 17:24:39,527 - INFO - Writing overlap_40/PTRP1_TK/PTRP1_TK.primer.bed
2021-04-04 17:24:39,530 - INFO - Writing overlap_40/PTRP1_TK/PTRP1_TK.insert.bed
2021-04-04 17:24:39,534 - INFO - Writing overlap_40/PTRP1_TK/PTRP1_TK.primer.tsv
2021-04-04 17:24:39,538 - INFO - Writing overlap_40/PTRP1_TK/PTRP1_TK.reference.fasta
2021-04-04 17:24:39,545 - INFO - Writing overlap_40/PTRP1_TK/PTRP1_TK.plot.pdf
2021-04-04 17:24:39,545 - INFO - Writing overlap_40/PTRP1_TK/PTRP1_TK.plot.svg
2021-04-04 17:24:39,586 - INFO - Writing overlap_40/PTRP1_TK/PTRP1_TK.report.json
