2021-04-03 01:09:38,716 - INFO - Writing log to overlap_50/DREB_TK/DREB_TK.log
2021-04-03 01:09:38,740 - INFO - References:
 - DREB_TK
2021-04-03 01:09:38,740 - INFO - Primary reference for coordinate system: DREB_TK
2021-04-03 01:09:38,740 - INFO - Considering primers from all references
2021-04-03 01:09:42,425 - INFO - All done! Scheme created with 5 regions, 2 gaps, 76.74% coverage
2021-04-03 01:09:42,426 - INFO - Writing overlap_50/DREB_TK/DREB_TK.primer.bed
2021-04-03 01:09:42,427 - INFO - Writing overlap_50/DREB_TK/DREB_TK.insert.bed
2021-04-03 01:09:42,428 - INFO - Writing overlap_50/DREB_TK/DREB_TK.primer.tsv
2021-04-03 01:09:42,428 - INFO - Writing overlap_50/DREB_TK/DREB_TK.reference.fasta
2021-04-03 01:09:42,434 - INFO - Writing overlap_50/DREB_TK/DREB_TK.plot.pdf
2021-04-03 01:09:42,434 - INFO - Writing overlap_50/DREB_TK/DREB_TK.plot.svg
2021-04-03 01:09:42,455 - INFO - Writing overlap_50/DREB_TK/DREB_TK.report.json
2021-04-04 17:48:29,696 - INFO - Writing log to overlap_50/DREB_TK/DREB_TK.log
2021-04-04 17:48:29,730 - INFO - References:
 - DREB_TK
2021-04-04 17:48:29,730 - INFO - Primary reference for coordinate system: DREB_TK
2021-04-04 17:48:29,731 - INFO - Considering primers from all references
2021-04-04 17:48:33,047 - INFO - All done! Scheme created with 5 regions, 2 gaps, 76.74% coverage
2021-04-04 17:48:33,047 - INFO - Writing overlap_50/DREB_TK/DREB_TK.primer.bed
2021-04-04 17:48:33,050 - INFO - Writing overlap_50/DREB_TK/DREB_TK.insert.bed
2021-04-04 17:48:33,053 - INFO - Writing overlap_50/DREB_TK/DREB_TK.primer.tsv
2021-04-04 17:48:33,055 - INFO - Writing overlap_50/DREB_TK/DREB_TK.reference.fasta
2021-04-04 17:48:33,061 - INFO - Writing overlap_50/DREB_TK/DREB_TK.plot.pdf
2021-04-04 17:48:33,061 - INFO - Writing overlap_50/DREB_TK/DREB_TK.plot.svg
2021-04-04 17:48:33,083 - INFO - Writing overlap_50/DREB_TK/DREB_TK.report.json
