2021-04-02 20:42:03,013 - INFO - Writing log to overlap_70/CPIP_TK/CPIP_TK.log
2021-04-02 20:42:03,027 - INFO - References:
 - CPIP_TK
2021-04-02 20:42:03,027 - INFO - Primary reference for coordinate system: CPIP_TK
2021-04-02 20:42:03,027 - INFO - Considering primers from all references
2021-04-02 20:42:06,865 - INFO - All done! Scheme created with 6 regions, 2 gaps, 63.22% coverage
2021-04-02 20:42:06,865 - INFO - Writing overlap_70/CPIP_TK/CPIP_TK.primer.bed
2021-04-02 20:42:06,866 - INFO - Writing overlap_70/CPIP_TK/CPIP_TK.insert.bed
2021-04-02 20:42:06,867 - INFO - Writing overlap_70/CPIP_TK/CPIP_TK.primer.tsv
2021-04-02 20:42:06,867 - INFO - Writing overlap_70/CPIP_TK/CPIP_TK.reference.fasta
2021-04-02 20:42:06,872 - INFO - Writing overlap_70/CPIP_TK/CPIP_TK.plot.pdf
2021-04-02 20:42:06,872 - INFO - Writing overlap_70/CPIP_TK/CPIP_TK.plot.svg
2021-04-02 20:42:06,892 - INFO - Writing overlap_70/CPIP_TK/CPIP_TK.report.json
2021-04-03 02:15:10,364 - INFO - Writing log to overlap_70/CPIP_TK/CPIP_TK.log
2021-04-03 02:15:10,406 - INFO - References:
 - CPIP_TK
2021-04-03 02:15:10,406 - INFO - Primary reference for coordinate system: CPIP_TK
2021-04-03 02:15:10,406 - INFO - Considering primers from all references
2021-04-03 02:15:15,148 - INFO - All done! Scheme created with 6 regions, 2 gaps, 63.22% coverage
2021-04-03 02:15:15,149 - INFO - Writing overlap_70/CPIP_TK/CPIP_TK.primer.bed
2021-04-03 02:15:15,155 - INFO - Writing overlap_70/CPIP_TK/CPIP_TK.insert.bed
2021-04-03 02:15:15,159 - INFO - Writing overlap_70/CPIP_TK/CPIP_TK.primer.tsv
2021-04-03 02:15:15,163 - INFO - Writing overlap_70/CPIP_TK/CPIP_TK.reference.fasta
2021-04-03 02:15:15,172 - INFO - Writing overlap_70/CPIP_TK/CPIP_TK.plot.pdf
2021-04-03 02:15:15,172 - INFO - Writing overlap_70/CPIP_TK/CPIP_TK.plot.svg
2021-04-03 02:15:15,203 - INFO - Writing overlap_70/CPIP_TK/CPIP_TK.report.json
2021-04-04 18:47:34,428 - INFO - Writing log to overlap_70/CPIP_TK/CPIP_TK.log
2021-04-04 18:47:34,455 - INFO - References:
 - CPIP_TK
2021-04-04 18:47:34,455 - INFO - Primary reference for coordinate system: CPIP_TK
2021-04-04 18:47:34,455 - INFO - Considering primers from all references
2021-04-04 18:47:38,835 - INFO - All done! Scheme created with 6 regions, 2 gaps, 63.22% coverage
2021-04-04 18:47:38,835 - INFO - Writing overlap_70/CPIP_TK/CPIP_TK.primer.bed
2021-04-04 18:47:38,838 - INFO - Writing overlap_70/CPIP_TK/CPIP_TK.insert.bed
2021-04-04 18:47:38,841 - INFO - Writing overlap_70/CPIP_TK/CPIP_TK.primer.tsv
2021-04-04 18:47:38,844 - INFO - Writing overlap_70/CPIP_TK/CPIP_TK.reference.fasta
2021-04-04 18:47:38,850 - INFO - Writing overlap_70/CPIP_TK/CPIP_TK.plot.pdf
2021-04-04 18:47:38,850 - INFO - Writing overlap_70/CPIP_TK/CPIP_TK.plot.svg
2021-04-04 18:47:38,874 - INFO - Writing overlap_70/CPIP_TK/CPIP_TK.report.json
