2021-04-03 01:18:47,486 - INFO - Writing log to overlap_50/SRPP5_TK/SRPP5_TK.log
2021-04-03 01:18:47,494 - INFO - References:
 - SRPP5_TK
2021-04-03 01:18:47,494 - INFO - Primary reference for coordinate system: SRPP5_TK
2021-04-03 01:18:47,494 - INFO - Considering primers from all references
2021-04-03 01:18:49,733 - INFO - All done! Scheme created with 3 regions, 0 gaps, 65.88% coverage
2021-04-03 01:18:49,733 - INFO - Writing overlap_50/SRPP5_TK/SRPP5_TK.primer.bed
2021-04-03 01:18:49,734 - INFO - Writing overlap_50/SRPP5_TK/SRPP5_TK.insert.bed
2021-04-03 01:18:49,735 - INFO - Writing overlap_50/SRPP5_TK/SRPP5_TK.primer.tsv
2021-04-03 01:18:49,736 - INFO - Writing overlap_50/SRPP5_TK/SRPP5_TK.reference.fasta
2021-04-03 01:18:49,739 - INFO - Writing overlap_50/SRPP5_TK/SRPP5_TK.plot.pdf
2021-04-03 01:18:49,740 - INFO - Writing overlap_50/SRPP5_TK/SRPP5_TK.plot.svg
2021-04-03 01:18:49,758 - INFO - Writing overlap_50/SRPP5_TK/SRPP5_TK.report.json
2021-04-04 17:56:41,875 - INFO - Writing log to overlap_50/SRPP5_TK/SRPP5_TK.log
2021-04-04 17:56:41,921 - INFO - References:
 - SRPP5_TK
2021-04-04 17:56:41,921 - INFO - Primary reference for coordinate system: SRPP5_TK
2021-04-04 17:56:41,921 - INFO - Considering primers from all references
2021-04-04 17:56:43,957 - INFO - All done! Scheme created with 3 regions, 0 gaps, 65.88% coverage
2021-04-04 17:56:43,957 - INFO - Writing overlap_50/SRPP5_TK/SRPP5_TK.primer.bed
2021-04-04 17:56:43,960 - INFO - Writing overlap_50/SRPP5_TK/SRPP5_TK.insert.bed
2021-04-04 17:56:43,962 - INFO - Writing overlap_50/SRPP5_TK/SRPP5_TK.primer.tsv
2021-04-04 17:56:43,965 - INFO - Writing overlap_50/SRPP5_TK/SRPP5_TK.reference.fasta
2021-04-04 17:56:43,970 - INFO - Writing overlap_50/SRPP5_TK/SRPP5_TK.plot.pdf
2021-04-04 17:56:43,970 - INFO - Writing overlap_50/SRPP5_TK/SRPP5_TK.plot.svg
2021-04-04 17:56:43,989 - INFO - Writing overlap_50/SRPP5_TK/SRPP5_TK.report.json
