2021-04-03 00:35:03,029 - INFO - Writing log to overlap_40/CCT1_TK/CCT1_TK.log
2021-04-03 00:35:03,039 - INFO - References:
 - CCT1_TK
2021-04-03 00:35:03,039 - INFO - Primary reference for coordinate system: CCT1_TK
2021-04-03 00:35:03,039 - INFO - Considering primers from all references
2021-04-03 00:35:06,069 - INFO - All done! Scheme created with 4 regions, 1 gap, 68.13% coverage
2021-04-03 00:35:06,069 - INFO - Writing overlap_40/CCT1_TK/CCT1_TK.primer.bed
2021-04-03 00:35:06,070 - INFO - Writing overlap_40/CCT1_TK/CCT1_TK.insert.bed
2021-04-03 00:35:06,071 - INFO - Writing overlap_40/CCT1_TK/CCT1_TK.primer.tsv
2021-04-03 00:35:06,072 - INFO - Writing overlap_40/CCT1_TK/CCT1_TK.reference.fasta
2021-04-03 00:35:06,076 - INFO - Writing overlap_40/CCT1_TK/CCT1_TK.plot.pdf
2021-04-03 00:35:06,076 - INFO - Writing overlap_40/CCT1_TK/CCT1_TK.plot.svg
2021-04-03 00:35:06,131 - INFO - Writing overlap_40/CCT1_TK/CCT1_TK.report.json
2021-04-04 17:17:02,990 - INFO - Writing log to overlap_40/CCT1_TK/CCT1_TK.log
2021-04-04 17:17:03,026 - INFO - References:
 - CCT1_TK
2021-04-04 17:17:03,026 - INFO - Primary reference for coordinate system: CCT1_TK
2021-04-04 17:17:03,026 - INFO - Considering primers from all references
2021-04-04 17:17:05,753 - INFO - All done! Scheme created with 4 regions, 1 gap, 68.13% coverage
2021-04-04 17:17:05,753 - INFO - Writing overlap_40/CCT1_TK/CCT1_TK.primer.bed
2021-04-04 17:17:05,757 - INFO - Writing overlap_40/CCT1_TK/CCT1_TK.insert.bed
2021-04-04 17:17:05,760 - INFO - Writing overlap_40/CCT1_TK/CCT1_TK.primer.tsv
2021-04-04 17:17:05,763 - INFO - Writing overlap_40/CCT1_TK/CCT1_TK.reference.fasta
2021-04-04 17:17:05,769 - INFO - Writing overlap_40/CCT1_TK/CCT1_TK.plot.pdf
2021-04-04 17:17:05,769 - INFO - Writing overlap_40/CCT1_TK/CCT1_TK.plot.svg
2021-04-04 17:17:05,810 - INFO - Writing overlap_40/CCT1_TK/CCT1_TK.report.json
