2021-04-03 11:29:32,417 - INFO - Writing log to overlap_80/OC1_TK/OC1_TK.log
2021-04-03 11:29:32,424 - INFO - References:
 - OC1_TK
2021-04-03 11:29:32,425 - INFO - Primary reference for coordinate system: OC1_TK
2021-04-03 11:29:32,425 - INFO - Considering primers from all references
2021-04-03 11:30:05,163 - INFO - All done! Scheme created with 37 regions, 13 gaps, 86.77% coverage
2021-04-03 11:30:05,163 - INFO - Writing overlap_80/OC1_TK/OC1_TK.primer.bed
2021-04-03 11:30:05,165 - INFO - Writing overlap_80/OC1_TK/OC1_TK.insert.bed
2021-04-03 11:30:05,165 - INFO - Writing overlap_80/OC1_TK/OC1_TK.primer.tsv
2021-04-03 11:30:05,166 - INFO - Writing overlap_80/OC1_TK/OC1_TK.reference.fasta
2021-04-03 11:30:05,184 - INFO - Writing overlap_80/OC1_TK/OC1_TK.plot.pdf
2021-04-03 11:30:05,184 - INFO - Writing overlap_80/OC1_TK/OC1_TK.plot.svg
2021-04-03 11:30:05,310 - INFO - Writing overlap_80/OC1_TK/OC1_TK.report.json
2021-04-04 19:21:06,604 - INFO - Writing log to overlap_80/OC1_TK/OC1_TK.log
2021-04-04 19:21:06,628 - INFO - References:
 - OC1_TK
2021-04-04 19:21:06,629 - INFO - Primary reference for coordinate system: OC1_TK
2021-04-04 19:21:06,629 - INFO - Considering primers from all references
2021-04-04 19:21:43,301 - INFO - All done! Scheme created with 37 regions, 13 gaps, 86.77% coverage
2021-04-04 19:21:43,301 - INFO - Writing overlap_80/OC1_TK/OC1_TK.primer.bed
2021-04-04 19:21:43,305 - INFO - Writing overlap_80/OC1_TK/OC1_TK.insert.bed
2021-04-04 19:21:43,313 - INFO - Writing overlap_80/OC1_TK/OC1_TK.primer.tsv
2021-04-04 19:21:43,316 - INFO - Writing overlap_80/OC1_TK/OC1_TK.reference.fasta
2021-04-04 19:21:43,337 - INFO - Writing overlap_80/OC1_TK/OC1_TK.plot.pdf
2021-04-04 19:21:43,337 - INFO - Writing overlap_80/OC1_TK/OC1_TK.plot.svg
2021-04-04 19:21:43,411 - INFO - Writing overlap_80/OC1_TK/OC1_TK.report.json
