2021-04-03 01:17:06,332 - INFO - Writing log to overlap_50/SOC1_TK/SOC1_TK.log
2021-04-03 01:17:06,356 - INFO - References:
 - SOC1_TK
2021-04-03 01:17:06,356 - INFO - Primary reference for coordinate system: SOC1_TK
2021-04-03 01:17:06,356 - INFO - Considering primers from all references
2021-04-03 01:17:23,304 - INFO - All done! Scheme created with 17 regions, 7 gaps, 87.96% coverage
2021-04-03 01:17:23,304 - INFO - Writing overlap_50/SOC1_TK/SOC1_TK.primer.bed
2021-04-03 01:17:23,306 - INFO - Writing overlap_50/SOC1_TK/SOC1_TK.insert.bed
2021-04-03 01:17:23,307 - INFO - Writing overlap_50/SOC1_TK/SOC1_TK.primer.tsv
2021-04-03 01:17:23,308 - INFO - Writing overlap_50/SOC1_TK/SOC1_TK.reference.fasta
2021-04-03 01:17:23,319 - INFO - Writing overlap_50/SOC1_TK/SOC1_TK.plot.pdf
2021-04-03 01:17:23,319 - INFO - Writing overlap_50/SOC1_TK/SOC1_TK.plot.svg
2021-04-03 01:17:23,358 - INFO - Writing overlap_50/SOC1_TK/SOC1_TK.report.json
2021-04-04 17:55:11,386 - INFO - Writing log to overlap_50/SOC1_TK/SOC1_TK.log
2021-04-04 17:55:11,416 - INFO - References:
 - SOC1_TK
2021-04-04 17:55:11,416 - INFO - Primary reference for coordinate system: SOC1_TK
2021-04-04 17:55:11,416 - INFO - Considering primers from all references
2021-04-04 17:55:26,761 - INFO - All done! Scheme created with 17 regions, 7 gaps, 87.96% coverage
2021-04-04 17:55:26,762 - INFO - Writing overlap_50/SOC1_TK/SOC1_TK.primer.bed
2021-04-04 17:55:26,765 - INFO - Writing overlap_50/SOC1_TK/SOC1_TK.insert.bed
2021-04-04 17:55:26,767 - INFO - Writing overlap_50/SOC1_TK/SOC1_TK.primer.tsv
2021-04-04 17:55:26,770 - INFO - Writing overlap_50/SOC1_TK/SOC1_TK.reference.fasta
2021-04-04 17:55:26,782 - INFO - Writing overlap_50/SOC1_TK/SOC1_TK.plot.pdf
2021-04-04 17:55:26,782 - INFO - Writing overlap_50/SOC1_TK/SOC1_TK.plot.svg
2021-04-04 17:55:26,822 - INFO - Writing overlap_50/SOC1_TK/SOC1_TK.report.json
