2021-04-03 01:06:24,161 - INFO - Writing log to overlap_50/ACC2_TK/ACC2_TK.log
2021-04-03 01:06:24,179 - INFO - References:
 - ACC2_TK
2021-04-03 01:06:24,179 - INFO - Primary reference for coordinate system: ACC2_TK
2021-04-03 01:06:24,179 - INFO - Considering primers from all references
2021-04-03 01:06:32,956 - INFO - All done! Scheme created with 11 regions, 5 gaps, 80.07% coverage
2021-04-03 01:06:32,957 - INFO - Writing overlap_50/ACC2_TK/ACC2_TK.primer.bed
2021-04-03 01:06:32,957 - INFO - Writing overlap_50/ACC2_TK/ACC2_TK.insert.bed
2021-04-03 01:06:32,958 - INFO - Writing overlap_50/ACC2_TK/ACC2_TK.primer.tsv
2021-04-03 01:06:32,959 - INFO - Writing overlap_50/ACC2_TK/ACC2_TK.reference.fasta
2021-04-03 01:06:32,966 - INFO - Writing overlap_50/ACC2_TK/ACC2_TK.plot.pdf
2021-04-03 01:06:32,966 - INFO - Writing overlap_50/ACC2_TK/ACC2_TK.plot.svg
2021-04-03 01:06:32,997 - INFO - Writing overlap_50/ACC2_TK/ACC2_TK.report.json
2021-04-04 17:45:35,856 - INFO - Writing log to overlap_50/ACC2_TK/ACC2_TK.log
2021-04-04 17:45:35,890 - INFO - References:
 - ACC2_TK
2021-04-04 17:45:35,890 - INFO - Primary reference for coordinate system: ACC2_TK
2021-04-04 17:45:35,890 - INFO - Considering primers from all references
2021-04-04 17:45:43,893 - INFO - All done! Scheme created with 11 regions, 5 gaps, 80.07% coverage
2021-04-04 17:45:43,893 - INFO - Writing overlap_50/ACC2_TK/ACC2_TK.primer.bed
2021-04-04 17:45:43,897 - INFO - Writing overlap_50/ACC2_TK/ACC2_TK.insert.bed
2021-04-04 17:45:43,899 - INFO - Writing overlap_50/ACC2_TK/ACC2_TK.primer.tsv
2021-04-04 17:45:43,902 - INFO - Writing overlap_50/ACC2_TK/ACC2_TK.reference.fasta
2021-04-04 17:45:43,910 - INFO - Writing overlap_50/ACC2_TK/ACC2_TK.plot.pdf
2021-04-04 17:45:43,910 - INFO - Writing overlap_50/ACC2_TK/ACC2_TK.plot.svg
2021-04-04 17:45:43,940 - INFO - Writing overlap_50/ACC2_TK/ACC2_TK.report.json
