2021-04-03 11:10:00,343 - INFO - Writing log to overlap_75/3H3MCR1_TK/3H3MCR1_TK.log
2021-04-03 11:10:00,348 - INFO - References:
 - 3H3MCR1_TK
2021-04-03 11:10:00,348 - INFO - Primary reference for coordinate system: 3H3MCR1_TK
2021-04-03 11:10:00,348 - INFO - Considering primers from all references
2021-04-03 11:10:05,298 - INFO - All done! Scheme created with 8 regions, 1 gap, 83.29% coverage
2021-04-03 11:10:05,298 - INFO - Writing overlap_75/3H3MCR1_TK/3H3MCR1_TK.primer.bed
2021-04-03 11:10:05,299 - INFO - Writing overlap_75/3H3MCR1_TK/3H3MCR1_TK.insert.bed
2021-04-03 11:10:05,300 - INFO - Writing overlap_75/3H3MCR1_TK/3H3MCR1_TK.primer.tsv
2021-04-03 11:10:05,300 - INFO - Writing overlap_75/3H3MCR1_TK/3H3MCR1_TK.reference.fasta
2021-04-03 11:10:05,305 - INFO - Writing overlap_75/3H3MCR1_TK/3H3MCR1_TK.plot.pdf
2021-04-03 11:10:05,305 - INFO - Writing overlap_75/3H3MCR1_TK/3H3MCR1_TK.plot.svg
2021-04-03 11:10:05,325 - INFO - Writing overlap_75/3H3MCR1_TK/3H3MCR1_TK.report.json
2021-04-04 18:59:18,568 - INFO - Writing log to overlap_75/3H3MCR1_TK/3H3MCR1_TK.log
2021-04-04 18:59:18,588 - INFO - References:
 - 3H3MCR1_TK
2021-04-04 18:59:18,588 - INFO - Primary reference for coordinate system: 3H3MCR1_TK
2021-04-04 18:59:18,588 - INFO - Considering primers from all references
2021-04-04 18:59:24,087 - INFO - All done! Scheme created with 8 regions, 1 gap, 83.29% coverage
2021-04-04 18:59:24,087 - INFO - Writing overlap_75/3H3MCR1_TK/3H3MCR1_TK.primer.bed
2021-04-04 18:59:24,090 - INFO - Writing overlap_75/3H3MCR1_TK/3H3MCR1_TK.insert.bed
2021-04-04 18:59:24,092 - INFO - Writing overlap_75/3H3MCR1_TK/3H3MCR1_TK.primer.tsv
2021-04-04 18:59:24,094 - INFO - Writing overlap_75/3H3MCR1_TK/3H3MCR1_TK.reference.fasta
2021-04-04 18:59:24,102 - INFO - Writing overlap_75/3H3MCR1_TK/3H3MCR1_TK.plot.pdf
2021-04-04 18:59:24,102 - INFO - Writing overlap_75/3H3MCR1_TK/3H3MCR1_TK.plot.svg
2021-04-04 18:59:24,127 - INFO - Writing overlap_75/3H3MCR1_TK/3H3MCR1_TK.report.json
