2021-04-03 01:02:02,411 - INFO - Writing log to overlap_45/SRPP5_TK/SRPP5_TK.log
2021-04-03 01:02:02,437 - INFO - References:
 - SRPP5_TK
2021-04-03 01:02:02,437 - INFO - Primary reference for coordinate system: SRPP5_TK
2021-04-03 01:02:02,437 - INFO - Considering primers from all references
2021-04-03 01:02:04,745 - INFO - All done! Scheme created with 3 regions, 0 gaps, 65.88% coverage
2021-04-03 01:02:04,745 - INFO - Writing overlap_45/SRPP5_TK/SRPP5_TK.primer.bed
2021-04-03 01:02:04,746 - INFO - Writing overlap_45/SRPP5_TK/SRPP5_TK.insert.bed
2021-04-03 01:02:04,746 - INFO - Writing overlap_45/SRPP5_TK/SRPP5_TK.primer.tsv
2021-04-03 01:02:04,747 - INFO - Writing overlap_45/SRPP5_TK/SRPP5_TK.reference.fasta
2021-04-03 01:02:04,751 - INFO - Writing overlap_45/SRPP5_TK/SRPP5_TK.plot.pdf
2021-04-03 01:02:04,751 - INFO - Writing overlap_45/SRPP5_TK/SRPP5_TK.plot.svg
2021-04-03 01:02:04,768 - INFO - Writing overlap_45/SRPP5_TK/SRPP5_TK.report.json
2021-04-04 17:41:26,022 - INFO - Writing log to overlap_45/SRPP5_TK/SRPP5_TK.log
2021-04-04 17:41:26,040 - INFO - References:
 - SRPP5_TK
2021-04-04 17:41:26,040 - INFO - Primary reference for coordinate system: SRPP5_TK
2021-04-04 17:41:26,040 - INFO - Considering primers from all references
2021-04-04 17:41:28,030 - INFO - All done! Scheme created with 3 regions, 0 gaps, 65.88% coverage
2021-04-04 17:41:28,030 - INFO - Writing overlap_45/SRPP5_TK/SRPP5_TK.primer.bed
2021-04-04 17:41:28,034 - INFO - Writing overlap_45/SRPP5_TK/SRPP5_TK.insert.bed
2021-04-04 17:41:28,037 - INFO - Writing overlap_45/SRPP5_TK/SRPP5_TK.primer.tsv
2021-04-04 17:41:28,041 - INFO - Writing overlap_45/SRPP5_TK/SRPP5_TK.reference.fasta
2021-04-04 17:41:28,047 - INFO - Writing overlap_45/SRPP5_TK/SRPP5_TK.plot.pdf
2021-04-04 17:41:28,047 - INFO - Writing overlap_45/SRPP5_TK/SRPP5_TK.plot.svg
2021-04-04 17:41:28,068 - INFO - Writing overlap_45/SRPP5_TK/SRPP5_TK.report.json
