2021-04-03 01:28:54,069 - INFO - Writing log to overlap_55/IPDPI2_TK/IPDPI2_TK.log
2021-04-03 01:28:54,078 - INFO - References:
 - IPDPI2_TK
2021-04-03 01:28:54,079 - INFO - Primary reference for coordinate system: IPDPI2_TK
2021-04-03 01:28:54,079 - INFO - Considering primers from all references
2021-04-03 01:29:00,246 - INFO - All done! Scheme created with 8 regions, 1 gap, 78.77% coverage
2021-04-03 01:29:00,247 - INFO - Writing overlap_55/IPDPI2_TK/IPDPI2_TK.primer.bed
2021-04-03 01:29:00,248 - INFO - Writing overlap_55/IPDPI2_TK/IPDPI2_TK.insert.bed
2021-04-03 01:29:00,248 - INFO - Writing overlap_55/IPDPI2_TK/IPDPI2_TK.primer.tsv
2021-04-03 01:29:00,249 - INFO - Writing overlap_55/IPDPI2_TK/IPDPI2_TK.reference.fasta
2021-04-03 01:29:00,255 - INFO - Writing overlap_55/IPDPI2_TK/IPDPI2_TK.plot.pdf
2021-04-03 01:29:00,255 - INFO - Writing overlap_55/IPDPI2_TK/IPDPI2_TK.plot.svg
2021-04-03 01:29:00,281 - INFO - Writing overlap_55/IPDPI2_TK/IPDPI2_TK.report.json
2021-04-04 18:05:43,885 - INFO - Writing log to overlap_55/IPDPI2_TK/IPDPI2_TK.log
2021-04-04 18:05:43,914 - INFO - References:
 - IPDPI2_TK
2021-04-04 18:05:43,914 - INFO - Primary reference for coordinate system: IPDPI2_TK
2021-04-04 18:05:43,914 - INFO - Considering primers from all references
2021-04-04 18:05:49,551 - INFO - All done! Scheme created with 8 regions, 1 gap, 78.77% coverage
2021-04-04 18:05:49,551 - INFO - Writing overlap_55/IPDPI2_TK/IPDPI2_TK.primer.bed
2021-04-04 18:05:49,554 - INFO - Writing overlap_55/IPDPI2_TK/IPDPI2_TK.insert.bed
2021-04-04 18:05:49,556 - INFO - Writing overlap_55/IPDPI2_TK/IPDPI2_TK.primer.tsv
2021-04-04 18:05:49,559 - INFO - Writing overlap_55/IPDPI2_TK/IPDPI2_TK.reference.fasta
2021-04-04 18:05:49,565 - INFO - Writing overlap_55/IPDPI2_TK/IPDPI2_TK.plot.pdf
2021-04-04 18:05:49,566 - INFO - Writing overlap_55/IPDPI2_TK/IPDPI2_TK.plot.svg
2021-04-04 18:05:49,591 - INFO - Writing overlap_55/IPDPI2_TK/IPDPI2_TK.report.json
