2021-04-03 00:46:28,676 - INFO - Writing log to overlap_45/1DDX5PR1_TK/1DDX5PR1_TK.log
2021-04-03 00:46:28,685 - INFO - References:
 - 1DDX5PR1_TK
2021-04-03 00:46:28,685 - INFO - Primary reference for coordinate system: 1DDX5PR1_TK
2021-04-03 00:46:28,685 - INFO - Considering primers from all references
2021-04-03 00:46:38,200 - INFO - All done! Scheme created with 12 regions, 2 gaps, 84.54% coverage
2021-04-03 00:46:38,200 - INFO - Writing overlap_45/1DDX5PR1_TK/1DDX5PR1_TK.primer.bed
2021-04-03 00:46:38,202 - INFO - Writing overlap_45/1DDX5PR1_TK/1DDX5PR1_TK.insert.bed
2021-04-03 00:46:38,203 - INFO - Writing overlap_45/1DDX5PR1_TK/1DDX5PR1_TK.primer.tsv
2021-04-03 00:46:38,204 - INFO - Writing overlap_45/1DDX5PR1_TK/1DDX5PR1_TK.reference.fasta
2021-04-03 00:46:38,212 - INFO - Writing overlap_45/1DDX5PR1_TK/1DDX5PR1_TK.plot.pdf
2021-04-03 00:46:38,212 - INFO - Writing overlap_45/1DDX5PR1_TK/1DDX5PR1_TK.plot.svg
2021-04-03 00:46:38,245 - INFO - Writing overlap_45/1DDX5PR1_TK/1DDX5PR1_TK.report.json
2021-04-04 17:27:25,518 - INFO - Writing log to overlap_45/1DDX5PR1_TK/1DDX5PR1_TK.log
2021-04-04 17:27:25,546 - INFO - References:
 - 1DDX5PR1_TK
2021-04-04 17:27:25,546 - INFO - Primary reference for coordinate system: 1DDX5PR1_TK
2021-04-04 17:27:25,546 - INFO - Considering primers from all references
2021-04-04 17:27:34,140 - INFO - All done! Scheme created with 12 regions, 2 gaps, 84.54% coverage
2021-04-04 17:27:34,140 - INFO - Writing overlap_45/1DDX5PR1_TK/1DDX5PR1_TK.primer.bed
2021-04-04 17:27:34,146 - INFO - Writing overlap_45/1DDX5PR1_TK/1DDX5PR1_TK.insert.bed
2021-04-04 17:27:34,152 - INFO - Writing overlap_45/1DDX5PR1_TK/1DDX5PR1_TK.primer.tsv
2021-04-04 17:27:34,156 - INFO - Writing overlap_45/1DDX5PR1_TK/1DDX5PR1_TK.reference.fasta
2021-04-04 17:27:34,167 - INFO - Writing overlap_45/1DDX5PR1_TK/1DDX5PR1_TK.plot.pdf
2021-04-04 17:27:34,167 - INFO - Writing overlap_45/1DDX5PR1_TK/1DDX5PR1_TK.plot.svg
2021-04-04 17:27:34,205 - INFO - Writing overlap_45/1DDX5PR1_TK/1DDX5PR1_TK.report.json
