2020-12-01 05:23:17,292 - INFO - Writing log to overlap_65/cluster_CPT_TK/cluster_CPT_TK.log
2020-12-01 05:23:17,298 - INFO - References:
 - CPT1_1_TK
 - CPT3_TK
2020-12-01 05:23:17,298 - INFO - Primary reference for coordinate system: CPT1_1_TK
2020-12-01 05:23:17,298 - INFO - Considering primers from all references
2020-12-01 05:23:17,301 - INFO - Excluding reference CPT3_TK: unable to align.
2020-12-01 05:23:17,684 - INFO - All done! Scheme created with 11 regions, 1 gap, 91.67% coverage
2020-12-01 05:23:17,684 - INFO - Writing overlap_65/cluster_CPT_TK/cluster_CPT_TK.primer.bed
2020-12-01 05:23:17,685 - INFO - Writing overlap_65/cluster_CPT_TK/cluster_CPT_TK.insert.bed
2020-12-01 05:23:17,686 - INFO - Writing overlap_65/cluster_CPT_TK/cluster_CPT_TK.primer.tsv
2020-12-01 05:23:17,691 - INFO - Writing overlap_65/cluster_CPT_TK/cluster_CPT_TK.reference.fasta
2020-12-01 05:23:17,697 - INFO - Writing overlap_65/cluster_CPT_TK/cluster_CPT_TK.plot.pdf
2020-12-01 05:23:17,697 - INFO - Writing overlap_65/cluster_CPT_TK/cluster_CPT_TK.plot.svg
2020-12-01 05:23:17,718 - INFO - Writing overlap_65/cluster_CPT_TK/cluster_CPT_TK.report.json
2021-04-03 01:58:32,667 - INFO - Writing log to overlap_65/cluster_CPT_TK/cluster_CPT_TK.log
2021-04-03 01:58:32,682 - INFO - References:
 - CPT1_1_TK
 - CPT3_TK
2021-04-03 01:58:32,683 - INFO - Primary reference for coordinate system: CPT1_1_TK
2021-04-03 01:58:32,683 - INFO - Considering primers from all references
2021-04-03 01:58:32,686 - INFO - Excluding reference CPT3_TK: unable to align.
2021-04-03 01:58:35,661 - INFO - All done! Scheme created with 4 regions, 1 gap, 57.98% coverage
2021-04-03 01:58:35,661 - INFO - Writing overlap_65/cluster_CPT_TK/cluster_CPT_TK.primer.bed
2021-04-03 01:58:35,666 - INFO - Writing overlap_65/cluster_CPT_TK/cluster_CPT_TK.insert.bed
2021-04-03 01:58:35,670 - INFO - Writing overlap_65/cluster_CPT_TK/cluster_CPT_TK.primer.tsv
2021-04-03 01:58:35,673 - INFO - Writing overlap_65/cluster_CPT_TK/cluster_CPT_TK.reference.fasta
2021-04-03 01:58:35,684 - INFO - Writing overlap_65/cluster_CPT_TK/cluster_CPT_TK.plot.pdf
2021-04-03 01:58:35,685 - INFO - Writing overlap_65/cluster_CPT_TK/cluster_CPT_TK.plot.svg
2021-04-03 01:58:35,749 - INFO - Writing overlap_65/cluster_CPT_TK/cluster_CPT_TK.report.json
2021-04-04 18:32:25,045 - INFO - Writing log to overlap_65/cluster_CPT_TK/cluster_CPT_TK.log
2021-04-04 18:32:25,063 - INFO - References:
 - CPT1_1_TK
 - CPT3_TK
2021-04-04 18:32:25,063 - INFO - Primary reference for coordinate system: CPT1_1_TK
2021-04-04 18:32:25,063 - INFO - Considering primers from all references
2021-04-04 18:32:25,066 - INFO - Excluding reference CPT3_TK: unable to align.
2021-04-04 18:32:27,801 - INFO - All done! Scheme created with 4 regions, 1 gap, 57.98% coverage
2021-04-04 18:32:27,801 - INFO - Writing overlap_65/cluster_CPT_TK/cluster_CPT_TK.primer.bed
2021-04-04 18:32:27,804 - INFO - Writing overlap_65/cluster_CPT_TK/cluster_CPT_TK.insert.bed
2021-04-04 18:32:27,807 - INFO - Writing overlap_65/cluster_CPT_TK/cluster_CPT_TK.primer.tsv
2021-04-04 18:32:27,809 - INFO - Writing overlap_65/cluster_CPT_TK/cluster_CPT_TK.reference.fasta
2021-04-04 18:32:27,815 - INFO - Writing overlap_65/cluster_CPT_TK/cluster_CPT_TK.plot.pdf
2021-04-04 18:32:27,815 - INFO - Writing overlap_65/cluster_CPT_TK/cluster_CPT_TK.plot.svg
2021-04-04 18:32:27,855 - INFO - Writing overlap_65/cluster_CPT_TK/cluster_CPT_TK.report.json
