2020-12-01 05:23:06,745 - INFO - Writing log to overlap_65/IPPK_TK/IPPK_TK.log
2020-12-01 05:23:06,756 - INFO - References:
 - IPPK_TK
2020-12-01 05:23:06,757 - INFO - Primary reference for coordinate system: IPPK_TK
2020-12-01 05:23:06,757 - INFO - Considering primers from all references
2020-12-01 05:23:07,202 - INFO - All done! Scheme created with 9 regions, 2 gaps, 77.72% coverage
2020-12-01 05:23:07,202 - INFO - Writing overlap_65/IPPK_TK/IPPK_TK.primer.bed
2020-12-01 05:23:07,203 - INFO - Writing overlap_65/IPPK_TK/IPPK_TK.insert.bed
2020-12-01 05:23:07,203 - INFO - Writing overlap_65/IPPK_TK/IPPK_TK.primer.tsv
2020-12-01 05:23:07,204 - INFO - Writing overlap_65/IPPK_TK/IPPK_TK.reference.fasta
2020-12-01 05:23:07,208 - INFO - Writing overlap_65/IPPK_TK/IPPK_TK.plot.pdf
2020-12-01 05:23:07,209 - INFO - Writing overlap_65/IPPK_TK/IPPK_TK.plot.svg
2020-12-01 05:23:07,234 - INFO - Writing overlap_65/IPPK_TK/IPPK_TK.report.json
2021-04-03 02:02:15,749 - INFO - Writing log to overlap_65/IPPK_TK/IPPK_TK.log
2021-04-03 02:02:15,775 - INFO - References:
 - IPPK_TK
2021-04-03 02:02:15,775 - INFO - Primary reference for coordinate system: IPPK_TK
2021-04-03 02:02:15,775 - INFO - Considering primers from all references
2021-04-03 02:02:18,674 - INFO - All done! Scheme created with 4 regions, 0 gaps, 68.6% coverage
2021-04-03 02:02:18,674 - INFO - Writing overlap_65/IPPK_TK/IPPK_TK.primer.bed
2021-04-03 02:02:18,679 - INFO - Writing overlap_65/IPPK_TK/IPPK_TK.insert.bed
2021-04-03 02:02:18,684 - INFO - Writing overlap_65/IPPK_TK/IPPK_TK.primer.tsv
2021-04-03 02:02:18,688 - INFO - Writing overlap_65/IPPK_TK/IPPK_TK.reference.fasta
2021-04-03 02:02:18,697 - INFO - Writing overlap_65/IPPK_TK/IPPK_TK.plot.pdf
2021-04-03 02:02:18,697 - INFO - Writing overlap_65/IPPK_TK/IPPK_TK.plot.svg
2021-04-03 02:02:18,759 - INFO - Writing overlap_65/IPPK_TK/IPPK_TK.report.json
2021-04-04 18:35:48,964 - INFO - Writing log to overlap_65/IPPK_TK/IPPK_TK.log
2021-04-04 18:35:48,985 - INFO - References:
 - IPPK_TK
2021-04-04 18:35:48,985 - INFO - Primary reference for coordinate system: IPPK_TK
2021-04-04 18:35:48,985 - INFO - Considering primers from all references
2021-04-04 18:35:51,662 - INFO - All done! Scheme created with 4 regions, 0 gaps, 68.6% coverage
2021-04-04 18:35:51,662 - INFO - Writing overlap_65/IPPK_TK/IPPK_TK.primer.bed
2021-04-04 18:35:51,665 - INFO - Writing overlap_65/IPPK_TK/IPPK_TK.insert.bed
2021-04-04 18:35:51,668 - INFO - Writing overlap_65/IPPK_TK/IPPK_TK.primer.tsv
2021-04-04 18:35:51,670 - INFO - Writing overlap_65/IPPK_TK/IPPK_TK.reference.fasta
2021-04-04 18:35:51,676 - INFO - Writing overlap_65/IPPK_TK/IPPK_TK.plot.pdf
2021-04-04 18:35:51,676 - INFO - Writing overlap_65/IPPK_TK/IPPK_TK.plot.svg
2021-04-04 18:35:51,717 - INFO - Writing overlap_65/IPPK_TK/IPPK_TK.report.json
