2021-04-03 11:18:26,987 - INFO - Writing log to overlap_75/PK1_TK/PK1_TK.log
2021-04-03 11:18:27,006 - INFO - References:
 - PK1_TK
2021-04-03 11:18:27,006 - INFO - Primary reference for coordinate system: PK1_TK
2021-04-03 11:18:27,006 - INFO - Considering primers from all references
2021-04-03 11:18:29,444 - INFO - All done! Scheme created with 4 regions, 1 gap, 50.27% coverage
2021-04-03 11:18:29,444 - INFO - Writing overlap_75/PK1_TK/PK1_TK.primer.bed
2021-04-03 11:18:29,445 - INFO - Writing overlap_75/PK1_TK/PK1_TK.insert.bed
2021-04-03 11:18:29,445 - INFO - Writing overlap_75/PK1_TK/PK1_TK.primer.tsv
2021-04-03 11:18:29,446 - INFO - Writing overlap_75/PK1_TK/PK1_TK.reference.fasta
2021-04-03 11:18:29,449 - INFO - Writing overlap_75/PK1_TK/PK1_TK.plot.pdf
2021-04-03 11:18:29,450 - INFO - Writing overlap_75/PK1_TK/PK1_TK.plot.svg
2021-04-03 11:18:29,480 - INFO - Writing overlap_75/PK1_TK/PK1_TK.report.json
2021-04-04 19:08:45,916 - INFO - Writing log to overlap_75/PK1_TK/PK1_TK.log
2021-04-04 19:08:45,948 - INFO - References:
 - PK1_TK
2021-04-04 19:08:45,948 - INFO - Primary reference for coordinate system: PK1_TK
2021-04-04 19:08:45,948 - INFO - Considering primers from all references
2021-04-04 19:08:48,734 - INFO - All done! Scheme created with 4 regions, 1 gap, 50.27% coverage
2021-04-04 19:08:48,734 - INFO - Writing overlap_75/PK1_TK/PK1_TK.primer.bed
2021-04-04 19:08:48,739 - INFO - Writing overlap_75/PK1_TK/PK1_TK.insert.bed
2021-04-04 19:08:48,743 - INFO - Writing overlap_75/PK1_TK/PK1_TK.primer.tsv
2021-04-04 19:08:48,746 - INFO - Writing overlap_75/PK1_TK/PK1_TK.reference.fasta
2021-04-04 19:08:48,753 - INFO - Writing overlap_75/PK1_TK/PK1_TK.plot.pdf
2021-04-04 19:08:48,753 - INFO - Writing overlap_75/PK1_TK/PK1_TK.plot.svg
2021-04-04 19:08:48,794 - INFO - Writing overlap_75/PK1_TK/PK1_TK.report.json
