2021-04-02 20:40:09,428 - INFO - Writing log to overlap_70/3H3MCR1_TK/3H3MCR1_TK.log
2021-04-02 20:40:09,453 - INFO - References:
 - 3H3MCR1_TK
2021-04-02 20:40:09,453 - INFO - Primary reference for coordinate system: 3H3MCR1_TK
2021-04-02 20:40:09,453 - INFO - Considering primers from all references
2021-04-02 20:40:14,204 - INFO - All done! Scheme created with 8 regions, 1 gap, 83.29% coverage
2021-04-02 20:40:14,205 - INFO - Writing overlap_70/3H3MCR1_TK/3H3MCR1_TK.primer.bed
2021-04-02 20:40:14,206 - INFO - Writing overlap_70/3H3MCR1_TK/3H3MCR1_TK.insert.bed
2021-04-02 20:40:14,206 - INFO - Writing overlap_70/3H3MCR1_TK/3H3MCR1_TK.primer.tsv
2021-04-02 20:40:14,207 - INFO - Writing overlap_70/3H3MCR1_TK/3H3MCR1_TK.reference.fasta
2021-04-02 20:40:14,212 - INFO - Writing overlap_70/3H3MCR1_TK/3H3MCR1_TK.plot.pdf
2021-04-02 20:40:14,212 - INFO - Writing overlap_70/3H3MCR1_TK/3H3MCR1_TK.plot.svg
2021-04-02 20:40:14,232 - INFO - Writing overlap_70/3H3MCR1_TK/3H3MCR1_TK.report.json
2021-04-03 02:11:34,798 - INFO - Writing log to overlap_70/3H3MCR1_TK/3H3MCR1_TK.log
2021-04-03 02:11:34,821 - INFO - References:
 - 3H3MCR1_TK
2021-04-03 02:11:34,821 - INFO - Primary reference for coordinate system: 3H3MCR1_TK
2021-04-03 02:11:34,821 - INFO - Considering primers from all references
2021-04-03 02:11:40,762 - INFO - All done! Scheme created with 8 regions, 1 gap, 83.29% coverage
2021-04-03 02:11:40,762 - INFO - Writing overlap_70/3H3MCR1_TK/3H3MCR1_TK.primer.bed
2021-04-03 02:11:40,766 - INFO - Writing overlap_70/3H3MCR1_TK/3H3MCR1_TK.insert.bed
2021-04-03 02:11:40,770 - INFO - Writing overlap_70/3H3MCR1_TK/3H3MCR1_TK.primer.tsv
2021-04-03 02:11:40,772 - INFO - Writing overlap_70/3H3MCR1_TK/3H3MCR1_TK.reference.fasta
2021-04-03 02:11:40,781 - INFO - Writing overlap_70/3H3MCR1_TK/3H3MCR1_TK.plot.pdf
2021-04-03 02:11:40,782 - INFO - Writing overlap_70/3H3MCR1_TK/3H3MCR1_TK.plot.svg
2021-04-03 02:11:40,813 - INFO - Writing overlap_70/3H3MCR1_TK/3H3MCR1_TK.report.json
2021-04-04 18:44:18,118 - INFO - Writing log to overlap_70/3H3MCR1_TK/3H3MCR1_TK.log
2021-04-04 18:44:18,146 - INFO - References:
 - 3H3MCR1_TK
2021-04-04 18:44:18,146 - INFO - Primary reference for coordinate system: 3H3MCR1_TK
2021-04-04 18:44:18,146 - INFO - Considering primers from all references
2021-04-04 18:44:23,696 - INFO - All done! Scheme created with 8 regions, 1 gap, 83.29% coverage
2021-04-04 18:44:23,697 - INFO - Writing overlap_70/3H3MCR1_TK/3H3MCR1_TK.primer.bed
2021-04-04 18:44:23,700 - INFO - Writing overlap_70/3H3MCR1_TK/3H3MCR1_TK.insert.bed
2021-04-04 18:44:23,702 - INFO - Writing overlap_70/3H3MCR1_TK/3H3MCR1_TK.primer.tsv
2021-04-04 18:44:23,705 - INFO - Writing overlap_70/3H3MCR1_TK/3H3MCR1_TK.reference.fasta
2021-04-04 18:44:23,712 - INFO - Writing overlap_70/3H3MCR1_TK/3H3MCR1_TK.plot.pdf
2021-04-04 18:44:23,712 - INFO - Writing overlap_70/3H3MCR1_TK/3H3MCR1_TK.plot.svg
2021-04-04 18:44:23,739 - INFO - Writing overlap_70/3H3MCR1_TK/3H3MCR1_TK.report.json
