2021-04-03 02:04:08,252 - INFO - Writing log to overlap_65/OC4_TK/OC4_TK.log
2021-04-03 02:04:08,260 - INFO - References:
 - OC4_TK
2021-04-03 02:04:08,260 - INFO - Primary reference for coordinate system: OC4_TK
2021-04-03 02:04:08,260 - INFO - Considering primers from all references
2021-04-03 02:04:23,909 - INFO - All done! Scheme created with 19 regions, 4 gaps, 89.39% coverage
2021-04-03 02:04:23,909 - INFO - Writing overlap_65/OC4_TK/OC4_TK.primer.bed
2021-04-03 02:04:23,911 - INFO - Writing overlap_65/OC4_TK/OC4_TK.insert.bed
2021-04-03 02:04:23,912 - INFO - Writing overlap_65/OC4_TK/OC4_TK.primer.tsv
2021-04-03 02:04:23,913 - INFO - Writing overlap_65/OC4_TK/OC4_TK.reference.fasta
2021-04-03 02:04:23,925 - INFO - Writing overlap_65/OC4_TK/OC4_TK.plot.pdf
2021-04-03 02:04:23,926 - INFO - Writing overlap_65/OC4_TK/OC4_TK.plot.svg
2021-04-03 02:04:23,974 - INFO - Writing overlap_65/OC4_TK/OC4_TK.report.json
2021-04-04 18:37:31,619 - INFO - Writing log to overlap_65/OC4_TK/OC4_TK.log
2021-04-04 18:37:31,643 - INFO - References:
 - OC4_TK
2021-04-04 18:37:31,643 - INFO - Primary reference for coordinate system: OC4_TK
2021-04-04 18:37:31,643 - INFO - Considering primers from all references
2021-04-04 18:37:45,844 - INFO - All done! Scheme created with 19 regions, 4 gaps, 89.39% coverage
2021-04-04 18:37:45,844 - INFO - Writing overlap_65/OC4_TK/OC4_TK.primer.bed
2021-04-04 18:37:45,847 - INFO - Writing overlap_65/OC4_TK/OC4_TK.insert.bed
2021-04-04 18:37:45,849 - INFO - Writing overlap_65/OC4_TK/OC4_TK.primer.tsv
2021-04-04 18:37:45,852 - INFO - Writing overlap_65/OC4_TK/OC4_TK.reference.fasta
2021-04-04 18:37:45,866 - INFO - Writing overlap_65/OC4_TK/OC4_TK.plot.pdf
2021-04-04 18:37:45,866 - INFO - Writing overlap_65/OC4_TK/OC4_TK.plot.svg
2021-04-04 18:37:45,920 - INFO - Writing overlap_65/OC4_TK/OC4_TK.report.json
