2020-12-01 05:22:19,247 - INFO - Writing log to overlap_60/REF_TK/REF_TK.log
2020-12-01 05:22:19,252 - INFO - References:
 - REF_TK
2020-12-01 05:22:19,253 - INFO - Primary reference for coordinate system: REF_TK
2020-12-01 05:22:19,253 - INFO - Considering primers from all references
2020-12-01 05:22:20,005 - INFO - All done! Scheme created with 13 regions, 3 gaps, 81.56% coverage
2020-12-01 05:22:20,005 - INFO - Writing overlap_60/REF_TK/REF_TK.primer.bed
2020-12-01 05:22:20,006 - INFO - Writing overlap_60/REF_TK/REF_TK.insert.bed
2020-12-01 05:22:20,007 - INFO - Writing overlap_60/REF_TK/REF_TK.primer.tsv
2020-12-01 05:22:20,008 - INFO - Writing overlap_60/REF_TK/REF_TK.reference.fasta
2020-12-01 05:22:20,014 - INFO - Writing overlap_60/REF_TK/REF_TK.plot.pdf
2020-12-01 05:22:20,014 - INFO - Writing overlap_60/REF_TK/REF_TK.plot.svg
2020-12-01 05:22:20,038 - INFO - Writing overlap_60/REF_TK/REF_TK.report.json
2021-04-03 01:50:25,873 - INFO - Writing log to overlap_60/REF_TK/REF_TK.log
2021-04-03 01:50:25,910 - INFO - References:
 - REF_TK
2021-04-03 01:50:25,910 - INFO - Primary reference for coordinate system: REF_TK
2021-04-03 01:50:25,910 - INFO - Considering primers from all references
2021-04-03 01:50:30,427 - INFO - All done! Scheme created with 6 regions, 1 gap, 73.54% coverage
2021-04-03 01:50:30,427 - INFO - Writing overlap_60/REF_TK/REF_TK.primer.bed
2021-04-03 01:50:30,431 - INFO - Writing overlap_60/REF_TK/REF_TK.insert.bed
2021-04-03 01:50:30,435 - INFO - Writing overlap_60/REF_TK/REF_TK.primer.tsv
2021-04-03 01:50:30,438 - INFO - Writing overlap_60/REF_TK/REF_TK.reference.fasta
2021-04-03 01:50:30,446 - INFO - Writing overlap_60/REF_TK/REF_TK.plot.pdf
2021-04-03 01:50:30,447 - INFO - Writing overlap_60/REF_TK/REF_TK.plot.svg
2021-04-03 01:50:30,475 - INFO - Writing overlap_60/REF_TK/REF_TK.report.json
2021-04-04 18:25:02,436 - INFO - Writing log to overlap_60/REF_TK/REF_TK.log
2021-04-04 18:25:02,482 - INFO - References:
 - REF_TK
2021-04-04 18:25:02,482 - INFO - Primary reference for coordinate system: REF_TK
2021-04-04 18:25:02,482 - INFO - Considering primers from all references
2021-04-04 18:25:06,587 - INFO - All done! Scheme created with 6 regions, 1 gap, 73.54% coverage
2021-04-04 18:25:06,588 - INFO - Writing overlap_60/REF_TK/REF_TK.primer.bed
2021-04-04 18:25:06,591 - INFO - Writing overlap_60/REF_TK/REF_TK.insert.bed
2021-04-04 18:25:06,593 - INFO - Writing overlap_60/REF_TK/REF_TK.primer.tsv
2021-04-04 18:25:06,596 - INFO - Writing overlap_60/REF_TK/REF_TK.reference.fasta
2021-04-04 18:25:06,603 - INFO - Writing overlap_60/REF_TK/REF_TK.plot.pdf
2021-04-04 18:25:06,603 - INFO - Writing overlap_60/REF_TK/REF_TK.plot.svg
2021-04-04 18:25:06,628 - INFO - Writing overlap_60/REF_TK/REF_TK.report.json
