2021-04-03 11:11:13,344 - INFO - Writing log to overlap_75/ACC3_TK/ACC3_TK.log
2021-04-03 11:11:13,357 - INFO - References:
 - ACC3_TK
2021-04-03 11:11:13,357 - INFO - Primary reference for coordinate system: ACC3_TK
2021-04-03 11:11:13,357 - INFO - Considering primers from all references
2021-04-03 11:11:26,026 - INFO - All done! Scheme created with 19 regions, 6 gaps, 88.41% coverage
2021-04-03 11:11:26,026 - INFO - Writing overlap_75/ACC3_TK/ACC3_TK.primer.bed
2021-04-03 11:11:26,027 - INFO - Writing overlap_75/ACC3_TK/ACC3_TK.insert.bed
2021-04-03 11:11:26,027 - INFO - Writing overlap_75/ACC3_TK/ACC3_TK.primer.tsv
2021-04-03 11:11:26,028 - INFO - Writing overlap_75/ACC3_TK/ACC3_TK.reference.fasta
2021-04-03 11:11:26,037 - INFO - Writing overlap_75/ACC3_TK/ACC3_TK.plot.pdf
2021-04-03 11:11:26,037 - INFO - Writing overlap_75/ACC3_TK/ACC3_TK.plot.svg
2021-04-03 11:11:26,073 - INFO - Writing overlap_75/ACC3_TK/ACC3_TK.report.json
2021-04-04 19:00:42,222 - INFO - Writing log to overlap_75/ACC3_TK/ACC3_TK.log
2021-04-04 19:00:42,242 - INFO - References:
 - ACC3_TK
2021-04-04 19:00:42,242 - INFO - Primary reference for coordinate system: ACC3_TK
2021-04-04 19:00:42,242 - INFO - Considering primers from all references
2021-04-04 19:00:56,408 - INFO - All done! Scheme created with 19 regions, 6 gaps, 88.41% coverage
2021-04-04 19:00:56,408 - INFO - Writing overlap_75/ACC3_TK/ACC3_TK.primer.bed
2021-04-04 19:00:56,413 - INFO - Writing overlap_75/ACC3_TK/ACC3_TK.insert.bed
2021-04-04 19:00:56,418 - INFO - Writing overlap_75/ACC3_TK/ACC3_TK.primer.tsv
2021-04-04 19:00:56,422 - INFO - Writing overlap_75/ACC3_TK/ACC3_TK.reference.fasta
2021-04-04 19:00:56,436 - INFO - Writing overlap_75/ACC3_TK/ACC3_TK.plot.pdf
2021-04-04 19:00:56,436 - INFO - Writing overlap_75/ACC3_TK/ACC3_TK.plot.svg
2021-04-04 19:00:56,483 - INFO - Writing overlap_75/ACC3_TK/ACC3_TK.report.json
