2021-04-03 01:52:23,564 - INFO - Writing log to overlap_60/SRRP2_TK/SRRP2_TK.log
2021-04-03 01:52:23,582 - INFO - References:
 - SRRP2_TK
2021-04-03 01:52:23,582 - INFO - Primary reference for coordinate system: SRRP2_TK
2021-04-03 01:52:23,582 - INFO - Considering primers from all references
2021-04-03 01:52:28,137 - INFO - All done! Scheme created with 6 regions, 2 gaps, 77.49% coverage
2021-04-03 01:52:28,137 - INFO - Writing overlap_60/SRRP2_TK/SRRP2_TK.primer.bed
2021-04-03 01:52:28,138 - INFO - Writing overlap_60/SRRP2_TK/SRRP2_TK.insert.bed
2021-04-03 01:52:28,139 - INFO - Writing overlap_60/SRRP2_TK/SRRP2_TK.primer.tsv
2021-04-03 01:52:28,140 - INFO - Writing overlap_60/SRRP2_TK/SRRP2_TK.reference.fasta
2021-04-03 01:52:28,145 - INFO - Writing overlap_60/SRRP2_TK/SRRP2_TK.plot.pdf
2021-04-03 01:52:28,145 - INFO - Writing overlap_60/SRRP2_TK/SRRP2_TK.plot.svg
2021-04-03 01:52:28,168 - INFO - Writing overlap_60/SRRP2_TK/SRRP2_TK.report.json
2021-04-04 18:26:48,841 - INFO - Writing log to overlap_60/SRRP2_TK/SRRP2_TK.log
2021-04-04 18:26:48,874 - INFO - References:
 - SRRP2_TK
2021-04-04 18:26:48,874 - INFO - Primary reference for coordinate system: SRRP2_TK
2021-04-04 18:26:48,874 - INFO - Considering primers from all references
2021-04-04 18:26:53,040 - INFO - All done! Scheme created with 6 regions, 2 gaps, 77.49% coverage
2021-04-04 18:26:53,040 - INFO - Writing overlap_60/SRRP2_TK/SRRP2_TK.primer.bed
2021-04-04 18:26:53,043 - INFO - Writing overlap_60/SRRP2_TK/SRRP2_TK.insert.bed
2021-04-04 18:26:53,046 - INFO - Writing overlap_60/SRRP2_TK/SRRP2_TK.primer.tsv
2021-04-04 18:26:53,048 - INFO - Writing overlap_60/SRRP2_TK/SRRP2_TK.reference.fasta
2021-04-04 18:26:53,054 - INFO - Writing overlap_60/SRRP2_TK/SRRP2_TK.plot.pdf
2021-04-04 18:26:53,055 - INFO - Writing overlap_60/SRRP2_TK/SRRP2_TK.plot.svg
2021-04-04 18:26:53,078 - INFO - Writing overlap_60/SRRP2_TK/SRRP2_TK.report.json
