2021-04-03 02:01:57,457 - INFO - Writing log to overlap_65/GGDPS2_TK/GGDPS2_TK.log
2021-04-03 02:01:57,465 - INFO - References:
 - GGDPS2_TK
2021-04-03 02:01:57,465 - INFO - Primary reference for coordinate system: GGDPS2_TK
2021-04-03 02:01:57,465 - INFO - Considering primers from all references
2021-04-03 02:02:01,971 - INFO - All done! Scheme created with 6 regions, 1 gap, 71.37% coverage
2021-04-03 02:02:01,971 - INFO - Writing overlap_65/GGDPS2_TK/GGDPS2_TK.primer.bed
2021-04-03 02:02:01,973 - INFO - Writing overlap_65/GGDPS2_TK/GGDPS2_TK.insert.bed
2021-04-03 02:02:01,974 - INFO - Writing overlap_65/GGDPS2_TK/GGDPS2_TK.primer.tsv
2021-04-03 02:02:01,975 - INFO - Writing overlap_65/GGDPS2_TK/GGDPS2_TK.reference.fasta
2021-04-03 02:02:01,981 - INFO - Writing overlap_65/GGDPS2_TK/GGDPS2_TK.plot.pdf
2021-04-03 02:02:01,981 - INFO - Writing overlap_65/GGDPS2_TK/GGDPS2_TK.plot.svg
2021-04-03 02:02:02,005 - INFO - Writing overlap_65/GGDPS2_TK/GGDPS2_TK.report.json
2021-04-04 18:35:32,282 - INFO - Writing log to overlap_65/GGDPS2_TK/GGDPS2_TK.log
2021-04-04 18:35:32,295 - INFO - References:
 - GGDPS2_TK
2021-04-04 18:35:32,295 - INFO - Primary reference for coordinate system: GGDPS2_TK
2021-04-04 18:35:32,295 - INFO - Considering primers from all references
2021-04-04 18:35:36,450 - INFO - All done! Scheme created with 6 regions, 1 gap, 71.37% coverage
2021-04-04 18:35:36,450 - INFO - Writing overlap_65/GGDPS2_TK/GGDPS2_TK.primer.bed
2021-04-04 18:35:36,453 - INFO - Writing overlap_65/GGDPS2_TK/GGDPS2_TK.insert.bed
2021-04-04 18:35:36,456 - INFO - Writing overlap_65/GGDPS2_TK/GGDPS2_TK.primer.tsv
2021-04-04 18:35:36,458 - INFO - Writing overlap_65/GGDPS2_TK/GGDPS2_TK.reference.fasta
2021-04-04 18:35:36,465 - INFO - Writing overlap_65/GGDPS2_TK/GGDPS2_TK.plot.pdf
2021-04-04 18:35:36,465 - INFO - Writing overlap_65/GGDPS2_TK/GGDPS2_TK.plot.svg
2021-04-04 18:35:36,490 - INFO - Writing overlap_65/GGDPS2_TK/GGDPS2_TK.report.json
