2021-04-03 11:33:46,356 - INFO - Writing log to overlap_80/SQE4_TK/SQE4_TK.log
2021-04-03 11:33:46,362 - INFO - References:
 - SQE4_TK
2021-04-03 11:33:46,362 - INFO - Primary reference for coordinate system: SQE4_TK
2021-04-03 11:33:46,362 - INFO - Considering primers from all references
2021-04-03 11:33:54,146 - INFO - All done! Scheme created with 12 regions, 5 gaps, 74.97% coverage
2021-04-03 11:33:54,146 - INFO - Writing overlap_80/SQE4_TK/SQE4_TK.primer.bed
2021-04-03 11:33:54,147 - INFO - Writing overlap_80/SQE4_TK/SQE4_TK.insert.bed
2021-04-03 11:33:54,148 - INFO - Writing overlap_80/SQE4_TK/SQE4_TK.primer.tsv
2021-04-03 11:33:54,148 - INFO - Writing overlap_80/SQE4_TK/SQE4_TK.reference.fasta
2021-04-03 11:33:54,155 - INFO - Writing overlap_80/SQE4_TK/SQE4_TK.plot.pdf
2021-04-03 11:33:54,155 - INFO - Writing overlap_80/SQE4_TK/SQE4_TK.plot.svg
2021-04-03 11:33:54,181 - INFO - Writing overlap_80/SQE4_TK/SQE4_TK.report.json
2021-04-04 19:25:47,335 - INFO - Writing log to overlap_80/SQE4_TK/SQE4_TK.log
2021-04-04 19:25:47,348 - INFO - References:
 - SQE4_TK
2021-04-04 19:25:47,348 - INFO - Primary reference for coordinate system: SQE4_TK
2021-04-04 19:25:47,348 - INFO - Considering primers from all references
2021-04-04 19:25:55,955 - INFO - All done! Scheme created with 12 regions, 5 gaps, 74.97% coverage
2021-04-04 19:25:55,955 - INFO - Writing overlap_80/SQE4_TK/SQE4_TK.primer.bed
2021-04-04 19:25:55,958 - INFO - Writing overlap_80/SQE4_TK/SQE4_TK.insert.bed
2021-04-04 19:25:55,960 - INFO - Writing overlap_80/SQE4_TK/SQE4_TK.primer.tsv
2021-04-04 19:25:55,963 - INFO - Writing overlap_80/SQE4_TK/SQE4_TK.reference.fasta
2021-04-04 19:25:55,972 - INFO - Writing overlap_80/SQE4_TK/SQE4_TK.plot.pdf
2021-04-04 19:25:55,972 - INFO - Writing overlap_80/SQE4_TK/SQE4_TK.plot.svg
2021-04-04 19:25:56,005 - INFO - Writing overlap_80/SQE4_TK/SQE4_TK.report.json
