2020-12-01 05:21:46,591 - INFO - Writing log to overlap_60/2cMDE4PCT1_TK/2cMDE4PCT1_TK.log
2020-12-01 05:21:46,596 - INFO - References:
 - 2cMDE4PCT1_TK
2020-12-01 05:21:46,596 - INFO - Primary reference for coordinate system: 2cMDE4PCT1_TK
2020-12-01 05:21:46,596 - INFO - Considering primers from all references
2020-12-01 05:21:48,137 - INFO - All done! Scheme created with 16 regions, 7 gaps, 65.84% coverage
2020-12-01 05:21:48,138 - INFO - Writing overlap_60/2cMDE4PCT1_TK/2cMDE4PCT1_TK.primer.bed
2020-12-01 05:21:48,140 - INFO - Writing overlap_60/2cMDE4PCT1_TK/2cMDE4PCT1_TK.insert.bed
2020-12-01 05:21:48,141 - INFO - Writing overlap_60/2cMDE4PCT1_TK/2cMDE4PCT1_TK.primer.tsv
2020-12-01 05:21:48,142 - INFO - Writing overlap_60/2cMDE4PCT1_TK/2cMDE4PCT1_TK.reference.fasta
2020-12-01 05:21:48,151 - INFO - Writing overlap_60/2cMDE4PCT1_TK/2cMDE4PCT1_TK.plot.pdf
2020-12-01 05:21:48,151 - INFO - Writing overlap_60/2cMDE4PCT1_TK/2cMDE4PCT1_TK.plot.svg
2020-12-01 05:21:48,182 - INFO - Writing overlap_60/2cMDE4PCT1_TK/2cMDE4PCT1_TK.report.json
2021-04-03 01:38:11,739 - INFO - Writing log to overlap_60/2cMDE4PCT1_TK/2cMDE4PCT1_TK.log
2021-04-03 01:38:11,760 - INFO - References:
 - 2cMDE4PCT1_TK
2021-04-03 01:38:11,760 - INFO - Primary reference for coordinate system: 2cMDE4PCT1_TK
2021-04-03 01:38:11,760 - INFO - Considering primers from all references
2021-04-03 01:38:23,142 - INFO - All done! Scheme created with 11 regions, 1 gap, 85.13% coverage
2021-04-03 01:38:23,142 - INFO - Writing overlap_60/2cMDE4PCT1_TK/2cMDE4PCT1_TK.primer.bed
2021-04-03 01:38:23,147 - INFO - Writing overlap_60/2cMDE4PCT1_TK/2cMDE4PCT1_TK.insert.bed
2021-04-03 01:38:23,151 - INFO - Writing overlap_60/2cMDE4PCT1_TK/2cMDE4PCT1_TK.primer.tsv
2021-04-03 01:38:23,154 - INFO - Writing overlap_60/2cMDE4PCT1_TK/2cMDE4PCT1_TK.reference.fasta
2021-04-03 01:38:23,165 - INFO - Writing overlap_60/2cMDE4PCT1_TK/2cMDE4PCT1_TK.plot.pdf
2021-04-03 01:38:23,165 - INFO - Writing overlap_60/2cMDE4PCT1_TK/2cMDE4PCT1_TK.plot.svg
2021-04-03 01:38:23,203 - INFO - Writing overlap_60/2cMDE4PCT1_TK/2cMDE4PCT1_TK.report.json
2021-04-04 18:14:05,377 - INFO - Writing log to overlap_60/2cMDE4PCT1_TK/2cMDE4PCT1_TK.log
2021-04-04 18:14:05,413 - INFO - References:
 - 2cMDE4PCT1_TK
2021-04-04 18:14:05,413 - INFO - Primary reference for coordinate system: 2cMDE4PCT1_TK
2021-04-04 18:14:05,413 - INFO - Considering primers from all references
2021-04-04 18:14:15,739 - INFO - All done! Scheme created with 11 regions, 1 gap, 85.13% coverage
2021-04-04 18:14:15,739 - INFO - Writing overlap_60/2cMDE4PCT1_TK/2cMDE4PCT1_TK.primer.bed
2021-04-04 18:14:15,742 - INFO - Writing overlap_60/2cMDE4PCT1_TK/2cMDE4PCT1_TK.insert.bed
2021-04-04 18:14:15,744 - INFO - Writing overlap_60/2cMDE4PCT1_TK/2cMDE4PCT1_TK.primer.tsv
2021-04-04 18:14:15,747 - INFO - Writing overlap_60/2cMDE4PCT1_TK/2cMDE4PCT1_TK.reference.fasta
2021-04-04 18:14:15,755 - INFO - Writing overlap_60/2cMDE4PCT1_TK/2cMDE4PCT1_TK.plot.pdf
2021-04-04 18:14:15,755 - INFO - Writing overlap_60/2cMDE4PCT1_TK/2cMDE4PCT1_TK.plot.svg
2021-04-04 18:14:15,785 - INFO - Writing overlap_60/2cMDE4PCT1_TK/2cMDE4PCT1_TK.report.json
