2021-04-03 01:24:48,619 - INFO - Writing log to overlap_55/CCT1_TK/CCT1_TK.log
2021-04-03 01:24:48,628 - INFO - References:
 - CCT1_TK
2021-04-03 01:24:48,628 - INFO - Primary reference for coordinate system: CCT1_TK
2021-04-03 01:24:48,628 - INFO - Considering primers from all references
2021-04-03 01:24:51,660 - INFO - All done! Scheme created with 4 regions, 1 gap, 68.13% coverage
2021-04-03 01:24:51,660 - INFO - Writing overlap_55/CCT1_TK/CCT1_TK.primer.bed
2021-04-03 01:24:51,661 - INFO - Writing overlap_55/CCT1_TK/CCT1_TK.insert.bed
2021-04-03 01:24:51,662 - INFO - Writing overlap_55/CCT1_TK/CCT1_TK.primer.tsv
2021-04-03 01:24:51,663 - INFO - Writing overlap_55/CCT1_TK/CCT1_TK.reference.fasta
2021-04-03 01:24:51,667 - INFO - Writing overlap_55/CCT1_TK/CCT1_TK.plot.pdf
2021-04-03 01:24:51,667 - INFO - Writing overlap_55/CCT1_TK/CCT1_TK.plot.svg
2021-04-03 01:24:51,722 - INFO - Writing overlap_55/CCT1_TK/CCT1_TK.report.json
2021-04-04 18:02:05,538 - INFO - Writing log to overlap_55/CCT1_TK/CCT1_TK.log
2021-04-04 18:02:05,555 - INFO - References:
 - CCT1_TK
2021-04-04 18:02:05,555 - INFO - Primary reference for coordinate system: CCT1_TK
2021-04-04 18:02:05,555 - INFO - Considering primers from all references
2021-04-04 18:02:08,315 - INFO - All done! Scheme created with 4 regions, 1 gap, 68.13% coverage
2021-04-04 18:02:08,315 - INFO - Writing overlap_55/CCT1_TK/CCT1_TK.primer.bed
2021-04-04 18:02:08,318 - INFO - Writing overlap_55/CCT1_TK/CCT1_TK.insert.bed
2021-04-04 18:02:08,321 - INFO - Writing overlap_55/CCT1_TK/CCT1_TK.primer.tsv
2021-04-04 18:02:08,323 - INFO - Writing overlap_55/CCT1_TK/CCT1_TK.reference.fasta
2021-04-04 18:02:08,329 - INFO - Writing overlap_55/CCT1_TK/CCT1_TK.plot.pdf
2021-04-04 18:02:08,329 - INFO - Writing overlap_55/CCT1_TK/CCT1_TK.plot.svg
2021-04-04 18:02:08,369 - INFO - Writing overlap_55/CCT1_TK/CCT1_TK.report.json
