2021-04-03 11:37:04,341 - INFO - Writing log to overlap_85/3H3MCR4_TK/3H3MCR4_TK.log
2021-04-03 11:37:04,347 - INFO - References:
 - 3H3MCR4_TK
2021-04-03 11:37:04,347 - INFO - Primary reference for coordinate system: 3H3MCR4_TK
2021-04-03 11:37:04,347 - INFO - Considering primers from all references
2021-04-03 11:37:07,893 - INFO - All done! Scheme created with 6 regions, 2 gaps, 62.05% coverage
2021-04-03 11:37:07,893 - INFO - Writing overlap_85/3H3MCR4_TK/3H3MCR4_TK.primer.bed
2021-04-03 11:37:07,894 - INFO - Writing overlap_85/3H3MCR4_TK/3H3MCR4_TK.insert.bed
2021-04-03 11:37:07,895 - INFO - Writing overlap_85/3H3MCR4_TK/3H3MCR4_TK.primer.tsv
2021-04-03 11:37:07,896 - INFO - Writing overlap_85/3H3MCR4_TK/3H3MCR4_TK.reference.fasta
2021-04-03 11:37:07,900 - INFO - Writing overlap_85/3H3MCR4_TK/3H3MCR4_TK.plot.pdf
2021-04-03 11:37:07,900 - INFO - Writing overlap_85/3H3MCR4_TK/3H3MCR4_TK.plot.svg
2021-04-03 11:37:07,919 - INFO - Writing overlap_85/3H3MCR4_TK/3H3MCR4_TK.report.json
2021-04-04 19:29:29,148 - INFO - Writing log to overlap_85/3H3MCR4_TK/3H3MCR4_TK.log
2021-04-04 19:29:29,167 - INFO - References:
 - 3H3MCR4_TK
2021-04-04 19:29:29,167 - INFO - Primary reference for coordinate system: 3H3MCR4_TK
2021-04-04 19:29:29,167 - INFO - Considering primers from all references
2021-04-04 19:29:33,225 - INFO - All done! Scheme created with 6 regions, 2 gaps, 62.05% coverage
2021-04-04 19:29:33,226 - INFO - Writing overlap_85/3H3MCR4_TK/3H3MCR4_TK.primer.bed
2021-04-04 19:29:33,229 - INFO - Writing overlap_85/3H3MCR4_TK/3H3MCR4_TK.insert.bed
2021-04-04 19:29:33,232 - INFO - Writing overlap_85/3H3MCR4_TK/3H3MCR4_TK.primer.tsv
2021-04-04 19:29:33,234 - INFO - Writing overlap_85/3H3MCR4_TK/3H3MCR4_TK.reference.fasta
2021-04-04 19:29:33,242 - INFO - Writing overlap_85/3H3MCR4_TK/3H3MCR4_TK.plot.pdf
2021-04-04 19:29:33,242 - INFO - Writing overlap_85/3H3MCR4_TK/3H3MCR4_TK.plot.svg
2021-04-04 19:29:33,267 - INFO - Writing overlap_85/3H3MCR4_TK/3H3MCR4_TK.report.json
